[0.018s] Invoking command in '/home/rassito/microros_ws/build/nav_msgs': CMAKE_PREFIX_PATH=/home/rassito/microros_ws/install/geometry_msgs:/home/rassito/microros_ws/install/std_msgs:/home/rassito/microros_ws/install/builtin_interfaces:/home/rassito/microros_ws/install/micro_ros_demos_rclc:/home/rassito/microros_ws/install/common_interfaces:/home/rassito/microros_ws/install/visualization_msgs:/home/rassito/microros_ws/install/action_msgs:/home/rassito/microros_ws/install/unique_identifier_msgs:/home/rassito/microros_ws/install/type_description_interfaces:/home/rassito/microros_ws/install/trajectory_msgs:/home/rassito/microros_ws/install/test_msgs:/home/rassito/microros_ws/install/test_interface_files:/home/rassito/microros_ws/install/stereo_msgs:/home/rassito/microros_ws/install/std_srvs:/home/rassito/microros_ws/install/shape_msgs:/home/rassito/microros_ws/install/sensor_msgs:/home/rassito/microros_ws/install/nav_msgs:/home/rassito/microros_ws/install/diagnostic_msgs:/home/rassito/microros_ws/install/actionlib_msgs:/home/rassito/microros_ws/install/statistics_msgs:/home/rassito/microros_ws/install/service_msgs:/home/rassito/microros_ws/install/rosidl_typesupport_microxrcedds_test_msg:/home/rassito/microros_ws/install/rosidl_typesupport_microxrcedds_cpp_tests:/home/rassito/microros_ws/install/rmw_microxrcedds:/home/rassito/microros_ws/install/rosidl_typesupport_microxrcedds_cpp:/home/rassito/microros_ws/install/rosidl_typesupport_microxrcedds_c_tests:/home/rassito/microros_ws/install/rosidl_typesupport_microxrcedds_c:/home/rassito/microros_ws/install/rosgraph_msgs:/home/rassito/microros_ws/install/rclc_parameter:/home/rassito/microros_ws/install/rclc:/home/rassito/microros_ws/install/composition_interfaces:/home/rassito/microros_ws/install/rcl_interfaces:/home/rassito/microros_ws/install/microxrcedds_client:/home/rassito/microros_ws/install/microcdr:/home/rassito/microros_ws/install/micro_ros_utilities:/home/rassito/microros_ws/install/micro_ros_setup:/home/rassito/microros_ws/install/micro_ros_agent:/home/rassito/microros_ws/install/micro_ros_msgs:/home/rassito/microros_ws/install/lifecycle_msgs:/home/rassito/microros_ws/install/example_interfaces:/home/rassito/microros_ws/install/complex_msgs:/opt/ros/jazzy/opt/sdformat_vendor:/opt/ros/jazzy/opt/gz_math_vendor:/opt/ros/jazzy/opt/gz_utils_vendor:/opt/ros/jazzy/opt/gz_tools_vendor:/opt/ros/jazzy/opt/gz_cmake_vendor:/home/rassito/microros_ws/install/sensor_msgs_py:/home/rassito/ros_ws/install/super_pkg:/opt/ros/jazzy DEBUGINFOD_URLS=https://debuginfod.ubuntu.com LD_LIBRARY_PATH=/home/rassito/microros_ws/install/geometry_msgs/lib:/home/rassito/microros_ws/install/std_msgs/lib:/home/rassito/microros_ws/install/builtin_interfaces/lib:/home/rassito/microros_ws/install/visualization_msgs/lib:/home/rassito/microros_ws/install/action_msgs/lib:/home/rassito/microros_ws/install/unique_identifier_msgs/lib:/home/rassito/microros_ws/install/type_description_interfaces/lib:/home/rassito/microros_ws/install/trajectory_msgs/lib:/home/rassito/microros_ws/install/test_msgs/lib:/home/rassito/microros_ws/install/stereo_msgs/lib:/home/rassito/microros_ws/install/std_srvs/lib:/home/rassito/microros_ws/install/shape_msgs/lib:/home/rassito/microros_ws/install/sensor_msgs/lib:/home/rassito/microros_ws/install/nav_msgs/lib:/home/rassito/microros_ws/install/diagnostic_msgs/lib:/home/rassito/microros_ws/install/actionlib_msgs/lib:/home/rassito/microros_ws/install/statistics_msgs/lib:/home/rassito/microros_ws/install/service_msgs/lib:/home/rassito/microros_ws/install/rmw_microxrcedds/lib:/home/rassito/microros_ws/install/rosidl_typesupport_microxrcedds_cpp/lib:/home/rassito/microros_ws/install/rosidl_typesupport_microxrcedds_c/lib:/home/rassito/microros_ws/install/rosgraph_msgs/lib:/home/rassito/microros_ws/install/rclc_parameter/lib:/home/rassito/microros_ws/install/rclc/lib:/home/rassito/microros_ws/install/composition_interfaces/lib:/home/rassito/microros_ws/install/rcl_interfaces/lib:/home/rassito/microros_ws/install/microxrcedds_client/lib:/home/rassito/microros_ws/install/microcdr/lib:/home/rassito/microros_ws/install/micro_ros_utilities/lib:/home/rassito/microros_ws/install/micro_ros_agent/lib:/home/rassito/microros_ws/install/micro_ros_msgs/lib:/home/rassito/microros_ws/install/lifecycle_msgs/lib:/home/rassito/microros_ws/install/example_interfaces/lib:/home/rassito/microros_ws/install/complex_msgs/lib:/opt/ros/jazzy/opt/sdformat_vendor/lib:/opt/ros/jazzy/opt/rviz_ogre_vendor/lib:/opt/ros/jazzy/lib/x86_64-linux-gnu:/opt/ros/jazzy/opt/gz_math_vendor/lib:/opt/ros/jazzy/opt/gz_utils_vendor/lib:/opt/ros/jazzy/opt/gz_tools_vendor/lib:/opt/ros/jazzy/opt/gz_cmake_vendor/lib:/opt/ros/jazzy/lib PYTHONPATH=/home/rassito/microros_ws/install/geometry_msgs/lib/python3.12/site-packages:/home/rassito/microros_ws/install/std_msgs/lib/python3.12/site-packages:/home/rassito/microros_ws/install/builtin_interfaces/lib/python3.12/site-packages:/home/rassito/microros_ws/install/visualization_msgs/lib/python3.12/site-packages:/home/rassito/microros_ws/install/action_msgs/lib/python3.12/site-packages:/home/rassito/microros_ws/install/unique_identifier_msgs/lib/python3.12/site-packages:/home/rassito/microros_ws/install/type_description_interfaces/lib/python3.12/site-packages:/home/rassito/microros_ws/install/trajectory_msgs/lib/python3.12/site-packages:/home/rassito/microros_ws/install/test_msgs/lib/python3.12/site-packages:/home/rassito/microros_ws/install/stereo_msgs/lib/python3.12/site-packages:/home/rassito/microros_ws/install/std_srvs/lib/python3.12/site-packages:/home/rassito/microros_ws/install/shape_msgs/lib/python3.12/site-packages:/home/rassito/microros_ws/install/sensor_msgs_py/lib/python3.12/site-packages:/home/rassito/microros_ws/install/sensor_msgs/lib/python3.12/site-packages:/home/rassito/microros_ws/install/nav_msgs/lib/python3.12/site-packages:/home/rassito/microros_ws/install/diagnostic_msgs/lib/python3.12/site-packages:/home/rassito/microros_ws/install/actionlib_msgs/lib/python3.12/site-packages:/home/rassito/microros_ws/install/statistics_msgs/lib/python3.12/site-packages:/home/rassito/microros_ws/install/service_msgs/lib/python3.12/site-packages:/home/rassito/microros_ws/install/rosidl_typesupport_microxrcedds_cpp/lib/python3.12/site-packages:/home/rassito/microros_ws/install/rosidl_typesupport_microxrcedds_c/lib/python3.12/site-packages:/home/rassito/microros_ws/install/rosgraph_msgs/lib/python3.12/site-packages:/home/rassito/microros_ws/install/composition_interfaces/lib/python3.12/site-packages:/home/rassito/microros_ws/install/rcl_interfaces/lib/python3.12/site-packages:/home/rassito/microros_ws/install/micro_ros_msgs/lib/python3.12/site-packages:/home/rassito/microros_ws/install/lifecycle_msgs/lib/python3.12/site-packages:/home/rassito/microros_ws/install/example_interfaces/lib/python3.12/site-packages:/home/rassito/microros_ws/install/complex_msgs/lib/python3.12/site-packages:/home/rassito/ros_ws/build/super_pkg:/home/rassito/ros_ws/install/super_pkg/lib/python3.12/site-packages:/opt/ros/jazzy/lib/python3.12/site-packages /usr/bin/cmake --build /home/rassito/microros_ws/build/nav_msgs -- -j16 -l16
[0.060s] [  1%] Built target nav_msgs__rosidl_generator_type_description
[0.072s] [  1%] Built target ament_cmake_python_copy_nav_msgs
[0.085s] [  1%] Built target nav_msgs__cpp
[0.115s] [ 22%] Built target nav_msgs__rosidl_generator_c
[0.172s] [ 30%] Built target nav_msgs__rosidl_typesupport_microxrcedds_cpp
[0.175s] [ 38%] Built target nav_msgs__rosidl_typesupport_introspection_cpp
[0.183s] [ 46%] Built target nav_msgs__rosidl_typesupport_cpp
[0.190s] [ 54%] Built target nav_msgs__rosidl_typesupport_c
[0.192s] [ 62%] Built target nav_msgs__rosidl_typesupport_fastrtps_c
[0.192s] [ 70%] Built target nav_msgs__rosidl_typesupport_microxrcedds_c
[0.194s] [ 78%] Built target nav_msgs__rosidl_typesupport_introspection_c
[0.197s] [ 86%] Built target nav_msgs__rosidl_typesupport_fastrtps_cpp
[0.225s] [ 86%] Built target nav_msgs
[0.252s] [ 87%] Built target nav_msgs__py
[0.292s] [ 94%] Built target nav_msgs__rosidl_generator_py
[0.327s] [ 96%] Built target nav_msgs_s__rosidl_typesupport_microxrcedds_c
[0.329s] [ 98%] Built target nav_msgs_s__rosidl_typesupport_fastrtps_c
[0.329s] [ 99%] Built target nav_msgs_s__rosidl_typesupport_introspection_c
[0.331s] [100%] Built target nav_msgs_s__rosidl_typesupport_c
[0.352s] running egg_info
[0.367s] writing nav_msgs.egg-info/PKG-INFO
[0.367s] writing dependency_links to nav_msgs.egg-info/dependency_links.txt
[0.367s] writing top-level names to nav_msgs.egg-info/top_level.txt
[0.410s] reading manifest file 'nav_msgs.egg-info/SOURCES.txt'
[0.411s] writing manifest file 'nav_msgs.egg-info/SOURCES.txt'
[0.435s] [100%] Built target ament_cmake_python_build_nav_msgs_egg
[0.445s] Invoked command in '/home/rassito/microros_ws/build/nav_msgs' returned '0': CMAKE_PREFIX_PATH=/home/rassito/microros_ws/install/geometry_msgs:/home/rassito/microros_ws/install/std_msgs:/home/rassito/microros_ws/install/builtin_interfaces:/home/rassito/microros_ws/install/micro_ros_demos_rclc:/home/rassito/microros_ws/install/common_interfaces:/home/rassito/microros_ws/install/visualization_msgs:/home/rassito/microros_ws/install/action_msgs:/home/rassito/microros_ws/install/unique_identifier_msgs:/home/rassito/microros_ws/install/type_description_interfaces:/home/rassito/microros_ws/install/trajectory_msgs:/home/rassito/microros_ws/install/test_msgs:/home/rassito/microros_ws/install/test_interface_files:/home/rassito/microros_ws/install/stereo_msgs:/home/rassito/microros_ws/install/std_srvs:/home/rassito/microros_ws/install/shape_msgs:/home/rassito/microros_ws/install/sensor_msgs:/home/rassito/microros_ws/install/nav_msgs:/home/rassito/microros_ws/install/diagnostic_msgs:/home/rassito/microros_ws/install/actionlib_msgs:/home/rassito/microros_ws/install/statistics_msgs:/home/rassito/microros_ws/install/service_msgs:/home/rassito/microros_ws/install/rosidl_typesupport_microxrcedds_test_msg:/home/rassito/microros_ws/install/rosidl_typesupport_microxrcedds_cpp_tests:/home/rassito/microros_ws/install/rmw_microxrcedds:/home/rassito/microros_ws/install/rosidl_typesupport_microxrcedds_cpp:/home/rassito/microros_ws/install/rosidl_typesupport_microxrcedds_c_tests:/home/rassito/microros_ws/install/rosidl_typesupport_microxrcedds_c:/home/rassito/microros_ws/install/rosgraph_msgs:/home/rassito/microros_ws/install/rclc_parameter:/home/rassito/microros_ws/install/rclc:/home/rassito/microros_ws/install/composition_interfaces:/home/rassito/microros_ws/install/rcl_interfaces:/home/rassito/microros_ws/install/microxrcedds_client:/home/rassito/microros_ws/install/microcdr:/home/rassito/microros_ws/install/micro_ros_utilities:/home/rassito/microros_ws/install/micro_ros_setup:/home/rassito/microros_ws/install/micro_ros_agent:/home/rassito/microros_ws/install/micro_ros_msgs:/home/rassito/microros_ws/install/lifecycle_msgs:/home/rassito/microros_ws/install/example_interfaces:/home/rassito/microros_ws/install/complex_msgs:/opt/ros/jazzy/opt/sdformat_vendor:/opt/ros/jazzy/opt/gz_math_vendor:/opt/ros/jazzy/opt/gz_utils_vendor:/opt/ros/jazzy/opt/gz_tools_vendor:/opt/ros/jazzy/opt/gz_cmake_vendor:/home/rassito/microros_ws/install/sensor_msgs_py:/home/rassito/ros_ws/install/super_pkg:/opt/ros/jazzy DEBUGINFOD_URLS=https://debuginfod.ubuntu.com LD_LIBRARY_PATH=/home/rassito/microros_ws/install/geometry_msgs/lib:/home/rassito/microros_ws/install/std_msgs/lib:/home/rassito/microros_ws/install/builtin_interfaces/lib:/home/rassito/microros_ws/install/visualization_msgs/lib:/home/rassito/microros_ws/install/action_msgs/lib:/home/rassito/microros_ws/install/unique_identifier_msgs/lib:/home/rassito/microros_ws/install/type_description_interfaces/lib:/home/rassito/microros_ws/install/trajectory_msgs/lib:/home/rassito/microros_ws/install/test_msgs/lib:/home/rassito/microros_ws/install/stereo_msgs/lib:/home/rassito/microros_ws/install/std_srvs/lib:/home/rassito/microros_ws/install/shape_msgs/lib:/home/rassito/microros_ws/install/sensor_msgs/lib:/home/rassito/microros_ws/install/nav_msgs/lib:/home/rassito/microros_ws/install/diagnostic_msgs/lib:/home/rassito/microros_ws/install/actionlib_msgs/lib:/home/rassito/microros_ws/install/statistics_msgs/lib:/home/rassito/microros_ws/install/service_msgs/lib:/home/rassito/microros_ws/install/rmw_microxrcedds/lib:/home/rassito/microros_ws/install/rosidl_typesupport_microxrcedds_cpp/lib:/home/rassito/microros_ws/install/rosidl_typesupport_microxrcedds_c/lib:/home/rassito/microros_ws/install/rosgraph_msgs/lib:/home/rassito/microros_ws/install/rclc_parameter/lib:/home/rassito/microros_ws/install/rclc/lib:/home/rassito/microros_ws/install/composition_interfaces/lib:/home/rassito/microros_ws/install/rcl_interfaces/lib:/home/rassito/microros_ws/install/microxrcedds_client/lib:/home/rassito/microros_ws/install/microcdr/lib:/home/rassito/microros_ws/install/micro_ros_utilities/lib:/home/rassito/microros_ws/install/micro_ros_agent/lib:/home/rassito/microros_ws/install/micro_ros_msgs/lib:/home/rassito/microros_ws/install/lifecycle_msgs/lib:/home/rassito/microros_ws/install/example_interfaces/lib:/home/rassito/microros_ws/install/complex_msgs/lib:/opt/ros/jazzy/opt/sdformat_vendor/lib:/opt/ros/jazzy/opt/rviz_ogre_vendor/lib:/opt/ros/jazzy/lib/x86_64-linux-gnu:/opt/ros/jazzy/opt/gz_math_vendor/lib:/opt/ros/jazzy/opt/gz_utils_vendor/lib:/opt/ros/jazzy/opt/gz_tools_vendor/lib:/opt/ros/jazzy/opt/gz_cmake_vendor/lib:/opt/ros/jazzy/lib PYTHONPATH=/home/rassito/microros_ws/install/geometry_msgs/lib/python3.12/site-packages:/home/rassito/microros_ws/install/std_msgs/lib/python3.12/site-packages:/home/rassito/microros_ws/install/builtin_interfaces/lib/python3.12/site-packages:/home/rassito/microros_ws/install/visualization_msgs/lib/python3.12/site-packages:/home/rassito/microros_ws/install/action_msgs/lib/python3.12/site-packages:/home/rassito/microros_ws/install/unique_identifier_msgs/lib/python3.12/site-packages:/home/rassito/microros_ws/install/type_description_interfaces/lib/python3.12/site-packages:/home/rassito/microros_ws/install/trajectory_msgs/lib/python3.12/site-packages:/home/rassito/microros_ws/install/test_msgs/lib/python3.12/site-packages:/home/rassito/microros_ws/install/stereo_msgs/lib/python3.12/site-packages:/home/rassito/microros_ws/install/std_srvs/lib/python3.12/site-packages:/home/rassito/microros_ws/install/shape_msgs/lib/python3.12/site-packages:/home/rassito/microros_ws/install/sensor_msgs_py/lib/python3.12/site-packages:/home/rassito/microros_ws/install/sensor_msgs/lib/python3.12/site-packages:/home/rassito/microros_ws/install/nav_msgs/lib/python3.12/site-packages:/home/rassito/microros_ws/install/diagnostic_msgs/lib/python3.12/site-packages:/home/rassito/microros_ws/install/actionlib_msgs/lib/python3.12/site-packages:/home/rassito/microros_ws/install/statistics_msgs/lib/python3.12/site-packages:/home/rassito/microros_ws/install/service_msgs/lib/python3.12/site-packages:/home/rassito/microros_ws/install/rosidl_typesupport_microxrcedds_cpp/lib/python3.12/site-packages:/home/rassito/microros_ws/install/rosidl_typesupport_microxrcedds_c/lib/python3.12/site-packages:/home/rassito/microros_ws/install/rosgraph_msgs/lib/python3.12/site-packages:/home/rassito/microros_ws/install/composition_interfaces/lib/python3.12/site-packages:/home/rassito/microros_ws/install/rcl_interfaces/lib/python3.12/site-packages:/home/rassito/microros_ws/install/micro_ros_msgs/lib/python3.12/site-packages:/home/rassito/microros_ws/install/lifecycle_msgs/lib/python3.12/site-packages:/home/rassito/microros_ws/install/example_interfaces/lib/python3.12/site-packages:/home/rassito/microros_ws/install/complex_msgs/lib/python3.12/site-packages:/home/rassito/ros_ws/build/super_pkg:/home/rassito/ros_ws/install/super_pkg/lib/python3.12/site-packages:/opt/ros/jazzy/lib/python3.12/site-packages /usr/bin/cmake --build /home/rassito/microros_ws/build/nav_msgs -- -j16 -l16
[0.446s] Invoking command in '/home/rassito/microros_ws/build/nav_msgs': CMAKE_PREFIX_PATH=/home/rassito/microros_ws/install/geometry_msgs:/home/rassito/microros_ws/install/std_msgs:/home/rassito/microros_ws/install/builtin_interfaces:/home/rassito/microros_ws/install/micro_ros_demos_rclc:/home/rassito/microros_ws/install/common_interfaces:/home/rassito/microros_ws/install/visualization_msgs:/home/rassito/microros_ws/install/action_msgs:/home/rassito/microros_ws/install/unique_identifier_msgs:/home/rassito/microros_ws/install/type_description_interfaces:/home/rassito/microros_ws/install/trajectory_msgs:/home/rassito/microros_ws/install/test_msgs:/home/rassito/microros_ws/install/test_interface_files:/home/rassito/microros_ws/install/stereo_msgs:/home/rassito/microros_ws/install/std_srvs:/home/rassito/microros_ws/install/shape_msgs:/home/rassito/microros_ws/install/sensor_msgs:/home/rassito/microros_ws/install/nav_msgs:/home/rassito/microros_ws/install/diagnostic_msgs:/home/rassito/microros_ws/install/actionlib_msgs:/home/rassito/microros_ws/install/statistics_msgs:/home/rassito/microros_ws/install/service_msgs:/home/rassito/microros_ws/install/rosidl_typesupport_microxrcedds_test_msg:/home/rassito/microros_ws/install/rosidl_typesupport_microxrcedds_cpp_tests:/home/rassito/microros_ws/install/rmw_microxrcedds:/home/rassito/microros_ws/install/rosidl_typesupport_microxrcedds_cpp:/home/rassito/microros_ws/install/rosidl_typesupport_microxrcedds_c_tests:/home/rassito/microros_ws/install/rosidl_typesupport_microxrcedds_c:/home/rassito/microros_ws/install/rosgraph_msgs:/home/rassito/microros_ws/install/rclc_parameter:/home/rassito/microros_ws/install/rclc:/home/rassito/microros_ws/install/composition_interfaces:/home/rassito/microros_ws/install/rcl_interfaces:/home/rassito/microros_ws/install/microxrcedds_client:/home/rassito/microros_ws/install/microcdr:/home/rassito/microros_ws/install/micro_ros_utilities:/home/rassito/microros_ws/install/micro_ros_setup:/home/rassito/microros_ws/install/micro_ros_agent:/home/rassito/microros_ws/install/micro_ros_msgs:/home/rassito/microros_ws/install/lifecycle_msgs:/home/rassito/microros_ws/install/example_interfaces:/home/rassito/microros_ws/install/complex_msgs:/opt/ros/jazzy/opt/sdformat_vendor:/opt/ros/jazzy/opt/gz_math_vendor:/opt/ros/jazzy/opt/gz_utils_vendor:/opt/ros/jazzy/opt/gz_tools_vendor:/opt/ros/jazzy/opt/gz_cmake_vendor:/home/rassito/microros_ws/install/sensor_msgs_py:/home/rassito/ros_ws/install/super_pkg:/opt/ros/jazzy DEBUGINFOD_URLS=https://debuginfod.ubuntu.com LD_LIBRARY_PATH=/home/rassito/microros_ws/install/geometry_msgs/lib:/home/rassito/microros_ws/install/std_msgs/lib:/home/rassito/microros_ws/install/builtin_interfaces/lib:/home/rassito/microros_ws/install/visualization_msgs/lib:/home/rassito/microros_ws/install/action_msgs/lib:/home/rassito/microros_ws/install/unique_identifier_msgs/lib:/home/rassito/microros_ws/install/type_description_interfaces/lib:/home/rassito/microros_ws/install/trajectory_msgs/lib:/home/rassito/microros_ws/install/test_msgs/lib:/home/rassito/microros_ws/install/stereo_msgs/lib:/home/rassito/microros_ws/install/std_srvs/lib:/home/rassito/microros_ws/install/shape_msgs/lib:/home/rassito/microros_ws/install/sensor_msgs/lib:/home/rassito/microros_ws/install/nav_msgs/lib:/home/rassito/microros_ws/install/diagnostic_msgs/lib:/home/rassito/microros_ws/install/actionlib_msgs/lib:/home/rassito/microros_ws/install/statistics_msgs/lib:/home/rassito/microros_ws/install/service_msgs/lib:/home/rassito/microros_ws/install/rmw_microxrcedds/lib:/home/rassito/microros_ws/install/rosidl_typesupport_microxrcedds_cpp/lib:/home/rassito/microros_ws/install/rosidl_typesupport_microxrcedds_c/lib:/home/rassito/microros_ws/install/rosgraph_msgs/lib:/home/rassito/microros_ws/install/rclc_parameter/lib:/home/rassito/microros_ws/install/rclc/lib:/home/rassito/microros_ws/install/composition_interfaces/lib:/home/rassito/microros_ws/install/rcl_interfaces/lib:/home/rassito/microros_ws/install/microxrcedds_client/lib:/home/rassito/microros_ws/install/microcdr/lib:/home/rassito/microros_ws/install/micro_ros_utilities/lib:/home/rassito/microros_ws/install/micro_ros_agent/lib:/home/rassito/microros_ws/install/micro_ros_msgs/lib:/home/rassito/microros_ws/install/lifecycle_msgs/lib:/home/rassito/microros_ws/install/example_interfaces/lib:/home/rassito/microros_ws/install/complex_msgs/lib:/opt/ros/jazzy/opt/sdformat_vendor/lib:/opt/ros/jazzy/opt/rviz_ogre_vendor/lib:/opt/ros/jazzy/lib/x86_64-linux-gnu:/opt/ros/jazzy/opt/gz_math_vendor/lib:/opt/ros/jazzy/opt/gz_utils_vendor/lib:/opt/ros/jazzy/opt/gz_tools_vendor/lib:/opt/ros/jazzy/opt/gz_cmake_vendor/lib:/opt/ros/jazzy/lib PYTHONPATH=/home/rassito/microros_ws/install/geometry_msgs/lib/python3.12/site-packages:/home/rassito/microros_ws/install/std_msgs/lib/python3.12/site-packages:/home/rassito/microros_ws/install/builtin_interfaces/lib/python3.12/site-packages:/home/rassito/microros_ws/install/visualization_msgs/lib/python3.12/site-packages:/home/rassito/microros_ws/install/action_msgs/lib/python3.12/site-packages:/home/rassito/microros_ws/install/unique_identifier_msgs/lib/python3.12/site-packages:/home/rassito/microros_ws/install/type_description_interfaces/lib/python3.12/site-packages:/home/rassito/microros_ws/install/trajectory_msgs/lib/python3.12/site-packages:/home/rassito/microros_ws/install/test_msgs/lib/python3.12/site-packages:/home/rassito/microros_ws/install/stereo_msgs/lib/python3.12/site-packages:/home/rassito/microros_ws/install/std_srvs/lib/python3.12/site-packages:/home/rassito/microros_ws/install/shape_msgs/lib/python3.12/site-packages:/home/rassito/microros_ws/install/sensor_msgs_py/lib/python3.12/site-packages:/home/rassito/microros_ws/install/sensor_msgs/lib/python3.12/site-packages:/home/rassito/microros_ws/install/nav_msgs/lib/python3.12/site-packages:/home/rassito/microros_ws/install/diagnostic_msgs/lib/python3.12/site-packages:/home/rassito/microros_ws/install/actionlib_msgs/lib/python3.12/site-packages:/home/rassito/microros_ws/install/statistics_msgs/lib/python3.12/site-packages:/home/rassito/microros_ws/install/service_msgs/lib/python3.12/site-packages:/home/rassito/microros_ws/install/rosidl_typesupport_microxrcedds_cpp/lib/python3.12/site-packages:/home/rassito/microros_ws/install/rosidl_typesupport_microxrcedds_c/lib/python3.12/site-packages:/home/rassito/microros_ws/install/rosgraph_msgs/lib/python3.12/site-packages:/home/rassito/microros_ws/install/composition_interfaces/lib/python3.12/site-packages:/home/rassito/microros_ws/install/rcl_interfaces/lib/python3.12/site-packages:/home/rassito/microros_ws/install/micro_ros_msgs/lib/python3.12/site-packages:/home/rassito/microros_ws/install/lifecycle_msgs/lib/python3.12/site-packages:/home/rassito/microros_ws/install/example_interfaces/lib/python3.12/site-packages:/home/rassito/microros_ws/install/complex_msgs/lib/python3.12/site-packages:/home/rassito/ros_ws/build/super_pkg:/home/rassito/ros_ws/install/super_pkg/lib/python3.12/site-packages:/opt/ros/jazzy/lib/python3.12/site-packages /usr/bin/cmake --install /home/rassito/microros_ws/build/nav_msgs
[0.454s] -- Install configuration: ""
[0.454s] -- Up-to-date: /home/rassito/microros_ws/install/nav_msgs/share/ament_index/resource_index/rosidl_interfaces/nav_msgs
[0.454s] -- Up-to-date: /home/rassito/microros_ws/install/nav_msgs/share/nav_msgs/msg/GridCells.json
[0.455s] -- Up-to-date: /home/rassito/microros_ws/install/nav_msgs/share/nav_msgs/msg/MapMetaData.json
[0.455s] -- Up-to-date: /home/rassito/microros_ws/install/nav_msgs/share/nav_msgs/msg/OccupancyGrid.json
[0.455s] -- Up-to-date: /home/rassito/microros_ws/install/nav_msgs/share/nav_msgs/msg/Odometry.json
[0.455s] -- Up-to-date: /home/rassito/microros_ws/install/nav_msgs/share/nav_msgs/msg/Path.json
[0.455s] -- Up-to-date: /home/rassito/microros_ws/install/nav_msgs/share/nav_msgs/srv/GetMap.json
[0.455s] -- Up-to-date: /home/rassito/microros_ws/install/nav_msgs/share/nav_msgs/srv/GetPlan.json
[0.455s] -- Up-to-date: /home/rassito/microros_ws/install/nav_msgs/share/nav_msgs/srv/LoadMap.json
[0.455s] -- Up-to-date: /home/rassito/microros_ws/install/nav_msgs/share/nav_msgs/srv/SetMap.json
[0.455s] -- Up-to-date: /home/rassito/microros_ws/install/nav_msgs/include/nav_msgs/nav_msgs
[0.455s] -- Up-to-date: /home/rassito/microros_ws/install/nav_msgs/include/nav_msgs/nav_msgs/srv
[0.455s] -- Up-to-date: /home/rassito/microros_ws/install/nav_msgs/include/nav_msgs/nav_msgs/srv/get_map.h
[0.455s] -- Up-to-date: /home/rassito/microros_ws/install/nav_msgs/include/nav_msgs/nav_msgs/srv/load_map.h
[0.455s] -- Up-to-date: /home/rassito/microros_ws/install/nav_msgs/include/nav_msgs/nav_msgs/srv/get_plan.h
[0.456s] -- Up-to-date: /home/rassito/microros_ws/install/nav_msgs/include/nav_msgs/nav_msgs/srv/detail
[0.456s] -- Up-to-date: /home/rassito/microros_ws/install/nav_msgs/include/nav_msgs/nav_msgs/srv/detail/load_map__description.c
[0.456s] -- Up-to-date: /home/rassito/microros_ws/install/nav_msgs/include/nav_msgs/nav_msgs/srv/detail/load_map__functions.c
[0.456s] -- Up-to-date: /home/rassito/microros_ws/install/nav_msgs/include/nav_msgs/nav_msgs/srv/detail/get_map__type_support.h
[0.456s] -- Up-to-date: /home/rassito/microros_ws/install/nav_msgs/include/nav_msgs/nav_msgs/srv/detail/load_map__struct.h
[0.456s] -- Up-to-date: /home/rassito/microros_ws/install/nav_msgs/include/nav_msgs/nav_msgs/srv/detail/set_map__struct.h
[0.456s] -- Installing: /home/rassito/microros_ws/install/nav_msgs/include/nav_msgs/nav_msgs/srv/detail/set_map__type_support.c
[0.456s] -- Up-to-date: /home/rassito/microros_ws/install/nav_msgs/include/nav_msgs/nav_msgs/srv/detail/set_map__description.c
[0.456s] -- Up-to-date: /home/rassito/microros_ws/install/nav_msgs/include/nav_msgs/nav_msgs/srv/detail/get_map__struct.h
[0.456s] -- Up-to-date: /home/rassito/microros_ws/install/nav_msgs/include/nav_msgs/nav_msgs/srv/detail/get_plan__struct.h
[0.456s] -- Up-to-date: /home/rassito/microros_ws/install/nav_msgs/include/nav_msgs/nav_msgs/srv/detail/set_map__type_support.h
[0.456s] -- Up-to-date: /home/rassito/microros_ws/install/nav_msgs/include/nav_msgs/nav_msgs/srv/detail/get_plan__type_support.h
[0.456s] -- Up-to-date: /home/rassito/microros_ws/install/nav_msgs/include/nav_msgs/nav_msgs/srv/detail/get_plan__description.c
[0.456s] -- Up-to-date: /home/rassito/microros_ws/install/nav_msgs/include/nav_msgs/nav_msgs/srv/detail/get_plan__functions.c
[0.456s] -- Up-to-date: /home/rassito/microros_ws/install/nav_msgs/include/nav_msgs/nav_msgs/srv/detail/get_map__functions.h
[0.456s] -- Up-to-date: /home/rassito/microros_ws/install/nav_msgs/include/nav_msgs/nav_msgs/srv/detail/set_map__functions.h
[0.456s] -- Up-to-date: /home/rassito/microros_ws/install/nav_msgs/include/nav_msgs/nav_msgs/srv/detail/get_map__description.c
[0.457s] -- Up-to-date: /home/rassito/microros_ws/install/nav_msgs/include/nav_msgs/nav_msgs/srv/detail/load_map__functions.h
[0.457s] -- Installing: /home/rassito/microros_ws/install/nav_msgs/include/nav_msgs/nav_msgs/srv/detail/get_plan__type_support.c
[0.457s] -- Up-to-date: /home/rassito/microros_ws/install/nav_msgs/include/nav_msgs/nav_msgs/srv/detail/get_plan__functions.h
[0.457s] -- Installing: /home/rassito/microros_ws/install/nav_msgs/include/nav_msgs/nav_msgs/srv/detail/get_map__type_support.c
[0.457s] -- Up-to-date: /home/rassito/microros_ws/install/nav_msgs/include/nav_msgs/nav_msgs/srv/detail/set_map__functions.c
[0.457s] -- Up-to-date: /home/rassito/microros_ws/install/nav_msgs/include/nav_msgs/nav_msgs/srv/detail/load_map__type_support.h
[0.457s] -- Up-to-date: /home/rassito/microros_ws/install/nav_msgs/include/nav_msgs/nav_msgs/srv/detail/get_map__functions.c
[0.457s] -- Installing: /home/rassito/microros_ws/install/nav_msgs/include/nav_msgs/nav_msgs/srv/detail/load_map__type_support.c
[0.457s] -- Up-to-date: /home/rassito/microros_ws/install/nav_msgs/include/nav_msgs/nav_msgs/srv/set_map.h
[0.457s] -- Up-to-date: /home/rassito/microros_ws/install/nav_msgs/include/nav_msgs/nav_msgs/msg
[0.457s] -- Up-to-date: /home/rassito/microros_ws/install/nav_msgs/include/nav_msgs/nav_msgs/msg/occupancy_grid.h
[0.457s] -- Up-to-date: /home/rassito/microros_ws/install/nav_msgs/include/nav_msgs/nav_msgs/msg/path.h
[0.457s] -- Up-to-date: /home/rassito/microros_ws/install/nav_msgs/include/nav_msgs/nav_msgs/msg/grid_cells.h
[0.457s] -- Up-to-date: /home/rassito/microros_ws/install/nav_msgs/include/nav_msgs/nav_msgs/msg/odometry.h
[0.457s] -- Up-to-date: /home/rassito/microros_ws/install/nav_msgs/include/nav_msgs/nav_msgs/msg/map_meta_data.h
[0.457s] -- Up-to-date: /home/rassito/microros_ws/install/nav_msgs/include/nav_msgs/nav_msgs/msg/detail
[0.457s] -- Up-to-date: /home/rassito/microros_ws/install/nav_msgs/include/nav_msgs/nav_msgs/msg/detail/grid_cells__struct.h
[0.457s] -- Up-to-date: /home/rassito/microros_ws/install/nav_msgs/include/nav_msgs/nav_msgs/msg/detail/path__struct.h
[0.457s] -- Up-to-date: /home/rassito/microros_ws/install/nav_msgs/include/nav_msgs/nav_msgs/msg/detail/map_meta_data__struct.h
[0.457s] -- Up-to-date: /home/rassito/microros_ws/install/nav_msgs/include/nav_msgs/nav_msgs/msg/detail/path__functions.c
[0.457s] -- Up-to-date: /home/rassito/microros_ws/install/nav_msgs/include/nav_msgs/nav_msgs/msg/detail/map_meta_data__type_support.h
[0.457s] -- Up-to-date: /home/rassito/microros_ws/install/nav_msgs/include/nav_msgs/nav_msgs/msg/detail/odometry__functions.c
[0.458s] -- Up-to-date: /home/rassito/microros_ws/install/nav_msgs/include/nav_msgs/nav_msgs/msg/detail/occupancy_grid__struct.h
[0.458s] -- Installing: /home/rassito/microros_ws/install/nav_msgs/include/nav_msgs/nav_msgs/msg/detail/occupancy_grid__type_support.c
[0.458s] -- Installing: /home/rassito/microros_ws/install/nav_msgs/include/nav_msgs/nav_msgs/msg/detail/odometry__type_support.c
[0.458s] -- Up-to-date: /home/rassito/microros_ws/install/nav_msgs/include/nav_msgs/nav_msgs/msg/detail/map_meta_data__functions.h
[0.458s] -- Installing: /home/rassito/microros_ws/install/nav_msgs/include/nav_msgs/nav_msgs/msg/detail/map_meta_data__type_support.c
[0.458s] -- Up-to-date: /home/rassito/microros_ws/install/nav_msgs/include/nav_msgs/nav_msgs/msg/detail/odometry__struct.h
[0.458s] -- Up-to-date: /home/rassito/microros_ws/install/nav_msgs/include/nav_msgs/nav_msgs/msg/detail/map_meta_data__description.c
[0.458s] -- Installing: /home/rassito/microros_ws/install/nav_msgs/include/nav_msgs/nav_msgs/msg/detail/path__type_support.c
[0.458s] -- Up-to-date: /home/rassito/microros_ws/install/nav_msgs/include/nav_msgs/nav_msgs/msg/detail/odometry__description.c
[0.458s] -- Up-to-date: /home/rassito/microros_ws/install/nav_msgs/include/nav_msgs/nav_msgs/msg/detail/occupancy_grid__type_support.h
[0.458s] -- Up-to-date: /home/rassito/microros_ws/install/nav_msgs/include/nav_msgs/nav_msgs/msg/detail/odometry__type_support.h
[0.458s] -- Up-to-date: /home/rassito/microros_ws/install/nav_msgs/include/nav_msgs/nav_msgs/msg/detail/occupancy_grid__functions.h
[0.459s] -- Up-to-date: /home/rassito/microros_ws/install/nav_msgs/include/nav_msgs/nav_msgs/msg/detail/odometry__functions.h
[0.459s] -- Up-to-date: /home/rassito/microros_ws/install/nav_msgs/include/nav_msgs/nav_msgs/msg/detail/path__type_support.h
[0.459s] -- Up-to-date: /home/rassito/microros_ws/install/nav_msgs/include/nav_msgs/nav_msgs/msg/detail/grid_cells__functions.h
[0.459s] -- Up-to-date: /home/rassito/microros_ws/install/nav_msgs/include/nav_msgs/nav_msgs/msg/detail/occupancy_grid__functions.c
[0.459s] -- Up-to-date: /home/rassito/microros_ws/install/nav_msgs/include/nav_msgs/nav_msgs/msg/detail/grid_cells__functions.c
[0.459s] -- Up-to-date: /home/rassito/microros_ws/install/nav_msgs/include/nav_msgs/nav_msgs/msg/detail/grid_cells__description.c
[0.459s] -- Up-to-date: /home/rassito/microros_ws/install/nav_msgs/include/nav_msgs/nav_msgs/msg/detail/path__functions.h
[0.459s] -- Up-to-date: /home/rassito/microros_ws/install/nav_msgs/include/nav_msgs/nav_msgs/msg/detail/map_meta_data__functions.c
[0.459s] -- Installing: /home/rassito/microros_ws/install/nav_msgs/include/nav_msgs/nav_msgs/msg/detail/grid_cells__type_support.c
[0.459s] -- Up-to-date: /home/rassito/microros_ws/install/nav_msgs/include/nav_msgs/nav_msgs/msg/detail/grid_cells__type_support.h
[0.459s] -- Up-to-date: /home/rassito/microros_ws/install/nav_msgs/include/nav_msgs/nav_msgs/msg/detail/path__description.c
[0.459s] -- Up-to-date: /home/rassito/microros_ws/install/nav_msgs/include/nav_msgs/nav_msgs/msg/detail/occupancy_grid__description.c
[0.459s] -- Up-to-date: /home/rassito/microros_ws/install/nav_msgs/include/nav_msgs/nav_msgs/msg/rosidl_generator_c__visibility_control.h
[0.459s] -- Up-to-date: /home/rassito/microros_ws/install/nav_msgs/share/nav_msgs/environment/library_path.sh
[0.459s] -- Up-to-date: /home/rassito/microros_ws/install/nav_msgs/share/nav_msgs/environment/library_path.dsv
[0.459s] -- Up-to-date: /home/rassito/microros_ws/install/nav_msgs/lib/libnav_msgs__rosidl_generator_c.so
[0.460s] -- Up-to-date: /home/rassito/microros_ws/install/nav_msgs/include/nav_msgs/nav_msgs
[0.460s] -- Up-to-date: /home/rassito/microros_ws/install/nav_msgs/include/nav_msgs/nav_msgs/srv
[0.460s] -- Up-to-date: /home/rassito/microros_ws/install/nav_msgs/include/nav_msgs/nav_msgs/srv/detail
[0.460s] -- Up-to-date: /home/rassito/microros_ws/install/nav_msgs/include/nav_msgs/nav_msgs/srv/detail/load_map__rosidl_typesupport_fastrtps_c.h
[0.460s] -- Up-to-date: /home/rassito/microros_ws/install/nav_msgs/include/nav_msgs/nav_msgs/srv/detail/set_map__rosidl_typesupport_fastrtps_c.h
[0.460s] -- Up-to-date: /home/rassito/microros_ws/install/nav_msgs/include/nav_msgs/nav_msgs/srv/detail/get_map__rosidl_typesupport_fastrtps_c.h
[0.460s] -- Up-to-date: /home/rassito/microros_ws/install/nav_msgs/include/nav_msgs/nav_msgs/srv/detail/get_plan__rosidl_typesupport_fastrtps_c.h
[0.460s] -- Up-to-date: /home/rassito/microros_ws/install/nav_msgs/include/nav_msgs/nav_msgs/msg
[0.460s] -- Up-to-date: /home/rassito/microros_ws/install/nav_msgs/include/nav_msgs/nav_msgs/msg/rosidl_typesupport_fastrtps_c__visibility_control.h
[0.460s] -- Up-to-date: /home/rassito/microros_ws/install/nav_msgs/include/nav_msgs/nav_msgs/msg/detail
[0.460s] -- Up-to-date: /home/rassito/microros_ws/install/nav_msgs/include/nav_msgs/nav_msgs/msg/detail/path__rosidl_typesupport_fastrtps_c.h
[0.460s] -- Up-to-date: /home/rassito/microros_ws/install/nav_msgs/include/nav_msgs/nav_msgs/msg/detail/map_meta_data__rosidl_typesupport_fastrtps_c.h
[0.460s] -- Up-to-date: /home/rassito/microros_ws/install/nav_msgs/include/nav_msgs/nav_msgs/msg/detail/odometry__rosidl_typesupport_fastrtps_c.h
[0.460s] -- Up-to-date: /home/rassito/microros_ws/install/nav_msgs/include/nav_msgs/nav_msgs/msg/detail/occupancy_grid__rosidl_typesupport_fastrtps_c.h
[0.460s] -- Up-to-date: /home/rassito/microros_ws/install/nav_msgs/include/nav_msgs/nav_msgs/msg/detail/grid_cells__rosidl_typesupport_fastrtps_c.h
[0.460s] -- Up-to-date: /home/rassito/microros_ws/install/nav_msgs/lib/libnav_msgs__rosidl_typesupport_fastrtps_c.so
[0.460s] -- Up-to-date: /home/rassito/microros_ws/install/nav_msgs/include/nav_msgs/nav_msgs
[0.460s] -- Up-to-date: /home/rassito/microros_ws/install/nav_msgs/include/nav_msgs/nav_msgs/srv
[0.461s] -- Up-to-date: /home/rassito/microros_ws/install/nav_msgs/include/nav_msgs/nav_msgs/srv/load_map.hpp
[0.461s] -- Up-to-date: /home/rassito/microros_ws/install/nav_msgs/include/nav_msgs/nav_msgs/srv/set_map.hpp
[0.461s] -- Up-to-date: /home/rassito/microros_ws/install/nav_msgs/include/nav_msgs/nav_msgs/srv/get_map.hpp
[0.461s] -- Up-to-date: /home/rassito/microros_ws/install/nav_msgs/include/nav_msgs/nav_msgs/srv/get_plan.hpp
[0.461s] -- Up-to-date: /home/rassito/microros_ws/install/nav_msgs/include/nav_msgs/nav_msgs/srv/detail
[0.461s] -- Up-to-date: /home/rassito/microros_ws/install/nav_msgs/include/nav_msgs/nav_msgs/srv/detail/load_map__struct.hpp
[0.461s] -- Up-to-date: /home/rassito/microros_ws/install/nav_msgs/include/nav_msgs/nav_msgs/srv/detail/set_map__traits.hpp
[0.461s] -- Up-to-date: /home/rassito/microros_ws/install/nav_msgs/include/nav_msgs/nav_msgs/srv/detail/load_map__builder.hpp
[0.461s] -- Up-to-date: /home/rassito/microros_ws/install/nav_msgs/include/nav_msgs/nav_msgs/srv/detail/load_map__type_support.hpp
[0.461s] -- Up-to-date: /home/rassito/microros_ws/install/nav_msgs/include/nav_msgs/nav_msgs/srv/detail/get_map__builder.hpp
[0.461s] -- Up-to-date: /home/rassito/microros_ws/install/nav_msgs/include/nav_msgs/nav_msgs/srv/detail/get_plan__builder.hpp
[0.461s] -- Up-to-date: /home/rassito/microros_ws/install/nav_msgs/include/nav_msgs/nav_msgs/srv/detail/get_map__struct.hpp
[0.461s] -- Up-to-date: /home/rassito/microros_ws/install/nav_msgs/include/nav_msgs/nav_msgs/srv/detail/get_plan__traits.hpp
[0.461s] -- Up-to-date: /home/rassito/microros_ws/install/nav_msgs/include/nav_msgs/nav_msgs/srv/detail/set_map__type_support.hpp
[0.461s] -- Up-to-date: /home/rassito/microros_ws/install/nav_msgs/include/nav_msgs/nav_msgs/srv/detail/get_plan__type_support.hpp
[0.461s] -- Up-to-date: /home/rassito/microros_ws/install/nav_msgs/include/nav_msgs/nav_msgs/srv/detail/set_map__builder.hpp
[0.461s] -- Up-to-date: /home/rassito/microros_ws/install/nav_msgs/include/nav_msgs/nav_msgs/srv/detail/get_plan__struct.hpp
[0.461s] -- Up-to-date: /home/rassito/microros_ws/install/nav_msgs/include/nav_msgs/nav_msgs/srv/detail/get_map__traits.hpp
[0.461s] -- Up-to-date: /home/rassito/microros_ws/install/nav_msgs/include/nav_msgs/nav_msgs/srv/detail/get_map__type_support.hpp
[0.461s] -- Up-to-date: /home/rassito/microros_ws/install/nav_msgs/include/nav_msgs/nav_msgs/srv/detail/load_map__traits.hpp
[0.461s] -- Up-to-date: /home/rassito/microros_ws/install/nav_msgs/include/nav_msgs/nav_msgs/srv/detail/set_map__struct.hpp
[0.461s] -- Up-to-date: /home/rassito/microros_ws/install/nav_msgs/include/nav_msgs/nav_msgs/msg
[0.462s] -- Up-to-date: /home/rassito/microros_ws/install/nav_msgs/include/nav_msgs/nav_msgs/msg/rosidl_generator_cpp__visibility_control.hpp
[0.462s] -- Up-to-date: /home/rassito/microros_ws/install/nav_msgs/include/nav_msgs/nav_msgs/msg/path.hpp
[0.462s] -- Up-to-date: /home/rassito/microros_ws/install/nav_msgs/include/nav_msgs/nav_msgs/msg/odometry.hpp
[0.462s] -- Up-to-date: /home/rassito/microros_ws/install/nav_msgs/include/nav_msgs/nav_msgs/msg/occupancy_grid.hpp
[0.462s] -- Up-to-date: /home/rassito/microros_ws/install/nav_msgs/include/nav_msgs/nav_msgs/msg/grid_cells.hpp
[0.462s] -- Up-to-date: /home/rassito/microros_ws/install/nav_msgs/include/nav_msgs/nav_msgs/msg/map_meta_data.hpp
[0.462s] -- Up-to-date: /home/rassito/microros_ws/install/nav_msgs/include/nav_msgs/nav_msgs/msg/detail
[0.462s] -- Up-to-date: /home/rassito/microros_ws/install/nav_msgs/include/nav_msgs/nav_msgs/msg/detail/odometry__builder.hpp
[0.462s] -- Up-to-date: /home/rassito/microros_ws/install/nav_msgs/include/nav_msgs/nav_msgs/msg/detail/map_meta_data__traits.hpp
[0.462s] -- Up-to-date: /home/rassito/microros_ws/install/nav_msgs/include/nav_msgs/nav_msgs/msg/detail/grid_cells__struct.hpp
[0.462s] -- Up-to-date: /home/rassito/microros_ws/install/nav_msgs/include/nav_msgs/nav_msgs/msg/detail/map_meta_data__builder.hpp
[0.462s] -- Up-to-date: /home/rassito/microros_ws/install/nav_msgs/include/nav_msgs/nav_msgs/msg/detail/path__type_support.hpp
[0.462s] -- Up-to-date: /home/rassito/microros_ws/install/nav_msgs/include/nav_msgs/nav_msgs/msg/detail/occupancy_grid__traits.hpp
[0.462s] -- Up-to-date: /home/rassito/microros_ws/install/nav_msgs/include/nav_msgs/nav_msgs/msg/detail/grid_cells__builder.hpp
[0.462s] -- Up-to-date: /home/rassito/microros_ws/install/nav_msgs/include/nav_msgs/nav_msgs/msg/detail/path__struct.hpp
[0.462s] -- Up-to-date: /home/rassito/microros_ws/install/nav_msgs/include/nav_msgs/nav_msgs/msg/detail/grid_cells__traits.hpp
[0.463s] -- Up-to-date: /home/rassito/microros_ws/install/nav_msgs/include/nav_msgs/nav_msgs/msg/detail/path__traits.hpp
[0.463s] -- Up-to-date: /home/rassito/microros_ws/install/nav_msgs/include/nav_msgs/nav_msgs/msg/detail/grid_cells__type_support.hpp
[0.463s] -- Up-to-date: /home/rassito/microros_ws/install/nav_msgs/include/nav_msgs/nav_msgs/msg/detail/odometry__struct.hpp
[0.463s] -- Up-to-date: /home/rassito/microros_ws/install/nav_msgs/include/nav_msgs/nav_msgs/msg/detail/occupancy_grid__builder.hpp
[0.463s] -- Up-to-date: /home/rassito/microros_ws/install/nav_msgs/include/nav_msgs/nav_msgs/msg/detail/path__builder.hpp
[0.463s] -- Up-to-date: /home/rassito/microros_ws/install/nav_msgs/include/nav_msgs/nav_msgs/msg/detail/map_meta_data__type_support.hpp
[0.463s] -- Up-to-date: /home/rassito/microros_ws/install/nav_msgs/include/nav_msgs/nav_msgs/msg/detail/odometry__traits.hpp
[0.463s] -- Up-to-date: /home/rassito/microros_ws/install/nav_msgs/include/nav_msgs/nav_msgs/msg/detail/odometry__type_support.hpp
[0.463s] -- Up-to-date: /home/rassito/microros_ws/install/nav_msgs/include/nav_msgs/nav_msgs/msg/detail/occupancy_grid__type_support.hpp
[0.463s] -- Up-to-date: /home/rassito/microros_ws/install/nav_msgs/include/nav_msgs/nav_msgs/msg/detail/map_meta_data__struct.hpp
[0.463s] -- Up-to-date: /home/rassito/microros_ws/install/nav_msgs/include/nav_msgs/nav_msgs/msg/detail/occupancy_grid__struct.hpp
[0.463s] -- Up-to-date: /home/rassito/microros_ws/install/nav_msgs/include/nav_msgs/nav_msgs
[0.463s] -- Up-to-date: /home/rassito/microros_ws/install/nav_msgs/include/nav_msgs/nav_msgs/srv
[0.463s] -- Up-to-date: /home/rassito/microros_ws/install/nav_msgs/include/nav_msgs/nav_msgs/srv/detail
[0.463s] -- Up-to-date: /home/rassito/microros_ws/install/nav_msgs/include/nav_msgs/nav_msgs/srv/detail/load_map__rosidl_typesupport_fastrtps_cpp.hpp
[0.463s] -- Up-to-date: /home/rassito/microros_ws/install/nav_msgs/include/nav_msgs/nav_msgs/srv/detail/set_map__rosidl_typesupport_fastrtps_cpp.hpp
[0.463s] -- Up-to-date: /home/rassito/microros_ws/install/nav_msgs/include/nav_msgs/nav_msgs/srv/detail/get_plan__rosidl_typesupport_fastrtps_cpp.hpp
[0.463s] -- Up-to-date: /home/rassito/microros_ws/install/nav_msgs/include/nav_msgs/nav_msgs/srv/detail/get_map__rosidl_typesupport_fastrtps_cpp.hpp
[0.464s] -- Up-to-date: /home/rassito/microros_ws/install/nav_msgs/include/nav_msgs/nav_msgs/srv/detail/dds_fastrtps
[0.464s] -- Up-to-date: /home/rassito/microros_ws/install/nav_msgs/include/nav_msgs/nav_msgs/msg
[0.464s] -- Up-to-date: /home/rassito/microros_ws/install/nav_msgs/include/nav_msgs/nav_msgs/msg/rosidl_typesupport_fastrtps_cpp__visibility_control.h
[0.464s] -- Up-to-date: /home/rassito/microros_ws/install/nav_msgs/include/nav_msgs/nav_msgs/msg/detail
[0.464s] -- Up-to-date: /home/rassito/microros_ws/install/nav_msgs/include/nav_msgs/nav_msgs/msg/detail/map_meta_data__rosidl_typesupport_fastrtps_cpp.hpp
[0.464s] -- Up-to-date: /home/rassito/microros_ws/install/nav_msgs/include/nav_msgs/nav_msgs/msg/detail/grid_cells__rosidl_typesupport_fastrtps_cpp.hpp
[0.464s] -- Up-to-date: /home/rassito/microros_ws/install/nav_msgs/include/nav_msgs/nav_msgs/msg/detail/occupancy_grid__rosidl_typesupport_fastrtps_cpp.hpp
[0.464s] -- Up-to-date: /home/rassito/microros_ws/install/nav_msgs/include/nav_msgs/nav_msgs/msg/detail/odometry__rosidl_typesupport_fastrtps_cpp.hpp
[0.464s] -- Up-to-date: /home/rassito/microros_ws/install/nav_msgs/include/nav_msgs/nav_msgs/msg/detail/path__rosidl_typesupport_fastrtps_cpp.hpp
[0.464s] -- Up-to-date: /home/rassito/microros_ws/install/nav_msgs/include/nav_msgs/nav_msgs/msg/detail/dds_fastrtps
[0.464s] -- Up-to-date: /home/rassito/microros_ws/install/nav_msgs/lib/libnav_msgs__rosidl_typesupport_fastrtps_cpp.so
[0.464s] -- Up-to-date: /home/rassito/microros_ws/install/nav_msgs/include/nav_msgs
[0.464s] -- Up-to-date: /home/rassito/microros_ws/install/nav_msgs/include/nav_msgs/srv
[0.464s] -- Up-to-date: /home/rassito/microros_ws/install/nav_msgs/include/nav_msgs/srv/detail
[0.464s] -- Up-to-date: /home/rassito/microros_ws/install/nav_msgs/include/nav_msgs/srv/detail/get_map__rosidl_typesupport_microxrcedds_c.h
[0.464s] -- Up-to-date: /home/rassito/microros_ws/install/nav_msgs/include/nav_msgs/srv/detail/microxrcedds
[0.464s] -- Up-to-date: /home/rassito/microros_ws/install/nav_msgs/include/nav_msgs/srv/detail/load_map__rosidl_typesupport_microxrcedds_c.h
[0.464s] -- Up-to-date: /home/rassito/microros_ws/install/nav_msgs/include/nav_msgs/srv/detail/set_map__rosidl_typesupport_microxrcedds_c.h
[0.464s] -- Up-to-date: /home/rassito/microros_ws/install/nav_msgs/include/nav_msgs/srv/detail/get_plan__rosidl_typesupport_microxrcedds_c.h
[0.465s] -- Up-to-date: /home/rassito/microros_ws/install/nav_msgs/include/nav_msgs/msg
[0.465s] -- Up-to-date: /home/rassito/microros_ws/install/nav_msgs/include/nav_msgs/msg/detail
[0.465s] -- Up-to-date: /home/rassito/microros_ws/install/nav_msgs/include/nav_msgs/msg/detail/microxrcedds
[0.465s] -- Up-to-date: /home/rassito/microros_ws/install/nav_msgs/include/nav_msgs/msg/detail/path__rosidl_typesupport_microxrcedds_c.h
[0.465s] -- Up-to-date: /home/rassito/microros_ws/install/nav_msgs/include/nav_msgs/msg/detail/odometry__rosidl_typesupport_microxrcedds_c.h
[0.465s] -- Up-to-date: /home/rassito/microros_ws/install/nav_msgs/include/nav_msgs/msg/detail/grid_cells__rosidl_typesupport_microxrcedds_c.h
[0.465s] -- Up-to-date: /home/rassito/microros_ws/install/nav_msgs/include/nav_msgs/msg/detail/map_meta_data__rosidl_typesupport_microxrcedds_c.h
[0.465s] -- Up-to-date: /home/rassito/microros_ws/install/nav_msgs/include/nav_msgs/msg/detail/occupancy_grid__rosidl_typesupport_microxrcedds_c.h
[0.465s] -- Up-to-date: /home/rassito/microros_ws/install/nav_msgs/include/nav_msgs/msg/rosidl_typesupport_microxrcedds_c__visibility_control.h
[0.465s] -- Up-to-date: /home/rassito/microros_ws/install/nav_msgs/lib/libnav_msgs__rosidl_typesupport_microxrcedds_c.so
[0.465s] -- Up-to-date: /home/rassito/microros_ws/install/nav_msgs/include/nav_msgs/nav_msgs
[0.465s] -- Up-to-date: /home/rassito/microros_ws/install/nav_msgs/include/nav_msgs/nav_msgs/srv
[0.465s] -- Up-to-date: /home/rassito/microros_ws/install/nav_msgs/include/nav_msgs/nav_msgs/srv/detail
[0.465s] -- Installing: /home/rassito/microros_ws/install/nav_msgs/include/nav_msgs/nav_msgs/srv/detail/set_map__type_support.c
[0.465s] -- Up-to-date: /home/rassito/microros_ws/install/nav_msgs/include/nav_msgs/nav_msgs/srv/detail/load_map__rosidl_typesupport_introspection_c.h
[0.465s] -- Installing: /home/rassito/microros_ws/install/nav_msgs/include/nav_msgs/nav_msgs/srv/detail/get_plan__type_support.c
[0.465s] -- Installing: /home/rassito/microros_ws/install/nav_msgs/include/nav_msgs/nav_msgs/srv/detail/get_map__type_support.c
[0.465s] -- Up-to-date: /home/rassito/microros_ws/install/nav_msgs/include/nav_msgs/nav_msgs/srv/detail/set_map__rosidl_typesupport_introspection_c.h
[0.466s] -- Up-to-date: /home/rassito/microros_ws/install/nav_msgs/include/nav_msgs/nav_msgs/srv/detail/get_map__rosidl_typesupport_introspection_c.h
[0.466s] -- Installing: /home/rassito/microros_ws/install/nav_msgs/include/nav_msgs/nav_msgs/srv/detail/load_map__type_support.c
[0.466s] -- Up-to-date: /home/rassito/microros_ws/install/nav_msgs/include/nav_msgs/nav_msgs/srv/detail/get_plan__rosidl_typesupport_introspection_c.h
[0.466s] -- Up-to-date: /home/rassito/microros_ws/install/nav_msgs/include/nav_msgs/nav_msgs/msg
[0.466s] -- Up-to-date: /home/rassito/microros_ws/install/nav_msgs/include/nav_msgs/nav_msgs/msg/rosidl_typesupport_introspection_c__visibility_control.h
[0.466s] -- Up-to-date: /home/rassito/microros_ws/install/nav_msgs/include/nav_msgs/nav_msgs/msg/detail
[0.466s] -- Installing: /home/rassito/microros_ws/install/nav_msgs/include/nav_msgs/nav_msgs/msg/detail/occupancy_grid__type_support.c
[0.466s] -- Installing: /home/rassito/microros_ws/install/nav_msgs/include/nav_msgs/nav_msgs/msg/detail/odometry__type_support.c
[0.466s] -- Up-to-date: /home/rassito/microros_ws/install/nav_msgs/include/nav_msgs/nav_msgs/msg/detail/grid_cells__rosidl_typesupport_introspection_c.h
[0.466s] -- Installing: /home/rassito/microros_ws/install/nav_msgs/include/nav_msgs/nav_msgs/msg/detail/map_meta_data__type_support.c
[0.466s] -- Installing: /home/rassito/microros_ws/install/nav_msgs/include/nav_msgs/nav_msgs/msg/detail/path__type_support.c
[0.466s] -- Up-to-date: /home/rassito/microros_ws/install/nav_msgs/include/nav_msgs/nav_msgs/msg/detail/occupancy_grid__rosidl_typesupport_introspection_c.h
[0.466s] -- Up-to-date: /home/rassito/microros_ws/install/nav_msgs/include/nav_msgs/nav_msgs/msg/detail/map_meta_data__rosidl_typesupport_introspection_c.h
[0.467s] -- Up-to-date: /home/rassito/microros_ws/install/nav_msgs/include/nav_msgs/nav_msgs/msg/detail/path__rosidl_typesupport_introspection_c.h
[0.467s] -- Up-to-date: /home/rassito/microros_ws/install/nav_msgs/include/nav_msgs/nav_msgs/msg/detail/odometry__rosidl_typesupport_introspection_c.h
[0.467s] -- Installing: /home/rassito/microros_ws/install/nav_msgs/include/nav_msgs/nav_msgs/msg/detail/grid_cells__type_support.c
[0.467s] -- Up-to-date: /home/rassito/microros_ws/install/nav_msgs/lib/libnav_msgs__rosidl_typesupport_introspection_c.so
[0.467s] -- Up-to-date: /home/rassito/microros_ws/install/nav_msgs/lib/libnav_msgs__rosidl_typesupport_c.so
[0.467s] -- Up-to-date: /home/rassito/microros_ws/install/nav_msgs/include/nav_msgs
[0.467s] -- Up-to-date: /home/rassito/microros_ws/install/nav_msgs/include/nav_msgs/srv
[0.467s] -- Up-to-date: /home/rassito/microros_ws/install/nav_msgs/include/nav_msgs/srv/detail
[0.467s] -- Up-to-date: /home/rassito/microros_ws/install/nav_msgs/include/nav_msgs/srv/detail/microxrcedds
[0.467s] -- Up-to-date: /home/rassito/microros_ws/install/nav_msgs/include/nav_msgs/srv/detail/microxrcedds/get_map__type_support_cpp.cpp
[0.467s] -- Up-to-date: /home/rassito/microros_ws/install/nav_msgs/include/nav_msgs/srv/detail/microxrcedds/set_map__type_support_cpp.cpp
[0.467s] -- Up-to-date: /home/rassito/microros_ws/install/nav_msgs/include/nav_msgs/srv/detail/microxrcedds/get_plan__type_support_cpp.cpp
[0.467s] -- Up-to-date: /home/rassito/microros_ws/install/nav_msgs/include/nav_msgs/srv/detail/microxrcedds/load_map__type_support_cpp.cpp
[0.467s] -- Up-to-date: /home/rassito/microros_ws/install/nav_msgs/include/nav_msgs/srv/detail/set_map__rosidl_typesupport_microxrcedds_cpp.hpp
[0.467s] -- Up-to-date: /home/rassito/microros_ws/install/nav_msgs/include/nav_msgs/srv/detail/get_map__rosidl_typesupport_microxrcedds_cpp.hpp
[0.467s] -- Up-to-date: /home/rassito/microros_ws/install/nav_msgs/include/nav_msgs/srv/detail/load_map__rosidl_typesupport_microxrcedds_cpp.hpp
[0.467s] -- Up-to-date: /home/rassito/microros_ws/install/nav_msgs/include/nav_msgs/srv/detail/get_plan__rosidl_typesupport_microxrcedds_cpp.hpp
[0.467s] -- Up-to-date: /home/rassito/microros_ws/install/nav_msgs/include/nav_msgs/msg
[0.467s] -- Up-to-date: /home/rassito/microros_ws/install/nav_msgs/include/nav_msgs/msg/rosidl_typesupport_microxrcedds_cpp__visibility_control.h
[0.467s] -- Up-to-date: /home/rassito/microros_ws/install/nav_msgs/include/nav_msgs/msg/detail
[0.467s] -- Up-to-date: /home/rassito/microros_ws/install/nav_msgs/include/nav_msgs/msg/detail/microxrcedds
[0.467s] -- Up-to-date: /home/rassito/microros_ws/install/nav_msgs/include/nav_msgs/msg/detail/microxrcedds/map_meta_data__type_support_cpp.cpp
[0.468s] -- Up-to-date: /home/rassito/microros_ws/install/nav_msgs/include/nav_msgs/msg/detail/microxrcedds/occupancy_grid__type_support_cpp.cpp
[0.468s] -- Up-to-date: /home/rassito/microros_ws/install/nav_msgs/include/nav_msgs/msg/detail/microxrcedds/path__type_support_cpp.cpp
[0.468s] -- Up-to-date: /home/rassito/microros_ws/install/nav_msgs/include/nav_msgs/msg/detail/microxrcedds/odometry__type_support_cpp.cpp
[0.468s] -- Up-to-date: /home/rassito/microros_ws/install/nav_msgs/include/nav_msgs/msg/detail/microxrcedds/grid_cells__type_support_cpp.cpp
[0.468s] -- Up-to-date: /home/rassito/microros_ws/install/nav_msgs/include/nav_msgs/msg/detail/path__rosidl_typesupport_microxrcedds_cpp.hpp
[0.468s] -- Up-to-date: /home/rassito/microros_ws/install/nav_msgs/include/nav_msgs/msg/detail/grid_cells__rosidl_typesupport_microxrcedds_cpp.hpp
[0.468s] -- Up-to-date: /home/rassito/microros_ws/install/nav_msgs/include/nav_msgs/msg/detail/odometry__rosidl_typesupport_microxrcedds_cpp.hpp
[0.468s] -- Up-to-date: /home/rassito/microros_ws/install/nav_msgs/include/nav_msgs/msg/detail/occupancy_grid__rosidl_typesupport_microxrcedds_cpp.hpp
[0.468s] -- Up-to-date: /home/rassito/microros_ws/install/nav_msgs/include/nav_msgs/msg/detail/map_meta_data__rosidl_typesupport_microxrcedds_cpp.hpp
[0.468s] -- Up-to-date: /home/rassito/microros_ws/install/nav_msgs/lib/libnav_msgs__rosidl_typesupport_microxrcedds_cpp.so
[0.468s] -- Up-to-date: /home/rassito/microros_ws/install/nav_msgs/include/nav_msgs/nav_msgs
[0.468s] -- Up-to-date: /home/rassito/microros_ws/install/nav_msgs/include/nav_msgs/nav_msgs/srv
[0.468s] -- Up-to-date: /home/rassito/microros_ws/install/nav_msgs/include/nav_msgs/nav_msgs/srv/detail
[0.468s] -- Up-to-date: /home/rassito/microros_ws/install/nav_msgs/include/nav_msgs/nav_msgs/srv/detail/get_plan__type_support.cpp
[0.468s] -- Up-to-date: /home/rassito/microros_ws/install/nav_msgs/include/nav_msgs/nav_msgs/srv/detail/load_map__type_support.cpp
[0.468s] -- Up-to-date: /home/rassito/microros_ws/install/nav_msgs/include/nav_msgs/nav_msgs/srv/detail/get_map__rosidl_typesupport_introspection_cpp.hpp
[0.468s] -- Up-to-date: /home/rassito/microros_ws/install/nav_msgs/include/nav_msgs/nav_msgs/srv/detail/set_map__rosidl_typesupport_introspection_cpp.hpp
[0.468s] -- Up-to-date: /home/rassito/microros_ws/install/nav_msgs/include/nav_msgs/nav_msgs/srv/detail/load_map__rosidl_typesupport_introspection_cpp.hpp
[0.468s] -- Up-to-date: /home/rassito/microros_ws/install/nav_msgs/include/nav_msgs/nav_msgs/srv/detail/get_map__type_support.cpp
[0.468s] -- Up-to-date: /home/rassito/microros_ws/install/nav_msgs/include/nav_msgs/nav_msgs/srv/detail/get_plan__rosidl_typesupport_introspection_cpp.hpp
[0.468s] -- Up-to-date: /home/rassito/microros_ws/install/nav_msgs/include/nav_msgs/nav_msgs/srv/detail/set_map__type_support.cpp
[0.468s] -- Up-to-date: /home/rassito/microros_ws/install/nav_msgs/include/nav_msgs/nav_msgs/msg
[0.469s] -- Up-to-date: /home/rassito/microros_ws/install/nav_msgs/include/nav_msgs/nav_msgs/msg/detail
[0.469s] -- Up-to-date: /home/rassito/microros_ws/install/nav_msgs/include/nav_msgs/nav_msgs/msg/detail/odometry__rosidl_typesupport_introspection_cpp.hpp
[0.469s] -- Up-to-date: /home/rassito/microros_ws/install/nav_msgs/include/nav_msgs/nav_msgs/msg/detail/odometry__type_support.cpp
[0.469s] -- Up-to-date: /home/rassito/microros_ws/install/nav_msgs/include/nav_msgs/nav_msgs/msg/detail/map_meta_data__rosidl_typesupport_introspection_cpp.hpp
[0.469s] -- Up-to-date: /home/rassito/microros_ws/install/nav_msgs/include/nav_msgs/nav_msgs/msg/detail/map_meta_data__type_support.cpp
[0.469s] -- Up-to-date: /home/rassito/microros_ws/install/nav_msgs/include/nav_msgs/nav_msgs/msg/detail/path__type_support.cpp
[0.469s] -- Up-to-date: /home/rassito/microros_ws/install/nav_msgs/include/nav_msgs/nav_msgs/msg/detail/path__rosidl_typesupport_introspection_cpp.hpp
[0.469s] -- Up-to-date: /home/rassito/microros_ws/install/nav_msgs/include/nav_msgs/nav_msgs/msg/detail/grid_cells__rosidl_typesupport_introspection_cpp.hpp
[0.469s] -- Up-to-date: /home/rassito/microros_ws/install/nav_msgs/include/nav_msgs/nav_msgs/msg/detail/occupancy_grid__rosidl_typesupport_introspection_cpp.hpp
[0.469s] -- Up-to-date: /home/rassito/microros_ws/install/nav_msgs/include/nav_msgs/nav_msgs/msg/detail/occupancy_grid__type_support.cpp
[0.469s] -- Up-to-date: /home/rassito/microros_ws/install/nav_msgs/include/nav_msgs/nav_msgs/msg/detail/grid_cells__type_support.cpp
[0.469s] -- Up-to-date: /home/rassito/microros_ws/install/nav_msgs/lib/libnav_msgs__rosidl_typesupport_introspection_cpp.so
[0.469s] -- Up-to-date: /home/rassito/microros_ws/install/nav_msgs/lib/libnav_msgs__rosidl_typesupport_cpp.so
[0.469s] -- Up-to-date: /home/rassito/microros_ws/install/nav_msgs/share/nav_msgs/environment/pythonpath.sh
[0.469s] -- Up-to-date: /home/rassito/microros_ws/install/nav_msgs/share/nav_msgs/environment/pythonpath.dsv
[0.469s] -- Up-to-date: /home/rassito/microros_ws/install/nav_msgs/lib/python3.12/site-packages/nav_msgs-5.3.5-py3.12.egg-info
[0.469s] -- Installing: /home/rassito/microros_ws/install/nav_msgs/lib/python3.12/site-packages/nav_msgs-5.3.5-py3.12.egg-info/top_level.txt
[0.469s] -- Installing: /home/rassito/microros_ws/install/nav_msgs/lib/python3.12/site-packages/nav_msgs-5.3.5-py3.12.egg-info/PKG-INFO
[0.469s] -- Installing: /home/rassito/microros_ws/install/nav_msgs/lib/python3.12/site-packages/nav_msgs-5.3.5-py3.12.egg-info/dependency_links.txt
[0.469s] -- Installing: /home/rassito/microros_ws/install/nav_msgs/lib/python3.12/site-packages/nav_msgs-5.3.5-py3.12.egg-info/SOURCES.txt
[0.469s] -- Up-to-date: /home/rassito/microros_ws/install/nav_msgs/lib/python3.12/site-packages/nav_msgs
[0.470s] -- Up-to-date: /home/rassito/microros_ws/install/nav_msgs/lib/python3.12/site-packages/nav_msgs/nav_msgs_s__rosidl_typesupport_fastrtps_c.so
[0.470s] -- Up-to-date: /home/rassito/microros_ws/install/nav_msgs/lib/python3.12/site-packages/nav_msgs/_nav_msgs_s.ep.rosidl_typesupport_microxrcedds_c.c
[0.470s] -- Up-to-date: /home/rassito/microros_ws/install/nav_msgs/lib/python3.12/site-packages/nav_msgs/_nav_msgs_s.ep.rosidl_typesupport_fastrtps_c.c
[0.470s] -- Up-to-date: /home/rassito/microros_ws/install/nav_msgs/lib/python3.12/site-packages/nav_msgs/_nav_msgs_s.ep.rosidl_typesupport_introspection_c.c
[0.470s] -- Up-to-date: /home/rassito/microros_ws/install/nav_msgs/lib/python3.12/site-packages/nav_msgs/nav_msgs_s__rosidl_typesupport_microxrcedds_c.so
[0.470s] -- Up-to-date: /home/rassito/microros_ws/install/nav_msgs/lib/python3.12/site-packages/nav_msgs/nav_msgs_s__rosidl_typesupport_introspection_c.so
[0.470s] -- Up-to-date: /home/rassito/microros_ws/install/nav_msgs/lib/python3.12/site-packages/nav_msgs/_nav_msgs_s.ep.rosidl_typesupport_c.c
[0.470s] -- Up-to-date: /home/rassito/microros_ws/install/nav_msgs/lib/python3.12/site-packages/nav_msgs/srv
[0.470s] -- Up-to-date: /home/rassito/microros_ws/install/nav_msgs/lib/python3.12/site-packages/nav_msgs/srv/_get_plan_s.c
[0.470s] -- Up-to-date: /home/rassito/microros_ws/install/nav_msgs/lib/python3.12/site-packages/nav_msgs/srv/_set_map_s.c
[0.470s] -- Up-to-date: /home/rassito/microros_ws/install/nav_msgs/lib/python3.12/site-packages/nav_msgs/srv/_get_map.py
[0.470s] -- Up-to-date: /home/rassito/microros_ws/install/nav_msgs/lib/python3.12/site-packages/nav_msgs/srv/_load_map.py
[0.470s] -- Up-to-date: /home/rassito/microros_ws/install/nav_msgs/lib/python3.12/site-packages/nav_msgs/srv/_get_map_s.c
[0.470s] -- Up-to-date: /home/rassito/microros_ws/install/nav_msgs/lib/python3.12/site-packages/nav_msgs/srv/_set_map.py
[0.470s] -- Up-to-date: /home/rassito/microros_ws/install/nav_msgs/lib/python3.12/site-packages/nav_msgs/srv/_load_map_s.c
[0.470s] -- Up-to-date: /home/rassito/microros_ws/install/nav_msgs/lib/python3.12/site-packages/nav_msgs/srv/_get_plan.py
[0.470s] -- Up-to-date: /home/rassito/microros_ws/install/nav_msgs/lib/python3.12/site-packages/nav_msgs/srv/__init__.py
[0.470s] -- Up-to-date: /home/rassito/microros_ws/install/nav_msgs/lib/python3.12/site-packages/nav_msgs/nav_msgs_s__rosidl_typesupport_c.so
[0.470s] -- Up-to-date: /home/rassito/microros_ws/install/nav_msgs/lib/python3.12/site-packages/nav_msgs/msg
[0.471s] -- Up-to-date: /home/rassito/microros_ws/install/nav_msgs/lib/python3.12/site-packages/nav_msgs/msg/_path.py
[0.471s] -- Up-to-date: /home/rassito/microros_ws/install/nav_msgs/lib/python3.12/site-packages/nav_msgs/msg/_map_meta_data.py
[0.471s] -- Up-to-date: /home/rassito/microros_ws/install/nav_msgs/lib/python3.12/site-packages/nav_msgs/msg/_occupancy_grid_s.c
[0.471s] -- Up-to-date: /home/rassito/microros_ws/install/nav_msgs/lib/python3.12/site-packages/nav_msgs/msg/_grid_cells_s.c
[0.471s] -- Up-to-date: /home/rassito/microros_ws/install/nav_msgs/lib/python3.12/site-packages/nav_msgs/msg/_path_s.c
[0.471s] -- Up-to-date: /home/rassito/microros_ws/install/nav_msgs/lib/python3.12/site-packages/nav_msgs/msg/_odometry.py
[0.471s] -- Up-to-date: /home/rassito/microros_ws/install/nav_msgs/lib/python3.12/site-packages/nav_msgs/msg/_odometry_s.c
[0.471s] -- Up-to-date: /home/rassito/microros_ws/install/nav_msgs/lib/python3.12/site-packages/nav_msgs/msg/_occupancy_grid.py
[0.471s] -- Up-to-date: /home/rassito/microros_ws/install/nav_msgs/lib/python3.12/site-packages/nav_msgs/msg/_map_meta_data_s.c
[0.471s] -- Up-to-date: /home/rassito/microros_ws/install/nav_msgs/lib/python3.12/site-packages/nav_msgs/msg/_grid_cells.py
[0.471s] -- Up-to-date: /home/rassito/microros_ws/install/nav_msgs/lib/python3.12/site-packages/nav_msgs/msg/__init__.py
[0.471s] -- Up-to-date: /home/rassito/microros_ws/install/nav_msgs/lib/python3.12/site-packages/nav_msgs/__init__.py
[0.509s] Listing '/home/rassito/microros_ws/install/nav_msgs/lib/python3.12/site-packages/nav_msgs'...
[0.509s] Listing '/home/rassito/microros_ws/install/nav_msgs/lib/python3.12/site-packages/nav_msgs/msg'...
[0.509s] Listing '/home/rassito/microros_ws/install/nav_msgs/lib/python3.12/site-packages/nav_msgs/srv'...
[0.522s] -- Up-to-date: /home/rassito/microros_ws/install/nav_msgs/lib/python3.12/site-packages/nav_msgs/nav_msgs_s__rosidl_typesupport_microxrcedds_c.so
[0.522s] -- Up-to-date: /home/rassito/microros_ws/install/nav_msgs/lib/python3.12/site-packages/nav_msgs/nav_msgs_s__rosidl_typesupport_fastrtps_c.so
[0.522s] -- Up-to-date: /home/rassito/microros_ws/install/nav_msgs/lib/python3.12/site-packages/nav_msgs/nav_msgs_s__rosidl_typesupport_introspection_c.so
[0.522s] -- Up-to-date: /home/rassito/microros_ws/install/nav_msgs/lib/python3.12/site-packages/nav_msgs/nav_msgs_s__rosidl_typesupport_c.so
[0.522s] -- Up-to-date: /home/rassito/microros_ws/install/nav_msgs/lib/libnav_msgs__rosidl_generator_py.so
[0.522s] -- Up-to-date: /home/rassito/microros_ws/install/nav_msgs/share/nav_msgs/msg/GridCells.idl
[0.522s] -- Up-to-date: /home/rassito/microros_ws/install/nav_msgs/share/nav_msgs/msg/MapMetaData.idl
[0.522s] -- Up-to-date: /home/rassito/microros_ws/install/nav_msgs/share/nav_msgs/msg/OccupancyGrid.idl
[0.524s] -- Up-to-date: /home/rassito/microros_ws/install/nav_msgs/share/nav_msgs/msg/Odometry.idl
[0.524s] -- Up-to-date: /home/rassito/microros_ws/install/nav_msgs/share/nav_msgs/msg/Path.idl
[0.524s] -- Up-to-date: /home/rassito/microros_ws/install/nav_msgs/share/nav_msgs/srv/GetMap.idl
[0.524s] -- Up-to-date: /home/rassito/microros_ws/install/nav_msgs/share/nav_msgs/srv/GetPlan.idl
[0.527s] -- Up-to-date: /home/rassito/microros_ws/install/nav_msgs/share/nav_msgs/srv/LoadMap.idl
[0.527s] -- Up-to-date: /home/rassito/microros_ws/install/nav_msgs/share/nav_msgs/srv/SetMap.idl
[0.527s] -- Up-to-date: /home/rassito/microros_ws/install/nav_msgs/share/nav_msgs/msg/GridCells.msg
[0.527s] -- Up-to-date: /home/rassito/microros_ws/install/nav_msgs/share/nav_msgs/msg/MapMetaData.msg
[0.527s] -- Up-to-date: /home/rassito/microros_ws/install/nav_msgs/share/nav_msgs/msg/OccupancyGrid.msg
[0.527s] -- Up-to-date: /home/rassito/microros_ws/install/nav_msgs/share/nav_msgs/msg/Odometry.msg
[0.527s] -- Up-to-date: /home/rassito/microros_ws/install/nav_msgs/share/nav_msgs/msg/Path.msg
[0.528s] -- Up-to-date: /home/rassito/microros_ws/install/nav_msgs/share/nav_msgs/srv/GetMap.srv
[0.528s] -- Up-to-date: /home/rassito/microros_ws/install/nav_msgs/share/nav_msgs/srv/GetPlan.srv
[0.528s] -- Up-to-date: /home/rassito/microros_ws/install/nav_msgs/share/nav_msgs/srv/LoadMap.srv
[0.528s] -- Up-to-date: /home/rassito/microros_ws/install/nav_msgs/share/nav_msgs/srv/SetMap.srv
[0.529s] -- Up-to-date: /home/rassito/microros_ws/install/nav_msgs/share/ament_index/resource_index/package_run_dependencies/nav_msgs
[0.529s] -- Up-to-date: /home/rassito/microros_ws/install/nav_msgs/share/ament_index/resource_index/parent_prefix_path/nav_msgs
[0.529s] -- Up-to-date: /home/rassito/microros_ws/install/nav_msgs/share/nav_msgs/environment/ament_prefix_path.sh
[0.529s] -- Up-to-date: /home/rassito/microros_ws/install/nav_msgs/share/nav_msgs/environment/ament_prefix_path.dsv
[0.529s] -- Up-to-date: /home/rassito/microros_ws/install/nav_msgs/share/nav_msgs/environment/path.sh
[0.529s] -- Up-to-date: /home/rassito/microros_ws/install/nav_msgs/share/nav_msgs/environment/path.dsv
[0.529s] -- Up-to-date: /home/rassito/microros_ws/install/nav_msgs/share/nav_msgs/local_setup.bash
[0.529s] -- Up-to-date: /home/rassito/microros_ws/install/nav_msgs/share/nav_msgs/local_setup.sh
[0.529s] -- Up-to-date: /home/rassito/microros_ws/install/nav_msgs/share/nav_msgs/local_setup.zsh
[0.529s] -- Up-to-date: /home/rassito/microros_ws/install/nav_msgs/share/nav_msgs/local_setup.dsv
[0.529s] -- Installing: /home/rassito/microros_ws/install/nav_msgs/share/nav_msgs/package.dsv
[0.529s] -- Up-to-date: /home/rassito/microros_ws/install/nav_msgs/share/ament_index/resource_index/packages/nav_msgs
[0.529s] -- Up-to-date: /home/rassito/microros_ws/install/nav_msgs/share/nav_msgs/cmake/export_nav_msgs__rosidl_generator_cExport.cmake
[0.529s] -- Up-to-date: /home/rassito/microros_ws/install/nav_msgs/share/nav_msgs/cmake/export_nav_msgs__rosidl_generator_cExport-noconfig.cmake
[0.529s] -- Up-to-date: /home/rassito/microros_ws/install/nav_msgs/share/nav_msgs/cmake/export_nav_msgs__rosidl_typesupport_fastrtps_cExport.cmake
[0.529s] -- Up-to-date: /home/rassito/microros_ws/install/nav_msgs/share/nav_msgs/cmake/export_nav_msgs__rosidl_typesupport_fastrtps_cExport-noconfig.cmake
[0.529s] -- Up-to-date: /home/rassito/microros_ws/install/nav_msgs/share/nav_msgs/cmake/export_nav_msgs__rosidl_generator_cppExport.cmake
[0.529s] -- Up-to-date: /home/rassito/microros_ws/install/nav_msgs/share/nav_msgs/cmake/export_nav_msgs__rosidl_typesupport_fastrtps_cppExport.cmake
[0.530s] -- Up-to-date: /home/rassito/microros_ws/install/nav_msgs/share/nav_msgs/cmake/export_nav_msgs__rosidl_typesupport_fastrtps_cppExport-noconfig.cmake
[0.530s] -- Up-to-date: /home/rassito/microros_ws/install/nav_msgs/share/nav_msgs/cmake/nav_msgs__rosidl_typesupport_introspection_cExport.cmake
[0.530s] -- Up-to-date: /home/rassito/microros_ws/install/nav_msgs/share/nav_msgs/cmake/nav_msgs__rosidl_typesupport_introspection_cExport-noconfig.cmake
[0.530s] -- Up-to-date: /home/rassito/microros_ws/install/nav_msgs/share/nav_msgs/cmake/nav_msgs__rosidl_typesupport_cExport.cmake
[0.530s] -- Up-to-date: /home/rassito/microros_ws/install/nav_msgs/share/nav_msgs/cmake/nav_msgs__rosidl_typesupport_cExport-noconfig.cmake
[0.530s] -- Up-to-date: /home/rassito/microros_ws/install/nav_msgs/share/nav_msgs/cmake/nav_msgs__rosidl_typesupport_introspection_cppExport.cmake
[0.530s] -- Up-to-date: /home/rassito/microros_ws/install/nav_msgs/share/nav_msgs/cmake/nav_msgs__rosidl_typesupport_introspection_cppExport-noconfig.cmake
[0.530s] -- Up-to-date: /home/rassito/microros_ws/install/nav_msgs/share/nav_msgs/cmake/nav_msgs__rosidl_typesupport_cppExport.cmake
[0.530s] -- Up-to-date: /home/rassito/microros_ws/install/nav_msgs/share/nav_msgs/cmake/nav_msgs__rosidl_typesupport_cppExport-noconfig.cmake
[0.530s] -- Up-to-date: /home/rassito/microros_ws/install/nav_msgs/share/nav_msgs/cmake/export_nav_msgs__rosidl_generator_pyExport.cmake
[0.530s] -- Up-to-date: /home/rassito/microros_ws/install/nav_msgs/share/nav_msgs/cmake/export_nav_msgs__rosidl_generator_pyExport-noconfig.cmake
[0.530s] -- Up-to-date: /home/rassito/microros_ws/install/nav_msgs/share/nav_msgs/cmake/rosidl_cmake-extras.cmake
[0.530s] -- Up-to-date: /home/rassito/microros_ws/install/nav_msgs/share/nav_msgs/cmake/ament_cmake_export_dependencies-extras.cmake
[0.530s] -- Up-to-date: /home/rassito/microros_ws/install/nav_msgs/share/nav_msgs/cmake/ament_cmake_export_include_directories-extras.cmake
[0.530s] -- Up-to-date: /home/rassito/microros_ws/install/nav_msgs/share/nav_msgs/cmake/ament_cmake_export_libraries-extras.cmake
[0.530s] -- Up-to-date: /home/rassito/microros_ws/install/nav_msgs/share/nav_msgs/cmake/ament_cmake_export_targets-extras.cmake
[0.530s] -- Up-to-date: /home/rassito/microros_ws/install/nav_msgs/share/nav_msgs/cmake/rosidl_cmake_export_typesupport_targets-extras.cmake
[0.530s] -- Up-to-date: /home/rassito/microros_ws/install/nav_msgs/share/nav_msgs/cmake/rosidl_cmake_export_typesupport_libraries-extras.cmake
[0.530s] -- Up-to-date: /home/rassito/microros_ws/install/nav_msgs/share/nav_msgs/cmake/nav_msgsConfig.cmake
[0.530s] -- Up-to-date: /home/rassito/microros_ws/install/nav_msgs/share/nav_msgs/cmake/nav_msgsConfig-version.cmake
[0.530s] -- Up-to-date: /home/rassito/microros_ws/install/nav_msgs/share/nav_msgs/package.xml
[0.545s] Invoked command in '/home/rassito/microros_ws/build/nav_msgs' returned '0': CMAKE_PREFIX_PATH=/home/rassito/microros_ws/install/geometry_msgs:/home/rassito/microros_ws/install/std_msgs:/home/rassito/microros_ws/install/builtin_interfaces:/home/rassito/microros_ws/install/micro_ros_demos_rclc:/home/rassito/microros_ws/install/common_interfaces:/home/rassito/microros_ws/install/visualization_msgs:/home/rassito/microros_ws/install/action_msgs:/home/rassito/microros_ws/install/unique_identifier_msgs:/home/rassito/microros_ws/install/type_description_interfaces:/home/rassito/microros_ws/install/trajectory_msgs:/home/rassito/microros_ws/install/test_msgs:/home/rassito/microros_ws/install/test_interface_files:/home/rassito/microros_ws/install/stereo_msgs:/home/rassito/microros_ws/install/std_srvs:/home/rassito/microros_ws/install/shape_msgs:/home/rassito/microros_ws/install/sensor_msgs:/home/rassito/microros_ws/install/nav_msgs:/home/rassito/microros_ws/install/diagnostic_msgs:/home/rassito/microros_ws/install/actionlib_msgs:/home/rassito/microros_ws/install/statistics_msgs:/home/rassito/microros_ws/install/service_msgs:/home/rassito/microros_ws/install/rosidl_typesupport_microxrcedds_test_msg:/home/rassito/microros_ws/install/rosidl_typesupport_microxrcedds_cpp_tests:/home/rassito/microros_ws/install/rmw_microxrcedds:/home/rassito/microros_ws/install/rosidl_typesupport_microxrcedds_cpp:/home/rassito/microros_ws/install/rosidl_typesupport_microxrcedds_c_tests:/home/rassito/microros_ws/install/rosidl_typesupport_microxrcedds_c:/home/rassito/microros_ws/install/rosgraph_msgs:/home/rassito/microros_ws/install/rclc_parameter:/home/rassito/microros_ws/install/rclc:/home/rassito/microros_ws/install/composition_interfaces:/home/rassito/microros_ws/install/rcl_interfaces:/home/rassito/microros_ws/install/microxrcedds_client:/home/rassito/microros_ws/install/microcdr:/home/rassito/microros_ws/install/micro_ros_utilities:/home/rassito/microros_ws/install/micro_ros_setup:/home/rassito/microros_ws/install/micro_ros_agent:/home/rassito/microros_ws/install/micro_ros_msgs:/home/rassito/microros_ws/install/lifecycle_msgs:/home/rassito/microros_ws/install/example_interfaces:/home/rassito/microros_ws/install/complex_msgs:/opt/ros/jazzy/opt/sdformat_vendor:/opt/ros/jazzy/opt/gz_math_vendor:/opt/ros/jazzy/opt/gz_utils_vendor:/opt/ros/jazzy/opt/gz_tools_vendor:/opt/ros/jazzy/opt/gz_cmake_vendor:/home/rassito/microros_ws/install/sensor_msgs_py:/home/rassito/ros_ws/install/super_pkg:/opt/ros/jazzy DEBUGINFOD_URLS=https://debuginfod.ubuntu.com LD_LIBRARY_PATH=/home/rassito/microros_ws/install/geometry_msgs/lib:/home/rassito/microros_ws/install/std_msgs/lib:/home/rassito/microros_ws/install/builtin_interfaces/lib:/home/rassito/microros_ws/install/visualization_msgs/lib:/home/rassito/microros_ws/install/action_msgs/lib:/home/rassito/microros_ws/install/unique_identifier_msgs/lib:/home/rassito/microros_ws/install/type_description_interfaces/lib:/home/rassito/microros_ws/install/trajectory_msgs/lib:/home/rassito/microros_ws/install/test_msgs/lib:/home/rassito/microros_ws/install/stereo_msgs/lib:/home/rassito/microros_ws/install/std_srvs/lib:/home/rassito/microros_ws/install/shape_msgs/lib:/home/rassito/microros_ws/install/sensor_msgs/lib:/home/rassito/microros_ws/install/nav_msgs/lib:/home/rassito/microros_ws/install/diagnostic_msgs/lib:/home/rassito/microros_ws/install/actionlib_msgs/lib:/home/rassito/microros_ws/install/statistics_msgs/lib:/home/rassito/microros_ws/install/service_msgs/lib:/home/rassito/microros_ws/install/rmw_microxrcedds/lib:/home/rassito/microros_ws/install/rosidl_typesupport_microxrcedds_cpp/lib:/home/rassito/microros_ws/install/rosidl_typesupport_microxrcedds_c/lib:/home/rassito/microros_ws/install/rosgraph_msgs/lib:/home/rassito/microros_ws/install/rclc_parameter/lib:/home/rassito/microros_ws/install/rclc/lib:/home/rassito/microros_ws/install/composition_interfaces/lib:/home/rassito/microros_ws/install/rcl_interfaces/lib:/home/rassito/microros_ws/install/microxrcedds_client/lib:/home/rassito/microros_ws/install/microcdr/lib:/home/rassito/microros_ws/install/micro_ros_utilities/lib:/home/rassito/microros_ws/install/micro_ros_agent/lib:/home/rassito/microros_ws/install/micro_ros_msgs/lib:/home/rassito/microros_ws/install/lifecycle_msgs/lib:/home/rassito/microros_ws/install/example_interfaces/lib:/home/rassito/microros_ws/install/complex_msgs/lib:/opt/ros/jazzy/opt/sdformat_vendor/lib:/opt/ros/jazzy/opt/rviz_ogre_vendor/lib:/opt/ros/jazzy/lib/x86_64-linux-gnu:/opt/ros/jazzy/opt/gz_math_vendor/lib:/opt/ros/jazzy/opt/gz_utils_vendor/lib:/opt/ros/jazzy/opt/gz_tools_vendor/lib:/opt/ros/jazzy/opt/gz_cmake_vendor/lib:/opt/ros/jazzy/lib PYTHONPATH=/home/rassito/microros_ws/install/geometry_msgs/lib/python3.12/site-packages:/home/rassito/microros_ws/install/std_msgs/lib/python3.12/site-packages:/home/rassito/microros_ws/install/builtin_interfaces/lib/python3.12/site-packages:/home/rassito/microros_ws/install/visualization_msgs/lib/python3.12/site-packages:/home/rassito/microros_ws/install/action_msgs/lib/python3.12/site-packages:/home/rassito/microros_ws/install/unique_identifier_msgs/lib/python3.12/site-packages:/home/rassito/microros_ws/install/type_description_interfaces/lib/python3.12/site-packages:/home/rassito/microros_ws/install/trajectory_msgs/lib/python3.12/site-packages:/home/rassito/microros_ws/install/test_msgs/lib/python3.12/site-packages:/home/rassito/microros_ws/install/stereo_msgs/lib/python3.12/site-packages:/home/rassito/microros_ws/install/std_srvs/lib/python3.12/site-packages:/home/rassito/microros_ws/install/shape_msgs/lib/python3.12/site-packages:/home/rassito/microros_ws/install/sensor_msgs_py/lib/python3.12/site-packages:/home/rassito/microros_ws/install/sensor_msgs/lib/python3.12/site-packages:/home/rassito/microros_ws/install/nav_msgs/lib/python3.12/site-packages:/home/rassito/microros_ws/install/diagnostic_msgs/lib/python3.12/site-packages:/home/rassito/microros_ws/install/actionlib_msgs/lib/python3.12/site-packages:/home/rassito/microros_ws/install/statistics_msgs/lib/python3.12/site-packages:/home/rassito/microros_ws/install/service_msgs/lib/python3.12/site-packages:/home/rassito/microros_ws/install/rosidl_typesupport_microxrcedds_cpp/lib/python3.12/site-packages:/home/rassito/microros_ws/install/rosidl_typesupport_microxrcedds_c/lib/python3.12/site-packages:/home/rassito/microros_ws/install/rosgraph_msgs/lib/python3.12/site-packages:/home/rassito/microros_ws/install/composition_interfaces/lib/python3.12/site-packages:/home/rassito/microros_ws/install/rcl_interfaces/lib/python3.12/site-packages:/home/rassito/microros_ws/install/micro_ros_msgs/lib/python3.12/site-packages:/home/rassito/microros_ws/install/lifecycle_msgs/lib/python3.12/site-packages:/home/rassito/microros_ws/install/example_interfaces/lib/python3.12/site-packages:/home/rassito/microros_ws/install/complex_msgs/lib/python3.12/site-packages:/home/rassito/ros_ws/build/super_pkg:/home/rassito/ros_ws/install/super_pkg/lib/python3.12/site-packages:/opt/ros/jazzy/lib/python3.12/site-packages /usr/bin/cmake --install /home/rassito/microros_ws/build/nav_msgs
