-- Found ament_cmake: 2.5.3 (/opt/ros/jazzy/share/ament_cmake/cmake)
-- Found Python3: /usr/bin/python3 (found version "3.12.3") found components: Interpreter 
-- Found std_msgs: 5.3.5 (/home/rassito/microros_ws/install/std_msgs/share/std_msgs/cmake)
-- Found rosidl_generator_c: 4.6.5 (/opt/ros/jazzy/share/rosidl_generator_c/cmake)
-- Found rosidl_generator_cpp: 4.6.5 (/opt/ros/jazzy/share/rosidl_generator_cpp/cmake)
-- Using all available rosidl_typesupport_c: rosidl_typesupport_microxrcedds_c;rosidl_typesupport_fastrtps_c;rosidl_typesupport_introspection_c
-- Found rosidl_adapter: 4.6.5 (/opt/ros/jazzy/share/rosidl_adapter/cmake)
-- Using all available rosidl_typesupport_cpp: rosidl_typesupport_microxrcedds_cpp;rosidl_typesupport_fastrtps_cpp;rosidl_typesupport_introspection_cpp
-- Found rosidl_default_generators: 1.6.0 (/opt/ros/jazzy/share/rosidl_default_generators/cmake)
-- Found ament_cmake_ros: 0.12.0 (/opt/ros/jazzy/share/ament_cmake_ros/cmake)
-- Using all available rosidl_typesupport_c: rosidl_typesupport_microxrcedds_c;rosidl_typesupport_fastrtps_c;rosidl_typesupport_introspection_c
-- Using all available rosidl_typesupport_cpp: rosidl_typesupport_microxrcedds_cpp;rosidl_typesupport_fastrtps_cpp;rosidl_typesupport_introspection_cpp
-- Found python_cmake_module: 0.11.1 (/opt/ros/jazzy/share/python_cmake_module/cmake)
-- Found Python3: /usr/bin/python3 (found version "3.12.3") found components: Interpreter Development NumPy Development.Module Development.Embed 
-- Configuring done (1.7s)
-- Generating done (0.0s)
-- Build files have been written to: /home/rassito/microros_ws/build/drive_base_msgs
[  1%] Built target drive_base_msgs__rosidl_generator_type_description
[  1%] Built target ament_cmake_python_copy_drive_base_msgs
[  2%] Built target drive_base_msgs__cpp
[ 20%] Built target drive_base_msgs__rosidl_generator_c
[ 21%] [34m[1mGenerating C++ type support dispatch for ROS interfaces[0m
[ 23%] [34m[1mGenerating C type support dispatch for ROS interfaces[0m
[ 24%] [32m[1mLinking CXX shared library libdrive_base_msgs__rosidl_typesupport_microxrcedds_cpp.so[0m
[ 25%] [32m[1mLinking C shared library libdrive_base_msgs__rosidl_typesupport_microxrcedds_c.so[0m
[ 33%] Built target drive_base_msgs__rosidl_typesupport_introspection_c
[ 41%] Built target drive_base_msgs__rosidl_typesupport_fastrtps_cpp
[ 48%] Built target drive_base_msgs__rosidl_typesupport_introspection_cpp
[ 56%] Built target drive_base_msgs__rosidl_typesupport_fastrtps_c
[ 62%] Built target drive_base_msgs__rosidl_typesupport_microxrcedds_c
[ 69%] Built target drive_base_msgs__rosidl_typesupport_microxrcedds_cpp
running egg_info
writing drive_base_msgs.egg-info/PKG-INFO
writing dependency_links to drive_base_msgs.egg-info/dependency_links.txt
writing top-level names to drive_base_msgs.egg-info/top_level.txt
reading manifest file 'drive_base_msgs.egg-info/SOURCES.txt'
writing manifest file 'drive_base_msgs.egg-info/SOURCES.txt'
[ 69%] Built target ament_cmake_python_build_drive_base_msgs_egg
[ 70%] [32mBuilding CXX object CMakeFiles/drive_base_msgs__rosidl_typesupport_c.dir/rosidl_typesupport_c/drive_base_msgs/msg/base_info__type_support.cpp.o[0m
[ 71%] [32mBuilding CXX object CMakeFiles/drive_base_msgs__rosidl_typesupport_c.dir/rosidl_typesupport_c/drive_base_msgs/msg/trv_command__type_support.cpp.o[0m
[ 73%] [32mBuilding CXX object CMakeFiles/drive_base_msgs__rosidl_typesupport_c.dir/rosidl_typesupport_c/drive_base_msgs/msg/command_status__type_support.cpp.o[0m
[ 74%] [32mBuilding CXX object CMakeFiles/drive_base_msgs__rosidl_typesupport_c.dir/rosidl_typesupport_c/drive_base_msgs/msg/command_header__type_support.cpp.o[0m
[ 75%] [32mBuilding CXX object CMakeFiles/drive_base_msgs__rosidl_typesupport_cpp.dir/rosidl_typesupport_cpp/drive_base_msgs/msg/command_header__type_support.cpp.o[0m
[ 78%] [32mBuilding CXX object CMakeFiles/drive_base_msgs__rosidl_typesupport_cpp.dir/rosidl_typesupport_cpp/drive_base_msgs/msg/command_status__type_support.cpp.o[0m
[ 78%] [32mBuilding CXX object CMakeFiles/drive_base_msgs__rosidl_typesupport_cpp.dir/rosidl_typesupport_cpp/drive_base_msgs/msg/base_info__type_support.cpp.o[0m
[ 79%] [32mBuilding CXX object CMakeFiles/drive_base_msgs__rosidl_typesupport_cpp.dir/rosidl_typesupport_cpp/drive_base_msgs/msg/trv_command__type_support.cpp.o[0m
[ 80%] [32m[1mLinking CXX shared library libdrive_base_msgs__rosidl_typesupport_c.so[0m
[ 80%] Built target drive_base_msgs__rosidl_typesupport_c
[ 82%] [32m[1mLinking CXX shared library libdrive_base_msgs__rosidl_typesupport_cpp.so[0m
[ 82%] Built target drive_base_msgs__rosidl_typesupport_cpp
[ 82%] Built target drive_base_msgs
[ 83%] Built target drive_base_msgs__py
[ 84%] [32m[1mLinking C shared library libdrive_base_msgs__rosidl_generator_py.so[0m
[ 89%] Built target drive_base_msgs__rosidl_generator_py
[ 91%] [32m[1mLinking C shared module rosidl_generator_py/drive_base_msgs/drive_base_msgs_s__rosidl_typesupport_c.so[0m
[ 92%] [32m[1mLinking C shared module rosidl_generator_py/drive_base_msgs/drive_base_msgs_s__rosidl_typesupport_introspection_c.so[0m
[ 93%] [32m[1mLinking C shared module rosidl_generator_py/drive_base_msgs/drive_base_msgs_s__rosidl_typesupport_fastrtps_c.so[0m
[ 94%] [32m[1mLinking C shared module rosidl_generator_py/drive_base_msgs/drive_base_msgs_s__rosidl_typesupport_microxrcedds_c.so[0m
[ 96%] Built target drive_base_msgs_s__rosidl_typesupport_c
[ 97%] Built target drive_base_msgs_s__rosidl_typesupport_introspection_c
[ 98%] Built target drive_base_msgs_s__rosidl_typesupport_fastrtps_c
[100%] Built target drive_base_msgs_s__rosidl_typesupport_microxrcedds_c
-- Install configuration: ""
-- Up-to-date: /home/rassito/microros_ws/install/drive_base_msgs/share/ament_index/resource_index/rosidl_interfaces/drive_base_msgs
-- Up-to-date: /home/rassito/microros_ws/install/drive_base_msgs/share/drive_base_msgs/msg/CommandHeader.json
-- Up-to-date: /home/rassito/microros_ws/install/drive_base_msgs/share/drive_base_msgs/msg/BaseInfo.json
-- Up-to-date: /home/rassito/microros_ws/install/drive_base_msgs/share/drive_base_msgs/msg/CommandStatus.json
-- Up-to-date: /home/rassito/microros_ws/install/drive_base_msgs/share/drive_base_msgs/msg/TRVCommand.json
-- Up-to-date: /home/rassito/microros_ws/install/drive_base_msgs/include/drive_base_msgs/drive_base_msgs
-- Up-to-date: /home/rassito/microros_ws/install/drive_base_msgs/include/drive_base_msgs/drive_base_msgs/msg
-- Up-to-date: /home/rassito/microros_ws/install/drive_base_msgs/include/drive_base_msgs/drive_base_msgs/msg/command_status.h
-- Up-to-date: /home/rassito/microros_ws/install/drive_base_msgs/include/drive_base_msgs/drive_base_msgs/msg/command_header.h
-- Up-to-date: /home/rassito/microros_ws/install/drive_base_msgs/include/drive_base_msgs/drive_base_msgs/msg/base_info.h
-- Up-to-date: /home/rassito/microros_ws/install/drive_base_msgs/include/drive_base_msgs/drive_base_msgs/msg/detail
-- Up-to-date: /home/rassito/microros_ws/install/drive_base_msgs/include/drive_base_msgs/drive_base_msgs/msg/detail/command_header__type_support.h
-- Up-to-date: /home/rassito/microros_ws/install/drive_base_msgs/include/drive_base_msgs/drive_base_msgs/msg/detail/command_header__functions.h
-- Up-to-date: /home/rassito/microros_ws/install/drive_base_msgs/include/drive_base_msgs/drive_base_msgs/msg/detail/command_header__struct.h
-- Up-to-date: /home/rassito/microros_ws/install/drive_base_msgs/include/drive_base_msgs/drive_base_msgs/msg/detail/command_header__type_support.c
-- Up-to-date: /home/rassito/microros_ws/install/drive_base_msgs/include/drive_base_msgs/drive_base_msgs/msg/detail/command_status__functions.h
-- Up-to-date: /home/rassito/microros_ws/install/drive_base_msgs/include/drive_base_msgs/drive_base_msgs/msg/detail/command_status__type_support.c
-- Up-to-date: /home/rassito/microros_ws/install/drive_base_msgs/include/drive_base_msgs/drive_base_msgs/msg/detail/base_info__struct.h
-- Up-to-date: /home/rassito/microros_ws/install/drive_base_msgs/include/drive_base_msgs/drive_base_msgs/msg/detail/trv_command__type_support.c
-- Up-to-date: /home/rassito/microros_ws/install/drive_base_msgs/include/drive_base_msgs/drive_base_msgs/msg/detail/trv_command__description.c
-- Up-to-date: /home/rassito/microros_ws/install/drive_base_msgs/include/drive_base_msgs/drive_base_msgs/msg/detail/trv_command__type_support.h
-- Up-to-date: /home/rassito/microros_ws/install/drive_base_msgs/include/drive_base_msgs/drive_base_msgs/msg/detail/command_status__functions.c
-- Up-to-date: /home/rassito/microros_ws/install/drive_base_msgs/include/drive_base_msgs/drive_base_msgs/msg/detail/command_status__type_support.h
-- Up-to-date: /home/rassito/microros_ws/install/drive_base_msgs/include/drive_base_msgs/drive_base_msgs/msg/detail/base_info__type_support.c
-- Up-to-date: /home/rassito/microros_ws/install/drive_base_msgs/include/drive_base_msgs/drive_base_msgs/msg/detail/trv_command__functions.c
-- Up-to-date: /home/rassito/microros_ws/install/drive_base_msgs/include/drive_base_msgs/drive_base_msgs/msg/detail/trv_command__struct.h
-- Up-to-date: /home/rassito/microros_ws/install/drive_base_msgs/include/drive_base_msgs/drive_base_msgs/msg/detail/command_header__functions.c
-- Up-to-date: /home/rassito/microros_ws/install/drive_base_msgs/include/drive_base_msgs/drive_base_msgs/msg/detail/base_info__description.c
-- Up-to-date: /home/rassito/microros_ws/install/drive_base_msgs/include/drive_base_msgs/drive_base_msgs/msg/detail/command_status__struct.h
-- Up-to-date: /home/rassito/microros_ws/install/drive_base_msgs/include/drive_base_msgs/drive_base_msgs/msg/detail/trv_command__functions.h
-- Up-to-date: /home/rassito/microros_ws/install/drive_base_msgs/include/drive_base_msgs/drive_base_msgs/msg/detail/base_info__type_support.h
-- Up-to-date: /home/rassito/microros_ws/install/drive_base_msgs/include/drive_base_msgs/drive_base_msgs/msg/detail/command_status__description.c
-- Up-to-date: /home/rassito/microros_ws/install/drive_base_msgs/include/drive_base_msgs/drive_base_msgs/msg/detail/command_header__description.c
-- Up-to-date: /home/rassito/microros_ws/install/drive_base_msgs/include/drive_base_msgs/drive_base_msgs/msg/detail/base_info__functions.c
-- Up-to-date: /home/rassito/microros_ws/install/drive_base_msgs/include/drive_base_msgs/drive_base_msgs/msg/detail/base_info__functions.h
-- Up-to-date: /home/rassito/microros_ws/install/drive_base_msgs/include/drive_base_msgs/drive_base_msgs/msg/trv_command.h
-- Up-to-date: /home/rassito/microros_ws/install/drive_base_msgs/include/drive_base_msgs/drive_base_msgs/msg/rosidl_generator_c__visibility_control.h
-- Up-to-date: /home/rassito/microros_ws/install/drive_base_msgs/share/drive_base_msgs/environment/library_path.sh
-- Up-to-date: /home/rassito/microros_ws/install/drive_base_msgs/share/drive_base_msgs/environment/library_path.dsv
-- Up-to-date: /home/rassito/microros_ws/install/drive_base_msgs/lib/libdrive_base_msgs__rosidl_generator_c.so
-- Up-to-date: /home/rassito/microros_ws/install/drive_base_msgs/include/drive_base_msgs/drive_base_msgs
-- Up-to-date: /home/rassito/microros_ws/install/drive_base_msgs/include/drive_base_msgs/drive_base_msgs/msg
-- Up-to-date: /home/rassito/microros_ws/install/drive_base_msgs/include/drive_base_msgs/drive_base_msgs/msg/rosidl_typesupport_fastrtps_c__visibility_control.h
-- Up-to-date: /home/rassito/microros_ws/install/drive_base_msgs/include/drive_base_msgs/drive_base_msgs/msg/detail
-- Up-to-date: /home/rassito/microros_ws/install/drive_base_msgs/include/drive_base_msgs/drive_base_msgs/msg/detail/base_info__rosidl_typesupport_fastrtps_c.h
-- Up-to-date: /home/rassito/microros_ws/install/drive_base_msgs/include/drive_base_msgs/drive_base_msgs/msg/detail/trv_command__rosidl_typesupport_fastrtps_c.h
-- Up-to-date: /home/rassito/microros_ws/install/drive_base_msgs/include/drive_base_msgs/drive_base_msgs/msg/detail/command_header__rosidl_typesupport_fastrtps_c.h
-- Up-to-date: /home/rassito/microros_ws/install/drive_base_msgs/include/drive_base_msgs/drive_base_msgs/msg/detail/command_status__rosidl_typesupport_fastrtps_c.h
-- Up-to-date: /home/rassito/microros_ws/install/drive_base_msgs/lib/libdrive_base_msgs__rosidl_typesupport_fastrtps_c.so
-- Up-to-date: /home/rassito/microros_ws/install/drive_base_msgs/include/drive_base_msgs/drive_base_msgs
-- Up-to-date: /home/rassito/microros_ws/install/drive_base_msgs/include/drive_base_msgs/drive_base_msgs/msg
-- Up-to-date: /home/rassito/microros_ws/install/drive_base_msgs/include/drive_base_msgs/drive_base_msgs/msg/command_status.hpp
-- Up-to-date: /home/rassito/microros_ws/install/drive_base_msgs/include/drive_base_msgs/drive_base_msgs/msg/rosidl_generator_cpp__visibility_control.hpp
-- Up-to-date: /home/rassito/microros_ws/install/drive_base_msgs/include/drive_base_msgs/drive_base_msgs/msg/base_info.hpp
-- Up-to-date: /home/rassito/microros_ws/install/drive_base_msgs/include/drive_base_msgs/drive_base_msgs/msg/command_header.hpp
-- Up-to-date: /home/rassito/microros_ws/install/drive_base_msgs/include/drive_base_msgs/drive_base_msgs/msg/trv_command.hpp
-- Up-to-date: /home/rassito/microros_ws/install/drive_base_msgs/include/drive_base_msgs/drive_base_msgs/msg/detail
-- Up-to-date: /home/rassito/microros_ws/install/drive_base_msgs/include/drive_base_msgs/drive_base_msgs/msg/detail/base_info__type_support.hpp
-- Up-to-date: /home/rassito/microros_ws/install/drive_base_msgs/include/drive_base_msgs/drive_base_msgs/msg/detail/command_header__type_support.hpp
-- Up-to-date: /home/rassito/microros_ws/install/drive_base_msgs/include/drive_base_msgs/drive_base_msgs/msg/detail/trv_command__traits.hpp
-- Up-to-date: /home/rassito/microros_ws/install/drive_base_msgs/include/drive_base_msgs/drive_base_msgs/msg/detail/base_info__traits.hpp
-- Up-to-date: /home/rassito/microros_ws/install/drive_base_msgs/include/drive_base_msgs/drive_base_msgs/msg/detail/base_info__builder.hpp
-- Up-to-date: /home/rassito/microros_ws/install/drive_base_msgs/include/drive_base_msgs/drive_base_msgs/msg/detail/command_header__builder.hpp
-- Up-to-date: /home/rassito/microros_ws/install/drive_base_msgs/include/drive_base_msgs/drive_base_msgs/msg/detail/command_status__builder.hpp
-- Up-to-date: /home/rassito/microros_ws/install/drive_base_msgs/include/drive_base_msgs/drive_base_msgs/msg/detail/command_status__traits.hpp
-- Up-to-date: /home/rassito/microros_ws/install/drive_base_msgs/include/drive_base_msgs/drive_base_msgs/msg/detail/trv_command__type_support.hpp
-- Up-to-date: /home/rassito/microros_ws/install/drive_base_msgs/include/drive_base_msgs/drive_base_msgs/msg/detail/trv_command__struct.hpp
-- Up-to-date: /home/rassito/microros_ws/install/drive_base_msgs/include/drive_base_msgs/drive_base_msgs/msg/detail/trv_command__builder.hpp
-- Up-to-date: /home/rassito/microros_ws/install/drive_base_msgs/include/drive_base_msgs/drive_base_msgs/msg/detail/command_header__struct.hpp
-- Up-to-date: /home/rassito/microros_ws/install/drive_base_msgs/include/drive_base_msgs/drive_base_msgs/msg/detail/command_header__traits.hpp
-- Up-to-date: /home/rassito/microros_ws/install/drive_base_msgs/include/drive_base_msgs/drive_base_msgs/msg/detail/command_status__struct.hpp
-- Up-to-date: /home/rassito/microros_ws/install/drive_base_msgs/include/drive_base_msgs/drive_base_msgs/msg/detail/base_info__struct.hpp
-- Up-to-date: /home/rassito/microros_ws/install/drive_base_msgs/include/drive_base_msgs/drive_base_msgs/msg/detail/command_status__type_support.hpp
-- Up-to-date: /home/rassito/microros_ws/install/drive_base_msgs/include/drive_base_msgs/drive_base_msgs
-- Up-to-date: /home/rassito/microros_ws/install/drive_base_msgs/include/drive_base_msgs/drive_base_msgs/msg
-- Up-to-date: /home/rassito/microros_ws/install/drive_base_msgs/include/drive_base_msgs/drive_base_msgs/msg/rosidl_typesupport_fastrtps_cpp__visibility_control.h
-- Up-to-date: /home/rassito/microros_ws/install/drive_base_msgs/include/drive_base_msgs/drive_base_msgs/msg/detail
-- Up-to-date: /home/rassito/microros_ws/install/drive_base_msgs/include/drive_base_msgs/drive_base_msgs/msg/detail/command_status__rosidl_typesupport_fastrtps_cpp.hpp
-- Up-to-date: /home/rassito/microros_ws/install/drive_base_msgs/include/drive_base_msgs/drive_base_msgs/msg/detail/command_header__rosidl_typesupport_fastrtps_cpp.hpp
-- Up-to-date: /home/rassito/microros_ws/install/drive_base_msgs/include/drive_base_msgs/drive_base_msgs/msg/detail/trv_command__rosidl_typesupport_fastrtps_cpp.hpp
-- Up-to-date: /home/rassito/microros_ws/install/drive_base_msgs/include/drive_base_msgs/drive_base_msgs/msg/detail/base_info__rosidl_typesupport_fastrtps_cpp.hpp
-- Up-to-date: /home/rassito/microros_ws/install/drive_base_msgs/include/drive_base_msgs/drive_base_msgs/msg/detail/dds_fastrtps
-- Up-to-date: /home/rassito/microros_ws/install/drive_base_msgs/lib/libdrive_base_msgs__rosidl_typesupport_fastrtps_cpp.so
-- Up-to-date: /home/rassito/microros_ws/install/drive_base_msgs/include/drive_base_msgs
-- Up-to-date: /home/rassito/microros_ws/install/drive_base_msgs/include/drive_base_msgs/msg
-- Up-to-date: /home/rassito/microros_ws/install/drive_base_msgs/include/drive_base_msgs/msg/detail
-- Up-to-date: /home/rassito/microros_ws/install/drive_base_msgs/include/drive_base_msgs/msg/detail/microxrcedds
-- Up-to-date: /home/rassito/microros_ws/install/drive_base_msgs/include/drive_base_msgs/msg/detail/command_header__rosidl_typesupport_microxrcedds_c.h
-- Up-to-date: /home/rassito/microros_ws/install/drive_base_msgs/include/drive_base_msgs/msg/detail/command_status__rosidl_typesupport_microxrcedds_c.h
-- Up-to-date: /home/rassito/microros_ws/install/drive_base_msgs/include/drive_base_msgs/msg/detail/base_info__rosidl_typesupport_microxrcedds_c.h
-- Up-to-date: /home/rassito/microros_ws/install/drive_base_msgs/include/drive_base_msgs/msg/detail/trv_command__rosidl_typesupport_microxrcedds_c.h
-- Up-to-date: /home/rassito/microros_ws/install/drive_base_msgs/include/drive_base_msgs/msg/rosidl_typesupport_microxrcedds_c__visibility_control.h
-- Installing: /home/rassito/microros_ws/install/drive_base_msgs/lib/libdrive_base_msgs__rosidl_typesupport_microxrcedds_c.so
-- Set non-toolchain portion of runtime path of "/home/rassito/microros_ws/install/drive_base_msgs/lib/libdrive_base_msgs__rosidl_typesupport_microxrcedds_c.so" to ""
-- Up-to-date: /home/rassito/microros_ws/install/drive_base_msgs/include/drive_base_msgs/drive_base_msgs
-- Up-to-date: /home/rassito/microros_ws/install/drive_base_msgs/include/drive_base_msgs/drive_base_msgs/msg
-- Up-to-date: /home/rassito/microros_ws/install/drive_base_msgs/include/drive_base_msgs/drive_base_msgs/msg/rosidl_typesupport_introspection_c__visibility_control.h
-- Up-to-date: /home/rassito/microros_ws/install/drive_base_msgs/include/drive_base_msgs/drive_base_msgs/msg/detail
-- Up-to-date: /home/rassito/microros_ws/install/drive_base_msgs/include/drive_base_msgs/drive_base_msgs/msg/detail/base_info__rosidl_typesupport_introspection_c.h
-- Up-to-date: /home/rassito/microros_ws/install/drive_base_msgs/include/drive_base_msgs/drive_base_msgs/msg/detail/command_header__type_support.c
-- Up-to-date: /home/rassito/microros_ws/install/drive_base_msgs/include/drive_base_msgs/drive_base_msgs/msg/detail/command_status__type_support.c
-- Up-to-date: /home/rassito/microros_ws/install/drive_base_msgs/include/drive_base_msgs/drive_base_msgs/msg/detail/trv_command__type_support.c
-- Up-to-date: /home/rassito/microros_ws/install/drive_base_msgs/include/drive_base_msgs/drive_base_msgs/msg/detail/command_status__rosidl_typesupport_introspection_c.h
-- Up-to-date: /home/rassito/microros_ws/install/drive_base_msgs/include/drive_base_msgs/drive_base_msgs/msg/detail/base_info__type_support.c
-- Up-to-date: /home/rassito/microros_ws/install/drive_base_msgs/include/drive_base_msgs/drive_base_msgs/msg/detail/trv_command__rosidl_typesupport_introspection_c.h
-- Up-to-date: /home/rassito/microros_ws/install/drive_base_msgs/include/drive_base_msgs/drive_base_msgs/msg/detail/command_header__rosidl_typesupport_introspection_c.h
-- Up-to-date: /home/rassito/microros_ws/install/drive_base_msgs/lib/libdrive_base_msgs__rosidl_typesupport_introspection_c.so
-- Installing: /home/rassito/microros_ws/install/drive_base_msgs/lib/libdrive_base_msgs__rosidl_typesupport_c.so
-- Set non-toolchain portion of runtime path of "/home/rassito/microros_ws/install/drive_base_msgs/lib/libdrive_base_msgs__rosidl_typesupport_c.so" to ""
-- Up-to-date: /home/rassito/microros_ws/install/drive_base_msgs/include/drive_base_msgs
-- Up-to-date: /home/rassito/microros_ws/install/drive_base_msgs/include/drive_base_msgs/msg
-- Up-to-date: /home/rassito/microros_ws/install/drive_base_msgs/include/drive_base_msgs/msg/rosidl_typesupport_microxrcedds_cpp__visibility_control.h
-- Up-to-date: /home/rassito/microros_ws/install/drive_base_msgs/include/drive_base_msgs/msg/detail
-- Up-to-date: /home/rassito/microros_ws/install/drive_base_msgs/include/drive_base_msgs/msg/detail/microxrcedds
-- Up-to-date: /home/rassito/microros_ws/install/drive_base_msgs/include/drive_base_msgs/msg/detail/microxrcedds/base_info__type_support_cpp.cpp
-- Up-to-date: /home/rassito/microros_ws/install/drive_base_msgs/include/drive_base_msgs/msg/detail/microxrcedds/command_header__type_support_cpp.cpp
-- Up-to-date: /home/rassito/microros_ws/install/drive_base_msgs/include/drive_base_msgs/msg/detail/microxrcedds/trv_command__type_support_cpp.cpp
-- Up-to-date: /home/rassito/microros_ws/install/drive_base_msgs/include/drive_base_msgs/msg/detail/microxrcedds/command_status__type_support_cpp.cpp
-- Up-to-date: /home/rassito/microros_ws/install/drive_base_msgs/include/drive_base_msgs/msg/detail/base_info__rosidl_typesupport_microxrcedds_cpp.hpp
-- Up-to-date: /home/rassito/microros_ws/install/drive_base_msgs/include/drive_base_msgs/msg/detail/command_header__rosidl_typesupport_microxrcedds_cpp.hpp
-- Up-to-date: /home/rassito/microros_ws/install/drive_base_msgs/include/drive_base_msgs/msg/detail/trv_command__rosidl_typesupport_microxrcedds_cpp.hpp
-- Up-to-date: /home/rassito/microros_ws/install/drive_base_msgs/include/drive_base_msgs/msg/detail/command_status__rosidl_typesupport_microxrcedds_cpp.hpp
-- Installing: /home/rassito/microros_ws/install/drive_base_msgs/lib/libdrive_base_msgs__rosidl_typesupport_microxrcedds_cpp.so
-- Set non-toolchain portion of runtime path of "/home/rassito/microros_ws/install/drive_base_msgs/lib/libdrive_base_msgs__rosidl_typesupport_microxrcedds_cpp.so" to ""
-- Up-to-date: /home/rassito/microros_ws/install/drive_base_msgs/include/drive_base_msgs/drive_base_msgs
-- Up-to-date: /home/rassito/microros_ws/install/drive_base_msgs/include/drive_base_msgs/drive_base_msgs/msg
-- Up-to-date: /home/rassito/microros_ws/install/drive_base_msgs/include/drive_base_msgs/drive_base_msgs/msg/detail
-- Up-to-date: /home/rassito/microros_ws/install/drive_base_msgs/include/drive_base_msgs/drive_base_msgs/msg/detail/base_info__type_support.cpp
-- Up-to-date: /home/rassito/microros_ws/install/drive_base_msgs/include/drive_base_msgs/drive_base_msgs/msg/detail/base_info__rosidl_typesupport_introspection_cpp.hpp
-- Up-to-date: /home/rassito/microros_ws/install/drive_base_msgs/include/drive_base_msgs/drive_base_msgs/msg/detail/trv_command__type_support.cpp
-- Up-to-date: /home/rassito/microros_ws/install/drive_base_msgs/include/drive_base_msgs/drive_base_msgs/msg/detail/command_status__rosidl_typesupport_introspection_cpp.hpp
-- Up-to-date: /home/rassito/microros_ws/install/drive_base_msgs/include/drive_base_msgs/drive_base_msgs/msg/detail/command_header__type_support.cpp
-- Up-to-date: /home/rassito/microros_ws/install/drive_base_msgs/include/drive_base_msgs/drive_base_msgs/msg/detail/trv_command__rosidl_typesupport_introspection_cpp.hpp
-- Up-to-date: /home/rassito/microros_ws/install/drive_base_msgs/include/drive_base_msgs/drive_base_msgs/msg/detail/command_header__rosidl_typesupport_introspection_cpp.hpp
-- Up-to-date: /home/rassito/microros_ws/install/drive_base_msgs/include/drive_base_msgs/drive_base_msgs/msg/detail/command_status__type_support.cpp
-- Up-to-date: /home/rassito/microros_ws/install/drive_base_msgs/lib/libdrive_base_msgs__rosidl_typesupport_introspection_cpp.so
-- Installing: /home/rassito/microros_ws/install/drive_base_msgs/lib/libdrive_base_msgs__rosidl_typesupport_cpp.so
-- Set non-toolchain portion of runtime path of "/home/rassito/microros_ws/install/drive_base_msgs/lib/libdrive_base_msgs__rosidl_typesupport_cpp.so" to ""
-- Up-to-date: /home/rassito/microros_ws/install/drive_base_msgs/share/drive_base_msgs/environment/pythonpath.sh
-- Up-to-date: /home/rassito/microros_ws/install/drive_base_msgs/share/drive_base_msgs/environment/pythonpath.dsv
-- Up-to-date: /home/rassito/microros_ws/install/drive_base_msgs/lib/python3.12/site-packages/drive_base_msgs-0.0.0-py3.12.egg-info
-- Installing: /home/rassito/microros_ws/install/drive_base_msgs/lib/python3.12/site-packages/drive_base_msgs-0.0.0-py3.12.egg-info/top_level.txt
-- Installing: /home/rassito/microros_ws/install/drive_base_msgs/lib/python3.12/site-packages/drive_base_msgs-0.0.0-py3.12.egg-info/PKG-INFO
-- Installing: /home/rassito/microros_ws/install/drive_base_msgs/lib/python3.12/site-packages/drive_base_msgs-0.0.0-py3.12.egg-info/dependency_links.txt
-- Installing: /home/rassito/microros_ws/install/drive_base_msgs/lib/python3.12/site-packages/drive_base_msgs-0.0.0-py3.12.egg-info/SOURCES.txt
-- Up-to-date: /home/rassito/microros_ws/install/drive_base_msgs/lib/python3.12/site-packages/drive_base_msgs
-- Installing: /home/rassito/microros_ws/install/drive_base_msgs/lib/python3.12/site-packages/drive_base_msgs/drive_base_msgs_s__rosidl_typesupport_fastrtps_c.so
-- Up-to-date: /home/rassito/microros_ws/install/drive_base_msgs/lib/python3.12/site-packages/drive_base_msgs/_drive_base_msgs_s.ep.rosidl_typesupport_introspection_c.c
-- Up-to-date: /home/rassito/microros_ws/install/drive_base_msgs/lib/python3.12/site-packages/drive_base_msgs/_drive_base_msgs_s.ep.rosidl_typesupport_c.c
-- Up-to-date: /home/rassito/microros_ws/install/drive_base_msgs/lib/python3.12/site-packages/drive_base_msgs/_drive_base_msgs_s.ep.rosidl_typesupport_fastrtps_c.c
-- Up-to-date: /home/rassito/microros_ws/install/drive_base_msgs/lib/python3.12/site-packages/drive_base_msgs/_drive_base_msgs_s.ep.rosidl_typesupport_microxrcedds_c.c
-- Installing: /home/rassito/microros_ws/install/drive_base_msgs/lib/python3.12/site-packages/drive_base_msgs/drive_base_msgs_s__rosidl_typesupport_c.so
-- Installing: /home/rassito/microros_ws/install/drive_base_msgs/lib/python3.12/site-packages/drive_base_msgs/drive_base_msgs_s__rosidl_typesupport_microxrcedds_c.so
-- Installing: /home/rassito/microros_ws/install/drive_base_msgs/lib/python3.12/site-packages/drive_base_msgs/drive_base_msgs_s__rosidl_typesupport_introspection_c.so
-- Up-to-date: /home/rassito/microros_ws/install/drive_base_msgs/lib/python3.12/site-packages/drive_base_msgs/msg
-- Up-to-date: /home/rassito/microros_ws/install/drive_base_msgs/lib/python3.12/site-packages/drive_base_msgs/msg/_base_info.py
-- Up-to-date: /home/rassito/microros_ws/install/drive_base_msgs/lib/python3.12/site-packages/drive_base_msgs/msg/_command_header_s.c
-- Up-to-date: /home/rassito/microros_ws/install/drive_base_msgs/lib/python3.12/site-packages/drive_base_msgs/msg/_trv_command_s.c
-- Up-to-date: /home/rassito/microros_ws/install/drive_base_msgs/lib/python3.12/site-packages/drive_base_msgs/msg/_command_header.py
-- Up-to-date: /home/rassito/microros_ws/install/drive_base_msgs/lib/python3.12/site-packages/drive_base_msgs/msg/_command_status_s.c
-- Up-to-date: /home/rassito/microros_ws/install/drive_base_msgs/lib/python3.12/site-packages/drive_base_msgs/msg/_command_status.py
-- Up-to-date: /home/rassito/microros_ws/install/drive_base_msgs/lib/python3.12/site-packages/drive_base_msgs/msg/_trv_command.py
-- Up-to-date: /home/rassito/microros_ws/install/drive_base_msgs/lib/python3.12/site-packages/drive_base_msgs/msg/__init__.py
-- Up-to-date: /home/rassito/microros_ws/install/drive_base_msgs/lib/python3.12/site-packages/drive_base_msgs/msg/_base_info_s.c
-- Installing: /home/rassito/microros_ws/install/drive_base_msgs/lib/python3.12/site-packages/drive_base_msgs/__init__.py
Listing '/home/rassito/microros_ws/install/drive_base_msgs/lib/python3.12/site-packages/drive_base_msgs'...
Compiling '/home/rassito/microros_ws/install/drive_base_msgs/lib/python3.12/site-packages/drive_base_msgs/__init__.py'...
Listing '/home/rassito/microros_ws/install/drive_base_msgs/lib/python3.12/site-packages/drive_base_msgs/msg'...
-- Installing: /home/rassito/microros_ws/install/drive_base_msgs/lib/python3.12/site-packages/drive_base_msgs/drive_base_msgs_s__rosidl_typesupport_microxrcedds_c.so
-- Set non-toolchain portion of runtime path of "/home/rassito/microros_ws/install/drive_base_msgs/lib/python3.12/site-packages/drive_base_msgs/drive_base_msgs_s__rosidl_typesupport_microxrcedds_c.so" to ""
-- Installing: /home/rassito/microros_ws/install/drive_base_msgs/lib/python3.12/site-packages/drive_base_msgs/drive_base_msgs_s__rosidl_typesupport_fastrtps_c.so
-- Set non-toolchain portion of runtime path of "/home/rassito/microros_ws/install/drive_base_msgs/lib/python3.12/site-packages/drive_base_msgs/drive_base_msgs_s__rosidl_typesupport_fastrtps_c.so" to ""
-- Installing: /home/rassito/microros_ws/install/drive_base_msgs/lib/python3.12/site-packages/drive_base_msgs/drive_base_msgs_s__rosidl_typesupport_introspection_c.so
-- Set non-toolchain portion of runtime path of "/home/rassito/microros_ws/install/drive_base_msgs/lib/python3.12/site-packages/drive_base_msgs/drive_base_msgs_s__rosidl_typesupport_introspection_c.so" to ""
-- Installing: /home/rassito/microros_ws/install/drive_base_msgs/lib/python3.12/site-packages/drive_base_msgs/drive_base_msgs_s__rosidl_typesupport_c.so
-- Set non-toolchain portion of runtime path of "/home/rassito/microros_ws/install/drive_base_msgs/lib/python3.12/site-packages/drive_base_msgs/drive_base_msgs_s__rosidl_typesupport_c.so" to ""
-- Installing: /home/rassito/microros_ws/install/drive_base_msgs/lib/libdrive_base_msgs__rosidl_generator_py.so
-- Set non-toolchain portion of runtime path of "/home/rassito/microros_ws/install/drive_base_msgs/lib/libdrive_base_msgs__rosidl_generator_py.so" to ""
-- Up-to-date: /home/rassito/microros_ws/install/drive_base_msgs/share/drive_base_msgs/msg/CommandHeader.idl
-- Up-to-date: /home/rassito/microros_ws/install/drive_base_msgs/share/drive_base_msgs/msg/BaseInfo.idl
-- Up-to-date: /home/rassito/microros_ws/install/drive_base_msgs/share/drive_base_msgs/msg/CommandStatus.idl
-- Up-to-date: /home/rassito/microros_ws/install/drive_base_msgs/share/drive_base_msgs/msg/TRVCommand.idl
-- Up-to-date: /home/rassito/microros_ws/install/drive_base_msgs/share/drive_base_msgs/msg/CommandHeader.msg
-- Up-to-date: /home/rassito/microros_ws/install/drive_base_msgs/share/drive_base_msgs/msg/BaseInfo.msg
-- Up-to-date: /home/rassito/microros_ws/install/drive_base_msgs/share/drive_base_msgs/msg/CommandStatus.msg
-- Up-to-date: /home/rassito/microros_ws/install/drive_base_msgs/share/drive_base_msgs/msg/TRVCommand.msg
-- Up-to-date: /home/rassito/microros_ws/install/drive_base_msgs/share/ament_index/resource_index/package_run_dependencies/drive_base_msgs
-- Installing: /home/rassito/microros_ws/install/drive_base_msgs/share/ament_index/resource_index/parent_prefix_path/drive_base_msgs
-- Up-to-date: /home/rassito/microros_ws/install/drive_base_msgs/share/drive_base_msgs/environment/ament_prefix_path.sh
-- Up-to-date: /home/rassito/microros_ws/install/drive_base_msgs/share/drive_base_msgs/environment/ament_prefix_path.dsv
-- Up-to-date: /home/rassito/microros_ws/install/drive_base_msgs/share/drive_base_msgs/environment/path.sh
-- Up-to-date: /home/rassito/microros_ws/install/drive_base_msgs/share/drive_base_msgs/environment/path.dsv
-- Up-to-date: /home/rassito/microros_ws/install/drive_base_msgs/share/drive_base_msgs/local_setup.bash
-- Up-to-date: /home/rassito/microros_ws/install/drive_base_msgs/share/drive_base_msgs/local_setup.sh
-- Up-to-date: /home/rassito/microros_ws/install/drive_base_msgs/share/drive_base_msgs/local_setup.zsh
-- Up-to-date: /home/rassito/microros_ws/install/drive_base_msgs/share/drive_base_msgs/local_setup.dsv
-- Installing: /home/rassito/microros_ws/install/drive_base_msgs/share/drive_base_msgs/package.dsv
-- Up-to-date: /home/rassito/microros_ws/install/drive_base_msgs/share/ament_index/resource_index/packages/drive_base_msgs
-- Up-to-date: /home/rassito/microros_ws/install/drive_base_msgs/share/drive_base_msgs/cmake/export_drive_base_msgs__rosidl_generator_cExport.cmake
-- Up-to-date: /home/rassito/microros_ws/install/drive_base_msgs/share/drive_base_msgs/cmake/export_drive_base_msgs__rosidl_generator_cExport-noconfig.cmake
-- Up-to-date: /home/rassito/microros_ws/install/drive_base_msgs/share/drive_base_msgs/cmake/export_drive_base_msgs__rosidl_typesupport_fastrtps_cExport.cmake
-- Up-to-date: /home/rassito/microros_ws/install/drive_base_msgs/share/drive_base_msgs/cmake/export_drive_base_msgs__rosidl_typesupport_fastrtps_cExport-noconfig.cmake
-- Up-to-date: /home/rassito/microros_ws/install/drive_base_msgs/share/drive_base_msgs/cmake/export_drive_base_msgs__rosidl_generator_cppExport.cmake
-- Up-to-date: /home/rassito/microros_ws/install/drive_base_msgs/share/drive_base_msgs/cmake/export_drive_base_msgs__rosidl_typesupport_fastrtps_cppExport.cmake
-- Up-to-date: /home/rassito/microros_ws/install/drive_base_msgs/share/drive_base_msgs/cmake/export_drive_base_msgs__rosidl_typesupport_fastrtps_cppExport-noconfig.cmake
-- Up-to-date: /home/rassito/microros_ws/install/drive_base_msgs/share/drive_base_msgs/cmake/drive_base_msgs__rosidl_typesupport_introspection_cExport.cmake
-- Up-to-date: /home/rassito/microros_ws/install/drive_base_msgs/share/drive_base_msgs/cmake/drive_base_msgs__rosidl_typesupport_introspection_cExport-noconfig.cmake
-- Up-to-date: /home/rassito/microros_ws/install/drive_base_msgs/share/drive_base_msgs/cmake/drive_base_msgs__rosidl_typesupport_cExport.cmake
-- Up-to-date: /home/rassito/microros_ws/install/drive_base_msgs/share/drive_base_msgs/cmake/drive_base_msgs__rosidl_typesupport_cExport-noconfig.cmake
-- Up-to-date: /home/rassito/microros_ws/install/drive_base_msgs/share/drive_base_msgs/cmake/drive_base_msgs__rosidl_typesupport_introspection_cppExport.cmake
-- Up-to-date: /home/rassito/microros_ws/install/drive_base_msgs/share/drive_base_msgs/cmake/drive_base_msgs__rosidl_typesupport_introspection_cppExport-noconfig.cmake
-- Up-to-date: /home/rassito/microros_ws/install/drive_base_msgs/share/drive_base_msgs/cmake/drive_base_msgs__rosidl_typesupport_cppExport.cmake
-- Up-to-date: /home/rassito/microros_ws/install/drive_base_msgs/share/drive_base_msgs/cmake/drive_base_msgs__rosidl_typesupport_cppExport-noconfig.cmake
-- Up-to-date: /home/rassito/microros_ws/install/drive_base_msgs/share/drive_base_msgs/cmake/export_drive_base_msgs__rosidl_generator_pyExport.cmake
-- Up-to-date: /home/rassito/microros_ws/install/drive_base_msgs/share/drive_base_msgs/cmake/export_drive_base_msgs__rosidl_generator_pyExport-noconfig.cmake
-- Up-to-date: /home/rassito/microros_ws/install/drive_base_msgs/share/drive_base_msgs/cmake/rosidl_cmake-extras.cmake
-- Up-to-date: /home/rassito/microros_ws/install/drive_base_msgs/share/drive_base_msgs/cmake/ament_cmake_export_dependencies-extras.cmake
-- Installing: /home/rassito/microros_ws/install/drive_base_msgs/share/drive_base_msgs/cmake/ament_cmake_export_include_directories-extras.cmake
-- Up-to-date: /home/rassito/microros_ws/install/drive_base_msgs/share/drive_base_msgs/cmake/ament_cmake_export_libraries-extras.cmake
-- Up-to-date: /home/rassito/microros_ws/install/drive_base_msgs/share/drive_base_msgs/cmake/ament_cmake_export_targets-extras.cmake
-- Up-to-date: /home/rassito/microros_ws/install/drive_base_msgs/share/drive_base_msgs/cmake/rosidl_cmake_export_typesupport_targets-extras.cmake
-- Installing: /home/rassito/microros_ws/install/drive_base_msgs/share/drive_base_msgs/cmake/rosidl_cmake_export_typesupport_libraries-extras.cmake
-- Up-to-date: /home/rassito/microros_ws/install/drive_base_msgs/share/drive_base_msgs/cmake/drive_base_msgsConfig.cmake
-- Up-to-date: /home/rassito/microros_ws/install/drive_base_msgs/share/drive_base_msgs/cmake/drive_base_msgsConfig-version.cmake
-- Up-to-date: /home/rassito/microros_ws/install/drive_base_msgs/share/drive_base_msgs/package.xml
