[0.038s] Invoking command in '/home/rassito/microros_ws/build/micro_ros_msgs': CMAKE_PREFIX_PATH=${CMAKE_PREFIX_PATH}:/home/rassito/microros_ws/install/sensor_msgs_py:/home/rassito/ros_ws/install/super_pkg:/opt/ros/jazzy DEBUGINFOD_URLS=https://debuginfod.ubuntu.com /usr/bin/cmake /home/rassito/microros_ws/src/uros/micro_ros_msgs -DBUILD_TESTING=OFF -DBUILD_SHARED_LIBS=ON -DCMAKE_INSTALL_PREFIX=/home/rassito/microros_ws/install/micro_ros_msgs
[0.052s] -- Found ament_cmake: 2.5.3 (/opt/ros/jazzy/share/ament_cmake/cmake)
[0.073s] -- Found Python3: /usr/bin/python3 (found version "3.12.3") found components: Interpreter 
[0.162s] -- Found rosidl_default_generators: 1.6.0 (/opt/ros/jazzy/share/rosidl_default_generators/cmake)
[0.173s] -- Using all available rosidl_typesupport_c: rosidl_typesupport_microxrcedds_c;rosidl_typesupport_fastrtps_c;rosidl_typesupport_introspection_c
[0.201s] -- Found rosidl_adapter: 4.6.5 (/opt/ros/jazzy/share/rosidl_adapter/cmake)
[0.219s] -- Using all available rosidl_typesupport_cpp: rosidl_typesupport_microxrcedds_cpp;rosidl_typesupport_fastrtps_cpp;rosidl_typesupport_introspection_cpp
[0.488s] -- Found ament_cmake_ros: 0.12.0 (/opt/ros/jazzy/share/ament_cmake_ros/cmake)
[0.613s] -- Using all available rosidl_typesupport_c: rosidl_typesupport_microxrcedds_c;rosidl_typesupport_fastrtps_c;rosidl_typesupport_introspection_c
[0.742s] -- Using all available rosidl_typesupport_cpp: rosidl_typesupport_microxrcedds_cpp;rosidl_typesupport_fastrtps_cpp;rosidl_typesupport_introspection_cpp
[0.743s] -- Found python_cmake_module: 0.11.1 (/opt/ros/jazzy/share/python_cmake_module/cmake)
[0.964s] -- Found Python3: /usr/bin/python3 (found version "3.12.3") found components: Interpreter Development NumPy Development.Module Development.Embed 
[0.980s] -- Configuring done (0.9s)
[1.014s] -- Generating done (0.0s)
[1.025s] -- Build files have been written to: /home/rassito/microros_ws/build/micro_ros_msgs
[1.031s] Invoked command in '/home/rassito/microros_ws/build/micro_ros_msgs' returned '0': CMAKE_PREFIX_PATH=${CMAKE_PREFIX_PATH}:/home/rassito/microros_ws/install/sensor_msgs_py:/home/rassito/ros_ws/install/super_pkg:/opt/ros/jazzy DEBUGINFOD_URLS=https://debuginfod.ubuntu.com /usr/bin/cmake /home/rassito/microros_ws/src/uros/micro_ros_msgs -DBUILD_TESTING=OFF -DBUILD_SHARED_LIBS=ON -DCMAKE_INSTALL_PREFIX=/home/rassito/microros_ws/install/micro_ros_msgs
[1.032s] Invoking command in '/home/rassito/microros_ws/build/micro_ros_msgs': CMAKE_PREFIX_PATH=${CMAKE_PREFIX_PATH}:/home/rassito/microros_ws/install/sensor_msgs_py:/home/rassito/ros_ws/install/super_pkg:/opt/ros/jazzy DEBUGINFOD_URLS=https://debuginfod.ubuntu.com /usr/bin/cmake --build /home/rassito/microros_ws/build/micro_ros_msgs -- -j16 -l16
[1.081s] [  1%] Built target micro_ros_msgs__rosidl_generator_type_description
[1.094s] [  1%] Built target ament_cmake_python_copy_micro_ros_msgs
[1.105s] [  3%] Built target micro_ros_msgs__cpp
[1.107s] [ 19%] Built target micro_ros_msgs__rosidl_generator_c
[1.120s] [ 21%] [34m[1mGenerating C++ type support dispatch for ROS interfaces[0m
[1.120s] [ 22%] [34m[1mGenerating C type support dispatch for ROS interfaces[0m
[1.139s] [ 30%] Built target micro_ros_msgs__rosidl_typesupport_microxrcedds_c
[1.141s] [ 48%] Built target micro_ros_msgs__rosidl_typesupport_introspection_cpp
[1.141s] [ 51%] Built target micro_ros_msgs__rosidl_typesupport_fastrtps_c
[1.141s] [ 53%] Built target micro_ros_msgs__rosidl_typesupport_fastrtps_cpp
[1.142s] [ 60%] Built target micro_ros_msgs__rosidl_typesupport_introspection_c
[1.143s] [ 68%] Built target micro_ros_msgs__rosidl_typesupport_microxrcedds_cpp
[1.424s] running egg_info
[1.449s] writing micro_ros_msgs.egg-info/PKG-INFO
[1.450s] writing dependency_links to micro_ros_msgs.egg-info/dependency_links.txt
[1.450s] writing top-level names to micro_ros_msgs.egg-info/top_level.txt
[1.536s] reading manifest file 'micro_ros_msgs.egg-info/SOURCES.txt'
[1.537s] writing manifest file 'micro_ros_msgs.egg-info/SOURCES.txt'
[1.564s] [ 69%] [32mBuilding CXX object CMakeFiles/micro_ros_msgs__rosidl_typesupport_c.dir/rosidl_typesupport_c/micro_ros_msgs/msg/graph__type_support.cpp.o[0m
[1.571s] [ 71%] [32mBuilding CXX object CMakeFiles/micro_ros_msgs__rosidl_typesupport_c.dir/rosidl_typesupport_c/micro_ros_msgs/msg/entity__type_support.cpp.o[0m
[1.587s] [ 72%] [32mBuilding CXX object CMakeFiles/micro_ros_msgs__rosidl_typesupport_c.dir/rosidl_typesupport_c/micro_ros_msgs/msg/node__type_support.cpp.o[0m
[1.591s] [ 72%] Built target ament_cmake_python_build_micro_ros_msgs_egg
[1.592s] [ 74%] [32mBuilding CXX object CMakeFiles/micro_ros_msgs__rosidl_typesupport_cpp.dir/rosidl_typesupport_cpp/micro_ros_msgs/msg/node__type_support.cpp.o[0m
[1.594s] [ 75%] [32mBuilding CXX object CMakeFiles/micro_ros_msgs__rosidl_typesupport_cpp.dir/rosidl_typesupport_cpp/micro_ros_msgs/msg/graph__type_support.cpp.o[0m
[1.602s] [ 77%] [32mBuilding CXX object CMakeFiles/micro_ros_msgs__rosidl_typesupport_cpp.dir/rosidl_typesupport_cpp/micro_ros_msgs/msg/entity__type_support.cpp.o[0m
[1.656s] [ 78%] [32m[1mLinking CXX shared library libmicro_ros_msgs__rosidl_typesupport_c.so[0m
[1.719s] [ 78%] Built target micro_ros_msgs__rosidl_typesupport_c
[1.984s] [ 80%] [32m[1mLinking CXX shared library libmicro_ros_msgs__rosidl_typesupport_cpp.so[0m
[2.031s] [ 80%] Built target micro_ros_msgs__rosidl_typesupport_cpp
[2.048s] [ 80%] Built target micro_ros_msgs
[2.065s] [ 81%] Built target micro_ros_msgs__py
[2.089s] [ 83%] [32m[1mLinking C shared library libmicro_ros_msgs__rosidl_generator_py.so[0m
[2.136s] [ 87%] Built target micro_ros_msgs__rosidl_generator_py
[2.163s] [ 89%] [32m[1mLinking C shared module rosidl_generator_py/micro_ros_msgs/micro_ros_msgs_s__rosidl_typesupport_fastrtps_c.so[0m
[2.167s] [ 90%] [32m[1mLinking C shared module rosidl_generator_py/micro_ros_msgs/micro_ros_msgs_s__rosidl_typesupport_microxrcedds_c.so[0m
[2.168s] [ 92%] [32m[1mLinking C shared module rosidl_generator_py/micro_ros_msgs/micro_ros_msgs_s__rosidl_typesupport_c.so[0m
[2.170s] [ 93%] [32m[1mLinking C shared module rosidl_generator_py/micro_ros_msgs/micro_ros_msgs_s__rosidl_typesupport_introspection_c.so[0m
[2.201s] [ 95%] Built target micro_ros_msgs_s__rosidl_typesupport_fastrtps_c
[2.207s] [ 96%] Built target micro_ros_msgs_s__rosidl_typesupport_c
[2.207s] [ 98%] Built target micro_ros_msgs_s__rosidl_typesupport_microxrcedds_c
[2.213s] [100%] Built target micro_ros_msgs_s__rosidl_typesupport_introspection_c
[2.228s] Invoked command in '/home/rassito/microros_ws/build/micro_ros_msgs' returned '0': CMAKE_PREFIX_PATH=${CMAKE_PREFIX_PATH}:/home/rassito/microros_ws/install/sensor_msgs_py:/home/rassito/ros_ws/install/super_pkg:/opt/ros/jazzy DEBUGINFOD_URLS=https://debuginfod.ubuntu.com /usr/bin/cmake --build /home/rassito/microros_ws/build/micro_ros_msgs -- -j16 -l16
[2.228s] Invoking command in '/home/rassito/microros_ws/build/micro_ros_msgs': CMAKE_PREFIX_PATH=${CMAKE_PREFIX_PATH}:/home/rassito/microros_ws/install/sensor_msgs_py:/home/rassito/ros_ws/install/super_pkg:/opt/ros/jazzy DEBUGINFOD_URLS=https://debuginfod.ubuntu.com /usr/bin/cmake --install /home/rassito/microros_ws/build/micro_ros_msgs
[2.237s] -- Install configuration: ""
[2.237s] -- Up-to-date: /home/rassito/microros_ws/install/micro_ros_msgs/share/ament_index/resource_index/rosidl_interfaces/micro_ros_msgs
[2.237s] -- Up-to-date: /home/rassito/microros_ws/install/micro_ros_msgs/share/micro_ros_msgs/msg/Graph.json
[2.237s] -- Up-to-date: /home/rassito/microros_ws/install/micro_ros_msgs/share/micro_ros_msgs/msg/Node.json
[2.237s] -- Up-to-date: /home/rassito/microros_ws/install/micro_ros_msgs/share/micro_ros_msgs/msg/Entity.json
[2.237s] -- Up-to-date: /home/rassito/microros_ws/install/micro_ros_msgs/include/micro_ros_msgs/micro_ros_msgs
[2.237s] -- Up-to-date: /home/rassito/microros_ws/install/micro_ros_msgs/include/micro_ros_msgs/micro_ros_msgs/msg
[2.237s] -- Up-to-date: /home/rassito/microros_ws/install/micro_ros_msgs/include/micro_ros_msgs/micro_ros_msgs/msg/entity.h
[2.237s] -- Up-to-date: /home/rassito/microros_ws/install/micro_ros_msgs/include/micro_ros_msgs/micro_ros_msgs/msg/graph.h
[2.238s] -- Up-to-date: /home/rassito/microros_ws/install/micro_ros_msgs/include/micro_ros_msgs/micro_ros_msgs/msg/node.h
[2.238s] -- Up-to-date: /home/rassito/microros_ws/install/micro_ros_msgs/include/micro_ros_msgs/micro_ros_msgs/msg/detail
[2.238s] -- Up-to-date: /home/rassito/microros_ws/install/micro_ros_msgs/include/micro_ros_msgs/micro_ros_msgs/msg/detail/graph__functions.h
[2.238s] -- Up-to-date: /home/rassito/microros_ws/install/micro_ros_msgs/include/micro_ros_msgs/micro_ros_msgs/msg/detail/node__type_support.c
[2.238s] -- Up-to-date: /home/rassito/microros_ws/install/micro_ros_msgs/include/micro_ros_msgs/micro_ros_msgs/msg/detail/graph__description.c
[2.238s] -- Up-to-date: /home/rassito/microros_ws/install/micro_ros_msgs/include/micro_ros_msgs/micro_ros_msgs/msg/detail/graph__struct.h
[2.238s] -- Up-to-date: /home/rassito/microros_ws/install/micro_ros_msgs/include/micro_ros_msgs/micro_ros_msgs/msg/detail/node__description.c
[2.238s] -- Up-to-date: /home/rassito/microros_ws/install/micro_ros_msgs/include/micro_ros_msgs/micro_ros_msgs/msg/detail/graph__functions.c
[2.238s] -- Up-to-date: /home/rassito/microros_ws/install/micro_ros_msgs/include/micro_ros_msgs/micro_ros_msgs/msg/detail/node__functions.c
[2.238s] -- Up-to-date: /home/rassito/microros_ws/install/micro_ros_msgs/include/micro_ros_msgs/micro_ros_msgs/msg/detail/entity__functions.c
[2.238s] -- Up-to-date: /home/rassito/microros_ws/install/micro_ros_msgs/include/micro_ros_msgs/micro_ros_msgs/msg/detail/node__struct.h
[2.238s] -- Up-to-date: /home/rassito/microros_ws/install/micro_ros_msgs/include/micro_ros_msgs/micro_ros_msgs/msg/detail/node__type_support.h
[2.238s] -- Up-to-date: /home/rassito/microros_ws/install/micro_ros_msgs/include/micro_ros_msgs/micro_ros_msgs/msg/detail/entity__type_support.h
[2.239s] -- Up-to-date: /home/rassito/microros_ws/install/micro_ros_msgs/include/micro_ros_msgs/micro_ros_msgs/msg/detail/entity__struct.h
[2.239s] -- Up-to-date: /home/rassito/microros_ws/install/micro_ros_msgs/include/micro_ros_msgs/micro_ros_msgs/msg/detail/entity__functions.h
[2.239s] -- Up-to-date: /home/rassito/microros_ws/install/micro_ros_msgs/include/micro_ros_msgs/micro_ros_msgs/msg/detail/entity__description.c
[2.239s] -- Up-to-date: /home/rassito/microros_ws/install/micro_ros_msgs/include/micro_ros_msgs/micro_ros_msgs/msg/detail/graph__type_support.h
[2.239s] -- Up-to-date: /home/rassito/microros_ws/install/micro_ros_msgs/include/micro_ros_msgs/micro_ros_msgs/msg/detail/graph__type_support.c
[2.239s] -- Up-to-date: /home/rassito/microros_ws/install/micro_ros_msgs/include/micro_ros_msgs/micro_ros_msgs/msg/detail/entity__type_support.c
[2.239s] -- Up-to-date: /home/rassito/microros_ws/install/micro_ros_msgs/include/micro_ros_msgs/micro_ros_msgs/msg/detail/node__functions.h
[2.239s] -- Up-to-date: /home/rassito/microros_ws/install/micro_ros_msgs/include/micro_ros_msgs/micro_ros_msgs/msg/rosidl_generator_c__visibility_control.h
[2.239s] -- Up-to-date: /home/rassito/microros_ws/install/micro_ros_msgs/share/micro_ros_msgs/environment/library_path.sh
[2.239s] -- Up-to-date: /home/rassito/microros_ws/install/micro_ros_msgs/share/micro_ros_msgs/environment/library_path.dsv
[2.239s] -- Up-to-date: /home/rassito/microros_ws/install/micro_ros_msgs/lib/libmicro_ros_msgs__rosidl_generator_c.so
[2.239s] -- Up-to-date: /home/rassito/microros_ws/install/micro_ros_msgs/include/micro_ros_msgs
[2.240s] -- Up-to-date: /home/rassito/microros_ws/install/micro_ros_msgs/include/micro_ros_msgs/msg
[2.240s] -- Up-to-date: /home/rassito/microros_ws/install/micro_ros_msgs/include/micro_ros_msgs/msg/detail
[2.240s] -- Up-to-date: /home/rassito/microros_ws/install/micro_ros_msgs/include/micro_ros_msgs/msg/detail/microxrcedds
[2.240s] -- Up-to-date: /home/rassito/microros_ws/install/micro_ros_msgs/include/micro_ros_msgs/msg/detail/node__rosidl_typesupport_microxrcedds_c.h
[2.240s] -- Up-to-date: /home/rassito/microros_ws/install/micro_ros_msgs/include/micro_ros_msgs/msg/detail/entity__rosidl_typesupport_microxrcedds_c.h
[2.240s] -- Up-to-date: /home/rassito/microros_ws/install/micro_ros_msgs/include/micro_ros_msgs/msg/detail/graph__rosidl_typesupport_microxrcedds_c.h
[2.240s] -- Up-to-date: /home/rassito/microros_ws/install/micro_ros_msgs/include/micro_ros_msgs/msg/rosidl_typesupport_microxrcedds_c__visibility_control.h
[2.240s] -- Up-to-date: /home/rassito/microros_ws/install/micro_ros_msgs/lib/libmicro_ros_msgs__rosidl_typesupport_microxrcedds_c.so
[2.240s] -- Up-to-date: /home/rassito/microros_ws/install/micro_ros_msgs/include/micro_ros_msgs/micro_ros_msgs
[2.240s] -- Up-to-date: /home/rassito/microros_ws/install/micro_ros_msgs/include/micro_ros_msgs/micro_ros_msgs/msg
[2.240s] -- Up-to-date: /home/rassito/microros_ws/install/micro_ros_msgs/include/micro_ros_msgs/micro_ros_msgs/msg/rosidl_typesupport_fastrtps_c__visibility_control.h
[2.241s] -- Up-to-date: /home/rassito/microros_ws/install/micro_ros_msgs/include/micro_ros_msgs/micro_ros_msgs/msg/detail
[2.241s] -- Up-to-date: /home/rassito/microros_ws/install/micro_ros_msgs/include/micro_ros_msgs/micro_ros_msgs/msg/detail/graph__rosidl_typesupport_fastrtps_c.h
[2.241s] -- Up-to-date: /home/rassito/microros_ws/install/micro_ros_msgs/include/micro_ros_msgs/micro_ros_msgs/msg/detail/entity__rosidl_typesupport_fastrtps_c.h
[2.241s] -- Up-to-date: /home/rassito/microros_ws/install/micro_ros_msgs/include/micro_ros_msgs/micro_ros_msgs/msg/detail/node__rosidl_typesupport_fastrtps_c.h
[2.241s] -- Up-to-date: /home/rassito/microros_ws/install/micro_ros_msgs/lib/libmicro_ros_msgs__rosidl_typesupport_fastrtps_c.so
[2.241s] -- Up-to-date: /home/rassito/microros_ws/install/micro_ros_msgs/include/micro_ros_msgs/micro_ros_msgs
[2.241s] -- Up-to-date: /home/rassito/microros_ws/install/micro_ros_msgs/include/micro_ros_msgs/micro_ros_msgs/msg
[2.241s] -- Up-to-date: /home/rassito/microros_ws/install/micro_ros_msgs/include/micro_ros_msgs/micro_ros_msgs/msg/rosidl_typesupport_introspection_c__visibility_control.h
[2.241s] -- Up-to-date: /home/rassito/microros_ws/install/micro_ros_msgs/include/micro_ros_msgs/micro_ros_msgs/msg/detail
[2.241s] -- Up-to-date: /home/rassito/microros_ws/install/micro_ros_msgs/include/micro_ros_msgs/micro_ros_msgs/msg/detail/entity__rosidl_typesupport_introspection_c.h
[2.241s] -- Up-to-date: /home/rassito/microros_ws/install/micro_ros_msgs/include/micro_ros_msgs/micro_ros_msgs/msg/detail/node__type_support.c
[2.241s] -- Up-to-date: /home/rassito/microros_ws/install/micro_ros_msgs/include/micro_ros_msgs/micro_ros_msgs/msg/detail/node__rosidl_typesupport_introspection_c.h
[2.241s] -- Up-to-date: /home/rassito/microros_ws/install/micro_ros_msgs/include/micro_ros_msgs/micro_ros_msgs/msg/detail/graph__rosidl_typesupport_introspection_c.h
[2.242s] -- Up-to-date: /home/rassito/microros_ws/install/micro_ros_msgs/include/micro_ros_msgs/micro_ros_msgs/msg/detail/graph__type_support.c
[2.242s] -- Up-to-date: /home/rassito/microros_ws/install/micro_ros_msgs/include/micro_ros_msgs/micro_ros_msgs/msg/detail/entity__type_support.c
[2.242s] -- Up-to-date: /home/rassito/microros_ws/install/micro_ros_msgs/lib/libmicro_ros_msgs__rosidl_typesupport_introspection_c.so
[2.242s] -- Installing: /home/rassito/microros_ws/install/micro_ros_msgs/lib/libmicro_ros_msgs__rosidl_typesupport_c.so
[2.242s] -- Set non-toolchain portion of runtime path of "/home/rassito/microros_ws/install/micro_ros_msgs/lib/libmicro_ros_msgs__rosidl_typesupport_c.so" to ""
[2.242s] -- Up-to-date: /home/rassito/microros_ws/install/micro_ros_msgs/include/micro_ros_msgs/micro_ros_msgs
[2.242s] -- Up-to-date: /home/rassito/microros_ws/install/micro_ros_msgs/include/micro_ros_msgs/micro_ros_msgs/msg
[2.242s] -- Up-to-date: /home/rassito/microros_ws/install/micro_ros_msgs/include/micro_ros_msgs/micro_ros_msgs/msg/rosidl_generator_cpp__visibility_control.hpp
[2.242s] -- Up-to-date: /home/rassito/microros_ws/install/micro_ros_msgs/include/micro_ros_msgs/micro_ros_msgs/msg/node.hpp
[2.243s] -- Up-to-date: /home/rassito/microros_ws/install/micro_ros_msgs/include/micro_ros_msgs/micro_ros_msgs/msg/graph.hpp
[2.243s] -- Up-to-date: /home/rassito/microros_ws/install/micro_ros_msgs/include/micro_ros_msgs/micro_ros_msgs/msg/entity.hpp
[2.243s] -- Up-to-date: /home/rassito/microros_ws/install/micro_ros_msgs/include/micro_ros_msgs/micro_ros_msgs/msg/detail
[2.243s] -- Up-to-date: /home/rassito/microros_ws/install/micro_ros_msgs/include/micro_ros_msgs/micro_ros_msgs/msg/detail/graph__traits.hpp
[2.243s] -- Up-to-date: /home/rassito/microros_ws/install/micro_ros_msgs/include/micro_ros_msgs/micro_ros_msgs/msg/detail/entity__traits.hpp
[2.243s] -- Up-to-date: /home/rassito/microros_ws/install/micro_ros_msgs/include/micro_ros_msgs/micro_ros_msgs/msg/detail/graph__type_support.hpp
[2.243s] -- Up-to-date: /home/rassito/microros_ws/install/micro_ros_msgs/include/micro_ros_msgs/micro_ros_msgs/msg/detail/node__struct.hpp
[2.243s] -- Up-to-date: /home/rassito/microros_ws/install/micro_ros_msgs/include/micro_ros_msgs/micro_ros_msgs/msg/detail/node__builder.hpp
[2.243s] -- Up-to-date: /home/rassito/microros_ws/install/micro_ros_msgs/include/micro_ros_msgs/micro_ros_msgs/msg/detail/node__traits.hpp
[2.243s] -- Up-to-date: /home/rassito/microros_ws/install/micro_ros_msgs/include/micro_ros_msgs/micro_ros_msgs/msg/detail/entity__builder.hpp
[2.243s] -- Up-to-date: /home/rassito/microros_ws/install/micro_ros_msgs/include/micro_ros_msgs/micro_ros_msgs/msg/detail/graph__struct.hpp
[2.244s] -- Up-to-date: /home/rassito/microros_ws/install/micro_ros_msgs/include/micro_ros_msgs/micro_ros_msgs/msg/detail/entity__struct.hpp
[2.244s] -- Up-to-date: /home/rassito/microros_ws/install/micro_ros_msgs/include/micro_ros_msgs/micro_ros_msgs/msg/detail/node__type_support.hpp
[2.244s] -- Up-to-date: /home/rassito/microros_ws/install/micro_ros_msgs/include/micro_ros_msgs/micro_ros_msgs/msg/detail/entity__type_support.hpp
[2.244s] -- Up-to-date: /home/rassito/microros_ws/install/micro_ros_msgs/include/micro_ros_msgs/micro_ros_msgs/msg/detail/graph__builder.hpp
[2.244s] -- Up-to-date: /home/rassito/microros_ws/install/micro_ros_msgs/include/micro_ros_msgs
[2.244s] -- Up-to-date: /home/rassito/microros_ws/install/micro_ros_msgs/include/micro_ros_msgs/msg
[2.244s] -- Up-to-date: /home/rassito/microros_ws/install/micro_ros_msgs/include/micro_ros_msgs/msg/rosidl_typesupport_microxrcedds_cpp__visibility_control.h
[2.244s] -- Up-to-date: /home/rassito/microros_ws/install/micro_ros_msgs/include/micro_ros_msgs/msg/detail
[2.244s] -- Up-to-date: /home/rassito/microros_ws/install/micro_ros_msgs/include/micro_ros_msgs/msg/detail/microxrcedds
[2.244s] -- Up-to-date: /home/rassito/microros_ws/install/micro_ros_msgs/include/micro_ros_msgs/msg/detail/microxrcedds/entity__type_support_cpp.cpp
[2.244s] -- Up-to-date: /home/rassito/microros_ws/install/micro_ros_msgs/include/micro_ros_msgs/msg/detail/microxrcedds/node__type_support_cpp.cpp
[2.244s] -- Up-to-date: /home/rassito/microros_ws/install/micro_ros_msgs/include/micro_ros_msgs/msg/detail/microxrcedds/graph__type_support_cpp.cpp
[2.245s] -- Up-to-date: /home/rassito/microros_ws/install/micro_ros_msgs/include/micro_ros_msgs/msg/detail/graph__rosidl_typesupport_microxrcedds_cpp.hpp
[2.245s] -- Up-to-date: /home/rassito/microros_ws/install/micro_ros_msgs/include/micro_ros_msgs/msg/detail/entity__rosidl_typesupport_microxrcedds_cpp.hpp
[2.245s] -- Up-to-date: /home/rassito/microros_ws/install/micro_ros_msgs/include/micro_ros_msgs/msg/detail/node__rosidl_typesupport_microxrcedds_cpp.hpp
[2.245s] -- Up-to-date: /home/rassito/microros_ws/install/micro_ros_msgs/lib/libmicro_ros_msgs__rosidl_typesupport_microxrcedds_cpp.so
[2.245s] -- Up-to-date: /home/rassito/microros_ws/install/micro_ros_msgs/include/micro_ros_msgs/micro_ros_msgs
[2.245s] -- Up-to-date: /home/rassito/microros_ws/install/micro_ros_msgs/include/micro_ros_msgs/micro_ros_msgs/msg
[2.245s] -- Up-to-date: /home/rassito/microros_ws/install/micro_ros_msgs/include/micro_ros_msgs/micro_ros_msgs/msg/rosidl_typesupport_fastrtps_cpp__visibility_control.h
[2.245s] -- Up-to-date: /home/rassito/microros_ws/install/micro_ros_msgs/include/micro_ros_msgs/micro_ros_msgs/msg/detail
[2.245s] -- Up-to-date: /home/rassito/microros_ws/install/micro_ros_msgs/include/micro_ros_msgs/micro_ros_msgs/msg/detail/graph__rosidl_typesupport_fastrtps_cpp.hpp
[2.245s] -- Up-to-date: /home/rassito/microros_ws/install/micro_ros_msgs/include/micro_ros_msgs/micro_ros_msgs/msg/detail/entity__rosidl_typesupport_fastrtps_cpp.hpp
[2.245s] -- Up-to-date: /home/rassito/microros_ws/install/micro_ros_msgs/include/micro_ros_msgs/micro_ros_msgs/msg/detail/node__rosidl_typesupport_fastrtps_cpp.hpp
[2.245s] -- Up-to-date: /home/rassito/microros_ws/install/micro_ros_msgs/include/micro_ros_msgs/micro_ros_msgs/msg/detail/dds_fastrtps
[2.245s] -- Up-to-date: /home/rassito/microros_ws/install/micro_ros_msgs/lib/libmicro_ros_msgs__rosidl_typesupport_fastrtps_cpp.so
[2.245s] -- Up-to-date: /home/rassito/microros_ws/install/micro_ros_msgs/include/micro_ros_msgs/micro_ros_msgs
[2.245s] -- Up-to-date: /home/rassito/microros_ws/install/micro_ros_msgs/include/micro_ros_msgs/micro_ros_msgs/msg
[2.246s] -- Up-to-date: /home/rassito/microros_ws/install/micro_ros_msgs/include/micro_ros_msgs/micro_ros_msgs/msg/detail
[2.246s] -- Up-to-date: /home/rassito/microros_ws/install/micro_ros_msgs/include/micro_ros_msgs/micro_ros_msgs/msg/detail/entity__rosidl_typesupport_introspection_cpp.hpp
[2.246s] -- Up-to-date: /home/rassito/microros_ws/install/micro_ros_msgs/include/micro_ros_msgs/micro_ros_msgs/msg/detail/graph__type_support.cpp
[2.246s] -- Up-to-date: /home/rassito/microros_ws/install/micro_ros_msgs/include/micro_ros_msgs/micro_ros_msgs/msg/detail/entity__type_support.cpp
[2.246s] -- Up-to-date: /home/rassito/microros_ws/install/micro_ros_msgs/include/micro_ros_msgs/micro_ros_msgs/msg/detail/node__type_support.cpp
[2.246s] -- Up-to-date: /home/rassito/microros_ws/install/micro_ros_msgs/include/micro_ros_msgs/micro_ros_msgs/msg/detail/graph__rosidl_typesupport_introspection_cpp.hpp
[2.246s] -- Up-to-date: /home/rassito/microros_ws/install/micro_ros_msgs/include/micro_ros_msgs/micro_ros_msgs/msg/detail/node__rosidl_typesupport_introspection_cpp.hpp
[2.246s] -- Up-to-date: /home/rassito/microros_ws/install/micro_ros_msgs/lib/libmicro_ros_msgs__rosidl_typesupport_introspection_cpp.so
[2.246s] -- Installing: /home/rassito/microros_ws/install/micro_ros_msgs/lib/libmicro_ros_msgs__rosidl_typesupport_cpp.so
[2.246s] -- Set non-toolchain portion of runtime path of "/home/rassito/microros_ws/install/micro_ros_msgs/lib/libmicro_ros_msgs__rosidl_typesupport_cpp.so" to ""
[2.247s] -- Up-to-date: /home/rassito/microros_ws/install/micro_ros_msgs/share/micro_ros_msgs/environment/pythonpath.sh
[2.247s] -- Up-to-date: /home/rassito/microros_ws/install/micro_ros_msgs/share/micro_ros_msgs/environment/pythonpath.dsv
[2.247s] -- Up-to-date: /home/rassito/microros_ws/install/micro_ros_msgs/lib/python3.12/site-packages/micro_ros_msgs-5.0.2-py3.12.egg-info
[2.247s] -- Installing: /home/rassito/microros_ws/install/micro_ros_msgs/lib/python3.12/site-packages/micro_ros_msgs-5.0.2-py3.12.egg-info/top_level.txt
[2.247s] -- Installing: /home/rassito/microros_ws/install/micro_ros_msgs/lib/python3.12/site-packages/micro_ros_msgs-5.0.2-py3.12.egg-info/PKG-INFO
[2.247s] -- Installing: /home/rassito/microros_ws/install/micro_ros_msgs/lib/python3.12/site-packages/micro_ros_msgs-5.0.2-py3.12.egg-info/dependency_links.txt
[2.247s] -- Installing: /home/rassito/microros_ws/install/micro_ros_msgs/lib/python3.12/site-packages/micro_ros_msgs-5.0.2-py3.12.egg-info/SOURCES.txt
[2.247s] -- Up-to-date: /home/rassito/microros_ws/install/micro_ros_msgs/lib/python3.12/site-packages/micro_ros_msgs
[2.247s] -- Installing: /home/rassito/microros_ws/install/micro_ros_msgs/lib/python3.12/site-packages/micro_ros_msgs/micro_ros_msgs_s__rosidl_typesupport_c.so
[2.247s] -- Installing: /home/rassito/microros_ws/install/micro_ros_msgs/lib/python3.12/site-packages/micro_ros_msgs/micro_ros_msgs_s__rosidl_typesupport_microxrcedds_c.so
[2.247s] -- Installing: /home/rassito/microros_ws/install/micro_ros_msgs/lib/python3.12/site-packages/micro_ros_msgs/micro_ros_msgs_s__rosidl_typesupport_fastrtps_c.so
[2.247s] -- Up-to-date: /home/rassito/microros_ws/install/micro_ros_msgs/lib/python3.12/site-packages/micro_ros_msgs/_micro_ros_msgs_s.ep.rosidl_typesupport_introspection_c.c
[2.247s] -- Up-to-date: /home/rassito/microros_ws/install/micro_ros_msgs/lib/python3.12/site-packages/micro_ros_msgs/_micro_ros_msgs_s.ep.rosidl_typesupport_c.c
[2.248s] -- Installing: /home/rassito/microros_ws/install/micro_ros_msgs/lib/python3.12/site-packages/micro_ros_msgs/micro_ros_msgs_s__rosidl_typesupport_introspection_c.so
[2.248s] -- Up-to-date: /home/rassito/microros_ws/install/micro_ros_msgs/lib/python3.12/site-packages/micro_ros_msgs/_micro_ros_msgs_s.ep.rosidl_typesupport_fastrtps_c.c
[2.248s] -- Up-to-date: /home/rassito/microros_ws/install/micro_ros_msgs/lib/python3.12/site-packages/micro_ros_msgs/msg
[2.248s] -- Up-to-date: /home/rassito/microros_ws/install/micro_ros_msgs/lib/python3.12/site-packages/micro_ros_msgs/msg/_node_s.c
[2.248s] -- Up-to-date: /home/rassito/microros_ws/install/micro_ros_msgs/lib/python3.12/site-packages/micro_ros_msgs/msg/_node.py
[2.248s] -- Up-to-date: /home/rassito/microros_ws/install/micro_ros_msgs/lib/python3.12/site-packages/micro_ros_msgs/msg/_entity_s.c
[2.248s] -- Up-to-date: /home/rassito/microros_ws/install/micro_ros_msgs/lib/python3.12/site-packages/micro_ros_msgs/msg/_graph.py
[2.248s] -- Up-to-date: /home/rassito/microros_ws/install/micro_ros_msgs/lib/python3.12/site-packages/micro_ros_msgs/msg/_entity.py
[2.248s] -- Up-to-date: /home/rassito/microros_ws/install/micro_ros_msgs/lib/python3.12/site-packages/micro_ros_msgs/msg/_graph_s.c
[2.248s] -- Up-to-date: /home/rassito/microros_ws/install/micro_ros_msgs/lib/python3.12/site-packages/micro_ros_msgs/msg/__init__.py
[2.248s] -- Installing: /home/rassito/microros_ws/install/micro_ros_msgs/lib/python3.12/site-packages/micro_ros_msgs/__init__.py
[2.248s] -- Up-to-date: /home/rassito/microros_ws/install/micro_ros_msgs/lib/python3.12/site-packages/micro_ros_msgs/_micro_ros_msgs_s.ep.rosidl_typesupport_microxrcedds_c.c
[2.288s] Listing '/home/rassito/microros_ws/install/micro_ros_msgs/lib/python3.12/site-packages/micro_ros_msgs'...
[2.288s] Compiling '/home/rassito/microros_ws/install/micro_ros_msgs/lib/python3.12/site-packages/micro_ros_msgs/__init__.py'...
[2.288s] Listing '/home/rassito/microros_ws/install/micro_ros_msgs/lib/python3.12/site-packages/micro_ros_msgs/msg'...
[2.292s] -- Installing: /home/rassito/microros_ws/install/micro_ros_msgs/lib/python3.12/site-packages/micro_ros_msgs/micro_ros_msgs_s__rosidl_typesupport_microxrcedds_c.so
[2.293s] -- Set non-toolchain portion of runtime path of "/home/rassito/microros_ws/install/micro_ros_msgs/lib/python3.12/site-packages/micro_ros_msgs/micro_ros_msgs_s__rosidl_typesupport_microxrcedds_c.so" to ""
[2.293s] -- Installing: /home/rassito/microros_ws/install/micro_ros_msgs/lib/python3.12/site-packages/micro_ros_msgs/micro_ros_msgs_s__rosidl_typesupport_fastrtps_c.so
[2.293s] -- Set non-toolchain portion of runtime path of "/home/rassito/microros_ws/install/micro_ros_msgs/lib/python3.12/site-packages/micro_ros_msgs/micro_ros_msgs_s__rosidl_typesupport_fastrtps_c.so" to ""
[2.293s] -- Installing: /home/rassito/microros_ws/install/micro_ros_msgs/lib/python3.12/site-packages/micro_ros_msgs/micro_ros_msgs_s__rosidl_typesupport_introspection_c.so
[2.293s] -- Set non-toolchain portion of runtime path of "/home/rassito/microros_ws/install/micro_ros_msgs/lib/python3.12/site-packages/micro_ros_msgs/micro_ros_msgs_s__rosidl_typesupport_introspection_c.so" to ""
[2.293s] -- Installing: /home/rassito/microros_ws/install/micro_ros_msgs/lib/python3.12/site-packages/micro_ros_msgs/micro_ros_msgs_s__rosidl_typesupport_c.so
[2.293s] -- Set non-toolchain portion of runtime path of "/home/rassito/microros_ws/install/micro_ros_msgs/lib/python3.12/site-packages/micro_ros_msgs/micro_ros_msgs_s__rosidl_typesupport_c.so" to ""
[2.293s] -- Installing: /home/rassito/microros_ws/install/micro_ros_msgs/lib/libmicro_ros_msgs__rosidl_generator_py.so
[2.294s] -- Set non-toolchain portion of runtime path of "/home/rassito/microros_ws/install/micro_ros_msgs/lib/libmicro_ros_msgs__rosidl_generator_py.so" to ""
[2.294s] -- Up-to-date: /home/rassito/microros_ws/install/micro_ros_msgs/share/micro_ros_msgs/msg/Graph.idl
[2.294s] -- Up-to-date: /home/rassito/microros_ws/install/micro_ros_msgs/share/micro_ros_msgs/msg/Node.idl
[2.294s] -- Up-to-date: /home/rassito/microros_ws/install/micro_ros_msgs/share/micro_ros_msgs/msg/Entity.idl
[2.294s] -- Up-to-date: /home/rassito/microros_ws/install/micro_ros_msgs/share/micro_ros_msgs/msg/Graph.msg
[2.294s] -- Up-to-date: /home/rassito/microros_ws/install/micro_ros_msgs/share/micro_ros_msgs/msg/Node.msg
[2.294s] -- Up-to-date: /home/rassito/microros_ws/install/micro_ros_msgs/share/micro_ros_msgs/msg/Entity.msg
[2.294s] -- Up-to-date: /home/rassito/microros_ws/install/micro_ros_msgs/share/ament_index/resource_index/package_run_dependencies/micro_ros_msgs
[2.294s] -- Installing: /home/rassito/microros_ws/install/micro_ros_msgs/share/ament_index/resource_index/parent_prefix_path/micro_ros_msgs
[2.294s] -- Up-to-date: /home/rassito/microros_ws/install/micro_ros_msgs/share/micro_ros_msgs/environment/ament_prefix_path.sh
[2.294s] -- Up-to-date: /home/rassito/microros_ws/install/micro_ros_msgs/share/micro_ros_msgs/environment/ament_prefix_path.dsv
[2.295s] -- Up-to-date: /home/rassito/microros_ws/install/micro_ros_msgs/share/micro_ros_msgs/environment/path.sh
[2.295s] -- Up-to-date: /home/rassito/microros_ws/install/micro_ros_msgs/share/micro_ros_msgs/environment/path.dsv
[2.295s] -- Up-to-date: /home/rassito/microros_ws/install/micro_ros_msgs/share/micro_ros_msgs/local_setup.bash
[2.295s] -- Up-to-date: /home/rassito/microros_ws/install/micro_ros_msgs/share/micro_ros_msgs/local_setup.sh
[2.295s] -- Up-to-date: /home/rassito/microros_ws/install/micro_ros_msgs/share/micro_ros_msgs/local_setup.zsh
[2.295s] -- Up-to-date: /home/rassito/microros_ws/install/micro_ros_msgs/share/micro_ros_msgs/local_setup.dsv
[2.295s] -- Installing: /home/rassito/microros_ws/install/micro_ros_msgs/share/micro_ros_msgs/package.dsv
[2.295s] -- Up-to-date: /home/rassito/microros_ws/install/micro_ros_msgs/share/ament_index/resource_index/packages/micro_ros_msgs
[2.295s] -- Up-to-date: /home/rassito/microros_ws/install/micro_ros_msgs/share/micro_ros_msgs/cmake/export_micro_ros_msgs__rosidl_generator_cExport.cmake
[2.295s] -- Up-to-date: /home/rassito/microros_ws/install/micro_ros_msgs/share/micro_ros_msgs/cmake/export_micro_ros_msgs__rosidl_generator_cExport-noconfig.cmake
[2.296s] -- Up-to-date: /home/rassito/microros_ws/install/micro_ros_msgs/share/micro_ros_msgs/cmake/export_micro_ros_msgs__rosidl_typesupport_fastrtps_cExport.cmake
[2.296s] -- Up-to-date: /home/rassito/microros_ws/install/micro_ros_msgs/share/micro_ros_msgs/cmake/export_micro_ros_msgs__rosidl_typesupport_fastrtps_cExport-noconfig.cmake
[2.296s] -- Up-to-date: /home/rassito/microros_ws/install/micro_ros_msgs/share/micro_ros_msgs/cmake/micro_ros_msgs__rosidl_typesupport_introspection_cExport.cmake
[2.296s] -- Up-to-date: /home/rassito/microros_ws/install/micro_ros_msgs/share/micro_ros_msgs/cmake/micro_ros_msgs__rosidl_typesupport_introspection_cExport-noconfig.cmake
[2.296s] -- Up-to-date: /home/rassito/microros_ws/install/micro_ros_msgs/share/micro_ros_msgs/cmake/micro_ros_msgs__rosidl_typesupport_cExport.cmake
[2.296s] -- Up-to-date: /home/rassito/microros_ws/install/micro_ros_msgs/share/micro_ros_msgs/cmake/micro_ros_msgs__rosidl_typesupport_cExport-noconfig.cmake
[2.296s] -- Up-to-date: /home/rassito/microros_ws/install/micro_ros_msgs/share/micro_ros_msgs/cmake/export_micro_ros_msgs__rosidl_generator_cppExport.cmake
[2.296s] -- Up-to-date: /home/rassito/microros_ws/install/micro_ros_msgs/share/micro_ros_msgs/cmake/export_micro_ros_msgs__rosidl_typesupport_fastrtps_cppExport.cmake
[2.296s] -- Up-to-date: /home/rassito/microros_ws/install/micro_ros_msgs/share/micro_ros_msgs/cmake/export_micro_ros_msgs__rosidl_typesupport_fastrtps_cppExport-noconfig.cmake
[2.297s] -- Up-to-date: /home/rassito/microros_ws/install/micro_ros_msgs/share/micro_ros_msgs/cmake/micro_ros_msgs__rosidl_typesupport_introspection_cppExport.cmake
[2.300s] -- Up-to-date: /home/rassito/microros_ws/install/micro_ros_msgs/share/micro_ros_msgs/cmake/micro_ros_msgs__rosidl_typesupport_introspection_cppExport-noconfig.cmake
[2.300s] -- Up-to-date: /home/rassito/microros_ws/install/micro_ros_msgs/share/micro_ros_msgs/cmake/micro_ros_msgs__rosidl_typesupport_cppExport.cmake
[2.300s] -- Up-to-date: /home/rassito/microros_ws/install/micro_ros_msgs/share/micro_ros_msgs/cmake/micro_ros_msgs__rosidl_typesupport_cppExport-noconfig.cmake
[2.300s] -- Up-to-date: /home/rassito/microros_ws/install/micro_ros_msgs/share/micro_ros_msgs/cmake/export_micro_ros_msgs__rosidl_generator_pyExport.cmake
[2.300s] -- Up-to-date: /home/rassito/microros_ws/install/micro_ros_msgs/share/micro_ros_msgs/cmake/export_micro_ros_msgs__rosidl_generator_pyExport-noconfig.cmake
[2.300s] -- Up-to-date: /home/rassito/microros_ws/install/micro_ros_msgs/share/micro_ros_msgs/cmake/rosidl_cmake-extras.cmake
[2.300s] -- Installing: /home/rassito/microros_ws/install/micro_ros_msgs/share/micro_ros_msgs/cmake/ament_cmake_export_include_directories-extras.cmake
[2.300s] -- Up-to-date: /home/rassito/microros_ws/install/micro_ros_msgs/share/micro_ros_msgs/cmake/ament_cmake_export_libraries-extras.cmake
[2.301s] -- Up-to-date: /home/rassito/microros_ws/install/micro_ros_msgs/share/micro_ros_msgs/cmake/ament_cmake_export_targets-extras.cmake
[2.301s] -- Up-to-date: /home/rassito/microros_ws/install/micro_ros_msgs/share/micro_ros_msgs/cmake/rosidl_cmake_export_typesupport_targets-extras.cmake
[2.301s] -- Up-to-date: /home/rassito/microros_ws/install/micro_ros_msgs/share/micro_ros_msgs/cmake/ament_cmake_export_dependencies-extras.cmake
[2.301s] -- Installing: /home/rassito/microros_ws/install/micro_ros_msgs/share/micro_ros_msgs/cmake/rosidl_cmake_export_typesupport_libraries-extras.cmake
[2.301s] -- Up-to-date: /home/rassito/microros_ws/install/micro_ros_msgs/share/micro_ros_msgs/cmake/micro_ros_msgsConfig.cmake
[2.301s] -- Up-to-date: /home/rassito/microros_ws/install/micro_ros_msgs/share/micro_ros_msgs/cmake/micro_ros_msgsConfig-version.cmake
[2.301s] -- Up-to-date: /home/rassito/microros_ws/install/micro_ros_msgs/share/micro_ros_msgs/package.xml
[2.306s] Invoked command in '/home/rassito/microros_ws/build/micro_ros_msgs' returned '0': CMAKE_PREFIX_PATH=${CMAKE_PREFIX_PATH}:/home/rassito/microros_ws/install/sensor_msgs_py:/home/rassito/ros_ws/install/super_pkg:/opt/ros/jazzy DEBUGINFOD_URLS=https://debuginfod.ubuntu.com /usr/bin/cmake --install /home/rassito/microros_ws/build/micro_ros_msgs
