[0.049s] Invoking command in '/home/rassito/microros_ws/build/builtin_interfaces': CMAKE_PREFIX_PATH=${CMAKE_PREFIX_PATH}:/home/rassito/microros_ws/install/sensor_msgs_py:/home/rassito/ros_ws/install/super_pkg:/opt/ros/jazzy DEBUGINFOD_URLS=https://debuginfod.ubuntu.com /usr/bin/cmake /home/rassito/microros_ws/src/ros2/rcl_interfaces/builtin_interfaces -DBUILD_TESTING=OFF -DBUILD_SHARED_LIBS=ON -DCMAKE_INSTALL_PREFIX=/home/rassito/microros_ws/install/builtin_interfaces
[0.067s] -- Found ament_cmake: 2.5.3 (/opt/ros/jazzy/share/ament_cmake/cmake)
[0.087s] -- Found Python3: /usr/bin/python3 (found version "3.12.3") found components: Interpreter 
[0.217s] -- Found rosidl_core_generators: 0.2.0 (/opt/ros/jazzy/share/rosidl_core_generators/cmake)
[0.222s] -- Using all available rosidl_typesupport_c: rosidl_typesupport_microxrcedds_c;rosidl_typesupport_fastrtps_c;rosidl_typesupport_introspection_c
[0.243s] -- Found rosidl_adapter: 4.6.5 (/opt/ros/jazzy/share/rosidl_adapter/cmake)
[0.261s] -- Using all available rosidl_typesupport_cpp: rosidl_typesupport_microxrcedds_cpp;rosidl_typesupport_fastrtps_cpp;rosidl_typesupport_introspection_cpp
[0.578s] -- Found ament_cmake_ros: 0.12.0 (/opt/ros/jazzy/share/ament_cmake_ros/cmake)
[0.692s] -- Using all available rosidl_typesupport_c: rosidl_typesupport_microxrcedds_c;rosidl_typesupport_fastrtps_c;rosidl_typesupport_introspection_c
[0.832s] -- Using all available rosidl_typesupport_cpp: rosidl_typesupport_microxrcedds_cpp;rosidl_typesupport_fastrtps_cpp;rosidl_typesupport_introspection_cpp
[0.833s] -- Found python_cmake_module: 0.11.1 (/opt/ros/jazzy/share/python_cmake_module/cmake)
[1.057s] -- Found Python3: /usr/bin/python3 (found version "3.12.3") found components: Interpreter Development NumPy Development.Module Development.Embed 
[1.071s] -- Configuring done (1.0s)
[1.108s] -- Generating done (0.0s)
[1.121s] -- Build files have been written to: /home/rassito/microros_ws/build/builtin_interfaces
[1.134s] Invoked command in '/home/rassito/microros_ws/build/builtin_interfaces' returned '0': CMAKE_PREFIX_PATH=${CMAKE_PREFIX_PATH}:/home/rassito/microros_ws/install/sensor_msgs_py:/home/rassito/ros_ws/install/super_pkg:/opt/ros/jazzy DEBUGINFOD_URLS=https://debuginfod.ubuntu.com /usr/bin/cmake /home/rassito/microros_ws/src/ros2/rcl_interfaces/builtin_interfaces -DBUILD_TESTING=OFF -DBUILD_SHARED_LIBS=ON -DCMAKE_INSTALL_PREFIX=/home/rassito/microros_ws/install/builtin_interfaces
[1.136s] Invoking command in '/home/rassito/microros_ws/build/builtin_interfaces': CMAKE_PREFIX_PATH=${CMAKE_PREFIX_PATH}:/home/rassito/microros_ws/install/sensor_msgs_py:/home/rassito/ros_ws/install/super_pkg:/opt/ros/jazzy DEBUGINFOD_URLS=https://debuginfod.ubuntu.com /usr/bin/cmake --build /home/rassito/microros_ws/build/builtin_interfaces -- -j16 -l16
[1.203s] [  1%] Built target builtin_interfaces__rosidl_generator_type_description
[1.220s] [  1%] Built target ament_cmake_python_copy_builtin_interfaces
[1.237s] [ 18%] Built target builtin_interfaces__cpp
[1.238s] [ 18%] Built target builtin_interfaces__rosidl_generator_c
[1.253s] [ 20%] [34m[1mGenerating C++ type support dispatch for ROS interfaces[0m
[1.262s] [ 22%] [34m[1mGenerating C type support dispatch for ROS interfaces[0m
[1.277s] [ 35%] Built target builtin_interfaces__rosidl_typesupport_introspection_c
[1.277s] [ 37%] Built target builtin_interfaces__rosidl_typesupport_microxrcedds_c
[1.287s] [ 44%] Built target builtin_interfaces__rosidl_typesupport_fastrtps_c
[1.313s] [ 51%] Built target builtin_interfaces__rosidl_typesupport_fastrtps_cpp
[1.317s] [ 59%] Built target builtin_interfaces__rosidl_typesupport_microxrcedds_cpp
[1.318s] [ 66%] Built target builtin_interfaces__rosidl_typesupport_introspection_cpp
[1.568s] running egg_info
[1.598s] writing builtin_interfaces.egg-info/PKG-INFO
[1.598s] writing dependency_links to builtin_interfaces.egg-info/dependency_links.txt
[1.598s] writing top-level names to builtin_interfaces.egg-info/top_level.txt
[1.669s] reading manifest file 'builtin_interfaces.egg-info/SOURCES.txt'
[1.670s] writing manifest file 'builtin_interfaces.egg-info/SOURCES.txt'
[1.677s] [ 68%] [32mBuilding CXX object CMakeFiles/builtin_interfaces__rosidl_typesupport_cpp.dir/rosidl_typesupport_cpp/builtin_interfaces/msg/duration__type_support.cpp.o[0m
[1.681s] [ 70%] [32mBuilding CXX object CMakeFiles/builtin_interfaces__rosidl_typesupport_c.dir/rosidl_typesupport_c/builtin_interfaces/msg/duration__type_support.cpp.o[0m
[1.682s] [ 72%] [32mBuilding CXX object CMakeFiles/builtin_interfaces__rosidl_typesupport_c.dir/rosidl_typesupport_c/builtin_interfaces/msg/time__type_support.cpp.o[0m
[1.690s] [ 74%] [32mBuilding CXX object CMakeFiles/builtin_interfaces__rosidl_typesupport_cpp.dir/rosidl_typesupport_cpp/builtin_interfaces/msg/time__type_support.cpp.o[0m
[1.712s] [ 74%] Built target ament_cmake_python_build_builtin_interfaces_egg
[1.745s] [ 75%] [32m[1mLinking CXX shared library libbuiltin_interfaces__rosidl_typesupport_c.so[0m
[1.796s] [ 75%] Built target builtin_interfaces__rosidl_typesupport_c
[2.051s] [ 77%] [32m[1mLinking CXX shared library libbuiltin_interfaces__rosidl_typesupport_cpp.so[0m
[2.089s] [ 77%] Built target builtin_interfaces__rosidl_typesupport_cpp
[2.111s] [ 77%] Built target builtin_interfaces
[2.136s] [ 79%] Built target builtin_interfaces__py
[2.166s] [ 81%] [32m[1mLinking C shared library libbuiltin_interfaces__rosidl_generator_py.so[0m
[2.208s] [ 85%] Built target builtin_interfaces__rosidl_generator_py
[2.232s] [ 87%] [32m[1mLinking C shared module rosidl_generator_py/builtin_interfaces/builtin_interfaces_s__rosidl_typesupport_c.so[0m
[2.235s] [ 92%] [32m[1mLinking C shared module rosidl_generator_py/builtin_interfaces/builtin_interfaces_s__rosidl_typesupport_introspection_c.so[0m
[2.236s] [ 92%] [32m[1mLinking C shared module rosidl_generator_py/builtin_interfaces/builtin_interfaces_s__rosidl_typesupport_microxrcedds_c.so[0m
[2.236s] [ 92%] [32m[1mLinking C shared module rosidl_generator_py/builtin_interfaces/builtin_interfaces_s__rosidl_typesupport_fastrtps_c.so[0m
[2.265s] [ 94%] Built target builtin_interfaces_s__rosidl_typesupport_c
[2.270s] [ 96%] Built target builtin_interfaces_s__rosidl_typesupport_fastrtps_c
[2.271s] [ 98%] Built target builtin_interfaces_s__rosidl_typesupport_introspection_c
[2.275s] [100%] Built target builtin_interfaces_s__rosidl_typesupport_microxrcedds_c
[2.302s] Invoked command in '/home/rassito/microros_ws/build/builtin_interfaces' returned '0': CMAKE_PREFIX_PATH=${CMAKE_PREFIX_PATH}:/home/rassito/microros_ws/install/sensor_msgs_py:/home/rassito/ros_ws/install/super_pkg:/opt/ros/jazzy DEBUGINFOD_URLS=https://debuginfod.ubuntu.com /usr/bin/cmake --build /home/rassito/microros_ws/build/builtin_interfaces -- -j16 -l16
[2.303s] Invoking command in '/home/rassito/microros_ws/build/builtin_interfaces': CMAKE_PREFIX_PATH=${CMAKE_PREFIX_PATH}:/home/rassito/microros_ws/install/sensor_msgs_py:/home/rassito/ros_ws/install/super_pkg:/opt/ros/jazzy DEBUGINFOD_URLS=https://debuginfod.ubuntu.com /usr/bin/cmake --install /home/rassito/microros_ws/build/builtin_interfaces
[2.312s] -- Install configuration: ""
[2.313s] -- Up-to-date: /home/rassito/microros_ws/install/builtin_interfaces/share/ament_index/resource_index/rosidl_interfaces/builtin_interfaces
[2.313s] -- Up-to-date: /home/rassito/microros_ws/install/builtin_interfaces/share/builtin_interfaces/msg/Duration.json
[2.313s] -- Up-to-date: /home/rassito/microros_ws/install/builtin_interfaces/share/builtin_interfaces/msg/Time.json
[2.313s] -- Up-to-date: /home/rassito/microros_ws/install/builtin_interfaces/include/builtin_interfaces/builtin_interfaces
[2.313s] -- Up-to-date: /home/rassito/microros_ws/install/builtin_interfaces/include/builtin_interfaces/builtin_interfaces/msg
[2.313s] -- Up-to-date: /home/rassito/microros_ws/install/builtin_interfaces/include/builtin_interfaces/builtin_interfaces/msg/time.h
[2.313s] -- Up-to-date: /home/rassito/microros_ws/install/builtin_interfaces/include/builtin_interfaces/builtin_interfaces/msg/detail
[2.313s] -- Up-to-date: /home/rassito/microros_ws/install/builtin_interfaces/include/builtin_interfaces/builtin_interfaces/msg/detail/duration__functions.c
[2.314s] -- Up-to-date: /home/rassito/microros_ws/install/builtin_interfaces/include/builtin_interfaces/builtin_interfaces/msg/detail/time__functions.h
[2.314s] -- Up-to-date: /home/rassito/microros_ws/install/builtin_interfaces/include/builtin_interfaces/builtin_interfaces/msg/detail/time__type_support.c
[2.314s] -- Up-to-date: /home/rassito/microros_ws/install/builtin_interfaces/include/builtin_interfaces/builtin_interfaces/msg/detail/duration__description.c
[2.314s] -- Up-to-date: /home/rassito/microros_ws/install/builtin_interfaces/include/builtin_interfaces/builtin_interfaces/msg/detail/duration__type_support.h
[2.314s] -- Up-to-date: /home/rassito/microros_ws/install/builtin_interfaces/include/builtin_interfaces/builtin_interfaces/msg/detail/time__functions.c
[2.314s] -- Up-to-date: /home/rassito/microros_ws/install/builtin_interfaces/include/builtin_interfaces/builtin_interfaces/msg/detail/time__description.c
[2.314s] -- Up-to-date: /home/rassito/microros_ws/install/builtin_interfaces/include/builtin_interfaces/builtin_interfaces/msg/detail/duration__functions.h
[2.314s] -- Up-to-date: /home/rassito/microros_ws/install/builtin_interfaces/include/builtin_interfaces/builtin_interfaces/msg/detail/duration__struct.h
[2.314s] -- Up-to-date: /home/rassito/microros_ws/install/builtin_interfaces/include/builtin_interfaces/builtin_interfaces/msg/detail/time__struct.h
[2.314s] -- Up-to-date: /home/rassito/microros_ws/install/builtin_interfaces/include/builtin_interfaces/builtin_interfaces/msg/detail/time__type_support.h
[2.315s] -- Up-to-date: /home/rassito/microros_ws/install/builtin_interfaces/include/builtin_interfaces/builtin_interfaces/msg/detail/duration__type_support.c
[2.315s] -- Up-to-date: /home/rassito/microros_ws/install/builtin_interfaces/include/builtin_interfaces/builtin_interfaces/msg/duration.h
[2.315s] -- Up-to-date: /home/rassito/microros_ws/install/builtin_interfaces/include/builtin_interfaces/builtin_interfaces/msg/rosidl_generator_c__visibility_control.h
[2.315s] -- Up-to-date: /home/rassito/microros_ws/install/builtin_interfaces/share/builtin_interfaces/environment/library_path.sh
[2.315s] -- Up-to-date: /home/rassito/microros_ws/install/builtin_interfaces/share/builtin_interfaces/environment/library_path.dsv
[2.315s] -- Up-to-date: /home/rassito/microros_ws/install/builtin_interfaces/lib/libbuiltin_interfaces__rosidl_generator_c.so
[2.316s] -- Up-to-date: /home/rassito/microros_ws/install/builtin_interfaces/include/builtin_interfaces
[2.316s] -- Up-to-date: /home/rassito/microros_ws/install/builtin_interfaces/include/builtin_interfaces/msg
[2.317s] -- Up-to-date: /home/rassito/microros_ws/install/builtin_interfaces/include/builtin_interfaces/msg/detail
[2.317s] -- Up-to-date: /home/rassito/microros_ws/install/builtin_interfaces/include/builtin_interfaces/msg/detail/microxrcedds
[2.317s] -- Up-to-date: /home/rassito/microros_ws/install/builtin_interfaces/include/builtin_interfaces/msg/detail/time__rosidl_typesupport_microxrcedds_c.h
[2.318s] -- Up-to-date: /home/rassito/microros_ws/install/builtin_interfaces/include/builtin_interfaces/msg/detail/duration__rosidl_typesupport_microxrcedds_c.h
[2.318s] -- Up-to-date: /home/rassito/microros_ws/install/builtin_interfaces/include/builtin_interfaces/msg/rosidl_typesupport_microxrcedds_c__visibility_control.h
[2.318s] -- Up-to-date: /home/rassito/microros_ws/install/builtin_interfaces/lib/libbuiltin_interfaces__rosidl_typesupport_microxrcedds_c.so
[2.318s] -- Up-to-date: /home/rassito/microros_ws/install/builtin_interfaces/include/builtin_interfaces/builtin_interfaces
[2.318s] -- Up-to-date: /home/rassito/microros_ws/install/builtin_interfaces/include/builtin_interfaces/builtin_interfaces/msg
[2.318s] -- Up-to-date: /home/rassito/microros_ws/install/builtin_interfaces/include/builtin_interfaces/builtin_interfaces/msg/rosidl_typesupport_fastrtps_c__visibility_control.h
[2.318s] -- Up-to-date: /home/rassito/microros_ws/install/builtin_interfaces/include/builtin_interfaces/builtin_interfaces/msg/detail
[2.318s] -- Up-to-date: /home/rassito/microros_ws/install/builtin_interfaces/include/builtin_interfaces/builtin_interfaces/msg/detail/time__rosidl_typesupport_fastrtps_c.h
[2.318s] -- Up-to-date: /home/rassito/microros_ws/install/builtin_interfaces/include/builtin_interfaces/builtin_interfaces/msg/detail/duration__rosidl_typesupport_fastrtps_c.h
[2.319s] -- Up-to-date: /home/rassito/microros_ws/install/builtin_interfaces/lib/libbuiltin_interfaces__rosidl_typesupport_fastrtps_c.so
[2.319s] -- Up-to-date: /home/rassito/microros_ws/install/builtin_interfaces/include/builtin_interfaces/builtin_interfaces
[2.319s] -- Up-to-date: /home/rassito/microros_ws/install/builtin_interfaces/include/builtin_interfaces/builtin_interfaces/msg
[2.319s] -- Up-to-date: /home/rassito/microros_ws/install/builtin_interfaces/include/builtin_interfaces/builtin_interfaces/msg/rosidl_typesupport_introspection_c__visibility_control.h
[2.319s] -- Up-to-date: /home/rassito/microros_ws/install/builtin_interfaces/include/builtin_interfaces/builtin_interfaces/msg/detail
[2.319s] -- Up-to-date: /home/rassito/microros_ws/install/builtin_interfaces/include/builtin_interfaces/builtin_interfaces/msg/detail/time__type_support.c
[2.319s] -- Up-to-date: /home/rassito/microros_ws/install/builtin_interfaces/include/builtin_interfaces/builtin_interfaces/msg/detail/time__rosidl_typesupport_introspection_c.h
[2.319s] -- Up-to-date: /home/rassito/microros_ws/install/builtin_interfaces/include/builtin_interfaces/builtin_interfaces/msg/detail/duration__rosidl_typesupport_introspection_c.h
[2.319s] -- Up-to-date: /home/rassito/microros_ws/install/builtin_interfaces/include/builtin_interfaces/builtin_interfaces/msg/detail/duration__type_support.c
[2.319s] -- Up-to-date: /home/rassito/microros_ws/install/builtin_interfaces/lib/libbuiltin_interfaces__rosidl_typesupport_introspection_c.so
[2.319s] -- Installing: /home/rassito/microros_ws/install/builtin_interfaces/lib/libbuiltin_interfaces__rosidl_typesupport_c.so
[2.319s] -- Set non-toolchain portion of runtime path of "/home/rassito/microros_ws/install/builtin_interfaces/lib/libbuiltin_interfaces__rosidl_typesupport_c.so" to ""
[2.320s] -- Up-to-date: /home/rassito/microros_ws/install/builtin_interfaces/include/builtin_interfaces/builtin_interfaces
[2.320s] -- Up-to-date: /home/rassito/microros_ws/install/builtin_interfaces/include/builtin_interfaces/builtin_interfaces/msg
[2.320s] -- Up-to-date: /home/rassito/microros_ws/install/builtin_interfaces/include/builtin_interfaces/builtin_interfaces/msg/rosidl_generator_cpp__visibility_control.hpp
[2.320s] -- Up-to-date: /home/rassito/microros_ws/install/builtin_interfaces/include/builtin_interfaces/builtin_interfaces/msg/time.hpp
[2.320s] -- Up-to-date: /home/rassito/microros_ws/install/builtin_interfaces/include/builtin_interfaces/builtin_interfaces/msg/duration.hpp
[2.320s] -- Up-to-date: /home/rassito/microros_ws/install/builtin_interfaces/include/builtin_interfaces/builtin_interfaces/msg/detail
[2.320s] -- Up-to-date: /home/rassito/microros_ws/install/builtin_interfaces/include/builtin_interfaces/builtin_interfaces/msg/detail/time__builder.hpp
[2.320s] -- Up-to-date: /home/rassito/microros_ws/install/builtin_interfaces/include/builtin_interfaces/builtin_interfaces/msg/detail/duration__traits.hpp
[2.320s] -- Up-to-date: /home/rassito/microros_ws/install/builtin_interfaces/include/builtin_interfaces/builtin_interfaces/msg/detail/duration__builder.hpp
[2.320s] -- Up-to-date: /home/rassito/microros_ws/install/builtin_interfaces/include/builtin_interfaces/builtin_interfaces/msg/detail/time__traits.hpp
[2.320s] -- Up-to-date: /home/rassito/microros_ws/install/builtin_interfaces/include/builtin_interfaces/builtin_interfaces/msg/detail/duration__type_support.hpp
[2.320s] -- Up-to-date: /home/rassito/microros_ws/install/builtin_interfaces/include/builtin_interfaces/builtin_interfaces/msg/detail/time__struct.hpp
[2.321s] -- Up-to-date: /home/rassito/microros_ws/install/builtin_interfaces/include/builtin_interfaces/builtin_interfaces/msg/detail/time__type_support.hpp
[2.321s] -- Up-to-date: /home/rassito/microros_ws/install/builtin_interfaces/include/builtin_interfaces/builtin_interfaces/msg/detail/duration__struct.hpp
[2.321s] -- Up-to-date: /home/rassito/microros_ws/install/builtin_interfaces/include/builtin_interfaces
[2.321s] -- Up-to-date: /home/rassito/microros_ws/install/builtin_interfaces/include/builtin_interfaces/msg
[2.321s] -- Up-to-date: /home/rassito/microros_ws/install/builtin_interfaces/include/builtin_interfaces/msg/rosidl_typesupport_microxrcedds_cpp__visibility_control.h
[2.321s] -- Up-to-date: /home/rassito/microros_ws/install/builtin_interfaces/include/builtin_interfaces/msg/detail
[2.321s] -- Up-to-date: /home/rassito/microros_ws/install/builtin_interfaces/include/builtin_interfaces/msg/detail/microxrcedds
[2.321s] -- Up-to-date: /home/rassito/microros_ws/install/builtin_interfaces/include/builtin_interfaces/msg/detail/microxrcedds/duration__type_support_cpp.cpp
[2.321s] -- Up-to-date: /home/rassito/microros_ws/install/builtin_interfaces/include/builtin_interfaces/msg/detail/microxrcedds/time__type_support_cpp.cpp
[2.321s] -- Up-to-date: /home/rassito/microros_ws/install/builtin_interfaces/include/builtin_interfaces/msg/detail/duration__rosidl_typesupport_microxrcedds_cpp.hpp
[2.321s] -- Up-to-date: /home/rassito/microros_ws/install/builtin_interfaces/include/builtin_interfaces/msg/detail/time__rosidl_typesupport_microxrcedds_cpp.hpp
[2.321s] -- Up-to-date: /home/rassito/microros_ws/install/builtin_interfaces/lib/libbuiltin_interfaces__rosidl_typesupport_microxrcedds_cpp.so
[2.322s] -- Up-to-date: /home/rassito/microros_ws/install/builtin_interfaces/include/builtin_interfaces/builtin_interfaces
[2.322s] -- Up-to-date: /home/rassito/microros_ws/install/builtin_interfaces/include/builtin_interfaces/builtin_interfaces/msg
[2.322s] -- Up-to-date: /home/rassito/microros_ws/install/builtin_interfaces/include/builtin_interfaces/builtin_interfaces/msg/rosidl_typesupport_fastrtps_cpp__visibility_control.h
[2.322s] -- Up-to-date: /home/rassito/microros_ws/install/builtin_interfaces/include/builtin_interfaces/builtin_interfaces/msg/detail
[2.322s] -- Up-to-date: /home/rassito/microros_ws/install/builtin_interfaces/include/builtin_interfaces/builtin_interfaces/msg/detail/duration__rosidl_typesupport_fastrtps_cpp.hpp
[2.322s] -- Up-to-date: /home/rassito/microros_ws/install/builtin_interfaces/include/builtin_interfaces/builtin_interfaces/msg/detail/time__rosidl_typesupport_fastrtps_cpp.hpp
[2.322s] -- Up-to-date: /home/rassito/microros_ws/install/builtin_interfaces/include/builtin_interfaces/builtin_interfaces/msg/detail/dds_fastrtps
[2.323s] -- Up-to-date: /home/rassito/microros_ws/install/builtin_interfaces/lib/libbuiltin_interfaces__rosidl_typesupport_fastrtps_cpp.so
[2.323s] -- Up-to-date: /home/rassito/microros_ws/install/builtin_interfaces/include/builtin_interfaces/builtin_interfaces
[2.323s] -- Up-to-date: /home/rassito/microros_ws/install/builtin_interfaces/include/builtin_interfaces/builtin_interfaces/msg
[2.323s] -- Up-to-date: /home/rassito/microros_ws/install/builtin_interfaces/include/builtin_interfaces/builtin_interfaces/msg/detail
[2.323s] -- Up-to-date: /home/rassito/microros_ws/install/builtin_interfaces/include/builtin_interfaces/builtin_interfaces/msg/detail/duration__rosidl_typesupport_introspection_cpp.hpp
[2.323s] -- Up-to-date: /home/rassito/microros_ws/install/builtin_interfaces/include/builtin_interfaces/builtin_interfaces/msg/detail/duration__type_support.cpp
[2.323s] -- Up-to-date: /home/rassito/microros_ws/install/builtin_interfaces/include/builtin_interfaces/builtin_interfaces/msg/detail/time__type_support.cpp
[2.323s] -- Up-to-date: /home/rassito/microros_ws/install/builtin_interfaces/include/builtin_interfaces/builtin_interfaces/msg/detail/time__rosidl_typesupport_introspection_cpp.hpp
[2.323s] -- Up-to-date: /home/rassito/microros_ws/install/builtin_interfaces/lib/libbuiltin_interfaces__rosidl_typesupport_introspection_cpp.so
[2.323s] -- Installing: /home/rassito/microros_ws/install/builtin_interfaces/lib/libbuiltin_interfaces__rosidl_typesupport_cpp.so
[2.323s] -- Set non-toolchain portion of runtime path of "/home/rassito/microros_ws/install/builtin_interfaces/lib/libbuiltin_interfaces__rosidl_typesupport_cpp.so" to ""
[2.323s] -- Up-to-date: /home/rassito/microros_ws/install/builtin_interfaces/share/builtin_interfaces/environment/pythonpath.sh
[2.324s] -- Up-to-date: /home/rassito/microros_ws/install/builtin_interfaces/share/builtin_interfaces/environment/pythonpath.dsv
[2.324s] -- Up-to-date: /home/rassito/microros_ws/install/builtin_interfaces/lib/python3.12/site-packages/builtin_interfaces-2.0.2-py3.12.egg-info
[2.324s] -- Installing: /home/rassito/microros_ws/install/builtin_interfaces/lib/python3.12/site-packages/builtin_interfaces-2.0.2-py3.12.egg-info/top_level.txt
[2.324s] -- Installing: /home/rassito/microros_ws/install/builtin_interfaces/lib/python3.12/site-packages/builtin_interfaces-2.0.2-py3.12.egg-info/PKG-INFO
[2.324s] -- Installing: /home/rassito/microros_ws/install/builtin_interfaces/lib/python3.12/site-packages/builtin_interfaces-2.0.2-py3.12.egg-info/dependency_links.txt
[2.324s] -- Installing: /home/rassito/microros_ws/install/builtin_interfaces/lib/python3.12/site-packages/builtin_interfaces-2.0.2-py3.12.egg-info/SOURCES.txt
[2.324s] -- Up-to-date: /home/rassito/microros_ws/install/builtin_interfaces/lib/python3.12/site-packages/builtin_interfaces
[2.324s] -- Up-to-date: /home/rassito/microros_ws/install/builtin_interfaces/lib/python3.12/site-packages/builtin_interfaces/_builtin_interfaces_s.ep.rosidl_typesupport_introspection_c.c
[2.324s] -- Up-to-date: /home/rassito/microros_ws/install/builtin_interfaces/lib/python3.12/site-packages/builtin_interfaces/_builtin_interfaces_s.ep.rosidl_typesupport_microxrcedds_c.c
[2.324s] -- Up-to-date: /home/rassito/microros_ws/install/builtin_interfaces/lib/python3.12/site-packages/builtin_interfaces/_builtin_interfaces_s.ep.rosidl_typesupport_fastrtps_c.c
[2.324s] -- Up-to-date: /home/rassito/microros_ws/install/builtin_interfaces/lib/python3.12/site-packages/builtin_interfaces/_builtin_interfaces_s.ep.rosidl_typesupport_c.c
[2.324s] -- Installing: /home/rassito/microros_ws/install/builtin_interfaces/lib/python3.12/site-packages/builtin_interfaces/builtin_interfaces_s__rosidl_typesupport_c.so
[2.325s] -- Installing: /home/rassito/microros_ws/install/builtin_interfaces/lib/python3.12/site-packages/builtin_interfaces/builtin_interfaces_s__rosidl_typesupport_introspection_c.so
[2.325s] -- Installing: /home/rassito/microros_ws/install/builtin_interfaces/lib/python3.12/site-packages/builtin_interfaces/builtin_interfaces_s__rosidl_typesupport_fastrtps_c.so
[2.325s] -- Up-to-date: /home/rassito/microros_ws/install/builtin_interfaces/lib/python3.12/site-packages/builtin_interfaces/msg
[2.325s] -- Up-to-date: /home/rassito/microros_ws/install/builtin_interfaces/lib/python3.12/site-packages/builtin_interfaces/msg/_time.py
[2.325s] -- Up-to-date: /home/rassito/microros_ws/install/builtin_interfaces/lib/python3.12/site-packages/builtin_interfaces/msg/_time_s.c
[2.325s] -- Up-to-date: /home/rassito/microros_ws/install/builtin_interfaces/lib/python3.12/site-packages/builtin_interfaces/msg/_duration.py
[2.325s] -- Up-to-date: /home/rassito/microros_ws/install/builtin_interfaces/lib/python3.12/site-packages/builtin_interfaces/msg/_duration_s.c
[2.325s] -- Up-to-date: /home/rassito/microros_ws/install/builtin_interfaces/lib/python3.12/site-packages/builtin_interfaces/msg/__init__.py
[2.325s] -- Installing: /home/rassito/microros_ws/install/builtin_interfaces/lib/python3.12/site-packages/builtin_interfaces/__init__.py
[2.325s] -- Installing: /home/rassito/microros_ws/install/builtin_interfaces/lib/python3.12/site-packages/builtin_interfaces/builtin_interfaces_s__rosidl_typesupport_microxrcedds_c.so
[2.350s] Listing '/home/rassito/microros_ws/install/builtin_interfaces/lib/python3.12/site-packages/builtin_interfaces'...
[2.351s] Compiling '/home/rassito/microros_ws/install/builtin_interfaces/lib/python3.12/site-packages/builtin_interfaces/__init__.py'...
[2.351s] Listing '/home/rassito/microros_ws/install/builtin_interfaces/lib/python3.12/site-packages/builtin_interfaces/msg'...
[2.355s] -- Installing: /home/rassito/microros_ws/install/builtin_interfaces/lib/python3.12/site-packages/builtin_interfaces/builtin_interfaces_s__rosidl_typesupport_microxrcedds_c.so
[2.355s] -- Set non-toolchain portion of runtime path of "/home/rassito/microros_ws/install/builtin_interfaces/lib/python3.12/site-packages/builtin_interfaces/builtin_interfaces_s__rosidl_typesupport_microxrcedds_c.so" to ""
[2.355s] -- Installing: /home/rassito/microros_ws/install/builtin_interfaces/lib/python3.12/site-packages/builtin_interfaces/builtin_interfaces_s__rosidl_typesupport_fastrtps_c.so
[2.355s] -- Set non-toolchain portion of runtime path of "/home/rassito/microros_ws/install/builtin_interfaces/lib/python3.12/site-packages/builtin_interfaces/builtin_interfaces_s__rosidl_typesupport_fastrtps_c.so" to ""
[2.355s] -- Installing: /home/rassito/microros_ws/install/builtin_interfaces/lib/python3.12/site-packages/builtin_interfaces/builtin_interfaces_s__rosidl_typesupport_introspection_c.so
[2.355s] -- Set non-toolchain portion of runtime path of "/home/rassito/microros_ws/install/builtin_interfaces/lib/python3.12/site-packages/builtin_interfaces/builtin_interfaces_s__rosidl_typesupport_introspection_c.so" to ""
[2.356s] -- Installing: /home/rassito/microros_ws/install/builtin_interfaces/lib/python3.12/site-packages/builtin_interfaces/builtin_interfaces_s__rosidl_typesupport_c.so
[2.356s] -- Set non-toolchain portion of runtime path of "/home/rassito/microros_ws/install/builtin_interfaces/lib/python3.12/site-packages/builtin_interfaces/builtin_interfaces_s__rosidl_typesupport_c.so" to ""
[2.356s] -- Installing: /home/rassito/microros_ws/install/builtin_interfaces/lib/libbuiltin_interfaces__rosidl_generator_py.so
[2.356s] -- Set non-toolchain portion of runtime path of "/home/rassito/microros_ws/install/builtin_interfaces/lib/libbuiltin_interfaces__rosidl_generator_py.so" to ""
[2.356s] -- Up-to-date: /home/rassito/microros_ws/install/builtin_interfaces/share/builtin_interfaces/msg/Duration.idl
[2.356s] -- Up-to-date: /home/rassito/microros_ws/install/builtin_interfaces/share/builtin_interfaces/msg/Time.idl
[2.356s] -- Up-to-date: /home/rassito/microros_ws/install/builtin_interfaces/share/builtin_interfaces/msg/Duration.msg
[2.356s] -- Up-to-date: /home/rassito/microros_ws/install/builtin_interfaces/share/builtin_interfaces/msg/Time.msg
[2.356s] -- Up-to-date: /home/rassito/microros_ws/install/builtin_interfaces/share/ament_index/resource_index/package_run_dependencies/builtin_interfaces
[2.357s] -- Installing: /home/rassito/microros_ws/install/builtin_interfaces/share/ament_index/resource_index/parent_prefix_path/builtin_interfaces
[2.357s] -- Up-to-date: /home/rassito/microros_ws/install/builtin_interfaces/share/builtin_interfaces/environment/ament_prefix_path.sh
[2.357s] -- Up-to-date: /home/rassito/microros_ws/install/builtin_interfaces/share/builtin_interfaces/environment/ament_prefix_path.dsv
[2.357s] -- Up-to-date: /home/rassito/microros_ws/install/builtin_interfaces/share/builtin_interfaces/environment/path.sh
[2.357s] -- Up-to-date: /home/rassito/microros_ws/install/builtin_interfaces/share/builtin_interfaces/environment/path.dsv
[2.357s] -- Up-to-date: /home/rassito/microros_ws/install/builtin_interfaces/share/builtin_interfaces/local_setup.bash
[2.357s] -- Up-to-date: /home/rassito/microros_ws/install/builtin_interfaces/share/builtin_interfaces/local_setup.sh
[2.357s] -- Up-to-date: /home/rassito/microros_ws/install/builtin_interfaces/share/builtin_interfaces/local_setup.zsh
[2.357s] -- Up-to-date: /home/rassito/microros_ws/install/builtin_interfaces/share/builtin_interfaces/local_setup.dsv
[2.357s] -- Installing: /home/rassito/microros_ws/install/builtin_interfaces/share/builtin_interfaces/package.dsv
[2.358s] -- Up-to-date: /home/rassito/microros_ws/install/builtin_interfaces/share/ament_index/resource_index/packages/builtin_interfaces
[2.358s] -- Up-to-date: /home/rassito/microros_ws/install/builtin_interfaces/share/builtin_interfaces/cmake/export_builtin_interfaces__rosidl_generator_cExport.cmake
[2.358s] -- Up-to-date: /home/rassito/microros_ws/install/builtin_interfaces/share/builtin_interfaces/cmake/export_builtin_interfaces__rosidl_generator_cExport-noconfig.cmake
[2.358s] -- Up-to-date: /home/rassito/microros_ws/install/builtin_interfaces/share/builtin_interfaces/cmake/export_builtin_interfaces__rosidl_typesupport_fastrtps_cExport.cmake
[2.358s] -- Up-to-date: /home/rassito/microros_ws/install/builtin_interfaces/share/builtin_interfaces/cmake/export_builtin_interfaces__rosidl_typesupport_fastrtps_cExport-noconfig.cmake
[2.358s] -- Up-to-date: /home/rassito/microros_ws/install/builtin_interfaces/share/builtin_interfaces/cmake/builtin_interfaces__rosidl_typesupport_introspection_cExport.cmake
[2.358s] -- Up-to-date: /home/rassito/microros_ws/install/builtin_interfaces/share/builtin_interfaces/cmake/builtin_interfaces__rosidl_typesupport_introspection_cExport-noconfig.cmake
[2.358s] -- Up-to-date: /home/rassito/microros_ws/install/builtin_interfaces/share/builtin_interfaces/cmake/builtin_interfaces__rosidl_typesupport_cExport.cmake
[2.358s] -- Up-to-date: /home/rassito/microros_ws/install/builtin_interfaces/share/builtin_interfaces/cmake/builtin_interfaces__rosidl_typesupport_cExport-noconfig.cmake
[2.358s] -- Up-to-date: /home/rassito/microros_ws/install/builtin_interfaces/share/builtin_interfaces/cmake/export_builtin_interfaces__rosidl_generator_cppExport.cmake
[2.358s] -- Up-to-date: /home/rassito/microros_ws/install/builtin_interfaces/share/builtin_interfaces/cmake/export_builtin_interfaces__rosidl_typesupport_fastrtps_cppExport.cmake
[2.358s] -- Up-to-date: /home/rassito/microros_ws/install/builtin_interfaces/share/builtin_interfaces/cmake/export_builtin_interfaces__rosidl_typesupport_fastrtps_cppExport-noconfig.cmake
[2.358s] -- Up-to-date: /home/rassito/microros_ws/install/builtin_interfaces/share/builtin_interfaces/cmake/builtin_interfaces__rosidl_typesupport_introspection_cppExport.cmake
[2.359s] -- Up-to-date: /home/rassito/microros_ws/install/builtin_interfaces/share/builtin_interfaces/cmake/builtin_interfaces__rosidl_typesupport_introspection_cppExport-noconfig.cmake
[2.359s] -- Up-to-date: /home/rassito/microros_ws/install/builtin_interfaces/share/builtin_interfaces/cmake/builtin_interfaces__rosidl_typesupport_cppExport.cmake
[2.359s] -- Up-to-date: /home/rassito/microros_ws/install/builtin_interfaces/share/builtin_interfaces/cmake/builtin_interfaces__rosidl_typesupport_cppExport-noconfig.cmake
[2.359s] -- Up-to-date: /home/rassito/microros_ws/install/builtin_interfaces/share/builtin_interfaces/cmake/export_builtin_interfaces__rosidl_generator_pyExport.cmake
[2.359s] -- Up-to-date: /home/rassito/microros_ws/install/builtin_interfaces/share/builtin_interfaces/cmake/export_builtin_interfaces__rosidl_generator_pyExport-noconfig.cmake
[2.359s] -- Up-to-date: /home/rassito/microros_ws/install/builtin_interfaces/share/builtin_interfaces/cmake/rosidl_cmake-extras.cmake
[2.359s] -- Installing: /home/rassito/microros_ws/install/builtin_interfaces/share/builtin_interfaces/cmake/ament_cmake_export_include_directories-extras.cmake
[2.359s] -- Up-to-date: /home/rassito/microros_ws/install/builtin_interfaces/share/builtin_interfaces/cmake/ament_cmake_export_libraries-extras.cmake
[2.359s] -- Up-to-date: /home/rassito/microros_ws/install/builtin_interfaces/share/builtin_interfaces/cmake/ament_cmake_export_targets-extras.cmake
[2.359s] -- Up-to-date: /home/rassito/microros_ws/install/builtin_interfaces/share/builtin_interfaces/cmake/rosidl_cmake_export_typesupport_targets-extras.cmake
[2.359s] -- Up-to-date: /home/rassito/microros_ws/install/builtin_interfaces/share/builtin_interfaces/cmake/ament_cmake_export_dependencies-extras.cmake
[2.360s] -- Installing: /home/rassito/microros_ws/install/builtin_interfaces/share/builtin_interfaces/cmake/rosidl_cmake_export_typesupport_libraries-extras.cmake
[2.360s] -- Up-to-date: /home/rassito/microros_ws/install/builtin_interfaces/share/builtin_interfaces/cmake/builtin_interfacesConfig.cmake
[2.360s] -- Up-to-date: /home/rassito/microros_ws/install/builtin_interfaces/share/builtin_interfaces/cmake/builtin_interfacesConfig-version.cmake
[2.360s] -- Up-to-date: /home/rassito/microros_ws/install/builtin_interfaces/share/builtin_interfaces/package.xml
[2.361s] Invoked command in '/home/rassito/microros_ws/build/builtin_interfaces' returned '0': CMAKE_PREFIX_PATH=${CMAKE_PREFIX_PATH}:/home/rassito/microros_ws/install/sensor_msgs_py:/home/rassito/ros_ws/install/super_pkg:/opt/ros/jazzy DEBUGINFOD_URLS=https://debuginfod.ubuntu.com /usr/bin/cmake --install /home/rassito/microros_ws/build/builtin_interfaces
