[0.039s] Invoking command in '/home/rassito/microros_ws/build/micro_ros_demos_rclc': CMAKE_PREFIX_PATH=/home/rassito/microros_ws/install/visualization_msgs:/home/rassito/microros_ws/install/sensor_msgs:/home/rassito/microros_ws/install/rmw_microxrcedds:/home/rassito/microros_ws/install/rclc_parameter:/home/rassito/microros_ws/install/rosidl_typesupport_microxrcedds_cpp:/home/rassito/microros_ws/install/rclc:/home/rassito/microros_ws/install/geometry_msgs:/home/rassito/microros_ws/install/test_msgs:/home/rassito/microros_ws/install/std_msgs:/home/rassito/microros_ws/install/rosidl_typesupport_microxrcedds_c:/home/rassito/microros_ws/install/rcl_interfaces:/home/rassito/microros_ws/install/microxrcedds_client:/home/rassito/microros_ws/install/complex_msgs:/home/rassito/microros_ws/install/test_interface_files:/home/rassito/microros_ws/install/microcdr:/home/rassito/microros_ws/install/micro_ros_utilities:/home/rassito/microros_ws/install/micro_ros_msgs:/home/rassito/microros_ws/install/example_interfaces:/home/rassito/microros_ws/install/builtin_interfaces:/home/rassito/microros_ws/install/micro_ros_demos_rclc:/home/rassito/microros_ws/install/common_interfaces:/home/rassito/microros_ws/install/action_msgs:/home/rassito/microros_ws/install/unique_identifier_msgs:/home/rassito/microros_ws/install/type_description_interfaces:/home/rassito/microros_ws/install/trajectory_msgs:/home/rassito/microros_ws/install/stereo_msgs:/home/rassito/microros_ws/install/std_srvs:/home/rassito/microros_ws/install/shape_msgs:/home/rassito/microros_ws/install/nav_msgs:/home/rassito/microros_ws/install/diagnostic_msgs:/home/rassito/microros_ws/install/drive_base_msgs:/home/rassito/microros_ws/install/actionlib_msgs:/home/rassito/microros_ws/install/statistics_msgs:/home/rassito/microros_ws/install/service_msgs:/home/rassito/microros_ws/install/rosidl_typesupport_microxrcedds_test_msg:/home/rassito/microros_ws/install/rosidl_typesupport_microxrcedds_cpp_tests:/home/rassito/microros_ws/install/rosidl_typesupport_microxrcedds_c_tests:/home/rassito/microros_ws/install/rosgraph_msgs:/home/rassito/microros_ws/install/composition_interfaces:/home/rassito/microros_ws/install/micro_ros_setup:/home/rassito/microros_ws/install/micro_ros_agent:/home/rassito/microros_ws/install/lifecycle_msgs:/opt/ros/jazzy/opt/sdformat_vendor:/opt/ros/jazzy/opt/gz_math_vendor:/opt/ros/jazzy/opt/gz_utils_vendor:/opt/ros/jazzy/opt/gz_tools_vendor:/opt/ros/jazzy/opt/gz_cmake_vendor:/home/rassito/microros_ws/install/sensor_msgs_py:/home/rassito/ros_ws/install/super_pkg:/opt/ros/jazzy DEBUGINFOD_URLS=https://debuginfod.ubuntu.com LD_LIBRARY_PATH=/home/rassito/microros_ws/install/visualization_msgs/lib:/home/rassito/microros_ws/install/sensor_msgs/lib:/home/rassito/microros_ws/install/rmw_microxrcedds/lib:/home/rassito/microros_ws/install/rclc_parameter/lib:/home/rassito/microros_ws/install/rosidl_typesupport_microxrcedds_cpp/lib:/home/rassito/microros_ws/install/rclc/lib:/home/rassito/microros_ws/install/geometry_msgs/lib:/home/rassito/microros_ws/install/test_msgs/lib:/home/rassito/microros_ws/install/std_msgs/lib:/home/rassito/microros_ws/install/rosidl_typesupport_microxrcedds_c/lib:/home/rassito/microros_ws/install/rcl_interfaces/lib:/home/rassito/microros_ws/install/microxrcedds_client/lib:/home/rassito/microros_ws/install/complex_msgs/lib:/home/rassito/microros_ws/install/microcdr/lib:/home/rassito/microros_ws/install/micro_ros_utilities/lib:/home/rassito/microros_ws/install/micro_ros_msgs/lib:/home/rassito/microros_ws/install/example_interfaces/lib:/home/rassito/microros_ws/install/builtin_interfaces/lib:/home/rassito/microros_ws/install/action_msgs/lib:/home/rassito/microros_ws/install/unique_identifier_msgs/lib:/home/rassito/microros_ws/install/type_description_interfaces/lib:/home/rassito/microros_ws/install/trajectory_msgs/lib:/home/rassito/microros_ws/install/stereo_msgs/lib:/home/rassito/microros_ws/install/std_srvs/lib:/home/rassito/microros_ws/install/shape_msgs/lib:/home/rassito/microros_ws/install/nav_msgs/lib:/home/rassito/microros_ws/install/diagnostic_msgs/lib:/home/rassito/microros_ws/install/drive_base_msgs/lib:/home/rassito/microros_ws/install/actionlib_msgs/lib:/home/rassito/microros_ws/install/statistics_msgs/lib:/home/rassito/microros_ws/install/service_msgs/lib:/home/rassito/microros_ws/install/rosgraph_msgs/lib:/home/rassito/microros_ws/install/composition_interfaces/lib:/home/rassito/microros_ws/install/micro_ros_agent/lib:/home/rassito/microros_ws/install/lifecycle_msgs/lib:/opt/ros/jazzy/opt/sdformat_vendor/lib:/opt/ros/jazzy/opt/rviz_ogre_vendor/lib:/opt/ros/jazzy/lib/x86_64-linux-gnu:/opt/ros/jazzy/opt/gz_math_vendor/lib:/opt/ros/jazzy/opt/gz_utils_vendor/lib:/opt/ros/jazzy/opt/gz_tools_vendor/lib:/opt/ros/jazzy/opt/gz_cmake_vendor/lib:/opt/ros/jazzy/lib PYTHONPATH=/home/rassito/microros_ws/install/visualization_msgs/lib/python3.12/site-packages:/home/rassito/microros_ws/install/sensor_msgs/lib/python3.12/site-packages:/home/rassito/microros_ws/install/rosidl_typesupport_microxrcedds_cpp/lib/python3.12/site-packages:/home/rassito/microros_ws/install/geometry_msgs/lib/python3.12/site-packages:/home/rassito/microros_ws/install/test_msgs/lib/python3.12/site-packages:/home/rassito/microros_ws/install/std_msgs/lib/python3.12/site-packages:/home/rassito/microros_ws/install/rosidl_typesupport_microxrcedds_c/lib/python3.12/site-packages:/home/rassito/microros_ws/install/rcl_interfaces/lib/python3.12/site-packages:/home/rassito/microros_ws/install/complex_msgs/lib/python3.12/site-packages:/home/rassito/microros_ws/install/micro_ros_msgs/lib/python3.12/site-packages:/home/rassito/microros_ws/install/example_interfaces/lib/python3.12/site-packages:/home/rassito/microros_ws/install/builtin_interfaces/lib/python3.12/site-packages:/home/rassito/microros_ws/install/action_msgs/lib/python3.12/site-packages:/home/rassito/microros_ws/install/unique_identifier_msgs/lib/python3.12/site-packages:/home/rassito/microros_ws/install/type_description_interfaces/lib/python3.12/site-packages:/home/rassito/microros_ws/install/trajectory_msgs/lib/python3.12/site-packages:/home/rassito/microros_ws/install/stereo_msgs/lib/python3.12/site-packages:/home/rassito/microros_ws/install/std_srvs/lib/python3.12/site-packages:/home/rassito/microros_ws/install/shape_msgs/lib/python3.12/site-packages:/home/rassito/microros_ws/install/sensor_msgs_py/lib/python3.12/site-packages:/home/rassito/microros_ws/install/nav_msgs/lib/python3.12/site-packages:/home/rassito/microros_ws/install/diagnostic_msgs/lib/python3.12/site-packages:/home/rassito/microros_ws/install/drive_base_msgs/lib/python3.12/site-packages:/home/rassito/microros_ws/install/actionlib_msgs/lib/python3.12/site-packages:/home/rassito/microros_ws/install/statistics_msgs/lib/python3.12/site-packages:/home/rassito/microros_ws/install/service_msgs/lib/python3.12/site-packages:/home/rassito/microros_ws/install/rosgraph_msgs/lib/python3.12/site-packages:/home/rassito/microros_ws/install/composition_interfaces/lib/python3.12/site-packages:/home/rassito/microros_ws/install/lifecycle_msgs/lib/python3.12/site-packages:/home/rassito/ros_ws/build/super_pkg:/home/rassito/ros_ws/install/super_pkg/lib/python3.12/site-packages:/opt/ros/jazzy/lib/python3.12/site-packages /usr/bin/cmake --build /home/rassito/microros_ws/build/micro_ros_demos_rclc -- -j16 -l16
[0.086s] [  0%] [34m[1mPerforming build step for 'publisher_count'[0m
[0.086s] [  1%] [34m[1mPerforming build step for 'configured_publisher'[0m
[0.086s] [  1%] [34m[1mPerforming build step for 'subscription_count'[0m
[0.087s] [  2%] [34m[1mPerforming build step for 'configured_subscriber'[0m
[0.087s] [  2%] [34m[1mPerforming build step for 'addtwoints_client'[0m
[0.087s] [  3%] [34m[1mPerforming build step for 'fibonacci_action_server'[0m
[0.089s] [  4%] [34m[1mPerforming build step for 'int32_multinode'[0m
[0.089s] [  4%] [34m[1mPerforming build step for 'addtwoints_server'[0m
[0.089s] [  4%] [34m[1mPerforming build step for 'fibonacci_action_client'[0m
[0.089s] [  4%] [34m[1mPerforming build step for 'int32_publisher'[0m
[0.089s] [  5%] [34m[1mPerforming build step for 'ping_pong'[0m
[0.090s] [  5%] [34m[1mPerforming build step for 'int32_publisher_subscriber'[0m
[0.090s] [  6%] [34m[1mPerforming build step for 'int32_subscriber'[0m
[0.093s] [  6%] [34m[1mPerforming build step for 'fragmented_publication'[0m
[0.093s] [  7%] [34m[1mPerforming build step for 'graph_visualizer'[0m
[0.096s] [  8%] [34m[1mPerforming build step for 'ping_uros_agent'[0m
[0.135s] [100%] Built target fibonacci_action_server
[0.135s] [100%] Built target subscription_count
[0.137s] [100%] Built target configured_publisher
[0.137s] [100%] Built target addtwoints_client
[0.137s] [100%] Built target int32_publisher
[0.139s] [100%] Built target int32_publisher_subscriber
[0.139s] [100%] Built target addtwoints_server
[0.141s] [100%] Built target publisher_count
[0.141s] [100%] Built target ping_pong
[0.147s] [100%] Built target configured_subscriber
[0.147s] [100%] Built target fibonacci_action_client
[0.147s] [100%] Built target graph_visualizer
[0.149s] [100%] Built target ping_uros_agent
[0.149s] [100%] Built target fragmented_publication
[0.153s] [100%] Built target int32_multinode
[0.156s] [  8%] [34m[1mPerforming install step for 'fibonacci_action_server'[0m
[0.157s] [  9%] [34m[1mPerforming install step for 'addtwoints_client'[0m
[0.158s] [100%] Built target int32_subscriber
[0.159s] [  9%] [34m[1mPerforming install step for 'configured_publisher'[0m
[0.159s] [  9%] [34m[1mPerforming install step for 'int32_publisher_subscriber'[0m
[0.159s] [  9%] [34m[1mPerforming install step for 'subscription_count'[0m
[0.159s] [ 10%] [34m[1mPerforming install step for 'int32_publisher'[0m
[0.164s] [ 11%] [34m[1mPerforming install step for 'addtwoints_server'[0m
[0.164s] [ 12%] [34m[1mPerforming install step for 'publisher_count'[0m
[0.164s] [ 12%] [34m[1mPerforming install step for 'ping_pong'[0m
[0.167s] [ 12%] [34m[1mPerforming install step for 'graph_visualizer'[0m
[0.168s] [ 12%] [34m[1mPerforming install step for 'fibonacci_action_client'[0m
[0.168s] [ 12%] [34m[1mPerforming install step for 'configured_subscriber'[0m
[0.169s] [ 13%] [34m[1mPerforming install step for 'fragmented_publication'[0m
[0.177s] [ 13%] [34m[1mPerforming install step for 'int32_multinode'[0m
[0.177s] [ 14%] [34m[1mPerforming install step for 'ping_uros_agent'[0m
[0.179s] [ 14%] [34m[1mPerforming install step for 'int32_subscriber'[0m
[0.211s] [100%] Built target fibonacci_action_server
[0.211s] [100%] Built target configured_publisher
[0.212s] [100%] Built target addtwoints_client
[0.214s] [100%] Built target subscription_count
[0.214s] [100%] Built target int32_publisher_subscriber
[0.216s] [100%] Built target publisher_count
[0.218s] [100%] Built target addtwoints_server
[0.220s] [100%] Built target fibonacci_action_client
[0.224s] [100%] Built target fragmented_publication
[0.224s] [100%] Built target configured_subscriber
[0.224s] [100%] Built target int32_publisher
[0.226s] [100%] Built target graph_visualizer
[0.230s] [100%] Built target ping_pong
[0.231s] [36mInstall the project...[0m
[0.232s] [36mInstall the project...[0m
[0.237s] [36mInstall the project...[0m
[0.237s] [100%] Built target int32_multinode
[0.237s] [36mInstall the project...[0m
[0.237s] [36mInstall the project...[0m
[0.237s] [100%] Built target ping_uros_agent
[0.237s] [36mInstall the project...[0m
[0.237s] [100%] Built target int32_subscriber
[0.241s] -- Install configuration: ""
[0.241s] -- Up-to-date: /home/rassito/microros_ws/build/micro_ros_demos_rclc/temp_install/fibonacci_action_server/fibonacci_action_server
[0.242s] -- Install configuration: ""
[0.242s] -- Up-to-date: /home/rassito/microros_ws/build/micro_ros_demos_rclc/temp_install/configured_publisher/configured_publisher
[0.243s] -- Install configuration: ""
[0.243s] -- Up-to-date: /home/rassito/microros_ws/build/micro_ros_demos_rclc/temp_install/addtwoints_client/addtwoints_client
[0.247s] [36mInstall the project...[0m
[0.247s] -- Install configuration: ""
[0.247s] -- Install configuration: ""
[0.247s] [36mInstall the project...[0m
[0.247s] -- Up-to-date: /home/rassito/microros_ws/build/micro_ros_demos_rclc/temp_install/int32_publisher_subscriber/int32_publisher_subscriber
[0.247s] [36mInstall the project...[0m
[0.247s] -- Up-to-date: /home/rassito/microros_ws/build/micro_ros_demos_rclc/temp_install/subscription_count/subscription_count
[0.247s] -- Install configuration: ""
[0.248s] -- Up-to-date: /home/rassito/microros_ws/build/micro_ros_demos_rclc/temp_install/publisher_count/publisher_count
[0.248s] [36mInstall the project...[0m
[0.249s] [36mInstall the project...[0m
[0.249s] [36mInstall the project...[0m
[0.255s] [ 14%] [34m[1mCompleted 'configured_publisher'[0m
[0.255s] [ 14%] [34m[1mCompleted 'fibonacci_action_server'[0m
[0.255s] [36mInstall the project...[0m
[0.258s] -- Install configuration: ""
[0.258s] -- Install configuration: ""
[0.258s] -- Install configuration: ""
[0.259s] [ 15%] [34m[1mCompleted 'int32_publisher_subscriber'[0m
[0.259s] -- Install configuration: ""
[0.259s] -- Up-to-date: /home/rassito/microros_ws/build/micro_ros_demos_rclc/temp_install/fibonacci_action_client/fibonacci_action_client
[0.259s] -- Up-to-date: /home/rassito/microros_ws/build/micro_ros_demos_rclc/temp_install/fragmented_publication/fragmented_publication
[0.259s] -- Up-to-date: /home/rassito/microros_ws/build/micro_ros_demos_rclc/temp_install/configured_subscriber/configured_subscriber
[0.259s] -- Up-to-date: /home/rassito/microros_ws/build/micro_ros_demos_rclc/temp_install/int32_publisher/int32_publisher
[0.259s] [ 14%] [34m[1mCompleted 'addtwoints_client'[0m
[0.259s] [ 16%] [34m[1mCompleted 'publisher_count'[0m
[0.259s] -- Install configuration: ""
[0.259s] -- Up-to-date: /home/rassito/microros_ws/build/micro_ros_demos_rclc/temp_install/addtwoints_server/addtwoints_server
[0.261s] [36mInstall the project...[0m
[0.261s] [36mInstall the project...[0m
[0.263s] [36mInstall the project...[0m
[0.264s] [ 17%] [34m[1mCompleted 'subscription_count'[0m
[0.264s] -- Install configuration: ""
[0.268s] -- Up-to-date: /home/rassito/microros_ws/build/micro_ros_demos_rclc/temp_install/graph_visualizer/graph_visualizer
[0.268s] -- Install configuration: ""
[0.268s] -- Up-to-date: /home/rassito/microros_ws/build/micro_ros_demos_rclc/temp_install/int32_multinode/int32_multinode
[0.268s] [ 17%] [34m[1mCompleted 'configured_subscriber'[0m
[0.269s] [ 17%] [34m[1mCompleted 'fragmented_publication'[0m
[0.269s] [ 18%] [34m[1mCompleted 'int32_publisher'[0m
[0.269s] [ 19%] [34m[1mCompleted 'fibonacci_action_client'[0m
[0.270s] [ 20%] [34m[1mCompleted 'addtwoints_server'[0m
[0.271s] -- Install configuration: ""
[0.272s] -- Up-to-date: /home/rassito/microros_ws/build/micro_ros_demos_rclc/temp_install/int32_subscriber/int32_subscriber
[0.272s] -- Install configuration: ""
[0.272s] -- Up-to-date: /home/rassito/microros_ws/build/micro_ros_demos_rclc/temp_install/ping_uros_agent/ping_uros_agent
[0.273s] -- Install configuration: ""
[0.273s] -- Up-to-date: /home/rassito/microros_ws/build/micro_ros_demos_rclc/temp_install/ping_pong/ping_pong
[0.276s] [ 20%] [34m[1mCompleted 'graph_visualizer'[0m
[0.277s] [ 20%] [34m[1mCompleted 'int32_multinode'[0m
[0.285s] [ 20%] [34m[1mCompleted 'ping_pong'[0m
[0.289s] [ 20%] [34m[1mCompleted 'ping_uros_agent'[0m
[0.291s] [ 20%] [34m[1mCompleted 'int32_subscriber'[0m
[0.294s] [ 23%] Built target configured_publisher
[0.299s] [ 25%] Built target addtwoints_client
[0.301s] [ 28%] Built target fibonacci_action_server
[0.305s] [ 30%] Built target publisher_count
[0.305s] [ 33%] Built target subscription_count
[0.308s] [ 36%] Built target configured_subscriber
[0.308s] [ 37%] Built target fragmented_publication
[0.309s] [ 40%] Built target fibonacci_action_client
[0.310s] [ 42%] Built target addtwoints_server
[0.312s] [ 45%] Built target int32_publisher_subscriber
[0.316s] [ 47%] Built target int32_multinode
[0.319s] [ 49%] Built target int32_publisher
[0.324s] [ 50%] [34m[1mPerforming build step for 'complex_msg_publisher'[0m
[0.324s] [ 50%] [34m[1mPerforming build step for 'fragmented_subscription'[0m
[0.326s] [ 51%] Built target ping_uros_agent
[0.326s] [ 52%] [34m[1mPerforming build step for 'string_publisher'[0m
[0.326s] [ 55%] Built target graph_visualizer
[0.327s] [ 58%] Built target ping_pong
[0.329s] [ 58%] [34m[1mPerforming build step for 'complex_msg_subscriber'[0m
[0.330s] [ 59%] [34m[1mPerforming build step for 'timer'[0m
[0.333s] [ 60%] [34m[1mPerforming build step for 'autodiscover_agent'[0m
[0.333s] [ 60%] [34m[1mPerforming build step for 'string_subscriber'[0m
[0.335s] [ 60%] [34m[1mPerforming build step for 'epoch_synchronization'[0m
[0.336s] [ 62%] Built target int32_subscriber
[0.336s] [ 63%] [34m[1mPerforming build step for 'static_type_handling'[0m
[0.337s] [ 63%] [34m[1mPerforming build step for 'parameter_server'[0m
[0.343s] [ 63%] [34m[1mPerforming build step for 'multithread_publisher_subscriber'[0m
[0.372s] [100%] Built target string_subscriber
[0.374s] [100%] Built target complex_msg_publisher
[0.374s] [100%] Built target fragmented_subscription
[0.375s] [100%] Built target timer
[0.375s] [100%] Built target autodiscover_agent
[0.375s] [100%] Built target string_publisher
[0.376s] [100%] Built target complex_msg_subscriber
[0.380s] [100%] Built target epoch_synchronization
[0.382s] [100%] Built target static_type_handling
[0.385s] [100%] Built target parameter_server
[0.388s] [100%] Built target multithread_publisher_subscriber
[0.391s] [ 64%] [34m[1mPerforming install step for 'string_subscriber'[0m
[0.391s] [ 64%] [34m[1mPerforming install step for 'timer'[0m
[0.392s] [ 64%] [34m[1mPerforming install step for 'autodiscover_agent'[0m
[0.393s] [ 65%] [34m[1mPerforming install step for 'fragmented_subscription'[0m
[0.393s] [ 66%] [34m[1mPerforming install step for 'complex_msg_publisher'[0m
[0.395s] [ 66%] [34m[1mPerforming install step for 'string_publisher'[0m
[0.395s] [ 67%] [34m[1mPerforming install step for 'complex_msg_subscriber'[0m
[0.397s] [ 68%] [34m[1mPerforming install step for 'epoch_synchronization'[0m
[0.397s] [ 68%] [34m[1mPerforming install step for 'static_type_handling'[0m
[0.403s] [ 69%] [34m[1mPerforming install step for 'multithread_publisher_subscriber'[0m
[0.403s] [ 69%] [34m[1mPerforming install step for 'parameter_server'[0m
[0.429s] [100%] Built target timer
[0.436s] [100%] Built target fragmented_subscription
[0.437s] [100%] Built target string_subscriber
[0.439s] [100%] Built target autodiscover_agent
[0.441s] [100%] Built target string_publisher
[0.441s] [100%] Built target complex_msg_subscriber
[0.444s] [100%] Built target static_type_handling
[0.446s] [100%] Built target complex_msg_publisher
[0.447s] [100%] Built target epoch_synchronization
[0.448s] [36mInstall the project...[0m
[0.449s] [100%] Built target parameter_server
[0.452s] [36mInstall the project...[0m
[0.453s] [100%] Built target multithread_publisher_subscriber
[0.456s] [36mInstall the project...[0m
[0.457s] -- Install configuration: ""
[0.458s] -- Up-to-date: /home/rassito/microros_ws/build/micro_ros_demos_rclc/temp_install/timer/timer
[0.458s] [36mInstall the project...[0m
[0.458s] [36mInstall the project...[0m
[0.459s] -- Install configuration: ""
[0.459s] -- Up-to-date: /home/rassito/microros_ws/build/micro_ros_demos_rclc/temp_install/fragmented_subscription/fragmented_subscription
[0.460s] [36mInstall the project...[0m
[0.463s] [36mInstall the project...[0m
[0.464s] -- Install configuration: ""
[0.464s] -- Up-to-date: /home/rassito/microros_ws/build/micro_ros_demos_rclc/temp_install/string_subscriber/string_subscriber
[0.467s] [36mInstall the project...[0m
[0.467s] [36mInstall the project...[0m
[0.467s] -- Install configuration: ""
[0.468s] -- Up-to-date: /home/rassito/microros_ws/build/micro_ros_demos_rclc/temp_install/autodiscover_agent/autodiscover_agent
[0.468s] [36mInstall the project...[0m
[0.468s] -- Install configuration: ""
[0.468s] -- Up-to-date: /home/rassito/microros_ws/build/micro_ros_demos_rclc/temp_install/complex_msg_subscriber/complex_msg_subscriber
[0.469s] [ 69%] [34m[1mCompleted 'timer'[0m
[0.469s] -- Install configuration: ""
[0.469s] -- Up-to-date: /home/rassito/microros_ws/build/micro_ros_demos_rclc/temp_install/string_publisher/string_publisher
[0.470s] [ 70%] [34m[1mCompleted 'fragmented_subscription'[0m
[0.471s] [36mInstall the project...[0m
[0.471s] -- Install configuration: ""
[0.471s] -- Up-to-date: /home/rassito/microros_ws/build/micro_ros_demos_rclc/temp_install/static_type_handling/static_type_handling
[0.475s] -- Install configuration: ""
[0.475s] -- Up-to-date: /home/rassito/microros_ws/build/micro_ros_demos_rclc/temp_install/parameter_server/parameter_server
[0.475s] [ 71%] [34m[1mCompleted 'string_subscriber'[0m
[0.476s] -- Install configuration: ""
[0.476s] -- Up-to-date: /home/rassito/microros_ws/build/micro_ros_demos_rclc/temp_install/complex_msg_publisher/complex_msg_publisher
[0.478s] -- Install configuration: ""
[0.478s] -- Up-to-date: /home/rassito/microros_ws/build/micro_ros_demos_rclc/temp_install/epoch_synchronization/epoch_synchronization
[0.479s] [ 71%] [34m[1mCompleted 'autodiscover_agent'[0m
[0.479s] [ 71%] [34m[1mCompleted 'static_type_handling'[0m
[0.479s] [ 71%] [34m[1mCompleted 'string_publisher'[0m
[0.481s] [ 72%] [34m[1mCompleted 'complex_msg_subscriber'[0m
[0.481s] -- Install configuration: ""
[0.481s] -- Up-to-date: /home/rassito/microros_ws/build/micro_ros_demos_rclc/temp_install/multithread_publisher_subscriber/multithread_publisher_subscriber
[0.483s] [ 73%] [34m[1mCompleted 'parameter_server'[0m
[0.486s] [ 73%] [34m[1mCompleted 'complex_msg_publisher'[0m
[0.488s] [ 74%] [34m[1mCompleted 'epoch_synchronization'[0m
[0.489s] [ 75%] [34m[1mCompleted 'multithread_publisher_subscriber'[0m
[0.501s] [ 78%] Built target timer
[0.506s] [ 80%] Built target string_subscriber
[0.508s] [ 82%] Built target fragmented_subscription
[0.511s] [ 84%] Built target string_publisher
[0.511s] [ 87%] Built target static_type_handling
[0.513s] [ 90%] Built target autodiscover_agent
[0.514s] [ 91%] Built target complex_msg_publisher
[0.515s] [ 94%] Built target parameter_server
[0.515s] [ 96%] Built target complex_msg_subscriber
[0.517s] [ 98%] Built target multithread_publisher_subscriber
[0.518s] [100%] Built target epoch_synchronization
[0.527s] Invoked command in '/home/rassito/microros_ws/build/micro_ros_demos_rclc' returned '0': CMAKE_PREFIX_PATH=/home/rassito/microros_ws/install/visualization_msgs:/home/rassito/microros_ws/install/sensor_msgs:/home/rassito/microros_ws/install/rmw_microxrcedds:/home/rassito/microros_ws/install/rclc_parameter:/home/rassito/microros_ws/install/rosidl_typesupport_microxrcedds_cpp:/home/rassito/microros_ws/install/rclc:/home/rassito/microros_ws/install/geometry_msgs:/home/rassito/microros_ws/install/test_msgs:/home/rassito/microros_ws/install/std_msgs:/home/rassito/microros_ws/install/rosidl_typesupport_microxrcedds_c:/home/rassito/microros_ws/install/rcl_interfaces:/home/rassito/microros_ws/install/microxrcedds_client:/home/rassito/microros_ws/install/complex_msgs:/home/rassito/microros_ws/install/test_interface_files:/home/rassito/microros_ws/install/microcdr:/home/rassito/microros_ws/install/micro_ros_utilities:/home/rassito/microros_ws/install/micro_ros_msgs:/home/rassito/microros_ws/install/example_interfaces:/home/rassito/microros_ws/install/builtin_interfaces:/home/rassito/microros_ws/install/micro_ros_demos_rclc:/home/rassito/microros_ws/install/common_interfaces:/home/rassito/microros_ws/install/action_msgs:/home/rassito/microros_ws/install/unique_identifier_msgs:/home/rassito/microros_ws/install/type_description_interfaces:/home/rassito/microros_ws/install/trajectory_msgs:/home/rassito/microros_ws/install/stereo_msgs:/home/rassito/microros_ws/install/std_srvs:/home/rassito/microros_ws/install/shape_msgs:/home/rassito/microros_ws/install/nav_msgs:/home/rassito/microros_ws/install/diagnostic_msgs:/home/rassito/microros_ws/install/drive_base_msgs:/home/rassito/microros_ws/install/actionlib_msgs:/home/rassito/microros_ws/install/statistics_msgs:/home/rassito/microros_ws/install/service_msgs:/home/rassito/microros_ws/install/rosidl_typesupport_microxrcedds_test_msg:/home/rassito/microros_ws/install/rosidl_typesupport_microxrcedds_cpp_tests:/home/rassito/microros_ws/install/rosidl_typesupport_microxrcedds_c_tests:/home/rassito/microros_ws/install/rosgraph_msgs:/home/rassito/microros_ws/install/composition_interfaces:/home/rassito/microros_ws/install/micro_ros_setup:/home/rassito/microros_ws/install/micro_ros_agent:/home/rassito/microros_ws/install/lifecycle_msgs:/opt/ros/jazzy/opt/sdformat_vendor:/opt/ros/jazzy/opt/gz_math_vendor:/opt/ros/jazzy/opt/gz_utils_vendor:/opt/ros/jazzy/opt/gz_tools_vendor:/opt/ros/jazzy/opt/gz_cmake_vendor:/home/rassito/microros_ws/install/sensor_msgs_py:/home/rassito/ros_ws/install/super_pkg:/opt/ros/jazzy DEBUGINFOD_URLS=https://debuginfod.ubuntu.com LD_LIBRARY_PATH=/home/rassito/microros_ws/install/visualization_msgs/lib:/home/rassito/microros_ws/install/sensor_msgs/lib:/home/rassito/microros_ws/install/rmw_microxrcedds/lib:/home/rassito/microros_ws/install/rclc_parameter/lib:/home/rassito/microros_ws/install/rosidl_typesupport_microxrcedds_cpp/lib:/home/rassito/microros_ws/install/rclc/lib:/home/rassito/microros_ws/install/geometry_msgs/lib:/home/rassito/microros_ws/install/test_msgs/lib:/home/rassito/microros_ws/install/std_msgs/lib:/home/rassito/microros_ws/install/rosidl_typesupport_microxrcedds_c/lib:/home/rassito/microros_ws/install/rcl_interfaces/lib:/home/rassito/microros_ws/install/microxrcedds_client/lib:/home/rassito/microros_ws/install/complex_msgs/lib:/home/rassito/microros_ws/install/microcdr/lib:/home/rassito/microros_ws/install/micro_ros_utilities/lib:/home/rassito/microros_ws/install/micro_ros_msgs/lib:/home/rassito/microros_ws/install/example_interfaces/lib:/home/rassito/microros_ws/install/builtin_interfaces/lib:/home/rassito/microros_ws/install/action_msgs/lib:/home/rassito/microros_ws/install/unique_identifier_msgs/lib:/home/rassito/microros_ws/install/type_description_interfaces/lib:/home/rassito/microros_ws/install/trajectory_msgs/lib:/home/rassito/microros_ws/install/stereo_msgs/lib:/home/rassito/microros_ws/install/std_srvs/lib:/home/rassito/microros_ws/install/shape_msgs/lib:/home/rassito/microros_ws/install/nav_msgs/lib:/home/rassito/microros_ws/install/diagnostic_msgs/lib:/home/rassito/microros_ws/install/drive_base_msgs/lib:/home/rassito/microros_ws/install/actionlib_msgs/lib:/home/rassito/microros_ws/install/statistics_msgs/lib:/home/rassito/microros_ws/install/service_msgs/lib:/home/rassito/microros_ws/install/rosgraph_msgs/lib:/home/rassito/microros_ws/install/composition_interfaces/lib:/home/rassito/microros_ws/install/micro_ros_agent/lib:/home/rassito/microros_ws/install/lifecycle_msgs/lib:/opt/ros/jazzy/opt/sdformat_vendor/lib:/opt/ros/jazzy/opt/rviz_ogre_vendor/lib:/opt/ros/jazzy/lib/x86_64-linux-gnu:/opt/ros/jazzy/opt/gz_math_vendor/lib:/opt/ros/jazzy/opt/gz_utils_vendor/lib:/opt/ros/jazzy/opt/gz_tools_vendor/lib:/opt/ros/jazzy/opt/gz_cmake_vendor/lib:/opt/ros/jazzy/lib PYTHONPATH=/home/rassito/microros_ws/install/visualization_msgs/lib/python3.12/site-packages:/home/rassito/microros_ws/install/sensor_msgs/lib/python3.12/site-packages:/home/rassito/microros_ws/install/rosidl_typesupport_microxrcedds_cpp/lib/python3.12/site-packages:/home/rassito/microros_ws/install/geometry_msgs/lib/python3.12/site-packages:/home/rassito/microros_ws/install/test_msgs/lib/python3.12/site-packages:/home/rassito/microros_ws/install/std_msgs/lib/python3.12/site-packages:/home/rassito/microros_ws/install/rosidl_typesupport_microxrcedds_c/lib/python3.12/site-packages:/home/rassito/microros_ws/install/rcl_interfaces/lib/python3.12/site-packages:/home/rassito/microros_ws/install/complex_msgs/lib/python3.12/site-packages:/home/rassito/microros_ws/install/micro_ros_msgs/lib/python3.12/site-packages:/home/rassito/microros_ws/install/example_interfaces/lib/python3.12/site-packages:/home/rassito/microros_ws/install/builtin_interfaces/lib/python3.12/site-packages:/home/rassito/microros_ws/install/action_msgs/lib/python3.12/site-packages:/home/rassito/microros_ws/install/unique_identifier_msgs/lib/python3.12/site-packages:/home/rassito/microros_ws/install/type_description_interfaces/lib/python3.12/site-packages:/home/rassito/microros_ws/install/trajectory_msgs/lib/python3.12/site-packages:/home/rassito/microros_ws/install/stereo_msgs/lib/python3.12/site-packages:/home/rassito/microros_ws/install/std_srvs/lib/python3.12/site-packages:/home/rassito/microros_ws/install/shape_msgs/lib/python3.12/site-packages:/home/rassito/microros_ws/install/sensor_msgs_py/lib/python3.12/site-packages:/home/rassito/microros_ws/install/nav_msgs/lib/python3.12/site-packages:/home/rassito/microros_ws/install/diagnostic_msgs/lib/python3.12/site-packages:/home/rassito/microros_ws/install/drive_base_msgs/lib/python3.12/site-packages:/home/rassito/microros_ws/install/actionlib_msgs/lib/python3.12/site-packages:/home/rassito/microros_ws/install/statistics_msgs/lib/python3.12/site-packages:/home/rassito/microros_ws/install/service_msgs/lib/python3.12/site-packages:/home/rassito/microros_ws/install/rosgraph_msgs/lib/python3.12/site-packages:/home/rassito/microros_ws/install/composition_interfaces/lib/python3.12/site-packages:/home/rassito/microros_ws/install/lifecycle_msgs/lib/python3.12/site-packages:/home/rassito/ros_ws/build/super_pkg:/home/rassito/ros_ws/install/super_pkg/lib/python3.12/site-packages:/opt/ros/jazzy/lib/python3.12/site-packages /usr/bin/cmake --build /home/rassito/microros_ws/build/micro_ros_demos_rclc -- -j16 -l16
[0.528s] Invoking command in '/home/rassito/microros_ws/build/micro_ros_demos_rclc': CMAKE_PREFIX_PATH=/home/rassito/microros_ws/install/visualization_msgs:/home/rassito/microros_ws/install/sensor_msgs:/home/rassito/microros_ws/install/rmw_microxrcedds:/home/rassito/microros_ws/install/rclc_parameter:/home/rassito/microros_ws/install/rosidl_typesupport_microxrcedds_cpp:/home/rassito/microros_ws/install/rclc:/home/rassito/microros_ws/install/geometry_msgs:/home/rassito/microros_ws/install/test_msgs:/home/rassito/microros_ws/install/std_msgs:/home/rassito/microros_ws/install/rosidl_typesupport_microxrcedds_c:/home/rassito/microros_ws/install/rcl_interfaces:/home/rassito/microros_ws/install/microxrcedds_client:/home/rassito/microros_ws/install/complex_msgs:/home/rassito/microros_ws/install/test_interface_files:/home/rassito/microros_ws/install/microcdr:/home/rassito/microros_ws/install/micro_ros_utilities:/home/rassito/microros_ws/install/micro_ros_msgs:/home/rassito/microros_ws/install/example_interfaces:/home/rassito/microros_ws/install/builtin_interfaces:/home/rassito/microros_ws/install/micro_ros_demos_rclc:/home/rassito/microros_ws/install/common_interfaces:/home/rassito/microros_ws/install/action_msgs:/home/rassito/microros_ws/install/unique_identifier_msgs:/home/rassito/microros_ws/install/type_description_interfaces:/home/rassito/microros_ws/install/trajectory_msgs:/home/rassito/microros_ws/install/stereo_msgs:/home/rassito/microros_ws/install/std_srvs:/home/rassito/microros_ws/install/shape_msgs:/home/rassito/microros_ws/install/nav_msgs:/home/rassito/microros_ws/install/diagnostic_msgs:/home/rassito/microros_ws/install/drive_base_msgs:/home/rassito/microros_ws/install/actionlib_msgs:/home/rassito/microros_ws/install/statistics_msgs:/home/rassito/microros_ws/install/service_msgs:/home/rassito/microros_ws/install/rosidl_typesupport_microxrcedds_test_msg:/home/rassito/microros_ws/install/rosidl_typesupport_microxrcedds_cpp_tests:/home/rassito/microros_ws/install/rosidl_typesupport_microxrcedds_c_tests:/home/rassito/microros_ws/install/rosgraph_msgs:/home/rassito/microros_ws/install/composition_interfaces:/home/rassito/microros_ws/install/micro_ros_setup:/home/rassito/microros_ws/install/micro_ros_agent:/home/rassito/microros_ws/install/lifecycle_msgs:/opt/ros/jazzy/opt/sdformat_vendor:/opt/ros/jazzy/opt/gz_math_vendor:/opt/ros/jazzy/opt/gz_utils_vendor:/opt/ros/jazzy/opt/gz_tools_vendor:/opt/ros/jazzy/opt/gz_cmake_vendor:/home/rassito/microros_ws/install/sensor_msgs_py:/home/rassito/ros_ws/install/super_pkg:/opt/ros/jazzy DEBUGINFOD_URLS=https://debuginfod.ubuntu.com LD_LIBRARY_PATH=/home/rassito/microros_ws/install/visualization_msgs/lib:/home/rassito/microros_ws/install/sensor_msgs/lib:/home/rassito/microros_ws/install/rmw_microxrcedds/lib:/home/rassito/microros_ws/install/rclc_parameter/lib:/home/rassito/microros_ws/install/rosidl_typesupport_microxrcedds_cpp/lib:/home/rassito/microros_ws/install/rclc/lib:/home/rassito/microros_ws/install/geometry_msgs/lib:/home/rassito/microros_ws/install/test_msgs/lib:/home/rassito/microros_ws/install/std_msgs/lib:/home/rassito/microros_ws/install/rosidl_typesupport_microxrcedds_c/lib:/home/rassito/microros_ws/install/rcl_interfaces/lib:/home/rassito/microros_ws/install/microxrcedds_client/lib:/home/rassito/microros_ws/install/complex_msgs/lib:/home/rassito/microros_ws/install/microcdr/lib:/home/rassito/microros_ws/install/micro_ros_utilities/lib:/home/rassito/microros_ws/install/micro_ros_msgs/lib:/home/rassito/microros_ws/install/example_interfaces/lib:/home/rassito/microros_ws/install/builtin_interfaces/lib:/home/rassito/microros_ws/install/action_msgs/lib:/home/rassito/microros_ws/install/unique_identifier_msgs/lib:/home/rassito/microros_ws/install/type_description_interfaces/lib:/home/rassito/microros_ws/install/trajectory_msgs/lib:/home/rassito/microros_ws/install/stereo_msgs/lib:/home/rassito/microros_ws/install/std_srvs/lib:/home/rassito/microros_ws/install/shape_msgs/lib:/home/rassito/microros_ws/install/nav_msgs/lib:/home/rassito/microros_ws/install/diagnostic_msgs/lib:/home/rassito/microros_ws/install/drive_base_msgs/lib:/home/rassito/microros_ws/install/actionlib_msgs/lib:/home/rassito/microros_ws/install/statistics_msgs/lib:/home/rassito/microros_ws/install/service_msgs/lib:/home/rassito/microros_ws/install/rosgraph_msgs/lib:/home/rassito/microros_ws/install/composition_interfaces/lib:/home/rassito/microros_ws/install/micro_ros_agent/lib:/home/rassito/microros_ws/install/lifecycle_msgs/lib:/opt/ros/jazzy/opt/sdformat_vendor/lib:/opt/ros/jazzy/opt/rviz_ogre_vendor/lib:/opt/ros/jazzy/lib/x86_64-linux-gnu:/opt/ros/jazzy/opt/gz_math_vendor/lib:/opt/ros/jazzy/opt/gz_utils_vendor/lib:/opt/ros/jazzy/opt/gz_tools_vendor/lib:/opt/ros/jazzy/opt/gz_cmake_vendor/lib:/opt/ros/jazzy/lib PYTHONPATH=/home/rassito/microros_ws/install/visualization_msgs/lib/python3.12/site-packages:/home/rassito/microros_ws/install/sensor_msgs/lib/python3.12/site-packages:/home/rassito/microros_ws/install/rosidl_typesupport_microxrcedds_cpp/lib/python3.12/site-packages:/home/rassito/microros_ws/install/geometry_msgs/lib/python3.12/site-packages:/home/rassito/microros_ws/install/test_msgs/lib/python3.12/site-packages:/home/rassito/microros_ws/install/std_msgs/lib/python3.12/site-packages:/home/rassito/microros_ws/install/rosidl_typesupport_microxrcedds_c/lib/python3.12/site-packages:/home/rassito/microros_ws/install/rcl_interfaces/lib/python3.12/site-packages:/home/rassito/microros_ws/install/complex_msgs/lib/python3.12/site-packages:/home/rassito/microros_ws/install/micro_ros_msgs/lib/python3.12/site-packages:/home/rassito/microros_ws/install/example_interfaces/lib/python3.12/site-packages:/home/rassito/microros_ws/install/builtin_interfaces/lib/python3.12/site-packages:/home/rassito/microros_ws/install/action_msgs/lib/python3.12/site-packages:/home/rassito/microros_ws/install/unique_identifier_msgs/lib/python3.12/site-packages:/home/rassito/microros_ws/install/type_description_interfaces/lib/python3.12/site-packages:/home/rassito/microros_ws/install/trajectory_msgs/lib/python3.12/site-packages:/home/rassito/microros_ws/install/stereo_msgs/lib/python3.12/site-packages:/home/rassito/microros_ws/install/std_srvs/lib/python3.12/site-packages:/home/rassito/microros_ws/install/shape_msgs/lib/python3.12/site-packages:/home/rassito/microros_ws/install/sensor_msgs_py/lib/python3.12/site-packages:/home/rassito/microros_ws/install/nav_msgs/lib/python3.12/site-packages:/home/rassito/microros_ws/install/diagnostic_msgs/lib/python3.12/site-packages:/home/rassito/microros_ws/install/drive_base_msgs/lib/python3.12/site-packages:/home/rassito/microros_ws/install/actionlib_msgs/lib/python3.12/site-packages:/home/rassito/microros_ws/install/statistics_msgs/lib/python3.12/site-packages:/home/rassito/microros_ws/install/service_msgs/lib/python3.12/site-packages:/home/rassito/microros_ws/install/rosgraph_msgs/lib/python3.12/site-packages:/home/rassito/microros_ws/install/composition_interfaces/lib/python3.12/site-packages:/home/rassito/microros_ws/install/lifecycle_msgs/lib/python3.12/site-packages:/home/rassito/ros_ws/build/super_pkg:/home/rassito/ros_ws/install/super_pkg/lib/python3.12/site-packages:/opt/ros/jazzy/lib/python3.12/site-packages /usr/bin/cmake --install /home/rassito/microros_ws/build/micro_ros_demos_rclc
[0.534s] -- Install configuration: ""
[0.534s] -- Up-to-date: /home/rassito/microros_ws/install/micro_ros_demos_rclc/lib/micro_ros_demos_rclc
[0.534s] -- Up-to-date: /home/rassito/microros_ws/install/micro_ros_demos_rclc/lib/micro_ros_demos_rclc/parameter_server
[0.534s] -- Up-to-date: /home/rassito/microros_ws/install/micro_ros_demos_rclc/lib/micro_ros_demos_rclc/parameter_server/parameter_server
[0.534s] -- Up-to-date: /home/rassito/microros_ws/install/micro_ros_demos_rclc/lib/micro_ros_demos_rclc/fragmented_publication
[0.534s] -- Up-to-date: /home/rassito/microros_ws/install/micro_ros_demos_rclc/lib/micro_ros_demos_rclc/fragmented_publication/fragmented_publication
[0.534s] -- Up-to-date: /home/rassito/microros_ws/install/micro_ros_demos_rclc/lib/micro_ros_demos_rclc/int32_publisher
[0.534s] -- Up-to-date: /home/rassito/microros_ws/install/micro_ros_demos_rclc/lib/micro_ros_demos_rclc/int32_publisher/int32_publisher
[0.534s] -- Up-to-date: /home/rassito/microros_ws/install/micro_ros_demos_rclc/lib/micro_ros_demos_rclc/ping_pong
[0.534s] -- Up-to-date: /home/rassito/microros_ws/install/micro_ros_demos_rclc/lib/micro_ros_demos_rclc/ping_pong/ping_pong
[0.535s] -- Up-to-date: /home/rassito/microros_ws/install/micro_ros_demos_rclc/lib/micro_ros_demos_rclc/complex_msg_publisher
[0.535s] -- Up-to-date: /home/rassito/microros_ws/install/micro_ros_demos_rclc/lib/micro_ros_demos_rclc/complex_msg_publisher/complex_msg_publisher
[0.535s] -- Up-to-date: /home/rassito/microros_ws/install/micro_ros_demos_rclc/lib/micro_ros_demos_rclc/configured_publisher
[0.535s] -- Up-to-date: /home/rassito/microros_ws/install/micro_ros_demos_rclc/lib/micro_ros_demos_rclc/configured_publisher/configured_publisher
[0.535s] -- Up-to-date: /home/rassito/microros_ws/install/micro_ros_demos_rclc/lib/micro_ros_demos_rclc/epoch_synchronization
[0.535s] -- Up-to-date: /home/rassito/microros_ws/install/micro_ros_demos_rclc/lib/micro_ros_demos_rclc/epoch_synchronization/epoch_synchronization
[0.535s] -- Up-to-date: /home/rassito/microros_ws/install/micro_ros_demos_rclc/lib/micro_ros_demos_rclc/int32_subscriber
[0.535s] -- Up-to-date: /home/rassito/microros_ws/install/micro_ros_demos_rclc/lib/micro_ros_demos_rclc/int32_subscriber/int32_subscriber
[0.535s] -- Up-to-date: /home/rassito/microros_ws/install/micro_ros_demos_rclc/lib/micro_ros_demos_rclc/graph_visualizer
[0.535s] -- Up-to-date: /home/rassito/microros_ws/install/micro_ros_demos_rclc/lib/micro_ros_demos_rclc/graph_visualizer/graph_visualizer
[0.535s] -- Up-to-date: /home/rassito/microros_ws/install/micro_ros_demos_rclc/lib/micro_ros_demos_rclc/timer
[0.535s] -- Up-to-date: /home/rassito/microros_ws/install/micro_ros_demos_rclc/lib/micro_ros_demos_rclc/timer/timer
[0.536s] -- Up-to-date: /home/rassito/microros_ws/install/micro_ros_demos_rclc/lib/micro_ros_demos_rclc/static_type_handling
[0.536s] -- Up-to-date: /home/rassito/microros_ws/install/micro_ros_demos_rclc/lib/micro_ros_demos_rclc/static_type_handling/static_type_handling
[0.536s] -- Up-to-date: /home/rassito/microros_ws/install/micro_ros_demos_rclc/lib/micro_ros_demos_rclc/subscription_count
[0.536s] -- Up-to-date: /home/rassito/microros_ws/install/micro_ros_demos_rclc/lib/micro_ros_demos_rclc/subscription_count/subscription_count
[0.536s] -- Up-to-date: /home/rassito/microros_ws/install/micro_ros_demos_rclc/lib/micro_ros_demos_rclc/string_publisher
[0.536s] -- Up-to-date: /home/rassito/microros_ws/install/micro_ros_demos_rclc/lib/micro_ros_demos_rclc/string_publisher/string_publisher
[0.536s] -- Up-to-date: /home/rassito/microros_ws/install/micro_ros_demos_rclc/lib/micro_ros_demos_rclc/int32_multinode
[0.536s] -- Up-to-date: /home/rassito/microros_ws/install/micro_ros_demos_rclc/lib/micro_ros_demos_rclc/int32_multinode/int32_multinode
[0.536s] -- Up-to-date: /home/rassito/microros_ws/install/micro_ros_demos_rclc/lib/micro_ros_demos_rclc/fragmented_subscription
[0.536s] -- Up-to-date: /home/rassito/microros_ws/install/micro_ros_demos_rclc/lib/micro_ros_demos_rclc/fragmented_subscription/fragmented_subscription
[0.536s] -- Up-to-date: /home/rassito/microros_ws/install/micro_ros_demos_rclc/lib/micro_ros_demos_rclc/ping_uros_agent
[0.537s] -- Up-to-date: /home/rassito/microros_ws/install/micro_ros_demos_rclc/lib/micro_ros_demos_rclc/ping_uros_agent/ping_uros_agent
[0.537s] -- Up-to-date: /home/rassito/microros_ws/install/micro_ros_demos_rclc/lib/micro_ros_demos_rclc/int32_publisher_subscriber
[0.537s] -- Up-to-date: /home/rassito/microros_ws/install/micro_ros_demos_rclc/lib/micro_ros_demos_rclc/int32_publisher_subscriber/int32_publisher_subscriber
[0.537s] -- Up-to-date: /home/rassito/microros_ws/install/micro_ros_demos_rclc/lib/micro_ros_demos_rclc/complex_msg_subscriber
[0.537s] -- Up-to-date: /home/rassito/microros_ws/install/micro_ros_demos_rclc/lib/micro_ros_demos_rclc/complex_msg_subscriber/complex_msg_subscriber
[0.537s] -- Up-to-date: /home/rassito/microros_ws/install/micro_ros_demos_rclc/lib/micro_ros_demos_rclc/fibonacci_action_client
[0.537s] -- Up-to-date: /home/rassito/microros_ws/install/micro_ros_demos_rclc/lib/micro_ros_demos_rclc/fibonacci_action_client/fibonacci_action_client
[0.538s] -- Up-to-date: /home/rassito/microros_ws/install/micro_ros_demos_rclc/lib/micro_ros_demos_rclc/addtwoints_server
[0.538s] -- Up-to-date: /home/rassito/microros_ws/install/micro_ros_demos_rclc/lib/micro_ros_demos_rclc/addtwoints_server/addtwoints_server
[0.538s] -- Up-to-date: /home/rassito/microros_ws/install/micro_ros_demos_rclc/lib/micro_ros_demos_rclc/autodiscover_agent
[0.538s] -- Up-to-date: /home/rassito/microros_ws/install/micro_ros_demos_rclc/lib/micro_ros_demos_rclc/autodiscover_agent/autodiscover_agent
[0.538s] -- Up-to-date: /home/rassito/microros_ws/install/micro_ros_demos_rclc/lib/micro_ros_demos_rclc/publisher_count
[0.538s] -- Up-to-date: /home/rassito/microros_ws/install/micro_ros_demos_rclc/lib/micro_ros_demos_rclc/publisher_count/publisher_count
[0.538s] -- Up-to-date: /home/rassito/microros_ws/install/micro_ros_demos_rclc/lib/micro_ros_demos_rclc/addtwoints_client
[0.538s] -- Up-to-date: /home/rassito/microros_ws/install/micro_ros_demos_rclc/lib/micro_ros_demos_rclc/addtwoints_client/addtwoints_client
[0.538s] -- Up-to-date: /home/rassito/microros_ws/install/micro_ros_demos_rclc/lib/micro_ros_demos_rclc/string_subscriber
[0.538s] -- Up-to-date: /home/rassito/microros_ws/install/micro_ros_demos_rclc/lib/micro_ros_demos_rclc/string_subscriber/string_subscriber
[0.538s] -- Up-to-date: /home/rassito/microros_ws/install/micro_ros_demos_rclc/lib/micro_ros_demos_rclc/multithread_publisher_subscriber
[0.538s] -- Up-to-date: /home/rassito/microros_ws/install/micro_ros_demos_rclc/lib/micro_ros_demos_rclc/multithread_publisher_subscriber/multithread_publisher_subscriber
[0.539s] -- Up-to-date: /home/rassito/microros_ws/install/micro_ros_demos_rclc/lib/micro_ros_demos_rclc/configured_subscriber
[0.539s] -- Up-to-date: /home/rassito/microros_ws/install/micro_ros_demos_rclc/lib/micro_ros_demos_rclc/configured_subscriber/configured_subscriber
[0.539s] -- Up-to-date: /home/rassito/microros_ws/install/micro_ros_demos_rclc/lib/micro_ros_demos_rclc/fibonacci_action_server
[0.539s] -- Up-to-date: /home/rassito/microros_ws/install/micro_ros_demos_rclc/lib/micro_ros_demos_rclc/fibonacci_action_server/fibonacci_action_server
[0.539s] -- Up-to-date: /home/rassito/microros_ws/install/micro_ros_demos_rclc/share/ament_index/resource_index/package_run_dependencies/micro_ros_demos_rclc
[0.539s] -- Up-to-date: /home/rassito/microros_ws/install/micro_ros_demos_rclc/share/ament_index/resource_index/parent_prefix_path/micro_ros_demos_rclc
[0.539s] -- Up-to-date: /home/rassito/microros_ws/install/micro_ros_demos_rclc/share/micro_ros_demos_rclc/environment/ament_prefix_path.sh
[0.539s] -- Up-to-date: /home/rassito/microros_ws/install/micro_ros_demos_rclc/share/micro_ros_demos_rclc/environment/ament_prefix_path.dsv
[0.539s] -- Up-to-date: /home/rassito/microros_ws/install/micro_ros_demos_rclc/share/micro_ros_demos_rclc/environment/path.sh
[0.539s] -- Up-to-date: /home/rassito/microros_ws/install/micro_ros_demos_rclc/share/micro_ros_demos_rclc/environment/path.dsv
[0.539s] -- Up-to-date: /home/rassito/microros_ws/install/micro_ros_demos_rclc/share/micro_ros_demos_rclc/local_setup.bash
[0.540s] -- Up-to-date: /home/rassito/microros_ws/install/micro_ros_demos_rclc/share/micro_ros_demos_rclc/local_setup.sh
[0.540s] -- Up-to-date: /home/rassito/microros_ws/install/micro_ros_demos_rclc/share/micro_ros_demos_rclc/local_setup.zsh
[0.540s] -- Up-to-date: /home/rassito/microros_ws/install/micro_ros_demos_rclc/share/micro_ros_demos_rclc/local_setup.dsv
[0.540s] -- Installing: /home/rassito/microros_ws/install/micro_ros_demos_rclc/share/micro_ros_demos_rclc/package.dsv
[0.540s] -- Up-to-date: /home/rassito/microros_ws/install/micro_ros_demos_rclc/share/ament_index/resource_index/packages/micro_ros_demos_rclc
[0.540s] -- Up-to-date: /home/rassito/microros_ws/install/micro_ros_demos_rclc/share/micro_ros_demos_rclc/cmake/micro_ros_demos_rclcConfig.cmake
[0.540s] -- Up-to-date: /home/rassito/microros_ws/install/micro_ros_demos_rclc/share/micro_ros_demos_rclc/cmake/micro_ros_demos_rclcConfig-version.cmake
[0.540s] -- Up-to-date: /home/rassito/microros_ws/install/micro_ros_demos_rclc/share/micro_ros_demos_rclc/package.xml
[0.541s] Invoked command in '/home/rassito/microros_ws/build/micro_ros_demos_rclc' returned '0': CMAKE_PREFIX_PATH=/home/rassito/microros_ws/install/visualization_msgs:/home/rassito/microros_ws/install/sensor_msgs:/home/rassito/microros_ws/install/rmw_microxrcedds:/home/rassito/microros_ws/install/rclc_parameter:/home/rassito/microros_ws/install/rosidl_typesupport_microxrcedds_cpp:/home/rassito/microros_ws/install/rclc:/home/rassito/microros_ws/install/geometry_msgs:/home/rassito/microros_ws/install/test_msgs:/home/rassito/microros_ws/install/std_msgs:/home/rassito/microros_ws/install/rosidl_typesupport_microxrcedds_c:/home/rassito/microros_ws/install/rcl_interfaces:/home/rassito/microros_ws/install/microxrcedds_client:/home/rassito/microros_ws/install/complex_msgs:/home/rassito/microros_ws/install/test_interface_files:/home/rassito/microros_ws/install/microcdr:/home/rassito/microros_ws/install/micro_ros_utilities:/home/rassito/microros_ws/install/micro_ros_msgs:/home/rassito/microros_ws/install/example_interfaces:/home/rassito/microros_ws/install/builtin_interfaces:/home/rassito/microros_ws/install/micro_ros_demos_rclc:/home/rassito/microros_ws/install/common_interfaces:/home/rassito/microros_ws/install/action_msgs:/home/rassito/microros_ws/install/unique_identifier_msgs:/home/rassito/microros_ws/install/type_description_interfaces:/home/rassito/microros_ws/install/trajectory_msgs:/home/rassito/microros_ws/install/stereo_msgs:/home/rassito/microros_ws/install/std_srvs:/home/rassito/microros_ws/install/shape_msgs:/home/rassito/microros_ws/install/nav_msgs:/home/rassito/microros_ws/install/diagnostic_msgs:/home/rassito/microros_ws/install/drive_base_msgs:/home/rassito/microros_ws/install/actionlib_msgs:/home/rassito/microros_ws/install/statistics_msgs:/home/rassito/microros_ws/install/service_msgs:/home/rassito/microros_ws/install/rosidl_typesupport_microxrcedds_test_msg:/home/rassito/microros_ws/install/rosidl_typesupport_microxrcedds_cpp_tests:/home/rassito/microros_ws/install/rosidl_typesupport_microxrcedds_c_tests:/home/rassito/microros_ws/install/rosgraph_msgs:/home/rassito/microros_ws/install/composition_interfaces:/home/rassito/microros_ws/install/micro_ros_setup:/home/rassito/microros_ws/install/micro_ros_agent:/home/rassito/microros_ws/install/lifecycle_msgs:/opt/ros/jazzy/opt/sdformat_vendor:/opt/ros/jazzy/opt/gz_math_vendor:/opt/ros/jazzy/opt/gz_utils_vendor:/opt/ros/jazzy/opt/gz_tools_vendor:/opt/ros/jazzy/opt/gz_cmake_vendor:/home/rassito/microros_ws/install/sensor_msgs_py:/home/rassito/ros_ws/install/super_pkg:/opt/ros/jazzy DEBUGINFOD_URLS=https://debuginfod.ubuntu.com LD_LIBRARY_PATH=/home/rassito/microros_ws/install/visualization_msgs/lib:/home/rassito/microros_ws/install/sensor_msgs/lib:/home/rassito/microros_ws/install/rmw_microxrcedds/lib:/home/rassito/microros_ws/install/rclc_parameter/lib:/home/rassito/microros_ws/install/rosidl_typesupport_microxrcedds_cpp/lib:/home/rassito/microros_ws/install/rclc/lib:/home/rassito/microros_ws/install/geometry_msgs/lib:/home/rassito/microros_ws/install/test_msgs/lib:/home/rassito/microros_ws/install/std_msgs/lib:/home/rassito/microros_ws/install/rosidl_typesupport_microxrcedds_c/lib:/home/rassito/microros_ws/install/rcl_interfaces/lib:/home/rassito/microros_ws/install/microxrcedds_client/lib:/home/rassito/microros_ws/install/complex_msgs/lib:/home/rassito/microros_ws/install/microcdr/lib:/home/rassito/microros_ws/install/micro_ros_utilities/lib:/home/rassito/microros_ws/install/micro_ros_msgs/lib:/home/rassito/microros_ws/install/example_interfaces/lib:/home/rassito/microros_ws/install/builtin_interfaces/lib:/home/rassito/microros_ws/install/action_msgs/lib:/home/rassito/microros_ws/install/unique_identifier_msgs/lib:/home/rassito/microros_ws/install/type_description_interfaces/lib:/home/rassito/microros_ws/install/trajectory_msgs/lib:/home/rassito/microros_ws/install/stereo_msgs/lib:/home/rassito/microros_ws/install/std_srvs/lib:/home/rassito/microros_ws/install/shape_msgs/lib:/home/rassito/microros_ws/install/nav_msgs/lib:/home/rassito/microros_ws/install/diagnostic_msgs/lib:/home/rassito/microros_ws/install/drive_base_msgs/lib:/home/rassito/microros_ws/install/actionlib_msgs/lib:/home/rassito/microros_ws/install/statistics_msgs/lib:/home/rassito/microros_ws/install/service_msgs/lib:/home/rassito/microros_ws/install/rosgraph_msgs/lib:/home/rassito/microros_ws/install/composition_interfaces/lib:/home/rassito/microros_ws/install/micro_ros_agent/lib:/home/rassito/microros_ws/install/lifecycle_msgs/lib:/opt/ros/jazzy/opt/sdformat_vendor/lib:/opt/ros/jazzy/opt/rviz_ogre_vendor/lib:/opt/ros/jazzy/lib/x86_64-linux-gnu:/opt/ros/jazzy/opt/gz_math_vendor/lib:/opt/ros/jazzy/opt/gz_utils_vendor/lib:/opt/ros/jazzy/opt/gz_tools_vendor/lib:/opt/ros/jazzy/opt/gz_cmake_vendor/lib:/opt/ros/jazzy/lib PYTHONPATH=/home/rassito/microros_ws/install/visualization_msgs/lib/python3.12/site-packages:/home/rassito/microros_ws/install/sensor_msgs/lib/python3.12/site-packages:/home/rassito/microros_ws/install/rosidl_typesupport_microxrcedds_cpp/lib/python3.12/site-packages:/home/rassito/microros_ws/install/geometry_msgs/lib/python3.12/site-packages:/home/rassito/microros_ws/install/test_msgs/lib/python3.12/site-packages:/home/rassito/microros_ws/install/std_msgs/lib/python3.12/site-packages:/home/rassito/microros_ws/install/rosidl_typesupport_microxrcedds_c/lib/python3.12/site-packages:/home/rassito/microros_ws/install/rcl_interfaces/lib/python3.12/site-packages:/home/rassito/microros_ws/install/complex_msgs/lib/python3.12/site-packages:/home/rassito/microros_ws/install/micro_ros_msgs/lib/python3.12/site-packages:/home/rassito/microros_ws/install/example_interfaces/lib/python3.12/site-packages:/home/rassito/microros_ws/install/builtin_interfaces/lib/python3.12/site-packages:/home/rassito/microros_ws/install/action_msgs/lib/python3.12/site-packages:/home/rassito/microros_ws/install/unique_identifier_msgs/lib/python3.12/site-packages:/home/rassito/microros_ws/install/type_description_interfaces/lib/python3.12/site-packages:/home/rassito/microros_ws/install/trajectory_msgs/lib/python3.12/site-packages:/home/rassito/microros_ws/install/stereo_msgs/lib/python3.12/site-packages:/home/rassito/microros_ws/install/std_srvs/lib/python3.12/site-packages:/home/rassito/microros_ws/install/shape_msgs/lib/python3.12/site-packages:/home/rassito/microros_ws/install/sensor_msgs_py/lib/python3.12/site-packages:/home/rassito/microros_ws/install/nav_msgs/lib/python3.12/site-packages:/home/rassito/microros_ws/install/diagnostic_msgs/lib/python3.12/site-packages:/home/rassito/microros_ws/install/drive_base_msgs/lib/python3.12/site-packages:/home/rassito/microros_ws/install/actionlib_msgs/lib/python3.12/site-packages:/home/rassito/microros_ws/install/statistics_msgs/lib/python3.12/site-packages:/home/rassito/microros_ws/install/service_msgs/lib/python3.12/site-packages:/home/rassito/microros_ws/install/rosgraph_msgs/lib/python3.12/site-packages:/home/rassito/microros_ws/install/composition_interfaces/lib/python3.12/site-packages:/home/rassito/microros_ws/install/lifecycle_msgs/lib/python3.12/site-packages:/home/rassito/ros_ws/build/super_pkg:/home/rassito/ros_ws/install/super_pkg/lib/python3.12/site-packages:/opt/ros/jazzy/lib/python3.12/site-packages /usr/bin/cmake --install /home/rassito/microros_ws/build/micro_ros_demos_rclc
