[0.022s] Invoking command in '/home/rassito/microros_ws/build/action_msgs': AMENT_PREFIX_PATH=/home/rassito/microros_ws/install/service_msgs:/home/rassito/microros_ws/install/unique_identifier_msgs:/home/rassito/microros_ws/install/builtin_interfaces:${AMENT_PREFIX_PATH} CMAKE_PREFIX_PATH=/home/rassito/microros_ws/install/service_msgs:/home/rassito/microros_ws/install/unique_identifier_msgs:/home/rassito/microros_ws/install/builtin_interfaces:/opt/ros/jazzy/opt/sdformat_vendor:/opt/ros/jazzy/opt/gz_math_vendor:/opt/ros/jazzy/opt/gz_utils_vendor:/opt/ros/jazzy/opt/gz_tools_vendor:/opt/ros/jazzy/opt/gz_cmake_vendor:/home/rassito/ros_ws/install/super_pkg:/opt/ros/jazzy DEBUGINFOD_URLS=https://debuginfod.ubuntu.com LD_LIBRARY_PATH=/home/rassito/microros_ws/install/service_msgs/lib:/home/rassito/microros_ws/install/unique_identifier_msgs/lib:/home/rassito/microros_ws/install/builtin_interfaces/lib:${LD_LIBRARY_PATH} PYTHONPATH=/home/rassito/microros_ws/install/service_msgs/lib/python3.12/site-packages:/home/rassito/microros_ws/install/unique_identifier_msgs/lib/python3.12/site-packages:/home/rassito/microros_ws/install/builtin_interfaces/lib/python3.12/site-packages:${PYTHONPATH} /usr/bin/cmake /home/rassito/microros_ws/src/ros2/rcl_interfaces/action_msgs -DCMAKE_INSTALL_PREFIX=/home/rassito/microros_ws/install/action_msgs
[0.038s] -- Found ament_cmake: 2.5.3 (/opt/ros/jazzy/share/ament_cmake/cmake)
[0.072s] -- Found Python3: /usr/bin/python3 (found version "3.12.3") found components: Interpreter 
[0.174s] -- Found builtin_interfaces: 2.0.2 (/home/rassito/microros_ws/install/builtin_interfaces/share/builtin_interfaces/cmake)
[0.206s] -- Found rosidl_generator_c: 4.6.5 (/opt/ros/jazzy/share/rosidl_generator_c/cmake)
[0.218s] -- Found rosidl_generator_cpp: 4.6.5 (/opt/ros/jazzy/share/rosidl_generator_cpp/cmake)
[0.229s] -- Using all available rosidl_typesupport_c: rosidl_typesupport_fastrtps_c;rosidl_typesupport_introspection_c
[0.241s] -- Using all available rosidl_typesupport_cpp: rosidl_typesupport_fastrtps_cpp;rosidl_typesupport_introspection_cpp
[0.254s] -- Found rosidl_core_generators: 0.2.0 (/opt/ros/jazzy/share/rosidl_core_generators/cmake)
[0.262s] -- Found rosidl_adapter: 4.6.5 (/opt/ros/jazzy/share/rosidl_adapter/cmake)
[0.263s] -- Found unique_identifier_msgs: 2.5.0 (/home/rassito/microros_ws/install/unique_identifier_msgs/share/unique_identifier_msgs/cmake)
[0.573s] -- Found ament_cmake_ros: 0.12.0 (/opt/ros/jazzy/share/ament_cmake_ros/cmake)
[0.743s] -- Using all available rosidl_typesupport_c: rosidl_typesupport_fastrtps_c;rosidl_typesupport_introspection_c
[0.825s] -- Using all available rosidl_typesupport_cpp: rosidl_typesupport_fastrtps_cpp;rosidl_typesupport_introspection_cpp
[0.826s] -- Found python_cmake_module: 0.11.1 (/opt/ros/jazzy/share/python_cmake_module/cmake)
[1.299s] -- Found Python3: /usr/bin/python3 (found version "3.12.3") found components: Interpreter Development NumPy Development.Module Development.Embed 
[1.363s] -- Configuring done (1.3s)
[1.546s] -- Generating done (0.2s)
[1.607s] -- Build files have been written to: /home/rassito/microros_ws/build/action_msgs
[1.637s] Invoked command in '/home/rassito/microros_ws/build/action_msgs' returned '0': AMENT_PREFIX_PATH=/home/rassito/microros_ws/install/service_msgs:/home/rassito/microros_ws/install/unique_identifier_msgs:/home/rassito/microros_ws/install/builtin_interfaces:${AMENT_PREFIX_PATH} CMAKE_PREFIX_PATH=/home/rassito/microros_ws/install/service_msgs:/home/rassito/microros_ws/install/unique_identifier_msgs:/home/rassito/microros_ws/install/builtin_interfaces:/opt/ros/jazzy/opt/sdformat_vendor:/opt/ros/jazzy/opt/gz_math_vendor:/opt/ros/jazzy/opt/gz_utils_vendor:/opt/ros/jazzy/opt/gz_tools_vendor:/opt/ros/jazzy/opt/gz_cmake_vendor:/home/rassito/ros_ws/install/super_pkg:/opt/ros/jazzy DEBUGINFOD_URLS=https://debuginfod.ubuntu.com LD_LIBRARY_PATH=/home/rassito/microros_ws/install/service_msgs/lib:/home/rassito/microros_ws/install/unique_identifier_msgs/lib:/home/rassito/microros_ws/install/builtin_interfaces/lib:${LD_LIBRARY_PATH} PYTHONPATH=/home/rassito/microros_ws/install/service_msgs/lib/python3.12/site-packages:/home/rassito/microros_ws/install/unique_identifier_msgs/lib/python3.12/site-packages:/home/rassito/microros_ws/install/builtin_interfaces/lib/python3.12/site-packages:${PYTHONPATH} /usr/bin/cmake /home/rassito/microros_ws/src/ros2/rcl_interfaces/action_msgs -DCMAKE_INSTALL_PREFIX=/home/rassito/microros_ws/install/action_msgs
[1.638s] Invoking command in '/home/rassito/microros_ws/build/action_msgs': AMENT_PREFIX_PATH=/home/rassito/microros_ws/install/service_msgs:/home/rassito/microros_ws/install/unique_identifier_msgs:/home/rassito/microros_ws/install/builtin_interfaces:${AMENT_PREFIX_PATH} CMAKE_PREFIX_PATH=/home/rassito/microros_ws/install/service_msgs:/home/rassito/microros_ws/install/unique_identifier_msgs:/home/rassito/microros_ws/install/builtin_interfaces:/opt/ros/jazzy/opt/sdformat_vendor:/opt/ros/jazzy/opt/gz_math_vendor:/opt/ros/jazzy/opt/gz_utils_vendor:/opt/ros/jazzy/opt/gz_tools_vendor:/opt/ros/jazzy/opt/gz_cmake_vendor:/home/rassito/ros_ws/install/super_pkg:/opt/ros/jazzy DEBUGINFOD_URLS=https://debuginfod.ubuntu.com LD_LIBRARY_PATH=/home/rassito/microros_ws/install/service_msgs/lib:/home/rassito/microros_ws/install/unique_identifier_msgs/lib:/home/rassito/microros_ws/install/builtin_interfaces/lib:${LD_LIBRARY_PATH} PYTHONPATH=/home/rassito/microros_ws/install/service_msgs/lib/python3.12/site-packages:/home/rassito/microros_ws/install/unique_identifier_msgs/lib/python3.12/site-packages:/home/rassito/microros_ws/install/builtin_interfaces/lib/python3.12/site-packages:${PYTHONPATH} /usr/bin/cmake --build /home/rassito/microros_ws/build/action_msgs -- -j16 -l16
[1.797s] [  1%] Built target action_msgs__rosidl_generator_type_description
[1.850s] [  3%] Built target action_msgs__cpp
[1.867s] [  3%] Built target ament_cmake_python_copy_action_msgs
[1.870s] [ 25%] Built target action_msgs__rosidl_generator_c
[1.916s] [ 26%] [34m[1mGenerating C type support dispatch for ROS interfaces[0m
[1.916s] [ 28%] [34m[1mGenerating C++ type support dispatch for ROS interfaces[0m
[1.962s] [ 40%] Built target action_msgs__rosidl_typesupport_introspection_c
[1.962s] [ 46%] Built target action_msgs__rosidl_typesupport_introspection_cpp
[1.969s] [ 56%] Built target action_msgs__rosidl_typesupport_fastrtps_cpp
[1.978s] [ 65%] Built target action_msgs__rosidl_typesupport_fastrtps_c
[2.382s] running egg_info
[2.425s] writing action_msgs.egg-info/PKG-INFO
[2.428s] writing dependency_links to action_msgs.egg-info/dependency_links.txt
[2.429s] writing top-level names to action_msgs.egg-info/top_level.txt
[2.575s] reading manifest file 'action_msgs.egg-info/SOURCES.txt'
[2.583s] writing manifest file 'action_msgs.egg-info/SOURCES.txt'
[2.619s] [ 65%] Built target ament_cmake_python_build_action_msgs_egg
[2.902s] [ 67%] [32mBuilding CXX object CMakeFiles/action_msgs__rosidl_typesupport_cpp.dir/rosidl_typesupport_cpp/action_msgs/msg/goal_info__type_support.cpp.o[0m
[2.902s] [ 68%] [32mBuilding CXX object CMakeFiles/action_msgs__rosidl_typesupport_cpp.dir/rosidl_typesupport_cpp/action_msgs/msg/goal_status__type_support.cpp.o[0m
[2.909s] [ 71%] [32mBuilding CXX object CMakeFiles/action_msgs__rosidl_typesupport_cpp.dir/rosidl_typesupport_cpp/action_msgs/msg/goal_status_array__type_support.cpp.o[0m
[2.910s] [ 71%] [32mBuilding CXX object CMakeFiles/action_msgs__rosidl_typesupport_cpp.dir/rosidl_typesupport_cpp/action_msgs/srv/cancel_goal__type_support.cpp.o[0m
[2.968s] [ 73%] [32mBuilding CXX object CMakeFiles/action_msgs__rosidl_typesupport_c.dir/rosidl_typesupport_c/action_msgs/msg/goal_info__type_support.cpp.o[0m
[2.968s] [ 75%] [32mBuilding CXX object CMakeFiles/action_msgs__rosidl_typesupport_c.dir/rosidl_typesupport_c/action_msgs/msg/goal_status__type_support.cpp.o[0m
[2.969s] [ 76%] [32mBuilding CXX object CMakeFiles/action_msgs__rosidl_typesupport_c.dir/rosidl_typesupport_c/action_msgs/msg/goal_status_array__type_support.cpp.o[0m
[2.973s] [ 78%] [32mBuilding CXX object CMakeFiles/action_msgs__rosidl_typesupport_c.dir/rosidl_typesupport_c/action_msgs/srv/cancel_goal__type_support.cpp.o[0m
[3.065s] [ 79%] [32m[1mLinking CXX shared library libaction_msgs__rosidl_typesupport_c.so[0m
[3.226s] [ 79%] Built target action_msgs__rosidl_typesupport_c
[3.957s] [ 81%] [32m[1mLinking CXX shared library libaction_msgs__rosidl_typesupport_cpp.so[0m
[4.049s] [ 81%] Built target action_msgs__rosidl_typesupport_cpp
[4.071s] [ 81%] Built target action_msgs
[4.087s] [ 82%] Built target action_msgs__py
[4.110s] [ 84%] [32m[1mLinking C shared library libaction_msgs__rosidl_generator_py.so[0m
[4.142s] [ 90%] Built target action_msgs__rosidl_generator_py
[4.159s] [ 92%] [32m[1mLinking C shared module rosidl_generator_py/action_msgs/action_msgs_s__rosidl_typesupport_introspection_c.so[0m
[4.159s] [ 93%] [32m[1mLinking C shared module rosidl_generator_py/action_msgs/action_msgs_s__rosidl_typesupport_c.so[0m
[4.162s] [ 95%] [32m[1mLinking C shared module rosidl_generator_py/action_msgs/action_msgs_s__rosidl_typesupport_fastrtps_c.so[0m
[4.182s] [ 96%] Built target action_msgs_s__rosidl_typesupport_introspection_c
[4.186s] [ 98%] Built target action_msgs_s__rosidl_typesupport_fastrtps_c
[4.186s] [100%] Built target action_msgs_s__rosidl_typesupport_c
[4.199s] Invoked command in '/home/rassito/microros_ws/build/action_msgs' returned '0': AMENT_PREFIX_PATH=/home/rassito/microros_ws/install/service_msgs:/home/rassito/microros_ws/install/unique_identifier_msgs:/home/rassito/microros_ws/install/builtin_interfaces:${AMENT_PREFIX_PATH} CMAKE_PREFIX_PATH=/home/rassito/microros_ws/install/service_msgs:/home/rassito/microros_ws/install/unique_identifier_msgs:/home/rassito/microros_ws/install/builtin_interfaces:/opt/ros/jazzy/opt/sdformat_vendor:/opt/ros/jazzy/opt/gz_math_vendor:/opt/ros/jazzy/opt/gz_utils_vendor:/opt/ros/jazzy/opt/gz_tools_vendor:/opt/ros/jazzy/opt/gz_cmake_vendor:/home/rassito/ros_ws/install/super_pkg:/opt/ros/jazzy DEBUGINFOD_URLS=https://debuginfod.ubuntu.com LD_LIBRARY_PATH=/home/rassito/microros_ws/install/service_msgs/lib:/home/rassito/microros_ws/install/unique_identifier_msgs/lib:/home/rassito/microros_ws/install/builtin_interfaces/lib:${LD_LIBRARY_PATH} PYTHONPATH=/home/rassito/microros_ws/install/service_msgs/lib/python3.12/site-packages:/home/rassito/microros_ws/install/unique_identifier_msgs/lib/python3.12/site-packages:/home/rassito/microros_ws/install/builtin_interfaces/lib/python3.12/site-packages:${PYTHONPATH} /usr/bin/cmake --build /home/rassito/microros_ws/build/action_msgs -- -j16 -l16
[4.201s] Invoking command in '/home/rassito/microros_ws/build/action_msgs': AMENT_PREFIX_PATH=/home/rassito/microros_ws/install/service_msgs:/home/rassito/microros_ws/install/unique_identifier_msgs:/home/rassito/microros_ws/install/builtin_interfaces:${AMENT_PREFIX_PATH} CMAKE_PREFIX_PATH=/home/rassito/microros_ws/install/service_msgs:/home/rassito/microros_ws/install/unique_identifier_msgs:/home/rassito/microros_ws/install/builtin_interfaces:/opt/ros/jazzy/opt/sdformat_vendor:/opt/ros/jazzy/opt/gz_math_vendor:/opt/ros/jazzy/opt/gz_utils_vendor:/opt/ros/jazzy/opt/gz_tools_vendor:/opt/ros/jazzy/opt/gz_cmake_vendor:/home/rassito/ros_ws/install/super_pkg:/opt/ros/jazzy DEBUGINFOD_URLS=https://debuginfod.ubuntu.com LD_LIBRARY_PATH=/home/rassito/microros_ws/install/service_msgs/lib:/home/rassito/microros_ws/install/unique_identifier_msgs/lib:/home/rassito/microros_ws/install/builtin_interfaces/lib:${LD_LIBRARY_PATH} PYTHONPATH=/home/rassito/microros_ws/install/service_msgs/lib/python3.12/site-packages:/home/rassito/microros_ws/install/unique_identifier_msgs/lib/python3.12/site-packages:/home/rassito/microros_ws/install/builtin_interfaces/lib/python3.12/site-packages:${PYTHONPATH} /usr/bin/cmake --install /home/rassito/microros_ws/build/action_msgs
[4.208s] -- Install configuration: ""
[4.208s] -- Up-to-date: /home/rassito/microros_ws/install/action_msgs/share/ament_index/resource_index/rosidl_interfaces/action_msgs
[4.209s] -- Up-to-date: /home/rassito/microros_ws/install/action_msgs/share/action_msgs/msg/GoalInfo.json
[4.209s] -- Up-to-date: /home/rassito/microros_ws/install/action_msgs/share/action_msgs/msg/GoalStatus.json
[4.209s] -- Up-to-date: /home/rassito/microros_ws/install/action_msgs/share/action_msgs/msg/GoalStatusArray.json
[4.209s] -- Up-to-date: /home/rassito/microros_ws/install/action_msgs/share/action_msgs/srv/CancelGoal.json
[4.209s] -- Up-to-date: /home/rassito/microros_ws/install/action_msgs/include/action_msgs/action_msgs
[4.209s] -- Up-to-date: /home/rassito/microros_ws/install/action_msgs/include/action_msgs/action_msgs/srv
[4.209s] -- Up-to-date: /home/rassito/microros_ws/install/action_msgs/include/action_msgs/action_msgs/srv/cancel_goal.h
[4.209s] -- Up-to-date: /home/rassito/microros_ws/install/action_msgs/include/action_msgs/action_msgs/srv/detail
[4.209s] -- Up-to-date: /home/rassito/microros_ws/install/action_msgs/include/action_msgs/action_msgs/srv/detail/cancel_goal__functions.h
[4.210s] -- Installing: /home/rassito/microros_ws/install/action_msgs/include/action_msgs/action_msgs/srv/detail/cancel_goal__type_support.c
[4.210s] -- Up-to-date: /home/rassito/microros_ws/install/action_msgs/include/action_msgs/action_msgs/srv/detail/cancel_goal__type_support.h
[4.210s] -- Up-to-date: /home/rassito/microros_ws/install/action_msgs/include/action_msgs/action_msgs/srv/detail/cancel_goal__functions.c
[4.210s] -- Up-to-date: /home/rassito/microros_ws/install/action_msgs/include/action_msgs/action_msgs/srv/detail/cancel_goal__description.c
[4.210s] -- Up-to-date: /home/rassito/microros_ws/install/action_msgs/include/action_msgs/action_msgs/srv/detail/cancel_goal__struct.h
[4.210s] -- Up-to-date: /home/rassito/microros_ws/install/action_msgs/include/action_msgs/action_msgs/msg
[4.210s] -- Up-to-date: /home/rassito/microros_ws/install/action_msgs/include/action_msgs/action_msgs/msg/goal_info.h
[4.210s] -- Up-to-date: /home/rassito/microros_ws/install/action_msgs/include/action_msgs/action_msgs/msg/detail
[4.210s] -- Up-to-date: /home/rassito/microros_ws/install/action_msgs/include/action_msgs/action_msgs/msg/detail/goal_info__struct.h
[4.210s] -- Up-to-date: /home/rassito/microros_ws/install/action_msgs/include/action_msgs/action_msgs/msg/detail/goal_status_array__description.c
[4.211s] -- Up-to-date: /home/rassito/microros_ws/install/action_msgs/include/action_msgs/action_msgs/msg/detail/goal_info__type_support.h
[4.211s] -- Up-to-date: /home/rassito/microros_ws/install/action_msgs/include/action_msgs/action_msgs/msg/detail/goal_info__functions.h
[4.211s] -- Up-to-date: /home/rassito/microros_ws/install/action_msgs/include/action_msgs/action_msgs/msg/detail/goal_status__functions.h
[4.211s] -- Up-to-date: /home/rassito/microros_ws/install/action_msgs/include/action_msgs/action_msgs/msg/detail/goal_status_array__type_support.h
[4.211s] -- Up-to-date: /home/rassito/microros_ws/install/action_msgs/include/action_msgs/action_msgs/msg/detail/goal_status__type_support.h
[4.211s] -- Up-to-date: /home/rassito/microros_ws/install/action_msgs/include/action_msgs/action_msgs/msg/detail/goal_info__functions.c
[4.211s] -- Up-to-date: /home/rassito/microros_ws/install/action_msgs/include/action_msgs/action_msgs/msg/detail/goal_status_array__functions.c
[4.211s] -- Up-to-date: /home/rassito/microros_ws/install/action_msgs/include/action_msgs/action_msgs/msg/detail/goal_status_array__functions.h
[4.211s] -- Up-to-date: /home/rassito/microros_ws/install/action_msgs/include/action_msgs/action_msgs/msg/detail/goal_info__description.c
[4.211s] -- Up-to-date: /home/rassito/microros_ws/install/action_msgs/include/action_msgs/action_msgs/msg/detail/goal_status__description.c
[4.211s] -- Installing: /home/rassito/microros_ws/install/action_msgs/include/action_msgs/action_msgs/msg/detail/goal_status__type_support.c
[4.211s] -- Up-to-date: /home/rassito/microros_ws/install/action_msgs/include/action_msgs/action_msgs/msg/detail/goal_status__functions.c
[4.211s] -- Installing: /home/rassito/microros_ws/install/action_msgs/include/action_msgs/action_msgs/msg/detail/goal_info__type_support.c
[4.211s] -- Installing: /home/rassito/microros_ws/install/action_msgs/include/action_msgs/action_msgs/msg/detail/goal_status_array__type_support.c
[4.211s] -- Up-to-date: /home/rassito/microros_ws/install/action_msgs/include/action_msgs/action_msgs/msg/detail/goal_status__struct.h
[4.211s] -- Up-to-date: /home/rassito/microros_ws/install/action_msgs/include/action_msgs/action_msgs/msg/detail/goal_status_array__struct.h
[4.211s] -- Up-to-date: /home/rassito/microros_ws/install/action_msgs/include/action_msgs/action_msgs/msg/goal_status_array.h
[4.212s] -- Up-to-date: /home/rassito/microros_ws/install/action_msgs/include/action_msgs/action_msgs/msg/goal_status.h
[4.212s] -- Up-to-date: /home/rassito/microros_ws/install/action_msgs/include/action_msgs/action_msgs/msg/rosidl_generator_c__visibility_control.h
[4.212s] -- Up-to-date: /home/rassito/microros_ws/install/action_msgs/share/action_msgs/environment/library_path.sh
[4.212s] -- Up-to-date: /home/rassito/microros_ws/install/action_msgs/share/action_msgs/environment/library_path.dsv
[4.212s] -- Up-to-date: /home/rassito/microros_ws/install/action_msgs/lib/libaction_msgs__rosidl_generator_c.so
[4.213s] -- Up-to-date: /home/rassito/microros_ws/install/action_msgs/include/action_msgs/action_msgs
[4.213s] -- Up-to-date: /home/rassito/microros_ws/install/action_msgs/include/action_msgs/action_msgs/srv
[4.213s] -- Up-to-date: /home/rassito/microros_ws/install/action_msgs/include/action_msgs/action_msgs/srv/detail
[4.213s] -- Up-to-date: /home/rassito/microros_ws/install/action_msgs/include/action_msgs/action_msgs/srv/detail/cancel_goal__rosidl_typesupport_fastrtps_c.h
[4.213s] -- Up-to-date: /home/rassito/microros_ws/install/action_msgs/include/action_msgs/action_msgs/msg
[4.213s] -- Up-to-date: /home/rassito/microros_ws/install/action_msgs/include/action_msgs/action_msgs/msg/rosidl_typesupport_fastrtps_c__visibility_control.h
[4.213s] -- Up-to-date: /home/rassito/microros_ws/install/action_msgs/include/action_msgs/action_msgs/msg/detail
[4.213s] -- Up-to-date: /home/rassito/microros_ws/install/action_msgs/include/action_msgs/action_msgs/msg/detail/goal_info__rosidl_typesupport_fastrtps_c.h
[4.213s] -- Up-to-date: /home/rassito/microros_ws/install/action_msgs/include/action_msgs/action_msgs/msg/detail/goal_status_array__rosidl_typesupport_fastrtps_c.h
[4.213s] -- Up-to-date: /home/rassito/microros_ws/install/action_msgs/include/action_msgs/action_msgs/msg/detail/goal_status__rosidl_typesupport_fastrtps_c.h
[4.213s] -- Up-to-date: /home/rassito/microros_ws/install/action_msgs/lib/libaction_msgs__rosidl_typesupport_fastrtps_c.so
[4.213s] -- Up-to-date: /home/rassito/microros_ws/install/action_msgs/include/action_msgs/action_msgs
[4.214s] -- Up-to-date: /home/rassito/microros_ws/install/action_msgs/include/action_msgs/action_msgs/srv
[4.214s] -- Up-to-date: /home/rassito/microros_ws/install/action_msgs/include/action_msgs/action_msgs/srv/cancel_goal.hpp
[4.214s] -- Up-to-date: /home/rassito/microros_ws/install/action_msgs/include/action_msgs/action_msgs/srv/detail
[4.214s] -- Up-to-date: /home/rassito/microros_ws/install/action_msgs/include/action_msgs/action_msgs/srv/detail/cancel_goal__traits.hpp
[4.214s] -- Up-to-date: /home/rassito/microros_ws/install/action_msgs/include/action_msgs/action_msgs/srv/detail/cancel_goal__builder.hpp
[4.214s] -- Up-to-date: /home/rassito/microros_ws/install/action_msgs/include/action_msgs/action_msgs/srv/detail/cancel_goal__struct.hpp
[4.214s] -- Up-to-date: /home/rassito/microros_ws/install/action_msgs/include/action_msgs/action_msgs/srv/detail/cancel_goal__type_support.hpp
[4.214s] -- Up-to-date: /home/rassito/microros_ws/install/action_msgs/include/action_msgs/action_msgs/msg
[4.214s] -- Up-to-date: /home/rassito/microros_ws/install/action_msgs/include/action_msgs/action_msgs/msg/rosidl_generator_cpp__visibility_control.hpp
[4.214s] -- Up-to-date: /home/rassito/microros_ws/install/action_msgs/include/action_msgs/action_msgs/msg/goal_info.hpp
[4.214s] -- Up-to-date: /home/rassito/microros_ws/install/action_msgs/include/action_msgs/action_msgs/msg/goal_status_array.hpp
[4.214s] -- Up-to-date: /home/rassito/microros_ws/install/action_msgs/include/action_msgs/action_msgs/msg/goal_status.hpp
[4.214s] -- Up-to-date: /home/rassito/microros_ws/install/action_msgs/include/action_msgs/action_msgs/msg/detail
[4.214s] -- Up-to-date: /home/rassito/microros_ws/install/action_msgs/include/action_msgs/action_msgs/msg/detail/goal_status_array__traits.hpp
[4.214s] -- Up-to-date: /home/rassito/microros_ws/install/action_msgs/include/action_msgs/action_msgs/msg/detail/goal_info__struct.hpp
[4.215s] -- Up-to-date: /home/rassito/microros_ws/install/action_msgs/include/action_msgs/action_msgs/msg/detail/goal_info__builder.hpp
[4.215s] -- Up-to-date: /home/rassito/microros_ws/install/action_msgs/include/action_msgs/action_msgs/msg/detail/goal_status_array__struct.hpp
[4.215s] -- Up-to-date: /home/rassito/microros_ws/install/action_msgs/include/action_msgs/action_msgs/msg/detail/goal_status__builder.hpp
[4.215s] -- Up-to-date: /home/rassito/microros_ws/install/action_msgs/include/action_msgs/action_msgs/msg/detail/goal_status__traits.hpp
[4.215s] -- Up-to-date: /home/rassito/microros_ws/install/action_msgs/include/action_msgs/action_msgs/msg/detail/goal_status__type_support.hpp
[4.215s] -- Up-to-date: /home/rassito/microros_ws/install/action_msgs/include/action_msgs/action_msgs/msg/detail/goal_status_array__builder.hpp
[4.215s] -- Up-to-date: /home/rassito/microros_ws/install/action_msgs/include/action_msgs/action_msgs/msg/detail/goal_status_array__type_support.hpp
[4.215s] -- Up-to-date: /home/rassito/microros_ws/install/action_msgs/include/action_msgs/action_msgs/msg/detail/goal_info__type_support.hpp
[4.215s] -- Up-to-date: /home/rassito/microros_ws/install/action_msgs/include/action_msgs/action_msgs/msg/detail/goal_info__traits.hpp
[4.215s] -- Up-to-date: /home/rassito/microros_ws/install/action_msgs/include/action_msgs/action_msgs/msg/detail/goal_status__struct.hpp
[4.215s] -- Up-to-date: /home/rassito/microros_ws/install/action_msgs/include/action_msgs/action_msgs
[4.215s] -- Up-to-date: /home/rassito/microros_ws/install/action_msgs/include/action_msgs/action_msgs/srv
[4.215s] -- Up-to-date: /home/rassito/microros_ws/install/action_msgs/include/action_msgs/action_msgs/srv/detail
[4.215s] -- Up-to-date: /home/rassito/microros_ws/install/action_msgs/include/action_msgs/action_msgs/srv/detail/cancel_goal__rosidl_typesupport_fastrtps_cpp.hpp
[4.215s] -- Up-to-date: /home/rassito/microros_ws/install/action_msgs/include/action_msgs/action_msgs/srv/detail/dds_fastrtps
[4.215s] -- Up-to-date: /home/rassito/microros_ws/install/action_msgs/include/action_msgs/action_msgs/msg
[4.215s] -- Up-to-date: /home/rassito/microros_ws/install/action_msgs/include/action_msgs/action_msgs/msg/rosidl_typesupport_fastrtps_cpp__visibility_control.h
[4.215s] -- Up-to-date: /home/rassito/microros_ws/install/action_msgs/include/action_msgs/action_msgs/msg/detail
[4.215s] -- Up-to-date: /home/rassito/microros_ws/install/action_msgs/include/action_msgs/action_msgs/msg/detail/goal_status_array__rosidl_typesupport_fastrtps_cpp.hpp
[4.215s] -- Up-to-date: /home/rassito/microros_ws/install/action_msgs/include/action_msgs/action_msgs/msg/detail/goal_status__rosidl_typesupport_fastrtps_cpp.hpp
[4.215s] -- Up-to-date: /home/rassito/microros_ws/install/action_msgs/include/action_msgs/action_msgs/msg/detail/goal_info__rosidl_typesupport_fastrtps_cpp.hpp
[4.216s] -- Up-to-date: /home/rassito/microros_ws/install/action_msgs/include/action_msgs/action_msgs/msg/detail/dds_fastrtps
[4.216s] -- Up-to-date: /home/rassito/microros_ws/install/action_msgs/lib/libaction_msgs__rosidl_typesupport_fastrtps_cpp.so
[4.216s] -- Up-to-date: /home/rassito/microros_ws/install/action_msgs/include/action_msgs/action_msgs
[4.216s] -- Up-to-date: /home/rassito/microros_ws/install/action_msgs/include/action_msgs/action_msgs/srv
[4.216s] -- Up-to-date: /home/rassito/microros_ws/install/action_msgs/include/action_msgs/action_msgs/srv/detail
[4.216s] -- Installing: /home/rassito/microros_ws/install/action_msgs/include/action_msgs/action_msgs/srv/detail/cancel_goal__type_support.c
[4.216s] -- Up-to-date: /home/rassito/microros_ws/install/action_msgs/include/action_msgs/action_msgs/srv/detail/cancel_goal__rosidl_typesupport_introspection_c.h
[4.216s] -- Up-to-date: /home/rassito/microros_ws/install/action_msgs/include/action_msgs/action_msgs/msg
[4.216s] -- Up-to-date: /home/rassito/microros_ws/install/action_msgs/include/action_msgs/action_msgs/msg/rosidl_typesupport_introspection_c__visibility_control.h
[4.216s] -- Up-to-date: /home/rassito/microros_ws/install/action_msgs/include/action_msgs/action_msgs/msg/detail
[4.216s] -- Up-to-date: /home/rassito/microros_ws/install/action_msgs/include/action_msgs/action_msgs/msg/detail/goal_status__rosidl_typesupport_introspection_c.h
[4.216s] -- Up-to-date: /home/rassito/microros_ws/install/action_msgs/include/action_msgs/action_msgs/msg/detail/goal_info__rosidl_typesupport_introspection_c.h
[4.216s] -- Installing: /home/rassito/microros_ws/install/action_msgs/include/action_msgs/action_msgs/msg/detail/goal_status__type_support.c
[4.216s] -- Up-to-date: /home/rassito/microros_ws/install/action_msgs/include/action_msgs/action_msgs/msg/detail/goal_status_array__rosidl_typesupport_introspection_c.h
[4.216s] -- Installing: /home/rassito/microros_ws/install/action_msgs/include/action_msgs/action_msgs/msg/detail/goal_info__type_support.c
[4.216s] -- Installing: /home/rassito/microros_ws/install/action_msgs/include/action_msgs/action_msgs/msg/detail/goal_status_array__type_support.c
[4.217s] -- Up-to-date: /home/rassito/microros_ws/install/action_msgs/lib/libaction_msgs__rosidl_typesupport_introspection_c.so
[4.218s] -- Installing: /home/rassito/microros_ws/install/action_msgs/lib/libaction_msgs__rosidl_typesupport_c.so
[4.218s] -- Set non-toolchain portion of runtime path of "/home/rassito/microros_ws/install/action_msgs/lib/libaction_msgs__rosidl_typesupport_c.so" to ""
[4.218s] -- Up-to-date: /home/rassito/microros_ws/install/action_msgs/include/action_msgs/action_msgs
[4.218s] -- Up-to-date: /home/rassito/microros_ws/install/action_msgs/include/action_msgs/action_msgs/srv
[4.218s] -- Up-to-date: /home/rassito/microros_ws/install/action_msgs/include/action_msgs/action_msgs/srv/detail
[4.218s] -- Up-to-date: /home/rassito/microros_ws/install/action_msgs/include/action_msgs/action_msgs/srv/detail/cancel_goal__type_support.cpp
[4.218s] -- Up-to-date: /home/rassito/microros_ws/install/action_msgs/include/action_msgs/action_msgs/srv/detail/cancel_goal__rosidl_typesupport_introspection_cpp.hpp
[4.218s] -- Up-to-date: /home/rassito/microros_ws/install/action_msgs/include/action_msgs/action_msgs/msg
[4.218s] -- Up-to-date: /home/rassito/microros_ws/install/action_msgs/include/action_msgs/action_msgs/msg/detail
[4.218s] -- Up-to-date: /home/rassito/microros_ws/install/action_msgs/include/action_msgs/action_msgs/msg/detail/goal_status_array__rosidl_typesupport_introspection_cpp.hpp
[4.218s] -- Up-to-date: /home/rassito/microros_ws/install/action_msgs/include/action_msgs/action_msgs/msg/detail/goal_info__type_support.cpp
[4.218s] -- Up-to-date: /home/rassito/microros_ws/install/action_msgs/include/action_msgs/action_msgs/msg/detail/goal_status_array__type_support.cpp
[4.219s] -- Up-to-date: /home/rassito/microros_ws/install/action_msgs/include/action_msgs/action_msgs/msg/detail/goal_status__rosidl_typesupport_introspection_cpp.hpp
[4.219s] -- Up-to-date: /home/rassito/microros_ws/install/action_msgs/include/action_msgs/action_msgs/msg/detail/goal_info__rosidl_typesupport_introspection_cpp.hpp
[4.219s] -- Up-to-date: /home/rassito/microros_ws/install/action_msgs/include/action_msgs/action_msgs/msg/detail/goal_status__type_support.cpp
[4.219s] -- Up-to-date: /home/rassito/microros_ws/install/action_msgs/lib/libaction_msgs__rosidl_typesupport_introspection_cpp.so
[4.220s] -- Installing: /home/rassito/microros_ws/install/action_msgs/lib/libaction_msgs__rosidl_typesupport_cpp.so
[4.220s] -- Set non-toolchain portion of runtime path of "/home/rassito/microros_ws/install/action_msgs/lib/libaction_msgs__rosidl_typesupport_cpp.so" to ""
[4.220s] -- Up-to-date: /home/rassito/microros_ws/install/action_msgs/share/action_msgs/environment/pythonpath.sh
[4.220s] -- Up-to-date: /home/rassito/microros_ws/install/action_msgs/share/action_msgs/environment/pythonpath.dsv
[4.220s] -- Up-to-date: /home/rassito/microros_ws/install/action_msgs/lib/python3.12/site-packages/action_msgs-2.0.2-py3.12.egg-info
[4.220s] -- Installing: /home/rassito/microros_ws/install/action_msgs/lib/python3.12/site-packages/action_msgs-2.0.2-py3.12.egg-info/top_level.txt
[4.221s] -- Installing: /home/rassito/microros_ws/install/action_msgs/lib/python3.12/site-packages/action_msgs-2.0.2-py3.12.egg-info/PKG-INFO
[4.221s] -- Installing: /home/rassito/microros_ws/install/action_msgs/lib/python3.12/site-packages/action_msgs-2.0.2-py3.12.egg-info/dependency_links.txt
[4.221s] -- Installing: /home/rassito/microros_ws/install/action_msgs/lib/python3.12/site-packages/action_msgs-2.0.2-py3.12.egg-info/SOURCES.txt
[4.221s] -- Up-to-date: /home/rassito/microros_ws/install/action_msgs/lib/python3.12/site-packages/action_msgs
[4.221s] -- Up-to-date: /home/rassito/microros_ws/install/action_msgs/lib/python3.12/site-packages/action_msgs/action_msgs_s__rosidl_typesupport_microxrcedds_c.so
[4.221s] -- Installing: /home/rassito/microros_ws/install/action_msgs/lib/python3.12/site-packages/action_msgs/action_msgs_s__rosidl_typesupport_c.so
[4.221s] -- Up-to-date: /home/rassito/microros_ws/install/action_msgs/lib/python3.12/site-packages/action_msgs/_action_msgs_s.ep.rosidl_typesupport_c.c
[4.221s] -- Up-to-date: /home/rassito/microros_ws/install/action_msgs/lib/python3.12/site-packages/action_msgs/_action_msgs_s.ep.rosidl_typesupport_microxrcedds_c.c
[4.221s] -- Installing: /home/rassito/microros_ws/install/action_msgs/lib/python3.12/site-packages/action_msgs/action_msgs_s__rosidl_typesupport_introspection_c.so
[4.221s] -- Up-to-date: /home/rassito/microros_ws/install/action_msgs/lib/python3.12/site-packages/action_msgs/srv
[4.221s] -- Up-to-date: /home/rassito/microros_ws/install/action_msgs/lib/python3.12/site-packages/action_msgs/srv/_cancel_goal.py
[4.222s] -- Up-to-date: /home/rassito/microros_ws/install/action_msgs/lib/python3.12/site-packages/action_msgs/srv/_cancel_goal_s.c
[4.222s] -- Up-to-date: /home/rassito/microros_ws/install/action_msgs/lib/python3.12/site-packages/action_msgs/srv/__init__.py
[4.222s] -- Installing: /home/rassito/microros_ws/install/action_msgs/lib/python3.12/site-packages/action_msgs/action_msgs_s__rosidl_typesupport_fastrtps_c.so
[4.222s] -- Up-to-date: /home/rassito/microros_ws/install/action_msgs/lib/python3.12/site-packages/action_msgs/_action_msgs_s.ep.rosidl_typesupport_fastrtps_c.c
[4.222s] -- Up-to-date: /home/rassito/microros_ws/install/action_msgs/lib/python3.12/site-packages/action_msgs/_action_msgs_s.ep.rosidl_typesupport_introspection_c.c
[4.222s] -- Up-to-date: /home/rassito/microros_ws/install/action_msgs/lib/python3.12/site-packages/action_msgs/msg
[4.222s] -- Up-to-date: /home/rassito/microros_ws/install/action_msgs/lib/python3.12/site-packages/action_msgs/msg/_goal_info.py
[4.222s] -- Up-to-date: /home/rassito/microros_ws/install/action_msgs/lib/python3.12/site-packages/action_msgs/msg/_goal_status_s.c
[4.222s] -- Up-to-date: /home/rassito/microros_ws/install/action_msgs/lib/python3.12/site-packages/action_msgs/msg/_goal_status_array_s.c
[4.222s] -- Up-to-date: /home/rassito/microros_ws/install/action_msgs/lib/python3.12/site-packages/action_msgs/msg/_goal_status.py
[4.222s] -- Up-to-date: /home/rassito/microros_ws/install/action_msgs/lib/python3.12/site-packages/action_msgs/msg/_goal_status_array.py
[4.222s] -- Up-to-date: /home/rassito/microros_ws/install/action_msgs/lib/python3.12/site-packages/action_msgs/msg/_goal_info_s.c
[4.222s] -- Up-to-date: /home/rassito/microros_ws/install/action_msgs/lib/python3.12/site-packages/action_msgs/msg/__init__.py
[4.222s] -- Installing: /home/rassito/microros_ws/install/action_msgs/lib/python3.12/site-packages/action_msgs/__init__.py
[4.278s] Listing '/home/rassito/microros_ws/install/action_msgs/lib/python3.12/site-packages/action_msgs'...
[4.278s] Compiling '/home/rassito/microros_ws/install/action_msgs/lib/python3.12/site-packages/action_msgs/__init__.py'...
[4.279s] Listing '/home/rassito/microros_ws/install/action_msgs/lib/python3.12/site-packages/action_msgs/msg'...
[4.279s] Listing '/home/rassito/microros_ws/install/action_msgs/lib/python3.12/site-packages/action_msgs/srv'...
[4.280s] -- Installing: /home/rassito/microros_ws/install/action_msgs/lib/python3.12/site-packages/action_msgs/action_msgs_s__rosidl_typesupport_fastrtps_c.so
[4.280s] -- Set non-toolchain portion of runtime path of "/home/rassito/microros_ws/install/action_msgs/lib/python3.12/site-packages/action_msgs/action_msgs_s__rosidl_typesupport_fastrtps_c.so" to ""
[4.280s] -- Installing: /home/rassito/microros_ws/install/action_msgs/lib/python3.12/site-packages/action_msgs/action_msgs_s__rosidl_typesupport_introspection_c.so
[4.280s] -- Set non-toolchain portion of runtime path of "/home/rassito/microros_ws/install/action_msgs/lib/python3.12/site-packages/action_msgs/action_msgs_s__rosidl_typesupport_introspection_c.so" to ""
[4.280s] -- Installing: /home/rassito/microros_ws/install/action_msgs/lib/python3.12/site-packages/action_msgs/action_msgs_s__rosidl_typesupport_c.so
[4.280s] -- Set non-toolchain portion of runtime path of "/home/rassito/microros_ws/install/action_msgs/lib/python3.12/site-packages/action_msgs/action_msgs_s__rosidl_typesupport_c.so" to ""
[4.280s] -- Installing: /home/rassito/microros_ws/install/action_msgs/lib/libaction_msgs__rosidl_generator_py.so
[4.280s] -- Set non-toolchain portion of runtime path of "/home/rassito/microros_ws/install/action_msgs/lib/libaction_msgs__rosidl_generator_py.so" to ""
[4.280s] -- Up-to-date: /home/rassito/microros_ws/install/action_msgs/share/action_msgs/msg/GoalInfo.idl
[4.280s] -- Up-to-date: /home/rassito/microros_ws/install/action_msgs/share/action_msgs/msg/GoalStatus.idl
[4.280s] -- Up-to-date: /home/rassito/microros_ws/install/action_msgs/share/action_msgs/msg/GoalStatusArray.idl
[4.280s] -- Up-to-date: /home/rassito/microros_ws/install/action_msgs/share/action_msgs/srv/CancelGoal.idl
[4.280s] -- Up-to-date: /home/rassito/microros_ws/install/action_msgs/share/action_msgs/msg/GoalInfo.msg
[4.280s] -- Up-to-date: /home/rassito/microros_ws/install/action_msgs/share/action_msgs/msg/GoalStatus.msg
[4.281s] -- Up-to-date: /home/rassito/microros_ws/install/action_msgs/share/action_msgs/msg/GoalStatusArray.msg
[4.281s] -- Up-to-date: /home/rassito/microros_ws/install/action_msgs/share/action_msgs/srv/CancelGoal.srv
[4.281s] -- Up-to-date: /home/rassito/microros_ws/install/action_msgs/share/ament_index/resource_index/package_run_dependencies/action_msgs
[4.281s] -- Installing: /home/rassito/microros_ws/install/action_msgs/share/ament_index/resource_index/parent_prefix_path/action_msgs
[4.281s] -- Up-to-date: /home/rassito/microros_ws/install/action_msgs/share/action_msgs/environment/ament_prefix_path.sh
[4.281s] -- Up-to-date: /home/rassito/microros_ws/install/action_msgs/share/action_msgs/environment/ament_prefix_path.dsv
[4.281s] -- Up-to-date: /home/rassito/microros_ws/install/action_msgs/share/action_msgs/environment/path.sh
[4.281s] -- Up-to-date: /home/rassito/microros_ws/install/action_msgs/share/action_msgs/environment/path.dsv
[4.281s] -- Up-to-date: /home/rassito/microros_ws/install/action_msgs/share/action_msgs/local_setup.bash
[4.281s] -- Up-to-date: /home/rassito/microros_ws/install/action_msgs/share/action_msgs/local_setup.sh
[4.281s] -- Up-to-date: /home/rassito/microros_ws/install/action_msgs/share/action_msgs/local_setup.zsh
[4.281s] -- Up-to-date: /home/rassito/microros_ws/install/action_msgs/share/action_msgs/local_setup.dsv
[4.281s] -- Installing: /home/rassito/microros_ws/install/action_msgs/share/action_msgs/package.dsv
[4.281s] -- Up-to-date: /home/rassito/microros_ws/install/action_msgs/share/ament_index/resource_index/packages/action_msgs
[4.281s] -- Up-to-date: /home/rassito/microros_ws/install/action_msgs/share/action_msgs/cmake/export_action_msgs__rosidl_generator_cExport.cmake
[4.281s] -- Up-to-date: /home/rassito/microros_ws/install/action_msgs/share/action_msgs/cmake/export_action_msgs__rosidl_generator_cExport-noconfig.cmake
[4.281s] -- Up-to-date: /home/rassito/microros_ws/install/action_msgs/share/action_msgs/cmake/export_action_msgs__rosidl_typesupport_fastrtps_cExport.cmake
[4.281s] -- Up-to-date: /home/rassito/microros_ws/install/action_msgs/share/action_msgs/cmake/export_action_msgs__rosidl_typesupport_fastrtps_cExport-noconfig.cmake
[4.281s] -- Up-to-date: /home/rassito/microros_ws/install/action_msgs/share/action_msgs/cmake/export_action_msgs__rosidl_generator_cppExport.cmake
[4.281s] -- Up-to-date: /home/rassito/microros_ws/install/action_msgs/share/action_msgs/cmake/export_action_msgs__rosidl_typesupport_fastrtps_cppExport.cmake
[4.282s] -- Up-to-date: /home/rassito/microros_ws/install/action_msgs/share/action_msgs/cmake/export_action_msgs__rosidl_typesupport_fastrtps_cppExport-noconfig.cmake
[4.282s] -- Up-to-date: /home/rassito/microros_ws/install/action_msgs/share/action_msgs/cmake/action_msgs__rosidl_typesupport_introspection_cExport.cmake
[4.282s] -- Up-to-date: /home/rassito/microros_ws/install/action_msgs/share/action_msgs/cmake/action_msgs__rosidl_typesupport_introspection_cExport-noconfig.cmake
[4.282s] -- Up-to-date: /home/rassito/microros_ws/install/action_msgs/share/action_msgs/cmake/action_msgs__rosidl_typesupport_cExport.cmake
[4.282s] -- Up-to-date: /home/rassito/microros_ws/install/action_msgs/share/action_msgs/cmake/action_msgs__rosidl_typesupport_cExport-noconfig.cmake
[4.282s] -- Up-to-date: /home/rassito/microros_ws/install/action_msgs/share/action_msgs/cmake/action_msgs__rosidl_typesupport_introspection_cppExport.cmake
[4.282s] -- Up-to-date: /home/rassito/microros_ws/install/action_msgs/share/action_msgs/cmake/action_msgs__rosidl_typesupport_introspection_cppExport-noconfig.cmake
[4.282s] -- Up-to-date: /home/rassito/microros_ws/install/action_msgs/share/action_msgs/cmake/action_msgs__rosidl_typesupport_cppExport.cmake
[4.282s] -- Up-to-date: /home/rassito/microros_ws/install/action_msgs/share/action_msgs/cmake/action_msgs__rosidl_typesupport_cppExport-noconfig.cmake
[4.282s] -- Up-to-date: /home/rassito/microros_ws/install/action_msgs/share/action_msgs/cmake/export_action_msgs__rosidl_generator_pyExport.cmake
[4.282s] -- Up-to-date: /home/rassito/microros_ws/install/action_msgs/share/action_msgs/cmake/export_action_msgs__rosidl_generator_pyExport-noconfig.cmake
[4.282s] -- Up-to-date: /home/rassito/microros_ws/install/action_msgs/share/action_msgs/cmake/rosidl_cmake-extras.cmake
[4.282s] -- Up-to-date: /home/rassito/microros_ws/install/action_msgs/share/action_msgs/cmake/ament_cmake_export_dependencies-extras.cmake
[4.282s] -- Installing: /home/rassito/microros_ws/install/action_msgs/share/action_msgs/cmake/ament_cmake_export_include_directories-extras.cmake
[4.282s] -- Up-to-date: /home/rassito/microros_ws/install/action_msgs/share/action_msgs/cmake/ament_cmake_export_libraries-extras.cmake
[4.282s] -- Up-to-date: /home/rassito/microros_ws/install/action_msgs/share/action_msgs/cmake/ament_cmake_export_targets-extras.cmake
[4.282s] -- Up-to-date: /home/rassito/microros_ws/install/action_msgs/share/action_msgs/cmake/rosidl_cmake_export_typesupport_targets-extras.cmake
[4.282s] -- Installing: /home/rassito/microros_ws/install/action_msgs/share/action_msgs/cmake/rosidl_cmake_export_typesupport_libraries-extras.cmake
[4.282s] -- Up-to-date: /home/rassito/microros_ws/install/action_msgs/share/action_msgs/cmake/action_msgsConfig.cmake
[4.282s] -- Up-to-date: /home/rassito/microros_ws/install/action_msgs/share/action_msgs/cmake/action_msgsConfig-version.cmake
[4.282s] -- Up-to-date: /home/rassito/microros_ws/install/action_msgs/share/action_msgs/package.xml
[4.283s] Invoked command in '/home/rassito/microros_ws/build/action_msgs' returned '0': AMENT_PREFIX_PATH=/home/rassito/microros_ws/install/service_msgs:/home/rassito/microros_ws/install/unique_identifier_msgs:/home/rassito/microros_ws/install/builtin_interfaces:${AMENT_PREFIX_PATH} CMAKE_PREFIX_PATH=/home/rassito/microros_ws/install/service_msgs:/home/rassito/microros_ws/install/unique_identifier_msgs:/home/rassito/microros_ws/install/builtin_interfaces:/opt/ros/jazzy/opt/sdformat_vendor:/opt/ros/jazzy/opt/gz_math_vendor:/opt/ros/jazzy/opt/gz_utils_vendor:/opt/ros/jazzy/opt/gz_tools_vendor:/opt/ros/jazzy/opt/gz_cmake_vendor:/home/rassito/ros_ws/install/super_pkg:/opt/ros/jazzy DEBUGINFOD_URLS=https://debuginfod.ubuntu.com LD_LIBRARY_PATH=/home/rassito/microros_ws/install/service_msgs/lib:/home/rassito/microros_ws/install/unique_identifier_msgs/lib:/home/rassito/microros_ws/install/builtin_interfaces/lib:${LD_LIBRARY_PATH} PYTHONPATH=/home/rassito/microros_ws/install/service_msgs/lib/python3.12/site-packages:/home/rassito/microros_ws/install/unique_identifier_msgs/lib/python3.12/site-packages:/home/rassito/microros_ws/install/builtin_interfaces/lib/python3.12/site-packages:${PYTHONPATH} /usr/bin/cmake --install /home/rassito/microros_ws/build/action_msgs
