[0.006s] Invoking command in '/home/rassito/microros_ws/build/rosidl_typesupport_microxrcedds_cpp': AMENT_PREFIX_PATH=/home/rassito/microros_ws/install/rosidl_typesupport_microxrcedds_c:${AMENT_PREFIX_PATH} CMAKE_PREFIX_PATH=/home/rassito/microros_ws/install/rosidl_typesupport_microxrcedds_c:/home/rassito/microros_ws/install/microcdr:/home/rassito/microros_ws/install/micro_ros_setup:/opt/ros/jazzy/opt/sdformat_vendor:/opt/ros/jazzy/opt/gz_math_vendor:/opt/ros/jazzy/opt/gz_utils_vendor:/opt/ros/jazzy/opt/gz_tools_vendor:/opt/ros/jazzy/opt/gz_cmake_vendor:/home/rassito/ros_ws/install/super_pkg:/opt/ros/jazzy DEBUGINFOD_URLS=https://debuginfod.ubuntu.com LD_LIBRARY_PATH=/home/rassito/microros_ws/install/rosidl_typesupport_microxrcedds_c/lib:/home/rassito/microros_ws/install/microcdr/lib:${LD_LIBRARY_PATH} PYTHONPATH=/home/rassito/microros_ws/install/rosidl_typesupport_microxrcedds_c/lib/python3.12/site-packages:${PYTHONPATH} /usr/bin/cmake /home/rassito/microros_ws/src/uros/rosidl_typesupport_microxrcedds/rosidl_typesupport_microxrcedds_cpp -DBUILD_TESTING=OFF -DBUILD_SHARED_LIBS=ON -DBUILD_SHARED_LIBS=ON -DCMAKE_INSTALL_PREFIX=/home/rassito/microros_ws/install/rosidl_typesupport_microxrcedds_cpp
[0.056s] -- The CXX compiler identification is GNU 13.3.0
[0.065s] -- Detecting CXX compiler ABI info
[0.196s] -- Detecting CXX compiler ABI info - done
[0.202s] -- Check for working CXX compiler: /usr/bin/c++ - skipped
[0.202s] -- Detecting CXX compile features
[0.202s] -- Detecting CXX compile features - done
[0.204s] -- Found ament_cmake_python: 2.5.3 (/opt/ros/jazzy/share/ament_cmake_python/cmake)
[0.205s] -- Found rosidl_runtime_c: 4.6.5 (/opt/ros/jazzy/share/rosidl_runtime_c/cmake)
[0.300s] -- Found Python3: /usr/bin/python3 (found version "3.12.3") found components: Interpreter 
[0.375s] -- Found rosidl_typesupport_microxrcedds_c: 5.0.1 (/home/rassito/microros_ws/install/rosidl_typesupport_microxrcedds_c/share/rosidl_typesupport_microxrcedds_c/cmake)
[0.396s] -- Found rosidl_adapter: 4.6.5 (/opt/ros/jazzy/share/rosidl_adapter/cmake)
[0.532s] -- Configuring done (0.5s)
[0.536s] -- Generating done (0.0s)
[0.537s] -- Build files have been written to: /home/rassito/microros_ws/build/rosidl_typesupport_microxrcedds_cpp
[0.541s] Invoked command in '/home/rassito/microros_ws/build/rosidl_typesupport_microxrcedds_cpp' returned '0': AMENT_PREFIX_PATH=/home/rassito/microros_ws/install/rosidl_typesupport_microxrcedds_c:${AMENT_PREFIX_PATH} CMAKE_PREFIX_PATH=/home/rassito/microros_ws/install/rosidl_typesupport_microxrcedds_c:/home/rassito/microros_ws/install/microcdr:/home/rassito/microros_ws/install/micro_ros_setup:/opt/ros/jazzy/opt/sdformat_vendor:/opt/ros/jazzy/opt/gz_math_vendor:/opt/ros/jazzy/opt/gz_utils_vendor:/opt/ros/jazzy/opt/gz_tools_vendor:/opt/ros/jazzy/opt/gz_cmake_vendor:/home/rassito/ros_ws/install/super_pkg:/opt/ros/jazzy DEBUGINFOD_URLS=https://debuginfod.ubuntu.com LD_LIBRARY_PATH=/home/rassito/microros_ws/install/rosidl_typesupport_microxrcedds_c/lib:/home/rassito/microros_ws/install/microcdr/lib:${LD_LIBRARY_PATH} PYTHONPATH=/home/rassito/microros_ws/install/rosidl_typesupport_microxrcedds_c/lib/python3.12/site-packages:${PYTHONPATH} /usr/bin/cmake /home/rassito/microros_ws/src/uros/rosidl_typesupport_microxrcedds/rosidl_typesupport_microxrcedds_cpp -DBUILD_TESTING=OFF -DBUILD_SHARED_LIBS=ON -DBUILD_SHARED_LIBS=ON -DCMAKE_INSTALL_PREFIX=/home/rassito/microros_ws/install/rosidl_typesupport_microxrcedds_cpp
[0.542s] Invoking command in '/home/rassito/microros_ws/build/rosidl_typesupport_microxrcedds_cpp': AMENT_PREFIX_PATH=/home/rassito/microros_ws/install/rosidl_typesupport_microxrcedds_c:${AMENT_PREFIX_PATH} CMAKE_PREFIX_PATH=/home/rassito/microros_ws/install/rosidl_typesupport_microxrcedds_c:/home/rassito/microros_ws/install/microcdr:/home/rassito/microros_ws/install/micro_ros_setup:/opt/ros/jazzy/opt/sdformat_vendor:/opt/ros/jazzy/opt/gz_math_vendor:/opt/ros/jazzy/opt/gz_utils_vendor:/opt/ros/jazzy/opt/gz_tools_vendor:/opt/ros/jazzy/opt/gz_cmake_vendor:/home/rassito/ros_ws/install/super_pkg:/opt/ros/jazzy DEBUGINFOD_URLS=https://debuginfod.ubuntu.com LD_LIBRARY_PATH=/home/rassito/microros_ws/install/rosidl_typesupport_microxrcedds_c/lib:/home/rassito/microros_ws/install/microcdr/lib:${LD_LIBRARY_PATH} PYTHONPATH=/home/rassito/microros_ws/install/rosidl_typesupport_microxrcedds_c/lib/python3.12/site-packages:${PYTHONPATH} /usr/bin/cmake --build /home/rassito/microros_ws/build/rosidl_typesupport_microxrcedds_cpp -- -j16 -l16
[0.575s] [ 50%] [32mBuilding CXX object CMakeFiles/rosidl_typesupport_microxrcedds_cpp.dir/src/identifier.cpp.o[0m
[0.582s] [ 50%] Built target ament_cmake_python_copy_rosidl_typesupport_microxrcedds_cpp
[0.590s] [100%] [32m[1mLinking CXX shared library librosidl_typesupport_microxrcedds_cpp.so[0m
[0.615s] [100%] Built target rosidl_typesupport_microxrcedds_cpp
[0.721s] running egg_info
[0.722s] creating rosidl_typesupport_microxrcedds_cpp.egg-info
[0.734s] writing rosidl_typesupport_microxrcedds_cpp.egg-info/PKG-INFO
[0.734s] writing dependency_links to rosidl_typesupport_microxrcedds_cpp.egg-info/dependency_links.txt
[0.734s] writing top-level names to rosidl_typesupport_microxrcedds_cpp.egg-info/top_level.txt
[0.734s] writing manifest file 'rosidl_typesupport_microxrcedds_cpp.egg-info/SOURCES.txt'
[0.769s] reading manifest file 'rosidl_typesupport_microxrcedds_cpp.egg-info/SOURCES.txt'
[0.770s] writing manifest file 'rosidl_typesupport_microxrcedds_cpp.egg-info/SOURCES.txt'
[0.786s] [100%] Built target ament_cmake_python_build_rosidl_typesupport_microxrcedds_cpp_egg
[0.793s] Invoked command in '/home/rassito/microros_ws/build/rosidl_typesupport_microxrcedds_cpp' returned '0': AMENT_PREFIX_PATH=/home/rassito/microros_ws/install/rosidl_typesupport_microxrcedds_c:${AMENT_PREFIX_PATH} CMAKE_PREFIX_PATH=/home/rassito/microros_ws/install/rosidl_typesupport_microxrcedds_c:/home/rassito/microros_ws/install/microcdr:/home/rassito/microros_ws/install/micro_ros_setup:/opt/ros/jazzy/opt/sdformat_vendor:/opt/ros/jazzy/opt/gz_math_vendor:/opt/ros/jazzy/opt/gz_utils_vendor:/opt/ros/jazzy/opt/gz_tools_vendor:/opt/ros/jazzy/opt/gz_cmake_vendor:/home/rassito/ros_ws/install/super_pkg:/opt/ros/jazzy DEBUGINFOD_URLS=https://debuginfod.ubuntu.com LD_LIBRARY_PATH=/home/rassito/microros_ws/install/rosidl_typesupport_microxrcedds_c/lib:/home/rassito/microros_ws/install/microcdr/lib:${LD_LIBRARY_PATH} PYTHONPATH=/home/rassito/microros_ws/install/rosidl_typesupport_microxrcedds_c/lib/python3.12/site-packages:${PYTHONPATH} /usr/bin/cmake --build /home/rassito/microros_ws/build/rosidl_typesupport_microxrcedds_cpp -- -j16 -l16
[0.794s] Invoking command in '/home/rassito/microros_ws/build/rosidl_typesupport_microxrcedds_cpp': AMENT_PREFIX_PATH=/home/rassito/microros_ws/install/rosidl_typesupport_microxrcedds_c:${AMENT_PREFIX_PATH} CMAKE_PREFIX_PATH=/home/rassito/microros_ws/install/rosidl_typesupport_microxrcedds_c:/home/rassito/microros_ws/install/microcdr:/home/rassito/microros_ws/install/micro_ros_setup:/opt/ros/jazzy/opt/sdformat_vendor:/opt/ros/jazzy/opt/gz_math_vendor:/opt/ros/jazzy/opt/gz_utils_vendor:/opt/ros/jazzy/opt/gz_tools_vendor:/opt/ros/jazzy/opt/gz_cmake_vendor:/home/rassito/ros_ws/install/super_pkg:/opt/ros/jazzy DEBUGINFOD_URLS=https://debuginfod.ubuntu.com LD_LIBRARY_PATH=/home/rassito/microros_ws/install/rosidl_typesupport_microxrcedds_c/lib:/home/rassito/microros_ws/install/microcdr/lib:${LD_LIBRARY_PATH} PYTHONPATH=/home/rassito/microros_ws/install/rosidl_typesupport_microxrcedds_c/lib/python3.12/site-packages:${PYTHONPATH} /usr/bin/cmake --install /home/rassito/microros_ws/build/rosidl_typesupport_microxrcedds_cpp
[0.799s] -- Install configuration: ""
[0.799s] -- Installing: /home/rassito/microros_ws/install/rosidl_typesupport_microxrcedds_cpp/share/rosidl_typesupport_microxrcedds_cpp/environment/pythonpath.sh
[0.799s] -- Installing: /home/rassito/microros_ws/install/rosidl_typesupport_microxrcedds_cpp/share/rosidl_typesupport_microxrcedds_cpp/environment/pythonpath.dsv
[0.799s] -- Installing: /home/rassito/microros_ws/install/rosidl_typesupport_microxrcedds_cpp/lib/python3.12/site-packages/rosidl_typesupport_microxrcedds_cpp-5.0.1-py3.12.egg-info
[0.799s] -- Installing: /home/rassito/microros_ws/install/rosidl_typesupport_microxrcedds_cpp/lib/python3.12/site-packages/rosidl_typesupport_microxrcedds_cpp-5.0.1-py3.12.egg-info/top_level.txt
[0.800s] -- Installing: /home/rassito/microros_ws/install/rosidl_typesupport_microxrcedds_cpp/lib/python3.12/site-packages/rosidl_typesupport_microxrcedds_cpp-5.0.1-py3.12.egg-info/PKG-INFO
[0.800s] -- Installing: /home/rassito/microros_ws/install/rosidl_typesupport_microxrcedds_cpp/lib/python3.12/site-packages/rosidl_typesupport_microxrcedds_cpp-5.0.1-py3.12.egg-info/dependency_links.txt
[0.800s] -- Installing: /home/rassito/microros_ws/install/rosidl_typesupport_microxrcedds_cpp/lib/python3.12/site-packages/rosidl_typesupport_microxrcedds_cpp-5.0.1-py3.12.egg-info/SOURCES.txt
[0.800s] -- Installing: /home/rassito/microros_ws/install/rosidl_typesupport_microxrcedds_cpp/lib/python3.12/site-packages/rosidl_typesupport_microxrcedds_cpp
[0.800s] -- Installing: /home/rassito/microros_ws/install/rosidl_typesupport_microxrcedds_cpp/lib/python3.12/site-packages/rosidl_typesupport_microxrcedds_cpp/__init__.py
[0.829s] Listing '/home/rassito/microros_ws/install/rosidl_typesupport_microxrcedds_cpp/lib/python3.12/site-packages/rosidl_typesupport_microxrcedds_cpp'...
[0.829s] Compiling '/home/rassito/microros_ws/install/rosidl_typesupport_microxrcedds_cpp/lib/python3.12/site-packages/rosidl_typesupport_microxrcedds_cpp/__init__.py'...
[0.832s] -- Installing: /home/rassito/microros_ws/install/rosidl_typesupport_microxrcedds_cpp/share/rosidl_typesupport_microxrcedds_cpp/environment/library_path.sh
[0.832s] -- Installing: /home/rassito/microros_ws/install/rosidl_typesupport_microxrcedds_cpp/share/rosidl_typesupport_microxrcedds_cpp/environment/library_path.dsv
[0.833s] -- Installing: /home/rassito/microros_ws/install/rosidl_typesupport_microxrcedds_cpp/share/ament_index/resource_index/rosidl_typesupport_cpp/rosidl_typesupport_microxrcedds_cpp
[0.833s] -- Installing: /home/rassito/microros_ws/install/rosidl_typesupport_microxrcedds_cpp/share/ament_index/resource_index/package_run_dependencies/rosidl_typesupport_microxrcedds_cpp
[0.833s] -- Installing: /home/rassito/microros_ws/install/rosidl_typesupport_microxrcedds_cpp/share/ament_index/resource_index/parent_prefix_path/rosidl_typesupport_microxrcedds_cpp
[0.833s] -- Installing: /home/rassito/microros_ws/install/rosidl_typesupport_microxrcedds_cpp/share/rosidl_typesupport_microxrcedds_cpp/environment/ament_prefix_path.sh
[0.833s] -- Installing: /home/rassito/microros_ws/install/rosidl_typesupport_microxrcedds_cpp/share/rosidl_typesupport_microxrcedds_cpp/environment/ament_prefix_path.dsv
[0.833s] -- Installing: /home/rassito/microros_ws/install/rosidl_typesupport_microxrcedds_cpp/share/rosidl_typesupport_microxrcedds_cpp/environment/path.sh
[0.833s] -- Installing: /home/rassito/microros_ws/install/rosidl_typesupport_microxrcedds_cpp/share/rosidl_typesupport_microxrcedds_cpp/environment/path.dsv
[0.833s] -- Installing: /home/rassito/microros_ws/install/rosidl_typesupport_microxrcedds_cpp/share/rosidl_typesupport_microxrcedds_cpp/local_setup.bash
[0.833s] -- Installing: /home/rassito/microros_ws/install/rosidl_typesupport_microxrcedds_cpp/share/rosidl_typesupport_microxrcedds_cpp/local_setup.sh
[0.833s] -- Installing: /home/rassito/microros_ws/install/rosidl_typesupport_microxrcedds_cpp/share/rosidl_typesupport_microxrcedds_cpp/local_setup.zsh
[0.833s] -- Installing: /home/rassito/microros_ws/install/rosidl_typesupport_microxrcedds_cpp/share/rosidl_typesupport_microxrcedds_cpp/local_setup.dsv
[0.833s] -- Installing: /home/rassito/microros_ws/install/rosidl_typesupport_microxrcedds_cpp/share/rosidl_typesupport_microxrcedds_cpp/package.dsv
[0.833s] -- Installing: /home/rassito/microros_ws/install/rosidl_typesupport_microxrcedds_cpp/share/ament_index/resource_index/packages/rosidl_typesupport_microxrcedds_cpp
[0.833s] -- Installing: /home/rassito/microros_ws/install/rosidl_typesupport_microxrcedds_cpp/share/rosidl_typesupport_microxrcedds_cpp/cmake/rosidl_typesupport_microxrcedds_cppExport.cmake
[0.833s] -- Installing: /home/rassito/microros_ws/install/rosidl_typesupport_microxrcedds_cpp/share/rosidl_typesupport_microxrcedds_cpp/cmake/rosidl_typesupport_microxrcedds_cppExport-noconfig.cmake
[0.834s] -- Installing: /home/rassito/microros_ws/install/rosidl_typesupport_microxrcedds_cpp/share/rosidl_typesupport_microxrcedds_cpp/cmake/rosidl_typesupport_microxrcedds_cpp-extras.cmake
[0.834s] -- Installing: /home/rassito/microros_ws/install/rosidl_typesupport_microxrcedds_cpp/share/rosidl_typesupport_microxrcedds_cpp/cmake/ament_cmake_export_dependencies-extras.cmake
[0.834s] -- Installing: /home/rassito/microros_ws/install/rosidl_typesupport_microxrcedds_cpp/share/rosidl_typesupport_microxrcedds_cpp/cmake/ament_cmake_export_include_directories-extras.cmake
[0.834s] -- Installing: /home/rassito/microros_ws/install/rosidl_typesupport_microxrcedds_cpp/share/rosidl_typesupport_microxrcedds_cpp/cmake/ament_cmake_export_libraries-extras.cmake
[0.834s] -- Installing: /home/rassito/microros_ws/install/rosidl_typesupport_microxrcedds_cpp/share/rosidl_typesupport_microxrcedds_cpp/cmake/ament_cmake_export_targets-extras.cmake
[0.834s] -- Installing: /home/rassito/microros_ws/install/rosidl_typesupport_microxrcedds_cpp/share/rosidl_typesupport_microxrcedds_cpp/cmake/rosidl_typesupport_microxrcedds_cppConfig.cmake
[0.834s] -- Installing: /home/rassito/microros_ws/install/rosidl_typesupport_microxrcedds_cpp/share/rosidl_typesupport_microxrcedds_cpp/cmake/rosidl_typesupport_microxrcedds_cppConfig-version.cmake
[0.834s] -- Installing: /home/rassito/microros_ws/install/rosidl_typesupport_microxrcedds_cpp/share/rosidl_typesupport_microxrcedds_cpp/package.xml
[0.834s] -- Installing: /home/rassito/microros_ws/install/rosidl_typesupport_microxrcedds_cpp/lib/rosidl_typesupport_microxrcedds_cpp/rosidl_typesupport_microxrcedds_cpp
[0.834s] -- Up-to-date: /home/rassito/microros_ws/install/rosidl_typesupport_microxrcedds_cpp/share/rosidl_typesupport_microxrcedds_cpp/cmake
[0.834s] -- Installing: /home/rassito/microros_ws/install/rosidl_typesupport_microxrcedds_cpp/share/rosidl_typesupport_microxrcedds_cpp/cmake/rosidl_typesupport_microxrcedds_cpp_generate_interfaces.cmake
[0.834s] -- Installing: /home/rassito/microros_ws/install/rosidl_typesupport_microxrcedds_cpp/share/rosidl_typesupport_microxrcedds_cpp/resource
[0.834s] -- Installing: /home/rassito/microros_ws/install/rosidl_typesupport_microxrcedds_cpp/share/rosidl_typesupport_microxrcedds_cpp/resource/msg__type_support_cpp.cpp.em
[0.834s] -- Installing: /home/rassito/microros_ws/install/rosidl_typesupport_microxrcedds_cpp/share/rosidl_typesupport_microxrcedds_cpp/resource/rosidl_typesupport_microxrcedds_cpp__visibility_control.h.in
[0.834s] -- Installing: /home/rassito/microros_ws/install/rosidl_typesupport_microxrcedds_cpp/share/rosidl_typesupport_microxrcedds_cpp/resource/srv__type_support_cpp.cpp.em
[0.834s] -- Installing: /home/rassito/microros_ws/install/rosidl_typesupport_microxrcedds_cpp/share/rosidl_typesupport_microxrcedds_cpp/resource/srv__rosidl_typesupport_microxrcedds_cpp.hpp.em
[0.835s] -- Installing: /home/rassito/microros_ws/install/rosidl_typesupport_microxrcedds_cpp/share/rosidl_typesupport_microxrcedds_cpp/resource/idl__type_support_cpp.cpp.em
[0.835s] -- Installing: /home/rassito/microros_ws/install/rosidl_typesupport_microxrcedds_cpp/share/rosidl_typesupport_microxrcedds_cpp/resource/msg__rosidl_typesupport_microxrcedds_cpp.hpp.em
[0.835s] -- Installing: /home/rassito/microros_ws/install/rosidl_typesupport_microxrcedds_cpp/share/rosidl_typesupport_microxrcedds_cpp/resource/idl__rosidl_typesupport_microxrcedds_cpp.hpp.em
[0.835s] -- Installing: /home/rassito/microros_ws/install/rosidl_typesupport_microxrcedds_cpp/include
[0.835s] -- Installing: /home/rassito/microros_ws/install/rosidl_typesupport_microxrcedds_cpp/include/rosidl_typesupport_microxrcedds_cpp
[0.835s] -- Installing: /home/rassito/microros_ws/install/rosidl_typesupport_microxrcedds_cpp/include/rosidl_typesupport_microxrcedds_cpp/identifier.hpp
[0.835s] -- Installing: /home/rassito/microros_ws/install/rosidl_typesupport_microxrcedds_cpp/include/rosidl_typesupport_microxrcedds_cpp/message_type_support_decl.hpp
[0.835s] -- Installing: /home/rassito/microros_ws/install/rosidl_typesupport_microxrcedds_cpp/include/rosidl_typesupport_microxrcedds_cpp/visibility_control.h
[0.835s] -- Installing: /home/rassito/microros_ws/install/rosidl_typesupport_microxrcedds_cpp/include/rosidl_typesupport_microxrcedds_cpp/service_type_support_decl.hpp
[0.835s] -- Installing: /home/rassito/microros_ws/install/rosidl_typesupport_microxrcedds_cpp/include/rosidl_typesupport_microxrcedds_cpp/identifier.h
[0.835s] -- Installing: /home/rassito/microros_ws/install/rosidl_typesupport_microxrcedds_cpp/lib/librosidl_typesupport_microxrcedds_cpp.so
[0.835s] -- Set non-toolchain portion of runtime path of "/home/rassito/microros_ws/install/rosidl_typesupport_microxrcedds_cpp/lib/librosidl_typesupport_microxrcedds_cpp.so" to ""
[0.837s] Invoked command in '/home/rassito/microros_ws/build/rosidl_typesupport_microxrcedds_cpp' returned '0': AMENT_PREFIX_PATH=/home/rassito/microros_ws/install/rosidl_typesupport_microxrcedds_c:${AMENT_PREFIX_PATH} CMAKE_PREFIX_PATH=/home/rassito/microros_ws/install/rosidl_typesupport_microxrcedds_c:/home/rassito/microros_ws/install/microcdr:/home/rassito/microros_ws/install/micro_ros_setup:/opt/ros/jazzy/opt/sdformat_vendor:/opt/ros/jazzy/opt/gz_math_vendor:/opt/ros/jazzy/opt/gz_utils_vendor:/opt/ros/jazzy/opt/gz_tools_vendor:/opt/ros/jazzy/opt/gz_cmake_vendor:/home/rassito/ros_ws/install/super_pkg:/opt/ros/jazzy DEBUGINFOD_URLS=https://debuginfod.ubuntu.com LD_LIBRARY_PATH=/home/rassito/microros_ws/install/rosidl_typesupport_microxrcedds_c/lib:/home/rassito/microros_ws/install/microcdr/lib:${LD_LIBRARY_PATH} PYTHONPATH=/home/rassito/microros_ws/install/rosidl_typesupport_microxrcedds_c/lib/python3.12/site-packages:${PYTHONPATH} /usr/bin/cmake --install /home/rassito/microros_ws/build/rosidl_typesupport_microxrcedds_cpp
