[0.042s] Invoking command in '/home/rassito/microros_ws/build/micro_ros_demos_rclc': CMAKE_PREFIX_PATH=/home/rassito/microros_ws/install/visualization_msgs:/home/rassito/microros_ws/install/sensor_msgs:/home/rassito/microros_ws/install/rmw_microxrcedds:/home/rassito/microros_ws/install/rclc_parameter:/home/rassito/microros_ws/install/rosidl_typesupport_microxrcedds_cpp:/home/rassito/microros_ws/install/rclc:/home/rassito/microros_ws/install/geometry_msgs:/home/rassito/microros_ws/install/test_msgs:/home/rassito/microros_ws/install/std_msgs:/home/rassito/microros_ws/install/rosidl_typesupport_microxrcedds_c:/home/rassito/microros_ws/install/rcl_interfaces:/home/rassito/microros_ws/install/microxrcedds_client:/home/rassito/microros_ws/install/complex_msgs:/home/rassito/microros_ws/install/test_interface_files:/home/rassito/microros_ws/install/microcdr:/home/rassito/microros_ws/install/micro_ros_utilities:/home/rassito/microros_ws/install/micro_ros_msgs:/home/rassito/microros_ws/install/example_interfaces:/home/rassito/microros_ws/install/builtin_interfaces:/home/rassito/microros_ws/install/micro_ros_demos_rclc:/home/rassito/microros_ws/install/common_interfaces:/home/rassito/microros_ws/install/action_msgs:/home/rassito/microros_ws/install/unique_identifier_msgs:/home/rassito/microros_ws/install/type_description_interfaces:/home/rassito/microros_ws/install/trajectory_msgs:/home/rassito/microros_ws/install/stereo_msgs:/home/rassito/microros_ws/install/std_srvs:/home/rassito/microros_ws/install/shape_msgs:/home/rassito/microros_ws/install/nav_msgs:/home/rassito/microros_ws/install/diagnostic_msgs:/home/rassito/microros_ws/install/actionlib_msgs:/home/rassito/microros_ws/install/statistics_msgs:/home/rassito/microros_ws/install/service_msgs:/home/rassito/microros_ws/install/rosidl_typesupport_microxrcedds_test_msg:/home/rassito/microros_ws/install/rosidl_typesupport_microxrcedds_cpp_tests:/home/rassito/microros_ws/install/rosidl_typesupport_microxrcedds_c_tests:/home/rassito/microros_ws/install/rosgraph_msgs:/home/rassito/microros_ws/install/composition_interfaces:/home/rassito/microros_ws/install/micro_ros_setup:/home/rassito/microros_ws/install/micro_ros_agent:/home/rassito/microros_ws/install/lifecycle_msgs:/opt/ros/jazzy/opt/sdformat_vendor:/opt/ros/jazzy/opt/gz_math_vendor:/opt/ros/jazzy/opt/gz_utils_vendor:/opt/ros/jazzy/opt/gz_tools_vendor:/opt/ros/jazzy/opt/gz_cmake_vendor:/home/rassito/microros_ws/install/sensor_msgs_py:/home/rassito/ros_ws/install/super_pkg:/opt/ros/jazzy DEBUGINFOD_URLS=https://debuginfod.ubuntu.com LD_LIBRARY_PATH=/home/rassito/microros_ws/install/visualization_msgs/lib:/home/rassito/microros_ws/install/sensor_msgs/lib:/home/rassito/microros_ws/install/rmw_microxrcedds/lib:/home/rassito/microros_ws/install/rclc_parameter/lib:/home/rassito/microros_ws/install/rosidl_typesupport_microxrcedds_cpp/lib:/home/rassito/microros_ws/install/rclc/lib:/home/rassito/microros_ws/install/geometry_msgs/lib:/home/rassito/microros_ws/install/test_msgs/lib:/home/rassito/microros_ws/install/std_msgs/lib:/home/rassito/microros_ws/install/rosidl_typesupport_microxrcedds_c/lib:/home/rassito/microros_ws/install/rcl_interfaces/lib:/home/rassito/microros_ws/install/microxrcedds_client/lib:/home/rassito/microros_ws/install/complex_msgs/lib:/home/rassito/microros_ws/install/microcdr/lib:/home/rassito/microros_ws/install/micro_ros_utilities/lib:/home/rassito/microros_ws/install/micro_ros_msgs/lib:/home/rassito/microros_ws/install/example_interfaces/lib:/home/rassito/microros_ws/install/builtin_interfaces/lib:/home/rassito/microros_ws/install/action_msgs/lib:/home/rassito/microros_ws/install/unique_identifier_msgs/lib:/home/rassito/microros_ws/install/type_description_interfaces/lib:/home/rassito/microros_ws/install/trajectory_msgs/lib:/home/rassito/microros_ws/install/stereo_msgs/lib:/home/rassito/microros_ws/install/std_srvs/lib:/home/rassito/microros_ws/install/shape_msgs/lib:/home/rassito/microros_ws/install/nav_msgs/lib:/home/rassito/microros_ws/install/diagnostic_msgs/lib:/home/rassito/microros_ws/install/actionlib_msgs/lib:/home/rassito/microros_ws/install/statistics_msgs/lib:/home/rassito/microros_ws/install/service_msgs/lib:/home/rassito/microros_ws/install/rosgraph_msgs/lib:/home/rassito/microros_ws/install/composition_interfaces/lib:/home/rassito/microros_ws/install/micro_ros_agent/lib:/home/rassito/microros_ws/install/lifecycle_msgs/lib:/opt/ros/jazzy/opt/sdformat_vendor/lib:/opt/ros/jazzy/opt/rviz_ogre_vendor/lib:/opt/ros/jazzy/lib/x86_64-linux-gnu:/opt/ros/jazzy/opt/gz_math_vendor/lib:/opt/ros/jazzy/opt/gz_utils_vendor/lib:/opt/ros/jazzy/opt/gz_tools_vendor/lib:/opt/ros/jazzy/opt/gz_cmake_vendor/lib:/opt/ros/jazzy/lib PYTHONPATH=/home/rassito/microros_ws/install/visualization_msgs/lib/python3.12/site-packages:/home/rassito/microros_ws/install/sensor_msgs/lib/python3.12/site-packages:/home/rassito/microros_ws/install/rosidl_typesupport_microxrcedds_cpp/lib/python3.12/site-packages:/home/rassito/microros_ws/install/geometry_msgs/lib/python3.12/site-packages:/home/rassito/microros_ws/install/test_msgs/lib/python3.12/site-packages:/home/rassito/microros_ws/install/std_msgs/lib/python3.12/site-packages:/home/rassito/microros_ws/install/rosidl_typesupport_microxrcedds_c/lib/python3.12/site-packages:/home/rassito/microros_ws/install/rcl_interfaces/lib/python3.12/site-packages:/home/rassito/microros_ws/install/complex_msgs/lib/python3.12/site-packages:/home/rassito/microros_ws/install/micro_ros_msgs/lib/python3.12/site-packages:/home/rassito/microros_ws/install/example_interfaces/lib/python3.12/site-packages:/home/rassito/microros_ws/install/builtin_interfaces/lib/python3.12/site-packages:/home/rassito/microros_ws/install/action_msgs/lib/python3.12/site-packages:/home/rassito/microros_ws/install/unique_identifier_msgs/lib/python3.12/site-packages:/home/rassito/microros_ws/install/type_description_interfaces/lib/python3.12/site-packages:/home/rassito/microros_ws/install/trajectory_msgs/lib/python3.12/site-packages:/home/rassito/microros_ws/install/stereo_msgs/lib/python3.12/site-packages:/home/rassito/microros_ws/install/std_srvs/lib/python3.12/site-packages:/home/rassito/microros_ws/install/shape_msgs/lib/python3.12/site-packages:/home/rassito/microros_ws/install/sensor_msgs_py/lib/python3.12/site-packages:/home/rassito/microros_ws/install/nav_msgs/lib/python3.12/site-packages:/home/rassito/microros_ws/install/diagnostic_msgs/lib/python3.12/site-packages:/home/rassito/microros_ws/install/actionlib_msgs/lib/python3.12/site-packages:/home/rassito/microros_ws/install/statistics_msgs/lib/python3.12/site-packages:/home/rassito/microros_ws/install/service_msgs/lib/python3.12/site-packages:/home/rassito/microros_ws/install/rosgraph_msgs/lib/python3.12/site-packages:/home/rassito/microros_ws/install/composition_interfaces/lib/python3.12/site-packages:/home/rassito/microros_ws/install/lifecycle_msgs/lib/python3.12/site-packages:/home/rassito/ros_ws/build/super_pkg:/home/rassito/ros_ws/install/super_pkg/lib/python3.12/site-packages:/opt/ros/jazzy/lib/python3.12/site-packages /usr/bin/cmake --build /home/rassito/microros_ws/build/micro_ros_demos_rclc -- -j16 -l16
[0.094s] [  3%] [34m[1mPerforming build step for 'subscription_count'[0m
[0.094s] [  3%] [34m[1mPerforming build step for 'configured_subscriber'[0m
[0.094s] [  3%] [34m[1mPerforming build step for 'fibonacci_action_server'[0m
[0.094s] [  3%] [34m[1mPerforming build step for 'int32_subscriber'[0m
[0.094s] [  3%] [34m[1mPerforming build step for 'addtwoints_server'[0m
[0.094s] [  4%] [34m[1mPerforming build step for 'configured_publisher'[0m
[0.094s] [  4%] [34m[1mPerforming build step for 'publisher_count'[0m
[0.094s] [  4%] [34m[1mPerforming build step for 'int32_publisher'[0m
[0.095s] [  4%] [34m[1mPerforming build step for 'addtwoints_client'[0m
[0.095s] [  5%] [34m[1mPerforming build step for 'graph_visualizer'[0m
[0.095s] [  6%] [34m[1mPerforming build step for 'int32_multinode'[0m
[0.095s] [  6%] [34m[1mPerforming build step for 'fibonacci_action_client'[0m
[0.098s] [  7%] [34m[1mPerforming build step for 'ping_uros_agent'[0m
[0.103s] [  7%] [34m[1mPerforming build step for 'int32_publisher_subscriber'[0m
[0.105s] [  8%] [34m[1mPerforming build step for 'ping_pong'[0m
[0.111s] [  8%] [34m[1mPerforming build step for 'fragmented_publication'[0m
[0.147s] [100%] Built target graph_visualizer
[0.148s] [100%] Built target addtwoints_server
[0.148s] [100%] Built target int32_publisher
[0.148s] [100%] Built target fibonacci_action_server
[0.148s] [100%] Built target addtwoints_client
[0.155s] [100%] Built target subscription_count
[0.155s] [100%] Built target int32_subscriber
[0.155s] [100%] Built target configured_publisher
[0.155s] [100%] Built target publisher_count
[0.155s] [100%] Built target configured_subscriber
[0.155s] [100%] Built target int32_multinode
[0.160s] [100%] Built target fibonacci_action_client
[0.160s] [100%] Built target ping_pong
[0.161s] [100%] Built target ping_uros_agent
[0.166s] [100%] Built target int32_publisher_subscriber
[0.169s] [  9%] [34m[1mPerforming install step for 'int32_publisher'[0m
[0.171s] [ 10%] [34m[1mPerforming install step for 'addtwoints_client'[0m
[0.172s] [ 11%] [34m[1mPerforming install step for 'addtwoints_server'[0m
[0.172s] [ 11%] [34m[1mPerforming install step for 'fibonacci_action_server'[0m
[0.172s] [ 11%] [34m[1mPerforming install step for 'int32_subscriber'[0m
[0.175s] [ 11%] [34m[1mPerforming install step for 'subscription_count'[0m
[0.175s] [100%] Built target fragmented_publication
[0.175s] [ 11%] [34m[1mPerforming install step for 'graph_visualizer'[0m
[0.181s] [ 11%] [34m[1mPerforming install step for 'configured_subscriber'[0m
[0.181s] [ 11%] [34m[1mPerforming install step for 'ping_pong'[0m
[0.182s] [ 11%] [34m[1mPerforming install step for 'fibonacci_action_client'[0m
[0.182s] [ 12%] [34m[1mPerforming install step for 'ping_uros_agent'[0m
[0.187s] [ 12%] [34m[1mPerforming install step for 'int32_multinode'[0m
[0.193s] [ 12%] [34m[1mPerforming install step for 'configured_publisher'[0m
[0.194s] [ 12%] [34m[1mPerforming install step for 'int32_publisher_subscriber'[0m
[0.195s] [ 13%] [34m[1mPerforming install step for 'publisher_count'[0m
[0.200s] [ 14%] [34m[1mPerforming install step for 'fragmented_publication'[0m
[0.233s] [100%] Built target fibonacci_action_server
[0.233s] [100%] Built target subscription_count
[0.233s] [100%] Built target int32_subscriber
[0.235s] [100%] Built target graph_visualizer
[0.237s] [100%] Built target configured_subscriber
[0.238s] [100%] Built target ping_uros_agent
[0.238s] [100%] Built target addtwoints_client
[0.238s] [100%] Built target ping_pong
[0.238s] [100%] Built target addtwoints_server
[0.242s] [100%] Built target fibonacci_action_client
[0.243s] [100%] Built target int32_multinode
[0.257s] [36mInstall the project...[0m
[0.257s] [100%] Built target configured_publisher
[0.257s] [100%] Built target int32_publisher_subscriber
[0.257s] [100%] Built target fragmented_publication
[0.259s] [36mInstall the project...[0m
[0.259s] [100%] Built target int32_publisher
[0.259s] [36mInstall the project...[0m
[0.259s] [36mInstall the project...[0m
[0.260s] [36mInstall the project...[0m
[0.260s] [36mInstall the project...[0m
[0.262s] [36mInstall the project...[0m
[0.262s] [100%] Built target publisher_count
[0.264s] [36mInstall the project...[0m
[0.264s] [36mInstall the project...[0m
[0.266s] -- Install configuration: ""
[0.267s] -- Up-to-date: /home/rassito/microros_ws/build/micro_ros_demos_rclc/temp_install/fibonacci_action_server/fibonacci_action_server
[0.268s] [36mInstall the project...[0m
[0.273s] -- Install configuration: ""
[0.274s] [36mInstall the project...[0m
[0.274s] -- Up-to-date: /home/rassito/microros_ws/build/micro_ros_demos_rclc/temp_install/subscription_count/subscription_count
[0.274s] -- Install configuration: ""
[0.274s] -- Install configuration: ""
[0.274s] -- Up-to-date: /home/rassito/microros_ws/build/micro_ros_demos_rclc/temp_install/graph_visualizer/graph_visualizer
[0.274s] -- Up-to-date: /home/rassito/microros_ws/build/micro_ros_demos_rclc/temp_install/addtwoints_client/addtwoints_client
[0.274s] -- Install configuration: ""
[0.274s] -- Up-to-date: /home/rassito/microros_ws/build/micro_ros_demos_rclc/temp_install/ping_uros_agent/ping_uros_agent
[0.275s] -- Install configuration: ""
[0.278s] -- Up-to-date: /home/rassito/microros_ws/build/micro_ros_demos_rclc/temp_install/fibonacci_action_client/fibonacci_action_client
[0.279s] -- Install configuration: ""
[0.279s] -- Up-to-date: /home/rassito/microros_ws/build/micro_ros_demos_rclc/temp_install/ping_pong/ping_pong
[0.279s] -- Install configuration: ""
[0.279s] -- Up-to-date: /home/rassito/microros_ws/build/micro_ros_demos_rclc/temp_install/int32_subscriber/int32_subscriber
[0.279s] -- Install configuration: ""
[0.279s] -- Up-to-date: /home/rassito/microros_ws/build/micro_ros_demos_rclc/temp_install/int32_multinode/int32_multinode
[0.279s] [ 14%] [34m[1mCompleted 'fibonacci_action_server'[0m
[0.281s] [36mInstall the project...[0m
[0.282s] [ 15%] [34m[1mCompleted 'subscription_count'[0m
[0.282s] [36mInstall the project...[0m
[0.282s] -- Install configuration: ""
[0.283s] -- Up-to-date: /home/rassito/microros_ws/build/micro_ros_demos_rclc/temp_install/configured_subscriber/configured_subscriber
[0.283s] -- Install configuration: ""
[0.283s] [ 15%] [34m[1mCompleted 'graph_visualizer'[0m
[0.283s] -- Up-to-date: /home/rassito/microros_ws/build/micro_ros_demos_rclc/temp_install/addtwoints_server/addtwoints_server
[0.283s] [ 15%] [34m[1mCompleted 'addtwoints_client'[0m
[0.284s] [36mInstall the project...[0m
[0.284s] [36mInstall the project...[0m
[0.293s] [ 15%] [34m[1mCompleted 'ping_uros_agent'[0m
[0.294s] [ 15%] [34m[1mCompleted 'ping_pong'[0m
[0.294s] [ 15%] [34m[1mCompleted 'int32_subscriber'[0m
[0.294s] [ 16%] [34m[1mCompleted 'fibonacci_action_client'[0m
[0.294s] -- Install configuration: ""
[0.294s] -- Install configuration: ""
[0.294s] -- Up-to-date: /home/rassito/microros_ws/build/micro_ros_demos_rclc/temp_install/int32_publisher_subscriber/int32_publisher_subscriber
[0.294s] -- Up-to-date: /home/rassito/microros_ws/build/micro_ros_demos_rclc/temp_install/fragmented_publication/fragmented_publication
[0.294s] [ 16%] [34m[1mCompleted 'int32_multinode'[0m
[0.296s] [36mInstall the project...[0m
[0.299s] -- Install configuration: ""
[0.300s] -- Up-to-date: /home/rassito/microros_ws/build/micro_ros_demos_rclc/temp_install/configured_publisher/configured_publisher
[0.300s] [ 16%] [34m[1mCompleted 'configured_subscriber'[0m
[0.300s] -- Install configuration: ""
[0.300s] -- Up-to-date: /home/rassito/microros_ws/build/micro_ros_demos_rclc/temp_install/publisher_count/publisher_count
[0.301s] [ 17%] [34m[1mCompleted 'addtwoints_server'[0m
[0.305s] [ 18%] [34m[1mCompleted 'int32_publisher_subscriber'[0m
[0.305s] -- Install configuration: ""
[0.305s] -- Up-to-date: /home/rassito/microros_ws/build/micro_ros_demos_rclc/temp_install/int32_publisher/int32_publisher
[0.308s] [ 18%] [34m[1mCompleted 'fragmented_publication'[0m
[0.312s] [ 19%] [34m[1mCompleted 'publisher_count'[0m
[0.314s] [ 19%] [34m[1mCompleted 'configured_publisher'[0m
[0.322s] [ 20%] [34m[1mCompleted 'int32_publisher'[0m
[0.323s] [ 23%] Built target fibonacci_action_server
[0.324s] [ 26%] Built target graph_visualizer
[0.325s] [ 29%] Built target subscription_count
[0.325s] [ 31%] Built target addtwoints_client
[0.335s] [ 34%] Built target fibonacci_action_client
[0.341s] [ 36%] Built target int32_subscriber
[0.341s] [ 41%] Built target ping_pong
[0.341s] [ 40%] Built target int32_multinode
[0.343s] [ 42%] Built target ping_uros_agent
[0.344s] [ 44%] Built target addtwoints_server
[0.344s] [ 46%] Built target configured_subscriber
[0.352s] [ 47%] [34m[1mPerforming build step for 'fragmented_subscription'[0m
[0.354s] [ 48%] Built target fragmented_publication
[0.354s] [ 50%] Built target publisher_count
[0.355s] [ 55%] Built target int32_publisher_subscriber
[0.355s] [ 52%] [34m[1mPerforming build step for 'complex_msg_subscriber'[0m
[0.356s] [ 56%] Built target configured_publisher
[0.356s] [ 57%] [34m[1mPerforming build step for 'complex_msg_publisher'[0m
[0.360s] [ 58%] [34m[1mPerforming build step for 'string_publisher'[0m
[0.360s] [ 59%] [34m[1mPerforming build step for 'timer'[0m
[0.364s] [ 61%] Built target int32_publisher
[0.364s] [ 61%] [34m[1mPerforming build step for 'string_subscriber'[0m
[0.366s] [ 62%] [34m[1mPerforming build step for 'autodiscover_agent'[0m
[0.367s] [ 63%] [34m[1mPerforming build step for 'static_type_handling'[0m
[0.368s] [ 63%] [34m[1mPerforming build step for 'epoch_synchronization'[0m
[0.370s] [ 63%] [34m[1mPerforming build step for 'parameter_server'[0m
[0.373s] [ 63%] [34m[1mPerforming build step for 'multithread_publisher_subscriber'[0m
[0.404s] [100%] Built target complex_msg_subscriber
[0.407s] [100%] Built target complex_msg_publisher
[0.407s] [100%] Built target fragmented_subscription
[0.408s] [100%] Built target string_publisher
[0.411s] [100%] Built target timer
[0.412s] [100%] Built target string_subscriber
[0.413s] [100%] Built target multithread_publisher_subscriber
[0.416s] [100%] Built target epoch_synchronization
[0.417s] [100%] Built target autodiscover_agent
[0.420s] [100%] Built target static_type_handling
[0.421s] [ 64%] [34m[1mPerforming install step for 'complex_msg_subscriber'[0m
[0.422s] [100%] Built target parameter_server
[0.424s] [ 65%] [34m[1mPerforming install step for 'complex_msg_publisher'[0m
[0.424s] [ 66%] [34m[1mPerforming install step for 'fragmented_subscription'[0m
[0.425s] [ 66%] [34m[1mPerforming install step for 'string_publisher'[0m
[0.430s] [ 66%] [34m[1mPerforming install step for 'timer'[0m
[0.430s] [ 67%] [34m[1mPerforming install step for 'string_subscriber'[0m
[0.432s] [ 68%] [34m[1mPerforming install step for 'multithread_publisher_subscriber'[0m
[0.436s] [ 69%] [34m[1mPerforming install step for 'epoch_synchronization'[0m
[0.437s] [ 69%] [34m[1mPerforming install step for 'autodiscover_agent'[0m
[0.438s] [ 69%] [34m[1mPerforming install step for 'static_type_handling'[0m
[0.442s] [ 69%] [34m[1mPerforming install step for 'parameter_server'[0m
[0.471s] [100%] Built target complex_msg_subscriber
[0.471s] [100%] Built target fragmented_subscription
[0.472s] [100%] Built target complex_msg_publisher
[0.477s] [100%] Built target string_publisher
[0.477s] [100%] Built target timer
[0.480s] [100%] Built target autodiscover_agent
[0.481s] [100%] Built target multithread_publisher_subscriber
[0.481s] [100%] Built target string_subscriber
[0.487s] [100%] Built target epoch_synchronization
[0.490s] [100%] Built target parameter_server
[0.490s] [36mInstall the project...[0m
[0.491s] [100%] Built target static_type_handling
[0.492s] [36mInstall the project...[0m
[0.493s] [36mInstall the project...[0m
[0.498s] [36mInstall the project...[0m
[0.499s] [36mInstall the project...[0m
[0.499s] -- Install configuration: ""
[0.499s] -- Up-to-date: /home/rassito/microros_ws/build/micro_ros_demos_rclc/temp_install/complex_msg_publisher/complex_msg_publisher
[0.501s] [36mInstall the project...[0m
[0.502s] -- Install configuration: ""
[0.502s] [36mInstall the project...[0m
[0.502s] -- Up-to-date: /home/rassito/microros_ws/build/micro_ros_demos_rclc/temp_install/complex_msg_subscriber/complex_msg_subscriber
[0.502s] -- Install configuration: ""
[0.502s] -- Up-to-date: /home/rassito/microros_ws/build/micro_ros_demos_rclc/temp_install/fragmented_subscription/fragmented_subscription
[0.503s] [36mInstall the project...[0m
[0.506s] -- Install configuration: ""
[0.506s] -- Up-to-date: /home/rassito/microros_ws/build/micro_ros_demos_rclc/temp_install/string_publisher/string_publisher
[0.507s] [36mInstall the project...[0m
[0.507s] [36mInstall the project...[0m
[0.508s] -- Install configuration: ""
[0.508s] -- Up-to-date: /home/rassito/microros_ws/build/micro_ros_demos_rclc/temp_install/timer/timer
[0.511s] [ 69%] [34m[1mCompleted 'complex_msg_publisher'[0m
[0.511s] -- Install configuration: ""
[0.511s] -- Up-to-date: /home/rassito/microros_ws/build/micro_ros_demos_rclc/temp_install/autodiscover_agent/autodiscover_agent
[0.512s] [36mInstall the project...[0m
[0.512s] -- Install configuration: ""
[0.513s] -- Up-to-date: /home/rassito/microros_ws/build/micro_ros_demos_rclc/temp_install/multithread_publisher_subscriber/multithread_publisher_subscriber
[0.513s] -- Install configuration: ""
[0.513s] [ 70%] [34m[1mCompleted 'fragmented_subscription'[0m
[0.513s] -- Up-to-date: /home/rassito/microros_ws/build/micro_ros_demos_rclc/temp_install/string_subscriber/string_subscriber
[0.513s] [ 71%] [34m[1mCompleted 'complex_msg_subscriber'[0m
[0.514s] -- Install configuration: ""
[0.514s] -- Up-to-date: /home/rassito/microros_ws/build/micro_ros_demos_rclc/temp_install/parameter_server/parameter_server
[0.516s] [ 71%] [34m[1mCompleted 'string_publisher'[0m
[0.517s] -- Install configuration: ""
[0.518s] -- Up-to-date: /home/rassito/microros_ws/build/micro_ros_demos_rclc/temp_install/epoch_synchronization/epoch_synchronization
[0.519s] [ 71%] [34m[1mCompleted 'timer'[0m
[0.522s] -- Install configuration: ""
[0.522s] [ 72%] [34m[1mCompleted 'parameter_server'[0m
[0.522s] -- Up-to-date: /home/rassito/microros_ws/build/micro_ros_demos_rclc/temp_install/static_type_handling/static_type_handling
[0.522s] [ 72%] [34m[1mCompleted 'autodiscover_agent'[0m
[0.524s] [ 73%] [34m[1mCompleted 'multithread_publisher_subscriber'[0m
[0.524s] [ 74%] [34m[1mCompleted 'string_subscriber'[0m
[0.531s] [ 75%] [34m[1mCompleted 'epoch_synchronization'[0m
[0.531s] [ 75%] [34m[1mCompleted 'static_type_handling'[0m
[0.549s] [ 76%] Built target complex_msg_publisher
[0.551s] [ 78%] Built target fragmented_subscription
[0.551s] [ 80%] Built target string_publisher
[0.552s] [ 82%] Built target complex_msg_subscriber
[0.555s] [ 85%] Built target parameter_server
[0.555s] [ 87%] Built target multithread_publisher_subscriber
[0.556s] [ 90%] Built target timer
[0.557s] [ 92%] Built target string_subscriber
[0.559s] [ 95%] Built target autodiscover_agent
[0.562s] [ 98%] Built target static_type_handling
[0.563s] [100%] Built target epoch_synchronization
[0.572s] Invoked command in '/home/rassito/microros_ws/build/micro_ros_demos_rclc' returned '0': CMAKE_PREFIX_PATH=/home/rassito/microros_ws/install/visualization_msgs:/home/rassito/microros_ws/install/sensor_msgs:/home/rassito/microros_ws/install/rmw_microxrcedds:/home/rassito/microros_ws/install/rclc_parameter:/home/rassito/microros_ws/install/rosidl_typesupport_microxrcedds_cpp:/home/rassito/microros_ws/install/rclc:/home/rassito/microros_ws/install/geometry_msgs:/home/rassito/microros_ws/install/test_msgs:/home/rassito/microros_ws/install/std_msgs:/home/rassito/microros_ws/install/rosidl_typesupport_microxrcedds_c:/home/rassito/microros_ws/install/rcl_interfaces:/home/rassito/microros_ws/install/microxrcedds_client:/home/rassito/microros_ws/install/complex_msgs:/home/rassito/microros_ws/install/test_interface_files:/home/rassito/microros_ws/install/microcdr:/home/rassito/microros_ws/install/micro_ros_utilities:/home/rassito/microros_ws/install/micro_ros_msgs:/home/rassito/microros_ws/install/example_interfaces:/home/rassito/microros_ws/install/builtin_interfaces:/home/rassito/microros_ws/install/micro_ros_demos_rclc:/home/rassito/microros_ws/install/common_interfaces:/home/rassito/microros_ws/install/action_msgs:/home/rassito/microros_ws/install/unique_identifier_msgs:/home/rassito/microros_ws/install/type_description_interfaces:/home/rassito/microros_ws/install/trajectory_msgs:/home/rassito/microros_ws/install/stereo_msgs:/home/rassito/microros_ws/install/std_srvs:/home/rassito/microros_ws/install/shape_msgs:/home/rassito/microros_ws/install/nav_msgs:/home/rassito/microros_ws/install/diagnostic_msgs:/home/rassito/microros_ws/install/actionlib_msgs:/home/rassito/microros_ws/install/statistics_msgs:/home/rassito/microros_ws/install/service_msgs:/home/rassito/microros_ws/install/rosidl_typesupport_microxrcedds_test_msg:/home/rassito/microros_ws/install/rosidl_typesupport_microxrcedds_cpp_tests:/home/rassito/microros_ws/install/rosidl_typesupport_microxrcedds_c_tests:/home/rassito/microros_ws/install/rosgraph_msgs:/home/rassito/microros_ws/install/composition_interfaces:/home/rassito/microros_ws/install/micro_ros_setup:/home/rassito/microros_ws/install/micro_ros_agent:/home/rassito/microros_ws/install/lifecycle_msgs:/opt/ros/jazzy/opt/sdformat_vendor:/opt/ros/jazzy/opt/gz_math_vendor:/opt/ros/jazzy/opt/gz_utils_vendor:/opt/ros/jazzy/opt/gz_tools_vendor:/opt/ros/jazzy/opt/gz_cmake_vendor:/home/rassito/microros_ws/install/sensor_msgs_py:/home/rassito/ros_ws/install/super_pkg:/opt/ros/jazzy DEBUGINFOD_URLS=https://debuginfod.ubuntu.com LD_LIBRARY_PATH=/home/rassito/microros_ws/install/visualization_msgs/lib:/home/rassito/microros_ws/install/sensor_msgs/lib:/home/rassito/microros_ws/install/rmw_microxrcedds/lib:/home/rassito/microros_ws/install/rclc_parameter/lib:/home/rassito/microros_ws/install/rosidl_typesupport_microxrcedds_cpp/lib:/home/rassito/microros_ws/install/rclc/lib:/home/rassito/microros_ws/install/geometry_msgs/lib:/home/rassito/microros_ws/install/test_msgs/lib:/home/rassito/microros_ws/install/std_msgs/lib:/home/rassito/microros_ws/install/rosidl_typesupport_microxrcedds_c/lib:/home/rassito/microros_ws/install/rcl_interfaces/lib:/home/rassito/microros_ws/install/microxrcedds_client/lib:/home/rassito/microros_ws/install/complex_msgs/lib:/home/rassito/microros_ws/install/microcdr/lib:/home/rassito/microros_ws/install/micro_ros_utilities/lib:/home/rassito/microros_ws/install/micro_ros_msgs/lib:/home/rassito/microros_ws/install/example_interfaces/lib:/home/rassito/microros_ws/install/builtin_interfaces/lib:/home/rassito/microros_ws/install/action_msgs/lib:/home/rassito/microros_ws/install/unique_identifier_msgs/lib:/home/rassito/microros_ws/install/type_description_interfaces/lib:/home/rassito/microros_ws/install/trajectory_msgs/lib:/home/rassito/microros_ws/install/stereo_msgs/lib:/home/rassito/microros_ws/install/std_srvs/lib:/home/rassito/microros_ws/install/shape_msgs/lib:/home/rassito/microros_ws/install/nav_msgs/lib:/home/rassito/microros_ws/install/diagnostic_msgs/lib:/home/rassito/microros_ws/install/actionlib_msgs/lib:/home/rassito/microros_ws/install/statistics_msgs/lib:/home/rassito/microros_ws/install/service_msgs/lib:/home/rassito/microros_ws/install/rosgraph_msgs/lib:/home/rassito/microros_ws/install/composition_interfaces/lib:/home/rassito/microros_ws/install/micro_ros_agent/lib:/home/rassito/microros_ws/install/lifecycle_msgs/lib:/opt/ros/jazzy/opt/sdformat_vendor/lib:/opt/ros/jazzy/opt/rviz_ogre_vendor/lib:/opt/ros/jazzy/lib/x86_64-linux-gnu:/opt/ros/jazzy/opt/gz_math_vendor/lib:/opt/ros/jazzy/opt/gz_utils_vendor/lib:/opt/ros/jazzy/opt/gz_tools_vendor/lib:/opt/ros/jazzy/opt/gz_cmake_vendor/lib:/opt/ros/jazzy/lib PYTHONPATH=/home/rassito/microros_ws/install/visualization_msgs/lib/python3.12/site-packages:/home/rassito/microros_ws/install/sensor_msgs/lib/python3.12/site-packages:/home/rassito/microros_ws/install/rosidl_typesupport_microxrcedds_cpp/lib/python3.12/site-packages:/home/rassito/microros_ws/install/geometry_msgs/lib/python3.12/site-packages:/home/rassito/microros_ws/install/test_msgs/lib/python3.12/site-packages:/home/rassito/microros_ws/install/std_msgs/lib/python3.12/site-packages:/home/rassito/microros_ws/install/rosidl_typesupport_microxrcedds_c/lib/python3.12/site-packages:/home/rassito/microros_ws/install/rcl_interfaces/lib/python3.12/site-packages:/home/rassito/microros_ws/install/complex_msgs/lib/python3.12/site-packages:/home/rassito/microros_ws/install/micro_ros_msgs/lib/python3.12/site-packages:/home/rassito/microros_ws/install/example_interfaces/lib/python3.12/site-packages:/home/rassito/microros_ws/install/builtin_interfaces/lib/python3.12/site-packages:/home/rassito/microros_ws/install/action_msgs/lib/python3.12/site-packages:/home/rassito/microros_ws/install/unique_identifier_msgs/lib/python3.12/site-packages:/home/rassito/microros_ws/install/type_description_interfaces/lib/python3.12/site-packages:/home/rassito/microros_ws/install/trajectory_msgs/lib/python3.12/site-packages:/home/rassito/microros_ws/install/stereo_msgs/lib/python3.12/site-packages:/home/rassito/microros_ws/install/std_srvs/lib/python3.12/site-packages:/home/rassito/microros_ws/install/shape_msgs/lib/python3.12/site-packages:/home/rassito/microros_ws/install/sensor_msgs_py/lib/python3.12/site-packages:/home/rassito/microros_ws/install/nav_msgs/lib/python3.12/site-packages:/home/rassito/microros_ws/install/diagnostic_msgs/lib/python3.12/site-packages:/home/rassito/microros_ws/install/actionlib_msgs/lib/python3.12/site-packages:/home/rassito/microros_ws/install/statistics_msgs/lib/python3.12/site-packages:/home/rassito/microros_ws/install/service_msgs/lib/python3.12/site-packages:/home/rassito/microros_ws/install/rosgraph_msgs/lib/python3.12/site-packages:/home/rassito/microros_ws/install/composition_interfaces/lib/python3.12/site-packages:/home/rassito/microros_ws/install/lifecycle_msgs/lib/python3.12/site-packages:/home/rassito/ros_ws/build/super_pkg:/home/rassito/ros_ws/install/super_pkg/lib/python3.12/site-packages:/opt/ros/jazzy/lib/python3.12/site-packages /usr/bin/cmake --build /home/rassito/microros_ws/build/micro_ros_demos_rclc -- -j16 -l16
[0.573s] Invoking command in '/home/rassito/microros_ws/build/micro_ros_demos_rclc': CMAKE_PREFIX_PATH=/home/rassito/microros_ws/install/visualization_msgs:/home/rassito/microros_ws/install/sensor_msgs:/home/rassito/microros_ws/install/rmw_microxrcedds:/home/rassito/microros_ws/install/rclc_parameter:/home/rassito/microros_ws/install/rosidl_typesupport_microxrcedds_cpp:/home/rassito/microros_ws/install/rclc:/home/rassito/microros_ws/install/geometry_msgs:/home/rassito/microros_ws/install/test_msgs:/home/rassito/microros_ws/install/std_msgs:/home/rassito/microros_ws/install/rosidl_typesupport_microxrcedds_c:/home/rassito/microros_ws/install/rcl_interfaces:/home/rassito/microros_ws/install/microxrcedds_client:/home/rassito/microros_ws/install/complex_msgs:/home/rassito/microros_ws/install/test_interface_files:/home/rassito/microros_ws/install/microcdr:/home/rassito/microros_ws/install/micro_ros_utilities:/home/rassito/microros_ws/install/micro_ros_msgs:/home/rassito/microros_ws/install/example_interfaces:/home/rassito/microros_ws/install/builtin_interfaces:/home/rassito/microros_ws/install/micro_ros_demos_rclc:/home/rassito/microros_ws/install/common_interfaces:/home/rassito/microros_ws/install/action_msgs:/home/rassito/microros_ws/install/unique_identifier_msgs:/home/rassito/microros_ws/install/type_description_interfaces:/home/rassito/microros_ws/install/trajectory_msgs:/home/rassito/microros_ws/install/stereo_msgs:/home/rassito/microros_ws/install/std_srvs:/home/rassito/microros_ws/install/shape_msgs:/home/rassito/microros_ws/install/nav_msgs:/home/rassito/microros_ws/install/diagnostic_msgs:/home/rassito/microros_ws/install/actionlib_msgs:/home/rassito/microros_ws/install/statistics_msgs:/home/rassito/microros_ws/install/service_msgs:/home/rassito/microros_ws/install/rosidl_typesupport_microxrcedds_test_msg:/home/rassito/microros_ws/install/rosidl_typesupport_microxrcedds_cpp_tests:/home/rassito/microros_ws/install/rosidl_typesupport_microxrcedds_c_tests:/home/rassito/microros_ws/install/rosgraph_msgs:/home/rassito/microros_ws/install/composition_interfaces:/home/rassito/microros_ws/install/micro_ros_setup:/home/rassito/microros_ws/install/micro_ros_agent:/home/rassito/microros_ws/install/lifecycle_msgs:/opt/ros/jazzy/opt/sdformat_vendor:/opt/ros/jazzy/opt/gz_math_vendor:/opt/ros/jazzy/opt/gz_utils_vendor:/opt/ros/jazzy/opt/gz_tools_vendor:/opt/ros/jazzy/opt/gz_cmake_vendor:/home/rassito/microros_ws/install/sensor_msgs_py:/home/rassito/ros_ws/install/super_pkg:/opt/ros/jazzy DEBUGINFOD_URLS=https://debuginfod.ubuntu.com LD_LIBRARY_PATH=/home/rassito/microros_ws/install/visualization_msgs/lib:/home/rassito/microros_ws/install/sensor_msgs/lib:/home/rassito/microros_ws/install/rmw_microxrcedds/lib:/home/rassito/microros_ws/install/rclc_parameter/lib:/home/rassito/microros_ws/install/rosidl_typesupport_microxrcedds_cpp/lib:/home/rassito/microros_ws/install/rclc/lib:/home/rassito/microros_ws/install/geometry_msgs/lib:/home/rassito/microros_ws/install/test_msgs/lib:/home/rassito/microros_ws/install/std_msgs/lib:/home/rassito/microros_ws/install/rosidl_typesupport_microxrcedds_c/lib:/home/rassito/microros_ws/install/rcl_interfaces/lib:/home/rassito/microros_ws/install/microxrcedds_client/lib:/home/rassito/microros_ws/install/complex_msgs/lib:/home/rassito/microros_ws/install/microcdr/lib:/home/rassito/microros_ws/install/micro_ros_utilities/lib:/home/rassito/microros_ws/install/micro_ros_msgs/lib:/home/rassito/microros_ws/install/example_interfaces/lib:/home/rassito/microros_ws/install/builtin_interfaces/lib:/home/rassito/microros_ws/install/action_msgs/lib:/home/rassito/microros_ws/install/unique_identifier_msgs/lib:/home/rassito/microros_ws/install/type_description_interfaces/lib:/home/rassito/microros_ws/install/trajectory_msgs/lib:/home/rassito/microros_ws/install/stereo_msgs/lib:/home/rassito/microros_ws/install/std_srvs/lib:/home/rassito/microros_ws/install/shape_msgs/lib:/home/rassito/microros_ws/install/nav_msgs/lib:/home/rassito/microros_ws/install/diagnostic_msgs/lib:/home/rassito/microros_ws/install/actionlib_msgs/lib:/home/rassito/microros_ws/install/statistics_msgs/lib:/home/rassito/microros_ws/install/service_msgs/lib:/home/rassito/microros_ws/install/rosgraph_msgs/lib:/home/rassito/microros_ws/install/composition_interfaces/lib:/home/rassito/microros_ws/install/micro_ros_agent/lib:/home/rassito/microros_ws/install/lifecycle_msgs/lib:/opt/ros/jazzy/opt/sdformat_vendor/lib:/opt/ros/jazzy/opt/rviz_ogre_vendor/lib:/opt/ros/jazzy/lib/x86_64-linux-gnu:/opt/ros/jazzy/opt/gz_math_vendor/lib:/opt/ros/jazzy/opt/gz_utils_vendor/lib:/opt/ros/jazzy/opt/gz_tools_vendor/lib:/opt/ros/jazzy/opt/gz_cmake_vendor/lib:/opt/ros/jazzy/lib PYTHONPATH=/home/rassito/microros_ws/install/visualization_msgs/lib/python3.12/site-packages:/home/rassito/microros_ws/install/sensor_msgs/lib/python3.12/site-packages:/home/rassito/microros_ws/install/rosidl_typesupport_microxrcedds_cpp/lib/python3.12/site-packages:/home/rassito/microros_ws/install/geometry_msgs/lib/python3.12/site-packages:/home/rassito/microros_ws/install/test_msgs/lib/python3.12/site-packages:/home/rassito/microros_ws/install/std_msgs/lib/python3.12/site-packages:/home/rassito/microros_ws/install/rosidl_typesupport_microxrcedds_c/lib/python3.12/site-packages:/home/rassito/microros_ws/install/rcl_interfaces/lib/python3.12/site-packages:/home/rassito/microros_ws/install/complex_msgs/lib/python3.12/site-packages:/home/rassito/microros_ws/install/micro_ros_msgs/lib/python3.12/site-packages:/home/rassito/microros_ws/install/example_interfaces/lib/python3.12/site-packages:/home/rassito/microros_ws/install/builtin_interfaces/lib/python3.12/site-packages:/home/rassito/microros_ws/install/action_msgs/lib/python3.12/site-packages:/home/rassito/microros_ws/install/unique_identifier_msgs/lib/python3.12/site-packages:/home/rassito/microros_ws/install/type_description_interfaces/lib/python3.12/site-packages:/home/rassito/microros_ws/install/trajectory_msgs/lib/python3.12/site-packages:/home/rassito/microros_ws/install/stereo_msgs/lib/python3.12/site-packages:/home/rassito/microros_ws/install/std_srvs/lib/python3.12/site-packages:/home/rassito/microros_ws/install/shape_msgs/lib/python3.12/site-packages:/home/rassito/microros_ws/install/sensor_msgs_py/lib/python3.12/site-packages:/home/rassito/microros_ws/install/nav_msgs/lib/python3.12/site-packages:/home/rassito/microros_ws/install/diagnostic_msgs/lib/python3.12/site-packages:/home/rassito/microros_ws/install/actionlib_msgs/lib/python3.12/site-packages:/home/rassito/microros_ws/install/statistics_msgs/lib/python3.12/site-packages:/home/rassito/microros_ws/install/service_msgs/lib/python3.12/site-packages:/home/rassito/microros_ws/install/rosgraph_msgs/lib/python3.12/site-packages:/home/rassito/microros_ws/install/composition_interfaces/lib/python3.12/site-packages:/home/rassito/microros_ws/install/lifecycle_msgs/lib/python3.12/site-packages:/home/rassito/ros_ws/build/super_pkg:/home/rassito/ros_ws/install/super_pkg/lib/python3.12/site-packages:/opt/ros/jazzy/lib/python3.12/site-packages /usr/bin/cmake --install /home/rassito/microros_ws/build/micro_ros_demos_rclc
[0.579s] -- Install configuration: ""
[0.579s] -- Up-to-date: /home/rassito/microros_ws/install/micro_ros_demos_rclc/lib/micro_ros_demos_rclc
[0.579s] -- Up-to-date: /home/rassito/microros_ws/install/micro_ros_demos_rclc/lib/micro_ros_demos_rclc/parameter_server
[0.579s] -- Up-to-date: /home/rassito/microros_ws/install/micro_ros_demos_rclc/lib/micro_ros_demos_rclc/parameter_server/parameter_server
[0.579s] -- Up-to-date: /home/rassito/microros_ws/install/micro_ros_demos_rclc/lib/micro_ros_demos_rclc/fragmented_publication
[0.579s] -- Up-to-date: /home/rassito/microros_ws/install/micro_ros_demos_rclc/lib/micro_ros_demos_rclc/fragmented_publication/fragmented_publication
[0.579s] -- Up-to-date: /home/rassito/microros_ws/install/micro_ros_demos_rclc/lib/micro_ros_demos_rclc/int32_publisher
[0.580s] -- Up-to-date: /home/rassito/microros_ws/install/micro_ros_demos_rclc/lib/micro_ros_demos_rclc/int32_publisher/int32_publisher
[0.580s] -- Up-to-date: /home/rassito/microros_ws/install/micro_ros_demos_rclc/lib/micro_ros_demos_rclc/ping_pong
[0.580s] -- Up-to-date: /home/rassito/microros_ws/install/micro_ros_demos_rclc/lib/micro_ros_demos_rclc/ping_pong/ping_pong
[0.580s] -- Up-to-date: /home/rassito/microros_ws/install/micro_ros_demos_rclc/lib/micro_ros_demos_rclc/complex_msg_publisher
[0.580s] -- Up-to-date: /home/rassito/microros_ws/install/micro_ros_demos_rclc/lib/micro_ros_demos_rclc/complex_msg_publisher/complex_msg_publisher
[0.580s] -- Up-to-date: /home/rassito/microros_ws/install/micro_ros_demos_rclc/lib/micro_ros_demos_rclc/configured_publisher
[0.580s] -- Up-to-date: /home/rassito/microros_ws/install/micro_ros_demos_rclc/lib/micro_ros_demos_rclc/configured_publisher/configured_publisher
[0.580s] -- Up-to-date: /home/rassito/microros_ws/install/micro_ros_demos_rclc/lib/micro_ros_demos_rclc/epoch_synchronization
[0.580s] -- Up-to-date: /home/rassito/microros_ws/install/micro_ros_demos_rclc/lib/micro_ros_demos_rclc/epoch_synchronization/epoch_synchronization
[0.580s] -- Up-to-date: /home/rassito/microros_ws/install/micro_ros_demos_rclc/lib/micro_ros_demos_rclc/int32_subscriber
[0.580s] -- Up-to-date: /home/rassito/microros_ws/install/micro_ros_demos_rclc/lib/micro_ros_demos_rclc/int32_subscriber/int32_subscriber
[0.580s] -- Up-to-date: /home/rassito/microros_ws/install/micro_ros_demos_rclc/lib/micro_ros_demos_rclc/graph_visualizer
[0.580s] -- Up-to-date: /home/rassito/microros_ws/install/micro_ros_demos_rclc/lib/micro_ros_demos_rclc/graph_visualizer/graph_visualizer
[0.580s] -- Up-to-date: /home/rassito/microros_ws/install/micro_ros_demos_rclc/lib/micro_ros_demos_rclc/timer
[0.580s] -- Up-to-date: /home/rassito/microros_ws/install/micro_ros_demos_rclc/lib/micro_ros_demos_rclc/timer/timer
[0.580s] -- Up-to-date: /home/rassito/microros_ws/install/micro_ros_demos_rclc/lib/micro_ros_demos_rclc/static_type_handling
[0.580s] -- Up-to-date: /home/rassito/microros_ws/install/micro_ros_demos_rclc/lib/micro_ros_demos_rclc/static_type_handling/static_type_handling
[0.580s] -- Up-to-date: /home/rassito/microros_ws/install/micro_ros_demos_rclc/lib/micro_ros_demos_rclc/subscription_count
[0.580s] -- Up-to-date: /home/rassito/microros_ws/install/micro_ros_demos_rclc/lib/micro_ros_demos_rclc/subscription_count/subscription_count
[0.580s] -- Up-to-date: /home/rassito/microros_ws/install/micro_ros_demos_rclc/lib/micro_ros_demos_rclc/string_publisher
[0.581s] -- Up-to-date: /home/rassito/microros_ws/install/micro_ros_demos_rclc/lib/micro_ros_demos_rclc/string_publisher/string_publisher
[0.581s] -- Up-to-date: /home/rassito/microros_ws/install/micro_ros_demos_rclc/lib/micro_ros_demos_rclc/int32_multinode
[0.581s] -- Up-to-date: /home/rassito/microros_ws/install/micro_ros_demos_rclc/lib/micro_ros_demos_rclc/int32_multinode/int32_multinode
[0.581s] -- Up-to-date: /home/rassito/microros_ws/install/micro_ros_demos_rclc/lib/micro_ros_demos_rclc/fragmented_subscription
[0.581s] -- Up-to-date: /home/rassito/microros_ws/install/micro_ros_demos_rclc/lib/micro_ros_demos_rclc/fragmented_subscription/fragmented_subscription
[0.581s] -- Up-to-date: /home/rassito/microros_ws/install/micro_ros_demos_rclc/lib/micro_ros_demos_rclc/ping_uros_agent
[0.581s] -- Up-to-date: /home/rassito/microros_ws/install/micro_ros_demos_rclc/lib/micro_ros_demos_rclc/ping_uros_agent/ping_uros_agent
[0.581s] -- Up-to-date: /home/rassito/microros_ws/install/micro_ros_demos_rclc/lib/micro_ros_demos_rclc/int32_publisher_subscriber
[0.581s] -- Up-to-date: /home/rassito/microros_ws/install/micro_ros_demos_rclc/lib/micro_ros_demos_rclc/int32_publisher_subscriber/int32_publisher_subscriber
[0.581s] -- Up-to-date: /home/rassito/microros_ws/install/micro_ros_demos_rclc/lib/micro_ros_demos_rclc/complex_msg_subscriber
[0.581s] -- Up-to-date: /home/rassito/microros_ws/install/micro_ros_demos_rclc/lib/micro_ros_demos_rclc/complex_msg_subscriber/complex_msg_subscriber
[0.581s] -- Up-to-date: /home/rassito/microros_ws/install/micro_ros_demos_rclc/lib/micro_ros_demos_rclc/fibonacci_action_client
[0.581s] -- Up-to-date: /home/rassito/microros_ws/install/micro_ros_demos_rclc/lib/micro_ros_demos_rclc/fibonacci_action_client/fibonacci_action_client
[0.581s] -- Up-to-date: /home/rassito/microros_ws/install/micro_ros_demos_rclc/lib/micro_ros_demos_rclc/addtwoints_server
[0.581s] -- Up-to-date: /home/rassito/microros_ws/install/micro_ros_demos_rclc/lib/micro_ros_demos_rclc/addtwoints_server/addtwoints_server
[0.581s] -- Up-to-date: /home/rassito/microros_ws/install/micro_ros_demos_rclc/lib/micro_ros_demos_rclc/autodiscover_agent
[0.581s] -- Up-to-date: /home/rassito/microros_ws/install/micro_ros_demos_rclc/lib/micro_ros_demos_rclc/autodiscover_agent/autodiscover_agent
[0.581s] -- Up-to-date: /home/rassito/microros_ws/install/micro_ros_demos_rclc/lib/micro_ros_demos_rclc/publisher_count
[0.581s] -- Up-to-date: /home/rassito/microros_ws/install/micro_ros_demos_rclc/lib/micro_ros_demos_rclc/publisher_count/publisher_count
[0.581s] -- Up-to-date: /home/rassito/microros_ws/install/micro_ros_demos_rclc/lib/micro_ros_demos_rclc/addtwoints_client
[0.582s] -- Up-to-date: /home/rassito/microros_ws/install/micro_ros_demos_rclc/lib/micro_ros_demos_rclc/addtwoints_client/addtwoints_client
[0.582s] -- Up-to-date: /home/rassito/microros_ws/install/micro_ros_demos_rclc/lib/micro_ros_demos_rclc/string_subscriber
[0.582s] -- Up-to-date: /home/rassito/microros_ws/install/micro_ros_demos_rclc/lib/micro_ros_demos_rclc/string_subscriber/string_subscriber
[0.582s] -- Up-to-date: /home/rassito/microros_ws/install/micro_ros_demos_rclc/lib/micro_ros_demos_rclc/multithread_publisher_subscriber
[0.582s] -- Up-to-date: /home/rassito/microros_ws/install/micro_ros_demos_rclc/lib/micro_ros_demos_rclc/multithread_publisher_subscriber/multithread_publisher_subscriber
[0.582s] -- Up-to-date: /home/rassito/microros_ws/install/micro_ros_demos_rclc/lib/micro_ros_demos_rclc/configured_subscriber
[0.582s] -- Up-to-date: /home/rassito/microros_ws/install/micro_ros_demos_rclc/lib/micro_ros_demos_rclc/configured_subscriber/configured_subscriber
[0.582s] -- Up-to-date: /home/rassito/microros_ws/install/micro_ros_demos_rclc/lib/micro_ros_demos_rclc/fibonacci_action_server
[0.582s] -- Up-to-date: /home/rassito/microros_ws/install/micro_ros_demos_rclc/lib/micro_ros_demos_rclc/fibonacci_action_server/fibonacci_action_server
[0.582s] -- Up-to-date: /home/rassito/microros_ws/install/micro_ros_demos_rclc/share/ament_index/resource_index/package_run_dependencies/micro_ros_demos_rclc
[0.582s] -- Up-to-date: /home/rassito/microros_ws/install/micro_ros_demos_rclc/share/ament_index/resource_index/parent_prefix_path/micro_ros_demos_rclc
[0.582s] -- Up-to-date: /home/rassito/microros_ws/install/micro_ros_demos_rclc/share/micro_ros_demos_rclc/environment/ament_prefix_path.sh
[0.582s] -- Up-to-date: /home/rassito/microros_ws/install/micro_ros_demos_rclc/share/micro_ros_demos_rclc/environment/ament_prefix_path.dsv
[0.582s] -- Up-to-date: /home/rassito/microros_ws/install/micro_ros_demos_rclc/share/micro_ros_demos_rclc/environment/path.sh
[0.582s] -- Up-to-date: /home/rassito/microros_ws/install/micro_ros_demos_rclc/share/micro_ros_demos_rclc/environment/path.dsv
[0.582s] -- Up-to-date: /home/rassito/microros_ws/install/micro_ros_demos_rclc/share/micro_ros_demos_rclc/local_setup.bash
[0.582s] -- Up-to-date: /home/rassito/microros_ws/install/micro_ros_demos_rclc/share/micro_ros_demos_rclc/local_setup.sh
[0.582s] -- Up-to-date: /home/rassito/microros_ws/install/micro_ros_demos_rclc/share/micro_ros_demos_rclc/local_setup.zsh
[0.582s] -- Up-to-date: /home/rassito/microros_ws/install/micro_ros_demos_rclc/share/micro_ros_demos_rclc/local_setup.dsv
[0.582s] -- Installing: /home/rassito/microros_ws/install/micro_ros_demos_rclc/share/micro_ros_demos_rclc/package.dsv
[0.582s] -- Up-to-date: /home/rassito/microros_ws/install/micro_ros_demos_rclc/share/ament_index/resource_index/packages/micro_ros_demos_rclc
[0.583s] -- Up-to-date: /home/rassito/microros_ws/install/micro_ros_demos_rclc/share/micro_ros_demos_rclc/cmake/micro_ros_demos_rclcConfig.cmake
[0.583s] -- Up-to-date: /home/rassito/microros_ws/install/micro_ros_demos_rclc/share/micro_ros_demos_rclc/cmake/micro_ros_demos_rclcConfig-version.cmake
[0.583s] -- Up-to-date: /home/rassito/microros_ws/install/micro_ros_demos_rclc/share/micro_ros_demos_rclc/package.xml
[0.583s] Invoked command in '/home/rassito/microros_ws/build/micro_ros_demos_rclc' returned '0': CMAKE_PREFIX_PATH=/home/rassito/microros_ws/install/visualization_msgs:/home/rassito/microros_ws/install/sensor_msgs:/home/rassito/microros_ws/install/rmw_microxrcedds:/home/rassito/microros_ws/install/rclc_parameter:/home/rassito/microros_ws/install/rosidl_typesupport_microxrcedds_cpp:/home/rassito/microros_ws/install/rclc:/home/rassito/microros_ws/install/geometry_msgs:/home/rassito/microros_ws/install/test_msgs:/home/rassito/microros_ws/install/std_msgs:/home/rassito/microros_ws/install/rosidl_typesupport_microxrcedds_c:/home/rassito/microros_ws/install/rcl_interfaces:/home/rassito/microros_ws/install/microxrcedds_client:/home/rassito/microros_ws/install/complex_msgs:/home/rassito/microros_ws/install/test_interface_files:/home/rassito/microros_ws/install/microcdr:/home/rassito/microros_ws/install/micro_ros_utilities:/home/rassito/microros_ws/install/micro_ros_msgs:/home/rassito/microros_ws/install/example_interfaces:/home/rassito/microros_ws/install/builtin_interfaces:/home/rassito/microros_ws/install/micro_ros_demos_rclc:/home/rassito/microros_ws/install/common_interfaces:/home/rassito/microros_ws/install/action_msgs:/home/rassito/microros_ws/install/unique_identifier_msgs:/home/rassito/microros_ws/install/type_description_interfaces:/home/rassito/microros_ws/install/trajectory_msgs:/home/rassito/microros_ws/install/stereo_msgs:/home/rassito/microros_ws/install/std_srvs:/home/rassito/microros_ws/install/shape_msgs:/home/rassito/microros_ws/install/nav_msgs:/home/rassito/microros_ws/install/diagnostic_msgs:/home/rassito/microros_ws/install/actionlib_msgs:/home/rassito/microros_ws/install/statistics_msgs:/home/rassito/microros_ws/install/service_msgs:/home/rassito/microros_ws/install/rosidl_typesupport_microxrcedds_test_msg:/home/rassito/microros_ws/install/rosidl_typesupport_microxrcedds_cpp_tests:/home/rassito/microros_ws/install/rosidl_typesupport_microxrcedds_c_tests:/home/rassito/microros_ws/install/rosgraph_msgs:/home/rassito/microros_ws/install/composition_interfaces:/home/rassito/microros_ws/install/micro_ros_setup:/home/rassito/microros_ws/install/micro_ros_agent:/home/rassito/microros_ws/install/lifecycle_msgs:/opt/ros/jazzy/opt/sdformat_vendor:/opt/ros/jazzy/opt/gz_math_vendor:/opt/ros/jazzy/opt/gz_utils_vendor:/opt/ros/jazzy/opt/gz_tools_vendor:/opt/ros/jazzy/opt/gz_cmake_vendor:/home/rassito/microros_ws/install/sensor_msgs_py:/home/rassito/ros_ws/install/super_pkg:/opt/ros/jazzy DEBUGINFOD_URLS=https://debuginfod.ubuntu.com LD_LIBRARY_PATH=/home/rassito/microros_ws/install/visualization_msgs/lib:/home/rassito/microros_ws/install/sensor_msgs/lib:/home/rassito/microros_ws/install/rmw_microxrcedds/lib:/home/rassito/microros_ws/install/rclc_parameter/lib:/home/rassito/microros_ws/install/rosidl_typesupport_microxrcedds_cpp/lib:/home/rassito/microros_ws/install/rclc/lib:/home/rassito/microros_ws/install/geometry_msgs/lib:/home/rassito/microros_ws/install/test_msgs/lib:/home/rassito/microros_ws/install/std_msgs/lib:/home/rassito/microros_ws/install/rosidl_typesupport_microxrcedds_c/lib:/home/rassito/microros_ws/install/rcl_interfaces/lib:/home/rassito/microros_ws/install/microxrcedds_client/lib:/home/rassito/microros_ws/install/complex_msgs/lib:/home/rassito/microros_ws/install/microcdr/lib:/home/rassito/microros_ws/install/micro_ros_utilities/lib:/home/rassito/microros_ws/install/micro_ros_msgs/lib:/home/rassito/microros_ws/install/example_interfaces/lib:/home/rassito/microros_ws/install/builtin_interfaces/lib:/home/rassito/microros_ws/install/action_msgs/lib:/home/rassito/microros_ws/install/unique_identifier_msgs/lib:/home/rassito/microros_ws/install/type_description_interfaces/lib:/home/rassito/microros_ws/install/trajectory_msgs/lib:/home/rassito/microros_ws/install/stereo_msgs/lib:/home/rassito/microros_ws/install/std_srvs/lib:/home/rassito/microros_ws/install/shape_msgs/lib:/home/rassito/microros_ws/install/nav_msgs/lib:/home/rassito/microros_ws/install/diagnostic_msgs/lib:/home/rassito/microros_ws/install/actionlib_msgs/lib:/home/rassito/microros_ws/install/statistics_msgs/lib:/home/rassito/microros_ws/install/service_msgs/lib:/home/rassito/microros_ws/install/rosgraph_msgs/lib:/home/rassito/microros_ws/install/composition_interfaces/lib:/home/rassito/microros_ws/install/micro_ros_agent/lib:/home/rassito/microros_ws/install/lifecycle_msgs/lib:/opt/ros/jazzy/opt/sdformat_vendor/lib:/opt/ros/jazzy/opt/rviz_ogre_vendor/lib:/opt/ros/jazzy/lib/x86_64-linux-gnu:/opt/ros/jazzy/opt/gz_math_vendor/lib:/opt/ros/jazzy/opt/gz_utils_vendor/lib:/opt/ros/jazzy/opt/gz_tools_vendor/lib:/opt/ros/jazzy/opt/gz_cmake_vendor/lib:/opt/ros/jazzy/lib PYTHONPATH=/home/rassito/microros_ws/install/visualization_msgs/lib/python3.12/site-packages:/home/rassito/microros_ws/install/sensor_msgs/lib/python3.12/site-packages:/home/rassito/microros_ws/install/rosidl_typesupport_microxrcedds_cpp/lib/python3.12/site-packages:/home/rassito/microros_ws/install/geometry_msgs/lib/python3.12/site-packages:/home/rassito/microros_ws/install/test_msgs/lib/python3.12/site-packages:/home/rassito/microros_ws/install/std_msgs/lib/python3.12/site-packages:/home/rassito/microros_ws/install/rosidl_typesupport_microxrcedds_c/lib/python3.12/site-packages:/home/rassito/microros_ws/install/rcl_interfaces/lib/python3.12/site-packages:/home/rassito/microros_ws/install/complex_msgs/lib/python3.12/site-packages:/home/rassito/microros_ws/install/micro_ros_msgs/lib/python3.12/site-packages:/home/rassito/microros_ws/install/example_interfaces/lib/python3.12/site-packages:/home/rassito/microros_ws/install/builtin_interfaces/lib/python3.12/site-packages:/home/rassito/microros_ws/install/action_msgs/lib/python3.12/site-packages:/home/rassito/microros_ws/install/unique_identifier_msgs/lib/python3.12/site-packages:/home/rassito/microros_ws/install/type_description_interfaces/lib/python3.12/site-packages:/home/rassito/microros_ws/install/trajectory_msgs/lib/python3.12/site-packages:/home/rassito/microros_ws/install/stereo_msgs/lib/python3.12/site-packages:/home/rassito/microros_ws/install/std_srvs/lib/python3.12/site-packages:/home/rassito/microros_ws/install/shape_msgs/lib/python3.12/site-packages:/home/rassito/microros_ws/install/sensor_msgs_py/lib/python3.12/site-packages:/home/rassito/microros_ws/install/nav_msgs/lib/python3.12/site-packages:/home/rassito/microros_ws/install/diagnostic_msgs/lib/python3.12/site-packages:/home/rassito/microros_ws/install/actionlib_msgs/lib/python3.12/site-packages:/home/rassito/microros_ws/install/statistics_msgs/lib/python3.12/site-packages:/home/rassito/microros_ws/install/service_msgs/lib/python3.12/site-packages:/home/rassito/microros_ws/install/rosgraph_msgs/lib/python3.12/site-packages:/home/rassito/microros_ws/install/composition_interfaces/lib/python3.12/site-packages:/home/rassito/microros_ws/install/lifecycle_msgs/lib/python3.12/site-packages:/home/rassito/ros_ws/build/super_pkg:/home/rassito/ros_ws/install/super_pkg/lib/python3.12/site-packages:/opt/ros/jazzy/lib/python3.12/site-packages /usr/bin/cmake --install /home/rassito/microros_ws/build/micro_ros_demos_rclc
