[0.026s] Invoking command in '/home/rassito/microros_ws/build/micro_ros_utilities': CMAKE_PREFIX_PATH=${CMAKE_PREFIX_PATH}:/home/rassito/ros_ws/install/super_pkg:/opt/ros/jazzy DEBUGINFOD_URLS=https://debuginfod.ubuntu.com /usr/bin/cmake /home/rassito/microros_ws/src/uros/micro_ros_utilities -DCMAKE_INSTALL_PREFIX=/home/rassito/microros_ws/install/micro_ros_utilities
[0.048s] -- Found ament_cmake: 2.5.3 (/opt/ros/jazzy/share/ament_cmake/cmake)
[0.258s] -- Found rosidl_typesupport_introspection_c: 4.6.5 (/opt/ros/jazzy/share/rosidl_typesupport_introspection_c/cmake)
[0.377s] -- Configuring done (0.3s)
[0.382s] -- Generating done (0.0s)
[0.383s] -- Build files have been written to: /home/rassito/microros_ws/build/micro_ros_utilities
[0.393s] Invoked command in '/home/rassito/microros_ws/build/micro_ros_utilities' returned '0': CMAKE_PREFIX_PATH=${CMAKE_PREFIX_PATH}:/home/rassito/ros_ws/install/super_pkg:/opt/ros/jazzy DEBUGINFOD_URLS=https://debuginfod.ubuntu.com /usr/bin/cmake /home/rassito/microros_ws/src/uros/micro_ros_utilities -DCMAKE_INSTALL_PREFIX=/home/rassito/microros_ws/install/micro_ros_utilities
[0.396s] Invoking command in '/home/rassito/microros_ws/build/micro_ros_utilities': CMAKE_PREFIX_PATH=${CMAKE_PREFIX_PATH}:/home/rassito/ros_ws/install/super_pkg:/opt/ros/jazzy DEBUGINFOD_URLS=https://debuginfod.ubuntu.com /usr/bin/cmake --build /home/rassito/microros_ws/build/micro_ros_utilities -- -j16 -l16
[0.432s] [100%] Built target micro_ros_utilities
[0.440s] Invoked command in '/home/rassito/microros_ws/build/micro_ros_utilities' returned '0': CMAKE_PREFIX_PATH=${CMAKE_PREFIX_PATH}:/home/rassito/ros_ws/install/super_pkg:/opt/ros/jazzy DEBUGINFOD_URLS=https://debuginfod.ubuntu.com /usr/bin/cmake --build /home/rassito/microros_ws/build/micro_ros_utilities -- -j16 -l16
[0.441s] Invoking command in '/home/rassito/microros_ws/build/micro_ros_utilities': CMAKE_PREFIX_PATH=${CMAKE_PREFIX_PATH}:/home/rassito/ros_ws/install/super_pkg:/opt/ros/jazzy DEBUGINFOD_URLS=https://debuginfod.ubuntu.com /usr/bin/cmake --install /home/rassito/microros_ws/build/micro_ros_utilities
[0.446s] -- Install configuration: ""
[0.447s] -- Up-to-date: /home/rassito/microros_ws/install/micro_ros_utilities/include
[0.447s] -- Up-to-date: /home/rassito/microros_ws/install/micro_ros_utilities/include/micro_ros_utilities
[0.447s] -- Up-to-date: /home/rassito/microros_ws/install/micro_ros_utilities/include/micro_ros_utilities/string_utilities.h
[0.447s] -- Up-to-date: /home/rassito/microros_ws/install/micro_ros_utilities/include/micro_ros_utilities/visibility_control.h
[0.447s] -- Up-to-date: /home/rassito/microros_ws/install/micro_ros_utilities/include/micro_ros_utilities/type_utilities.h
[0.447s] -- Up-to-date: /home/rassito/microros_ws/install/micro_ros_utilities/lib/libmicro_ros_utilities.so
[0.448s] -- Up-to-date: /home/rassito/microros_ws/install/micro_ros_utilities/share/micro_ros_utilities/environment/library_path.sh
[0.448s] -- Up-to-date: /home/rassito/microros_ws/install/micro_ros_utilities/share/micro_ros_utilities/environment/library_path.dsv
[0.448s] -- Up-to-date: /home/rassito/microros_ws/install/micro_ros_utilities/share/ament_index/resource_index/package_run_dependencies/micro_ros_utilities
[0.448s] -- Installing: /home/rassito/microros_ws/install/micro_ros_utilities/share/ament_index/resource_index/parent_prefix_path/micro_ros_utilities
[0.448s] -- Up-to-date: /home/rassito/microros_ws/install/micro_ros_utilities/share/micro_ros_utilities/environment/ament_prefix_path.sh
[0.448s] -- Up-to-date: /home/rassito/microros_ws/install/micro_ros_utilities/share/micro_ros_utilities/environment/ament_prefix_path.dsv
[0.448s] -- Up-to-date: /home/rassito/microros_ws/install/micro_ros_utilities/share/micro_ros_utilities/environment/path.sh
[0.448s] -- Up-to-date: /home/rassito/microros_ws/install/micro_ros_utilities/share/micro_ros_utilities/environment/path.dsv
[0.448s] -- Up-to-date: /home/rassito/microros_ws/install/micro_ros_utilities/share/micro_ros_utilities/local_setup.bash
[0.449s] -- Up-to-date: /home/rassito/microros_ws/install/micro_ros_utilities/share/micro_ros_utilities/local_setup.sh
[0.449s] -- Up-to-date: /home/rassito/microros_ws/install/micro_ros_utilities/share/micro_ros_utilities/local_setup.zsh
[0.449s] -- Up-to-date: /home/rassito/microros_ws/install/micro_ros_utilities/share/micro_ros_utilities/local_setup.dsv
[0.449s] -- Installing: /home/rassito/microros_ws/install/micro_ros_utilities/share/micro_ros_utilities/package.dsv
[0.449s] -- Up-to-date: /home/rassito/microros_ws/install/micro_ros_utilities/share/ament_index/resource_index/packages/micro_ros_utilities
[0.449s] -- Up-to-date: /home/rassito/microros_ws/install/micro_ros_utilities/share/micro_ros_utilities/cmake/ament_cmake_export_include_directories-extras.cmake
[0.449s] -- Up-to-date: /home/rassito/microros_ws/install/micro_ros_utilities/share/micro_ros_utilities/cmake/ament_cmake_export_libraries-extras.cmake
[0.449s] -- Up-to-date: /home/rassito/microros_ws/install/micro_ros_utilities/share/micro_ros_utilities/cmake/ament_cmake_export_dependencies-extras.cmake
[0.449s] -- Up-to-date: /home/rassito/microros_ws/install/micro_ros_utilities/share/micro_ros_utilities/cmake/micro_ros_utilitiesConfig.cmake
[0.449s] -- Up-to-date: /home/rassito/microros_ws/install/micro_ros_utilities/share/micro_ros_utilities/cmake/micro_ros_utilitiesConfig-version.cmake
[0.449s] -- Up-to-date: /home/rassito/microros_ws/install/micro_ros_utilities/share/micro_ros_utilities/package.xml
[0.450s] Invoked command in '/home/rassito/microros_ws/build/micro_ros_utilities' returned '0': CMAKE_PREFIX_PATH=${CMAKE_PREFIX_PATH}:/home/rassito/ros_ws/install/super_pkg:/opt/ros/jazzy DEBUGINFOD_URLS=https://debuginfod.ubuntu.com /usr/bin/cmake --install /home/rassito/microros_ws/build/micro_ros_utilities
