[0.030s] Invoking command in '/home/rassito/microros_ws/build/builtin_interfaces': CMAKE_PREFIX_PATH=${CMAKE_PREFIX_PATH}:/home/rassito/ros_ws/install/super_pkg:/opt/ros/jazzy DEBUGINFOD_URLS=https://debuginfod.ubuntu.com /usr/bin/cmake /home/rassito/microros_ws/src/ros2/rcl_interfaces/builtin_interfaces -DCMAKE_INSTALL_PREFIX=/home/rassito/microros_ws/install/builtin_interfaces
[0.053s] -- Found ament_cmake: 2.5.3 (/opt/ros/jazzy/share/ament_cmake/cmake)
[0.067s] -- Found Python3: /usr/bin/python3 (found version "3.12.3") found components: Interpreter 
[0.143s] -- Found rosidl_core_generators: 0.2.0 (/opt/ros/jazzy/share/rosidl_core_generators/cmake)
[0.147s] -- Using all available rosidl_typesupport_c: rosidl_typesupport_fastrtps_c;rosidl_typesupport_introspection_c
[0.188s] -- Using all available rosidl_typesupport_cpp: rosidl_typesupport_fastrtps_cpp;rosidl_typesupport_introspection_cpp
[0.223s] -- Found rosidl_adapter: 4.6.5 (/opt/ros/jazzy/share/rosidl_adapter/cmake)
[0.460s] -- Found ament_cmake_ros: 0.12.0 (/opt/ros/jazzy/share/ament_cmake_ros/cmake)
[0.530s] -- Using all available rosidl_typesupport_c: rosidl_typesupport_fastrtps_c;rosidl_typesupport_introspection_c
[0.614s] -- Using all available rosidl_typesupport_cpp: rosidl_typesupport_fastrtps_cpp;rosidl_typesupport_introspection_cpp
[0.615s] -- Found python_cmake_module: 0.11.1 (/opt/ros/jazzy/share/python_cmake_module/cmake)
[0.839s] -- Found Python3: /usr/bin/python3 (found version "3.12.3") found components: Interpreter Development NumPy Development.Module Development.Embed 
[0.856s] -- Configuring done (0.8s)
[0.896s] -- Generating done (0.0s)
[0.905s] -- Build files have been written to: /home/rassito/microros_ws/build/builtin_interfaces
[0.912s] Invoked command in '/home/rassito/microros_ws/build/builtin_interfaces' returned '0': CMAKE_PREFIX_PATH=${CMAKE_PREFIX_PATH}:/home/rassito/ros_ws/install/super_pkg:/opt/ros/jazzy DEBUGINFOD_URLS=https://debuginfod.ubuntu.com /usr/bin/cmake /home/rassito/microros_ws/src/ros2/rcl_interfaces/builtin_interfaces -DCMAKE_INSTALL_PREFIX=/home/rassito/microros_ws/install/builtin_interfaces
[0.913s] Invoking command in '/home/rassito/microros_ws/build/builtin_interfaces': CMAKE_PREFIX_PATH=${CMAKE_PREFIX_PATH}:/home/rassito/ros_ws/install/super_pkg:/opt/ros/jazzy DEBUGINFOD_URLS=https://debuginfod.ubuntu.com /usr/bin/cmake --build /home/rassito/microros_ws/build/builtin_interfaces -- -j16 -l16
[0.945s] [  2%] Built target builtin_interfaces__rosidl_generator_type_description
[0.957s] [  2%] Built target ament_cmake_python_copy_builtin_interfaces
[0.960s] [  4%] Built target builtin_interfaces__cpp
[0.965s] [ 22%] Built target builtin_interfaces__rosidl_generator_c
[0.975s] [ 25%] [34m[1mGenerating C type support dispatch for ROS interfaces[0m
[0.978s] [ 27%] [34m[1mGenerating C++ type support dispatch for ROS interfaces[0m
[0.995s] [ 36%] Built target builtin_interfaces__rosidl_typesupport_introspection_c
[0.995s] [ 45%] Built target builtin_interfaces__rosidl_typesupport_introspection_cpp
[0.998s] [ 54%] Built target builtin_interfaces__rosidl_typesupport_fastrtps_cpp
[1.002s] [ 63%] Built target builtin_interfaces__rosidl_typesupport_fastrtps_c
[1.256s] running egg_info
[1.281s] writing builtin_interfaces.egg-info/PKG-INFO
[1.281s] writing dependency_links to builtin_interfaces.egg-info/dependency_links.txt
[1.282s] writing top-level names to builtin_interfaces.egg-info/top_level.txt
[1.357s] reading manifest file 'builtin_interfaces.egg-info/SOURCES.txt'
[1.358s] writing manifest file 'builtin_interfaces.egg-info/SOURCES.txt'
[1.384s] [ 65%] [32mBuilding CXX object CMakeFiles/builtin_interfaces__rosidl_typesupport_cpp.dir/rosidl_typesupport_cpp/builtin_interfaces/msg/duration__type_support.cpp.o[0m
[1.384s] [ 68%] [32mBuilding CXX object CMakeFiles/builtin_interfaces__rosidl_typesupport_c.dir/rosidl_typesupport_c/builtin_interfaces/msg/duration__type_support.cpp.o[0m
[1.388s] [ 70%] [32mBuilding CXX object CMakeFiles/builtin_interfaces__rosidl_typesupport_cpp.dir/rosidl_typesupport_cpp/builtin_interfaces/msg/time__type_support.cpp.o[0m
[1.392s] [ 72%] [32mBuilding CXX object CMakeFiles/builtin_interfaces__rosidl_typesupport_c.dir/rosidl_typesupport_c/builtin_interfaces/msg/time__type_support.cpp.o[0m
[1.395s] [ 72%] Built target ament_cmake_python_build_builtin_interfaces_egg
[1.463s] [ 75%] [32m[1mLinking CXX shared library libbuiltin_interfaces__rosidl_typesupport_c.so[0m
[1.517s] [ 75%] Built target builtin_interfaces__rosidl_typesupport_c
[1.781s] [ 77%] [32m[1mLinking CXX shared library libbuiltin_interfaces__rosidl_typesupport_cpp.so[0m
[1.816s] [ 77%] Built target builtin_interfaces__rosidl_typesupport_cpp
[1.831s] [ 77%] Built target builtin_interfaces
[1.847s] [ 79%] Built target builtin_interfaces__py
[1.866s] [ 81%] [32m[1mLinking C shared library libbuiltin_interfaces__rosidl_generator_py.so[0m
[1.905s] [ 86%] Built target builtin_interfaces__rosidl_generator_py
[1.926s] [ 88%] [32m[1mLinking C shared module rosidl_generator_py/builtin_interfaces/builtin_interfaces_s__rosidl_typesupport_fastrtps_c.so[0m
[1.930s] [ 90%] [32m[1mLinking C shared module rosidl_generator_py/builtin_interfaces/builtin_interfaces_s__rosidl_typesupport_introspection_c.so[0m
[1.930s] [ 93%] [32m[1mLinking C shared module rosidl_generator_py/builtin_interfaces/builtin_interfaces_s__rosidl_typesupport_c.so[0m
[1.962s] [ 95%] Built target builtin_interfaces_s__rosidl_typesupport_fastrtps_c
[1.963s] [ 97%] Built target builtin_interfaces_s__rosidl_typesupport_introspection_c
[1.969s] [100%] Built target builtin_interfaces_s__rosidl_typesupport_c
[1.982s] Invoked command in '/home/rassito/microros_ws/build/builtin_interfaces' returned '0': CMAKE_PREFIX_PATH=${CMAKE_PREFIX_PATH}:/home/rassito/ros_ws/install/super_pkg:/opt/ros/jazzy DEBUGINFOD_URLS=https://debuginfod.ubuntu.com /usr/bin/cmake --build /home/rassito/microros_ws/build/builtin_interfaces -- -j16 -l16
[1.983s] Invoking command in '/home/rassito/microros_ws/build/builtin_interfaces': CMAKE_PREFIX_PATH=${CMAKE_PREFIX_PATH}:/home/rassito/ros_ws/install/super_pkg:/opt/ros/jazzy DEBUGINFOD_URLS=https://debuginfod.ubuntu.com /usr/bin/cmake --install /home/rassito/microros_ws/build/builtin_interfaces
[1.991s] -- Install configuration: ""
[1.991s] -- Up-to-date: /home/rassito/microros_ws/install/builtin_interfaces/share/ament_index/resource_index/rosidl_interfaces/builtin_interfaces
[1.992s] -- Up-to-date: /home/rassito/microros_ws/install/builtin_interfaces/share/builtin_interfaces/msg/Duration.json
[1.992s] -- Up-to-date: /home/rassito/microros_ws/install/builtin_interfaces/share/builtin_interfaces/msg/Time.json
[1.992s] -- Up-to-date: /home/rassito/microros_ws/install/builtin_interfaces/include/builtin_interfaces/builtin_interfaces
[1.992s] -- Up-to-date: /home/rassito/microros_ws/install/builtin_interfaces/include/builtin_interfaces/builtin_interfaces/msg
[1.992s] -- Up-to-date: /home/rassito/microros_ws/install/builtin_interfaces/include/builtin_interfaces/builtin_interfaces/msg/time.h
[1.992s] -- Up-to-date: /home/rassito/microros_ws/install/builtin_interfaces/include/builtin_interfaces/builtin_interfaces/msg/detail
[1.992s] -- Up-to-date: /home/rassito/microros_ws/install/builtin_interfaces/include/builtin_interfaces/builtin_interfaces/msg/detail/duration__functions.c
[1.992s] -- Up-to-date: /home/rassito/microros_ws/install/builtin_interfaces/include/builtin_interfaces/builtin_interfaces/msg/detail/time__functions.h
[1.993s] -- Up-to-date: /home/rassito/microros_ws/install/builtin_interfaces/include/builtin_interfaces/builtin_interfaces/msg/detail/time__type_support.c
[1.993s] -- Up-to-date: /home/rassito/microros_ws/install/builtin_interfaces/include/builtin_interfaces/builtin_interfaces/msg/detail/duration__description.c
[1.993s] -- Up-to-date: /home/rassito/microros_ws/install/builtin_interfaces/include/builtin_interfaces/builtin_interfaces/msg/detail/duration__type_support.h
[1.993s] -- Up-to-date: /home/rassito/microros_ws/install/builtin_interfaces/include/builtin_interfaces/builtin_interfaces/msg/detail/time__functions.c
[1.993s] -- Up-to-date: /home/rassito/microros_ws/install/builtin_interfaces/include/builtin_interfaces/builtin_interfaces/msg/detail/time__description.c
[1.993s] -- Up-to-date: /home/rassito/microros_ws/install/builtin_interfaces/include/builtin_interfaces/builtin_interfaces/msg/detail/duration__functions.h
[1.993s] -- Up-to-date: /home/rassito/microros_ws/install/builtin_interfaces/include/builtin_interfaces/builtin_interfaces/msg/detail/duration__struct.h
[1.993s] -- Up-to-date: /home/rassito/microros_ws/install/builtin_interfaces/include/builtin_interfaces/builtin_interfaces/msg/detail/time__struct.h
[1.993s] -- Up-to-date: /home/rassito/microros_ws/install/builtin_interfaces/include/builtin_interfaces/builtin_interfaces/msg/detail/time__type_support.h
[1.993s] -- Up-to-date: /home/rassito/microros_ws/install/builtin_interfaces/include/builtin_interfaces/builtin_interfaces/msg/detail/duration__type_support.c
[1.993s] -- Up-to-date: /home/rassito/microros_ws/install/builtin_interfaces/include/builtin_interfaces/builtin_interfaces/msg/duration.h
[1.993s] -- Up-to-date: /home/rassito/microros_ws/install/builtin_interfaces/include/builtin_interfaces/builtin_interfaces/msg/rosidl_generator_c__visibility_control.h
[1.993s] -- Up-to-date: /home/rassito/microros_ws/install/builtin_interfaces/share/builtin_interfaces/environment/library_path.sh
[1.993s] -- Up-to-date: /home/rassito/microros_ws/install/builtin_interfaces/share/builtin_interfaces/environment/library_path.dsv
[1.994s] -- Up-to-date: /home/rassito/microros_ws/install/builtin_interfaces/lib/libbuiltin_interfaces__rosidl_generator_c.so
[1.994s] -- Up-to-date: /home/rassito/microros_ws/install/builtin_interfaces/include/builtin_interfaces/builtin_interfaces
[1.994s] -- Up-to-date: /home/rassito/microros_ws/install/builtin_interfaces/include/builtin_interfaces/builtin_interfaces/msg
[1.994s] -- Up-to-date: /home/rassito/microros_ws/install/builtin_interfaces/include/builtin_interfaces/builtin_interfaces/msg/rosidl_typesupport_fastrtps_c__visibility_control.h
[1.994s] -- Up-to-date: /home/rassito/microros_ws/install/builtin_interfaces/include/builtin_interfaces/builtin_interfaces/msg/detail
[1.994s] -- Up-to-date: /home/rassito/microros_ws/install/builtin_interfaces/include/builtin_interfaces/builtin_interfaces/msg/detail/time__rosidl_typesupport_fastrtps_c.h
[1.994s] -- Up-to-date: /home/rassito/microros_ws/install/builtin_interfaces/include/builtin_interfaces/builtin_interfaces/msg/detail/duration__rosidl_typesupport_fastrtps_c.h
[1.994s] -- Up-to-date: /home/rassito/microros_ws/install/builtin_interfaces/lib/libbuiltin_interfaces__rosidl_typesupport_fastrtps_c.so
[1.994s] -- Up-to-date: /home/rassito/microros_ws/install/builtin_interfaces/include/builtin_interfaces/builtin_interfaces
[1.994s] -- Up-to-date: /home/rassito/microros_ws/install/builtin_interfaces/include/builtin_interfaces/builtin_interfaces/msg
[1.995s] -- Up-to-date: /home/rassito/microros_ws/install/builtin_interfaces/include/builtin_interfaces/builtin_interfaces/msg/rosidl_typesupport_introspection_c__visibility_control.h
[1.995s] -- Up-to-date: /home/rassito/microros_ws/install/builtin_interfaces/include/builtin_interfaces/builtin_interfaces/msg/detail
[1.995s] -- Up-to-date: /home/rassito/microros_ws/install/builtin_interfaces/include/builtin_interfaces/builtin_interfaces/msg/detail/time__type_support.c
[1.995s] -- Up-to-date: /home/rassito/microros_ws/install/builtin_interfaces/include/builtin_interfaces/builtin_interfaces/msg/detail/time__rosidl_typesupport_introspection_c.h
[1.995s] -- Up-to-date: /home/rassito/microros_ws/install/builtin_interfaces/include/builtin_interfaces/builtin_interfaces/msg/detail/duration__rosidl_typesupport_introspection_c.h
[1.995s] -- Up-to-date: /home/rassito/microros_ws/install/builtin_interfaces/include/builtin_interfaces/builtin_interfaces/msg/detail/duration__type_support.c
[1.995s] -- Up-to-date: /home/rassito/microros_ws/install/builtin_interfaces/lib/libbuiltin_interfaces__rosidl_typesupport_introspection_c.so
[1.996s] -- Installing: /home/rassito/microros_ws/install/builtin_interfaces/lib/libbuiltin_interfaces__rosidl_typesupport_c.so
[1.996s] -- Set non-toolchain portion of runtime path of "/home/rassito/microros_ws/install/builtin_interfaces/lib/libbuiltin_interfaces__rosidl_typesupport_c.so" to ""
[1.996s] -- Up-to-date: /home/rassito/microros_ws/install/builtin_interfaces/include/builtin_interfaces/builtin_interfaces
[1.996s] -- Up-to-date: /home/rassito/microros_ws/install/builtin_interfaces/include/builtin_interfaces/builtin_interfaces/msg
[1.996s] -- Up-to-date: /home/rassito/microros_ws/install/builtin_interfaces/include/builtin_interfaces/builtin_interfaces/msg/rosidl_generator_cpp__visibility_control.hpp
[1.996s] -- Up-to-date: /home/rassito/microros_ws/install/builtin_interfaces/include/builtin_interfaces/builtin_interfaces/msg/time.hpp
[1.996s] -- Up-to-date: /home/rassito/microros_ws/install/builtin_interfaces/include/builtin_interfaces/builtin_interfaces/msg/duration.hpp
[1.996s] -- Up-to-date: /home/rassito/microros_ws/install/builtin_interfaces/include/builtin_interfaces/builtin_interfaces/msg/detail
[1.996s] -- Up-to-date: /home/rassito/microros_ws/install/builtin_interfaces/include/builtin_interfaces/builtin_interfaces/msg/detail/time__builder.hpp
[1.997s] -- Up-to-date: /home/rassito/microros_ws/install/builtin_interfaces/include/builtin_interfaces/builtin_interfaces/msg/detail/duration__traits.hpp
[1.997s] -- Up-to-date: /home/rassito/microros_ws/install/builtin_interfaces/include/builtin_interfaces/builtin_interfaces/msg/detail/duration__builder.hpp
[1.997s] -- Up-to-date: /home/rassito/microros_ws/install/builtin_interfaces/include/builtin_interfaces/builtin_interfaces/msg/detail/time__traits.hpp
[1.997s] -- Up-to-date: /home/rassito/microros_ws/install/builtin_interfaces/include/builtin_interfaces/builtin_interfaces/msg/detail/duration__type_support.hpp
[1.997s] -- Up-to-date: /home/rassito/microros_ws/install/builtin_interfaces/include/builtin_interfaces/builtin_interfaces/msg/detail/time__struct.hpp
[1.997s] -- Up-to-date: /home/rassito/microros_ws/install/builtin_interfaces/include/builtin_interfaces/builtin_interfaces/msg/detail/time__type_support.hpp
[1.997s] -- Up-to-date: /home/rassito/microros_ws/install/builtin_interfaces/include/builtin_interfaces/builtin_interfaces/msg/detail/duration__struct.hpp
[1.997s] -- Up-to-date: /home/rassito/microros_ws/install/builtin_interfaces/include/builtin_interfaces/builtin_interfaces
[1.997s] -- Up-to-date: /home/rassito/microros_ws/install/builtin_interfaces/include/builtin_interfaces/builtin_interfaces/msg
[1.997s] -- Up-to-date: /home/rassito/microros_ws/install/builtin_interfaces/include/builtin_interfaces/builtin_interfaces/msg/rosidl_typesupport_fastrtps_cpp__visibility_control.h
[1.997s] -- Up-to-date: /home/rassito/microros_ws/install/builtin_interfaces/include/builtin_interfaces/builtin_interfaces/msg/detail
[1.997s] -- Up-to-date: /home/rassito/microros_ws/install/builtin_interfaces/include/builtin_interfaces/builtin_interfaces/msg/detail/duration__rosidl_typesupport_fastrtps_cpp.hpp
[1.997s] -- Up-to-date: /home/rassito/microros_ws/install/builtin_interfaces/include/builtin_interfaces/builtin_interfaces/msg/detail/time__rosidl_typesupport_fastrtps_cpp.hpp
[1.997s] -- Up-to-date: /home/rassito/microros_ws/install/builtin_interfaces/include/builtin_interfaces/builtin_interfaces/msg/detail/dds_fastrtps
[1.998s] -- Up-to-date: /home/rassito/microros_ws/install/builtin_interfaces/lib/libbuiltin_interfaces__rosidl_typesupport_fastrtps_cpp.so
[1.998s] -- Up-to-date: /home/rassito/microros_ws/install/builtin_interfaces/include/builtin_interfaces/builtin_interfaces
[1.998s] -- Up-to-date: /home/rassito/microros_ws/install/builtin_interfaces/include/builtin_interfaces/builtin_interfaces/msg
[1.998s] -- Up-to-date: /home/rassito/microros_ws/install/builtin_interfaces/include/builtin_interfaces/builtin_interfaces/msg/detail
[1.998s] -- Up-to-date: /home/rassito/microros_ws/install/builtin_interfaces/include/builtin_interfaces/builtin_interfaces/msg/detail/duration__rosidl_typesupport_introspection_cpp.hpp
[1.998s] -- Up-to-date: /home/rassito/microros_ws/install/builtin_interfaces/include/builtin_interfaces/builtin_interfaces/msg/detail/duration__type_support.cpp
[1.998s] -- Up-to-date: /home/rassito/microros_ws/install/builtin_interfaces/include/builtin_interfaces/builtin_interfaces/msg/detail/time__type_support.cpp
[1.998s] -- Up-to-date: /home/rassito/microros_ws/install/builtin_interfaces/include/builtin_interfaces/builtin_interfaces/msg/detail/time__rosidl_typesupport_introspection_cpp.hpp
[1.998s] -- Up-to-date: /home/rassito/microros_ws/install/builtin_interfaces/lib/libbuiltin_interfaces__rosidl_typesupport_introspection_cpp.so
[1.998s] -- Installing: /home/rassito/microros_ws/install/builtin_interfaces/lib/libbuiltin_interfaces__rosidl_typesupport_cpp.so
[1.999s] -- Set non-toolchain portion of runtime path of "/home/rassito/microros_ws/install/builtin_interfaces/lib/libbuiltin_interfaces__rosidl_typesupport_cpp.so" to ""
[1.999s] -- Up-to-date: /home/rassito/microros_ws/install/builtin_interfaces/share/builtin_interfaces/environment/pythonpath.sh
[1.999s] -- Up-to-date: /home/rassito/microros_ws/install/builtin_interfaces/share/builtin_interfaces/environment/pythonpath.dsv
[1.999s] -- Up-to-date: /home/rassito/microros_ws/install/builtin_interfaces/lib/python3.12/site-packages/builtin_interfaces-2.0.2-py3.12.egg-info
[1.999s] -- Installing: /home/rassito/microros_ws/install/builtin_interfaces/lib/python3.12/site-packages/builtin_interfaces-2.0.2-py3.12.egg-info/top_level.txt
[1.999s] -- Installing: /home/rassito/microros_ws/install/builtin_interfaces/lib/python3.12/site-packages/builtin_interfaces-2.0.2-py3.12.egg-info/PKG-INFO
[1.999s] -- Installing: /home/rassito/microros_ws/install/builtin_interfaces/lib/python3.12/site-packages/builtin_interfaces-2.0.2-py3.12.egg-info/dependency_links.txt
[1.999s] -- Installing: /home/rassito/microros_ws/install/builtin_interfaces/lib/python3.12/site-packages/builtin_interfaces-2.0.2-py3.12.egg-info/SOURCES.txt
[2.000s] -- Up-to-date: /home/rassito/microros_ws/install/builtin_interfaces/lib/python3.12/site-packages/builtin_interfaces
[2.000s] -- Up-to-date: /home/rassito/microros_ws/install/builtin_interfaces/lib/python3.12/site-packages/builtin_interfaces/_builtin_interfaces_s.ep.rosidl_typesupport_introspection_c.c
[2.000s] -- Up-to-date: /home/rassito/microros_ws/install/builtin_interfaces/lib/python3.12/site-packages/builtin_interfaces/_builtin_interfaces_s.ep.rosidl_typesupport_microxrcedds_c.c
[2.000s] -- Up-to-date: /home/rassito/microros_ws/install/builtin_interfaces/lib/python3.12/site-packages/builtin_interfaces/_builtin_interfaces_s.ep.rosidl_typesupport_fastrtps_c.c
[2.000s] -- Up-to-date: /home/rassito/microros_ws/install/builtin_interfaces/lib/python3.12/site-packages/builtin_interfaces/_builtin_interfaces_s.ep.rosidl_typesupport_c.c
[2.000s] -- Installing: /home/rassito/microros_ws/install/builtin_interfaces/lib/python3.12/site-packages/builtin_interfaces/builtin_interfaces_s__rosidl_typesupport_c.so
[2.000s] -- Installing: /home/rassito/microros_ws/install/builtin_interfaces/lib/python3.12/site-packages/builtin_interfaces/builtin_interfaces_s__rosidl_typesupport_introspection_c.so
[2.000s] -- Installing: /home/rassito/microros_ws/install/builtin_interfaces/lib/python3.12/site-packages/builtin_interfaces/builtin_interfaces_s__rosidl_typesupport_fastrtps_c.so
[2.000s] -- Up-to-date: /home/rassito/microros_ws/install/builtin_interfaces/lib/python3.12/site-packages/builtin_interfaces/msg
[2.000s] -- Up-to-date: /home/rassito/microros_ws/install/builtin_interfaces/lib/python3.12/site-packages/builtin_interfaces/msg/_time.py
[2.000s] -- Up-to-date: /home/rassito/microros_ws/install/builtin_interfaces/lib/python3.12/site-packages/builtin_interfaces/msg/_time_s.c
[2.000s] -- Up-to-date: /home/rassito/microros_ws/install/builtin_interfaces/lib/python3.12/site-packages/builtin_interfaces/msg/_duration.py
[2.000s] -- Up-to-date: /home/rassito/microros_ws/install/builtin_interfaces/lib/python3.12/site-packages/builtin_interfaces/msg/_duration_s.c
[2.000s] -- Up-to-date: /home/rassito/microros_ws/install/builtin_interfaces/lib/python3.12/site-packages/builtin_interfaces/msg/__init__.py
[2.001s] -- Installing: /home/rassito/microros_ws/install/builtin_interfaces/lib/python3.12/site-packages/builtin_interfaces/__init__.py
[2.001s] -- Up-to-date: /home/rassito/microros_ws/install/builtin_interfaces/lib/python3.12/site-packages/builtin_interfaces/builtin_interfaces_s__rosidl_typesupport_microxrcedds_c.so
[2.034s] Listing '/home/rassito/microros_ws/install/builtin_interfaces/lib/python3.12/site-packages/builtin_interfaces'...
[2.034s] Compiling '/home/rassito/microros_ws/install/builtin_interfaces/lib/python3.12/site-packages/builtin_interfaces/__init__.py'...
[2.034s] Listing '/home/rassito/microros_ws/install/builtin_interfaces/lib/python3.12/site-packages/builtin_interfaces/msg'...
[2.041s] -- Installing: /home/rassito/microros_ws/install/builtin_interfaces/lib/python3.12/site-packages/builtin_interfaces/builtin_interfaces_s__rosidl_typesupport_fastrtps_c.so
[2.042s] -- Set non-toolchain portion of runtime path of "/home/rassito/microros_ws/install/builtin_interfaces/lib/python3.12/site-packages/builtin_interfaces/builtin_interfaces_s__rosidl_typesupport_fastrtps_c.so" to ""
[2.042s] -- Installing: /home/rassito/microros_ws/install/builtin_interfaces/lib/python3.12/site-packages/builtin_interfaces/builtin_interfaces_s__rosidl_typesupport_introspection_c.so
[2.042s] -- Set non-toolchain portion of runtime path of "/home/rassito/microros_ws/install/builtin_interfaces/lib/python3.12/site-packages/builtin_interfaces/builtin_interfaces_s__rosidl_typesupport_introspection_c.so" to ""
[2.042s] -- Installing: /home/rassito/microros_ws/install/builtin_interfaces/lib/python3.12/site-packages/builtin_interfaces/builtin_interfaces_s__rosidl_typesupport_c.so
[2.042s] -- Set non-toolchain portion of runtime path of "/home/rassito/microros_ws/install/builtin_interfaces/lib/python3.12/site-packages/builtin_interfaces/builtin_interfaces_s__rosidl_typesupport_c.so" to ""
[2.042s] -- Installing: /home/rassito/microros_ws/install/builtin_interfaces/lib/libbuiltin_interfaces__rosidl_generator_py.so
[2.043s] -- Set non-toolchain portion of runtime path of "/home/rassito/microros_ws/install/builtin_interfaces/lib/libbuiltin_interfaces__rosidl_generator_py.so" to ""
[2.043s] -- Up-to-date: /home/rassito/microros_ws/install/builtin_interfaces/share/builtin_interfaces/msg/Duration.idl
[2.043s] -- Up-to-date: /home/rassito/microros_ws/install/builtin_interfaces/share/builtin_interfaces/msg/Time.idl
[2.043s] -- Up-to-date: /home/rassito/microros_ws/install/builtin_interfaces/share/builtin_interfaces/msg/Duration.msg
[2.043s] -- Up-to-date: /home/rassito/microros_ws/install/builtin_interfaces/share/builtin_interfaces/msg/Time.msg
[2.043s] -- Up-to-date: /home/rassito/microros_ws/install/builtin_interfaces/share/ament_index/resource_index/package_run_dependencies/builtin_interfaces
[2.043s] -- Installing: /home/rassito/microros_ws/install/builtin_interfaces/share/ament_index/resource_index/parent_prefix_path/builtin_interfaces
[2.043s] -- Up-to-date: /home/rassito/microros_ws/install/builtin_interfaces/share/builtin_interfaces/environment/ament_prefix_path.sh
[2.043s] -- Up-to-date: /home/rassito/microros_ws/install/builtin_interfaces/share/builtin_interfaces/environment/ament_prefix_path.dsv
[2.043s] -- Up-to-date: /home/rassito/microros_ws/install/builtin_interfaces/share/builtin_interfaces/environment/path.sh
[2.043s] -- Up-to-date: /home/rassito/microros_ws/install/builtin_interfaces/share/builtin_interfaces/environment/path.dsv
[2.044s] -- Up-to-date: /home/rassito/microros_ws/install/builtin_interfaces/share/builtin_interfaces/local_setup.bash
[2.044s] -- Up-to-date: /home/rassito/microros_ws/install/builtin_interfaces/share/builtin_interfaces/local_setup.sh
[2.044s] -- Up-to-date: /home/rassito/microros_ws/install/builtin_interfaces/share/builtin_interfaces/local_setup.zsh
[2.044s] -- Up-to-date: /home/rassito/microros_ws/install/builtin_interfaces/share/builtin_interfaces/local_setup.dsv
[2.044s] -- Installing: /home/rassito/microros_ws/install/builtin_interfaces/share/builtin_interfaces/package.dsv
[2.044s] -- Up-to-date: /home/rassito/microros_ws/install/builtin_interfaces/share/ament_index/resource_index/packages/builtin_interfaces
[2.044s] -- Up-to-date: /home/rassito/microros_ws/install/builtin_interfaces/share/builtin_interfaces/cmake/export_builtin_interfaces__rosidl_generator_cExport.cmake
[2.044s] -- Up-to-date: /home/rassito/microros_ws/install/builtin_interfaces/share/builtin_interfaces/cmake/export_builtin_interfaces__rosidl_generator_cExport-noconfig.cmake
[2.044s] -- Up-to-date: /home/rassito/microros_ws/install/builtin_interfaces/share/builtin_interfaces/cmake/export_builtin_interfaces__rosidl_typesupport_fastrtps_cExport.cmake
[2.045s] -- Up-to-date: /home/rassito/microros_ws/install/builtin_interfaces/share/builtin_interfaces/cmake/export_builtin_interfaces__rosidl_typesupport_fastrtps_cExport-noconfig.cmake
[2.045s] -- Up-to-date: /home/rassito/microros_ws/install/builtin_interfaces/share/builtin_interfaces/cmake/builtin_interfaces__rosidl_typesupport_introspection_cExport.cmake
[2.045s] -- Up-to-date: /home/rassito/microros_ws/install/builtin_interfaces/share/builtin_interfaces/cmake/builtin_interfaces__rosidl_typesupport_introspection_cExport-noconfig.cmake
[2.045s] -- Up-to-date: /home/rassito/microros_ws/install/builtin_interfaces/share/builtin_interfaces/cmake/builtin_interfaces__rosidl_typesupport_cExport.cmake
[2.045s] -- Up-to-date: /home/rassito/microros_ws/install/builtin_interfaces/share/builtin_interfaces/cmake/builtin_interfaces__rosidl_typesupport_cExport-noconfig.cmake
[2.045s] -- Up-to-date: /home/rassito/microros_ws/install/builtin_interfaces/share/builtin_interfaces/cmake/export_builtin_interfaces__rosidl_generator_cppExport.cmake
[2.046s] -- Up-to-date: /home/rassito/microros_ws/install/builtin_interfaces/share/builtin_interfaces/cmake/export_builtin_interfaces__rosidl_typesupport_fastrtps_cppExport.cmake
[2.046s] -- Up-to-date: /home/rassito/microros_ws/install/builtin_interfaces/share/builtin_interfaces/cmake/export_builtin_interfaces__rosidl_typesupport_fastrtps_cppExport-noconfig.cmake
[2.046s] -- Up-to-date: /home/rassito/microros_ws/install/builtin_interfaces/share/builtin_interfaces/cmake/builtin_interfaces__rosidl_typesupport_introspection_cppExport.cmake
[2.046s] -- Up-to-date: /home/rassito/microros_ws/install/builtin_interfaces/share/builtin_interfaces/cmake/builtin_interfaces__rosidl_typesupport_introspection_cppExport-noconfig.cmake
[2.046s] -- Up-to-date: /home/rassito/microros_ws/install/builtin_interfaces/share/builtin_interfaces/cmake/builtin_interfaces__rosidl_typesupport_cppExport.cmake
[2.046s] -- Up-to-date: /home/rassito/microros_ws/install/builtin_interfaces/share/builtin_interfaces/cmake/builtin_interfaces__rosidl_typesupport_cppExport-noconfig.cmake
[2.046s] -- Up-to-date: /home/rassito/microros_ws/install/builtin_interfaces/share/builtin_interfaces/cmake/export_builtin_interfaces__rosidl_generator_pyExport.cmake
[2.046s] -- Up-to-date: /home/rassito/microros_ws/install/builtin_interfaces/share/builtin_interfaces/cmake/export_builtin_interfaces__rosidl_generator_pyExport-noconfig.cmake
[2.046s] -- Up-to-date: /home/rassito/microros_ws/install/builtin_interfaces/share/builtin_interfaces/cmake/rosidl_cmake-extras.cmake
[2.046s] -- Installing: /home/rassito/microros_ws/install/builtin_interfaces/share/builtin_interfaces/cmake/ament_cmake_export_include_directories-extras.cmake
[2.047s] -- Up-to-date: /home/rassito/microros_ws/install/builtin_interfaces/share/builtin_interfaces/cmake/ament_cmake_export_libraries-extras.cmake
[2.047s] -- Up-to-date: /home/rassito/microros_ws/install/builtin_interfaces/share/builtin_interfaces/cmake/ament_cmake_export_targets-extras.cmake
[2.047s] -- Up-to-date: /home/rassito/microros_ws/install/builtin_interfaces/share/builtin_interfaces/cmake/rosidl_cmake_export_typesupport_targets-extras.cmake
[2.047s] -- Up-to-date: /home/rassito/microros_ws/install/builtin_interfaces/share/builtin_interfaces/cmake/ament_cmake_export_dependencies-extras.cmake
[2.047s] -- Installing: /home/rassito/microros_ws/install/builtin_interfaces/share/builtin_interfaces/cmake/rosidl_cmake_export_typesupport_libraries-extras.cmake
[2.047s] -- Up-to-date: /home/rassito/microros_ws/install/builtin_interfaces/share/builtin_interfaces/cmake/builtin_interfacesConfig.cmake
[2.047s] -- Up-to-date: /home/rassito/microros_ws/install/builtin_interfaces/share/builtin_interfaces/cmake/builtin_interfacesConfig-version.cmake
[2.047s] -- Up-to-date: /home/rassito/microros_ws/install/builtin_interfaces/share/builtin_interfaces/package.xml
[2.053s] Invoked command in '/home/rassito/microros_ws/build/builtin_interfaces' returned '0': CMAKE_PREFIX_PATH=${CMAKE_PREFIX_PATH}:/home/rassito/ros_ws/install/super_pkg:/opt/ros/jazzy DEBUGINFOD_URLS=https://debuginfod.ubuntu.com /usr/bin/cmake --install /home/rassito/microros_ws/build/builtin_interfaces
