[0.059s] Invoking command in '/home/rassito/microros_ws/build/service_msgs': AMENT_PREFIX_PATH=/home/rassito/microros_ws/install/builtin_interfaces:${AMENT_PREFIX_PATH} CMAKE_PREFIX_PATH=/home/rassito/microros_ws/install/builtin_interfaces:/opt/ros/jazzy/opt/sdformat_vendor:/opt/ros/jazzy/opt/gz_math_vendor:/opt/ros/jazzy/opt/gz_utils_vendor:/opt/ros/jazzy/opt/gz_tools_vendor:/opt/ros/jazzy/opt/gz_cmake_vendor:/home/rassito/ros_ws/install/super_pkg:/opt/ros/jazzy DEBUGINFOD_URLS=https://debuginfod.ubuntu.com LD_LIBRARY_PATH=/home/rassito/microros_ws/install/builtin_interfaces/lib:${LD_LIBRARY_PATH} PYTHONPATH=/home/rassito/microros_ws/install/builtin_interfaces/lib/python3.12/site-packages:${PYTHONPATH} /usr/bin/cmake /home/rassito/microros_ws/src/ros2/rcl_interfaces/service_msgs -DCMAKE_INSTALL_PREFIX=/home/rassito/microros_ws/install/service_msgs
[0.085s] -- Found ament_cmake: 2.5.3 (/opt/ros/jazzy/share/ament_cmake/cmake)
[0.101s] -- Found Python3: /usr/bin/python3 (found version "3.12.3") found components: Interpreter 
[0.199s] -- Found builtin_interfaces: 2.0.2 (/home/rassito/microros_ws/install/builtin_interfaces/share/builtin_interfaces/cmake)
[0.236s] -- Found rosidl_generator_c: 4.6.5 (/opt/ros/jazzy/share/rosidl_generator_c/cmake)
[0.248s] -- Found rosidl_generator_cpp: 4.6.5 (/opt/ros/jazzy/share/rosidl_generator_cpp/cmake)
[0.269s] -- Using all available rosidl_typesupport_c: rosidl_typesupport_fastrtps_c;rosidl_typesupport_introspection_c
[0.283s] -- Using all available rosidl_typesupport_cpp: rosidl_typesupport_fastrtps_cpp;rosidl_typesupport_introspection_cpp
[0.296s] -- Found rosidl_core_generators: 0.2.0 (/opt/ros/jazzy/share/rosidl_core_generators/cmake)
[0.302s] -- Found rosidl_adapter: 4.6.5 (/opt/ros/jazzy/share/rosidl_adapter/cmake)
[0.719s] -- Found ament_cmake_ros: 0.12.0 (/opt/ros/jazzy/share/ament_cmake_ros/cmake)
[0.874s] -- Using all available rosidl_typesupport_c: rosidl_typesupport_fastrtps_c;rosidl_typesupport_introspection_c
[0.930s] -- Using all available rosidl_typesupport_cpp: rosidl_typesupport_fastrtps_cpp;rosidl_typesupport_introspection_cpp
[0.931s] -- Found python_cmake_module: 0.11.1 (/opt/ros/jazzy/share/python_cmake_module/cmake)
[1.206s] -- Found Python3: /usr/bin/python3 (found version "3.12.3") found components: Interpreter Development NumPy Development.Module Development.Embed 
[1.233s] -- Configuring done (1.2s)
[1.313s] -- Generating done (0.1s)
[1.335s] -- Build files have been written to: /home/rassito/microros_ws/build/service_msgs
[1.347s] Invoked command in '/home/rassito/microros_ws/build/service_msgs' returned '0': AMENT_PREFIX_PATH=/home/rassito/microros_ws/install/builtin_interfaces:${AMENT_PREFIX_PATH} CMAKE_PREFIX_PATH=/home/rassito/microros_ws/install/builtin_interfaces:/opt/ros/jazzy/opt/sdformat_vendor:/opt/ros/jazzy/opt/gz_math_vendor:/opt/ros/jazzy/opt/gz_utils_vendor:/opt/ros/jazzy/opt/gz_tools_vendor:/opt/ros/jazzy/opt/gz_cmake_vendor:/home/rassito/ros_ws/install/super_pkg:/opt/ros/jazzy DEBUGINFOD_URLS=https://debuginfod.ubuntu.com LD_LIBRARY_PATH=/home/rassito/microros_ws/install/builtin_interfaces/lib:${LD_LIBRARY_PATH} PYTHONPATH=/home/rassito/microros_ws/install/builtin_interfaces/lib/python3.12/site-packages:${PYTHONPATH} /usr/bin/cmake /home/rassito/microros_ws/src/ros2/rcl_interfaces/service_msgs -DCMAKE_INSTALL_PREFIX=/home/rassito/microros_ws/install/service_msgs
[1.349s] Invoking command in '/home/rassito/microros_ws/build/service_msgs': AMENT_PREFIX_PATH=/home/rassito/microros_ws/install/builtin_interfaces:${AMENT_PREFIX_PATH} CMAKE_PREFIX_PATH=/home/rassito/microros_ws/install/builtin_interfaces:/opt/ros/jazzy/opt/sdformat_vendor:/opt/ros/jazzy/opt/gz_math_vendor:/opt/ros/jazzy/opt/gz_utils_vendor:/opt/ros/jazzy/opt/gz_tools_vendor:/opt/ros/jazzy/opt/gz_cmake_vendor:/home/rassito/ros_ws/install/super_pkg:/opt/ros/jazzy DEBUGINFOD_URLS=https://debuginfod.ubuntu.com LD_LIBRARY_PATH=/home/rassito/microros_ws/install/builtin_interfaces/lib:${LD_LIBRARY_PATH} PYTHONPATH=/home/rassito/microros_ws/install/builtin_interfaces/lib/python3.12/site-packages:${PYTHONPATH} /usr/bin/cmake --build /home/rassito/microros_ws/build/service_msgs -- -j16 -l16
[1.511s] [  2%] Built target service_msgs__rosidl_generator_type_description
[1.516s] [  2%] Built target ament_cmake_python_copy_service_msgs
[1.580s] [  5%] Built target service_msgs__cpp
[1.581s] [ 20%] Built target service_msgs__rosidl_generator_c
[1.619s] [ 23%] [34m[1mGenerating C++ type support dispatch for ROS interfaces[0m
[1.621s] [ 26%] [34m[1mGenerating C type support dispatch for ROS interfaces[0m
[1.641s] [ 35%] Built target service_msgs__rosidl_typesupport_introspection_cpp
[1.641s] [ 44%] Built target service_msgs__rosidl_typesupport_introspection_c
[1.663s] [ 52%] Built target service_msgs__rosidl_typesupport_fastrtps_c
[1.695s] [ 61%] Built target service_msgs__rosidl_typesupport_fastrtps_cpp
[1.986s] running egg_info
[2.020s] writing service_msgs.egg-info/PKG-INFO
[2.023s] writing dependency_links to service_msgs.egg-info/dependency_links.txt
[2.023s] writing top-level names to service_msgs.egg-info/top_level.txt
[2.131s] reading manifest file 'service_msgs.egg-info/SOURCES.txt'
[2.131s] writing manifest file 'service_msgs.egg-info/SOURCES.txt'
[2.219s] [ 61%] Built target ament_cmake_python_build_service_msgs_egg
[2.551s] [ 64%] [32mBuilding CXX object CMakeFiles/service_msgs__rosidl_typesupport_c.dir/rosidl_typesupport_c/service_msgs/msg/service_event_info__type_support.cpp.o[0m
[2.694s] [ 67%] [32m[1mLinking CXX shared library libservice_msgs__rosidl_typesupport_c.so[0m
[2.752s] [ 70%] [32mBuilding CXX object CMakeFiles/service_msgs__rosidl_typesupport_cpp.dir/rosidl_typesupport_cpp/service_msgs/msg/service_event_info__type_support.cpp.o[0m
[2.811s] [ 70%] Built target service_msgs__rosidl_typesupport_c
[3.293s] [ 73%] [32m[1mLinking CXX shared library libservice_msgs__rosidl_typesupport_cpp.so[0m
[3.334s] [ 73%] Built target service_msgs__rosidl_typesupport_cpp
[3.349s] [ 73%] Built target service_msgs
[3.365s] [ 76%] Built target service_msgs__py
[3.387s] [ 79%] [32m[1mLinking C shared library libservice_msgs__rosidl_generator_py.so[0m
[3.419s] [ 82%] Built target service_msgs__rosidl_generator_py
[3.439s] [ 85%] [32m[1mLinking C shared module rosidl_generator_py/service_msgs/service_msgs_s__rosidl_typesupport_c.so[0m
[3.439s] [ 88%] [32m[1mLinking C shared module rosidl_generator_py/service_msgs/service_msgs_s__rosidl_typesupport_introspection_c.so[0m
[3.439s] [ 91%] [32m[1mLinking C shared module rosidl_generator_py/service_msgs/service_msgs_s__rosidl_typesupport_fastrtps_c.so[0m
[3.465s] [ 94%] Built target service_msgs_s__rosidl_typesupport_introspection_c
[3.467s] [ 97%] Built target service_msgs_s__rosidl_typesupport_c
[3.469s] [100%] Built target service_msgs_s__rosidl_typesupport_fastrtps_c
[3.478s] Invoked command in '/home/rassito/microros_ws/build/service_msgs' returned '0': AMENT_PREFIX_PATH=/home/rassito/microros_ws/install/builtin_interfaces:${AMENT_PREFIX_PATH} CMAKE_PREFIX_PATH=/home/rassito/microros_ws/install/builtin_interfaces:/opt/ros/jazzy/opt/sdformat_vendor:/opt/ros/jazzy/opt/gz_math_vendor:/opt/ros/jazzy/opt/gz_utils_vendor:/opt/ros/jazzy/opt/gz_tools_vendor:/opt/ros/jazzy/opt/gz_cmake_vendor:/home/rassito/ros_ws/install/super_pkg:/opt/ros/jazzy DEBUGINFOD_URLS=https://debuginfod.ubuntu.com LD_LIBRARY_PATH=/home/rassito/microros_ws/install/builtin_interfaces/lib:${LD_LIBRARY_PATH} PYTHONPATH=/home/rassito/microros_ws/install/builtin_interfaces/lib/python3.12/site-packages:${PYTHONPATH} /usr/bin/cmake --build /home/rassito/microros_ws/build/service_msgs -- -j16 -l16
[3.479s] Invoking command in '/home/rassito/microros_ws/build/service_msgs': AMENT_PREFIX_PATH=/home/rassito/microros_ws/install/builtin_interfaces:${AMENT_PREFIX_PATH} CMAKE_PREFIX_PATH=/home/rassito/microros_ws/install/builtin_interfaces:/opt/ros/jazzy/opt/sdformat_vendor:/opt/ros/jazzy/opt/gz_math_vendor:/opt/ros/jazzy/opt/gz_utils_vendor:/opt/ros/jazzy/opt/gz_tools_vendor:/opt/ros/jazzy/opt/gz_cmake_vendor:/home/rassito/ros_ws/install/super_pkg:/opt/ros/jazzy DEBUGINFOD_URLS=https://debuginfod.ubuntu.com LD_LIBRARY_PATH=/home/rassito/microros_ws/install/builtin_interfaces/lib:${LD_LIBRARY_PATH} PYTHONPATH=/home/rassito/microros_ws/install/builtin_interfaces/lib/python3.12/site-packages:${PYTHONPATH} /usr/bin/cmake --install /home/rassito/microros_ws/build/service_msgs
[3.485s] -- Install configuration: ""
[3.485s] -- Up-to-date: /home/rassito/microros_ws/install/service_msgs/share/ament_index/resource_index/rosidl_interfaces/service_msgs
[3.486s] -- Up-to-date: /home/rassito/microros_ws/install/service_msgs/share/service_msgs/msg/ServiceEventInfo.json
[3.486s] -- Up-to-date: /home/rassito/microros_ws/install/service_msgs/include/service_msgs/service_msgs
[3.486s] -- Up-to-date: /home/rassito/microros_ws/install/service_msgs/include/service_msgs/service_msgs/msg
[3.486s] -- Up-to-date: /home/rassito/microros_ws/install/service_msgs/include/service_msgs/service_msgs/msg/service_event_info.h
[3.486s] -- Up-to-date: /home/rassito/microros_ws/install/service_msgs/include/service_msgs/service_msgs/msg/detail
[3.486s] -- Installing: /home/rassito/microros_ws/install/service_msgs/include/service_msgs/service_msgs/msg/detail/service_event_info__type_support.c
[3.486s] -- Up-to-date: /home/rassito/microros_ws/install/service_msgs/include/service_msgs/service_msgs/msg/detail/service_event_info__functions.c
[3.486s] -- Up-to-date: /home/rassito/microros_ws/install/service_msgs/include/service_msgs/service_msgs/msg/detail/service_event_info__struct.h
[3.487s] -- Up-to-date: /home/rassito/microros_ws/install/service_msgs/include/service_msgs/service_msgs/msg/detail/service_event_info__description.c
[3.487s] -- Up-to-date: /home/rassito/microros_ws/install/service_msgs/include/service_msgs/service_msgs/msg/detail/service_event_info__functions.h
[3.487s] -- Up-to-date: /home/rassito/microros_ws/install/service_msgs/include/service_msgs/service_msgs/msg/detail/service_event_info__type_support.h
[3.487s] -- Up-to-date: /home/rassito/microros_ws/install/service_msgs/include/service_msgs/service_msgs/msg/rosidl_generator_c__visibility_control.h
[3.487s] -- Up-to-date: /home/rassito/microros_ws/install/service_msgs/share/service_msgs/environment/library_path.sh
[3.487s] -- Up-to-date: /home/rassito/microros_ws/install/service_msgs/share/service_msgs/environment/library_path.dsv
[3.487s] -- Up-to-date: /home/rassito/microros_ws/install/service_msgs/lib/libservice_msgs__rosidl_generator_c.so
[3.487s] -- Up-to-date: /home/rassito/microros_ws/install/service_msgs/include/service_msgs/service_msgs
[3.487s] -- Up-to-date: /home/rassito/microros_ws/install/service_msgs/include/service_msgs/service_msgs/msg
[3.487s] -- Up-to-date: /home/rassito/microros_ws/install/service_msgs/include/service_msgs/service_msgs/msg/rosidl_typesupport_fastrtps_c__visibility_control.h
[3.487s] -- Up-to-date: /home/rassito/microros_ws/install/service_msgs/include/service_msgs/service_msgs/msg/detail
[3.487s] -- Up-to-date: /home/rassito/microros_ws/install/service_msgs/include/service_msgs/service_msgs/msg/detail/service_event_info__rosidl_typesupport_fastrtps_c.h
[3.488s] -- Up-to-date: /home/rassito/microros_ws/install/service_msgs/lib/libservice_msgs__rosidl_typesupport_fastrtps_c.so
[3.488s] -- Up-to-date: /home/rassito/microros_ws/install/service_msgs/include/service_msgs/service_msgs
[3.488s] -- Up-to-date: /home/rassito/microros_ws/install/service_msgs/include/service_msgs/service_msgs/msg
[3.488s] -- Up-to-date: /home/rassito/microros_ws/install/service_msgs/include/service_msgs/service_msgs/msg/rosidl_generator_cpp__visibility_control.hpp
[3.488s] -- Up-to-date: /home/rassito/microros_ws/install/service_msgs/include/service_msgs/service_msgs/msg/service_event_info.hpp
[3.488s] -- Up-to-date: /home/rassito/microros_ws/install/service_msgs/include/service_msgs/service_msgs/msg/detail
[3.488s] -- Up-to-date: /home/rassito/microros_ws/install/service_msgs/include/service_msgs/service_msgs/msg/detail/service_event_info__traits.hpp
[3.488s] -- Up-to-date: /home/rassito/microros_ws/install/service_msgs/include/service_msgs/service_msgs/msg/detail/service_event_info__type_support.hpp
[3.488s] -- Up-to-date: /home/rassito/microros_ws/install/service_msgs/include/service_msgs/service_msgs/msg/detail/service_event_info__builder.hpp
[3.488s] -- Up-to-date: /home/rassito/microros_ws/install/service_msgs/include/service_msgs/service_msgs/msg/detail/service_event_info__struct.hpp
[3.488s] -- Up-to-date: /home/rassito/microros_ws/install/service_msgs/include/service_msgs/service_msgs
[3.488s] -- Up-to-date: /home/rassito/microros_ws/install/service_msgs/include/service_msgs/service_msgs/msg
[3.488s] -- Up-to-date: /home/rassito/microros_ws/install/service_msgs/include/service_msgs/service_msgs/msg/rosidl_typesupport_fastrtps_cpp__visibility_control.h
[3.488s] -- Up-to-date: /home/rassito/microros_ws/install/service_msgs/include/service_msgs/service_msgs/msg/detail
[3.488s] -- Up-to-date: /home/rassito/microros_ws/install/service_msgs/include/service_msgs/service_msgs/msg/detail/service_event_info__rosidl_typesupport_fastrtps_cpp.hpp
[3.488s] -- Up-to-date: /home/rassito/microros_ws/install/service_msgs/include/service_msgs/service_msgs/msg/detail/dds_fastrtps
[3.488s] -- Up-to-date: /home/rassito/microros_ws/install/service_msgs/lib/libservice_msgs__rosidl_typesupport_fastrtps_cpp.so
[3.489s] -- Up-to-date: /home/rassito/microros_ws/install/service_msgs/include/service_msgs/service_msgs
[3.489s] -- Up-to-date: /home/rassito/microros_ws/install/service_msgs/include/service_msgs/service_msgs/msg
[3.489s] -- Up-to-date: /home/rassito/microros_ws/install/service_msgs/include/service_msgs/service_msgs/msg/rosidl_typesupport_introspection_c__visibility_control.h
[3.489s] -- Up-to-date: /home/rassito/microros_ws/install/service_msgs/include/service_msgs/service_msgs/msg/detail
[3.489s] -- Installing: /home/rassito/microros_ws/install/service_msgs/include/service_msgs/service_msgs/msg/detail/service_event_info__type_support.c
[3.489s] -- Up-to-date: /home/rassito/microros_ws/install/service_msgs/include/service_msgs/service_msgs/msg/detail/service_event_info__rosidl_typesupport_introspection_c.h
[3.489s] -- Up-to-date: /home/rassito/microros_ws/install/service_msgs/lib/libservice_msgs__rosidl_typesupport_introspection_c.so
[3.489s] -- Installing: /home/rassito/microros_ws/install/service_msgs/lib/libservice_msgs__rosidl_typesupport_c.so
[3.489s] -- Set non-toolchain portion of runtime path of "/home/rassito/microros_ws/install/service_msgs/lib/libservice_msgs__rosidl_typesupport_c.so" to ""
[3.489s] -- Up-to-date: /home/rassito/microros_ws/install/service_msgs/include/service_msgs/service_msgs
[3.489s] -- Up-to-date: /home/rassito/microros_ws/install/service_msgs/include/service_msgs/service_msgs/msg
[3.490s] -- Up-to-date: /home/rassito/microros_ws/install/service_msgs/include/service_msgs/service_msgs/msg/detail
[3.490s] -- Up-to-date: /home/rassito/microros_ws/install/service_msgs/include/service_msgs/service_msgs/msg/detail/service_event_info__rosidl_typesupport_introspection_cpp.hpp
[3.490s] -- Up-to-date: /home/rassito/microros_ws/install/service_msgs/include/service_msgs/service_msgs/msg/detail/service_event_info__type_support.cpp
[3.490s] -- Up-to-date: /home/rassito/microros_ws/install/service_msgs/lib/libservice_msgs__rosidl_typesupport_introspection_cpp.so
[3.491s] -- Installing: /home/rassito/microros_ws/install/service_msgs/lib/libservice_msgs__rosidl_typesupport_cpp.so
[3.491s] -- Set non-toolchain portion of runtime path of "/home/rassito/microros_ws/install/service_msgs/lib/libservice_msgs__rosidl_typesupport_cpp.so" to ""
[3.491s] -- Up-to-date: /home/rassito/microros_ws/install/service_msgs/share/service_msgs/environment/pythonpath.sh
[3.491s] -- Up-to-date: /home/rassito/microros_ws/install/service_msgs/share/service_msgs/environment/pythonpath.dsv
[3.491s] -- Up-to-date: /home/rassito/microros_ws/install/service_msgs/lib/python3.12/site-packages/service_msgs-2.0.2-py3.12.egg-info
[3.492s] -- Installing: /home/rassito/microros_ws/install/service_msgs/lib/python3.12/site-packages/service_msgs-2.0.2-py3.12.egg-info/top_level.txt
[3.492s] -- Installing: /home/rassito/microros_ws/install/service_msgs/lib/python3.12/site-packages/service_msgs-2.0.2-py3.12.egg-info/PKG-INFO
[3.492s] -- Installing: /home/rassito/microros_ws/install/service_msgs/lib/python3.12/site-packages/service_msgs-2.0.2-py3.12.egg-info/dependency_links.txt
[3.492s] -- Installing: /home/rassito/microros_ws/install/service_msgs/lib/python3.12/site-packages/service_msgs-2.0.2-py3.12.egg-info/SOURCES.txt
[3.492s] -- Up-to-date: /home/rassito/microros_ws/install/service_msgs/lib/python3.12/site-packages/service_msgs
[3.492s] -- Installing: /home/rassito/microros_ws/install/service_msgs/lib/python3.12/site-packages/service_msgs/service_msgs_s__rosidl_typesupport_c.so
[3.492s] -- Installing: /home/rassito/microros_ws/install/service_msgs/lib/python3.12/site-packages/service_msgs/service_msgs_s__rosidl_typesupport_introspection_c.so
[3.493s] -- Up-to-date: /home/rassito/microros_ws/install/service_msgs/lib/python3.12/site-packages/service_msgs/_service_msgs_s.ep.rosidl_typesupport_c.c
[3.493s] -- Up-to-date: /home/rassito/microros_ws/install/service_msgs/lib/python3.12/site-packages/service_msgs/_service_msgs_s.ep.rosidl_typesupport_microxrcedds_c.c
[3.493s] -- Installing: /home/rassito/microros_ws/install/service_msgs/lib/python3.12/site-packages/service_msgs/service_msgs_s__rosidl_typesupport_fastrtps_c.so
[3.493s] -- Up-to-date: /home/rassito/microros_ws/install/service_msgs/lib/python3.12/site-packages/service_msgs/_service_msgs_s.ep.rosidl_typesupport_fastrtps_c.c
[3.493s] -- Up-to-date: /home/rassito/microros_ws/install/service_msgs/lib/python3.12/site-packages/service_msgs/msg
[3.493s] -- Up-to-date: /home/rassito/microros_ws/install/service_msgs/lib/python3.12/site-packages/service_msgs/msg/_service_event_info_s.c
[3.493s] -- Up-to-date: /home/rassito/microros_ws/install/service_msgs/lib/python3.12/site-packages/service_msgs/msg/_service_event_info.py
[3.493s] -- Up-to-date: /home/rassito/microros_ws/install/service_msgs/lib/python3.12/site-packages/service_msgs/msg/__init__.py
[3.493s] -- Up-to-date: /home/rassito/microros_ws/install/service_msgs/lib/python3.12/site-packages/service_msgs/_service_msgs_s.ep.rosidl_typesupport_introspection_c.c
[3.493s] -- Installing: /home/rassito/microros_ws/install/service_msgs/lib/python3.12/site-packages/service_msgs/__init__.py
[3.493s] -- Up-to-date: /home/rassito/microros_ws/install/service_msgs/lib/python3.12/site-packages/service_msgs/service_msgs_s__rosidl_typesupport_microxrcedds_c.so
[3.519s] Listing '/home/rassito/microros_ws/install/service_msgs/lib/python3.12/site-packages/service_msgs'...
[3.519s] Compiling '/home/rassito/microros_ws/install/service_msgs/lib/python3.12/site-packages/service_msgs/__init__.py'...
[3.519s] Listing '/home/rassito/microros_ws/install/service_msgs/lib/python3.12/site-packages/service_msgs/msg'...
[3.524s] -- Installing: /home/rassito/microros_ws/install/service_msgs/lib/python3.12/site-packages/service_msgs/service_msgs_s__rosidl_typesupport_fastrtps_c.so
[3.525s] -- Set non-toolchain portion of runtime path of "/home/rassito/microros_ws/install/service_msgs/lib/python3.12/site-packages/service_msgs/service_msgs_s__rosidl_typesupport_fastrtps_c.so" to ""
[3.525s] -- Installing: /home/rassito/microros_ws/install/service_msgs/lib/python3.12/site-packages/service_msgs/service_msgs_s__rosidl_typesupport_introspection_c.so
[3.525s] -- Set non-toolchain portion of runtime path of "/home/rassito/microros_ws/install/service_msgs/lib/python3.12/site-packages/service_msgs/service_msgs_s__rosidl_typesupport_introspection_c.so" to ""
[3.525s] -- Installing: /home/rassito/microros_ws/install/service_msgs/lib/python3.12/site-packages/service_msgs/service_msgs_s__rosidl_typesupport_c.so
[3.525s] -- Set non-toolchain portion of runtime path of "/home/rassito/microros_ws/install/service_msgs/lib/python3.12/site-packages/service_msgs/service_msgs_s__rosidl_typesupport_c.so" to ""
[3.525s] -- Installing: /home/rassito/microros_ws/install/service_msgs/lib/libservice_msgs__rosidl_generator_py.so
[3.525s] -- Set non-toolchain portion of runtime path of "/home/rassito/microros_ws/install/service_msgs/lib/libservice_msgs__rosidl_generator_py.so" to ""
[3.526s] -- Up-to-date: /home/rassito/microros_ws/install/service_msgs/share/service_msgs/msg/ServiceEventInfo.idl
[3.526s] -- Up-to-date: /home/rassito/microros_ws/install/service_msgs/share/service_msgs/msg/ServiceEventInfo.msg
[3.526s] -- Up-to-date: /home/rassito/microros_ws/install/service_msgs/share/ament_index/resource_index/package_run_dependencies/service_msgs
[3.526s] -- Installing: /home/rassito/microros_ws/install/service_msgs/share/ament_index/resource_index/parent_prefix_path/service_msgs
[3.526s] -- Up-to-date: /home/rassito/microros_ws/install/service_msgs/share/service_msgs/environment/ament_prefix_path.sh
[3.526s] -- Up-to-date: /home/rassito/microros_ws/install/service_msgs/share/service_msgs/environment/ament_prefix_path.dsv
[3.526s] -- Up-to-date: /home/rassito/microros_ws/install/service_msgs/share/service_msgs/environment/path.sh
[3.526s] -- Up-to-date: /home/rassito/microros_ws/install/service_msgs/share/service_msgs/environment/path.dsv
[3.526s] -- Up-to-date: /home/rassito/microros_ws/install/service_msgs/share/service_msgs/local_setup.bash
[3.526s] -- Up-to-date: /home/rassito/microros_ws/install/service_msgs/share/service_msgs/local_setup.sh
[3.526s] -- Up-to-date: /home/rassito/microros_ws/install/service_msgs/share/service_msgs/local_setup.zsh
[3.527s] -- Up-to-date: /home/rassito/microros_ws/install/service_msgs/share/service_msgs/local_setup.dsv
[3.527s] -- Installing: /home/rassito/microros_ws/install/service_msgs/share/service_msgs/package.dsv
[3.527s] -- Up-to-date: /home/rassito/microros_ws/install/service_msgs/share/ament_index/resource_index/packages/service_msgs
[3.527s] -- Up-to-date: /home/rassito/microros_ws/install/service_msgs/share/service_msgs/cmake/export_service_msgs__rosidl_generator_cExport.cmake
[3.527s] -- Up-to-date: /home/rassito/microros_ws/install/service_msgs/share/service_msgs/cmake/export_service_msgs__rosidl_generator_cExport-noconfig.cmake
[3.527s] -- Up-to-date: /home/rassito/microros_ws/install/service_msgs/share/service_msgs/cmake/export_service_msgs__rosidl_typesupport_fastrtps_cExport.cmake
[3.527s] -- Up-to-date: /home/rassito/microros_ws/install/service_msgs/share/service_msgs/cmake/export_service_msgs__rosidl_typesupport_fastrtps_cExport-noconfig.cmake
[3.527s] -- Up-to-date: /home/rassito/microros_ws/install/service_msgs/share/service_msgs/cmake/export_service_msgs__rosidl_generator_cppExport.cmake
[3.527s] -- Up-to-date: /home/rassito/microros_ws/install/service_msgs/share/service_msgs/cmake/export_service_msgs__rosidl_typesupport_fastrtps_cppExport.cmake
[3.527s] -- Up-to-date: /home/rassito/microros_ws/install/service_msgs/share/service_msgs/cmake/export_service_msgs__rosidl_typesupport_fastrtps_cppExport-noconfig.cmake
[3.528s] -- Up-to-date: /home/rassito/microros_ws/install/service_msgs/share/service_msgs/cmake/service_msgs__rosidl_typesupport_introspection_cExport.cmake
[3.528s] -- Up-to-date: /home/rassito/microros_ws/install/service_msgs/share/service_msgs/cmake/service_msgs__rosidl_typesupport_introspection_cExport-noconfig.cmake
[3.528s] -- Up-to-date: /home/rassito/microros_ws/install/service_msgs/share/service_msgs/cmake/service_msgs__rosidl_typesupport_cExport.cmake
[3.528s] -- Up-to-date: /home/rassito/microros_ws/install/service_msgs/share/service_msgs/cmake/service_msgs__rosidl_typesupport_cExport-noconfig.cmake
[3.528s] -- Up-to-date: /home/rassito/microros_ws/install/service_msgs/share/service_msgs/cmake/service_msgs__rosidl_typesupport_introspection_cppExport.cmake
[3.528s] -- Up-to-date: /home/rassito/microros_ws/install/service_msgs/share/service_msgs/cmake/service_msgs__rosidl_typesupport_introspection_cppExport-noconfig.cmake
[3.528s] -- Up-to-date: /home/rassito/microros_ws/install/service_msgs/share/service_msgs/cmake/service_msgs__rosidl_typesupport_cppExport.cmake
[3.528s] -- Up-to-date: /home/rassito/microros_ws/install/service_msgs/share/service_msgs/cmake/service_msgs__rosidl_typesupport_cppExport-noconfig.cmake
[3.529s] -- Up-to-date: /home/rassito/microros_ws/install/service_msgs/share/service_msgs/cmake/export_service_msgs__rosidl_generator_pyExport.cmake
[3.529s] -- Up-to-date: /home/rassito/microros_ws/install/service_msgs/share/service_msgs/cmake/export_service_msgs__rosidl_generator_pyExport-noconfig.cmake
[3.529s] -- Up-to-date: /home/rassito/microros_ws/install/service_msgs/share/service_msgs/cmake/rosidl_cmake-extras.cmake
[3.529s] -- Up-to-date: /home/rassito/microros_ws/install/service_msgs/share/service_msgs/cmake/ament_cmake_export_dependencies-extras.cmake
[3.529s] -- Installing: /home/rassito/microros_ws/install/service_msgs/share/service_msgs/cmake/ament_cmake_export_include_directories-extras.cmake
[3.529s] -- Up-to-date: /home/rassito/microros_ws/install/service_msgs/share/service_msgs/cmake/ament_cmake_export_libraries-extras.cmake
[3.529s] -- Up-to-date: /home/rassito/microros_ws/install/service_msgs/share/service_msgs/cmake/ament_cmake_export_targets-extras.cmake
[3.529s] -- Up-to-date: /home/rassito/microros_ws/install/service_msgs/share/service_msgs/cmake/rosidl_cmake_export_typesupport_targets-extras.cmake
[3.529s] -- Installing: /home/rassito/microros_ws/install/service_msgs/share/service_msgs/cmake/rosidl_cmake_export_typesupport_libraries-extras.cmake
[3.529s] -- Up-to-date: /home/rassito/microros_ws/install/service_msgs/share/service_msgs/cmake/service_msgsConfig.cmake
[3.529s] -- Up-to-date: /home/rassito/microros_ws/install/service_msgs/share/service_msgs/cmake/service_msgsConfig-version.cmake
[3.529s] -- Up-to-date: /home/rassito/microros_ws/install/service_msgs/share/service_msgs/package.xml
[3.531s] Invoked command in '/home/rassito/microros_ws/build/service_msgs' returned '0': AMENT_PREFIX_PATH=/home/rassito/microros_ws/install/builtin_interfaces:${AMENT_PREFIX_PATH} CMAKE_PREFIX_PATH=/home/rassito/microros_ws/install/builtin_interfaces:/opt/ros/jazzy/opt/sdformat_vendor:/opt/ros/jazzy/opt/gz_math_vendor:/opt/ros/jazzy/opt/gz_utils_vendor:/opt/ros/jazzy/opt/gz_tools_vendor:/opt/ros/jazzy/opt/gz_cmake_vendor:/home/rassito/ros_ws/install/super_pkg:/opt/ros/jazzy DEBUGINFOD_URLS=https://debuginfod.ubuntu.com LD_LIBRARY_PATH=/home/rassito/microros_ws/install/builtin_interfaces/lib:${LD_LIBRARY_PATH} PYTHONPATH=/home/rassito/microros_ws/install/builtin_interfaces/lib/python3.12/site-packages:${PYTHONPATH} /usr/bin/cmake --install /home/rassito/microros_ws/build/service_msgs
