[0.026s] Invoking command in '/home/rassito/microros_ws/build/unique_identifier_msgs': CMAKE_PREFIX_PATH=${CMAKE_PREFIX_PATH}:/home/rassito/microros_ws/install/sensor_msgs_py:/home/rassito/ros_ws/install/super_pkg:/opt/ros/jazzy DEBUGINFOD_URLS=https://debuginfod.ubuntu.com /usr/bin/cmake /home/rassito/microros_ws/src/ros2/unique_identifier_msgs -DBUILD_TESTING=OFF -DBUILD_SHARED_LIBS=ON -DCMAKE_INSTALL_PREFIX=/home/rassito/microros_ws/install/unique_identifier_msgs
[0.035s] -- Found ament_cmake: 2.5.3 (/opt/ros/jazzy/share/ament_cmake/cmake)
[0.057s] -- Found Python3: /usr/bin/python3 (found version "3.12.3") found components: Interpreter 
[0.141s] -- Found rosidl_core_generators: 0.2.0 (/opt/ros/jazzy/share/rosidl_core_generators/cmake)
[0.146s] -- Using all available rosidl_typesupport_c: rosidl_typesupport_microxrcedds_c;rosidl_typesupport_fastrtps_c;rosidl_typesupport_introspection_c
[0.169s] -- Found rosidl_adapter: 4.6.5 (/opt/ros/jazzy/share/rosidl_adapter/cmake)
[0.190s] -- Using all available rosidl_typesupport_cpp: rosidl_typesupport_microxrcedds_cpp;rosidl_typesupport_fastrtps_cpp;rosidl_typesupport_introspection_cpp
[0.475s] -- Found ament_cmake_ros: 0.12.0 (/opt/ros/jazzy/share/ament_cmake_ros/cmake)
[0.580s] -- Using all available rosidl_typesupport_c: rosidl_typesupport_microxrcedds_c;rosidl_typesupport_fastrtps_c;rosidl_typesupport_introspection_c
[0.720s] -- Using all available rosidl_typesupport_cpp: rosidl_typesupport_microxrcedds_cpp;rosidl_typesupport_fastrtps_cpp;rosidl_typesupport_introspection_cpp
[0.721s] -- Found python_cmake_module: 0.11.1 (/opt/ros/jazzy/share/python_cmake_module/cmake)
[0.959s] -- Found Python3: /usr/bin/python3 (found version "3.12.3") found components: Interpreter Development NumPy Development.Module Development.Embed 
[0.977s] -- Configuring done (0.9s)
[1.005s] -- Generating done (0.0s)
[1.014s] -- Build files have been written to: /home/rassito/microros_ws/build/unique_identifier_msgs
[1.020s] Invoked command in '/home/rassito/microros_ws/build/unique_identifier_msgs' returned '0': CMAKE_PREFIX_PATH=${CMAKE_PREFIX_PATH}:/home/rassito/microros_ws/install/sensor_msgs_py:/home/rassito/ros_ws/install/super_pkg:/opt/ros/jazzy DEBUGINFOD_URLS=https://debuginfod.ubuntu.com /usr/bin/cmake /home/rassito/microros_ws/src/ros2/unique_identifier_msgs -DBUILD_TESTING=OFF -DBUILD_SHARED_LIBS=ON -DCMAKE_INSTALL_PREFIX=/home/rassito/microros_ws/install/unique_identifier_msgs
[1.021s] Invoking command in '/home/rassito/microros_ws/build/unique_identifier_msgs': CMAKE_PREFIX_PATH=${CMAKE_PREFIX_PATH}:/home/rassito/microros_ws/install/sensor_msgs_py:/home/rassito/ros_ws/install/super_pkg:/opt/ros/jazzy DEBUGINFOD_URLS=https://debuginfod.ubuntu.com /usr/bin/cmake --build /home/rassito/microros_ws/build/unique_identifier_msgs -- -j16 -l16
[1.061s] [  2%] Built target unique_identifier_msgs__rosidl_generator_type_description
[1.071s] [  2%] Built target ament_cmake_python_copy_unique_identifier_msgs
[1.084s] [ 16%] Built target unique_identifier_msgs__cpp
[1.084s] [ 16%] Built target unique_identifier_msgs__rosidl_generator_c
[1.097s] [ 19%] [34m[1mGenerating C type support dispatch for ROS interfaces[0m
[1.105s] [ 21%] [34m[1mGenerating C++ type support dispatch for ROS interfaces[0m
[1.116s] [ 28%] Built target unique_identifier_msgs__rosidl_typesupport_fastrtps_c
[1.120s] [ 35%] Built target unique_identifier_msgs__rosidl_typesupport_introspection_c
[1.121s] [ 42%] Built target unique_identifier_msgs__rosidl_typesupport_microxrcedds_cpp
[1.121s] [ 50%] Built target unique_identifier_msgs__rosidl_typesupport_fastrtps_cpp
[1.124s] [ 57%] Built target unique_identifier_msgs__rosidl_typesupport_microxrcedds_c
[1.129s] [ 64%] Built target unique_identifier_msgs__rosidl_typesupport_introspection_cpp
[1.365s] running egg_info
[1.392s] writing unique_identifier_msgs.egg-info/PKG-INFO
[1.392s] writing dependency_links to unique_identifier_msgs.egg-info/dependency_links.txt
[1.393s] writing top-level names to unique_identifier_msgs.egg-info/top_level.txt
[1.398s] [ 66%] [32mBuilding CXX object CMakeFiles/unique_identifier_msgs__rosidl_typesupport_c.dir/rosidl_typesupport_c/unique_identifier_msgs/msg/uuid__type_support.cpp.o[0m
[1.430s] [ 69%] [32m[1mLinking CXX shared library libunique_identifier_msgs__rosidl_typesupport_c.so[0m
[1.453s] reading manifest file 'unique_identifier_msgs.egg-info/SOURCES.txt'
[1.453s] [ 71%] [32mBuilding CXX object CMakeFiles/unique_identifier_msgs__rosidl_typesupport_cpp.dir/rosidl_typesupport_cpp/unique_identifier_msgs/msg/uuid__type_support.cpp.o[0m
[1.453s] writing manifest file 'unique_identifier_msgs.egg-info/SOURCES.txt'
[1.466s] [ 71%] Built target unique_identifier_msgs__rosidl_typesupport_c
[1.478s] [ 71%] Built target ament_cmake_python_build_unique_identifier_msgs_egg
[1.691s] [ 73%] [32m[1mLinking CXX shared library libunique_identifier_msgs__rosidl_typesupport_cpp.so[0m
[1.735s] [ 73%] Built target unique_identifier_msgs__rosidl_typesupport_cpp
[1.784s] [ 73%] Built target unique_identifier_msgs
[1.831s] [ 76%] Built target unique_identifier_msgs__py
[1.892s] [ 78%] [32m[1mLinking C shared library libunique_identifier_msgs__rosidl_generator_py.so[0m
[2.002s] [ 80%] Built target unique_identifier_msgs__rosidl_generator_py
[2.063s] [ 83%] [32m[1mLinking C shared module rosidl_generator_py/unique_identifier_msgs/unique_identifier_msgs_s__rosidl_typesupport_fastrtps_c.so[0m
[2.067s] [ 85%] [32m[1mLinking C shared module rosidl_generator_py/unique_identifier_msgs/unique_identifier_msgs_s__rosidl_typesupport_microxrcedds_c.so[0m
[2.069s] [ 88%] [32m[1mLinking C shared module rosidl_generator_py/unique_identifier_msgs/unique_identifier_msgs_s__rosidl_typesupport_introspection_c.so[0m
[2.079s] [ 90%] [32m[1mLinking C shared module rosidl_generator_py/unique_identifier_msgs/unique_identifier_msgs_s__rosidl_typesupport_c.so[0m
[2.153s] [ 92%] Built target unique_identifier_msgs_s__rosidl_typesupport_fastrtps_c
[2.157s] [ 95%] Built target unique_identifier_msgs_s__rosidl_typesupport_microxrcedds_c
[2.157s] [ 97%] Built target unique_identifier_msgs_s__rosidl_typesupport_introspection_c
[2.171s] [100%] Built target unique_identifier_msgs_s__rosidl_typesupport_c
[2.200s] Invoked command in '/home/rassito/microros_ws/build/unique_identifier_msgs' returned '0': CMAKE_PREFIX_PATH=${CMAKE_PREFIX_PATH}:/home/rassito/microros_ws/install/sensor_msgs_py:/home/rassito/ros_ws/install/super_pkg:/opt/ros/jazzy DEBUGINFOD_URLS=https://debuginfod.ubuntu.com /usr/bin/cmake --build /home/rassito/microros_ws/build/unique_identifier_msgs -- -j16 -l16
[2.201s] Invoking command in '/home/rassito/microros_ws/build/unique_identifier_msgs': CMAKE_PREFIX_PATH=${CMAKE_PREFIX_PATH}:/home/rassito/microros_ws/install/sensor_msgs_py:/home/rassito/ros_ws/install/super_pkg:/opt/ros/jazzy DEBUGINFOD_URLS=https://debuginfod.ubuntu.com /usr/bin/cmake --install /home/rassito/microros_ws/build/unique_identifier_msgs
[2.583s] -- Install configuration: ""
[2.583s] -- Up-to-date: /home/rassito/microros_ws/install/unique_identifier_msgs/share/ament_index/resource_index/rosidl_interfaces/unique_identifier_msgs
[2.583s] -- Up-to-date: /home/rassito/microros_ws/install/unique_identifier_msgs/share/unique_identifier_msgs/msg/UUID.json
[2.583s] -- Up-to-date: /home/rassito/microros_ws/install/unique_identifier_msgs/include/unique_identifier_msgs/unique_identifier_msgs
[2.584s] -- Up-to-date: /home/rassito/microros_ws/install/unique_identifier_msgs/include/unique_identifier_msgs/unique_identifier_msgs/msg
[2.584s] -- Up-to-date: /home/rassito/microros_ws/install/unique_identifier_msgs/include/unique_identifier_msgs/unique_identifier_msgs/msg/uuid.h
[2.584s] -- Up-to-date: /home/rassito/microros_ws/install/unique_identifier_msgs/include/unique_identifier_msgs/unique_identifier_msgs/msg/detail
[2.584s] -- Up-to-date: /home/rassito/microros_ws/install/unique_identifier_msgs/include/unique_identifier_msgs/unique_identifier_msgs/msg/detail/uuid__struct.h
[2.584s] -- Up-to-date: /home/rassito/microros_ws/install/unique_identifier_msgs/include/unique_identifier_msgs/unique_identifier_msgs/msg/detail/uuid__description.c
[2.584s] -- Up-to-date: /home/rassito/microros_ws/install/unique_identifier_msgs/include/unique_identifier_msgs/unique_identifier_msgs/msg/detail/uuid__functions.h
[2.584s] -- Up-to-date: /home/rassito/microros_ws/install/unique_identifier_msgs/include/unique_identifier_msgs/unique_identifier_msgs/msg/detail/uuid__functions.c
[2.584s] -- Up-to-date: /home/rassito/microros_ws/install/unique_identifier_msgs/include/unique_identifier_msgs/unique_identifier_msgs/msg/detail/uuid__type_support.h
[2.585s] -- Up-to-date: /home/rassito/microros_ws/install/unique_identifier_msgs/include/unique_identifier_msgs/unique_identifier_msgs/msg/detail/uuid__type_support.c
[2.585s] -- Up-to-date: /home/rassito/microros_ws/install/unique_identifier_msgs/include/unique_identifier_msgs/unique_identifier_msgs/msg/rosidl_generator_c__visibility_control.h
[2.585s] -- Up-to-date: /home/rassito/microros_ws/install/unique_identifier_msgs/share/unique_identifier_msgs/environment/library_path.sh
[2.585s] -- Up-to-date: /home/rassito/microros_ws/install/unique_identifier_msgs/share/unique_identifier_msgs/environment/library_path.dsv
[2.585s] -- Up-to-date: /home/rassito/microros_ws/install/unique_identifier_msgs/lib/libunique_identifier_msgs__rosidl_generator_c.so
[2.585s] -- Up-to-date: /home/rassito/microros_ws/install/unique_identifier_msgs/include/unique_identifier_msgs
[2.585s] -- Up-to-date: /home/rassito/microros_ws/install/unique_identifier_msgs/include/unique_identifier_msgs/msg
[2.585s] -- Up-to-date: /home/rassito/microros_ws/install/unique_identifier_msgs/include/unique_identifier_msgs/msg/detail
[2.585s] -- Up-to-date: /home/rassito/microros_ws/install/unique_identifier_msgs/include/unique_identifier_msgs/msg/detail/microxrcedds
[2.585s] -- Up-to-date: /home/rassito/microros_ws/install/unique_identifier_msgs/include/unique_identifier_msgs/msg/detail/uuid__rosidl_typesupport_microxrcedds_c.h
[2.585s] -- Up-to-date: /home/rassito/microros_ws/install/unique_identifier_msgs/include/unique_identifier_msgs/msg/rosidl_typesupport_microxrcedds_c__visibility_control.h
[2.586s] -- Up-to-date: /home/rassito/microros_ws/install/unique_identifier_msgs/lib/libunique_identifier_msgs__rosidl_typesupport_microxrcedds_c.so
[2.586s] -- Up-to-date: /home/rassito/microros_ws/install/unique_identifier_msgs/include/unique_identifier_msgs/unique_identifier_msgs
[2.586s] -- Up-to-date: /home/rassito/microros_ws/install/unique_identifier_msgs/include/unique_identifier_msgs/unique_identifier_msgs/msg
[2.586s] -- Up-to-date: /home/rassito/microros_ws/install/unique_identifier_msgs/include/unique_identifier_msgs/unique_identifier_msgs/msg/rosidl_typesupport_fastrtps_c__visibility_control.h
[2.586s] -- Up-to-date: /home/rassito/microros_ws/install/unique_identifier_msgs/include/unique_identifier_msgs/unique_identifier_msgs/msg/detail
[2.586s] -- Up-to-date: /home/rassito/microros_ws/install/unique_identifier_msgs/include/unique_identifier_msgs/unique_identifier_msgs/msg/detail/uuid__rosidl_typesupport_fastrtps_c.h
[2.587s] -- Up-to-date: /home/rassito/microros_ws/install/unique_identifier_msgs/lib/libunique_identifier_msgs__rosidl_typesupport_fastrtps_c.so
[2.587s] -- Up-to-date: /home/rassito/microros_ws/install/unique_identifier_msgs/include/unique_identifier_msgs/unique_identifier_msgs
[2.587s] -- Up-to-date: /home/rassito/microros_ws/install/unique_identifier_msgs/include/unique_identifier_msgs/unique_identifier_msgs/msg
[2.587s] -- Up-to-date: /home/rassito/microros_ws/install/unique_identifier_msgs/include/unique_identifier_msgs/unique_identifier_msgs/msg/rosidl_typesupport_introspection_c__visibility_control.h
[2.587s] -- Up-to-date: /home/rassito/microros_ws/install/unique_identifier_msgs/include/unique_identifier_msgs/unique_identifier_msgs/msg/detail
[2.587s] -- Up-to-date: /home/rassito/microros_ws/install/unique_identifier_msgs/include/unique_identifier_msgs/unique_identifier_msgs/msg/detail/uuid__rosidl_typesupport_introspection_c.h
[2.587s] -- Up-to-date: /home/rassito/microros_ws/install/unique_identifier_msgs/include/unique_identifier_msgs/unique_identifier_msgs/msg/detail/uuid__type_support.c
[2.587s] -- Up-to-date: /home/rassito/microros_ws/install/unique_identifier_msgs/lib/libunique_identifier_msgs__rosidl_typesupport_introspection_c.so
[2.587s] -- Installing: /home/rassito/microros_ws/install/unique_identifier_msgs/lib/libunique_identifier_msgs__rosidl_typesupport_c.so
[2.587s] -- Set non-toolchain portion of runtime path of "/home/rassito/microros_ws/install/unique_identifier_msgs/lib/libunique_identifier_msgs__rosidl_typesupport_c.so" to ""
[2.587s] -- Up-to-date: /home/rassito/microros_ws/install/unique_identifier_msgs/include/unique_identifier_msgs/unique_identifier_msgs
[2.588s] -- Up-to-date: /home/rassito/microros_ws/install/unique_identifier_msgs/include/unique_identifier_msgs/unique_identifier_msgs/msg
[2.588s] -- Up-to-date: /home/rassito/microros_ws/install/unique_identifier_msgs/include/unique_identifier_msgs/unique_identifier_msgs/msg/rosidl_generator_cpp__visibility_control.hpp
[2.588s] -- Up-to-date: /home/rassito/microros_ws/install/unique_identifier_msgs/include/unique_identifier_msgs/unique_identifier_msgs/msg/uuid.hpp
[2.588s] -- Up-to-date: /home/rassito/microros_ws/install/unique_identifier_msgs/include/unique_identifier_msgs/unique_identifier_msgs/msg/detail
[2.588s] -- Up-to-date: /home/rassito/microros_ws/install/unique_identifier_msgs/include/unique_identifier_msgs/unique_identifier_msgs/msg/detail/uuid__builder.hpp
[2.588s] -- Up-to-date: /home/rassito/microros_ws/install/unique_identifier_msgs/include/unique_identifier_msgs/unique_identifier_msgs/msg/detail/uuid__traits.hpp
[2.588s] -- Up-to-date: /home/rassito/microros_ws/install/unique_identifier_msgs/include/unique_identifier_msgs/unique_identifier_msgs/msg/detail/uuid__struct.hpp
[2.588s] -- Up-to-date: /home/rassito/microros_ws/install/unique_identifier_msgs/include/unique_identifier_msgs/unique_identifier_msgs/msg/detail/uuid__type_support.hpp
[2.588s] -- Up-to-date: /home/rassito/microros_ws/install/unique_identifier_msgs/include/unique_identifier_msgs
[2.588s] -- Up-to-date: /home/rassito/microros_ws/install/unique_identifier_msgs/include/unique_identifier_msgs/msg
[2.588s] -- Up-to-date: /home/rassito/microros_ws/install/unique_identifier_msgs/include/unique_identifier_msgs/msg/rosidl_typesupport_microxrcedds_cpp__visibility_control.h
[2.589s] -- Up-to-date: /home/rassito/microros_ws/install/unique_identifier_msgs/include/unique_identifier_msgs/msg/detail
[2.589s] -- Up-to-date: /home/rassito/microros_ws/install/unique_identifier_msgs/include/unique_identifier_msgs/msg/detail/microxrcedds
[2.589s] -- Up-to-date: /home/rassito/microros_ws/install/unique_identifier_msgs/include/unique_identifier_msgs/msg/detail/microxrcedds/uuid__type_support_cpp.cpp
[2.589s] -- Up-to-date: /home/rassito/microros_ws/install/unique_identifier_msgs/include/unique_identifier_msgs/msg/detail/uuid__rosidl_typesupport_microxrcedds_cpp.hpp
[2.589s] -- Up-to-date: /home/rassito/microros_ws/install/unique_identifier_msgs/lib/libunique_identifier_msgs__rosidl_typesupport_microxrcedds_cpp.so
[2.589s] -- Up-to-date: /home/rassito/microros_ws/install/unique_identifier_msgs/include/unique_identifier_msgs/unique_identifier_msgs
[2.589s] -- Up-to-date: /home/rassito/microros_ws/install/unique_identifier_msgs/include/unique_identifier_msgs/unique_identifier_msgs/msg
[2.589s] -- Up-to-date: /home/rassito/microros_ws/install/unique_identifier_msgs/include/unique_identifier_msgs/unique_identifier_msgs/msg/rosidl_typesupport_fastrtps_cpp__visibility_control.h
[2.590s] -- Up-to-date: /home/rassito/microros_ws/install/unique_identifier_msgs/include/unique_identifier_msgs/unique_identifier_msgs/msg/detail
[2.590s] -- Up-to-date: /home/rassito/microros_ws/install/unique_identifier_msgs/include/unique_identifier_msgs/unique_identifier_msgs/msg/detail/uuid__rosidl_typesupport_fastrtps_cpp.hpp
[2.590s] -- Up-to-date: /home/rassito/microros_ws/install/unique_identifier_msgs/include/unique_identifier_msgs/unique_identifier_msgs/msg/detail/dds_fastrtps
[2.590s] -- Up-to-date: /home/rassito/microros_ws/install/unique_identifier_msgs/lib/libunique_identifier_msgs__rosidl_typesupport_fastrtps_cpp.so
[2.591s] -- Up-to-date: /home/rassito/microros_ws/install/unique_identifier_msgs/include/unique_identifier_msgs/unique_identifier_msgs
[2.592s] -- Up-to-date: /home/rassito/microros_ws/install/unique_identifier_msgs/include/unique_identifier_msgs/unique_identifier_msgs/msg
[2.592s] -- Up-to-date: /home/rassito/microros_ws/install/unique_identifier_msgs/include/unique_identifier_msgs/unique_identifier_msgs/msg/detail
[2.592s] -- Up-to-date: /home/rassito/microros_ws/install/unique_identifier_msgs/include/unique_identifier_msgs/unique_identifier_msgs/msg/detail/uuid__rosidl_typesupport_introspection_cpp.hpp
[2.592s] -- Up-to-date: /home/rassito/microros_ws/install/unique_identifier_msgs/include/unique_identifier_msgs/unique_identifier_msgs/msg/detail/uuid__type_support.cpp
[2.592s] -- Up-to-date: /home/rassito/microros_ws/install/unique_identifier_msgs/lib/libunique_identifier_msgs__rosidl_typesupport_introspection_cpp.so
[2.592s] -- Installing: /home/rassito/microros_ws/install/unique_identifier_msgs/lib/libunique_identifier_msgs__rosidl_typesupport_cpp.so
[2.592s] -- Set non-toolchain portion of runtime path of "/home/rassito/microros_ws/install/unique_identifier_msgs/lib/libunique_identifier_msgs__rosidl_typesupport_cpp.so" to ""
[2.592s] -- Up-to-date: /home/rassito/microros_ws/install/unique_identifier_msgs/share/unique_identifier_msgs/environment/pythonpath.sh
[2.592s] -- Up-to-date: /home/rassito/microros_ws/install/unique_identifier_msgs/share/unique_identifier_msgs/environment/pythonpath.dsv
[2.593s] -- Up-to-date: /home/rassito/microros_ws/install/unique_identifier_msgs/lib/python3.12/site-packages/unique_identifier_msgs-2.5.0-py3.12.egg-info
[2.593s] -- Installing: /home/rassito/microros_ws/install/unique_identifier_msgs/lib/python3.12/site-packages/unique_identifier_msgs-2.5.0-py3.12.egg-info/top_level.txt
[2.593s] -- Installing: /home/rassito/microros_ws/install/unique_identifier_msgs/lib/python3.12/site-packages/unique_identifier_msgs-2.5.0-py3.12.egg-info/PKG-INFO
[2.593s] -- Installing: /home/rassito/microros_ws/install/unique_identifier_msgs/lib/python3.12/site-packages/unique_identifier_msgs-2.5.0-py3.12.egg-info/dependency_links.txt
[2.593s] -- Installing: /home/rassito/microros_ws/install/unique_identifier_msgs/lib/python3.12/site-packages/unique_identifier_msgs-2.5.0-py3.12.egg-info/SOURCES.txt
[2.593s] -- Up-to-date: /home/rassito/microros_ws/install/unique_identifier_msgs/lib/python3.12/site-packages/unique_identifier_msgs
[2.593s] -- Up-to-date: /home/rassito/microros_ws/install/unique_identifier_msgs/lib/python3.12/site-packages/unique_identifier_msgs/_unique_identifier_msgs_s.ep.rosidl_typesupport_fastrtps_c.c
[2.593s] -- Up-to-date: /home/rassito/microros_ws/install/unique_identifier_msgs/lib/python3.12/site-packages/unique_identifier_msgs/_unique_identifier_msgs_s.ep.rosidl_typesupport_microxrcedds_c.c
[2.593s] -- Installing: /home/rassito/microros_ws/install/unique_identifier_msgs/lib/python3.12/site-packages/unique_identifier_msgs/unique_identifier_msgs_s__rosidl_typesupport_microxrcedds_c.so
[2.593s] -- Installing: /home/rassito/microros_ws/install/unique_identifier_msgs/lib/python3.12/site-packages/unique_identifier_msgs/unique_identifier_msgs_s__rosidl_typesupport_introspection_c.so
[2.593s] -- Installing: /home/rassito/microros_ws/install/unique_identifier_msgs/lib/python3.12/site-packages/unique_identifier_msgs/unique_identifier_msgs_s__rosidl_typesupport_fastrtps_c.so
[2.594s] -- Installing: /home/rassito/microros_ws/install/unique_identifier_msgs/lib/python3.12/site-packages/unique_identifier_msgs/unique_identifier_msgs_s__rosidl_typesupport_c.so
[2.594s] -- Up-to-date: /home/rassito/microros_ws/install/unique_identifier_msgs/lib/python3.12/site-packages/unique_identifier_msgs/_unique_identifier_msgs_s.ep.rosidl_typesupport_c.c
[2.594s] -- Up-to-date: /home/rassito/microros_ws/install/unique_identifier_msgs/lib/python3.12/site-packages/unique_identifier_msgs/msg
[2.594s] -- Up-to-date: /home/rassito/microros_ws/install/unique_identifier_msgs/lib/python3.12/site-packages/unique_identifier_msgs/msg/_uuid.py
[2.594s] -- Up-to-date: /home/rassito/microros_ws/install/unique_identifier_msgs/lib/python3.12/site-packages/unique_identifier_msgs/msg/_uuid_s.c
[2.594s] -- Up-to-date: /home/rassito/microros_ws/install/unique_identifier_msgs/lib/python3.12/site-packages/unique_identifier_msgs/msg/__init__.py
[2.594s] -- Up-to-date: /home/rassito/microros_ws/install/unique_identifier_msgs/lib/python3.12/site-packages/unique_identifier_msgs/_unique_identifier_msgs_s.ep.rosidl_typesupport_introspection_c.c
[2.594s] -- Installing: /home/rassito/microros_ws/install/unique_identifier_msgs/lib/python3.12/site-packages/unique_identifier_msgs/__init__.py
[2.595s] Listing '/home/rassito/microros_ws/install/unique_identifier_msgs/lib/python3.12/site-packages/unique_identifier_msgs'...
[2.595s] Compiling '/home/rassito/microros_ws/install/unique_identifier_msgs/lib/python3.12/site-packages/unique_identifier_msgs/__init__.py'...
[2.595s] Listing '/home/rassito/microros_ws/install/unique_identifier_msgs/lib/python3.12/site-packages/unique_identifier_msgs/msg'...
[2.595s] -- Installing: /home/rassito/microros_ws/install/unique_identifier_msgs/lib/python3.12/site-packages/unique_identifier_msgs/unique_identifier_msgs_s__rosidl_typesupport_microxrcedds_c.so
[2.595s] -- Set non-toolchain portion of runtime path of "/home/rassito/microros_ws/install/unique_identifier_msgs/lib/python3.12/site-packages/unique_identifier_msgs/unique_identifier_msgs_s__rosidl_typesupport_microxrcedds_c.so" to ""
[2.595s] -- Installing: /home/rassito/microros_ws/install/unique_identifier_msgs/lib/python3.12/site-packages/unique_identifier_msgs/unique_identifier_msgs_s__rosidl_typesupport_fastrtps_c.so
[2.595s] -- Set non-toolchain portion of runtime path of "/home/rassito/microros_ws/install/unique_identifier_msgs/lib/python3.12/site-packages/unique_identifier_msgs/unique_identifier_msgs_s__rosidl_typesupport_fastrtps_c.so" to ""
[2.595s] -- Installing: /home/rassito/microros_ws/install/unique_identifier_msgs/lib/python3.12/site-packages/unique_identifier_msgs/unique_identifier_msgs_s__rosidl_typesupport_introspection_c.so
[2.595s] -- Set non-toolchain portion of runtime path of "/home/rassito/microros_ws/install/unique_identifier_msgs/lib/python3.12/site-packages/unique_identifier_msgs/unique_identifier_msgs_s__rosidl_typesupport_introspection_c.so" to ""
[2.595s] -- Installing: /home/rassito/microros_ws/install/unique_identifier_msgs/lib/python3.12/site-packages/unique_identifier_msgs/unique_identifier_msgs_s__rosidl_typesupport_c.so
[2.595s] -- Set non-toolchain portion of runtime path of "/home/rassito/microros_ws/install/unique_identifier_msgs/lib/python3.12/site-packages/unique_identifier_msgs/unique_identifier_msgs_s__rosidl_typesupport_c.so" to ""
[2.595s] -- Installing: /home/rassito/microros_ws/install/unique_identifier_msgs/lib/libunique_identifier_msgs__rosidl_generator_py.so
[2.595s] -- Set non-toolchain portion of runtime path of "/home/rassito/microros_ws/install/unique_identifier_msgs/lib/libunique_identifier_msgs__rosidl_generator_py.so" to ""
[2.595s] -- Up-to-date: /home/rassito/microros_ws/install/unique_identifier_msgs/share/unique_identifier_msgs/msg/UUID.idl
[2.595s] -- Up-to-date: /home/rassito/microros_ws/install/unique_identifier_msgs/share/unique_identifier_msgs/msg/UUID.msg
[2.595s] -- Up-to-date: /home/rassito/microros_ws/install/unique_identifier_msgs/share/ament_index/resource_index/package_run_dependencies/unique_identifier_msgs
[2.596s] -- Installing: /home/rassito/microros_ws/install/unique_identifier_msgs/share/ament_index/resource_index/parent_prefix_path/unique_identifier_msgs
[2.596s] -- Up-to-date: /home/rassito/microros_ws/install/unique_identifier_msgs/share/unique_identifier_msgs/environment/ament_prefix_path.sh
[2.596s] -- Up-to-date: /home/rassito/microros_ws/install/unique_identifier_msgs/share/unique_identifier_msgs/environment/ament_prefix_path.dsv
[2.596s] -- Up-to-date: /home/rassito/microros_ws/install/unique_identifier_msgs/share/unique_identifier_msgs/environment/path.sh
[2.596s] -- Up-to-date: /home/rassito/microros_ws/install/unique_identifier_msgs/share/unique_identifier_msgs/environment/path.dsv
[2.597s] -- Up-to-date: /home/rassito/microros_ws/install/unique_identifier_msgs/share/unique_identifier_msgs/local_setup.bash
[2.597s] -- Up-to-date: /home/rassito/microros_ws/install/unique_identifier_msgs/share/unique_identifier_msgs/local_setup.sh
[2.597s] -- Up-to-date: /home/rassito/microros_ws/install/unique_identifier_msgs/share/unique_identifier_msgs/local_setup.zsh
[2.597s] -- Up-to-date: /home/rassito/microros_ws/install/unique_identifier_msgs/share/unique_identifier_msgs/local_setup.dsv
[2.597s] -- Installing: /home/rassito/microros_ws/install/unique_identifier_msgs/share/unique_identifier_msgs/package.dsv
[2.597s] -- Up-to-date: /home/rassito/microros_ws/install/unique_identifier_msgs/share/ament_index/resource_index/packages/unique_identifier_msgs
[2.597s] -- Up-to-date: /home/rassito/microros_ws/install/unique_identifier_msgs/share/unique_identifier_msgs/cmake/export_unique_identifier_msgs__rosidl_generator_cExport.cmake
[2.597s] -- Up-to-date: /home/rassito/microros_ws/install/unique_identifier_msgs/share/unique_identifier_msgs/cmake/export_unique_identifier_msgs__rosidl_generator_cExport-noconfig.cmake
[2.597s] -- Up-to-date: /home/rassito/microros_ws/install/unique_identifier_msgs/share/unique_identifier_msgs/cmake/export_unique_identifier_msgs__rosidl_typesupport_fastrtps_cExport.cmake
[2.597s] -- Up-to-date: /home/rassito/microros_ws/install/unique_identifier_msgs/share/unique_identifier_msgs/cmake/export_unique_identifier_msgs__rosidl_typesupport_fastrtps_cExport-noconfig.cmake
[2.597s] -- Up-to-date: /home/rassito/microros_ws/install/unique_identifier_msgs/share/unique_identifier_msgs/cmake/unique_identifier_msgs__rosidl_typesupport_introspection_cExport.cmake
[2.598s] -- Up-to-date: /home/rassito/microros_ws/install/unique_identifier_msgs/share/unique_identifier_msgs/cmake/unique_identifier_msgs__rosidl_typesupport_introspection_cExport-noconfig.cmake
[2.598s] -- Up-to-date: /home/rassito/microros_ws/install/unique_identifier_msgs/share/unique_identifier_msgs/cmake/unique_identifier_msgs__rosidl_typesupport_cExport.cmake
[2.598s] -- Up-to-date: /home/rassito/microros_ws/install/unique_identifier_msgs/share/unique_identifier_msgs/cmake/unique_identifier_msgs__rosidl_typesupport_cExport-noconfig.cmake
[2.598s] -- Up-to-date: /home/rassito/microros_ws/install/unique_identifier_msgs/share/unique_identifier_msgs/cmake/export_unique_identifier_msgs__rosidl_generator_cppExport.cmake
[2.598s] -- Up-to-date: /home/rassito/microros_ws/install/unique_identifier_msgs/share/unique_identifier_msgs/cmake/export_unique_identifier_msgs__rosidl_typesupport_fastrtps_cppExport.cmake
[2.598s] -- Up-to-date: /home/rassito/microros_ws/install/unique_identifier_msgs/share/unique_identifier_msgs/cmake/export_unique_identifier_msgs__rosidl_typesupport_fastrtps_cppExport-noconfig.cmake
[2.598s] -- Up-to-date: /home/rassito/microros_ws/install/unique_identifier_msgs/share/unique_identifier_msgs/cmake/unique_identifier_msgs__rosidl_typesupport_introspection_cppExport.cmake
[2.598s] -- Up-to-date: /home/rassito/microros_ws/install/unique_identifier_msgs/share/unique_identifier_msgs/cmake/unique_identifier_msgs__rosidl_typesupport_introspection_cppExport-noconfig.cmake
[2.599s] -- Up-to-date: /home/rassito/microros_ws/install/unique_identifier_msgs/share/unique_identifier_msgs/cmake/unique_identifier_msgs__rosidl_typesupport_cppExport.cmake
[2.599s] -- Up-to-date: /home/rassito/microros_ws/install/unique_identifier_msgs/share/unique_identifier_msgs/cmake/unique_identifier_msgs__rosidl_typesupport_cppExport-noconfig.cmake
[2.599s] -- Up-to-date: /home/rassito/microros_ws/install/unique_identifier_msgs/share/unique_identifier_msgs/cmake/export_unique_identifier_msgs__rosidl_generator_pyExport.cmake
[2.599s] -- Up-to-date: /home/rassito/microros_ws/install/unique_identifier_msgs/share/unique_identifier_msgs/cmake/export_unique_identifier_msgs__rosidl_generator_pyExport-noconfig.cmake
[2.599s] -- Up-to-date: /home/rassito/microros_ws/install/unique_identifier_msgs/share/unique_identifier_msgs/cmake/rosidl_cmake-extras.cmake
[2.599s] -- Installing: /home/rassito/microros_ws/install/unique_identifier_msgs/share/unique_identifier_msgs/cmake/ament_cmake_export_include_directories-extras.cmake
[2.599s] -- Up-to-date: /home/rassito/microros_ws/install/unique_identifier_msgs/share/unique_identifier_msgs/cmake/ament_cmake_export_libraries-extras.cmake
[2.599s] -- Up-to-date: /home/rassito/microros_ws/install/unique_identifier_msgs/share/unique_identifier_msgs/cmake/ament_cmake_export_targets-extras.cmake
[2.599s] -- Up-to-date: /home/rassito/microros_ws/install/unique_identifier_msgs/share/unique_identifier_msgs/cmake/rosidl_cmake_export_typesupport_targets-extras.cmake
[2.599s] -- Up-to-date: /home/rassito/microros_ws/install/unique_identifier_msgs/share/unique_identifier_msgs/cmake/ament_cmake_export_dependencies-extras.cmake
[2.600s] -- Installing: /home/rassito/microros_ws/install/unique_identifier_msgs/share/unique_identifier_msgs/cmake/rosidl_cmake_export_typesupport_libraries-extras.cmake
[2.600s] -- Up-to-date: /home/rassito/microros_ws/install/unique_identifier_msgs/share/unique_identifier_msgs/cmake/unique_identifier_msgsConfig.cmake
[2.600s] -- Up-to-date: /home/rassito/microros_ws/install/unique_identifier_msgs/share/unique_identifier_msgs/cmake/unique_identifier_msgsConfig-version.cmake
[2.600s] -- Up-to-date: /home/rassito/microros_ws/install/unique_identifier_msgs/share/unique_identifier_msgs/package.xml
[2.600s] -- Up-to-date: /home/rassito/microros_ws/install/unique_identifier_msgs/share/unique_identifier_msgs/mapping_rules.yaml
[2.600s] Invoked command in '/home/rassito/microros_ws/build/unique_identifier_msgs' returned '0': CMAKE_PREFIX_PATH=${CMAKE_PREFIX_PATH}:/home/rassito/microros_ws/install/sensor_msgs_py:/home/rassito/ros_ws/install/super_pkg:/opt/ros/jazzy DEBUGINFOD_URLS=https://debuginfod.ubuntu.com /usr/bin/cmake --install /home/rassito/microros_ws/build/unique_identifier_msgs
