-- Found ament_cmake: 2.5.3 (/opt/ros/jazzy/share/ament_cmake/cmake)
-- Found Python3: /usr/bin/python3 (found version "3.12.3") found components: Interpreter 
-- Found rosidl_default_generators: 1.6.0 (/opt/ros/jazzy/share/rosidl_default_generators/cmake)
-- Using all available rosidl_typesupport_c: rosidl_typesupport_microxrcedds_c;rosidl_typesupport_fastrtps_c;rosidl_typesupport_introspection_c
-- Found rosidl_adapter: 4.6.5 (/opt/ros/jazzy/share/rosidl_adapter/cmake)
-- Using all available rosidl_typesupport_cpp: rosidl_typesupport_microxrcedds_cpp;rosidl_typesupport_fastrtps_cpp;rosidl_typesupport_introspection_cpp
-- Found rcl_interfaces: 2.0.2 (/home/rassito/microros_ws/install/rcl_interfaces/share/rcl_interfaces/cmake)
-- Found ament_cmake_ros: 0.12.0 (/opt/ros/jazzy/share/ament_cmake_ros/cmake)
-- Using all available rosidl_typesupport_c: rosidl_typesupport_microxrcedds_c;rosidl_typesupport_fastrtps_c;rosidl_typesupport_introspection_c
-- Using all available rosidl_typesupport_cpp: rosidl_typesupport_microxrcedds_cpp;rosidl_typesupport_fastrtps_cpp;rosidl_typesupport_introspection_cpp
-- Found python_cmake_module: 0.11.1 (/opt/ros/jazzy/share/python_cmake_module/cmake)
-- Found Python3: /usr/bin/python3 (found version "3.12.3") found components: Interpreter Development NumPy Development.Module Development.Embed 
-- Configuring done (1.3s)
-- Generating done (0.0s)
-- Build files have been written to: /home/rassito/microros_ws/build/composition_interfaces
[  1%] Built target composition_interfaces__rosidl_generator_type_description
[  1%] Built target ament_cmake_python_copy_composition_interfaces
[  3%] Built target composition_interfaces__cpp
[ 19%] Built target composition_interfaces__rosidl_generator_c
[ 21%] [34m[1mGenerating C++ type support dispatch for ROS interfaces[0m
[ 22%] [34m[1mGenerating C type support dispatch for ROS interfaces[0m
[ 24%] [32m[1mLinking C shared library libcomposition_interfaces__rosidl_typesupport_microxrcedds_c.so[0m
[ 25%] [32m[1mLinking CXX shared library libcomposition_interfaces__rosidl_typesupport_microxrcedds_cpp.so[0m
[ 33%] Built target composition_interfaces__rosidl_typesupport_fastrtps_cpp
[ 40%] Built target composition_interfaces__rosidl_typesupport_introspection_cpp
[ 48%] Built target composition_interfaces__rosidl_typesupport_introspection_c
[ 56%] Built target composition_interfaces__rosidl_typesupport_fastrtps_c
[ 62%] Built target composition_interfaces__rosidl_typesupport_microxrcedds_c
[ 68%] Built target composition_interfaces__rosidl_typesupport_microxrcedds_cpp
running egg_info
writing composition_interfaces.egg-info/PKG-INFO
writing dependency_links to composition_interfaces.egg-info/dependency_links.txt
writing top-level names to composition_interfaces.egg-info/top_level.txt
reading manifest file 'composition_interfaces.egg-info/SOURCES.txt'
writing manifest file 'composition_interfaces.egg-info/SOURCES.txt'
[ 68%] Built target ament_cmake_python_build_composition_interfaces_egg
[ 72%] [32mBuilding CXX object CMakeFiles/composition_interfaces__rosidl_typesupport_c.dir/rosidl_typesupport_c/composition_interfaces/srv/load_node__type_support.cpp.o[0m
[ 72%] [32mBuilding CXX object CMakeFiles/composition_interfaces__rosidl_typesupport_c.dir/rosidl_typesupport_c/composition_interfaces/srv/list_nodes__type_support.cpp.o[0m
[ 72%] [32mBuilding CXX object CMakeFiles/composition_interfaces__rosidl_typesupport_c.dir/rosidl_typesupport_c/composition_interfaces/srv/unload_node__type_support.cpp.o[0m
[ 74%] [32m[1mLinking CXX shared library libcomposition_interfaces__rosidl_typesupport_c.so[0m
[ 74%] Built target composition_interfaces__rosidl_typesupport_c
[ 75%] [32mBuilding CXX object CMakeFiles/composition_interfaces__rosidl_typesupport_cpp.dir/rosidl_typesupport_cpp/composition_interfaces/srv/load_node__type_support.cpp.o[0m
[ 77%] [32mBuilding CXX object CMakeFiles/composition_interfaces__rosidl_typesupport_cpp.dir/rosidl_typesupport_cpp/composition_interfaces/srv/list_nodes__type_support.cpp.o[0m
[ 78%] [32mBuilding CXX object CMakeFiles/composition_interfaces__rosidl_typesupport_cpp.dir/rosidl_typesupport_cpp/composition_interfaces/srv/unload_node__type_support.cpp.o[0m
[ 80%] [32m[1mLinking CXX shared library libcomposition_interfaces__rosidl_typesupport_cpp.so[0m
[ 80%] Built target composition_interfaces__rosidl_typesupport_cpp
[ 80%] Built target composition_interfaces
[ 81%] Built target composition_interfaces__py
[ 83%] [32m[1mLinking C shared library libcomposition_interfaces__rosidl_generator_py.so[0m
[ 87%] Built target composition_interfaces__rosidl_generator_py
[ 89%] [32m[1mLinking C shared module rosidl_generator_py/composition_interfaces/composition_interfaces_s__rosidl_typesupport_introspection_c.so[0m
[ 90%] [32m[1mLinking C shared module rosidl_generator_py/composition_interfaces/composition_interfaces_s__rosidl_typesupport_fastrtps_c.so[0m
[ 92%] [32m[1mLinking C shared module rosidl_generator_py/composition_interfaces/composition_interfaces_s__rosidl_typesupport_c.so[0m
[ 93%] [32m[1mLinking C shared module rosidl_generator_py/composition_interfaces/composition_interfaces_s__rosidl_typesupport_microxrcedds_c.so[0m
[ 95%] Built target composition_interfaces_s__rosidl_typesupport_introspection_c
[ 96%] Built target composition_interfaces_s__rosidl_typesupport_fastrtps_c
[ 98%] Built target composition_interfaces_s__rosidl_typesupport_c
[100%] Built target composition_interfaces_s__rosidl_typesupport_microxrcedds_c
-- Install configuration: ""
-- Up-to-date: /home/rassito/microros_ws/install/composition_interfaces/share/ament_index/resource_index/rosidl_interfaces/composition_interfaces
-- Up-to-date: /home/rassito/microros_ws/install/composition_interfaces/share/composition_interfaces/srv/LoadNode.json
-- Up-to-date: /home/rassito/microros_ws/install/composition_interfaces/share/composition_interfaces/srv/ListNodes.json
-- Up-to-date: /home/rassito/microros_ws/install/composition_interfaces/share/composition_interfaces/srv/UnloadNode.json
-- Up-to-date: /home/rassito/microros_ws/install/composition_interfaces/include/composition_interfaces/composition_interfaces
-- Up-to-date: /home/rassito/microros_ws/install/composition_interfaces/include/composition_interfaces/composition_interfaces/srv
-- Up-to-date: /home/rassito/microros_ws/install/composition_interfaces/include/composition_interfaces/composition_interfaces/srv/unload_node.h
-- Up-to-date: /home/rassito/microros_ws/install/composition_interfaces/include/composition_interfaces/composition_interfaces/srv/load_node.h
-- Up-to-date: /home/rassito/microros_ws/install/composition_interfaces/include/composition_interfaces/composition_interfaces/srv/detail
-- Up-to-date: /home/rassito/microros_ws/install/composition_interfaces/include/composition_interfaces/composition_interfaces/srv/detail/unload_node__type_support.h
-- Up-to-date: /home/rassito/microros_ws/install/composition_interfaces/include/composition_interfaces/composition_interfaces/srv/detail/list_nodes__type_support.h
-- Up-to-date: /home/rassito/microros_ws/install/composition_interfaces/include/composition_interfaces/composition_interfaces/srv/detail/unload_node__functions.c
-- Up-to-date: /home/rassito/microros_ws/install/composition_interfaces/include/composition_interfaces/composition_interfaces/srv/detail/list_nodes__functions.c
-- Installing: /home/rassito/microros_ws/install/composition_interfaces/include/composition_interfaces/composition_interfaces/srv/detail/load_node__type_support.c
-- Up-to-date: /home/rassito/microros_ws/install/composition_interfaces/include/composition_interfaces/composition_interfaces/srv/detail/unload_node__functions.h
-- Installing: /home/rassito/microros_ws/install/composition_interfaces/include/composition_interfaces/composition_interfaces/srv/detail/list_nodes__type_support.c
-- Installing: /home/rassito/microros_ws/install/composition_interfaces/include/composition_interfaces/composition_interfaces/srv/detail/unload_node__type_support.c
-- Up-to-date: /home/rassito/microros_ws/install/composition_interfaces/include/composition_interfaces/composition_interfaces/srv/detail/load_node__functions.c
-- Up-to-date: /home/rassito/microros_ws/install/composition_interfaces/include/composition_interfaces/composition_interfaces/srv/detail/list_nodes__description.c
-- Up-to-date: /home/rassito/microros_ws/install/composition_interfaces/include/composition_interfaces/composition_interfaces/srv/detail/load_node__functions.h
-- Up-to-date: /home/rassito/microros_ws/install/composition_interfaces/include/composition_interfaces/composition_interfaces/srv/detail/unload_node__struct.h
-- Up-to-date: /home/rassito/microros_ws/install/composition_interfaces/include/composition_interfaces/composition_interfaces/srv/detail/list_nodes__struct.h
-- Up-to-date: /home/rassito/microros_ws/install/composition_interfaces/include/composition_interfaces/composition_interfaces/srv/detail/load_node__struct.h
-- Up-to-date: /home/rassito/microros_ws/install/composition_interfaces/include/composition_interfaces/composition_interfaces/srv/detail/load_node__description.c
-- Up-to-date: /home/rassito/microros_ws/install/composition_interfaces/include/composition_interfaces/composition_interfaces/srv/detail/unload_node__description.c
-- Up-to-date: /home/rassito/microros_ws/install/composition_interfaces/include/composition_interfaces/composition_interfaces/srv/detail/list_nodes__functions.h
-- Up-to-date: /home/rassito/microros_ws/install/composition_interfaces/include/composition_interfaces/composition_interfaces/srv/detail/load_node__type_support.h
-- Up-to-date: /home/rassito/microros_ws/install/composition_interfaces/include/composition_interfaces/composition_interfaces/srv/list_nodes.h
-- Up-to-date: /home/rassito/microros_ws/install/composition_interfaces/include/composition_interfaces/composition_interfaces/msg
-- Up-to-date: /home/rassito/microros_ws/install/composition_interfaces/include/composition_interfaces/composition_interfaces/msg/rosidl_generator_c__visibility_control.h
-- Up-to-date: /home/rassito/microros_ws/install/composition_interfaces/share/composition_interfaces/environment/library_path.sh
-- Up-to-date: /home/rassito/microros_ws/install/composition_interfaces/share/composition_interfaces/environment/library_path.dsv
-- Up-to-date: /home/rassito/microros_ws/install/composition_interfaces/lib/libcomposition_interfaces__rosidl_generator_c.so
-- Up-to-date: /home/rassito/microros_ws/install/composition_interfaces/include/composition_interfaces
-- Up-to-date: /home/rassito/microros_ws/install/composition_interfaces/include/composition_interfaces/srv
-- Up-to-date: /home/rassito/microros_ws/install/composition_interfaces/include/composition_interfaces/srv/detail
-- Up-to-date: /home/rassito/microros_ws/install/composition_interfaces/include/composition_interfaces/srv/detail/microxrcedds
-- Up-to-date: /home/rassito/microros_ws/install/composition_interfaces/include/composition_interfaces/srv/detail/unload_node__rosidl_typesupport_microxrcedds_c.h
-- Up-to-date: /home/rassito/microros_ws/install/composition_interfaces/include/composition_interfaces/srv/detail/list_nodes__rosidl_typesupport_microxrcedds_c.h
-- Up-to-date: /home/rassito/microros_ws/install/composition_interfaces/include/composition_interfaces/srv/detail/load_node__rosidl_typesupport_microxrcedds_c.h
-- Up-to-date: /home/rassito/microros_ws/install/composition_interfaces/include/composition_interfaces/msg
-- Up-to-date: /home/rassito/microros_ws/install/composition_interfaces/include/composition_interfaces/msg/rosidl_typesupport_microxrcedds_c__visibility_control.h
-- Installing: /home/rassito/microros_ws/install/composition_interfaces/lib/libcomposition_interfaces__rosidl_typesupport_microxrcedds_c.so
-- Set non-toolchain portion of runtime path of "/home/rassito/microros_ws/install/composition_interfaces/lib/libcomposition_interfaces__rosidl_typesupport_microxrcedds_c.so" to ""
-- Up-to-date: /home/rassito/microros_ws/install/composition_interfaces/include/composition_interfaces/composition_interfaces
-- Up-to-date: /home/rassito/microros_ws/install/composition_interfaces/include/composition_interfaces/composition_interfaces/srv
-- Up-to-date: /home/rassito/microros_ws/install/composition_interfaces/include/composition_interfaces/composition_interfaces/srv/detail
-- Up-to-date: /home/rassito/microros_ws/install/composition_interfaces/include/composition_interfaces/composition_interfaces/srv/detail/load_node__rosidl_typesupport_fastrtps_c.h
-- Up-to-date: /home/rassito/microros_ws/install/composition_interfaces/include/composition_interfaces/composition_interfaces/srv/detail/unload_node__rosidl_typesupport_fastrtps_c.h
-- Up-to-date: /home/rassito/microros_ws/install/composition_interfaces/include/composition_interfaces/composition_interfaces/srv/detail/list_nodes__rosidl_typesupport_fastrtps_c.h
-- Up-to-date: /home/rassito/microros_ws/install/composition_interfaces/include/composition_interfaces/composition_interfaces/msg
-- Up-to-date: /home/rassito/microros_ws/install/composition_interfaces/include/composition_interfaces/composition_interfaces/msg/rosidl_typesupport_fastrtps_c__visibility_control.h
-- Up-to-date: /home/rassito/microros_ws/install/composition_interfaces/lib/libcomposition_interfaces__rosidl_typesupport_fastrtps_c.so
-- Up-to-date: /home/rassito/microros_ws/install/composition_interfaces/include/composition_interfaces/composition_interfaces
-- Up-to-date: /home/rassito/microros_ws/install/composition_interfaces/include/composition_interfaces/composition_interfaces/srv
-- Up-to-date: /home/rassito/microros_ws/install/composition_interfaces/include/composition_interfaces/composition_interfaces/srv/detail
-- Up-to-date: /home/rassito/microros_ws/install/composition_interfaces/include/composition_interfaces/composition_interfaces/srv/detail/unload_node__rosidl_typesupport_introspection_c.h
-- Up-to-date: /home/rassito/microros_ws/install/composition_interfaces/include/composition_interfaces/composition_interfaces/srv/detail/load_node__rosidl_typesupport_introspection_c.h
-- Up-to-date: /home/rassito/microros_ws/install/composition_interfaces/include/composition_interfaces/composition_interfaces/srv/detail/list_nodes__rosidl_typesupport_introspection_c.h
-- Installing: /home/rassito/microros_ws/install/composition_interfaces/include/composition_interfaces/composition_interfaces/srv/detail/load_node__type_support.c
-- Installing: /home/rassito/microros_ws/install/composition_interfaces/include/composition_interfaces/composition_interfaces/srv/detail/list_nodes__type_support.c
-- Installing: /home/rassito/microros_ws/install/composition_interfaces/include/composition_interfaces/composition_interfaces/srv/detail/unload_node__type_support.c
-- Up-to-date: /home/rassito/microros_ws/install/composition_interfaces/include/composition_interfaces/composition_interfaces/msg
-- Up-to-date: /home/rassito/microros_ws/install/composition_interfaces/include/composition_interfaces/composition_interfaces/msg/rosidl_typesupport_introspection_c__visibility_control.h
-- Up-to-date: /home/rassito/microros_ws/install/composition_interfaces/lib/libcomposition_interfaces__rosidl_typesupport_introspection_c.so
-- Installing: /home/rassito/microros_ws/install/composition_interfaces/lib/libcomposition_interfaces__rosidl_typesupport_c.so
-- Set non-toolchain portion of runtime path of "/home/rassito/microros_ws/install/composition_interfaces/lib/libcomposition_interfaces__rosidl_typesupport_c.so" to ""
-- Up-to-date: /home/rassito/microros_ws/install/composition_interfaces/include/composition_interfaces/composition_interfaces
-- Up-to-date: /home/rassito/microros_ws/install/composition_interfaces/include/composition_interfaces/composition_interfaces/srv
-- Up-to-date: /home/rassito/microros_ws/install/composition_interfaces/include/composition_interfaces/composition_interfaces/srv/list_nodes.hpp
-- Up-to-date: /home/rassito/microros_ws/install/composition_interfaces/include/composition_interfaces/composition_interfaces/srv/load_node.hpp
-- Up-to-date: /home/rassito/microros_ws/install/composition_interfaces/include/composition_interfaces/composition_interfaces/srv/unload_node.hpp
-- Up-to-date: /home/rassito/microros_ws/install/composition_interfaces/include/composition_interfaces/composition_interfaces/srv/detail
-- Up-to-date: /home/rassito/microros_ws/install/composition_interfaces/include/composition_interfaces/composition_interfaces/srv/detail/unload_node__traits.hpp
-- Up-to-date: /home/rassito/microros_ws/install/composition_interfaces/include/composition_interfaces/composition_interfaces/srv/detail/list_nodes__builder.hpp
-- Up-to-date: /home/rassito/microros_ws/install/composition_interfaces/include/composition_interfaces/composition_interfaces/srv/detail/unload_node__struct.hpp
-- Up-to-date: /home/rassito/microros_ws/install/composition_interfaces/include/composition_interfaces/composition_interfaces/srv/detail/list_nodes__struct.hpp
-- Up-to-date: /home/rassito/microros_ws/install/composition_interfaces/include/composition_interfaces/composition_interfaces/srv/detail/load_node__traits.hpp
-- Up-to-date: /home/rassito/microros_ws/install/composition_interfaces/include/composition_interfaces/composition_interfaces/srv/detail/load_node__type_support.hpp
-- Up-to-date: /home/rassito/microros_ws/install/composition_interfaces/include/composition_interfaces/composition_interfaces/srv/detail/unload_node__type_support.hpp
-- Up-to-date: /home/rassito/microros_ws/install/composition_interfaces/include/composition_interfaces/composition_interfaces/srv/detail/list_nodes__type_support.hpp
-- Up-to-date: /home/rassito/microros_ws/install/composition_interfaces/include/composition_interfaces/composition_interfaces/srv/detail/unload_node__builder.hpp
-- Up-to-date: /home/rassito/microros_ws/install/composition_interfaces/include/composition_interfaces/composition_interfaces/srv/detail/load_node__struct.hpp
-- Up-to-date: /home/rassito/microros_ws/install/composition_interfaces/include/composition_interfaces/composition_interfaces/srv/detail/list_nodes__traits.hpp
-- Up-to-date: /home/rassito/microros_ws/install/composition_interfaces/include/composition_interfaces/composition_interfaces/srv/detail/load_node__builder.hpp
-- Up-to-date: /home/rassito/microros_ws/install/composition_interfaces/include/composition_interfaces/composition_interfaces/msg
-- Up-to-date: /home/rassito/microros_ws/install/composition_interfaces/include/composition_interfaces/composition_interfaces/msg/rosidl_generator_cpp__visibility_control.hpp
-- Up-to-date: /home/rassito/microros_ws/install/composition_interfaces/include/composition_interfaces
-- Up-to-date: /home/rassito/microros_ws/install/composition_interfaces/include/composition_interfaces/srv
-- Up-to-date: /home/rassito/microros_ws/install/composition_interfaces/include/composition_interfaces/srv/detail
-- Up-to-date: /home/rassito/microros_ws/install/composition_interfaces/include/composition_interfaces/srv/detail/microxrcedds
-- Up-to-date: /home/rassito/microros_ws/install/composition_interfaces/include/composition_interfaces/srv/detail/microxrcedds/unload_node__type_support_cpp.cpp
-- Up-to-date: /home/rassito/microros_ws/install/composition_interfaces/include/composition_interfaces/srv/detail/microxrcedds/list_nodes__type_support_cpp.cpp
-- Up-to-date: /home/rassito/microros_ws/install/composition_interfaces/include/composition_interfaces/srv/detail/microxrcedds/load_node__type_support_cpp.cpp
-- Up-to-date: /home/rassito/microros_ws/install/composition_interfaces/include/composition_interfaces/srv/detail/list_nodes__rosidl_typesupport_microxrcedds_cpp.hpp
-- Up-to-date: /home/rassito/microros_ws/install/composition_interfaces/include/composition_interfaces/srv/detail/load_node__rosidl_typesupport_microxrcedds_cpp.hpp
-- Up-to-date: /home/rassito/microros_ws/install/composition_interfaces/include/composition_interfaces/srv/detail/unload_node__rosidl_typesupport_microxrcedds_cpp.hpp
-- Up-to-date: /home/rassito/microros_ws/install/composition_interfaces/include/composition_interfaces/msg
-- Up-to-date: /home/rassito/microros_ws/install/composition_interfaces/include/composition_interfaces/msg/rosidl_typesupport_microxrcedds_cpp__visibility_control.h
-- Installing: /home/rassito/microros_ws/install/composition_interfaces/lib/libcomposition_interfaces__rosidl_typesupport_microxrcedds_cpp.so
-- Set non-toolchain portion of runtime path of "/home/rassito/microros_ws/install/composition_interfaces/lib/libcomposition_interfaces__rosidl_typesupport_microxrcedds_cpp.so" to ""
-- Up-to-date: /home/rassito/microros_ws/install/composition_interfaces/include/composition_interfaces/composition_interfaces
-- Up-to-date: /home/rassito/microros_ws/install/composition_interfaces/include/composition_interfaces/composition_interfaces/srv
-- Up-to-date: /home/rassito/microros_ws/install/composition_interfaces/include/composition_interfaces/composition_interfaces/srv/detail
-- Up-to-date: /home/rassito/microros_ws/install/composition_interfaces/include/composition_interfaces/composition_interfaces/srv/detail/unload_node__rosidl_typesupport_fastrtps_cpp.hpp
-- Up-to-date: /home/rassito/microros_ws/install/composition_interfaces/include/composition_interfaces/composition_interfaces/srv/detail/load_node__rosidl_typesupport_fastrtps_cpp.hpp
-- Up-to-date: /home/rassito/microros_ws/install/composition_interfaces/include/composition_interfaces/composition_interfaces/srv/detail/list_nodes__rosidl_typesupport_fastrtps_cpp.hpp
-- Up-to-date: /home/rassito/microros_ws/install/composition_interfaces/include/composition_interfaces/composition_interfaces/srv/detail/dds_fastrtps
-- Up-to-date: /home/rassito/microros_ws/install/composition_interfaces/include/composition_interfaces/composition_interfaces/msg
-- Up-to-date: /home/rassito/microros_ws/install/composition_interfaces/include/composition_interfaces/composition_interfaces/msg/rosidl_typesupport_fastrtps_cpp__visibility_control.h
-- Up-to-date: /home/rassito/microros_ws/install/composition_interfaces/lib/libcomposition_interfaces__rosidl_typesupport_fastrtps_cpp.so
-- Up-to-date: /home/rassito/microros_ws/install/composition_interfaces/include/composition_interfaces/composition_interfaces
-- Up-to-date: /home/rassito/microros_ws/install/composition_interfaces/include/composition_interfaces/composition_interfaces/srv
-- Up-to-date: /home/rassito/microros_ws/install/composition_interfaces/include/composition_interfaces/composition_interfaces/srv/detail
-- Up-to-date: /home/rassito/microros_ws/install/composition_interfaces/include/composition_interfaces/composition_interfaces/srv/detail/load_node__type_support.cpp
-- Up-to-date: /home/rassito/microros_ws/install/composition_interfaces/include/composition_interfaces/composition_interfaces/srv/detail/unload_node__type_support.cpp
-- Up-to-date: /home/rassito/microros_ws/install/composition_interfaces/include/composition_interfaces/composition_interfaces/srv/detail/list_nodes__rosidl_typesupport_introspection_cpp.hpp
-- Up-to-date: /home/rassito/microros_ws/install/composition_interfaces/include/composition_interfaces/composition_interfaces/srv/detail/load_node__rosidl_typesupport_introspection_cpp.hpp
-- Up-to-date: /home/rassito/microros_ws/install/composition_interfaces/include/composition_interfaces/composition_interfaces/srv/detail/list_nodes__type_support.cpp
-- Up-to-date: /home/rassito/microros_ws/install/composition_interfaces/include/composition_interfaces/composition_interfaces/srv/detail/unload_node__rosidl_typesupport_introspection_cpp.hpp
-- Up-to-date: /home/rassito/microros_ws/install/composition_interfaces/lib/libcomposition_interfaces__rosidl_typesupport_introspection_cpp.so
-- Installing: /home/rassito/microros_ws/install/composition_interfaces/lib/libcomposition_interfaces__rosidl_typesupport_cpp.so
-- Set non-toolchain portion of runtime path of "/home/rassito/microros_ws/install/composition_interfaces/lib/libcomposition_interfaces__rosidl_typesupport_cpp.so" to ""
-- Up-to-date: /home/rassito/microros_ws/install/composition_interfaces/share/composition_interfaces/environment/pythonpath.sh
-- Up-to-date: /home/rassito/microros_ws/install/composition_interfaces/share/composition_interfaces/environment/pythonpath.dsv
-- Up-to-date: /home/rassito/microros_ws/install/composition_interfaces/lib/python3.12/site-packages/composition_interfaces-2.0.2-py3.12.egg-info
-- Installing: /home/rassito/microros_ws/install/composition_interfaces/lib/python3.12/site-packages/composition_interfaces-2.0.2-py3.12.egg-info/top_level.txt
-- Installing: /home/rassito/microros_ws/install/composition_interfaces/lib/python3.12/site-packages/composition_interfaces-2.0.2-py3.12.egg-info/PKG-INFO
-- Installing: /home/rassito/microros_ws/install/composition_interfaces/lib/python3.12/site-packages/composition_interfaces-2.0.2-py3.12.egg-info/dependency_links.txt
-- Installing: /home/rassito/microros_ws/install/composition_interfaces/lib/python3.12/site-packages/composition_interfaces-2.0.2-py3.12.egg-info/SOURCES.txt
-- Up-to-date: /home/rassito/microros_ws/install/composition_interfaces/lib/python3.12/site-packages/composition_interfaces
-- Installing: /home/rassito/microros_ws/install/composition_interfaces/lib/python3.12/site-packages/composition_interfaces/composition_interfaces_s__rosidl_typesupport_microxrcedds_c.so
-- Installing: /home/rassito/microros_ws/install/composition_interfaces/lib/python3.12/site-packages/composition_interfaces/composition_interfaces_s__rosidl_typesupport_fastrtps_c.so
-- Up-to-date: /home/rassito/microros_ws/install/composition_interfaces/lib/python3.12/site-packages/composition_interfaces/_composition_interfaces_s.ep.rosidl_typesupport_c.c
-- Installing: /home/rassito/microros_ws/install/composition_interfaces/lib/python3.12/site-packages/composition_interfaces/composition_interfaces_s__rosidl_typesupport_c.so
-- Up-to-date: /home/rassito/microros_ws/install/composition_interfaces/lib/python3.12/site-packages/composition_interfaces/srv
-- Up-to-date: /home/rassito/microros_ws/install/composition_interfaces/lib/python3.12/site-packages/composition_interfaces/srv/_unload_node_s.c
-- Up-to-date: /home/rassito/microros_ws/install/composition_interfaces/lib/python3.12/site-packages/composition_interfaces/srv/_load_node.py
-- Up-to-date: /home/rassito/microros_ws/install/composition_interfaces/lib/python3.12/site-packages/composition_interfaces/srv/_load_node_s.c
-- Up-to-date: /home/rassito/microros_ws/install/composition_interfaces/lib/python3.12/site-packages/composition_interfaces/srv/_list_nodes.py
-- Up-to-date: /home/rassito/microros_ws/install/composition_interfaces/lib/python3.12/site-packages/composition_interfaces/srv/_unload_node.py
-- Up-to-date: /home/rassito/microros_ws/install/composition_interfaces/lib/python3.12/site-packages/composition_interfaces/srv/_list_nodes_s.c
-- Up-to-date: /home/rassito/microros_ws/install/composition_interfaces/lib/python3.12/site-packages/composition_interfaces/srv/__init__.py
-- Installing: /home/rassito/microros_ws/install/composition_interfaces/lib/python3.12/site-packages/composition_interfaces/composition_interfaces_s__rosidl_typesupport_introspection_c.so
-- Up-to-date: /home/rassito/microros_ws/install/composition_interfaces/lib/python3.12/site-packages/composition_interfaces/_composition_interfaces_s.ep.rosidl_typesupport_introspection_c.c
-- Up-to-date: /home/rassito/microros_ws/install/composition_interfaces/lib/python3.12/site-packages/composition_interfaces/_composition_interfaces_s.ep.rosidl_typesupport_fastrtps_c.c
-- Installing: /home/rassito/microros_ws/install/composition_interfaces/lib/python3.12/site-packages/composition_interfaces/__init__.py
-- Up-to-date: /home/rassito/microros_ws/install/composition_interfaces/lib/python3.12/site-packages/composition_interfaces/_composition_interfaces_s.ep.rosidl_typesupport_microxrcedds_c.c
Listing '/home/rassito/microros_ws/install/composition_interfaces/lib/python3.12/site-packages/composition_interfaces'...
Compiling '/home/rassito/microros_ws/install/composition_interfaces/lib/python3.12/site-packages/composition_interfaces/__init__.py'...
Listing '/home/rassito/microros_ws/install/composition_interfaces/lib/python3.12/site-packages/composition_interfaces/srv'...
-- Installing: /home/rassito/microros_ws/install/composition_interfaces/lib/python3.12/site-packages/composition_interfaces/composition_interfaces_s__rosidl_typesupport_microxrcedds_c.so
-- Set non-toolchain portion of runtime path of "/home/rassito/microros_ws/install/composition_interfaces/lib/python3.12/site-packages/composition_interfaces/composition_interfaces_s__rosidl_typesupport_microxrcedds_c.so" to ""
-- Installing: /home/rassito/microros_ws/install/composition_interfaces/lib/python3.12/site-packages/composition_interfaces/composition_interfaces_s__rosidl_typesupport_fastrtps_c.so
-- Set non-toolchain portion of runtime path of "/home/rassito/microros_ws/install/composition_interfaces/lib/python3.12/site-packages/composition_interfaces/composition_interfaces_s__rosidl_typesupport_fastrtps_c.so" to ""
-- Installing: /home/rassito/microros_ws/install/composition_interfaces/lib/python3.12/site-packages/composition_interfaces/composition_interfaces_s__rosidl_typesupport_introspection_c.so
-- Set non-toolchain portion of runtime path of "/home/rassito/microros_ws/install/composition_interfaces/lib/python3.12/site-packages/composition_interfaces/composition_interfaces_s__rosidl_typesupport_introspection_c.so" to ""
-- Installing: /home/rassito/microros_ws/install/composition_interfaces/lib/python3.12/site-packages/composition_interfaces/composition_interfaces_s__rosidl_typesupport_c.so
-- Set non-toolchain portion of runtime path of "/home/rassito/microros_ws/install/composition_interfaces/lib/python3.12/site-packages/composition_interfaces/composition_interfaces_s__rosidl_typesupport_c.so" to ""
-- Installing: /home/rassito/microros_ws/install/composition_interfaces/lib/libcomposition_interfaces__rosidl_generator_py.so
-- Set non-toolchain portion of runtime path of "/home/rassito/microros_ws/install/composition_interfaces/lib/libcomposition_interfaces__rosidl_generator_py.so" to ""
-- Up-to-date: /home/rassito/microros_ws/install/composition_interfaces/share/composition_interfaces/srv/LoadNode.idl
-- Up-to-date: /home/rassito/microros_ws/install/composition_interfaces/share/composition_interfaces/srv/ListNodes.idl
-- Up-to-date: /home/rassito/microros_ws/install/composition_interfaces/share/composition_interfaces/srv/UnloadNode.idl
-- Up-to-date: /home/rassito/microros_ws/install/composition_interfaces/share/composition_interfaces/srv/LoadNode.srv
-- Up-to-date: /home/rassito/microros_ws/install/composition_interfaces/share/composition_interfaces/srv/ListNodes.srv
-- Up-to-date: /home/rassito/microros_ws/install/composition_interfaces/share/composition_interfaces/srv/UnloadNode.srv
-- Up-to-date: /home/rassito/microros_ws/install/composition_interfaces/share/ament_index/resource_index/package_run_dependencies/composition_interfaces
-- Installing: /home/rassito/microros_ws/install/composition_interfaces/share/ament_index/resource_index/parent_prefix_path/composition_interfaces
-- Up-to-date: /home/rassito/microros_ws/install/composition_interfaces/share/composition_interfaces/environment/ament_prefix_path.sh
-- Up-to-date: /home/rassito/microros_ws/install/composition_interfaces/share/composition_interfaces/environment/ament_prefix_path.dsv
-- Up-to-date: /home/rassito/microros_ws/install/composition_interfaces/share/composition_interfaces/environment/path.sh
-- Up-to-date: /home/rassito/microros_ws/install/composition_interfaces/share/composition_interfaces/environment/path.dsv
-- Up-to-date: /home/rassito/microros_ws/install/composition_interfaces/share/composition_interfaces/local_setup.bash
-- Up-to-date: /home/rassito/microros_ws/install/composition_interfaces/share/composition_interfaces/local_setup.sh
-- Up-to-date: /home/rassito/microros_ws/install/composition_interfaces/share/composition_interfaces/local_setup.zsh
-- Up-to-date: /home/rassito/microros_ws/install/composition_interfaces/share/composition_interfaces/local_setup.dsv
-- Installing: /home/rassito/microros_ws/install/composition_interfaces/share/composition_interfaces/package.dsv
-- Up-to-date: /home/rassito/microros_ws/install/composition_interfaces/share/ament_index/resource_index/packages/composition_interfaces
-- Up-to-date: /home/rassito/microros_ws/install/composition_interfaces/share/composition_interfaces/cmake/export_composition_interfaces__rosidl_generator_cExport.cmake
-- Up-to-date: /home/rassito/microros_ws/install/composition_interfaces/share/composition_interfaces/cmake/export_composition_interfaces__rosidl_generator_cExport-noconfig.cmake
-- Up-to-date: /home/rassito/microros_ws/install/composition_interfaces/share/composition_interfaces/cmake/export_composition_interfaces__rosidl_typesupport_fastrtps_cExport.cmake
-- Up-to-date: /home/rassito/microros_ws/install/composition_interfaces/share/composition_interfaces/cmake/export_composition_interfaces__rosidl_typesupport_fastrtps_cExport-noconfig.cmake
-- Up-to-date: /home/rassito/microros_ws/install/composition_interfaces/share/composition_interfaces/cmake/composition_interfaces__rosidl_typesupport_introspection_cExport.cmake
-- Up-to-date: /home/rassito/microros_ws/install/composition_interfaces/share/composition_interfaces/cmake/composition_interfaces__rosidl_typesupport_introspection_cExport-noconfig.cmake
-- Up-to-date: /home/rassito/microros_ws/install/composition_interfaces/share/composition_interfaces/cmake/composition_interfaces__rosidl_typesupport_cExport.cmake
-- Up-to-date: /home/rassito/microros_ws/install/composition_interfaces/share/composition_interfaces/cmake/composition_interfaces__rosidl_typesupport_cExport-noconfig.cmake
-- Up-to-date: /home/rassito/microros_ws/install/composition_interfaces/share/composition_interfaces/cmake/export_composition_interfaces__rosidl_generator_cppExport.cmake
-- Up-to-date: /home/rassito/microros_ws/install/composition_interfaces/share/composition_interfaces/cmake/export_composition_interfaces__rosidl_typesupport_fastrtps_cppExport.cmake
-- Up-to-date: /home/rassito/microros_ws/install/composition_interfaces/share/composition_interfaces/cmake/export_composition_interfaces__rosidl_typesupport_fastrtps_cppExport-noconfig.cmake
-- Up-to-date: /home/rassito/microros_ws/install/composition_interfaces/share/composition_interfaces/cmake/composition_interfaces__rosidl_typesupport_introspection_cppExport.cmake
-- Up-to-date: /home/rassito/microros_ws/install/composition_interfaces/share/composition_interfaces/cmake/composition_interfaces__rosidl_typesupport_introspection_cppExport-noconfig.cmake
-- Up-to-date: /home/rassito/microros_ws/install/composition_interfaces/share/composition_interfaces/cmake/composition_interfaces__rosidl_typesupport_cppExport.cmake
-- Up-to-date: /home/rassito/microros_ws/install/composition_interfaces/share/composition_interfaces/cmake/composition_interfaces__rosidl_typesupport_cppExport-noconfig.cmake
-- Up-to-date: /home/rassito/microros_ws/install/composition_interfaces/share/composition_interfaces/cmake/export_composition_interfaces__rosidl_generator_pyExport.cmake
-- Up-to-date: /home/rassito/microros_ws/install/composition_interfaces/share/composition_interfaces/cmake/export_composition_interfaces__rosidl_generator_pyExport-noconfig.cmake
-- Up-to-date: /home/rassito/microros_ws/install/composition_interfaces/share/composition_interfaces/cmake/rosidl_cmake-extras.cmake
-- Up-to-date: /home/rassito/microros_ws/install/composition_interfaces/share/composition_interfaces/cmake/ament_cmake_export_dependencies-extras.cmake
-- Installing: /home/rassito/microros_ws/install/composition_interfaces/share/composition_interfaces/cmake/ament_cmake_export_include_directories-extras.cmake
-- Up-to-date: /home/rassito/microros_ws/install/composition_interfaces/share/composition_interfaces/cmake/ament_cmake_export_libraries-extras.cmake
-- Up-to-date: /home/rassito/microros_ws/install/composition_interfaces/share/composition_interfaces/cmake/ament_cmake_export_targets-extras.cmake
-- Up-to-date: /home/rassito/microros_ws/install/composition_interfaces/share/composition_interfaces/cmake/rosidl_cmake_export_typesupport_targets-extras.cmake
-- Installing: /home/rassito/microros_ws/install/composition_interfaces/share/composition_interfaces/cmake/rosidl_cmake_export_typesupport_libraries-extras.cmake
-- Up-to-date: /home/rassito/microros_ws/install/composition_interfaces/share/composition_interfaces/cmake/composition_interfacesConfig.cmake
-- Up-to-date: /home/rassito/microros_ws/install/composition_interfaces/share/composition_interfaces/cmake/composition_interfacesConfig-version.cmake
-- Up-to-date: /home/rassito/microros_ws/install/composition_interfaces/share/composition_interfaces/package.xml
