[0.018s] Invoking command in '/home/rassito/microros_ws/build/actionlib_msgs': AMENT_PREFIX_PATH=/home/rassito/microros_ws/install/std_msgs:/home/rassito/microros_ws/install/builtin_interfaces:${AMENT_PREFIX_PATH} CMAKE_PREFIX_PATH=/home/rassito/microros_ws/install/std_msgs:/home/rassito/microros_ws/install/builtin_interfaces:/opt/ros/jazzy/opt/sdformat_vendor:/opt/ros/jazzy/opt/gz_math_vendor:/opt/ros/jazzy/opt/gz_utils_vendor:/opt/ros/jazzy/opt/gz_tools_vendor:/opt/ros/jazzy/opt/gz_cmake_vendor:/home/rassito/ros_ws/install/super_pkg:/opt/ros/jazzy DEBUGINFOD_URLS=https://debuginfod.ubuntu.com LD_LIBRARY_PATH=/home/rassito/microros_ws/install/std_msgs/lib:/home/rassito/microros_ws/install/builtin_interfaces/lib:${LD_LIBRARY_PATH} PYTHONPATH=/home/rassito/microros_ws/install/std_msgs/lib/python3.12/site-packages:/home/rassito/microros_ws/install/builtin_interfaces/lib/python3.12/site-packages:${PYTHONPATH} /usr/bin/cmake /home/rassito/microros_ws/src/ros2/common_interfaces/actionlib_msgs -DCMAKE_INSTALL_PREFIX=/home/rassito/microros_ws/install/actionlib_msgs
[0.029s] -- Found ament_cmake: 2.5.3 (/opt/ros/jazzy/share/ament_cmake/cmake)
[0.060s] -- Found Python3: /usr/bin/python3 (found version "3.12.3") found components: Interpreter 
[0.179s] -- Found builtin_interfaces: 2.0.2 (/home/rassito/microros_ws/install/builtin_interfaces/share/builtin_interfaces/cmake)
[0.211s] -- Found rosidl_generator_c: 4.6.5 (/opt/ros/jazzy/share/rosidl_generator_c/cmake)
[0.224s] -- Found rosidl_generator_cpp: 4.6.5 (/opt/ros/jazzy/share/rosidl_generator_cpp/cmake)
[0.242s] -- Using all available rosidl_typesupport_c: rosidl_typesupport_fastrtps_c;rosidl_typesupport_introspection_c
[0.261s] -- Using all available rosidl_typesupport_cpp: rosidl_typesupport_fastrtps_cpp;rosidl_typesupport_introspection_cpp
[0.278s] -- Found rosidl_default_generators: 1.6.0 (/opt/ros/jazzy/share/rosidl_default_generators/cmake)
[0.288s] -- Found rosidl_adapter: 4.6.5 (/opt/ros/jazzy/share/rosidl_adapter/cmake)
[0.290s] -- Found std_msgs: 5.3.5 (/home/rassito/microros_ws/install/std_msgs/share/std_msgs/cmake)
[0.569s] -- Found ament_cmake_ros: 0.12.0 (/opt/ros/jazzy/share/ament_cmake_ros/cmake)
[0.770s] -- Using all available rosidl_typesupport_c: rosidl_typesupport_fastrtps_c;rosidl_typesupport_introspection_c
[0.835s] -- Using all available rosidl_typesupport_cpp: rosidl_typesupport_fastrtps_cpp;rosidl_typesupport_introspection_cpp
[0.836s] -- Found python_cmake_module: 0.11.1 (/opt/ros/jazzy/share/python_cmake_module/cmake)
[1.039s] -- Found Python3: /usr/bin/python3 (found version "3.12.3") found components: Interpreter Development NumPy Development.Module Development.Embed 
[1.082s] -- Configuring done (1.1s)
[1.148s] -- Generating done (0.1s)
[1.157s] -- Build files have been written to: /home/rassito/microros_ws/build/actionlib_msgs
[1.163s] Invoked command in '/home/rassito/microros_ws/build/actionlib_msgs' returned '0': AMENT_PREFIX_PATH=/home/rassito/microros_ws/install/std_msgs:/home/rassito/microros_ws/install/builtin_interfaces:${AMENT_PREFIX_PATH} CMAKE_PREFIX_PATH=/home/rassito/microros_ws/install/std_msgs:/home/rassito/microros_ws/install/builtin_interfaces:/opt/ros/jazzy/opt/sdformat_vendor:/opt/ros/jazzy/opt/gz_math_vendor:/opt/ros/jazzy/opt/gz_utils_vendor:/opt/ros/jazzy/opt/gz_tools_vendor:/opt/ros/jazzy/opt/gz_cmake_vendor:/home/rassito/ros_ws/install/super_pkg:/opt/ros/jazzy DEBUGINFOD_URLS=https://debuginfod.ubuntu.com LD_LIBRARY_PATH=/home/rassito/microros_ws/install/std_msgs/lib:/home/rassito/microros_ws/install/builtin_interfaces/lib:${LD_LIBRARY_PATH} PYTHONPATH=/home/rassito/microros_ws/install/std_msgs/lib/python3.12/site-packages:/home/rassito/microros_ws/install/builtin_interfaces/lib/python3.12/site-packages:${PYTHONPATH} /usr/bin/cmake /home/rassito/microros_ws/src/ros2/common_interfaces/actionlib_msgs -DCMAKE_INSTALL_PREFIX=/home/rassito/microros_ws/install/actionlib_msgs
[1.164s] Invoking command in '/home/rassito/microros_ws/build/actionlib_msgs': AMENT_PREFIX_PATH=/home/rassito/microros_ws/install/std_msgs:/home/rassito/microros_ws/install/builtin_interfaces:${AMENT_PREFIX_PATH} CMAKE_PREFIX_PATH=/home/rassito/microros_ws/install/std_msgs:/home/rassito/microros_ws/install/builtin_interfaces:/opt/ros/jazzy/opt/sdformat_vendor:/opt/ros/jazzy/opt/gz_math_vendor:/opt/ros/jazzy/opt/gz_utils_vendor:/opt/ros/jazzy/opt/gz_tools_vendor:/opt/ros/jazzy/opt/gz_cmake_vendor:/home/rassito/ros_ws/install/super_pkg:/opt/ros/jazzy DEBUGINFOD_URLS=https://debuginfod.ubuntu.com LD_LIBRARY_PATH=/home/rassito/microros_ws/install/std_msgs/lib:/home/rassito/microros_ws/install/builtin_interfaces/lib:${LD_LIBRARY_PATH} PYTHONPATH=/home/rassito/microros_ws/install/std_msgs/lib/python3.12/site-packages:/home/rassito/microros_ws/install/builtin_interfaces/lib/python3.12/site-packages:${PYTHONPATH} /usr/bin/cmake --build /home/rassito/microros_ws/build/actionlib_msgs -- -j16 -l16
[1.202s] [  1%] Built target actionlib_msgs__rosidl_generator_type_description
[1.214s] [  1%] Built target ament_cmake_python_copy_actionlib_msgs
[1.219s] [  3%] Built target actionlib_msgs__cpp
[1.224s] [ 24%] Built target actionlib_msgs__rosidl_generator_c
[1.233s] [ 27%] [34m[1mGenerating C++ type support dispatch for ROS interfaces[0m
[1.234s] [ 27%] [34m[1mGenerating C type support dispatch for ROS interfaces[0m
[1.250s] [ 37%] Built target actionlib_msgs__rosidl_typesupport_introspection_c
[1.251s] [ 46%] Built target actionlib_msgs__rosidl_typesupport_fastrtps_c
[1.251s] [ 55%] Built target actionlib_msgs__rosidl_typesupport_fastrtps_cpp
[1.251s] [ 64%] Built target actionlib_msgs__rosidl_typesupport_introspection_cpp
[1.424s] running egg_info
[1.441s] writing actionlib_msgs.egg-info/PKG-INFO
[1.441s] writing dependency_links to actionlib_msgs.egg-info/dependency_links.txt
[1.441s] writing top-level names to actionlib_msgs.egg-info/top_level.txt
[1.495s] reading manifest file 'actionlib_msgs.egg-info/SOURCES.txt'
[1.496s] writing manifest file 'actionlib_msgs.egg-info/SOURCES.txt'
[1.527s] [ 64%] Built target ament_cmake_python_build_actionlib_msgs_egg
[1.644s] [ 66%] [32mBuilding CXX object CMakeFiles/actionlib_msgs__rosidl_typesupport_c.dir/rosidl_typesupport_c/actionlib_msgs/msg/goal_id__type_support.cpp.o[0m
[1.646s] [ 68%] [32mBuilding CXX object CMakeFiles/actionlib_msgs__rosidl_typesupport_c.dir/rosidl_typesupport_c/actionlib_msgs/msg/goal_status__type_support.cpp.o[0m
[1.646s] [ 70%] [32mBuilding CXX object CMakeFiles/actionlib_msgs__rosidl_typesupport_c.dir/rosidl_typesupport_c/actionlib_msgs/msg/goal_status_array__type_support.cpp.o[0m
[1.694s] [ 72%] [32m[1mLinking CXX shared library libactionlib_msgs__rosidl_typesupport_c.so[0m
[1.726s] [ 72%] Built target actionlib_msgs__rosidl_typesupport_c
[1.736s] [ 75%] [32mBuilding CXX object CMakeFiles/actionlib_msgs__rosidl_typesupport_cpp.dir/rosidl_typesupport_cpp/actionlib_msgs/msg/goal_id__type_support.cpp.o[0m
[1.736s] [ 75%] [32mBuilding CXX object CMakeFiles/actionlib_msgs__rosidl_typesupport_cpp.dir/rosidl_typesupport_cpp/actionlib_msgs/msg/goal_status__type_support.cpp.o[0m
[1.739s] [ 77%] [32mBuilding CXX object CMakeFiles/actionlib_msgs__rosidl_typesupport_cpp.dir/rosidl_typesupport_cpp/actionlib_msgs/msg/goal_status_array__type_support.cpp.o[0m
[2.108s] [ 79%] [32m[1mLinking CXX shared library libactionlib_msgs__rosidl_typesupport_cpp.so[0m
[2.137s] [ 79%] Built target actionlib_msgs__rosidl_typesupport_cpp
[2.151s] [ 79%] Built target actionlib_msgs
[2.164s] [ 81%] Built target actionlib_msgs__py
[2.183s] [ 83%] [32m[1mLinking C shared library libactionlib_msgs__rosidl_generator_py.so[0m
[2.216s] [ 88%] Built target actionlib_msgs__rosidl_generator_py
[2.231s] [ 90%] [32m[1mLinking C shared module rosidl_generator_py/actionlib_msgs/actionlib_msgs_s__rosidl_typesupport_introspection_c.so[0m
[2.232s] [ 92%] [32m[1mLinking C shared module rosidl_generator_py/actionlib_msgs/actionlib_msgs_s__rosidl_typesupport_fastrtps_c.so[0m
[2.234s] [ 94%] [32m[1mLinking C shared module rosidl_generator_py/actionlib_msgs/actionlib_msgs_s__rosidl_typesupport_c.so[0m
[2.254s] [ 96%] Built target actionlib_msgs_s__rosidl_typesupport_introspection_c
[2.254s] [ 98%] Built target actionlib_msgs_s__rosidl_typesupport_fastrtps_c
[2.254s] [100%] Built target actionlib_msgs_s__rosidl_typesupport_c
[2.264s] Invoked command in '/home/rassito/microros_ws/build/actionlib_msgs' returned '0': AMENT_PREFIX_PATH=/home/rassito/microros_ws/install/std_msgs:/home/rassito/microros_ws/install/builtin_interfaces:${AMENT_PREFIX_PATH} CMAKE_PREFIX_PATH=/home/rassito/microros_ws/install/std_msgs:/home/rassito/microros_ws/install/builtin_interfaces:/opt/ros/jazzy/opt/sdformat_vendor:/opt/ros/jazzy/opt/gz_math_vendor:/opt/ros/jazzy/opt/gz_utils_vendor:/opt/ros/jazzy/opt/gz_tools_vendor:/opt/ros/jazzy/opt/gz_cmake_vendor:/home/rassito/ros_ws/install/super_pkg:/opt/ros/jazzy DEBUGINFOD_URLS=https://debuginfod.ubuntu.com LD_LIBRARY_PATH=/home/rassito/microros_ws/install/std_msgs/lib:/home/rassito/microros_ws/install/builtin_interfaces/lib:${LD_LIBRARY_PATH} PYTHONPATH=/home/rassito/microros_ws/install/std_msgs/lib/python3.12/site-packages:/home/rassito/microros_ws/install/builtin_interfaces/lib/python3.12/site-packages:${PYTHONPATH} /usr/bin/cmake --build /home/rassito/microros_ws/build/actionlib_msgs -- -j16 -l16
[2.265s] Invoking command in '/home/rassito/microros_ws/build/actionlib_msgs': AMENT_PREFIX_PATH=/home/rassito/microros_ws/install/std_msgs:/home/rassito/microros_ws/install/builtin_interfaces:${AMENT_PREFIX_PATH} CMAKE_PREFIX_PATH=/home/rassito/microros_ws/install/std_msgs:/home/rassito/microros_ws/install/builtin_interfaces:/opt/ros/jazzy/opt/sdformat_vendor:/opt/ros/jazzy/opt/gz_math_vendor:/opt/ros/jazzy/opt/gz_utils_vendor:/opt/ros/jazzy/opt/gz_tools_vendor:/opt/ros/jazzy/opt/gz_cmake_vendor:/home/rassito/ros_ws/install/super_pkg:/opt/ros/jazzy DEBUGINFOD_URLS=https://debuginfod.ubuntu.com LD_LIBRARY_PATH=/home/rassito/microros_ws/install/std_msgs/lib:/home/rassito/microros_ws/install/builtin_interfaces/lib:${LD_LIBRARY_PATH} PYTHONPATH=/home/rassito/microros_ws/install/std_msgs/lib/python3.12/site-packages:/home/rassito/microros_ws/install/builtin_interfaces/lib/python3.12/site-packages:${PYTHONPATH} /usr/bin/cmake --install /home/rassito/microros_ws/build/actionlib_msgs
[2.270s] -- Install configuration: ""
[2.270s] -- Up-to-date: /home/rassito/microros_ws/install/actionlib_msgs/share/ament_index/resource_index/rosidl_interfaces/actionlib_msgs
[2.271s] -- Up-to-date: /home/rassito/microros_ws/install/actionlib_msgs/share/actionlib_msgs/msg/GoalID.json
[2.271s] -- Up-to-date: /home/rassito/microros_ws/install/actionlib_msgs/share/actionlib_msgs/msg/GoalStatus.json
[2.271s] -- Up-to-date: /home/rassito/microros_ws/install/actionlib_msgs/share/actionlib_msgs/msg/GoalStatusArray.json
[2.271s] -- Up-to-date: /home/rassito/microros_ws/install/actionlib_msgs/include/actionlib_msgs/actionlib_msgs
[2.271s] -- Up-to-date: /home/rassito/microros_ws/install/actionlib_msgs/include/actionlib_msgs/actionlib_msgs/msg
[2.271s] -- Up-to-date: /home/rassito/microros_ws/install/actionlib_msgs/include/actionlib_msgs/actionlib_msgs/msg/goal_id.h
[2.271s] -- Up-to-date: /home/rassito/microros_ws/install/actionlib_msgs/include/actionlib_msgs/actionlib_msgs/msg/detail
[2.271s] -- Up-to-date: /home/rassito/microros_ws/install/actionlib_msgs/include/actionlib_msgs/actionlib_msgs/msg/detail/goal_status_array__description.c
[2.272s] -- Up-to-date: /home/rassito/microros_ws/install/actionlib_msgs/include/actionlib_msgs/actionlib_msgs/msg/detail/goal_status__functions.h
[2.272s] -- Installing: /home/rassito/microros_ws/install/actionlib_msgs/include/actionlib_msgs/actionlib_msgs/msg/detail/goal_id__type_support.c
[2.272s] -- Up-to-date: /home/rassito/microros_ws/install/actionlib_msgs/include/actionlib_msgs/actionlib_msgs/msg/detail/goal_id__struct.h
[2.272s] -- Up-to-date: /home/rassito/microros_ws/install/actionlib_msgs/include/actionlib_msgs/actionlib_msgs/msg/detail/goal_id__functions.c
[2.272s] -- Up-to-date: /home/rassito/microros_ws/install/actionlib_msgs/include/actionlib_msgs/actionlib_msgs/msg/detail/goal_status_array__type_support.h
[2.272s] -- Up-to-date: /home/rassito/microros_ws/install/actionlib_msgs/include/actionlib_msgs/actionlib_msgs/msg/detail/goal_id__functions.h
[2.272s] -- Up-to-date: /home/rassito/microros_ws/install/actionlib_msgs/include/actionlib_msgs/actionlib_msgs/msg/detail/goal_status__type_support.h
[2.272s] -- Up-to-date: /home/rassito/microros_ws/install/actionlib_msgs/include/actionlib_msgs/actionlib_msgs/msg/detail/goal_id__type_support.h
[2.272s] -- Up-to-date: /home/rassito/microros_ws/install/actionlib_msgs/include/actionlib_msgs/actionlib_msgs/msg/detail/goal_status_array__functions.c
[2.272s] -- Up-to-date: /home/rassito/microros_ws/install/actionlib_msgs/include/actionlib_msgs/actionlib_msgs/msg/detail/goal_status_array__functions.h
[2.272s] -- Up-to-date: /home/rassito/microros_ws/install/actionlib_msgs/include/actionlib_msgs/actionlib_msgs/msg/detail/goal_id__description.c
[2.273s] -- Up-to-date: /home/rassito/microros_ws/install/actionlib_msgs/include/actionlib_msgs/actionlib_msgs/msg/detail/goal_status__description.c
[2.273s] -- Installing: /home/rassito/microros_ws/install/actionlib_msgs/include/actionlib_msgs/actionlib_msgs/msg/detail/goal_status__type_support.c
[2.273s] -- Up-to-date: /home/rassito/microros_ws/install/actionlib_msgs/include/actionlib_msgs/actionlib_msgs/msg/detail/goal_status__functions.c
[2.273s] -- Installing: /home/rassito/microros_ws/install/actionlib_msgs/include/actionlib_msgs/actionlib_msgs/msg/detail/goal_status_array__type_support.c
[2.273s] -- Up-to-date: /home/rassito/microros_ws/install/actionlib_msgs/include/actionlib_msgs/actionlib_msgs/msg/detail/goal_status__struct.h
[2.273s] -- Up-to-date: /home/rassito/microros_ws/install/actionlib_msgs/include/actionlib_msgs/actionlib_msgs/msg/detail/goal_status_array__struct.h
[2.273s] -- Up-to-date: /home/rassito/microros_ws/install/actionlib_msgs/include/actionlib_msgs/actionlib_msgs/msg/goal_status_array.h
[2.273s] -- Up-to-date: /home/rassito/microros_ws/install/actionlib_msgs/include/actionlib_msgs/actionlib_msgs/msg/goal_status.h
[2.273s] -- Up-to-date: /home/rassito/microros_ws/install/actionlib_msgs/include/actionlib_msgs/actionlib_msgs/msg/rosidl_generator_c__visibility_control.h
[2.273s] -- Up-to-date: /home/rassito/microros_ws/install/actionlib_msgs/share/actionlib_msgs/environment/library_path.sh
[2.273s] -- Up-to-date: /home/rassito/microros_ws/install/actionlib_msgs/share/actionlib_msgs/environment/library_path.dsv
[2.274s] -- Up-to-date: /home/rassito/microros_ws/install/actionlib_msgs/lib/libactionlib_msgs__rosidl_generator_c.so
[2.274s] -- Up-to-date: /home/rassito/microros_ws/install/actionlib_msgs/include/actionlib_msgs/actionlib_msgs
[2.274s] -- Up-to-date: /home/rassito/microros_ws/install/actionlib_msgs/include/actionlib_msgs/actionlib_msgs/msg
[2.274s] -- Up-to-date: /home/rassito/microros_ws/install/actionlib_msgs/include/actionlib_msgs/actionlib_msgs/msg/rosidl_typesupport_fastrtps_c__visibility_control.h
[2.274s] -- Up-to-date: /home/rassito/microros_ws/install/actionlib_msgs/include/actionlib_msgs/actionlib_msgs/msg/detail
[2.274s] -- Up-to-date: /home/rassito/microros_ws/install/actionlib_msgs/include/actionlib_msgs/actionlib_msgs/msg/detail/goal_id__rosidl_typesupport_fastrtps_c.h
[2.274s] -- Up-to-date: /home/rassito/microros_ws/install/actionlib_msgs/include/actionlib_msgs/actionlib_msgs/msg/detail/goal_status_array__rosidl_typesupport_fastrtps_c.h
[2.274s] -- Up-to-date: /home/rassito/microros_ws/install/actionlib_msgs/include/actionlib_msgs/actionlib_msgs/msg/detail/goal_status__rosidl_typesupport_fastrtps_c.h
[2.274s] -- Up-to-date: /home/rassito/microros_ws/install/actionlib_msgs/lib/libactionlib_msgs__rosidl_typesupport_fastrtps_c.so
[2.274s] -- Up-to-date: /home/rassito/microros_ws/install/actionlib_msgs/include/actionlib_msgs/actionlib_msgs
[2.275s] -- Up-to-date: /home/rassito/microros_ws/install/actionlib_msgs/include/actionlib_msgs/actionlib_msgs/msg
[2.275s] -- Up-to-date: /home/rassito/microros_ws/install/actionlib_msgs/include/actionlib_msgs/actionlib_msgs/msg/rosidl_generator_cpp__visibility_control.hpp
[2.275s] -- Up-to-date: /home/rassito/microros_ws/install/actionlib_msgs/include/actionlib_msgs/actionlib_msgs/msg/goal_id.hpp
[2.275s] -- Up-to-date: /home/rassito/microros_ws/install/actionlib_msgs/include/actionlib_msgs/actionlib_msgs/msg/goal_status_array.hpp
[2.275s] -- Up-to-date: /home/rassito/microros_ws/install/actionlib_msgs/include/actionlib_msgs/actionlib_msgs/msg/goal_status.hpp
[2.275s] -- Up-to-date: /home/rassito/microros_ws/install/actionlib_msgs/include/actionlib_msgs/actionlib_msgs/msg/detail
[2.275s] -- Up-to-date: /home/rassito/microros_ws/install/actionlib_msgs/include/actionlib_msgs/actionlib_msgs/msg/detail/goal_status_array__traits.hpp
[2.275s] -- Up-to-date: /home/rassito/microros_ws/install/actionlib_msgs/include/actionlib_msgs/actionlib_msgs/msg/detail/goal_id__builder.hpp
[2.275s] -- Up-to-date: /home/rassito/microros_ws/install/actionlib_msgs/include/actionlib_msgs/actionlib_msgs/msg/detail/goal_id__traits.hpp
[2.275s] -- Up-to-date: /home/rassito/microros_ws/install/actionlib_msgs/include/actionlib_msgs/actionlib_msgs/msg/detail/goal_status_array__struct.hpp
[2.275s] -- Up-to-date: /home/rassito/microros_ws/install/actionlib_msgs/include/actionlib_msgs/actionlib_msgs/msg/detail/goal_id__struct.hpp
[2.275s] -- Up-to-date: /home/rassito/microros_ws/install/actionlib_msgs/include/actionlib_msgs/actionlib_msgs/msg/detail/goal_status__builder.hpp
[2.276s] -- Up-to-date: /home/rassito/microros_ws/install/actionlib_msgs/include/actionlib_msgs/actionlib_msgs/msg/detail/goal_status__traits.hpp
[2.276s] -- Up-to-date: /home/rassito/microros_ws/install/actionlib_msgs/include/actionlib_msgs/actionlib_msgs/msg/detail/goal_status__type_support.hpp
[2.276s] -- Up-to-date: /home/rassito/microros_ws/install/actionlib_msgs/include/actionlib_msgs/actionlib_msgs/msg/detail/goal_status_array__builder.hpp
[2.276s] -- Up-to-date: /home/rassito/microros_ws/install/actionlib_msgs/include/actionlib_msgs/actionlib_msgs/msg/detail/goal_status_array__type_support.hpp
[2.276s] -- Up-to-date: /home/rassito/microros_ws/install/actionlib_msgs/include/actionlib_msgs/actionlib_msgs/msg/detail/goal_id__type_support.hpp
[2.276s] -- Up-to-date: /home/rassito/microros_ws/install/actionlib_msgs/include/actionlib_msgs/actionlib_msgs/msg/detail/goal_status__struct.hpp
[2.276s] -- Up-to-date: /home/rassito/microros_ws/install/actionlib_msgs/include/actionlib_msgs/actionlib_msgs
[2.276s] -- Up-to-date: /home/rassito/microros_ws/install/actionlib_msgs/include/actionlib_msgs/actionlib_msgs/msg
[2.276s] -- Up-to-date: /home/rassito/microros_ws/install/actionlib_msgs/include/actionlib_msgs/actionlib_msgs/msg/rosidl_typesupport_fastrtps_cpp__visibility_control.h
[2.276s] -- Up-to-date: /home/rassito/microros_ws/install/actionlib_msgs/include/actionlib_msgs/actionlib_msgs/msg/detail
[2.276s] -- Up-to-date: /home/rassito/microros_ws/install/actionlib_msgs/include/actionlib_msgs/actionlib_msgs/msg/detail/goal_id__rosidl_typesupport_fastrtps_cpp.hpp
[2.276s] -- Up-to-date: /home/rassito/microros_ws/install/actionlib_msgs/include/actionlib_msgs/actionlib_msgs/msg/detail/goal_status_array__rosidl_typesupport_fastrtps_cpp.hpp
[2.276s] -- Up-to-date: /home/rassito/microros_ws/install/actionlib_msgs/include/actionlib_msgs/actionlib_msgs/msg/detail/goal_status__rosidl_typesupport_fastrtps_cpp.hpp
[2.277s] -- Up-to-date: /home/rassito/microros_ws/install/actionlib_msgs/include/actionlib_msgs/actionlib_msgs/msg/detail/dds_fastrtps
[2.277s] -- Up-to-date: /home/rassito/microros_ws/install/actionlib_msgs/lib/libactionlib_msgs__rosidl_typesupport_fastrtps_cpp.so
[2.277s] -- Up-to-date: /home/rassito/microros_ws/install/actionlib_msgs/include/actionlib_msgs/actionlib_msgs
[2.277s] -- Up-to-date: /home/rassito/microros_ws/install/actionlib_msgs/include/actionlib_msgs/actionlib_msgs/msg
[2.277s] -- Up-to-date: /home/rassito/microros_ws/install/actionlib_msgs/include/actionlib_msgs/actionlib_msgs/msg/rosidl_typesupport_introspection_c__visibility_control.h
[2.277s] -- Up-to-date: /home/rassito/microros_ws/install/actionlib_msgs/include/actionlib_msgs/actionlib_msgs/msg/detail
[2.277s] -- Up-to-date: /home/rassito/microros_ws/install/actionlib_msgs/include/actionlib_msgs/actionlib_msgs/msg/detail/goal_status__rosidl_typesupport_introspection_c.h
[2.277s] -- Installing: /home/rassito/microros_ws/install/actionlib_msgs/include/actionlib_msgs/actionlib_msgs/msg/detail/goal_id__type_support.c
[2.277s] -- Up-to-date: /home/rassito/microros_ws/install/actionlib_msgs/include/actionlib_msgs/actionlib_msgs/msg/detail/goal_id__rosidl_typesupport_introspection_c.h
[2.277s] -- Installing: /home/rassito/microros_ws/install/actionlib_msgs/include/actionlib_msgs/actionlib_msgs/msg/detail/goal_status__type_support.c
[2.277s] -- Up-to-date: /home/rassito/microros_ws/install/actionlib_msgs/include/actionlib_msgs/actionlib_msgs/msg/detail/goal_status_array__rosidl_typesupport_introspection_c.h
[2.277s] -- Installing: /home/rassito/microros_ws/install/actionlib_msgs/include/actionlib_msgs/actionlib_msgs/msg/detail/goal_status_array__type_support.c
[2.277s] -- Up-to-date: /home/rassito/microros_ws/install/actionlib_msgs/lib/libactionlib_msgs__rosidl_typesupport_introspection_c.so
[2.278s] -- Installing: /home/rassito/microros_ws/install/actionlib_msgs/lib/libactionlib_msgs__rosidl_typesupport_c.so
[2.278s] -- Set non-toolchain portion of runtime path of "/home/rassito/microros_ws/install/actionlib_msgs/lib/libactionlib_msgs__rosidl_typesupport_c.so" to ""
[2.278s] -- Up-to-date: /home/rassito/microros_ws/install/actionlib_msgs/include/actionlib_msgs/actionlib_msgs
[2.278s] -- Up-to-date: /home/rassito/microros_ws/install/actionlib_msgs/include/actionlib_msgs/actionlib_msgs/msg
[2.278s] -- Up-to-date: /home/rassito/microros_ws/install/actionlib_msgs/include/actionlib_msgs/actionlib_msgs/msg/detail
[2.278s] -- Up-to-date: /home/rassito/microros_ws/install/actionlib_msgs/include/actionlib_msgs/actionlib_msgs/msg/detail/goal_status_array__rosidl_typesupport_introspection_cpp.hpp
[2.278s] -- Up-to-date: /home/rassito/microros_ws/install/actionlib_msgs/include/actionlib_msgs/actionlib_msgs/msg/detail/goal_id__rosidl_typesupport_introspection_cpp.hpp
[2.278s] -- Up-to-date: /home/rassito/microros_ws/install/actionlib_msgs/include/actionlib_msgs/actionlib_msgs/msg/detail/goal_status_array__type_support.cpp
[2.278s] -- Up-to-date: /home/rassito/microros_ws/install/actionlib_msgs/include/actionlib_msgs/actionlib_msgs/msg/detail/goal_status__rosidl_typesupport_introspection_cpp.hpp
[2.278s] -- Up-to-date: /home/rassito/microros_ws/install/actionlib_msgs/include/actionlib_msgs/actionlib_msgs/msg/detail/goal_status__type_support.cpp
[2.278s] -- Up-to-date: /home/rassito/microros_ws/install/actionlib_msgs/include/actionlib_msgs/actionlib_msgs/msg/detail/goal_id__type_support.cpp
[2.279s] -- Up-to-date: /home/rassito/microros_ws/install/actionlib_msgs/lib/libactionlib_msgs__rosidl_typesupport_introspection_cpp.so
[2.279s] -- Installing: /home/rassito/microros_ws/install/actionlib_msgs/lib/libactionlib_msgs__rosidl_typesupport_cpp.so
[2.279s] -- Set non-toolchain portion of runtime path of "/home/rassito/microros_ws/install/actionlib_msgs/lib/libactionlib_msgs__rosidl_typesupport_cpp.so" to ""
[2.280s] -- Up-to-date: /home/rassito/microros_ws/install/actionlib_msgs/share/actionlib_msgs/environment/pythonpath.sh
[2.280s] -- Up-to-date: /home/rassito/microros_ws/install/actionlib_msgs/share/actionlib_msgs/environment/pythonpath.dsv
[2.280s] -- Up-to-date: /home/rassito/microros_ws/install/actionlib_msgs/lib/python3.12/site-packages/actionlib_msgs-5.3.5-py3.12.egg-info
[2.280s] -- Installing: /home/rassito/microros_ws/install/actionlib_msgs/lib/python3.12/site-packages/actionlib_msgs-5.3.5-py3.12.egg-info/top_level.txt
[2.280s] -- Installing: /home/rassito/microros_ws/install/actionlib_msgs/lib/python3.12/site-packages/actionlib_msgs-5.3.5-py3.12.egg-info/PKG-INFO
[2.280s] -- Installing: /home/rassito/microros_ws/install/actionlib_msgs/lib/python3.12/site-packages/actionlib_msgs-5.3.5-py3.12.egg-info/dependency_links.txt
[2.280s] -- Installing: /home/rassito/microros_ws/install/actionlib_msgs/lib/python3.12/site-packages/actionlib_msgs-5.3.5-py3.12.egg-info/SOURCES.txt
[2.280s] -- Up-to-date: /home/rassito/microros_ws/install/actionlib_msgs/lib/python3.12/site-packages/actionlib_msgs
[2.281s] -- Up-to-date: /home/rassito/microros_ws/install/actionlib_msgs/lib/python3.12/site-packages/actionlib_msgs/_actionlib_msgs_s.ep.rosidl_typesupport_fastrtps_c.c
[2.281s] -- Up-to-date: /home/rassito/microros_ws/install/actionlib_msgs/lib/python3.12/site-packages/actionlib_msgs/actionlib_msgs_s__rosidl_typesupport_microxrcedds_c.so
[2.281s] -- Up-to-date: /home/rassito/microros_ws/install/actionlib_msgs/lib/python3.12/site-packages/actionlib_msgs/_actionlib_msgs_s.ep.rosidl_typesupport_introspection_c.c
[2.281s] -- Installing: /home/rassito/microros_ws/install/actionlib_msgs/lib/python3.12/site-packages/actionlib_msgs/actionlib_msgs_s__rosidl_typesupport_fastrtps_c.so
[2.281s] -- Up-to-date: /home/rassito/microros_ws/install/actionlib_msgs/lib/python3.12/site-packages/actionlib_msgs/_actionlib_msgs_s.ep.rosidl_typesupport_microxrcedds_c.c
[2.281s] -- Up-to-date: /home/rassito/microros_ws/install/actionlib_msgs/lib/python3.12/site-packages/actionlib_msgs/_actionlib_msgs_s.ep.rosidl_typesupport_c.c
[2.281s] -- Installing: /home/rassito/microros_ws/install/actionlib_msgs/lib/python3.12/site-packages/actionlib_msgs/actionlib_msgs_s__rosidl_typesupport_introspection_c.so
[2.281s] -- Installing: /home/rassito/microros_ws/install/actionlib_msgs/lib/python3.12/site-packages/actionlib_msgs/actionlib_msgs_s__rosidl_typesupport_c.so
[2.281s] -- Up-to-date: /home/rassito/microros_ws/install/actionlib_msgs/lib/python3.12/site-packages/actionlib_msgs/msg
[2.282s] -- Up-to-date: /home/rassito/microros_ws/install/actionlib_msgs/lib/python3.12/site-packages/actionlib_msgs/msg/_goal_id.py
[2.282s] -- Up-to-date: /home/rassito/microros_ws/install/actionlib_msgs/lib/python3.12/site-packages/actionlib_msgs/msg/_goal_status_s.c
[2.282s] -- Up-to-date: /home/rassito/microros_ws/install/actionlib_msgs/lib/python3.12/site-packages/actionlib_msgs/msg/_goal_status_array_s.c
[2.282s] -- Up-to-date: /home/rassito/microros_ws/install/actionlib_msgs/lib/python3.12/site-packages/actionlib_msgs/msg/_goal_status.py
[2.282s] -- Up-to-date: /home/rassito/microros_ws/install/actionlib_msgs/lib/python3.12/site-packages/actionlib_msgs/msg/_goal_status_array.py
[2.282s] -- Up-to-date: /home/rassito/microros_ws/install/actionlib_msgs/lib/python3.12/site-packages/actionlib_msgs/msg/_goal_id_s.c
[2.282s] -- Up-to-date: /home/rassito/microros_ws/install/actionlib_msgs/lib/python3.12/site-packages/actionlib_msgs/msg/__init__.py
[2.282s] -- Installing: /home/rassito/microros_ws/install/actionlib_msgs/lib/python3.12/site-packages/actionlib_msgs/__init__.py
[2.311s] Listing '/home/rassito/microros_ws/install/actionlib_msgs/lib/python3.12/site-packages/actionlib_msgs'...
[2.311s] Compiling '/home/rassito/microros_ws/install/actionlib_msgs/lib/python3.12/site-packages/actionlib_msgs/__init__.py'...
[2.311s] Listing '/home/rassito/microros_ws/install/actionlib_msgs/lib/python3.12/site-packages/actionlib_msgs/msg'...
[2.316s] -- Installing: /home/rassito/microros_ws/install/actionlib_msgs/lib/python3.12/site-packages/actionlib_msgs/actionlib_msgs_s__rosidl_typesupport_fastrtps_c.so
[2.316s] -- Set non-toolchain portion of runtime path of "/home/rassito/microros_ws/install/actionlib_msgs/lib/python3.12/site-packages/actionlib_msgs/actionlib_msgs_s__rosidl_typesupport_fastrtps_c.so" to ""
[2.316s] -- Installing: /home/rassito/microros_ws/install/actionlib_msgs/lib/python3.12/site-packages/actionlib_msgs/actionlib_msgs_s__rosidl_typesupport_introspection_c.so
[2.316s] -- Set non-toolchain portion of runtime path of "/home/rassito/microros_ws/install/actionlib_msgs/lib/python3.12/site-packages/actionlib_msgs/actionlib_msgs_s__rosidl_typesupport_introspection_c.so" to ""
[2.317s] -- Installing: /home/rassito/microros_ws/install/actionlib_msgs/lib/python3.12/site-packages/actionlib_msgs/actionlib_msgs_s__rosidl_typesupport_c.so
[2.317s] -- Set non-toolchain portion of runtime path of "/home/rassito/microros_ws/install/actionlib_msgs/lib/python3.12/site-packages/actionlib_msgs/actionlib_msgs_s__rosidl_typesupport_c.so" to ""
[2.317s] -- Installing: /home/rassito/microros_ws/install/actionlib_msgs/lib/libactionlib_msgs__rosidl_generator_py.so
[2.317s] -- Set non-toolchain portion of runtime path of "/home/rassito/microros_ws/install/actionlib_msgs/lib/libactionlib_msgs__rosidl_generator_py.so" to ""
[2.318s] -- Up-to-date: /home/rassito/microros_ws/install/actionlib_msgs/share/actionlib_msgs/msg/GoalID.idl
[2.318s] -- Up-to-date: /home/rassito/microros_ws/install/actionlib_msgs/share/actionlib_msgs/msg/GoalStatus.idl
[2.318s] -- Up-to-date: /home/rassito/microros_ws/install/actionlib_msgs/share/actionlib_msgs/msg/GoalStatusArray.idl
[2.318s] -- Up-to-date: /home/rassito/microros_ws/install/actionlib_msgs/share/actionlib_msgs/msg/GoalID.msg
[2.318s] -- Up-to-date: /home/rassito/microros_ws/install/actionlib_msgs/share/actionlib_msgs/msg/GoalStatus.msg
[2.318s] -- Up-to-date: /home/rassito/microros_ws/install/actionlib_msgs/share/actionlib_msgs/msg/GoalStatusArray.msg
[2.318s] -- Up-to-date: /home/rassito/microros_ws/install/actionlib_msgs/share/ament_index/resource_index/package_run_dependencies/actionlib_msgs
[2.318s] -- Installing: /home/rassito/microros_ws/install/actionlib_msgs/share/ament_index/resource_index/parent_prefix_path/actionlib_msgs
[2.318s] -- Up-to-date: /home/rassito/microros_ws/install/actionlib_msgs/share/actionlib_msgs/environment/ament_prefix_path.sh
[2.319s] -- Up-to-date: /home/rassito/microros_ws/install/actionlib_msgs/share/actionlib_msgs/environment/ament_prefix_path.dsv
[2.319s] -- Up-to-date: /home/rassito/microros_ws/install/actionlib_msgs/share/actionlib_msgs/environment/path.sh
[2.319s] -- Up-to-date: /home/rassito/microros_ws/install/actionlib_msgs/share/actionlib_msgs/environment/path.dsv
[2.319s] -- Up-to-date: /home/rassito/microros_ws/install/actionlib_msgs/share/actionlib_msgs/local_setup.bash
[2.319s] -- Up-to-date: /home/rassito/microros_ws/install/actionlib_msgs/share/actionlib_msgs/local_setup.sh
[2.319s] -- Up-to-date: /home/rassito/microros_ws/install/actionlib_msgs/share/actionlib_msgs/local_setup.zsh
[2.319s] -- Up-to-date: /home/rassito/microros_ws/install/actionlib_msgs/share/actionlib_msgs/local_setup.dsv
[2.319s] -- Installing: /home/rassito/microros_ws/install/actionlib_msgs/share/actionlib_msgs/package.dsv
[2.319s] -- Up-to-date: /home/rassito/microros_ws/install/actionlib_msgs/share/ament_index/resource_index/packages/actionlib_msgs
[2.319s] -- Up-to-date: /home/rassito/microros_ws/install/actionlib_msgs/share/actionlib_msgs/cmake/export_actionlib_msgs__rosidl_generator_cExport.cmake
[2.319s] -- Up-to-date: /home/rassito/microros_ws/install/actionlib_msgs/share/actionlib_msgs/cmake/export_actionlib_msgs__rosidl_generator_cExport-noconfig.cmake
[2.319s] -- Up-to-date: /home/rassito/microros_ws/install/actionlib_msgs/share/actionlib_msgs/cmake/export_actionlib_msgs__rosidl_typesupport_fastrtps_cExport.cmake
[2.319s] -- Up-to-date: /home/rassito/microros_ws/install/actionlib_msgs/share/actionlib_msgs/cmake/export_actionlib_msgs__rosidl_typesupport_fastrtps_cExport-noconfig.cmake
[2.319s] -- Up-to-date: /home/rassito/microros_ws/install/actionlib_msgs/share/actionlib_msgs/cmake/export_actionlib_msgs__rosidl_generator_cppExport.cmake
[2.319s] -- Up-to-date: /home/rassito/microros_ws/install/actionlib_msgs/share/actionlib_msgs/cmake/export_actionlib_msgs__rosidl_typesupport_fastrtps_cppExport.cmake
[2.319s] -- Up-to-date: /home/rassito/microros_ws/install/actionlib_msgs/share/actionlib_msgs/cmake/export_actionlib_msgs__rosidl_typesupport_fastrtps_cppExport-noconfig.cmake
[2.320s] -- Up-to-date: /home/rassito/microros_ws/install/actionlib_msgs/share/actionlib_msgs/cmake/actionlib_msgs__rosidl_typesupport_introspection_cExport.cmake
[2.320s] -- Up-to-date: /home/rassito/microros_ws/install/actionlib_msgs/share/actionlib_msgs/cmake/actionlib_msgs__rosidl_typesupport_introspection_cExport-noconfig.cmake
[2.320s] -- Up-to-date: /home/rassito/microros_ws/install/actionlib_msgs/share/actionlib_msgs/cmake/actionlib_msgs__rosidl_typesupport_cExport.cmake
[2.320s] -- Up-to-date: /home/rassito/microros_ws/install/actionlib_msgs/share/actionlib_msgs/cmake/actionlib_msgs__rosidl_typesupport_cExport-noconfig.cmake
[2.320s] -- Up-to-date: /home/rassito/microros_ws/install/actionlib_msgs/share/actionlib_msgs/cmake/actionlib_msgs__rosidl_typesupport_introspection_cppExport.cmake
[2.320s] -- Up-to-date: /home/rassito/microros_ws/install/actionlib_msgs/share/actionlib_msgs/cmake/actionlib_msgs__rosidl_typesupport_introspection_cppExport-noconfig.cmake
[2.320s] -- Up-to-date: /home/rassito/microros_ws/install/actionlib_msgs/share/actionlib_msgs/cmake/actionlib_msgs__rosidl_typesupport_cppExport.cmake
[2.320s] -- Up-to-date: /home/rassito/microros_ws/install/actionlib_msgs/share/actionlib_msgs/cmake/actionlib_msgs__rosidl_typesupport_cppExport-noconfig.cmake
[2.320s] -- Up-to-date: /home/rassito/microros_ws/install/actionlib_msgs/share/actionlib_msgs/cmake/export_actionlib_msgs__rosidl_generator_pyExport.cmake
[2.320s] -- Up-to-date: /home/rassito/microros_ws/install/actionlib_msgs/share/actionlib_msgs/cmake/export_actionlib_msgs__rosidl_generator_pyExport-noconfig.cmake
[2.320s] -- Up-to-date: /home/rassito/microros_ws/install/actionlib_msgs/share/actionlib_msgs/cmake/rosidl_cmake-extras.cmake
[2.320s] -- Up-to-date: /home/rassito/microros_ws/install/actionlib_msgs/share/actionlib_msgs/cmake/ament_cmake_export_dependencies-extras.cmake
[2.320s] -- Installing: /home/rassito/microros_ws/install/actionlib_msgs/share/actionlib_msgs/cmake/ament_cmake_export_include_directories-extras.cmake
[2.321s] -- Up-to-date: /home/rassito/microros_ws/install/actionlib_msgs/share/actionlib_msgs/cmake/ament_cmake_export_libraries-extras.cmake
[2.321s] -- Up-to-date: /home/rassito/microros_ws/install/actionlib_msgs/share/actionlib_msgs/cmake/ament_cmake_export_targets-extras.cmake
[2.321s] -- Up-to-date: /home/rassito/microros_ws/install/actionlib_msgs/share/actionlib_msgs/cmake/rosidl_cmake_export_typesupport_targets-extras.cmake
[2.321s] -- Installing: /home/rassito/microros_ws/install/actionlib_msgs/share/actionlib_msgs/cmake/rosidl_cmake_export_typesupport_libraries-extras.cmake
[2.321s] -- Up-to-date: /home/rassito/microros_ws/install/actionlib_msgs/share/actionlib_msgs/cmake/actionlib_msgsConfig.cmake
[2.321s] -- Up-to-date: /home/rassito/microros_ws/install/actionlib_msgs/share/actionlib_msgs/cmake/actionlib_msgsConfig-version.cmake
[2.321s] -- Up-to-date: /home/rassito/microros_ws/install/actionlib_msgs/share/actionlib_msgs/package.xml
[2.323s] Invoked command in '/home/rassito/microros_ws/build/actionlib_msgs' returned '0': AMENT_PREFIX_PATH=/home/rassito/microros_ws/install/std_msgs:/home/rassito/microros_ws/install/builtin_interfaces:${AMENT_PREFIX_PATH} CMAKE_PREFIX_PATH=/home/rassito/microros_ws/install/std_msgs:/home/rassito/microros_ws/install/builtin_interfaces:/opt/ros/jazzy/opt/sdformat_vendor:/opt/ros/jazzy/opt/gz_math_vendor:/opt/ros/jazzy/opt/gz_utils_vendor:/opt/ros/jazzy/opt/gz_tools_vendor:/opt/ros/jazzy/opt/gz_cmake_vendor:/home/rassito/ros_ws/install/super_pkg:/opt/ros/jazzy DEBUGINFOD_URLS=https://debuginfod.ubuntu.com LD_LIBRARY_PATH=/home/rassito/microros_ws/install/std_msgs/lib:/home/rassito/microros_ws/install/builtin_interfaces/lib:${LD_LIBRARY_PATH} PYTHONPATH=/home/rassito/microros_ws/install/std_msgs/lib/python3.12/site-packages:/home/rassito/microros_ws/install/builtin_interfaces/lib/python3.12/site-packages:${PYTHONPATH} /usr/bin/cmake --install /home/rassito/microros_ws/build/actionlib_msgs
