[0.039s] Invoking command in '/home/rassito/microros_ws/build/actionlib_msgs': CMAKE_PREFIX_PATH=/home/rassito/microros_ws/install/std_msgs:/home/rassito/microros_ws/install/builtin_interfaces:/home/rassito/microros_ws/install/micro_ros_demos_rclc:/home/rassito/microros_ws/install/common_interfaces:/home/rassito/microros_ws/install/visualization_msgs:/home/rassito/microros_ws/install/action_msgs:/home/rassito/microros_ws/install/unique_identifier_msgs:/home/rassito/microros_ws/install/type_description_interfaces:/home/rassito/microros_ws/install/trajectory_msgs:/home/rassito/microros_ws/install/test_msgs:/home/rassito/microros_ws/install/test_interface_files:/home/rassito/microros_ws/install/stereo_msgs:/home/rassito/microros_ws/install/std_srvs:/home/rassito/microros_ws/install/shape_msgs:/home/rassito/microros_ws/install/sensor_msgs:/home/rassito/microros_ws/install/nav_msgs:/home/rassito/microros_ws/install/diagnostic_msgs:/home/rassito/microros_ws/install/geometry_msgs:/home/rassito/microros_ws/install/drive_base_msgs:/home/rassito/microros_ws/install/actionlib_msgs:/home/rassito/microros_ws/install/statistics_msgs:/home/rassito/microros_ws/install/service_msgs:/home/rassito/microros_ws/install/rosidl_typesupport_microxrcedds_test_msg:/home/rassito/microros_ws/install/rosidl_typesupport_microxrcedds_cpp_tests:/home/rassito/microros_ws/install/rmw_microxrcedds:/home/rassito/microros_ws/install/rosidl_typesupport_microxrcedds_cpp:/home/rassito/microros_ws/install/rosidl_typesupport_microxrcedds_c_tests:/home/rassito/microros_ws/install/rosidl_typesupport_microxrcedds_c:/home/rassito/microros_ws/install/rosgraph_msgs:/home/rassito/microros_ws/install/rclc_parameter:/home/rassito/microros_ws/install/rclc:/home/rassito/microros_ws/install/composition_interfaces:/home/rassito/microros_ws/install/rcl_interfaces:/home/rassito/microros_ws/install/microxrcedds_client:/home/rassito/microros_ws/install/microcdr:/home/rassito/microros_ws/install/micro_ros_utilities:/home/rassito/microros_ws/install/micro_ros_setup:/home/rassito/microros_ws/install/micro_ros_agent:/home/rassito/microros_ws/install/micro_ros_msgs:/home/rassito/microros_ws/install/lifecycle_msgs:/home/rassito/microros_ws/install/example_interfaces:/home/rassito/microros_ws/install/complex_msgs:/opt/ros/jazzy/opt/sdformat_vendor:/opt/ros/jazzy/opt/gz_math_vendor:/opt/ros/jazzy/opt/gz_utils_vendor:/opt/ros/jazzy/opt/gz_tools_vendor:/opt/ros/jazzy/opt/gz_cmake_vendor:/home/rassito/microros_ws/install/sensor_msgs_py:/home/rassito/ros_ws/install/super_pkg:/opt/ros/jazzy DEBUGINFOD_URLS=https://debuginfod.ubuntu.com LD_LIBRARY_PATH=/home/rassito/microros_ws/install/std_msgs/lib:/home/rassito/microros_ws/install/builtin_interfaces/lib:/home/rassito/microros_ws/install/visualization_msgs/lib:/home/rassito/microros_ws/install/action_msgs/lib:/home/rassito/microros_ws/install/unique_identifier_msgs/lib:/home/rassito/microros_ws/install/type_description_interfaces/lib:/home/rassito/microros_ws/install/trajectory_msgs/lib:/home/rassito/microros_ws/install/test_msgs/lib:/home/rassito/microros_ws/install/stereo_msgs/lib:/home/rassito/microros_ws/install/std_srvs/lib:/home/rassito/microros_ws/install/shape_msgs/lib:/home/rassito/microros_ws/install/sensor_msgs/lib:/home/rassito/microros_ws/install/nav_msgs/lib:/home/rassito/microros_ws/install/diagnostic_msgs/lib:/home/rassito/microros_ws/install/geometry_msgs/lib:/home/rassito/microros_ws/install/drive_base_msgs/lib:/home/rassito/microros_ws/install/actionlib_msgs/lib:/home/rassito/microros_ws/install/statistics_msgs/lib:/home/rassito/microros_ws/install/service_msgs/lib:/home/rassito/microros_ws/install/rmw_microxrcedds/lib:/home/rassito/microros_ws/install/rosidl_typesupport_microxrcedds_cpp/lib:/home/rassito/microros_ws/install/rosidl_typesupport_microxrcedds_c/lib:/home/rassito/microros_ws/install/rosgraph_msgs/lib:/home/rassito/microros_ws/install/rclc_parameter/lib:/home/rassito/microros_ws/install/rclc/lib:/home/rassito/microros_ws/install/composition_interfaces/lib:/home/rassito/microros_ws/install/rcl_interfaces/lib:/home/rassito/microros_ws/install/microxrcedds_client/lib:/home/rassito/microros_ws/install/microcdr/lib:/home/rassito/microros_ws/install/micro_ros_utilities/lib:/home/rassito/microros_ws/install/micro_ros_agent/lib:/home/rassito/microros_ws/install/micro_ros_msgs/lib:/home/rassito/microros_ws/install/lifecycle_msgs/lib:/home/rassito/microros_ws/install/example_interfaces/lib:/home/rassito/microros_ws/install/complex_msgs/lib:/opt/ros/jazzy/opt/sdformat_vendor/lib:/opt/ros/jazzy/opt/rviz_ogre_vendor/lib:/opt/ros/jazzy/lib/x86_64-linux-gnu:/opt/ros/jazzy/opt/gz_math_vendor/lib:/opt/ros/jazzy/opt/gz_utils_vendor/lib:/opt/ros/jazzy/opt/gz_tools_vendor/lib:/opt/ros/jazzy/opt/gz_cmake_vendor/lib:/opt/ros/jazzy/lib PYTHONPATH=/home/rassito/microros_ws/install/std_msgs/lib/python3.12/site-packages:/home/rassito/microros_ws/install/builtin_interfaces/lib/python3.12/site-packages:/home/rassito/microros_ws/install/visualization_msgs/lib/python3.12/site-packages:/home/rassito/microros_ws/install/action_msgs/lib/python3.12/site-packages:/home/rassito/microros_ws/install/unique_identifier_msgs/lib/python3.12/site-packages:/home/rassito/microros_ws/install/type_description_interfaces/lib/python3.12/site-packages:/home/rassito/microros_ws/install/trajectory_msgs/lib/python3.12/site-packages:/home/rassito/microros_ws/install/test_msgs/lib/python3.12/site-packages:/home/rassito/microros_ws/install/stereo_msgs/lib/python3.12/site-packages:/home/rassito/microros_ws/install/std_srvs/lib/python3.12/site-packages:/home/rassito/microros_ws/install/shape_msgs/lib/python3.12/site-packages:/home/rassito/microros_ws/install/sensor_msgs_py/lib/python3.12/site-packages:/home/rassito/microros_ws/install/sensor_msgs/lib/python3.12/site-packages:/home/rassito/microros_ws/install/nav_msgs/lib/python3.12/site-packages:/home/rassito/microros_ws/install/diagnostic_msgs/lib/python3.12/site-packages:/home/rassito/microros_ws/install/geometry_msgs/lib/python3.12/site-packages:/home/rassito/microros_ws/install/drive_base_msgs/lib/python3.12/site-packages:/home/rassito/microros_ws/install/actionlib_msgs/lib/python3.12/site-packages:/home/rassito/microros_ws/install/statistics_msgs/lib/python3.12/site-packages:/home/rassito/microros_ws/install/service_msgs/lib/python3.12/site-packages:/home/rassito/microros_ws/install/rosidl_typesupport_microxrcedds_cpp/lib/python3.12/site-packages:/home/rassito/microros_ws/install/rosidl_typesupport_microxrcedds_c/lib/python3.12/site-packages:/home/rassito/microros_ws/install/rosgraph_msgs/lib/python3.12/site-packages:/home/rassito/microros_ws/install/composition_interfaces/lib/python3.12/site-packages:/home/rassito/microros_ws/install/rcl_interfaces/lib/python3.12/site-packages:/home/rassito/microros_ws/install/micro_ros_msgs/lib/python3.12/site-packages:/home/rassito/microros_ws/install/lifecycle_msgs/lib/python3.12/site-packages:/home/rassito/microros_ws/install/example_interfaces/lib/python3.12/site-packages:/home/rassito/microros_ws/install/complex_msgs/lib/python3.12/site-packages:/home/rassito/ros_ws/build/super_pkg:/home/rassito/ros_ws/install/super_pkg/lib/python3.12/site-packages:/opt/ros/jazzy/lib/python3.12/site-packages /usr/bin/cmake --build /home/rassito/microros_ws/build/actionlib_msgs -- -j16 -l16
[0.078s] [  1%] Built target actionlib_msgs__rosidl_generator_type_description
[0.091s] [  1%] Built target ament_cmake_python_copy_actionlib_msgs
[0.103s] [  3%] Built target actionlib_msgs__cpp
[0.107s] [ 19%] Built target actionlib_msgs__rosidl_generator_c
[0.153s] [ 27%] Built target actionlib_msgs__rosidl_typesupport_microxrcedds_cpp
[0.176s] [ 34%] Built target actionlib_msgs__rosidl_typesupport_fastrtps_cpp
[0.178s] [ 42%] Built target actionlib_msgs__rosidl_typesupport_cpp
[0.182s] [ 50%] Built target actionlib_msgs__rosidl_typesupport_c
[0.186s] [ 57%] Built target actionlib_msgs__rosidl_typesupport_fastrtps_c
[0.187s] [ 65%] Built target actionlib_msgs__rosidl_typesupport_introspection_c
[0.192s] [ 72%] Built target actionlib_msgs__rosidl_typesupport_introspection_cpp
[0.194s] [ 80%] Built target actionlib_msgs__rosidl_typesupport_microxrcedds_c
[0.247s] [ 80%] Built target actionlib_msgs
[0.286s] [ 81%] Built target actionlib_msgs__py
[0.313s] [ 87%] Built target actionlib_msgs__rosidl_generator_py
[0.352s] [ 90%] Built target actionlib_msgs_s__rosidl_typesupport_microxrcedds_c
[0.352s] [ 93%] Built target actionlib_msgs_s__rosidl_typesupport_fastrtps_c
[0.360s] [ 96%] Built target actionlib_msgs_s__rosidl_typesupport_introspection_c
[0.361s] [100%] Built target actionlib_msgs_s__rosidl_typesupport_c
[0.421s] running egg_info
[0.439s] writing actionlib_msgs.egg-info/PKG-INFO
[0.439s] writing dependency_links to actionlib_msgs.egg-info/dependency_links.txt
[0.439s] writing top-level names to actionlib_msgs.egg-info/top_level.txt
[0.501s] reading manifest file 'actionlib_msgs.egg-info/SOURCES.txt'
[0.502s] writing manifest file 'actionlib_msgs.egg-info/SOURCES.txt'
[0.522s] [100%] Built target ament_cmake_python_build_actionlib_msgs_egg
[0.537s] Invoked command in '/home/rassito/microros_ws/build/actionlib_msgs' returned '0': CMAKE_PREFIX_PATH=/home/rassito/microros_ws/install/std_msgs:/home/rassito/microros_ws/install/builtin_interfaces:/home/rassito/microros_ws/install/micro_ros_demos_rclc:/home/rassito/microros_ws/install/common_interfaces:/home/rassito/microros_ws/install/visualization_msgs:/home/rassito/microros_ws/install/action_msgs:/home/rassito/microros_ws/install/unique_identifier_msgs:/home/rassito/microros_ws/install/type_description_interfaces:/home/rassito/microros_ws/install/trajectory_msgs:/home/rassito/microros_ws/install/test_msgs:/home/rassito/microros_ws/install/test_interface_files:/home/rassito/microros_ws/install/stereo_msgs:/home/rassito/microros_ws/install/std_srvs:/home/rassito/microros_ws/install/shape_msgs:/home/rassito/microros_ws/install/sensor_msgs:/home/rassito/microros_ws/install/nav_msgs:/home/rassito/microros_ws/install/diagnostic_msgs:/home/rassito/microros_ws/install/geometry_msgs:/home/rassito/microros_ws/install/drive_base_msgs:/home/rassito/microros_ws/install/actionlib_msgs:/home/rassito/microros_ws/install/statistics_msgs:/home/rassito/microros_ws/install/service_msgs:/home/rassito/microros_ws/install/rosidl_typesupport_microxrcedds_test_msg:/home/rassito/microros_ws/install/rosidl_typesupport_microxrcedds_cpp_tests:/home/rassito/microros_ws/install/rmw_microxrcedds:/home/rassito/microros_ws/install/rosidl_typesupport_microxrcedds_cpp:/home/rassito/microros_ws/install/rosidl_typesupport_microxrcedds_c_tests:/home/rassito/microros_ws/install/rosidl_typesupport_microxrcedds_c:/home/rassito/microros_ws/install/rosgraph_msgs:/home/rassito/microros_ws/install/rclc_parameter:/home/rassito/microros_ws/install/rclc:/home/rassito/microros_ws/install/composition_interfaces:/home/rassito/microros_ws/install/rcl_interfaces:/home/rassito/microros_ws/install/microxrcedds_client:/home/rassito/microros_ws/install/microcdr:/home/rassito/microros_ws/install/micro_ros_utilities:/home/rassito/microros_ws/install/micro_ros_setup:/home/rassito/microros_ws/install/micro_ros_agent:/home/rassito/microros_ws/install/micro_ros_msgs:/home/rassito/microros_ws/install/lifecycle_msgs:/home/rassito/microros_ws/install/example_interfaces:/home/rassito/microros_ws/install/complex_msgs:/opt/ros/jazzy/opt/sdformat_vendor:/opt/ros/jazzy/opt/gz_math_vendor:/opt/ros/jazzy/opt/gz_utils_vendor:/opt/ros/jazzy/opt/gz_tools_vendor:/opt/ros/jazzy/opt/gz_cmake_vendor:/home/rassito/microros_ws/install/sensor_msgs_py:/home/rassito/ros_ws/install/super_pkg:/opt/ros/jazzy DEBUGINFOD_URLS=https://debuginfod.ubuntu.com LD_LIBRARY_PATH=/home/rassito/microros_ws/install/std_msgs/lib:/home/rassito/microros_ws/install/builtin_interfaces/lib:/home/rassito/microros_ws/install/visualization_msgs/lib:/home/rassito/microros_ws/install/action_msgs/lib:/home/rassito/microros_ws/install/unique_identifier_msgs/lib:/home/rassito/microros_ws/install/type_description_interfaces/lib:/home/rassito/microros_ws/install/trajectory_msgs/lib:/home/rassito/microros_ws/install/test_msgs/lib:/home/rassito/microros_ws/install/stereo_msgs/lib:/home/rassito/microros_ws/install/std_srvs/lib:/home/rassito/microros_ws/install/shape_msgs/lib:/home/rassito/microros_ws/install/sensor_msgs/lib:/home/rassito/microros_ws/install/nav_msgs/lib:/home/rassito/microros_ws/install/diagnostic_msgs/lib:/home/rassito/microros_ws/install/geometry_msgs/lib:/home/rassito/microros_ws/install/drive_base_msgs/lib:/home/rassito/microros_ws/install/actionlib_msgs/lib:/home/rassito/microros_ws/install/statistics_msgs/lib:/home/rassito/microros_ws/install/service_msgs/lib:/home/rassito/microros_ws/install/rmw_microxrcedds/lib:/home/rassito/microros_ws/install/rosidl_typesupport_microxrcedds_cpp/lib:/home/rassito/microros_ws/install/rosidl_typesupport_microxrcedds_c/lib:/home/rassito/microros_ws/install/rosgraph_msgs/lib:/home/rassito/microros_ws/install/rclc_parameter/lib:/home/rassito/microros_ws/install/rclc/lib:/home/rassito/microros_ws/install/composition_interfaces/lib:/home/rassito/microros_ws/install/rcl_interfaces/lib:/home/rassito/microros_ws/install/microxrcedds_client/lib:/home/rassito/microros_ws/install/microcdr/lib:/home/rassito/microros_ws/install/micro_ros_utilities/lib:/home/rassito/microros_ws/install/micro_ros_agent/lib:/home/rassito/microros_ws/install/micro_ros_msgs/lib:/home/rassito/microros_ws/install/lifecycle_msgs/lib:/home/rassito/microros_ws/install/example_interfaces/lib:/home/rassito/microros_ws/install/complex_msgs/lib:/opt/ros/jazzy/opt/sdformat_vendor/lib:/opt/ros/jazzy/opt/rviz_ogre_vendor/lib:/opt/ros/jazzy/lib/x86_64-linux-gnu:/opt/ros/jazzy/opt/gz_math_vendor/lib:/opt/ros/jazzy/opt/gz_utils_vendor/lib:/opt/ros/jazzy/opt/gz_tools_vendor/lib:/opt/ros/jazzy/opt/gz_cmake_vendor/lib:/opt/ros/jazzy/lib PYTHONPATH=/home/rassito/microros_ws/install/std_msgs/lib/python3.12/site-packages:/home/rassito/microros_ws/install/builtin_interfaces/lib/python3.12/site-packages:/home/rassito/microros_ws/install/visualization_msgs/lib/python3.12/site-packages:/home/rassito/microros_ws/install/action_msgs/lib/python3.12/site-packages:/home/rassito/microros_ws/install/unique_identifier_msgs/lib/python3.12/site-packages:/home/rassito/microros_ws/install/type_description_interfaces/lib/python3.12/site-packages:/home/rassito/microros_ws/install/trajectory_msgs/lib/python3.12/site-packages:/home/rassito/microros_ws/install/test_msgs/lib/python3.12/site-packages:/home/rassito/microros_ws/install/stereo_msgs/lib/python3.12/site-packages:/home/rassito/microros_ws/install/std_srvs/lib/python3.12/site-packages:/home/rassito/microros_ws/install/shape_msgs/lib/python3.12/site-packages:/home/rassito/microros_ws/install/sensor_msgs_py/lib/python3.12/site-packages:/home/rassito/microros_ws/install/sensor_msgs/lib/python3.12/site-packages:/home/rassito/microros_ws/install/nav_msgs/lib/python3.12/site-packages:/home/rassito/microros_ws/install/diagnostic_msgs/lib/python3.12/site-packages:/home/rassito/microros_ws/install/geometry_msgs/lib/python3.12/site-packages:/home/rassito/microros_ws/install/drive_base_msgs/lib/python3.12/site-packages:/home/rassito/microros_ws/install/actionlib_msgs/lib/python3.12/site-packages:/home/rassito/microros_ws/install/statistics_msgs/lib/python3.12/site-packages:/home/rassito/microros_ws/install/service_msgs/lib/python3.12/site-packages:/home/rassito/microros_ws/install/rosidl_typesupport_microxrcedds_cpp/lib/python3.12/site-packages:/home/rassito/microros_ws/install/rosidl_typesupport_microxrcedds_c/lib/python3.12/site-packages:/home/rassito/microros_ws/install/rosgraph_msgs/lib/python3.12/site-packages:/home/rassito/microros_ws/install/composition_interfaces/lib/python3.12/site-packages:/home/rassito/microros_ws/install/rcl_interfaces/lib/python3.12/site-packages:/home/rassito/microros_ws/install/micro_ros_msgs/lib/python3.12/site-packages:/home/rassito/microros_ws/install/lifecycle_msgs/lib/python3.12/site-packages:/home/rassito/microros_ws/install/example_interfaces/lib/python3.12/site-packages:/home/rassito/microros_ws/install/complex_msgs/lib/python3.12/site-packages:/home/rassito/ros_ws/build/super_pkg:/home/rassito/ros_ws/install/super_pkg/lib/python3.12/site-packages:/opt/ros/jazzy/lib/python3.12/site-packages /usr/bin/cmake --build /home/rassito/microros_ws/build/actionlib_msgs -- -j16 -l16
[0.538s] Invoking command in '/home/rassito/microros_ws/build/actionlib_msgs': CMAKE_PREFIX_PATH=/home/rassito/microros_ws/install/std_msgs:/home/rassito/microros_ws/install/builtin_interfaces:/home/rassito/microros_ws/install/micro_ros_demos_rclc:/home/rassito/microros_ws/install/common_interfaces:/home/rassito/microros_ws/install/visualization_msgs:/home/rassito/microros_ws/install/action_msgs:/home/rassito/microros_ws/install/unique_identifier_msgs:/home/rassito/microros_ws/install/type_description_interfaces:/home/rassito/microros_ws/install/trajectory_msgs:/home/rassito/microros_ws/install/test_msgs:/home/rassito/microros_ws/install/test_interface_files:/home/rassito/microros_ws/install/stereo_msgs:/home/rassito/microros_ws/install/std_srvs:/home/rassito/microros_ws/install/shape_msgs:/home/rassito/microros_ws/install/sensor_msgs:/home/rassito/microros_ws/install/nav_msgs:/home/rassito/microros_ws/install/diagnostic_msgs:/home/rassito/microros_ws/install/geometry_msgs:/home/rassito/microros_ws/install/drive_base_msgs:/home/rassito/microros_ws/install/actionlib_msgs:/home/rassito/microros_ws/install/statistics_msgs:/home/rassito/microros_ws/install/service_msgs:/home/rassito/microros_ws/install/rosidl_typesupport_microxrcedds_test_msg:/home/rassito/microros_ws/install/rosidl_typesupport_microxrcedds_cpp_tests:/home/rassito/microros_ws/install/rmw_microxrcedds:/home/rassito/microros_ws/install/rosidl_typesupport_microxrcedds_cpp:/home/rassito/microros_ws/install/rosidl_typesupport_microxrcedds_c_tests:/home/rassito/microros_ws/install/rosidl_typesupport_microxrcedds_c:/home/rassito/microros_ws/install/rosgraph_msgs:/home/rassito/microros_ws/install/rclc_parameter:/home/rassito/microros_ws/install/rclc:/home/rassito/microros_ws/install/composition_interfaces:/home/rassito/microros_ws/install/rcl_interfaces:/home/rassito/microros_ws/install/microxrcedds_client:/home/rassito/microros_ws/install/microcdr:/home/rassito/microros_ws/install/micro_ros_utilities:/home/rassito/microros_ws/install/micro_ros_setup:/home/rassito/microros_ws/install/micro_ros_agent:/home/rassito/microros_ws/install/micro_ros_msgs:/home/rassito/microros_ws/install/lifecycle_msgs:/home/rassito/microros_ws/install/example_interfaces:/home/rassito/microros_ws/install/complex_msgs:/opt/ros/jazzy/opt/sdformat_vendor:/opt/ros/jazzy/opt/gz_math_vendor:/opt/ros/jazzy/opt/gz_utils_vendor:/opt/ros/jazzy/opt/gz_tools_vendor:/opt/ros/jazzy/opt/gz_cmake_vendor:/home/rassito/microros_ws/install/sensor_msgs_py:/home/rassito/ros_ws/install/super_pkg:/opt/ros/jazzy DEBUGINFOD_URLS=https://debuginfod.ubuntu.com LD_LIBRARY_PATH=/home/rassito/microros_ws/install/std_msgs/lib:/home/rassito/microros_ws/install/builtin_interfaces/lib:/home/rassito/microros_ws/install/visualization_msgs/lib:/home/rassito/microros_ws/install/action_msgs/lib:/home/rassito/microros_ws/install/unique_identifier_msgs/lib:/home/rassito/microros_ws/install/type_description_interfaces/lib:/home/rassito/microros_ws/install/trajectory_msgs/lib:/home/rassito/microros_ws/install/test_msgs/lib:/home/rassito/microros_ws/install/stereo_msgs/lib:/home/rassito/microros_ws/install/std_srvs/lib:/home/rassito/microros_ws/install/shape_msgs/lib:/home/rassito/microros_ws/install/sensor_msgs/lib:/home/rassito/microros_ws/install/nav_msgs/lib:/home/rassito/microros_ws/install/diagnostic_msgs/lib:/home/rassito/microros_ws/install/geometry_msgs/lib:/home/rassito/microros_ws/install/drive_base_msgs/lib:/home/rassito/microros_ws/install/actionlib_msgs/lib:/home/rassito/microros_ws/install/statistics_msgs/lib:/home/rassito/microros_ws/install/service_msgs/lib:/home/rassito/microros_ws/install/rmw_microxrcedds/lib:/home/rassito/microros_ws/install/rosidl_typesupport_microxrcedds_cpp/lib:/home/rassito/microros_ws/install/rosidl_typesupport_microxrcedds_c/lib:/home/rassito/microros_ws/install/rosgraph_msgs/lib:/home/rassito/microros_ws/install/rclc_parameter/lib:/home/rassito/microros_ws/install/rclc/lib:/home/rassito/microros_ws/install/composition_interfaces/lib:/home/rassito/microros_ws/install/rcl_interfaces/lib:/home/rassito/microros_ws/install/microxrcedds_client/lib:/home/rassito/microros_ws/install/microcdr/lib:/home/rassito/microros_ws/install/micro_ros_utilities/lib:/home/rassito/microros_ws/install/micro_ros_agent/lib:/home/rassito/microros_ws/install/micro_ros_msgs/lib:/home/rassito/microros_ws/install/lifecycle_msgs/lib:/home/rassito/microros_ws/install/example_interfaces/lib:/home/rassito/microros_ws/install/complex_msgs/lib:/opt/ros/jazzy/opt/sdformat_vendor/lib:/opt/ros/jazzy/opt/rviz_ogre_vendor/lib:/opt/ros/jazzy/lib/x86_64-linux-gnu:/opt/ros/jazzy/opt/gz_math_vendor/lib:/opt/ros/jazzy/opt/gz_utils_vendor/lib:/opt/ros/jazzy/opt/gz_tools_vendor/lib:/opt/ros/jazzy/opt/gz_cmake_vendor/lib:/opt/ros/jazzy/lib PYTHONPATH=/home/rassito/microros_ws/install/std_msgs/lib/python3.12/site-packages:/home/rassito/microros_ws/install/builtin_interfaces/lib/python3.12/site-packages:/home/rassito/microros_ws/install/visualization_msgs/lib/python3.12/site-packages:/home/rassito/microros_ws/install/action_msgs/lib/python3.12/site-packages:/home/rassito/microros_ws/install/unique_identifier_msgs/lib/python3.12/site-packages:/home/rassito/microros_ws/install/type_description_interfaces/lib/python3.12/site-packages:/home/rassito/microros_ws/install/trajectory_msgs/lib/python3.12/site-packages:/home/rassito/microros_ws/install/test_msgs/lib/python3.12/site-packages:/home/rassito/microros_ws/install/stereo_msgs/lib/python3.12/site-packages:/home/rassito/microros_ws/install/std_srvs/lib/python3.12/site-packages:/home/rassito/microros_ws/install/shape_msgs/lib/python3.12/site-packages:/home/rassito/microros_ws/install/sensor_msgs_py/lib/python3.12/site-packages:/home/rassito/microros_ws/install/sensor_msgs/lib/python3.12/site-packages:/home/rassito/microros_ws/install/nav_msgs/lib/python3.12/site-packages:/home/rassito/microros_ws/install/diagnostic_msgs/lib/python3.12/site-packages:/home/rassito/microros_ws/install/geometry_msgs/lib/python3.12/site-packages:/home/rassito/microros_ws/install/drive_base_msgs/lib/python3.12/site-packages:/home/rassito/microros_ws/install/actionlib_msgs/lib/python3.12/site-packages:/home/rassito/microros_ws/install/statistics_msgs/lib/python3.12/site-packages:/home/rassito/microros_ws/install/service_msgs/lib/python3.12/site-packages:/home/rassito/microros_ws/install/rosidl_typesupport_microxrcedds_cpp/lib/python3.12/site-packages:/home/rassito/microros_ws/install/rosidl_typesupport_microxrcedds_c/lib/python3.12/site-packages:/home/rassito/microros_ws/install/rosgraph_msgs/lib/python3.12/site-packages:/home/rassito/microros_ws/install/composition_interfaces/lib/python3.12/site-packages:/home/rassito/microros_ws/install/rcl_interfaces/lib/python3.12/site-packages:/home/rassito/microros_ws/install/micro_ros_msgs/lib/python3.12/site-packages:/home/rassito/microros_ws/install/lifecycle_msgs/lib/python3.12/site-packages:/home/rassito/microros_ws/install/example_interfaces/lib/python3.12/site-packages:/home/rassito/microros_ws/install/complex_msgs/lib/python3.12/site-packages:/home/rassito/ros_ws/build/super_pkg:/home/rassito/ros_ws/install/super_pkg/lib/python3.12/site-packages:/opt/ros/jazzy/lib/python3.12/site-packages /usr/bin/cmake --install /home/rassito/microros_ws/build/actionlib_msgs
[0.545s] -- Install configuration: ""
[0.545s] -- Up-to-date: /home/rassito/microros_ws/install/actionlib_msgs/share/ament_index/resource_index/rosidl_interfaces/actionlib_msgs
[0.545s] -- Up-to-date: /home/rassito/microros_ws/install/actionlib_msgs/share/actionlib_msgs/msg/GoalID.json
[0.545s] -- Up-to-date: /home/rassito/microros_ws/install/actionlib_msgs/share/actionlib_msgs/msg/GoalStatus.json
[0.545s] -- Up-to-date: /home/rassito/microros_ws/install/actionlib_msgs/share/actionlib_msgs/msg/GoalStatusArray.json
[0.545s] -- Up-to-date: /home/rassito/microros_ws/install/actionlib_msgs/include/actionlib_msgs/actionlib_msgs
[0.545s] -- Up-to-date: /home/rassito/microros_ws/install/actionlib_msgs/include/actionlib_msgs/actionlib_msgs/msg
[0.545s] -- Up-to-date: /home/rassito/microros_ws/install/actionlib_msgs/include/actionlib_msgs/actionlib_msgs/msg/goal_id.h
[0.545s] -- Up-to-date: /home/rassito/microros_ws/install/actionlib_msgs/include/actionlib_msgs/actionlib_msgs/msg/detail
[0.545s] -- Up-to-date: /home/rassito/microros_ws/install/actionlib_msgs/include/actionlib_msgs/actionlib_msgs/msg/detail/goal_status_array__description.c
[0.545s] -- Up-to-date: /home/rassito/microros_ws/install/actionlib_msgs/include/actionlib_msgs/actionlib_msgs/msg/detail/goal_status__functions.h
[0.545s] -- Installing: /home/rassito/microros_ws/install/actionlib_msgs/include/actionlib_msgs/actionlib_msgs/msg/detail/goal_id__type_support.c
[0.546s] -- Up-to-date: /home/rassito/microros_ws/install/actionlib_msgs/include/actionlib_msgs/actionlib_msgs/msg/detail/goal_id__struct.h
[0.546s] -- Up-to-date: /home/rassito/microros_ws/install/actionlib_msgs/include/actionlib_msgs/actionlib_msgs/msg/detail/goal_id__functions.c
[0.546s] -- Up-to-date: /home/rassito/microros_ws/install/actionlib_msgs/include/actionlib_msgs/actionlib_msgs/msg/detail/goal_status_array__type_support.h
[0.546s] -- Up-to-date: /home/rassito/microros_ws/install/actionlib_msgs/include/actionlib_msgs/actionlib_msgs/msg/detail/goal_id__functions.h
[0.546s] -- Up-to-date: /home/rassito/microros_ws/install/actionlib_msgs/include/actionlib_msgs/actionlib_msgs/msg/detail/goal_status__type_support.h
[0.546s] -- Up-to-date: /home/rassito/microros_ws/install/actionlib_msgs/include/actionlib_msgs/actionlib_msgs/msg/detail/goal_id__type_support.h
[0.546s] -- Up-to-date: /home/rassito/microros_ws/install/actionlib_msgs/include/actionlib_msgs/actionlib_msgs/msg/detail/goal_status_array__functions.c
[0.546s] -- Up-to-date: /home/rassito/microros_ws/install/actionlib_msgs/include/actionlib_msgs/actionlib_msgs/msg/detail/goal_status_array__functions.h
[0.546s] -- Up-to-date: /home/rassito/microros_ws/install/actionlib_msgs/include/actionlib_msgs/actionlib_msgs/msg/detail/goal_id__description.c
[0.546s] -- Up-to-date: /home/rassito/microros_ws/install/actionlib_msgs/include/actionlib_msgs/actionlib_msgs/msg/detail/goal_status__description.c
[0.546s] -- Installing: /home/rassito/microros_ws/install/actionlib_msgs/include/actionlib_msgs/actionlib_msgs/msg/detail/goal_status__type_support.c
[0.546s] -- Up-to-date: /home/rassito/microros_ws/install/actionlib_msgs/include/actionlib_msgs/actionlib_msgs/msg/detail/goal_status__functions.c
[0.546s] -- Installing: /home/rassito/microros_ws/install/actionlib_msgs/include/actionlib_msgs/actionlib_msgs/msg/detail/goal_status_array__type_support.c
[0.546s] -- Up-to-date: /home/rassito/microros_ws/install/actionlib_msgs/include/actionlib_msgs/actionlib_msgs/msg/detail/goal_status__struct.h
[0.546s] -- Up-to-date: /home/rassito/microros_ws/install/actionlib_msgs/include/actionlib_msgs/actionlib_msgs/msg/detail/goal_status_array__struct.h
[0.546s] -- Up-to-date: /home/rassito/microros_ws/install/actionlib_msgs/include/actionlib_msgs/actionlib_msgs/msg/goal_status_array.h
[0.546s] -- Up-to-date: /home/rassito/microros_ws/install/actionlib_msgs/include/actionlib_msgs/actionlib_msgs/msg/goal_status.h
[0.546s] -- Up-to-date: /home/rassito/microros_ws/install/actionlib_msgs/include/actionlib_msgs/actionlib_msgs/msg/rosidl_generator_c__visibility_control.h
[0.546s] -- Up-to-date: /home/rassito/microros_ws/install/actionlib_msgs/share/actionlib_msgs/environment/library_path.sh
[0.546s] -- Up-to-date: /home/rassito/microros_ws/install/actionlib_msgs/share/actionlib_msgs/environment/library_path.dsv
[0.547s] -- Up-to-date: /home/rassito/microros_ws/install/actionlib_msgs/lib/libactionlib_msgs__rosidl_generator_c.so
[0.547s] -- Up-to-date: /home/rassito/microros_ws/install/actionlib_msgs/include/actionlib_msgs/actionlib_msgs
[0.547s] -- Up-to-date: /home/rassito/microros_ws/install/actionlib_msgs/include/actionlib_msgs/actionlib_msgs/msg
[0.547s] -- Up-to-date: /home/rassito/microros_ws/install/actionlib_msgs/include/actionlib_msgs/actionlib_msgs/msg/rosidl_typesupport_fastrtps_c__visibility_control.h
[0.547s] -- Up-to-date: /home/rassito/microros_ws/install/actionlib_msgs/include/actionlib_msgs/actionlib_msgs/msg/detail
[0.547s] -- Up-to-date: /home/rassito/microros_ws/install/actionlib_msgs/include/actionlib_msgs/actionlib_msgs/msg/detail/goal_id__rosidl_typesupport_fastrtps_c.h
[0.547s] -- Up-to-date: /home/rassito/microros_ws/install/actionlib_msgs/include/actionlib_msgs/actionlib_msgs/msg/detail/goal_status_array__rosidl_typesupport_fastrtps_c.h
[0.547s] -- Up-to-date: /home/rassito/microros_ws/install/actionlib_msgs/include/actionlib_msgs/actionlib_msgs/msg/detail/goal_status__rosidl_typesupport_fastrtps_c.h
[0.547s] -- Up-to-date: /home/rassito/microros_ws/install/actionlib_msgs/lib/libactionlib_msgs__rosidl_typesupport_fastrtps_c.so
[0.547s] -- Up-to-date: /home/rassito/microros_ws/install/actionlib_msgs/include/actionlib_msgs/actionlib_msgs
[0.547s] -- Up-to-date: /home/rassito/microros_ws/install/actionlib_msgs/include/actionlib_msgs/actionlib_msgs/msg
[0.547s] -- Up-to-date: /home/rassito/microros_ws/install/actionlib_msgs/include/actionlib_msgs/actionlib_msgs/msg/rosidl_generator_cpp__visibility_control.hpp
[0.547s] -- Up-to-date: /home/rassito/microros_ws/install/actionlib_msgs/include/actionlib_msgs/actionlib_msgs/msg/goal_id.hpp
[0.547s] -- Up-to-date: /home/rassito/microros_ws/install/actionlib_msgs/include/actionlib_msgs/actionlib_msgs/msg/goal_status_array.hpp
[0.547s] -- Up-to-date: /home/rassito/microros_ws/install/actionlib_msgs/include/actionlib_msgs/actionlib_msgs/msg/goal_status.hpp
[0.547s] -- Up-to-date: /home/rassito/microros_ws/install/actionlib_msgs/include/actionlib_msgs/actionlib_msgs/msg/detail
[0.547s] -- Up-to-date: /home/rassito/microros_ws/install/actionlib_msgs/include/actionlib_msgs/actionlib_msgs/msg/detail/goal_status_array__traits.hpp
[0.547s] -- Up-to-date: /home/rassito/microros_ws/install/actionlib_msgs/include/actionlib_msgs/actionlib_msgs/msg/detail/goal_id__builder.hpp
[0.547s] -- Up-to-date: /home/rassito/microros_ws/install/actionlib_msgs/include/actionlib_msgs/actionlib_msgs/msg/detail/goal_id__traits.hpp
[0.547s] -- Up-to-date: /home/rassito/microros_ws/install/actionlib_msgs/include/actionlib_msgs/actionlib_msgs/msg/detail/goal_status_array__struct.hpp
[0.548s] -- Up-to-date: /home/rassito/microros_ws/install/actionlib_msgs/include/actionlib_msgs/actionlib_msgs/msg/detail/goal_id__struct.hpp
[0.548s] -- Up-to-date: /home/rassito/microros_ws/install/actionlib_msgs/include/actionlib_msgs/actionlib_msgs/msg/detail/goal_status__builder.hpp
[0.548s] -- Up-to-date: /home/rassito/microros_ws/install/actionlib_msgs/include/actionlib_msgs/actionlib_msgs/msg/detail/goal_status__traits.hpp
[0.548s] -- Up-to-date: /home/rassito/microros_ws/install/actionlib_msgs/include/actionlib_msgs/actionlib_msgs/msg/detail/goal_status__type_support.hpp
[0.548s] -- Up-to-date: /home/rassito/microros_ws/install/actionlib_msgs/include/actionlib_msgs/actionlib_msgs/msg/detail/goal_status_array__builder.hpp
[0.548s] -- Up-to-date: /home/rassito/microros_ws/install/actionlib_msgs/include/actionlib_msgs/actionlib_msgs/msg/detail/goal_status_array__type_support.hpp
[0.548s] -- Up-to-date: /home/rassito/microros_ws/install/actionlib_msgs/include/actionlib_msgs/actionlib_msgs/msg/detail/goal_id__type_support.hpp
[0.548s] -- Up-to-date: /home/rassito/microros_ws/install/actionlib_msgs/include/actionlib_msgs/actionlib_msgs/msg/detail/goal_status__struct.hpp
[0.548s] -- Up-to-date: /home/rassito/microros_ws/install/actionlib_msgs/include/actionlib_msgs/actionlib_msgs
[0.548s] -- Up-to-date: /home/rassito/microros_ws/install/actionlib_msgs/include/actionlib_msgs/actionlib_msgs/msg
[0.548s] -- Up-to-date: /home/rassito/microros_ws/install/actionlib_msgs/include/actionlib_msgs/actionlib_msgs/msg/rosidl_typesupport_fastrtps_cpp__visibility_control.h
[0.548s] -- Up-to-date: /home/rassito/microros_ws/install/actionlib_msgs/include/actionlib_msgs/actionlib_msgs/msg/detail
[0.548s] -- Up-to-date: /home/rassito/microros_ws/install/actionlib_msgs/include/actionlib_msgs/actionlib_msgs/msg/detail/goal_id__rosidl_typesupport_fastrtps_cpp.hpp
[0.548s] -- Up-to-date: /home/rassito/microros_ws/install/actionlib_msgs/include/actionlib_msgs/actionlib_msgs/msg/detail/goal_status_array__rosidl_typesupport_fastrtps_cpp.hpp
[0.548s] -- Up-to-date: /home/rassito/microros_ws/install/actionlib_msgs/include/actionlib_msgs/actionlib_msgs/msg/detail/goal_status__rosidl_typesupport_fastrtps_cpp.hpp
[0.548s] -- Up-to-date: /home/rassito/microros_ws/install/actionlib_msgs/include/actionlib_msgs/actionlib_msgs/msg/detail/dds_fastrtps
[0.548s] -- Up-to-date: /home/rassito/microros_ws/install/actionlib_msgs/lib/libactionlib_msgs__rosidl_typesupport_fastrtps_cpp.so
[0.548s] -- Up-to-date: /home/rassito/microros_ws/install/actionlib_msgs/include/actionlib_msgs
[0.548s] -- Up-to-date: /home/rassito/microros_ws/install/actionlib_msgs/include/actionlib_msgs/msg
[0.549s] -- Up-to-date: /home/rassito/microros_ws/install/actionlib_msgs/include/actionlib_msgs/msg/detail
[0.549s] -- Up-to-date: /home/rassito/microros_ws/install/actionlib_msgs/include/actionlib_msgs/msg/detail/microxrcedds
[0.549s] -- Up-to-date: /home/rassito/microros_ws/install/actionlib_msgs/include/actionlib_msgs/msg/detail/goal_status__rosidl_typesupport_microxrcedds_c.h
[0.549s] -- Up-to-date: /home/rassito/microros_ws/install/actionlib_msgs/include/actionlib_msgs/msg/detail/goal_status_array__rosidl_typesupport_microxrcedds_c.h
[0.549s] -- Up-to-date: /home/rassito/microros_ws/install/actionlib_msgs/include/actionlib_msgs/msg/detail/goal_id__rosidl_typesupport_microxrcedds_c.h
[0.549s] -- Up-to-date: /home/rassito/microros_ws/install/actionlib_msgs/include/actionlib_msgs/msg/rosidl_typesupport_microxrcedds_c__visibility_control.h
[0.549s] -- Up-to-date: /home/rassito/microros_ws/install/actionlib_msgs/lib/libactionlib_msgs__rosidl_typesupport_microxrcedds_c.so
[0.549s] -- Up-to-date: /home/rassito/microros_ws/install/actionlib_msgs/include/actionlib_msgs/actionlib_msgs
[0.549s] -- Up-to-date: /home/rassito/microros_ws/install/actionlib_msgs/include/actionlib_msgs/actionlib_msgs/msg
[0.549s] -- Up-to-date: /home/rassito/microros_ws/install/actionlib_msgs/include/actionlib_msgs/actionlib_msgs/msg/rosidl_typesupport_introspection_c__visibility_control.h
[0.549s] -- Up-to-date: /home/rassito/microros_ws/install/actionlib_msgs/include/actionlib_msgs/actionlib_msgs/msg/detail
[0.549s] -- Up-to-date: /home/rassito/microros_ws/install/actionlib_msgs/include/actionlib_msgs/actionlib_msgs/msg/detail/goal_status__rosidl_typesupport_introspection_c.h
[0.549s] -- Installing: /home/rassito/microros_ws/install/actionlib_msgs/include/actionlib_msgs/actionlib_msgs/msg/detail/goal_id__type_support.c
[0.549s] -- Up-to-date: /home/rassito/microros_ws/install/actionlib_msgs/include/actionlib_msgs/actionlib_msgs/msg/detail/goal_id__rosidl_typesupport_introspection_c.h
[0.549s] -- Installing: /home/rassito/microros_ws/install/actionlib_msgs/include/actionlib_msgs/actionlib_msgs/msg/detail/goal_status__type_support.c
[0.549s] -- Up-to-date: /home/rassito/microros_ws/install/actionlib_msgs/include/actionlib_msgs/actionlib_msgs/msg/detail/goal_status_array__rosidl_typesupport_introspection_c.h
[0.549s] -- Installing: /home/rassito/microros_ws/install/actionlib_msgs/include/actionlib_msgs/actionlib_msgs/msg/detail/goal_status_array__type_support.c
[0.550s] -- Up-to-date: /home/rassito/microros_ws/install/actionlib_msgs/lib/libactionlib_msgs__rosidl_typesupport_introspection_c.so
[0.550s] -- Up-to-date: /home/rassito/microros_ws/install/actionlib_msgs/lib/libactionlib_msgs__rosidl_typesupport_c.so
[0.550s] -- Up-to-date: /home/rassito/microros_ws/install/actionlib_msgs/include/actionlib_msgs
[0.550s] -- Up-to-date: /home/rassito/microros_ws/install/actionlib_msgs/include/actionlib_msgs/msg
[0.550s] -- Up-to-date: /home/rassito/microros_ws/install/actionlib_msgs/include/actionlib_msgs/msg/rosidl_typesupport_microxrcedds_cpp__visibility_control.h
[0.550s] -- Up-to-date: /home/rassito/microros_ws/install/actionlib_msgs/include/actionlib_msgs/msg/detail
[0.550s] -- Up-to-date: /home/rassito/microros_ws/install/actionlib_msgs/include/actionlib_msgs/msg/detail/microxrcedds
[0.550s] -- Up-to-date: /home/rassito/microros_ws/install/actionlib_msgs/include/actionlib_msgs/msg/detail/microxrcedds/goal_status_array__type_support_cpp.cpp
[0.550s] -- Up-to-date: /home/rassito/microros_ws/install/actionlib_msgs/include/actionlib_msgs/msg/detail/microxrcedds/goal_id__type_support_cpp.cpp
[0.550s] -- Up-to-date: /home/rassito/microros_ws/install/actionlib_msgs/include/actionlib_msgs/msg/detail/microxrcedds/goal_status__type_support_cpp.cpp
[0.550s] -- Up-to-date: /home/rassito/microros_ws/install/actionlib_msgs/include/actionlib_msgs/msg/detail/goal_status__rosidl_typesupport_microxrcedds_cpp.hpp
[0.550s] -- Up-to-date: /home/rassito/microros_ws/install/actionlib_msgs/include/actionlib_msgs/msg/detail/goal_id__rosidl_typesupport_microxrcedds_cpp.hpp
[0.550s] -- Up-to-date: /home/rassito/microros_ws/install/actionlib_msgs/include/actionlib_msgs/msg/detail/goal_status_array__rosidl_typesupport_microxrcedds_cpp.hpp
[0.550s] -- Up-to-date: /home/rassito/microros_ws/install/actionlib_msgs/lib/libactionlib_msgs__rosidl_typesupport_microxrcedds_cpp.so
[0.550s] -- Up-to-date: /home/rassito/microros_ws/install/actionlib_msgs/include/actionlib_msgs/actionlib_msgs
[0.551s] -- Up-to-date: /home/rassito/microros_ws/install/actionlib_msgs/include/actionlib_msgs/actionlib_msgs/msg
[0.551s] -- Up-to-date: /home/rassito/microros_ws/install/actionlib_msgs/include/actionlib_msgs/actionlib_msgs/msg/detail
[0.551s] -- Up-to-date: /home/rassito/microros_ws/install/actionlib_msgs/include/actionlib_msgs/actionlib_msgs/msg/detail/goal_status_array__rosidl_typesupport_introspection_cpp.hpp
[0.551s] -- Up-to-date: /home/rassito/microros_ws/install/actionlib_msgs/include/actionlib_msgs/actionlib_msgs/msg/detail/goal_id__rosidl_typesupport_introspection_cpp.hpp
[0.551s] -- Up-to-date: /home/rassito/microros_ws/install/actionlib_msgs/include/actionlib_msgs/actionlib_msgs/msg/detail/goal_status_array__type_support.cpp
[0.551s] -- Up-to-date: /home/rassito/microros_ws/install/actionlib_msgs/include/actionlib_msgs/actionlib_msgs/msg/detail/goal_status__rosidl_typesupport_introspection_cpp.hpp
[0.551s] -- Up-to-date: /home/rassito/microros_ws/install/actionlib_msgs/include/actionlib_msgs/actionlib_msgs/msg/detail/goal_status__type_support.cpp
[0.551s] -- Up-to-date: /home/rassito/microros_ws/install/actionlib_msgs/include/actionlib_msgs/actionlib_msgs/msg/detail/goal_id__type_support.cpp
[0.551s] -- Up-to-date: /home/rassito/microros_ws/install/actionlib_msgs/lib/libactionlib_msgs__rosidl_typesupport_introspection_cpp.so
[0.551s] -- Up-to-date: /home/rassito/microros_ws/install/actionlib_msgs/lib/libactionlib_msgs__rosidl_typesupport_cpp.so
[0.551s] -- Up-to-date: /home/rassito/microros_ws/install/actionlib_msgs/share/actionlib_msgs/environment/pythonpath.sh
[0.551s] -- Up-to-date: /home/rassito/microros_ws/install/actionlib_msgs/share/actionlib_msgs/environment/pythonpath.dsv
[0.551s] -- Up-to-date: /home/rassito/microros_ws/install/actionlib_msgs/lib/python3.12/site-packages/actionlib_msgs-5.3.5-py3.12.egg-info
[0.551s] -- Installing: /home/rassito/microros_ws/install/actionlib_msgs/lib/python3.12/site-packages/actionlib_msgs-5.3.5-py3.12.egg-info/top_level.txt
[0.551s] -- Installing: /home/rassito/microros_ws/install/actionlib_msgs/lib/python3.12/site-packages/actionlib_msgs-5.3.5-py3.12.egg-info/PKG-INFO
[0.551s] -- Installing: /home/rassito/microros_ws/install/actionlib_msgs/lib/python3.12/site-packages/actionlib_msgs-5.3.5-py3.12.egg-info/dependency_links.txt
[0.551s] -- Installing: /home/rassito/microros_ws/install/actionlib_msgs/lib/python3.12/site-packages/actionlib_msgs-5.3.5-py3.12.egg-info/SOURCES.txt
[0.551s] -- Up-to-date: /home/rassito/microros_ws/install/actionlib_msgs/lib/python3.12/site-packages/actionlib_msgs
[0.551s] -- Up-to-date: /home/rassito/microros_ws/install/actionlib_msgs/lib/python3.12/site-packages/actionlib_msgs/_actionlib_msgs_s.ep.rosidl_typesupport_fastrtps_c.c
[0.551s] -- Up-to-date: /home/rassito/microros_ws/install/actionlib_msgs/lib/python3.12/site-packages/actionlib_msgs/actionlib_msgs_s__rosidl_typesupport_microxrcedds_c.so
[0.551s] -- Up-to-date: /home/rassito/microros_ws/install/actionlib_msgs/lib/python3.12/site-packages/actionlib_msgs/_actionlib_msgs_s.ep.rosidl_typesupport_introspection_c.c
[0.551s] -- Up-to-date: /home/rassito/microros_ws/install/actionlib_msgs/lib/python3.12/site-packages/actionlib_msgs/actionlib_msgs_s__rosidl_typesupport_fastrtps_c.so
[0.552s] -- Up-to-date: /home/rassito/microros_ws/install/actionlib_msgs/lib/python3.12/site-packages/actionlib_msgs/_actionlib_msgs_s.ep.rosidl_typesupport_microxrcedds_c.c
[0.552s] -- Up-to-date: /home/rassito/microros_ws/install/actionlib_msgs/lib/python3.12/site-packages/actionlib_msgs/_actionlib_msgs_s.ep.rosidl_typesupport_c.c
[0.552s] -- Up-to-date: /home/rassito/microros_ws/install/actionlib_msgs/lib/python3.12/site-packages/actionlib_msgs/actionlib_msgs_s__rosidl_typesupport_introspection_c.so
[0.552s] -- Up-to-date: /home/rassito/microros_ws/install/actionlib_msgs/lib/python3.12/site-packages/actionlib_msgs/actionlib_msgs_s__rosidl_typesupport_c.so
[0.552s] -- Up-to-date: /home/rassito/microros_ws/install/actionlib_msgs/lib/python3.12/site-packages/actionlib_msgs/msg
[0.552s] -- Up-to-date: /home/rassito/microros_ws/install/actionlib_msgs/lib/python3.12/site-packages/actionlib_msgs/msg/_goal_id.py
[0.552s] -- Up-to-date: /home/rassito/microros_ws/install/actionlib_msgs/lib/python3.12/site-packages/actionlib_msgs/msg/_goal_status_s.c
[0.552s] -- Up-to-date: /home/rassito/microros_ws/install/actionlib_msgs/lib/python3.12/site-packages/actionlib_msgs/msg/_goal_status_array_s.c
[0.552s] -- Up-to-date: /home/rassito/microros_ws/install/actionlib_msgs/lib/python3.12/site-packages/actionlib_msgs/msg/_goal_status.py
[0.552s] -- Up-to-date: /home/rassito/microros_ws/install/actionlib_msgs/lib/python3.12/site-packages/actionlib_msgs/msg/_goal_status_array.py
[0.552s] -- Up-to-date: /home/rassito/microros_ws/install/actionlib_msgs/lib/python3.12/site-packages/actionlib_msgs/msg/_goal_id_s.c
[0.552s] -- Up-to-date: /home/rassito/microros_ws/install/actionlib_msgs/lib/python3.12/site-packages/actionlib_msgs/msg/__init__.py
[0.552s] -- Up-to-date: /home/rassito/microros_ws/install/actionlib_msgs/lib/python3.12/site-packages/actionlib_msgs/__init__.py
[0.586s] Listing '/home/rassito/microros_ws/install/actionlib_msgs/lib/python3.12/site-packages/actionlib_msgs'...
[0.586s] Listing '/home/rassito/microros_ws/install/actionlib_msgs/lib/python3.12/site-packages/actionlib_msgs/msg'...
[0.589s] -- Up-to-date: /home/rassito/microros_ws/install/actionlib_msgs/lib/python3.12/site-packages/actionlib_msgs/actionlib_msgs_s__rosidl_typesupport_microxrcedds_c.so
[0.589s] -- Up-to-date: /home/rassito/microros_ws/install/actionlib_msgs/lib/python3.12/site-packages/actionlib_msgs/actionlib_msgs_s__rosidl_typesupport_fastrtps_c.so
[0.590s] -- Up-to-date: /home/rassito/microros_ws/install/actionlib_msgs/lib/python3.12/site-packages/actionlib_msgs/actionlib_msgs_s__rosidl_typesupport_introspection_c.so
[0.590s] -- Up-to-date: /home/rassito/microros_ws/install/actionlib_msgs/lib/python3.12/site-packages/actionlib_msgs/actionlib_msgs_s__rosidl_typesupport_c.so
[0.590s] -- Up-to-date: /home/rassito/microros_ws/install/actionlib_msgs/lib/libactionlib_msgs__rosidl_generator_py.so
[0.590s] -- Up-to-date: /home/rassito/microros_ws/install/actionlib_msgs/share/actionlib_msgs/msg/GoalID.idl
[0.590s] -- Up-to-date: /home/rassito/microros_ws/install/actionlib_msgs/share/actionlib_msgs/msg/GoalStatus.idl
[0.590s] -- Up-to-date: /home/rassito/microros_ws/install/actionlib_msgs/share/actionlib_msgs/msg/GoalStatusArray.idl
[0.590s] -- Up-to-date: /home/rassito/microros_ws/install/actionlib_msgs/share/actionlib_msgs/msg/GoalID.msg
[0.590s] -- Up-to-date: /home/rassito/microros_ws/install/actionlib_msgs/share/actionlib_msgs/msg/GoalStatus.msg
[0.590s] -- Up-to-date: /home/rassito/microros_ws/install/actionlib_msgs/share/actionlib_msgs/msg/GoalStatusArray.msg
[0.590s] -- Up-to-date: /home/rassito/microros_ws/install/actionlib_msgs/share/ament_index/resource_index/package_run_dependencies/actionlib_msgs
[0.590s] -- Up-to-date: /home/rassito/microros_ws/install/actionlib_msgs/share/ament_index/resource_index/parent_prefix_path/actionlib_msgs
[0.590s] -- Up-to-date: /home/rassito/microros_ws/install/actionlib_msgs/share/actionlib_msgs/environment/ament_prefix_path.sh
[0.590s] -- Up-to-date: /home/rassito/microros_ws/install/actionlib_msgs/share/actionlib_msgs/environment/ament_prefix_path.dsv
[0.590s] -- Up-to-date: /home/rassito/microros_ws/install/actionlib_msgs/share/actionlib_msgs/environment/path.sh
[0.590s] -- Up-to-date: /home/rassito/microros_ws/install/actionlib_msgs/share/actionlib_msgs/environment/path.dsv
[0.590s] -- Up-to-date: /home/rassito/microros_ws/install/actionlib_msgs/share/actionlib_msgs/local_setup.bash
[0.590s] -- Up-to-date: /home/rassito/microros_ws/install/actionlib_msgs/share/actionlib_msgs/local_setup.sh
[0.590s] -- Up-to-date: /home/rassito/microros_ws/install/actionlib_msgs/share/actionlib_msgs/local_setup.zsh
[0.590s] -- Up-to-date: /home/rassito/microros_ws/install/actionlib_msgs/share/actionlib_msgs/local_setup.dsv
[0.590s] -- Installing: /home/rassito/microros_ws/install/actionlib_msgs/share/actionlib_msgs/package.dsv
[0.590s] -- Up-to-date: /home/rassito/microros_ws/install/actionlib_msgs/share/ament_index/resource_index/packages/actionlib_msgs
[0.591s] -- Up-to-date: /home/rassito/microros_ws/install/actionlib_msgs/share/actionlib_msgs/cmake/export_actionlib_msgs__rosidl_generator_cExport.cmake
[0.591s] -- Up-to-date: /home/rassito/microros_ws/install/actionlib_msgs/share/actionlib_msgs/cmake/export_actionlib_msgs__rosidl_generator_cExport-noconfig.cmake
[0.591s] -- Up-to-date: /home/rassito/microros_ws/install/actionlib_msgs/share/actionlib_msgs/cmake/export_actionlib_msgs__rosidl_typesupport_fastrtps_cExport.cmake
[0.591s] -- Up-to-date: /home/rassito/microros_ws/install/actionlib_msgs/share/actionlib_msgs/cmake/export_actionlib_msgs__rosidl_typesupport_fastrtps_cExport-noconfig.cmake
[0.591s] -- Up-to-date: /home/rassito/microros_ws/install/actionlib_msgs/share/actionlib_msgs/cmake/export_actionlib_msgs__rosidl_generator_cppExport.cmake
[0.591s] -- Up-to-date: /home/rassito/microros_ws/install/actionlib_msgs/share/actionlib_msgs/cmake/export_actionlib_msgs__rosidl_typesupport_fastrtps_cppExport.cmake
[0.591s] -- Up-to-date: /home/rassito/microros_ws/install/actionlib_msgs/share/actionlib_msgs/cmake/export_actionlib_msgs__rosidl_typesupport_fastrtps_cppExport-noconfig.cmake
[0.591s] -- Up-to-date: /home/rassito/microros_ws/install/actionlib_msgs/share/actionlib_msgs/cmake/actionlib_msgs__rosidl_typesupport_introspection_cExport.cmake
[0.591s] -- Up-to-date: /home/rassito/microros_ws/install/actionlib_msgs/share/actionlib_msgs/cmake/actionlib_msgs__rosidl_typesupport_introspection_cExport-noconfig.cmake
[0.591s] -- Up-to-date: /home/rassito/microros_ws/install/actionlib_msgs/share/actionlib_msgs/cmake/actionlib_msgs__rosidl_typesupport_cExport.cmake
[0.591s] -- Up-to-date: /home/rassito/microros_ws/install/actionlib_msgs/share/actionlib_msgs/cmake/actionlib_msgs__rosidl_typesupport_cExport-noconfig.cmake
[0.591s] -- Up-to-date: /home/rassito/microros_ws/install/actionlib_msgs/share/actionlib_msgs/cmake/actionlib_msgs__rosidl_typesupport_introspection_cppExport.cmake
[0.591s] -- Up-to-date: /home/rassito/microros_ws/install/actionlib_msgs/share/actionlib_msgs/cmake/actionlib_msgs__rosidl_typesupport_introspection_cppExport-noconfig.cmake
[0.591s] -- Up-to-date: /home/rassito/microros_ws/install/actionlib_msgs/share/actionlib_msgs/cmake/actionlib_msgs__rosidl_typesupport_cppExport.cmake
[0.591s] -- Up-to-date: /home/rassito/microros_ws/install/actionlib_msgs/share/actionlib_msgs/cmake/actionlib_msgs__rosidl_typesupport_cppExport-noconfig.cmake
[0.591s] -- Up-to-date: /home/rassito/microros_ws/install/actionlib_msgs/share/actionlib_msgs/cmake/export_actionlib_msgs__rosidl_generator_pyExport.cmake
[0.591s] -- Up-to-date: /home/rassito/microros_ws/install/actionlib_msgs/share/actionlib_msgs/cmake/export_actionlib_msgs__rosidl_generator_pyExport-noconfig.cmake
[0.591s] -- Up-to-date: /home/rassito/microros_ws/install/actionlib_msgs/share/actionlib_msgs/cmake/rosidl_cmake-extras.cmake
[0.591s] -- Up-to-date: /home/rassito/microros_ws/install/actionlib_msgs/share/actionlib_msgs/cmake/ament_cmake_export_dependencies-extras.cmake
[0.591s] -- Up-to-date: /home/rassito/microros_ws/install/actionlib_msgs/share/actionlib_msgs/cmake/ament_cmake_export_include_directories-extras.cmake
[0.591s] -- Up-to-date: /home/rassito/microros_ws/install/actionlib_msgs/share/actionlib_msgs/cmake/ament_cmake_export_libraries-extras.cmake
[0.591s] -- Up-to-date: /home/rassito/microros_ws/install/actionlib_msgs/share/actionlib_msgs/cmake/ament_cmake_export_targets-extras.cmake
[0.592s] -- Up-to-date: /home/rassito/microros_ws/install/actionlib_msgs/share/actionlib_msgs/cmake/rosidl_cmake_export_typesupport_targets-extras.cmake
[0.592s] -- Up-to-date: /home/rassito/microros_ws/install/actionlib_msgs/share/actionlib_msgs/cmake/rosidl_cmake_export_typesupport_libraries-extras.cmake
[0.592s] -- Up-to-date: /home/rassito/microros_ws/install/actionlib_msgs/share/actionlib_msgs/cmake/actionlib_msgsConfig.cmake
[0.592s] -- Up-to-date: /home/rassito/microros_ws/install/actionlib_msgs/share/actionlib_msgs/cmake/actionlib_msgsConfig-version.cmake
[0.592s] -- Up-to-date: /home/rassito/microros_ws/install/actionlib_msgs/share/actionlib_msgs/package.xml
[0.601s] Invoked command in '/home/rassito/microros_ws/build/actionlib_msgs' returned '0': CMAKE_PREFIX_PATH=/home/rassito/microros_ws/install/std_msgs:/home/rassito/microros_ws/install/builtin_interfaces:/home/rassito/microros_ws/install/micro_ros_demos_rclc:/home/rassito/microros_ws/install/common_interfaces:/home/rassito/microros_ws/install/visualization_msgs:/home/rassito/microros_ws/install/action_msgs:/home/rassito/microros_ws/install/unique_identifier_msgs:/home/rassito/microros_ws/install/type_description_interfaces:/home/rassito/microros_ws/install/trajectory_msgs:/home/rassito/microros_ws/install/test_msgs:/home/rassito/microros_ws/install/test_interface_files:/home/rassito/microros_ws/install/stereo_msgs:/home/rassito/microros_ws/install/std_srvs:/home/rassito/microros_ws/install/shape_msgs:/home/rassito/microros_ws/install/sensor_msgs:/home/rassito/microros_ws/install/nav_msgs:/home/rassito/microros_ws/install/diagnostic_msgs:/home/rassito/microros_ws/install/geometry_msgs:/home/rassito/microros_ws/install/drive_base_msgs:/home/rassito/microros_ws/install/actionlib_msgs:/home/rassito/microros_ws/install/statistics_msgs:/home/rassito/microros_ws/install/service_msgs:/home/rassito/microros_ws/install/rosidl_typesupport_microxrcedds_test_msg:/home/rassito/microros_ws/install/rosidl_typesupport_microxrcedds_cpp_tests:/home/rassito/microros_ws/install/rmw_microxrcedds:/home/rassito/microros_ws/install/rosidl_typesupport_microxrcedds_cpp:/home/rassito/microros_ws/install/rosidl_typesupport_microxrcedds_c_tests:/home/rassito/microros_ws/install/rosidl_typesupport_microxrcedds_c:/home/rassito/microros_ws/install/rosgraph_msgs:/home/rassito/microros_ws/install/rclc_parameter:/home/rassito/microros_ws/install/rclc:/home/rassito/microros_ws/install/composition_interfaces:/home/rassito/microros_ws/install/rcl_interfaces:/home/rassito/microros_ws/install/microxrcedds_client:/home/rassito/microros_ws/install/microcdr:/home/rassito/microros_ws/install/micro_ros_utilities:/home/rassito/microros_ws/install/micro_ros_setup:/home/rassito/microros_ws/install/micro_ros_agent:/home/rassito/microros_ws/install/micro_ros_msgs:/home/rassito/microros_ws/install/lifecycle_msgs:/home/rassito/microros_ws/install/example_interfaces:/home/rassito/microros_ws/install/complex_msgs:/opt/ros/jazzy/opt/sdformat_vendor:/opt/ros/jazzy/opt/gz_math_vendor:/opt/ros/jazzy/opt/gz_utils_vendor:/opt/ros/jazzy/opt/gz_tools_vendor:/opt/ros/jazzy/opt/gz_cmake_vendor:/home/rassito/microros_ws/install/sensor_msgs_py:/home/rassito/ros_ws/install/super_pkg:/opt/ros/jazzy DEBUGINFOD_URLS=https://debuginfod.ubuntu.com LD_LIBRARY_PATH=/home/rassito/microros_ws/install/std_msgs/lib:/home/rassito/microros_ws/install/builtin_interfaces/lib:/home/rassito/microros_ws/install/visualization_msgs/lib:/home/rassito/microros_ws/install/action_msgs/lib:/home/rassito/microros_ws/install/unique_identifier_msgs/lib:/home/rassito/microros_ws/install/type_description_interfaces/lib:/home/rassito/microros_ws/install/trajectory_msgs/lib:/home/rassito/microros_ws/install/test_msgs/lib:/home/rassito/microros_ws/install/stereo_msgs/lib:/home/rassito/microros_ws/install/std_srvs/lib:/home/rassito/microros_ws/install/shape_msgs/lib:/home/rassito/microros_ws/install/sensor_msgs/lib:/home/rassito/microros_ws/install/nav_msgs/lib:/home/rassito/microros_ws/install/diagnostic_msgs/lib:/home/rassito/microros_ws/install/geometry_msgs/lib:/home/rassito/microros_ws/install/drive_base_msgs/lib:/home/rassito/microros_ws/install/actionlib_msgs/lib:/home/rassito/microros_ws/install/statistics_msgs/lib:/home/rassito/microros_ws/install/service_msgs/lib:/home/rassito/microros_ws/install/rmw_microxrcedds/lib:/home/rassito/microros_ws/install/rosidl_typesupport_microxrcedds_cpp/lib:/home/rassito/microros_ws/install/rosidl_typesupport_microxrcedds_c/lib:/home/rassito/microros_ws/install/rosgraph_msgs/lib:/home/rassito/microros_ws/install/rclc_parameter/lib:/home/rassito/microros_ws/install/rclc/lib:/home/rassito/microros_ws/install/composition_interfaces/lib:/home/rassito/microros_ws/install/rcl_interfaces/lib:/home/rassito/microros_ws/install/microxrcedds_client/lib:/home/rassito/microros_ws/install/microcdr/lib:/home/rassito/microros_ws/install/micro_ros_utilities/lib:/home/rassito/microros_ws/install/micro_ros_agent/lib:/home/rassito/microros_ws/install/micro_ros_msgs/lib:/home/rassito/microros_ws/install/lifecycle_msgs/lib:/home/rassito/microros_ws/install/example_interfaces/lib:/home/rassito/microros_ws/install/complex_msgs/lib:/opt/ros/jazzy/opt/sdformat_vendor/lib:/opt/ros/jazzy/opt/rviz_ogre_vendor/lib:/opt/ros/jazzy/lib/x86_64-linux-gnu:/opt/ros/jazzy/opt/gz_math_vendor/lib:/opt/ros/jazzy/opt/gz_utils_vendor/lib:/opt/ros/jazzy/opt/gz_tools_vendor/lib:/opt/ros/jazzy/opt/gz_cmake_vendor/lib:/opt/ros/jazzy/lib PYTHONPATH=/home/rassito/microros_ws/install/std_msgs/lib/python3.12/site-packages:/home/rassito/microros_ws/install/builtin_interfaces/lib/python3.12/site-packages:/home/rassito/microros_ws/install/visualization_msgs/lib/python3.12/site-packages:/home/rassito/microros_ws/install/action_msgs/lib/python3.12/site-packages:/home/rassito/microros_ws/install/unique_identifier_msgs/lib/python3.12/site-packages:/home/rassito/microros_ws/install/type_description_interfaces/lib/python3.12/site-packages:/home/rassito/microros_ws/install/trajectory_msgs/lib/python3.12/site-packages:/home/rassito/microros_ws/install/test_msgs/lib/python3.12/site-packages:/home/rassito/microros_ws/install/stereo_msgs/lib/python3.12/site-packages:/home/rassito/microros_ws/install/std_srvs/lib/python3.12/site-packages:/home/rassito/microros_ws/install/shape_msgs/lib/python3.12/site-packages:/home/rassito/microros_ws/install/sensor_msgs_py/lib/python3.12/site-packages:/home/rassito/microros_ws/install/sensor_msgs/lib/python3.12/site-packages:/home/rassito/microros_ws/install/nav_msgs/lib/python3.12/site-packages:/home/rassito/microros_ws/install/diagnostic_msgs/lib/python3.12/site-packages:/home/rassito/microros_ws/install/geometry_msgs/lib/python3.12/site-packages:/home/rassito/microros_ws/install/drive_base_msgs/lib/python3.12/site-packages:/home/rassito/microros_ws/install/actionlib_msgs/lib/python3.12/site-packages:/home/rassito/microros_ws/install/statistics_msgs/lib/python3.12/site-packages:/home/rassito/microros_ws/install/service_msgs/lib/python3.12/site-packages:/home/rassito/microros_ws/install/rosidl_typesupport_microxrcedds_cpp/lib/python3.12/site-packages:/home/rassito/microros_ws/install/rosidl_typesupport_microxrcedds_c/lib/python3.12/site-packages:/home/rassito/microros_ws/install/rosgraph_msgs/lib/python3.12/site-packages:/home/rassito/microros_ws/install/composition_interfaces/lib/python3.12/site-packages:/home/rassito/microros_ws/install/rcl_interfaces/lib/python3.12/site-packages:/home/rassito/microros_ws/install/micro_ros_msgs/lib/python3.12/site-packages:/home/rassito/microros_ws/install/lifecycle_msgs/lib/python3.12/site-packages:/home/rassito/microros_ws/install/example_interfaces/lib/python3.12/site-packages:/home/rassito/microros_ws/install/complex_msgs/lib/python3.12/site-packages:/home/rassito/ros_ws/build/super_pkg:/home/rassito/ros_ws/install/super_pkg/lib/python3.12/site-packages:/opt/ros/jazzy/lib/python3.12/site-packages /usr/bin/cmake --install /home/rassito/microros_ws/build/actionlib_msgs
