[0.013s] Invoking command in '/home/rassito/microros_ws/build/stereo_msgs': AMENT_PREFIX_PATH=/home/rassito/microros_ws/install/sensor_msgs:/home/rassito/microros_ws/install/geometry_msgs:/home/rassito/microros_ws/install/std_msgs:/home/rassito/microros_ws/install/builtin_interfaces:${AMENT_PREFIX_PATH} CMAKE_PREFIX_PATH=/home/rassito/microros_ws/install/sensor_msgs:/home/rassito/microros_ws/install/geometry_msgs:/home/rassito/microros_ws/install/std_msgs:/home/rassito/microros_ws/install/builtin_interfaces:/opt/ros/jazzy/opt/sdformat_vendor:/opt/ros/jazzy/opt/gz_math_vendor:/opt/ros/jazzy/opt/gz_utils_vendor:/opt/ros/jazzy/opt/gz_tools_vendor:/opt/ros/jazzy/opt/gz_cmake_vendor:/home/rassito/ros_ws/install/super_pkg:/opt/ros/jazzy DEBUGINFOD_URLS=https://debuginfod.ubuntu.com LD_LIBRARY_PATH=/home/rassito/microros_ws/install/sensor_msgs/lib:/home/rassito/microros_ws/install/geometry_msgs/lib:/home/rassito/microros_ws/install/std_msgs/lib:/home/rassito/microros_ws/install/builtin_interfaces/lib:${LD_LIBRARY_PATH} PYTHONPATH=/home/rassito/microros_ws/install/sensor_msgs/lib/python3.12/site-packages:/home/rassito/microros_ws/install/geometry_msgs/lib/python3.12/site-packages:/home/rassito/microros_ws/install/std_msgs/lib/python3.12/site-packages:/home/rassito/microros_ws/install/builtin_interfaces/lib/python3.12/site-packages:${PYTHONPATH} /usr/bin/cmake /home/rassito/microros_ws/src/ros2/common_interfaces/stereo_msgs -DCMAKE_INSTALL_PREFIX=/home/rassito/microros_ws/install/stereo_msgs
[0.022s] -- Found ament_cmake: 2.5.3 (/opt/ros/jazzy/share/ament_cmake/cmake)
[0.040s] -- Found Python3: /usr/bin/python3 (found version "3.12.3") found components: Interpreter 
[0.095s] -- Found rosidl_default_generators: 1.6.0 (/opt/ros/jazzy/share/rosidl_default_generators/cmake)
[0.098s] -- Using all available rosidl_typesupport_c: rosidl_typesupport_fastrtps_c;rosidl_typesupport_introspection_c
[0.120s] -- Using all available rosidl_typesupport_cpp: rosidl_typesupport_fastrtps_cpp;rosidl_typesupport_introspection_cpp
[0.139s] -- Found rosidl_adapter: 4.6.5 (/opt/ros/jazzy/share/rosidl_adapter/cmake)
[0.140s] -- Found sensor_msgs: 5.3.5 (/home/rassito/microros_ws/install/sensor_msgs/share/sensor_msgs/cmake)
[0.409s] -- Found ament_cmake_ros: 0.12.0 (/opt/ros/jazzy/share/ament_cmake_ros/cmake)
[0.564s] -- Using all available rosidl_typesupport_c: rosidl_typesupport_fastrtps_c;rosidl_typesupport_introspection_c
[0.774s] -- Using all available rosidl_typesupport_cpp: rosidl_typesupport_fastrtps_cpp;rosidl_typesupport_introspection_cpp
[0.774s] -- Found python_cmake_module: 0.11.1 (/opt/ros/jazzy/share/python_cmake_module/cmake)
[0.953s] -- Found Python3: /usr/bin/python3 (found version "3.12.3") found components: Interpreter Development NumPy Development.Module Development.Embed 
[0.998s] -- Configuring done (1.0s)
[1.045s] -- Generating done (0.0s)
[1.054s] -- Build files have been written to: /home/rassito/microros_ws/build/stereo_msgs
[1.059s] Invoked command in '/home/rassito/microros_ws/build/stereo_msgs' returned '0': AMENT_PREFIX_PATH=/home/rassito/microros_ws/install/sensor_msgs:/home/rassito/microros_ws/install/geometry_msgs:/home/rassito/microros_ws/install/std_msgs:/home/rassito/microros_ws/install/builtin_interfaces:${AMENT_PREFIX_PATH} CMAKE_PREFIX_PATH=/home/rassito/microros_ws/install/sensor_msgs:/home/rassito/microros_ws/install/geometry_msgs:/home/rassito/microros_ws/install/std_msgs:/home/rassito/microros_ws/install/builtin_interfaces:/opt/ros/jazzy/opt/sdformat_vendor:/opt/ros/jazzy/opt/gz_math_vendor:/opt/ros/jazzy/opt/gz_utils_vendor:/opt/ros/jazzy/opt/gz_tools_vendor:/opt/ros/jazzy/opt/gz_cmake_vendor:/home/rassito/ros_ws/install/super_pkg:/opt/ros/jazzy DEBUGINFOD_URLS=https://debuginfod.ubuntu.com LD_LIBRARY_PATH=/home/rassito/microros_ws/install/sensor_msgs/lib:/home/rassito/microros_ws/install/geometry_msgs/lib:/home/rassito/microros_ws/install/std_msgs/lib:/home/rassito/microros_ws/install/builtin_interfaces/lib:${LD_LIBRARY_PATH} PYTHONPATH=/home/rassito/microros_ws/install/sensor_msgs/lib/python3.12/site-packages:/home/rassito/microros_ws/install/geometry_msgs/lib/python3.12/site-packages:/home/rassito/microros_ws/install/std_msgs/lib/python3.12/site-packages:/home/rassito/microros_ws/install/builtin_interfaces/lib/python3.12/site-packages:${PYTHONPATH} /usr/bin/cmake /home/rassito/microros_ws/src/ros2/common_interfaces/stereo_msgs -DCMAKE_INSTALL_PREFIX=/home/rassito/microros_ws/install/stereo_msgs
[1.060s] Invoking command in '/home/rassito/microros_ws/build/stereo_msgs': AMENT_PREFIX_PATH=/home/rassito/microros_ws/install/sensor_msgs:/home/rassito/microros_ws/install/geometry_msgs:/home/rassito/microros_ws/install/std_msgs:/home/rassito/microros_ws/install/builtin_interfaces:${AMENT_PREFIX_PATH} CMAKE_PREFIX_PATH=/home/rassito/microros_ws/install/sensor_msgs:/home/rassito/microros_ws/install/geometry_msgs:/home/rassito/microros_ws/install/std_msgs:/home/rassito/microros_ws/install/builtin_interfaces:/opt/ros/jazzy/opt/sdformat_vendor:/opt/ros/jazzy/opt/gz_math_vendor:/opt/ros/jazzy/opt/gz_utils_vendor:/opt/ros/jazzy/opt/gz_tools_vendor:/opt/ros/jazzy/opt/gz_cmake_vendor:/home/rassito/ros_ws/install/super_pkg:/opt/ros/jazzy DEBUGINFOD_URLS=https://debuginfod.ubuntu.com LD_LIBRARY_PATH=/home/rassito/microros_ws/install/sensor_msgs/lib:/home/rassito/microros_ws/install/geometry_msgs/lib:/home/rassito/microros_ws/install/std_msgs/lib:/home/rassito/microros_ws/install/builtin_interfaces/lib:${LD_LIBRARY_PATH} PYTHONPATH=/home/rassito/microros_ws/install/sensor_msgs/lib/python3.12/site-packages:/home/rassito/microros_ws/install/geometry_msgs/lib/python3.12/site-packages:/home/rassito/microros_ws/install/std_msgs/lib/python3.12/site-packages:/home/rassito/microros_ws/install/builtin_interfaces/lib/python3.12/site-packages:${PYTHONPATH} /usr/bin/cmake --build /home/rassito/microros_ws/build/stereo_msgs -- -j16 -l16
[1.089s] [  2%] Built target stereo_msgs__rosidl_generator_type_description
[1.096s] [  2%] Built target ament_cmake_python_copy_stereo_msgs
[1.102s] [  5%] Built target stereo_msgs__cpp
[1.104s] [ 20%] Built target stereo_msgs__rosidl_generator_c
[1.111s] [ 23%] [34m[1mGenerating C type support dispatch for ROS interfaces[0m
[1.111s] [ 26%] [34m[1mGenerating C++ type support dispatch for ROS interfaces[0m
[1.119s] [ 61%] Built target stereo_msgs__rosidl_typesupport_introspection_c
[1.119s] [ 61%] Built target stereo_msgs__rosidl_typesupport_introspection_cpp
[1.120s] [ 61%] Built target stereo_msgs__rosidl_typesupport_fastrtps_c
[1.120s] [ 61%] Built target stereo_msgs__rosidl_typesupport_fastrtps_cpp
[1.260s] running egg_info
[1.274s] writing stereo_msgs.egg-info/PKG-INFO
[1.274s] writing dependency_links to stereo_msgs.egg-info/dependency_links.txt
[1.274s] writing top-level names to stereo_msgs.egg-info/top_level.txt
[1.313s] [ 64%] [32mBuilding CXX object CMakeFiles/stereo_msgs__rosidl_typesupport_c.dir/rosidl_typesupport_c/stereo_msgs/msg/disparity_image__type_support.cpp.o[0m
[1.313s] [ 67%] [32mBuilding CXX object CMakeFiles/stereo_msgs__rosidl_typesupport_cpp.dir/rosidl_typesupport_cpp/stereo_msgs/msg/disparity_image__type_support.cpp.o[0m
[1.317s] reading manifest file 'stereo_msgs.egg-info/SOURCES.txt'
[1.317s] writing manifest file 'stereo_msgs.egg-info/SOURCES.txt'
[1.336s] [ 67%] Built target ament_cmake_python_build_stereo_msgs_egg
[1.343s] [ 70%] [32m[1mLinking CXX shared library libstereo_msgs__rosidl_typesupport_c.so[0m
[1.370s] [ 70%] Built target stereo_msgs__rosidl_typesupport_c
[1.516s] [ 73%] [32m[1mLinking CXX shared library libstereo_msgs__rosidl_typesupport_cpp.so[0m
[1.543s] [ 73%] Built target stereo_msgs__rosidl_typesupport_cpp
[1.556s] [ 73%] Built target stereo_msgs
[1.568s] [ 76%] Built target stereo_msgs__py
[1.582s] [ 79%] [32m[1mLinking C shared library libstereo_msgs__rosidl_generator_py.so[0m
[1.617s] [ 82%] Built target stereo_msgs__rosidl_generator_py
[1.632s] [ 91%] [32m[1mLinking C shared module rosidl_generator_py/stereo_msgs/stereo_msgs_s__rosidl_typesupport_c.so[0m
[1.633s] [ 91%] [32m[1mLinking C shared module rosidl_generator_py/stereo_msgs/stereo_msgs_s__rosidl_typesupport_fastrtps_c.so[0m
[1.633s] [ 91%] [32m[1mLinking C shared module rosidl_generator_py/stereo_msgs/stereo_msgs_s__rosidl_typesupport_introspection_c.so[0m
[1.653s] [ 94%] Built target stereo_msgs_s__rosidl_typesupport_c
[1.653s] [100%] Built target stereo_msgs_s__rosidl_typesupport_introspection_c
[1.653s] [100%] Built target stereo_msgs_s__rosidl_typesupport_fastrtps_c
[1.661s] Invoked command in '/home/rassito/microros_ws/build/stereo_msgs' returned '0': AMENT_PREFIX_PATH=/home/rassito/microros_ws/install/sensor_msgs:/home/rassito/microros_ws/install/geometry_msgs:/home/rassito/microros_ws/install/std_msgs:/home/rassito/microros_ws/install/builtin_interfaces:${AMENT_PREFIX_PATH} CMAKE_PREFIX_PATH=/home/rassito/microros_ws/install/sensor_msgs:/home/rassito/microros_ws/install/geometry_msgs:/home/rassito/microros_ws/install/std_msgs:/home/rassito/microros_ws/install/builtin_interfaces:/opt/ros/jazzy/opt/sdformat_vendor:/opt/ros/jazzy/opt/gz_math_vendor:/opt/ros/jazzy/opt/gz_utils_vendor:/opt/ros/jazzy/opt/gz_tools_vendor:/opt/ros/jazzy/opt/gz_cmake_vendor:/home/rassito/ros_ws/install/super_pkg:/opt/ros/jazzy DEBUGINFOD_URLS=https://debuginfod.ubuntu.com LD_LIBRARY_PATH=/home/rassito/microros_ws/install/sensor_msgs/lib:/home/rassito/microros_ws/install/geometry_msgs/lib:/home/rassito/microros_ws/install/std_msgs/lib:/home/rassito/microros_ws/install/builtin_interfaces/lib:${LD_LIBRARY_PATH} PYTHONPATH=/home/rassito/microros_ws/install/sensor_msgs/lib/python3.12/site-packages:/home/rassito/microros_ws/install/geometry_msgs/lib/python3.12/site-packages:/home/rassito/microros_ws/install/std_msgs/lib/python3.12/site-packages:/home/rassito/microros_ws/install/builtin_interfaces/lib/python3.12/site-packages:${PYTHONPATH} /usr/bin/cmake --build /home/rassito/microros_ws/build/stereo_msgs -- -j16 -l16
[1.661s] Invoking command in '/home/rassito/microros_ws/build/stereo_msgs': AMENT_PREFIX_PATH=/home/rassito/microros_ws/install/sensor_msgs:/home/rassito/microros_ws/install/geometry_msgs:/home/rassito/microros_ws/install/std_msgs:/home/rassito/microros_ws/install/builtin_interfaces:${AMENT_PREFIX_PATH} CMAKE_PREFIX_PATH=/home/rassito/microros_ws/install/sensor_msgs:/home/rassito/microros_ws/install/geometry_msgs:/home/rassito/microros_ws/install/std_msgs:/home/rassito/microros_ws/install/builtin_interfaces:/opt/ros/jazzy/opt/sdformat_vendor:/opt/ros/jazzy/opt/gz_math_vendor:/opt/ros/jazzy/opt/gz_utils_vendor:/opt/ros/jazzy/opt/gz_tools_vendor:/opt/ros/jazzy/opt/gz_cmake_vendor:/home/rassito/ros_ws/install/super_pkg:/opt/ros/jazzy DEBUGINFOD_URLS=https://debuginfod.ubuntu.com LD_LIBRARY_PATH=/home/rassito/microros_ws/install/sensor_msgs/lib:/home/rassito/microros_ws/install/geometry_msgs/lib:/home/rassito/microros_ws/install/std_msgs/lib:/home/rassito/microros_ws/install/builtin_interfaces/lib:${LD_LIBRARY_PATH} PYTHONPATH=/home/rassito/microros_ws/install/sensor_msgs/lib/python3.12/site-packages:/home/rassito/microros_ws/install/geometry_msgs/lib/python3.12/site-packages:/home/rassito/microros_ws/install/std_msgs/lib/python3.12/site-packages:/home/rassito/microros_ws/install/builtin_interfaces/lib/python3.12/site-packages:${PYTHONPATH} /usr/bin/cmake --install /home/rassito/microros_ws/build/stereo_msgs
[1.666s] -- Install configuration: ""
[1.667s] -- Up-to-date: /home/rassito/microros_ws/install/stereo_msgs/share/ament_index/resource_index/rosidl_interfaces/stereo_msgs
[1.667s] -- Up-to-date: /home/rassito/microros_ws/install/stereo_msgs/share/stereo_msgs/msg/DisparityImage.json
[1.667s] -- Up-to-date: /home/rassito/microros_ws/install/stereo_msgs/include/stereo_msgs/stereo_msgs
[1.667s] -- Up-to-date: /home/rassito/microros_ws/install/stereo_msgs/include/stereo_msgs/stereo_msgs/msg
[1.667s] -- Up-to-date: /home/rassito/microros_ws/install/stereo_msgs/include/stereo_msgs/stereo_msgs/msg/disparity_image.h
[1.667s] -- Up-to-date: /home/rassito/microros_ws/install/stereo_msgs/include/stereo_msgs/stereo_msgs/msg/detail
[1.667s] -- Up-to-date: /home/rassito/microros_ws/install/stereo_msgs/include/stereo_msgs/stereo_msgs/msg/detail/disparity_image__functions.h
[1.668s] -- Up-to-date: /home/rassito/microros_ws/install/stereo_msgs/include/stereo_msgs/stereo_msgs/msg/detail/disparity_image__description.c
[1.668s] -- Up-to-date: /home/rassito/microros_ws/install/stereo_msgs/include/stereo_msgs/stereo_msgs/msg/detail/disparity_image__functions.c
[1.668s] -- Up-to-date: /home/rassito/microros_ws/install/stereo_msgs/include/stereo_msgs/stereo_msgs/msg/detail/disparity_image__struct.h
[1.668s] -- Up-to-date: /home/rassito/microros_ws/install/stereo_msgs/include/stereo_msgs/stereo_msgs/msg/detail/disparity_image__type_support.h
[1.668s] -- Up-to-date: /home/rassito/microros_ws/install/stereo_msgs/include/stereo_msgs/stereo_msgs/msg/detail/disparity_image__type_support.c
[1.668s] -- Up-to-date: /home/rassito/microros_ws/install/stereo_msgs/include/stereo_msgs/stereo_msgs/msg/rosidl_generator_c__visibility_control.h
[1.668s] -- Up-to-date: /home/rassito/microros_ws/install/stereo_msgs/share/stereo_msgs/environment/library_path.sh
[1.668s] -- Up-to-date: /home/rassito/microros_ws/install/stereo_msgs/share/stereo_msgs/environment/library_path.dsv
[1.668s] -- Up-to-date: /home/rassito/microros_ws/install/stereo_msgs/lib/libstereo_msgs__rosidl_generator_c.so
[1.668s] -- Up-to-date: /home/rassito/microros_ws/install/stereo_msgs/include/stereo_msgs/stereo_msgs
[1.668s] -- Up-to-date: /home/rassito/microros_ws/install/stereo_msgs/include/stereo_msgs/stereo_msgs/msg
[1.668s] -- Up-to-date: /home/rassito/microros_ws/install/stereo_msgs/include/stereo_msgs/stereo_msgs/msg/rosidl_typesupport_fastrtps_c__visibility_control.h
[1.668s] -- Up-to-date: /home/rassito/microros_ws/install/stereo_msgs/include/stereo_msgs/stereo_msgs/msg/detail
[1.668s] -- Up-to-date: /home/rassito/microros_ws/install/stereo_msgs/include/stereo_msgs/stereo_msgs/msg/detail/disparity_image__rosidl_typesupport_fastrtps_c.h
[1.668s] -- Up-to-date: /home/rassito/microros_ws/install/stereo_msgs/lib/libstereo_msgs__rosidl_typesupport_fastrtps_c.so
[1.669s] -- Up-to-date: /home/rassito/microros_ws/install/stereo_msgs/include/stereo_msgs/stereo_msgs
[1.669s] -- Up-to-date: /home/rassito/microros_ws/install/stereo_msgs/include/stereo_msgs/stereo_msgs/msg
[1.669s] -- Up-to-date: /home/rassito/microros_ws/install/stereo_msgs/include/stereo_msgs/stereo_msgs/msg/rosidl_typesupport_introspection_c__visibility_control.h
[1.669s] -- Up-to-date: /home/rassito/microros_ws/install/stereo_msgs/include/stereo_msgs/stereo_msgs/msg/detail
[1.669s] -- Up-to-date: /home/rassito/microros_ws/install/stereo_msgs/include/stereo_msgs/stereo_msgs/msg/detail/disparity_image__rosidl_typesupport_introspection_c.h
[1.669s] -- Up-to-date: /home/rassito/microros_ws/install/stereo_msgs/include/stereo_msgs/stereo_msgs/msg/detail/disparity_image__type_support.c
[1.669s] -- Up-to-date: /home/rassito/microros_ws/install/stereo_msgs/lib/libstereo_msgs__rosidl_typesupport_introspection_c.so
[1.669s] -- Installing: /home/rassito/microros_ws/install/stereo_msgs/lib/libstereo_msgs__rosidl_typesupport_c.so
[1.670s] -- Set non-toolchain portion of runtime path of "/home/rassito/microros_ws/install/stereo_msgs/lib/libstereo_msgs__rosidl_typesupport_c.so" to ""
[1.670s] -- Up-to-date: /home/rassito/microros_ws/install/stereo_msgs/include/stereo_msgs/stereo_msgs
[1.670s] -- Up-to-date: /home/rassito/microros_ws/install/stereo_msgs/include/stereo_msgs/stereo_msgs/msg
[1.670s] -- Up-to-date: /home/rassito/microros_ws/install/stereo_msgs/include/stereo_msgs/stereo_msgs/msg/rosidl_generator_cpp__visibility_control.hpp
[1.670s] -- Up-to-date: /home/rassito/microros_ws/install/stereo_msgs/include/stereo_msgs/stereo_msgs/msg/disparity_image.hpp
[1.670s] -- Up-to-date: /home/rassito/microros_ws/install/stereo_msgs/include/stereo_msgs/stereo_msgs/msg/detail
[1.670s] -- Up-to-date: /home/rassito/microros_ws/install/stereo_msgs/include/stereo_msgs/stereo_msgs/msg/detail/disparity_image__type_support.hpp
[1.670s] -- Up-to-date: /home/rassito/microros_ws/install/stereo_msgs/include/stereo_msgs/stereo_msgs/msg/detail/disparity_image__builder.hpp
[1.670s] -- Up-to-date: /home/rassito/microros_ws/install/stereo_msgs/include/stereo_msgs/stereo_msgs/msg/detail/disparity_image__struct.hpp
[1.670s] -- Up-to-date: /home/rassito/microros_ws/install/stereo_msgs/include/stereo_msgs/stereo_msgs/msg/detail/disparity_image__traits.hpp
[1.670s] -- Up-to-date: /home/rassito/microros_ws/install/stereo_msgs/include/stereo_msgs/stereo_msgs
[1.670s] -- Up-to-date: /home/rassito/microros_ws/install/stereo_msgs/include/stereo_msgs/stereo_msgs/msg
[1.670s] -- Up-to-date: /home/rassito/microros_ws/install/stereo_msgs/include/stereo_msgs/stereo_msgs/msg/rosidl_typesupport_fastrtps_cpp__visibility_control.h
[1.670s] -- Up-to-date: /home/rassito/microros_ws/install/stereo_msgs/include/stereo_msgs/stereo_msgs/msg/detail
[1.670s] -- Up-to-date: /home/rassito/microros_ws/install/stereo_msgs/include/stereo_msgs/stereo_msgs/msg/detail/dds_fastrtps
[1.670s] -- Up-to-date: /home/rassito/microros_ws/install/stereo_msgs/include/stereo_msgs/stereo_msgs/msg/detail/disparity_image__rosidl_typesupport_fastrtps_cpp.hpp
[1.670s] -- Up-to-date: /home/rassito/microros_ws/install/stereo_msgs/lib/libstereo_msgs__rosidl_typesupport_fastrtps_cpp.so
[1.670s] -- Up-to-date: /home/rassito/microros_ws/install/stereo_msgs/include/stereo_msgs/stereo_msgs
[1.670s] -- Up-to-date: /home/rassito/microros_ws/install/stereo_msgs/include/stereo_msgs/stereo_msgs/msg
[1.670s] -- Up-to-date: /home/rassito/microros_ws/install/stereo_msgs/include/stereo_msgs/stereo_msgs/msg/detail
[1.670s] -- Up-to-date: /home/rassito/microros_ws/install/stereo_msgs/include/stereo_msgs/stereo_msgs/msg/detail/disparity_image__type_support.cpp
[1.671s] -- Up-to-date: /home/rassito/microros_ws/install/stereo_msgs/include/stereo_msgs/stereo_msgs/msg/detail/disparity_image__rosidl_typesupport_introspection_cpp.hpp
[1.671s] -- Up-to-date: /home/rassito/microros_ws/install/stereo_msgs/lib/libstereo_msgs__rosidl_typesupport_introspection_cpp.so
[1.671s] -- Installing: /home/rassito/microros_ws/install/stereo_msgs/lib/libstereo_msgs__rosidl_typesupport_cpp.so
[1.671s] -- Set non-toolchain portion of runtime path of "/home/rassito/microros_ws/install/stereo_msgs/lib/libstereo_msgs__rosidl_typesupport_cpp.so" to ""
[1.671s] -- Up-to-date: /home/rassito/microros_ws/install/stereo_msgs/share/stereo_msgs/environment/pythonpath.sh
[1.671s] -- Up-to-date: /home/rassito/microros_ws/install/stereo_msgs/share/stereo_msgs/environment/pythonpath.dsv
[1.672s] -- Up-to-date: /home/rassito/microros_ws/install/stereo_msgs/lib/python3.12/site-packages/stereo_msgs-5.3.5-py3.12.egg-info
[1.672s] -- Installing: /home/rassito/microros_ws/install/stereo_msgs/lib/python3.12/site-packages/stereo_msgs-5.3.5-py3.12.egg-info/top_level.txt
[1.672s] -- Installing: /home/rassito/microros_ws/install/stereo_msgs/lib/python3.12/site-packages/stereo_msgs-5.3.5-py3.12.egg-info/PKG-INFO
[1.672s] -- Installing: /home/rassito/microros_ws/install/stereo_msgs/lib/python3.12/site-packages/stereo_msgs-5.3.5-py3.12.egg-info/dependency_links.txt
[1.672s] -- Installing: /home/rassito/microros_ws/install/stereo_msgs/lib/python3.12/site-packages/stereo_msgs-5.3.5-py3.12.egg-info/SOURCES.txt
[1.672s] -- Up-to-date: /home/rassito/microros_ws/install/stereo_msgs/lib/python3.12/site-packages/stereo_msgs
[1.672s] -- Up-to-date: /home/rassito/microros_ws/install/stereo_msgs/lib/python3.12/site-packages/stereo_msgs/_stereo_msgs_s.ep.rosidl_typesupport_microxrcedds_c.c
[1.672s] -- Up-to-date: /home/rassito/microros_ws/install/stereo_msgs/lib/python3.12/site-packages/stereo_msgs/_stereo_msgs_s.ep.rosidl_typesupport_introspection_c.c
[1.672s] -- Installing: /home/rassito/microros_ws/install/stereo_msgs/lib/python3.12/site-packages/stereo_msgs/stereo_msgs_s__rosidl_typesupport_c.so
[1.672s] -- Up-to-date: /home/rassito/microros_ws/install/stereo_msgs/lib/python3.12/site-packages/stereo_msgs/_stereo_msgs_s.ep.rosidl_typesupport_fastrtps_c.c
[1.672s] -- Installing: /home/rassito/microros_ws/install/stereo_msgs/lib/python3.12/site-packages/stereo_msgs/stereo_msgs_s__rosidl_typesupport_fastrtps_c.so
[1.672s] -- Up-to-date: /home/rassito/microros_ws/install/stereo_msgs/lib/python3.12/site-packages/stereo_msgs/_stereo_msgs_s.ep.rosidl_typesupport_c.c
[1.672s] -- Installing: /home/rassito/microros_ws/install/stereo_msgs/lib/python3.12/site-packages/stereo_msgs/stereo_msgs_s__rosidl_typesupport_introspection_c.so
[1.673s] -- Up-to-date: /home/rassito/microros_ws/install/stereo_msgs/lib/python3.12/site-packages/stereo_msgs/stereo_msgs_s__rosidl_typesupport_microxrcedds_c.so
[1.673s] -- Up-to-date: /home/rassito/microros_ws/install/stereo_msgs/lib/python3.12/site-packages/stereo_msgs/msg
[1.673s] -- Up-to-date: /home/rassito/microros_ws/install/stereo_msgs/lib/python3.12/site-packages/stereo_msgs/msg/_disparity_image.py
[1.673s] -- Up-to-date: /home/rassito/microros_ws/install/stereo_msgs/lib/python3.12/site-packages/stereo_msgs/msg/_disparity_image_s.c
[1.673s] -- Up-to-date: /home/rassito/microros_ws/install/stereo_msgs/lib/python3.12/site-packages/stereo_msgs/msg/__init__.py
[1.673s] -- Installing: /home/rassito/microros_ws/install/stereo_msgs/lib/python3.12/site-packages/stereo_msgs/__init__.py
[1.700s] Listing '/home/rassito/microros_ws/install/stereo_msgs/lib/python3.12/site-packages/stereo_msgs'...
[1.700s] Compiling '/home/rassito/microros_ws/install/stereo_msgs/lib/python3.12/site-packages/stereo_msgs/__init__.py'...
[1.700s] Listing '/home/rassito/microros_ws/install/stereo_msgs/lib/python3.12/site-packages/stereo_msgs/msg'...
[1.704s] -- Installing: /home/rassito/microros_ws/install/stereo_msgs/lib/python3.12/site-packages/stereo_msgs/stereo_msgs_s__rosidl_typesupport_fastrtps_c.so
[1.704s] -- Set non-toolchain portion of runtime path of "/home/rassito/microros_ws/install/stereo_msgs/lib/python3.12/site-packages/stereo_msgs/stereo_msgs_s__rosidl_typesupport_fastrtps_c.so" to ""
[1.704s] -- Installing: /home/rassito/microros_ws/install/stereo_msgs/lib/python3.12/site-packages/stereo_msgs/stereo_msgs_s__rosidl_typesupport_introspection_c.so
[1.704s] -- Set non-toolchain portion of runtime path of "/home/rassito/microros_ws/install/stereo_msgs/lib/python3.12/site-packages/stereo_msgs/stereo_msgs_s__rosidl_typesupport_introspection_c.so" to ""
[1.704s] -- Installing: /home/rassito/microros_ws/install/stereo_msgs/lib/python3.12/site-packages/stereo_msgs/stereo_msgs_s__rosidl_typesupport_c.so
[1.704s] -- Set non-toolchain portion of runtime path of "/home/rassito/microros_ws/install/stereo_msgs/lib/python3.12/site-packages/stereo_msgs/stereo_msgs_s__rosidl_typesupport_c.so" to ""
[1.705s] -- Installing: /home/rassito/microros_ws/install/stereo_msgs/lib/libstereo_msgs__rosidl_generator_py.so
[1.705s] -- Set non-toolchain portion of runtime path of "/home/rassito/microros_ws/install/stereo_msgs/lib/libstereo_msgs__rosidl_generator_py.so" to ""
[1.705s] -- Up-to-date: /home/rassito/microros_ws/install/stereo_msgs/share/stereo_msgs/msg/DisparityImage.idl
[1.705s] -- Up-to-date: /home/rassito/microros_ws/install/stereo_msgs/share/stereo_msgs/msg/DisparityImage.msg
[1.705s] -- Up-to-date: /home/rassito/microros_ws/install/stereo_msgs/share/ament_index/resource_index/package_run_dependencies/stereo_msgs
[1.705s] -- Installing: /home/rassito/microros_ws/install/stereo_msgs/share/ament_index/resource_index/parent_prefix_path/stereo_msgs
[1.705s] -- Up-to-date: /home/rassito/microros_ws/install/stereo_msgs/share/stereo_msgs/environment/ament_prefix_path.sh
[1.705s] -- Up-to-date: /home/rassito/microros_ws/install/stereo_msgs/share/stereo_msgs/environment/ament_prefix_path.dsv
[1.705s] -- Up-to-date: /home/rassito/microros_ws/install/stereo_msgs/share/stereo_msgs/environment/path.sh
[1.706s] -- Up-to-date: /home/rassito/microros_ws/install/stereo_msgs/share/stereo_msgs/environment/path.dsv
[1.706s] -- Up-to-date: /home/rassito/microros_ws/install/stereo_msgs/share/stereo_msgs/local_setup.bash
[1.706s] -- Up-to-date: /home/rassito/microros_ws/install/stereo_msgs/share/stereo_msgs/local_setup.sh
[1.706s] -- Up-to-date: /home/rassito/microros_ws/install/stereo_msgs/share/stereo_msgs/local_setup.zsh
[1.706s] -- Up-to-date: /home/rassito/microros_ws/install/stereo_msgs/share/stereo_msgs/local_setup.dsv
[1.706s] -- Installing: /home/rassito/microros_ws/install/stereo_msgs/share/stereo_msgs/package.dsv
[1.706s] -- Up-to-date: /home/rassito/microros_ws/install/stereo_msgs/share/ament_index/resource_index/packages/stereo_msgs
[1.706s] -- Up-to-date: /home/rassito/microros_ws/install/stereo_msgs/share/stereo_msgs/cmake/export_stereo_msgs__rosidl_generator_cExport.cmake
[1.706s] -- Up-to-date: /home/rassito/microros_ws/install/stereo_msgs/share/stereo_msgs/cmake/export_stereo_msgs__rosidl_generator_cExport-noconfig.cmake
[1.706s] -- Up-to-date: /home/rassito/microros_ws/install/stereo_msgs/share/stereo_msgs/cmake/export_stereo_msgs__rosidl_typesupport_fastrtps_cExport.cmake
[1.706s] -- Up-to-date: /home/rassito/microros_ws/install/stereo_msgs/share/stereo_msgs/cmake/export_stereo_msgs__rosidl_typesupport_fastrtps_cExport-noconfig.cmake
[1.706s] -- Up-to-date: /home/rassito/microros_ws/install/stereo_msgs/share/stereo_msgs/cmake/stereo_msgs__rosidl_typesupport_introspection_cExport.cmake
[1.707s] -- Up-to-date: /home/rassito/microros_ws/install/stereo_msgs/share/stereo_msgs/cmake/stereo_msgs__rosidl_typesupport_introspection_cExport-noconfig.cmake
[1.707s] -- Up-to-date: /home/rassito/microros_ws/install/stereo_msgs/share/stereo_msgs/cmake/stereo_msgs__rosidl_typesupport_cExport.cmake
[1.707s] -- Up-to-date: /home/rassito/microros_ws/install/stereo_msgs/share/stereo_msgs/cmake/stereo_msgs__rosidl_typesupport_cExport-noconfig.cmake
[1.707s] -- Up-to-date: /home/rassito/microros_ws/install/stereo_msgs/share/stereo_msgs/cmake/export_stereo_msgs__rosidl_generator_cppExport.cmake
[1.707s] -- Up-to-date: /home/rassito/microros_ws/install/stereo_msgs/share/stereo_msgs/cmake/export_stereo_msgs__rosidl_typesupport_fastrtps_cppExport.cmake
[1.707s] -- Up-to-date: /home/rassito/microros_ws/install/stereo_msgs/share/stereo_msgs/cmake/export_stereo_msgs__rosidl_typesupport_fastrtps_cppExport-noconfig.cmake
[1.707s] -- Up-to-date: /home/rassito/microros_ws/install/stereo_msgs/share/stereo_msgs/cmake/stereo_msgs__rosidl_typesupport_introspection_cppExport.cmake
[1.707s] -- Up-to-date: /home/rassito/microros_ws/install/stereo_msgs/share/stereo_msgs/cmake/stereo_msgs__rosidl_typesupport_introspection_cppExport-noconfig.cmake
[1.707s] -- Up-to-date: /home/rassito/microros_ws/install/stereo_msgs/share/stereo_msgs/cmake/stereo_msgs__rosidl_typesupport_cppExport.cmake
[1.707s] -- Up-to-date: /home/rassito/microros_ws/install/stereo_msgs/share/stereo_msgs/cmake/stereo_msgs__rosidl_typesupport_cppExport-noconfig.cmake
[1.707s] -- Up-to-date: /home/rassito/microros_ws/install/stereo_msgs/share/stereo_msgs/cmake/export_stereo_msgs__rosidl_generator_pyExport.cmake
[1.708s] -- Up-to-date: /home/rassito/microros_ws/install/stereo_msgs/share/stereo_msgs/cmake/export_stereo_msgs__rosidl_generator_pyExport-noconfig.cmake
[1.708s] -- Up-to-date: /home/rassito/microros_ws/install/stereo_msgs/share/stereo_msgs/cmake/rosidl_cmake-extras.cmake
[1.708s] -- Up-to-date: /home/rassito/microros_ws/install/stereo_msgs/share/stereo_msgs/cmake/ament_cmake_export_dependencies-extras.cmake
[1.708s] -- Installing: /home/rassito/microros_ws/install/stereo_msgs/share/stereo_msgs/cmake/ament_cmake_export_include_directories-extras.cmake
[1.708s] -- Up-to-date: /home/rassito/microros_ws/install/stereo_msgs/share/stereo_msgs/cmake/ament_cmake_export_libraries-extras.cmake
[1.708s] -- Up-to-date: /home/rassito/microros_ws/install/stereo_msgs/share/stereo_msgs/cmake/ament_cmake_export_targets-extras.cmake
[1.708s] -- Up-to-date: /home/rassito/microros_ws/install/stereo_msgs/share/stereo_msgs/cmake/rosidl_cmake_export_typesupport_targets-extras.cmake
[1.708s] -- Installing: /home/rassito/microros_ws/install/stereo_msgs/share/stereo_msgs/cmake/rosidl_cmake_export_typesupport_libraries-extras.cmake
[1.708s] -- Up-to-date: /home/rassito/microros_ws/install/stereo_msgs/share/stereo_msgs/cmake/stereo_msgsConfig.cmake
[1.708s] -- Up-to-date: /home/rassito/microros_ws/install/stereo_msgs/share/stereo_msgs/cmake/stereo_msgsConfig-version.cmake
[1.708s] -- Up-to-date: /home/rassito/microros_ws/install/stereo_msgs/share/stereo_msgs/package.xml
[1.710s] Invoked command in '/home/rassito/microros_ws/build/stereo_msgs' returned '0': AMENT_PREFIX_PATH=/home/rassito/microros_ws/install/sensor_msgs:/home/rassito/microros_ws/install/geometry_msgs:/home/rassito/microros_ws/install/std_msgs:/home/rassito/microros_ws/install/builtin_interfaces:${AMENT_PREFIX_PATH} CMAKE_PREFIX_PATH=/home/rassito/microros_ws/install/sensor_msgs:/home/rassito/microros_ws/install/geometry_msgs:/home/rassito/microros_ws/install/std_msgs:/home/rassito/microros_ws/install/builtin_interfaces:/opt/ros/jazzy/opt/sdformat_vendor:/opt/ros/jazzy/opt/gz_math_vendor:/opt/ros/jazzy/opt/gz_utils_vendor:/opt/ros/jazzy/opt/gz_tools_vendor:/opt/ros/jazzy/opt/gz_cmake_vendor:/home/rassito/ros_ws/install/super_pkg:/opt/ros/jazzy DEBUGINFOD_URLS=https://debuginfod.ubuntu.com LD_LIBRARY_PATH=/home/rassito/microros_ws/install/sensor_msgs/lib:/home/rassito/microros_ws/install/geometry_msgs/lib:/home/rassito/microros_ws/install/std_msgs/lib:/home/rassito/microros_ws/install/builtin_interfaces/lib:${LD_LIBRARY_PATH} PYTHONPATH=/home/rassito/microros_ws/install/sensor_msgs/lib/python3.12/site-packages:/home/rassito/microros_ws/install/geometry_msgs/lib/python3.12/site-packages:/home/rassito/microros_ws/install/std_msgs/lib/python3.12/site-packages:/home/rassito/microros_ws/install/builtin_interfaces/lib/python3.12/site-packages:${PYTHONPATH} /usr/bin/cmake --install /home/rassito/microros_ws/build/stereo_msgs
