[0.018s] Invoking command in '/home/rassito/microros_ws/build/rclc': AMENT_PREFIX_PATH=/home/rassito/microros_ws/install/test_msgs:/home/rassito/microros_ws/install/std_msgs:/home/rassito/microros_ws/install/test_interface_files:/home/rassito/microros_ws/install/example_interfaces:/home/rassito/microros_ws/install/builtin_interfaces:${AMENT_PREFIX_PATH} CMAKE_PREFIX_PATH=/home/rassito/microros_ws/install/test_msgs:/home/rassito/microros_ws/install/std_msgs:/home/rassito/microros_ws/install/test_interface_files:/home/rassito/microros_ws/install/example_interfaces:/home/rassito/microros_ws/install/builtin_interfaces:/opt/ros/jazzy/opt/sdformat_vendor:/opt/ros/jazzy/opt/gz_math_vendor:/opt/ros/jazzy/opt/gz_utils_vendor:/opt/ros/jazzy/opt/gz_tools_vendor:/opt/ros/jazzy/opt/gz_cmake_vendor:/home/rassito/ros_ws/install/super_pkg:/opt/ros/jazzy DEBUGINFOD_URLS=https://debuginfod.ubuntu.com LD_LIBRARY_PATH=/home/rassito/microros_ws/install/test_msgs/lib:/home/rassito/microros_ws/install/std_msgs/lib:/home/rassito/microros_ws/install/example_interfaces/lib:/home/rassito/microros_ws/install/builtin_interfaces/lib:${LD_LIBRARY_PATH} PYTHONPATH=/home/rassito/microros_ws/install/test_msgs/lib/python3.12/site-packages:/home/rassito/microros_ws/install/std_msgs/lib/python3.12/site-packages:/home/rassito/microros_ws/install/example_interfaces/lib/python3.12/site-packages:/home/rassito/microros_ws/install/builtin_interfaces/lib/python3.12/site-packages:${PYTHONPATH} /usr/bin/cmake /home/rassito/microros_ws/src/uros/rclc/rclc -DCMAKE_INSTALL_PREFIX=/home/rassito/microros_ws/install/rclc
[0.028s] -- Found ament_cmake_ros: 0.12.0 (/opt/ros/jazzy/share/ament_cmake_ros/cmake)
[0.181s] -- Found rcl: 9.2.4 (/opt/ros/jazzy/share/rcl/cmake)
[0.202s] -- Found rosidl_generator_c: 4.6.5 (/opt/ros/jazzy/share/rosidl_generator_c/cmake)
[0.209s] -- Found rosidl_generator_cpp: 4.6.5 (/opt/ros/jazzy/share/rosidl_generator_cpp/cmake)
[0.218s] -- Using all available rosidl_typesupport_c: rosidl_typesupport_fastrtps_c;rosidl_typesupport_introspection_c
[0.228s] -- Using all available rosidl_typesupport_cpp: rosidl_typesupport_fastrtps_cpp;rosidl_typesupport_introspection_cpp
[0.288s] -- Found rmw_implementation_cmake: 7.3.1 (/opt/ros/jazzy/share/rmw_implementation_cmake/cmake)
[0.291s] -- Found rmw_fastrtps_cpp: 8.4.1 (/opt/ros/jazzy/share/rmw_fastrtps_cpp/cmake)
[0.338s] -- Using RMW implementation 'rmw_fastrtps_cpp' as default
[0.357s] -- Found rcl_action: 9.2.4 (/opt/ros/jazzy/share/rcl_action/cmake)
[0.384s] -- Found rcl version 9.2.4, which belongs to Foxy or later
[0.465s] -- Configuring done (0.4s)
[0.480s] -- Generating done (0.0s)
[0.484s] -- Build files have been written to: /home/rassito/microros_ws/build/rclc
[0.492s] Invoked command in '/home/rassito/microros_ws/build/rclc' returned '0': AMENT_PREFIX_PATH=/home/rassito/microros_ws/install/test_msgs:/home/rassito/microros_ws/install/std_msgs:/home/rassito/microros_ws/install/test_interface_files:/home/rassito/microros_ws/install/example_interfaces:/home/rassito/microros_ws/install/builtin_interfaces:${AMENT_PREFIX_PATH} CMAKE_PREFIX_PATH=/home/rassito/microros_ws/install/test_msgs:/home/rassito/microros_ws/install/std_msgs:/home/rassito/microros_ws/install/test_interface_files:/home/rassito/microros_ws/install/example_interfaces:/home/rassito/microros_ws/install/builtin_interfaces:/opt/ros/jazzy/opt/sdformat_vendor:/opt/ros/jazzy/opt/gz_math_vendor:/opt/ros/jazzy/opt/gz_utils_vendor:/opt/ros/jazzy/opt/gz_tools_vendor:/opt/ros/jazzy/opt/gz_cmake_vendor:/home/rassito/ros_ws/install/super_pkg:/opt/ros/jazzy DEBUGINFOD_URLS=https://debuginfod.ubuntu.com LD_LIBRARY_PATH=/home/rassito/microros_ws/install/test_msgs/lib:/home/rassito/microros_ws/install/std_msgs/lib:/home/rassito/microros_ws/install/example_interfaces/lib:/home/rassito/microros_ws/install/builtin_interfaces/lib:${LD_LIBRARY_PATH} PYTHONPATH=/home/rassito/microros_ws/install/test_msgs/lib/python3.12/site-packages:/home/rassito/microros_ws/install/std_msgs/lib/python3.12/site-packages:/home/rassito/microros_ws/install/example_interfaces/lib/python3.12/site-packages:/home/rassito/microros_ws/install/builtin_interfaces/lib/python3.12/site-packages:${PYTHONPATH} /usr/bin/cmake /home/rassito/microros_ws/src/uros/rclc/rclc -DCMAKE_INSTALL_PREFIX=/home/rassito/microros_ws/install/rclc
[0.493s] Invoking command in '/home/rassito/microros_ws/build/rclc': AMENT_PREFIX_PATH=/home/rassito/microros_ws/install/test_msgs:/home/rassito/microros_ws/install/std_msgs:/home/rassito/microros_ws/install/test_interface_files:/home/rassito/microros_ws/install/example_interfaces:/home/rassito/microros_ws/install/builtin_interfaces:${AMENT_PREFIX_PATH} CMAKE_PREFIX_PATH=/home/rassito/microros_ws/install/test_msgs:/home/rassito/microros_ws/install/std_msgs:/home/rassito/microros_ws/install/test_interface_files:/home/rassito/microros_ws/install/example_interfaces:/home/rassito/microros_ws/install/builtin_interfaces:/opt/ros/jazzy/opt/sdformat_vendor:/opt/ros/jazzy/opt/gz_math_vendor:/opt/ros/jazzy/opt/gz_utils_vendor:/opt/ros/jazzy/opt/gz_tools_vendor:/opt/ros/jazzy/opt/gz_cmake_vendor:/home/rassito/ros_ws/install/super_pkg:/opt/ros/jazzy DEBUGINFOD_URLS=https://debuginfod.ubuntu.com LD_LIBRARY_PATH=/home/rassito/microros_ws/install/test_msgs/lib:/home/rassito/microros_ws/install/std_msgs/lib:/home/rassito/microros_ws/install/example_interfaces/lib:/home/rassito/microros_ws/install/builtin_interfaces/lib:${LD_LIBRARY_PATH} PYTHONPATH=/home/rassito/microros_ws/install/test_msgs/lib/python3.12/site-packages:/home/rassito/microros_ws/install/std_msgs/lib/python3.12/site-packages:/home/rassito/microros_ws/install/example_interfaces/lib/python3.12/site-packages:/home/rassito/microros_ws/install/builtin_interfaces/lib/python3.12/site-packages:${PYTHONPATH} /usr/bin/cmake --build /home/rassito/microros_ws/build/rclc -- -j16 -l16
[0.503s] /usr/bin/cmake -S/home/rassito/microros_ws/src/uros/rclc/rclc -B/home/rassito/microros_ws/build/rclc --check-build-system CMakeFiles/Makefile.cmake 0
[0.512s] /usr/bin/cmake -E cmake_progress_start /home/rassito/microros_ws/build/rclc/CMakeFiles /home/rassito/microros_ws/build/rclc//CMakeFiles/progress.marks
[0.517s] /usr/bin/gmake  -f CMakeFiles/Makefile2 all
[0.518s] gmake[1]: Entering directory '/home/rassito/microros_ws/build/rclc'
[0.518s] /usr/bin/gmake  -f CMakeFiles/rclc.dir/build.make CMakeFiles/rclc.dir/depend
[0.519s] gmake[2]: Entering directory '/home/rassito/microros_ws/build/rclc'
[0.519s] cd /home/rassito/microros_ws/build/rclc && /usr/bin/cmake -E cmake_depends "Unix Makefiles" /home/rassito/microros_ws/src/uros/rclc/rclc /home/rassito/microros_ws/src/uros/rclc/rclc /home/rassito/microros_ws/build/rclc /home/rassito/microros_ws/build/rclc /home/rassito/microros_ws/build/rclc/CMakeFiles/rclc.dir/DependInfo.cmake "--color="
[0.534s] gmake[2]: Leaving directory '/home/rassito/microros_ws/build/rclc'
[0.534s] /usr/bin/gmake  -f CMakeFiles/rclc.dir/build.make CMakeFiles/rclc.dir/build
[0.539s] gmake[2]: Entering directory '/home/rassito/microros_ws/build/rclc'
[0.545s] [  7%] [32m[1mLinking C shared library librclc.so[0m
[0.546s] /usr/bin/cmake -E cmake_link_script CMakeFiles/rclc.dir/link.txt --verbose=1
[0.551s] /usr/bin/cc -fPIC -shared -Wl,-soname,librclc.so -o librclc.so CMakeFiles/rclc.dir/src/rclc/init.c.o CMakeFiles/rclc.dir/src/rclc/publisher.c.o CMakeFiles/rclc.dir/src/rclc/subscription.c.o CMakeFiles/rclc.dir/src/rclc/client.c.o CMakeFiles/rclc.dir/src/rclc/service.c.o CMakeFiles/rclc.dir/src/rclc/timer.c.o CMakeFiles/rclc.dir/src/rclc/action_client.c.o CMakeFiles/rclc.dir/src/rclc/action_server.c.o CMakeFiles/rclc.dir/src/rclc/action_goal_handle.c.o CMakeFiles/rclc.dir/src/rclc/node.c.o CMakeFiles/rclc.dir/src/rclc/executor_handle.c.o CMakeFiles/rclc.dir/src/rclc/executor.c.o CMakeFiles/rclc.dir/src/rclc/sleep.c.o  -Wl,-rpath,/home/rassito/microros_ws/install/builtin_interfaces/lib:/opt/ros/jazzy/lib: /opt/ros/jazzy/lib/librcl_action.so /opt/ros/jazzy/lib/librcl.so /opt/ros/jazzy/lib/librcl_interfaces__rosidl_typesupport_fastrtps_c.so /opt/ros/jazzy/lib/librcl_interfaces__rosidl_typesupport_introspection_c.so /opt/ros/jazzy/lib/librcl_interfaces__rosidl_typesupport_fastrtps_cpp.so /opt/ros/jazzy/lib/librcl_interfaces__rosidl_typesupport_introspection_cpp.so /opt/ros/jazzy/lib/librcl_interfaces__rosidl_typesupport_cpp.so /opt/ros/jazzy/lib/librcl_interfaces__rosidl_generator_py.so /opt/ros/jazzy/lib/librcl_interfaces__rosidl_typesupport_c.so /opt/ros/jazzy/lib/librcl_interfaces__rosidl_generator_c.so /opt/ros/jazzy/lib/librcl_logging_interface.so /opt/ros/jazzy/lib/librcl_yaml_param_parser.so /opt/ros/jazzy/lib/librmw_implementation.so /opt/ros/jazzy/lib/libtype_description_interfaces__rosidl_typesupport_fastrtps_c.so /opt/ros/jazzy/lib/libtype_description_interfaces__rosidl_typesupport_introspection_c.so /opt/ros/jazzy/lib/libtype_description_interfaces__rosidl_typesupport_fastrtps_cpp.so /opt/ros/jazzy/lib/libtype_description_interfaces__rosidl_typesupport_introspection_cpp.so /opt/ros/jazzy/lib/libtype_description_interfaces__rosidl_typesupport_cpp.so /opt/ros/jazzy/lib/libtype_description_interfaces__rosidl_generator_py.so /opt/ros/jazzy/lib/libtype_description_interfaces__rosidl_typesupport_c.so /opt/ros/jazzy/lib/libtype_description_interfaces__rosidl_generator_c.so /opt/ros/jazzy/lib/libaction_msgs__rosidl_typesupport_fastrtps_c.so /opt/ros/jazzy/lib/libaction_msgs__rosidl_typesupport_fastrtps_cpp.so /opt/ros/jazzy/lib/libaction_msgs__rosidl_typesupport_introspection_c.so /opt/ros/jazzy/lib/libaction_msgs__rosidl_typesupport_introspection_cpp.so /opt/ros/jazzy/lib/libaction_msgs__rosidl_typesupport_cpp.so /opt/ros/jazzy/lib/libaction_msgs__rosidl_generator_py.so /opt/ros/jazzy/lib/libaction_msgs__rosidl_typesupport_c.so /opt/ros/jazzy/lib/libaction_msgs__rosidl_generator_c.so /opt/ros/jazzy/lib/libservice_msgs__rosidl_typesupport_fastrtps_c.so /opt/ros/jazzy/lib/libservice_msgs__rosidl_typesupport_introspection_c.so /opt/ros/jazzy/lib/libservice_msgs__rosidl_typesupport_fastrtps_cpp.so /opt/ros/jazzy/lib/libservice_msgs__rosidl_typesupport_introspection_cpp.so /opt/ros/jazzy/lib/libservice_msgs__rosidl_typesupport_cpp.so /opt/ros/jazzy/lib/libunique_identifier_msgs__rosidl_typesupport_fastrtps_c.so /opt/ros/jazzy/lib/libunique_identifier_msgs__rosidl_typesupport_fastrtps_cpp.so /opt/ros/jazzy/lib/libunique_identifier_msgs__rosidl_typesupport_introspection_c.so /opt/ros/jazzy/lib/libunique_identifier_msgs__rosidl_typesupport_introspection_cpp.so /opt/ros/jazzy/lib/libunique_identifier_msgs__rosidl_typesupport_cpp.so /home/rassito/microros_ws/install/builtin_interfaces/lib/libbuiltin_interfaces__rosidl_typesupport_fastrtps_c.so /opt/ros/jazzy/lib/librosidl_typesupport_fastrtps_c.so /home/rassito/microros_ws/install/builtin_interfaces/lib/libbuiltin_interfaces__rosidl_typesupport_introspection_c.so /opt/ros/jazzy/lib/libservice_msgs__rosidl_typesupport_c.so /opt/ros/jazzy/lib/libservice_msgs__rosidl_generator_c.so /home/rassito/microros_ws/install/builtin_interfaces/lib/libbuiltin_interfaces__rosidl_typesupport_fastrtps_cpp.so /opt/ros/jazzy/lib/librosidl_typesupport_fastrtps_cpp.so /opt/ros/jazzy/lib/librmw.so /opt/ros/jazzy/lib/librosidl_dynamic_typesupport.so /opt/ros/jazzy/lib/libfastcdr.so.2.2.5 /home/rassito/microros_ws/install/builtin_interfaces/lib/libbuiltin_interfaces__rosidl_typesupport_introspection_cpp.so /opt/ros/jazzy/lib/librosidl_typesupport_introspection_cpp.so /opt/ros/jazzy/lib/librosidl_typesupport_introspection_c.so /home/rassito/microros_ws/install/builtin_interfaces/lib/libbuiltin_interfaces__rosidl_typesupport_cpp.so /home/rassito/microros_ws/install/builtin_interfaces/lib/libbuiltin_interfaces__rosidl_typesupport_c.so /home/rassito/microros_ws/install/builtin_interfaces/lib/libbuiltin_interfaces__rosidl_generator_c.so /opt/ros/jazzy/lib/libunique_identifier_msgs__rosidl_typesupport_c.so /opt/ros/jazzy/lib/libunique_identifier_msgs__rosidl_generator_c.so /opt/ros/jazzy/lib/librosidl_runtime_c.so /opt/ros/jazzy/lib/librcutils.so -ldl -Wl,-rpath-link,/home/rassito/microros_ws/install/builtin_interfaces/lib:/opt/ros/jazzy/lib 
[0.586s] gmake[2]: Leaving directory '/home/rassito/microros_ws/build/rclc'
[0.591s] [100%] Built target rclc
[0.592s] gmake[1]: Leaving directory '/home/rassito/microros_ws/build/rclc'
[0.592s] /usr/bin/cmake -E cmake_progress_start /home/rassito/microros_ws/build/rclc/CMakeFiles 0
[0.600s] Invoked command in '/home/rassito/microros_ws/build/rclc' returned '0': AMENT_PREFIX_PATH=/home/rassito/microros_ws/install/test_msgs:/home/rassito/microros_ws/install/std_msgs:/home/rassito/microros_ws/install/test_interface_files:/home/rassito/microros_ws/install/example_interfaces:/home/rassito/microros_ws/install/builtin_interfaces:${AMENT_PREFIX_PATH} CMAKE_PREFIX_PATH=/home/rassito/microros_ws/install/test_msgs:/home/rassito/microros_ws/install/std_msgs:/home/rassito/microros_ws/install/test_interface_files:/home/rassito/microros_ws/install/example_interfaces:/home/rassito/microros_ws/install/builtin_interfaces:/opt/ros/jazzy/opt/sdformat_vendor:/opt/ros/jazzy/opt/gz_math_vendor:/opt/ros/jazzy/opt/gz_utils_vendor:/opt/ros/jazzy/opt/gz_tools_vendor:/opt/ros/jazzy/opt/gz_cmake_vendor:/home/rassito/ros_ws/install/super_pkg:/opt/ros/jazzy DEBUGINFOD_URLS=https://debuginfod.ubuntu.com LD_LIBRARY_PATH=/home/rassito/microros_ws/install/test_msgs/lib:/home/rassito/microros_ws/install/std_msgs/lib:/home/rassito/microros_ws/install/example_interfaces/lib:/home/rassito/microros_ws/install/builtin_interfaces/lib:${LD_LIBRARY_PATH} PYTHONPATH=/home/rassito/microros_ws/install/test_msgs/lib/python3.12/site-packages:/home/rassito/microros_ws/install/std_msgs/lib/python3.12/site-packages:/home/rassito/microros_ws/install/example_interfaces/lib/python3.12/site-packages:/home/rassito/microros_ws/install/builtin_interfaces/lib/python3.12/site-packages:${PYTHONPATH} /usr/bin/cmake --build /home/rassito/microros_ws/build/rclc -- -j16 -l16
[0.601s] Invoking command in '/home/rassito/microros_ws/build/rclc': AMENT_PREFIX_PATH=/home/rassito/microros_ws/install/test_msgs:/home/rassito/microros_ws/install/std_msgs:/home/rassito/microros_ws/install/test_interface_files:/home/rassito/microros_ws/install/example_interfaces:/home/rassito/microros_ws/install/builtin_interfaces:${AMENT_PREFIX_PATH} CMAKE_PREFIX_PATH=/home/rassito/microros_ws/install/test_msgs:/home/rassito/microros_ws/install/std_msgs:/home/rassito/microros_ws/install/test_interface_files:/home/rassito/microros_ws/install/example_interfaces:/home/rassito/microros_ws/install/builtin_interfaces:/opt/ros/jazzy/opt/sdformat_vendor:/opt/ros/jazzy/opt/gz_math_vendor:/opt/ros/jazzy/opt/gz_utils_vendor:/opt/ros/jazzy/opt/gz_tools_vendor:/opt/ros/jazzy/opt/gz_cmake_vendor:/home/rassito/ros_ws/install/super_pkg:/opt/ros/jazzy DEBUGINFOD_URLS=https://debuginfod.ubuntu.com LD_LIBRARY_PATH=/home/rassito/microros_ws/install/test_msgs/lib:/home/rassito/microros_ws/install/std_msgs/lib:/home/rassito/microros_ws/install/example_interfaces/lib:/home/rassito/microros_ws/install/builtin_interfaces/lib:${LD_LIBRARY_PATH} PYTHONPATH=/home/rassito/microros_ws/install/test_msgs/lib/python3.12/site-packages:/home/rassito/microros_ws/install/std_msgs/lib/python3.12/site-packages:/home/rassito/microros_ws/install/example_interfaces/lib/python3.12/site-packages:/home/rassito/microros_ws/install/builtin_interfaces/lib/python3.12/site-packages:${PYTHONPATH} /usr/bin/cmake --install /home/rassito/microros_ws/build/rclc
[0.607s] -- Install configuration: ""
[0.607s] -- Installing: /home/rassito/microros_ws/install/rclc/lib/librclc.so
[0.607s] -- Set non-toolchain portion of runtime path of "/home/rassito/microros_ws/install/rclc/lib/librclc.so" to ""
[0.607s] -- Up-to-date: /home/rassito/microros_ws/install/rclc/include
[0.608s] -- Up-to-date: /home/rassito/microros_ws/install/rclc/include/rclc
[0.608s] -- Up-to-date: /home/rassito/microros_ws/install/rclc/include/rclc/executor_handle.h
[0.608s] -- Up-to-date: /home/rassito/microros_ws/install/rclc/include/rclc/action_goal_handle.h
[0.608s] -- Up-to-date: /home/rassito/microros_ws/install/rclc/include/rclc/subscription.h
[0.608s] -- Up-to-date: /home/rassito/microros_ws/install/rclc/include/rclc/publisher.h
[0.608s] -- Up-to-date: /home/rassito/microros_ws/install/rclc/include/rclc/timer.h
[0.608s] -- Up-to-date: /home/rassito/microros_ws/install/rclc/include/rclc/client.h
[0.608s] -- Up-to-date: /home/rassito/microros_ws/install/rclc/include/rclc/service.h
[0.608s] -- Up-to-date: /home/rassito/microros_ws/install/rclc/include/rclc/visibility_control.h
[0.608s] -- Up-to-date: /home/rassito/microros_ws/install/rclc/include/rclc/types.h
[0.609s] -- Up-to-date: /home/rassito/microros_ws/install/rclc/include/rclc/executor.h
[0.609s] -- Up-to-date: /home/rassito/microros_ws/install/rclc/include/rclc/init.h
[0.609s] -- Up-to-date: /home/rassito/microros_ws/install/rclc/include/rclc/sleep.h
[0.609s] -- Up-to-date: /home/rassito/microros_ws/install/rclc/include/rclc/action_client.h
[0.609s] -- Up-to-date: /home/rassito/microros_ws/install/rclc/include/rclc/rclc.h
[0.609s] -- Up-to-date: /home/rassito/microros_ws/install/rclc/include/rclc/action_server.h
[0.609s] -- Up-to-date: /home/rassito/microros_ws/install/rclc/include/rclc/node.h
[0.609s] -- Up-to-date: /home/rassito/microros_ws/install/rclc/share/rclc/environment/library_path.sh
[0.609s] -- Up-to-date: /home/rassito/microros_ws/install/rclc/share/rclc/environment/library_path.dsv
[0.609s] -- Up-to-date: /home/rassito/microros_ws/install/rclc/share/ament_index/resource_index/package_run_dependencies/rclc
[0.609s] -- Installing: /home/rassito/microros_ws/install/rclc/share/ament_index/resource_index/parent_prefix_path/rclc
[0.610s] -- Up-to-date: /home/rassito/microros_ws/install/rclc/share/rclc/environment/ament_prefix_path.sh
[0.610s] -- Up-to-date: /home/rassito/microros_ws/install/rclc/share/rclc/environment/ament_prefix_path.dsv
[0.610s] -- Up-to-date: /home/rassito/microros_ws/install/rclc/share/rclc/environment/path.sh
[0.610s] -- Up-to-date: /home/rassito/microros_ws/install/rclc/share/rclc/environment/path.dsv
[0.610s] -- Up-to-date: /home/rassito/microros_ws/install/rclc/share/rclc/local_setup.bash
[0.610s] -- Up-to-date: /home/rassito/microros_ws/install/rclc/share/rclc/local_setup.sh
[0.610s] -- Up-to-date: /home/rassito/microros_ws/install/rclc/share/rclc/local_setup.zsh
[0.610s] -- Up-to-date: /home/rassito/microros_ws/install/rclc/share/rclc/local_setup.dsv
[0.610s] -- Installing: /home/rassito/microros_ws/install/rclc/share/rclc/package.dsv
[0.610s] -- Up-to-date: /home/rassito/microros_ws/install/rclc/share/ament_index/resource_index/packages/rclc
[0.610s] -- Up-to-date: /home/rassito/microros_ws/install/rclc/share/rclc/cmake/rclcExport.cmake
[0.611s] -- Up-to-date: /home/rassito/microros_ws/install/rclc/share/rclc/cmake/rclcExport-noconfig.cmake
[0.611s] -- Up-to-date: /home/rassito/microros_ws/install/rclc/share/rclc/cmake/ament_cmake_export_include_directories-extras.cmake
[0.611s] -- Up-to-date: /home/rassito/microros_ws/install/rclc/share/rclc/cmake/ament_cmake_export_libraries-extras.cmake
[0.611s] -- Up-to-date: /home/rassito/microros_ws/install/rclc/share/rclc/cmake/ament_cmake_export_targets-extras.cmake
[0.611s] -- Up-to-date: /home/rassito/microros_ws/install/rclc/share/rclc/cmake/ament_cmake_export_dependencies-extras.cmake
[0.611s] -- Up-to-date: /home/rassito/microros_ws/install/rclc/share/rclc/cmake/rclcConfig.cmake
[0.611s] -- Up-to-date: /home/rassito/microros_ws/install/rclc/share/rclc/cmake/rclcConfig-version.cmake
[0.611s] -- Up-to-date: /home/rassito/microros_ws/install/rclc/share/rclc/package.xml
[0.612s] Invoked command in '/home/rassito/microros_ws/build/rclc' returned '0': AMENT_PREFIX_PATH=/home/rassito/microros_ws/install/test_msgs:/home/rassito/microros_ws/install/std_msgs:/home/rassito/microros_ws/install/test_interface_files:/home/rassito/microros_ws/install/example_interfaces:/home/rassito/microros_ws/install/builtin_interfaces:${AMENT_PREFIX_PATH} CMAKE_PREFIX_PATH=/home/rassito/microros_ws/install/test_msgs:/home/rassito/microros_ws/install/std_msgs:/home/rassito/microros_ws/install/test_interface_files:/home/rassito/microros_ws/install/example_interfaces:/home/rassito/microros_ws/install/builtin_interfaces:/opt/ros/jazzy/opt/sdformat_vendor:/opt/ros/jazzy/opt/gz_math_vendor:/opt/ros/jazzy/opt/gz_utils_vendor:/opt/ros/jazzy/opt/gz_tools_vendor:/opt/ros/jazzy/opt/gz_cmake_vendor:/home/rassito/ros_ws/install/super_pkg:/opt/ros/jazzy DEBUGINFOD_URLS=https://debuginfod.ubuntu.com LD_LIBRARY_PATH=/home/rassito/microros_ws/install/test_msgs/lib:/home/rassito/microros_ws/install/std_msgs/lib:/home/rassito/microros_ws/install/example_interfaces/lib:/home/rassito/microros_ws/install/builtin_interfaces/lib:${LD_LIBRARY_PATH} PYTHONPATH=/home/rassito/microros_ws/install/test_msgs/lib/python3.12/site-packages:/home/rassito/microros_ws/install/std_msgs/lib/python3.12/site-packages:/home/rassito/microros_ws/install/example_interfaces/lib/python3.12/site-packages:/home/rassito/microros_ws/install/builtin_interfaces/lib/python3.12/site-packages:${PYTHONPATH} /usr/bin/cmake --install /home/rassito/microros_ws/build/rclc
