[0.057s] Invoking command in '/home/rassito/microros_ws/build/complex_msgs': AMENT_PREFIX_PATH=/home/rassito/microros_ws/install/builtin_interfaces:${AMENT_PREFIX_PATH} CMAKE_PREFIX_PATH=/home/rassito/microros_ws/install/builtin_interfaces:/opt/ros/jazzy/opt/sdformat_vendor:/opt/ros/jazzy/opt/gz_math_vendor:/opt/ros/jazzy/opt/gz_utils_vendor:/opt/ros/jazzy/opt/gz_tools_vendor:/opt/ros/jazzy/opt/gz_cmake_vendor:/home/rassito/ros_ws/install/super_pkg:/opt/ros/jazzy DEBUGINFOD_URLS=https://debuginfod.ubuntu.com LD_LIBRARY_PATH=/home/rassito/microros_ws/install/builtin_interfaces/lib:${LD_LIBRARY_PATH} PYTHONPATH=/home/rassito/microros_ws/install/builtin_interfaces/lib/python3.12/site-packages:${PYTHONPATH} /usr/bin/cmake /home/rassito/microros_ws/src/uros/micro-ROS-demos/messages/complex_msg -DCMAKE_INSTALL_PREFIX=/home/rassito/microros_ws/install/complex_msgs
[0.080s] -- Found ament_cmake: 2.5.3 (/opt/ros/jazzy/share/ament_cmake/cmake)
[0.102s] -- Found Python3: /usr/bin/python3 (found version "3.12.3") found components: Interpreter 
[0.197s] -- Found builtin_interfaces: 2.0.2 (/home/rassito/microros_ws/install/builtin_interfaces/share/builtin_interfaces/cmake)
[0.225s] -- Found rosidl_generator_c: 4.6.5 (/opt/ros/jazzy/share/rosidl_generator_c/cmake)
[0.252s] -- Found rosidl_generator_cpp: 4.6.5 (/opt/ros/jazzy/share/rosidl_generator_cpp/cmake)
[0.271s] -- Using all available rosidl_typesupport_c: rosidl_typesupport_fastrtps_c;rosidl_typesupport_introspection_c
[0.289s] -- Using all available rosidl_typesupport_cpp: rosidl_typesupport_fastrtps_cpp;rosidl_typesupport_introspection_cpp
[0.304s] -- Found rosidl_default_generators: 1.6.0 (/opt/ros/jazzy/share/rosidl_default_generators/cmake)
[0.315s] -- Found rosidl_adapter: 4.6.5 (/opt/ros/jazzy/share/rosidl_adapter/cmake)
[0.685s] -- Found ament_cmake_ros: 0.12.0 (/opt/ros/jazzy/share/ament_cmake_ros/cmake)
[0.864s] -- Using all available rosidl_typesupport_c: rosidl_typesupport_fastrtps_c;rosidl_typesupport_introspection_c
[0.922s] -- Using all available rosidl_typesupport_cpp: rosidl_typesupport_fastrtps_cpp;rosidl_typesupport_introspection_cpp
[0.923s] -- Found python_cmake_module: 0.11.1 (/opt/ros/jazzy/share/python_cmake_module/cmake)
[1.156s] -- Found Python3: /usr/bin/python3 (found version "3.12.3") found components: Interpreter Development NumPy Development.Module Development.Embed 
[1.175s] -- Configuring done (1.1s)
[1.255s] -- Generating done (0.1s)
[1.270s] -- Build files have been written to: /home/rassito/microros_ws/build/complex_msgs
[1.292s] Invoked command in '/home/rassito/microros_ws/build/complex_msgs' returned '0': AMENT_PREFIX_PATH=/home/rassito/microros_ws/install/builtin_interfaces:${AMENT_PREFIX_PATH} CMAKE_PREFIX_PATH=/home/rassito/microros_ws/install/builtin_interfaces:/opt/ros/jazzy/opt/sdformat_vendor:/opt/ros/jazzy/opt/gz_math_vendor:/opt/ros/jazzy/opt/gz_utils_vendor:/opt/ros/jazzy/opt/gz_tools_vendor:/opt/ros/jazzy/opt/gz_cmake_vendor:/home/rassito/ros_ws/install/super_pkg:/opt/ros/jazzy DEBUGINFOD_URLS=https://debuginfod.ubuntu.com LD_LIBRARY_PATH=/home/rassito/microros_ws/install/builtin_interfaces/lib:${LD_LIBRARY_PATH} PYTHONPATH=/home/rassito/microros_ws/install/builtin_interfaces/lib/python3.12/site-packages:${PYTHONPATH} /usr/bin/cmake /home/rassito/microros_ws/src/uros/micro-ROS-demos/messages/complex_msg -DCMAKE_INSTALL_PREFIX=/home/rassito/microros_ws/install/complex_msgs
[1.292s] Invoking command in '/home/rassito/microros_ws/build/complex_msgs': AMENT_PREFIX_PATH=/home/rassito/microros_ws/install/builtin_interfaces:${AMENT_PREFIX_PATH} CMAKE_PREFIX_PATH=/home/rassito/microros_ws/install/builtin_interfaces:/opt/ros/jazzy/opt/sdformat_vendor:/opt/ros/jazzy/opt/gz_math_vendor:/opt/ros/jazzy/opt/gz_utils_vendor:/opt/ros/jazzy/opt/gz_tools_vendor:/opt/ros/jazzy/opt/gz_cmake_vendor:/home/rassito/ros_ws/install/super_pkg:/opt/ros/jazzy DEBUGINFOD_URLS=https://debuginfod.ubuntu.com LD_LIBRARY_PATH=/home/rassito/microros_ws/install/builtin_interfaces/lib:${LD_LIBRARY_PATH} PYTHONPATH=/home/rassito/microros_ws/install/builtin_interfaces/lib/python3.12/site-packages:${PYTHONPATH} /usr/bin/cmake --build /home/rassito/microros_ws/build/complex_msgs -- -j16 -l16
[1.358s] [  2%] Built target complex_msgs__rosidl_generator_type_description
[1.396s] [  2%] Built target ament_cmake_python_copy_complex_msgs
[1.403s] [  4%] Built target complex_msgs__cpp
[1.422s] [ 22%] Built target complex_msgs__rosidl_generator_c
[1.453s] [ 25%] [34m[1mGenerating C++ type support dispatch for ROS interfaces[0m
[1.477s] [ 27%] [34m[1mGenerating C type support dispatch for ROS interfaces[0m
[1.489s] [ 36%] Built target complex_msgs__rosidl_typesupport_introspection_cpp
[1.489s] [ 45%] Built target complex_msgs__rosidl_typesupport_introspection_c
[1.489s] [ 54%] Built target complex_msgs__rosidl_typesupport_fastrtps_c
[1.493s] [ 63%] Built target complex_msgs__rosidl_typesupport_fastrtps_cpp
[1.908s] [ 65%] [32mBuilding CXX object CMakeFiles/complex_msgs__rosidl_typesupport_cpp.dir/rosidl_typesupport_cpp/complex_msgs/msg/multi_string_test__type_support.cpp.o[0m
[1.917s] [ 68%] [32mBuilding CXX object CMakeFiles/complex_msgs__rosidl_typesupport_cpp.dir/rosidl_typesupport_cpp/complex_msgs/msg/nested_msg_test__type_support.cpp.o[0m
[2.031s] running egg_info
[2.097s] writing complex_msgs.egg-info/PKG-INFO
[2.097s] writing dependency_links to complex_msgs.egg-info/dependency_links.txt
[2.100s] writing top-level names to complex_msgs.egg-info/top_level.txt
[2.283s] reading manifest file 'complex_msgs.egg-info/SOURCES.txt'
[2.290s] writing manifest file 'complex_msgs.egg-info/SOURCES.txt'
[2.387s] [ 68%] Built target ament_cmake_python_build_complex_msgs_egg
[2.401s] [ 70%] [32mBuilding CXX object CMakeFiles/complex_msgs__rosidl_typesupport_c.dir/rosidl_typesupport_c/complex_msgs/msg/multi_string_test__type_support.cpp.o[0m
[2.402s] [ 72%] [32mBuilding CXX object CMakeFiles/complex_msgs__rosidl_typesupport_c.dir/rosidl_typesupport_c/complex_msgs/msg/nested_msg_test__type_support.cpp.o[0m
[2.519s] [ 75%] [32m[1mLinking CXX shared library libcomplex_msgs__rosidl_typesupport_c.so[0m
[2.685s] [ 75%] Built target complex_msgs__rosidl_typesupport_c
[2.899s] [ 77%] [32m[1mLinking CXX shared library libcomplex_msgs__rosidl_typesupport_cpp.so[0m
[2.996s] [ 77%] Built target complex_msgs__rosidl_typesupport_cpp
[3.050s] [ 77%] Built target complex_msgs
[3.092s] [ 79%] Built target complex_msgs__py
[3.153s] [ 81%] [32m[1mLinking C shared library libcomplex_msgs__rosidl_generator_py.so[0m
[3.250s] [ 86%] Built target complex_msgs__rosidl_generator_py
[3.281s] [ 88%] [32m[1mLinking C shared module rosidl_generator_py/complex_msgs/complex_msgs_s__rosidl_typesupport_fastrtps_c.so[0m
[3.289s] [ 90%] [32m[1mLinking C shared module rosidl_generator_py/complex_msgs/complex_msgs_s__rosidl_typesupport_c.so[0m
[3.292s] [ 93%] [32m[1mLinking C shared module rosidl_generator_py/complex_msgs/complex_msgs_s__rosidl_typesupport_introspection_c.so[0m
[3.317s] [ 95%] Built target complex_msgs_s__rosidl_typesupport_c
[3.326s] [ 97%] Built target complex_msgs_s__rosidl_typesupport_fastrtps_c
[3.329s] [100%] Built target complex_msgs_s__rosidl_typesupport_introspection_c
[3.340s] Invoked command in '/home/rassito/microros_ws/build/complex_msgs' returned '0': AMENT_PREFIX_PATH=/home/rassito/microros_ws/install/builtin_interfaces:${AMENT_PREFIX_PATH} CMAKE_PREFIX_PATH=/home/rassito/microros_ws/install/builtin_interfaces:/opt/ros/jazzy/opt/sdformat_vendor:/opt/ros/jazzy/opt/gz_math_vendor:/opt/ros/jazzy/opt/gz_utils_vendor:/opt/ros/jazzy/opt/gz_tools_vendor:/opt/ros/jazzy/opt/gz_cmake_vendor:/home/rassito/ros_ws/install/super_pkg:/opt/ros/jazzy DEBUGINFOD_URLS=https://debuginfod.ubuntu.com LD_LIBRARY_PATH=/home/rassito/microros_ws/install/builtin_interfaces/lib:${LD_LIBRARY_PATH} PYTHONPATH=/home/rassito/microros_ws/install/builtin_interfaces/lib/python3.12/site-packages:${PYTHONPATH} /usr/bin/cmake --build /home/rassito/microros_ws/build/complex_msgs -- -j16 -l16
[3.342s] Invoking command in '/home/rassito/microros_ws/build/complex_msgs': AMENT_PREFIX_PATH=/home/rassito/microros_ws/install/builtin_interfaces:${AMENT_PREFIX_PATH} CMAKE_PREFIX_PATH=/home/rassito/microros_ws/install/builtin_interfaces:/opt/ros/jazzy/opt/sdformat_vendor:/opt/ros/jazzy/opt/gz_math_vendor:/opt/ros/jazzy/opt/gz_utils_vendor:/opt/ros/jazzy/opt/gz_tools_vendor:/opt/ros/jazzy/opt/gz_cmake_vendor:/home/rassito/ros_ws/install/super_pkg:/opt/ros/jazzy DEBUGINFOD_URLS=https://debuginfod.ubuntu.com LD_LIBRARY_PATH=/home/rassito/microros_ws/install/builtin_interfaces/lib:${LD_LIBRARY_PATH} PYTHONPATH=/home/rassito/microros_ws/install/builtin_interfaces/lib/python3.12/site-packages:${PYTHONPATH} /usr/bin/cmake --install /home/rassito/microros_ws/build/complex_msgs
[3.349s] -- Install configuration: ""
[3.349s] -- Up-to-date: /home/rassito/microros_ws/install/complex_msgs/share/ament_index/resource_index/rosidl_interfaces/complex_msgs
[3.349s] -- Up-to-date: /home/rassito/microros_ws/install/complex_msgs/share/complex_msgs/msg/MultiStringTest.json
[3.349s] -- Up-to-date: /home/rassito/microros_ws/install/complex_msgs/share/complex_msgs/msg/NestedMsgTest.json
[3.350s] -- Up-to-date: /home/rassito/microros_ws/install/complex_msgs/include/complex_msgs/complex_msgs
[3.350s] -- Up-to-date: /home/rassito/microros_ws/install/complex_msgs/include/complex_msgs/complex_msgs/msg
[3.350s] -- Up-to-date: /home/rassito/microros_ws/install/complex_msgs/include/complex_msgs/complex_msgs/msg/multi_string_test.h
[3.350s] -- Up-to-date: /home/rassito/microros_ws/install/complex_msgs/include/complex_msgs/complex_msgs/msg/nested_msg_test.h
[3.350s] -- Up-to-date: /home/rassito/microros_ws/install/complex_msgs/include/complex_msgs/complex_msgs/msg/detail
[3.351s] -- Up-to-date: /home/rassito/microros_ws/install/complex_msgs/include/complex_msgs/complex_msgs/msg/detail/nested_msg_test__functions.h
[3.351s] -- Up-to-date: /home/rassito/microros_ws/install/complex_msgs/include/complex_msgs/complex_msgs/msg/detail/multi_string_test__struct.h
[3.351s] -- Up-to-date: /home/rassito/microros_ws/install/complex_msgs/include/complex_msgs/complex_msgs/msg/detail/multi_string_test__functions.h
[3.351s] -- Up-to-date: /home/rassito/microros_ws/install/complex_msgs/include/complex_msgs/complex_msgs/msg/detail/multi_string_test__functions.c
[3.351s] -- Up-to-date: /home/rassito/microros_ws/install/complex_msgs/include/complex_msgs/complex_msgs/msg/detail/nested_msg_test__functions.c
[3.351s] -- Up-to-date: /home/rassito/microros_ws/install/complex_msgs/include/complex_msgs/complex_msgs/msg/detail/nested_msg_test__description.c
[3.351s] -- Up-to-date: /home/rassito/microros_ws/install/complex_msgs/include/complex_msgs/complex_msgs/msg/detail/nested_msg_test__type_support.h
[3.351s] -- Up-to-date: /home/rassito/microros_ws/install/complex_msgs/include/complex_msgs/complex_msgs/msg/detail/multi_string_test__description.c
[3.351s] -- Installing: /home/rassito/microros_ws/install/complex_msgs/include/complex_msgs/complex_msgs/msg/detail/nested_msg_test__type_support.c
[3.351s] -- Up-to-date: /home/rassito/microros_ws/install/complex_msgs/include/complex_msgs/complex_msgs/msg/detail/multi_string_test__type_support.h
[3.351s] -- Installing: /home/rassito/microros_ws/install/complex_msgs/include/complex_msgs/complex_msgs/msg/detail/multi_string_test__type_support.c
[3.351s] -- Up-to-date: /home/rassito/microros_ws/install/complex_msgs/include/complex_msgs/complex_msgs/msg/detail/nested_msg_test__struct.h
[3.351s] -- Up-to-date: /home/rassito/microros_ws/install/complex_msgs/include/complex_msgs/complex_msgs/msg/rosidl_generator_c__visibility_control.h
[3.351s] -- Up-to-date: /home/rassito/microros_ws/install/complex_msgs/share/complex_msgs/environment/library_path.sh
[3.351s] -- Up-to-date: /home/rassito/microros_ws/install/complex_msgs/share/complex_msgs/environment/library_path.dsv
[3.354s] -- Up-to-date: /home/rassito/microros_ws/install/complex_msgs/lib/libcomplex_msgs__rosidl_generator_c.so
[3.355s] -- Up-to-date: /home/rassito/microros_ws/install/complex_msgs/include/complex_msgs/complex_msgs
[3.355s] -- Up-to-date: /home/rassito/microros_ws/install/complex_msgs/include/complex_msgs/complex_msgs/msg
[3.355s] -- Up-to-date: /home/rassito/microros_ws/install/complex_msgs/include/complex_msgs/complex_msgs/msg/rosidl_typesupport_fastrtps_c__visibility_control.h
[3.355s] -- Up-to-date: /home/rassito/microros_ws/install/complex_msgs/include/complex_msgs/complex_msgs/msg/detail
[3.355s] -- Up-to-date: /home/rassito/microros_ws/install/complex_msgs/include/complex_msgs/complex_msgs/msg/detail/multi_string_test__rosidl_typesupport_fastrtps_c.h
[3.355s] -- Up-to-date: /home/rassito/microros_ws/install/complex_msgs/include/complex_msgs/complex_msgs/msg/detail/nested_msg_test__rosidl_typesupport_fastrtps_c.h
[3.355s] -- Up-to-date: /home/rassito/microros_ws/install/complex_msgs/lib/libcomplex_msgs__rosidl_typesupport_fastrtps_c.so
[3.355s] -- Up-to-date: /home/rassito/microros_ws/install/complex_msgs/include/complex_msgs/complex_msgs
[3.355s] -- Up-to-date: /home/rassito/microros_ws/install/complex_msgs/include/complex_msgs/complex_msgs/msg
[3.355s] -- Up-to-date: /home/rassito/microros_ws/install/complex_msgs/include/complex_msgs/complex_msgs/msg/rosidl_generator_cpp__visibility_control.hpp
[3.355s] -- Up-to-date: /home/rassito/microros_ws/install/complex_msgs/include/complex_msgs/complex_msgs/msg/nested_msg_test.hpp
[3.355s] -- Up-to-date: /home/rassito/microros_ws/install/complex_msgs/include/complex_msgs/complex_msgs/msg/multi_string_test.hpp
[3.356s] -- Up-to-date: /home/rassito/microros_ws/install/complex_msgs/include/complex_msgs/complex_msgs/msg/detail
[3.356s] -- Up-to-date: /home/rassito/microros_ws/install/complex_msgs/include/complex_msgs/complex_msgs/msg/detail/nested_msg_test__struct.hpp
[3.356s] -- Up-to-date: /home/rassito/microros_ws/install/complex_msgs/include/complex_msgs/complex_msgs/msg/detail/nested_msg_test__traits.hpp
[3.356s] -- Up-to-date: /home/rassito/microros_ws/install/complex_msgs/include/complex_msgs/complex_msgs/msg/detail/multi_string_test__struct.hpp
[3.356s] -- Up-to-date: /home/rassito/microros_ws/install/complex_msgs/include/complex_msgs/complex_msgs/msg/detail/nested_msg_test__builder.hpp
[3.356s] -- Up-to-date: /home/rassito/microros_ws/install/complex_msgs/include/complex_msgs/complex_msgs/msg/detail/multi_string_test__type_support.hpp
[3.356s] -- Up-to-date: /home/rassito/microros_ws/install/complex_msgs/include/complex_msgs/complex_msgs/msg/detail/multi_string_test__builder.hpp
[3.356s] -- Up-to-date: /home/rassito/microros_ws/install/complex_msgs/include/complex_msgs/complex_msgs/msg/detail/multi_string_test__traits.hpp
[3.356s] -- Up-to-date: /home/rassito/microros_ws/install/complex_msgs/include/complex_msgs/complex_msgs/msg/detail/nested_msg_test__type_support.hpp
[3.356s] -- Up-to-date: /home/rassito/microros_ws/install/complex_msgs/include/complex_msgs/complex_msgs
[3.356s] -- Up-to-date: /home/rassito/microros_ws/install/complex_msgs/include/complex_msgs/complex_msgs/msg
[3.356s] -- Up-to-date: /home/rassito/microros_ws/install/complex_msgs/include/complex_msgs/complex_msgs/msg/rosidl_typesupport_fastrtps_cpp__visibility_control.h
[3.357s] -- Up-to-date: /home/rassito/microros_ws/install/complex_msgs/include/complex_msgs/complex_msgs/msg/detail
[3.357s] -- Up-to-date: /home/rassito/microros_ws/install/complex_msgs/include/complex_msgs/complex_msgs/msg/detail/nested_msg_test__rosidl_typesupport_fastrtps_cpp.hpp
[3.357s] -- Up-to-date: /home/rassito/microros_ws/install/complex_msgs/include/complex_msgs/complex_msgs/msg/detail/multi_string_test__rosidl_typesupport_fastrtps_cpp.hpp
[3.357s] -- Up-to-date: /home/rassito/microros_ws/install/complex_msgs/include/complex_msgs/complex_msgs/msg/detail/dds_fastrtps
[3.357s] -- Up-to-date: /home/rassito/microros_ws/install/complex_msgs/lib/libcomplex_msgs__rosidl_typesupport_fastrtps_cpp.so
[3.357s] -- Up-to-date: /home/rassito/microros_ws/install/complex_msgs/include/complex_msgs/complex_msgs
[3.357s] -- Up-to-date: /home/rassito/microros_ws/install/complex_msgs/include/complex_msgs/complex_msgs/msg
[3.357s] -- Up-to-date: /home/rassito/microros_ws/install/complex_msgs/include/complex_msgs/complex_msgs/msg/rosidl_typesupport_introspection_c__visibility_control.h
[3.357s] -- Up-to-date: /home/rassito/microros_ws/install/complex_msgs/include/complex_msgs/complex_msgs/msg/detail
[3.357s] -- Up-to-date: /home/rassito/microros_ws/install/complex_msgs/include/complex_msgs/complex_msgs/msg/detail/multi_string_test__rosidl_typesupport_introspection_c.h
[3.358s] -- Installing: /home/rassito/microros_ws/install/complex_msgs/include/complex_msgs/complex_msgs/msg/detail/nested_msg_test__type_support.c
[3.358s] -- Up-to-date: /home/rassito/microros_ws/install/complex_msgs/include/complex_msgs/complex_msgs/msg/detail/nested_msg_test__rosidl_typesupport_introspection_c.h
[3.358s] -- Installing: /home/rassito/microros_ws/install/complex_msgs/include/complex_msgs/complex_msgs/msg/detail/multi_string_test__type_support.c
[3.358s] -- Up-to-date: /home/rassito/microros_ws/install/complex_msgs/lib/libcomplex_msgs__rosidl_typesupport_introspection_c.so
[3.358s] -- Installing: /home/rassito/microros_ws/install/complex_msgs/lib/libcomplex_msgs__rosidl_typesupport_c.so
[3.358s] -- Set non-toolchain portion of runtime path of "/home/rassito/microros_ws/install/complex_msgs/lib/libcomplex_msgs__rosidl_typesupport_c.so" to ""
[3.358s] -- Up-to-date: /home/rassito/microros_ws/install/complex_msgs/include/complex_msgs/complex_msgs
[3.358s] -- Up-to-date: /home/rassito/microros_ws/install/complex_msgs/include/complex_msgs/complex_msgs/msg
[3.358s] -- Up-to-date: /home/rassito/microros_ws/install/complex_msgs/include/complex_msgs/complex_msgs/msg/detail
[3.358s] -- Up-to-date: /home/rassito/microros_ws/install/complex_msgs/include/complex_msgs/complex_msgs/msg/detail/nested_msg_test__rosidl_typesupport_introspection_cpp.hpp
[3.358s] -- Up-to-date: /home/rassito/microros_ws/install/complex_msgs/include/complex_msgs/complex_msgs/msg/detail/multi_string_test__type_support.cpp
[3.358s] -- Up-to-date: /home/rassito/microros_ws/install/complex_msgs/include/complex_msgs/complex_msgs/msg/detail/multi_string_test__rosidl_typesupport_introspection_cpp.hpp
[3.358s] -- Up-to-date: /home/rassito/microros_ws/install/complex_msgs/include/complex_msgs/complex_msgs/msg/detail/nested_msg_test__type_support.cpp
[3.358s] -- Up-to-date: /home/rassito/microros_ws/install/complex_msgs/lib/libcomplex_msgs__rosidl_typesupport_introspection_cpp.so
[3.359s] -- Installing: /home/rassito/microros_ws/install/complex_msgs/lib/libcomplex_msgs__rosidl_typesupport_cpp.so
[3.359s] -- Set non-toolchain portion of runtime path of "/home/rassito/microros_ws/install/complex_msgs/lib/libcomplex_msgs__rosidl_typesupport_cpp.so" to ""
[3.359s] -- Up-to-date: /home/rassito/microros_ws/install/complex_msgs/share/complex_msgs/environment/pythonpath.sh
[3.359s] -- Up-to-date: /home/rassito/microros_ws/install/complex_msgs/share/complex_msgs/environment/pythonpath.dsv
[3.359s] -- Up-to-date: /home/rassito/microros_ws/install/complex_msgs/lib/python3.12/site-packages/complex_msgs-5.0.1-py3.12.egg-info
[3.359s] -- Installing: /home/rassito/microros_ws/install/complex_msgs/lib/python3.12/site-packages/complex_msgs-5.0.1-py3.12.egg-info/top_level.txt
[3.359s] -- Installing: /home/rassito/microros_ws/install/complex_msgs/lib/python3.12/site-packages/complex_msgs-5.0.1-py3.12.egg-info/PKG-INFO
[3.359s] -- Installing: /home/rassito/microros_ws/install/complex_msgs/lib/python3.12/site-packages/complex_msgs-5.0.1-py3.12.egg-info/dependency_links.txt
[3.359s] -- Installing: /home/rassito/microros_ws/install/complex_msgs/lib/python3.12/site-packages/complex_msgs-5.0.1-py3.12.egg-info/SOURCES.txt
[3.359s] -- Up-to-date: /home/rassito/microros_ws/install/complex_msgs/lib/python3.12/site-packages/complex_msgs
[3.359s] -- Up-to-date: /home/rassito/microros_ws/install/complex_msgs/lib/python3.12/site-packages/complex_msgs/_complex_msgs_s.ep.rosidl_typesupport_introspection_c.c
[3.359s] -- Installing: /home/rassito/microros_ws/install/complex_msgs/lib/python3.12/site-packages/complex_msgs/complex_msgs_s__rosidl_typesupport_c.so
[3.359s] -- Installing: /home/rassito/microros_ws/install/complex_msgs/lib/python3.12/site-packages/complex_msgs/complex_msgs_s__rosidl_typesupport_fastrtps_c.so
[3.360s] -- Up-to-date: /home/rassito/microros_ws/install/complex_msgs/lib/python3.12/site-packages/complex_msgs/_complex_msgs_s.ep.rosidl_typesupport_fastrtps_c.c
[3.360s] -- Up-to-date: /home/rassito/microros_ws/install/complex_msgs/lib/python3.12/site-packages/complex_msgs/_complex_msgs_s.ep.rosidl_typesupport_c.c
[3.360s] -- Up-to-date: /home/rassito/microros_ws/install/complex_msgs/lib/python3.12/site-packages/complex_msgs/complex_msgs_s__rosidl_typesupport_microxrcedds_c.so
[3.360s] -- Up-to-date: /home/rassito/microros_ws/install/complex_msgs/lib/python3.12/site-packages/complex_msgs/_complex_msgs_s.ep.rosidl_typesupport_microxrcedds_c.c
[3.360s] -- Installing: /home/rassito/microros_ws/install/complex_msgs/lib/python3.12/site-packages/complex_msgs/complex_msgs_s__rosidl_typesupport_introspection_c.so
[3.360s] -- Up-to-date: /home/rassito/microros_ws/install/complex_msgs/lib/python3.12/site-packages/complex_msgs/msg
[3.360s] -- Up-to-date: /home/rassito/microros_ws/install/complex_msgs/lib/python3.12/site-packages/complex_msgs/msg/_multi_string_test.py
[3.360s] -- Up-to-date: /home/rassito/microros_ws/install/complex_msgs/lib/python3.12/site-packages/complex_msgs/msg/_multi_string_test_s.c
[3.360s] -- Up-to-date: /home/rassito/microros_ws/install/complex_msgs/lib/python3.12/site-packages/complex_msgs/msg/_nested_msg_test.py
[3.360s] -- Up-to-date: /home/rassito/microros_ws/install/complex_msgs/lib/python3.12/site-packages/complex_msgs/msg/_nested_msg_test_s.c
[3.360s] -- Up-to-date: /home/rassito/microros_ws/install/complex_msgs/lib/python3.12/site-packages/complex_msgs/msg/__init__.py
[3.360s] -- Installing: /home/rassito/microros_ws/install/complex_msgs/lib/python3.12/site-packages/complex_msgs/__init__.py
[3.386s] Listing '/home/rassito/microros_ws/install/complex_msgs/lib/python3.12/site-packages/complex_msgs'...
[3.386s] Compiling '/home/rassito/microros_ws/install/complex_msgs/lib/python3.12/site-packages/complex_msgs/__init__.py'...
[3.387s] Listing '/home/rassito/microros_ws/install/complex_msgs/lib/python3.12/site-packages/complex_msgs/msg'...
[3.392s] -- Installing: /home/rassito/microros_ws/install/complex_msgs/lib/python3.12/site-packages/complex_msgs/complex_msgs_s__rosidl_typesupport_fastrtps_c.so
[3.393s] -- Set non-toolchain portion of runtime path of "/home/rassito/microros_ws/install/complex_msgs/lib/python3.12/site-packages/complex_msgs/complex_msgs_s__rosidl_typesupport_fastrtps_c.so" to ""
[3.393s] -- Installing: /home/rassito/microros_ws/install/complex_msgs/lib/python3.12/site-packages/complex_msgs/complex_msgs_s__rosidl_typesupport_introspection_c.so
[3.393s] -- Set non-toolchain portion of runtime path of "/home/rassito/microros_ws/install/complex_msgs/lib/python3.12/site-packages/complex_msgs/complex_msgs_s__rosidl_typesupport_introspection_c.so" to ""
[3.394s] -- Installing: /home/rassito/microros_ws/install/complex_msgs/lib/python3.12/site-packages/complex_msgs/complex_msgs_s__rosidl_typesupport_c.so
[3.394s] -- Set non-toolchain portion of runtime path of "/home/rassito/microros_ws/install/complex_msgs/lib/python3.12/site-packages/complex_msgs/complex_msgs_s__rosidl_typesupport_c.so" to ""
[3.394s] -- Installing: /home/rassito/microros_ws/install/complex_msgs/lib/libcomplex_msgs__rosidl_generator_py.so
[3.395s] -- Set non-toolchain portion of runtime path of "/home/rassito/microros_ws/install/complex_msgs/lib/libcomplex_msgs__rosidl_generator_py.so" to ""
[3.395s] -- Up-to-date: /home/rassito/microros_ws/install/complex_msgs/share/complex_msgs/msg/MultiStringTest.idl
[3.395s] -- Up-to-date: /home/rassito/microros_ws/install/complex_msgs/share/complex_msgs/msg/NestedMsgTest.idl
[3.395s] -- Up-to-date: /home/rassito/microros_ws/install/complex_msgs/share/complex_msgs/msg/MultiStringTest.msg
[3.395s] -- Up-to-date: /home/rassito/microros_ws/install/complex_msgs/share/complex_msgs/msg/NestedMsgTest.msg
[3.396s] -- Up-to-date: /home/rassito/microros_ws/install/complex_msgs/share/ament_index/resource_index/package_run_dependencies/complex_msgs
[3.396s] -- Installing: /home/rassito/microros_ws/install/complex_msgs/share/ament_index/resource_index/parent_prefix_path/complex_msgs
[3.396s] -- Up-to-date: /home/rassito/microros_ws/install/complex_msgs/share/complex_msgs/environment/ament_prefix_path.sh
[3.396s] -- Up-to-date: /home/rassito/microros_ws/install/complex_msgs/share/complex_msgs/environment/ament_prefix_path.dsv
[3.396s] -- Up-to-date: /home/rassito/microros_ws/install/complex_msgs/share/complex_msgs/environment/path.sh
[3.396s] -- Up-to-date: /home/rassito/microros_ws/install/complex_msgs/share/complex_msgs/environment/path.dsv
[3.396s] -- Up-to-date: /home/rassito/microros_ws/install/complex_msgs/share/complex_msgs/local_setup.bash
[3.396s] -- Up-to-date: /home/rassito/microros_ws/install/complex_msgs/share/complex_msgs/local_setup.sh
[3.396s] -- Up-to-date: /home/rassito/microros_ws/install/complex_msgs/share/complex_msgs/local_setup.zsh
[3.396s] -- Up-to-date: /home/rassito/microros_ws/install/complex_msgs/share/complex_msgs/local_setup.dsv
[3.396s] -- Installing: /home/rassito/microros_ws/install/complex_msgs/share/complex_msgs/package.dsv
[3.398s] -- Up-to-date: /home/rassito/microros_ws/install/complex_msgs/share/ament_index/resource_index/packages/complex_msgs
[3.398s] -- Up-to-date: /home/rassito/microros_ws/install/complex_msgs/share/complex_msgs/cmake/export_complex_msgs__rosidl_generator_cExport.cmake
[3.398s] -- Up-to-date: /home/rassito/microros_ws/install/complex_msgs/share/complex_msgs/cmake/export_complex_msgs__rosidl_generator_cExport-noconfig.cmake
[3.398s] -- Up-to-date: /home/rassito/microros_ws/install/complex_msgs/share/complex_msgs/cmake/export_complex_msgs__rosidl_typesupport_fastrtps_cExport.cmake
[3.398s] -- Up-to-date: /home/rassito/microros_ws/install/complex_msgs/share/complex_msgs/cmake/export_complex_msgs__rosidl_typesupport_fastrtps_cExport-noconfig.cmake
[3.398s] -- Up-to-date: /home/rassito/microros_ws/install/complex_msgs/share/complex_msgs/cmake/export_complex_msgs__rosidl_generator_cppExport.cmake
[3.398s] -- Up-to-date: /home/rassito/microros_ws/install/complex_msgs/share/complex_msgs/cmake/export_complex_msgs__rosidl_typesupport_fastrtps_cppExport.cmake
[3.398s] -- Up-to-date: /home/rassito/microros_ws/install/complex_msgs/share/complex_msgs/cmake/export_complex_msgs__rosidl_typesupport_fastrtps_cppExport-noconfig.cmake
[3.398s] -- Up-to-date: /home/rassito/microros_ws/install/complex_msgs/share/complex_msgs/cmake/complex_msgs__rosidl_typesupport_introspection_cExport.cmake
[3.398s] -- Up-to-date: /home/rassito/microros_ws/install/complex_msgs/share/complex_msgs/cmake/complex_msgs__rosidl_typesupport_introspection_cExport-noconfig.cmake
[3.399s] -- Up-to-date: /home/rassito/microros_ws/install/complex_msgs/share/complex_msgs/cmake/complex_msgs__rosidl_typesupport_cExport.cmake
[3.399s] -- Up-to-date: /home/rassito/microros_ws/install/complex_msgs/share/complex_msgs/cmake/complex_msgs__rosidl_typesupport_cExport-noconfig.cmake
[3.399s] -- Up-to-date: /home/rassito/microros_ws/install/complex_msgs/share/complex_msgs/cmake/complex_msgs__rosidl_typesupport_introspection_cppExport.cmake
[3.399s] -- Up-to-date: /home/rassito/microros_ws/install/complex_msgs/share/complex_msgs/cmake/complex_msgs__rosidl_typesupport_introspection_cppExport-noconfig.cmake
[3.399s] -- Up-to-date: /home/rassito/microros_ws/install/complex_msgs/share/complex_msgs/cmake/complex_msgs__rosidl_typesupport_cppExport.cmake
[3.399s] -- Up-to-date: /home/rassito/microros_ws/install/complex_msgs/share/complex_msgs/cmake/complex_msgs__rosidl_typesupport_cppExport-noconfig.cmake
[3.399s] -- Up-to-date: /home/rassito/microros_ws/install/complex_msgs/share/complex_msgs/cmake/export_complex_msgs__rosidl_generator_pyExport.cmake
[3.399s] -- Up-to-date: /home/rassito/microros_ws/install/complex_msgs/share/complex_msgs/cmake/export_complex_msgs__rosidl_generator_pyExport-noconfig.cmake
[3.399s] -- Up-to-date: /home/rassito/microros_ws/install/complex_msgs/share/complex_msgs/cmake/rosidl_cmake-extras.cmake
[3.399s] -- Up-to-date: /home/rassito/microros_ws/install/complex_msgs/share/complex_msgs/cmake/ament_cmake_export_dependencies-extras.cmake
[3.400s] -- Installing: /home/rassito/microros_ws/install/complex_msgs/share/complex_msgs/cmake/ament_cmake_export_include_directories-extras.cmake
[3.400s] -- Up-to-date: /home/rassito/microros_ws/install/complex_msgs/share/complex_msgs/cmake/ament_cmake_export_libraries-extras.cmake
[3.400s] -- Up-to-date: /home/rassito/microros_ws/install/complex_msgs/share/complex_msgs/cmake/ament_cmake_export_targets-extras.cmake
[3.400s] -- Up-to-date: /home/rassito/microros_ws/install/complex_msgs/share/complex_msgs/cmake/rosidl_cmake_export_typesupport_targets-extras.cmake
[3.400s] -- Installing: /home/rassito/microros_ws/install/complex_msgs/share/complex_msgs/cmake/rosidl_cmake_export_typesupport_libraries-extras.cmake
[3.400s] -- Up-to-date: /home/rassito/microros_ws/install/complex_msgs/share/complex_msgs/cmake/complex_msgsConfig.cmake
[3.400s] -- Up-to-date: /home/rassito/microros_ws/install/complex_msgs/share/complex_msgs/cmake/complex_msgsConfig-version.cmake
[3.400s] -- Up-to-date: /home/rassito/microros_ws/install/complex_msgs/share/complex_msgs/package.xml
[3.421s] Invoked command in '/home/rassito/microros_ws/build/complex_msgs' returned '0': AMENT_PREFIX_PATH=/home/rassito/microros_ws/install/builtin_interfaces:${AMENT_PREFIX_PATH} CMAKE_PREFIX_PATH=/home/rassito/microros_ws/install/builtin_interfaces:/opt/ros/jazzy/opt/sdformat_vendor:/opt/ros/jazzy/opt/gz_math_vendor:/opt/ros/jazzy/opt/gz_utils_vendor:/opt/ros/jazzy/opt/gz_tools_vendor:/opt/ros/jazzy/opt/gz_cmake_vendor:/home/rassito/ros_ws/install/super_pkg:/opt/ros/jazzy DEBUGINFOD_URLS=https://debuginfod.ubuntu.com LD_LIBRARY_PATH=/home/rassito/microros_ws/install/builtin_interfaces/lib:${LD_LIBRARY_PATH} PYTHONPATH=/home/rassito/microros_ws/install/builtin_interfaces/lib/python3.12/site-packages:${PYTHONPATH} /usr/bin/cmake --install /home/rassito/microros_ws/build/complex_msgs
