[0.016s] Invoking command in '/home/rassito/microros_ws/build/shape_msgs': CMAKE_PREFIX_PATH=/home/rassito/microros_ws/install/geometry_msgs:/home/rassito/microros_ws/install/std_msgs:/home/rassito/microros_ws/install/builtin_interfaces:/home/rassito/microros_ws/install/micro_ros_demos_rclc:/home/rassito/microros_ws/install/common_interfaces:/home/rassito/microros_ws/install/visualization_msgs:/home/rassito/microros_ws/install/action_msgs:/home/rassito/microros_ws/install/unique_identifier_msgs:/home/rassito/microros_ws/install/type_description_interfaces:/home/rassito/microros_ws/install/trajectory_msgs:/home/rassito/microros_ws/install/test_msgs:/home/rassito/microros_ws/install/test_interface_files:/home/rassito/microros_ws/install/stereo_msgs:/home/rassito/microros_ws/install/std_srvs:/home/rassito/microros_ws/install/shape_msgs:/home/rassito/microros_ws/install/sensor_msgs:/home/rassito/microros_ws/install/nav_msgs:/home/rassito/microros_ws/install/diagnostic_msgs:/home/rassito/microros_ws/install/actionlib_msgs:/home/rassito/microros_ws/install/statistics_msgs:/home/rassito/microros_ws/install/service_msgs:/home/rassito/microros_ws/install/rosidl_typesupport_microxrcedds_test_msg:/home/rassito/microros_ws/install/rosidl_typesupport_microxrcedds_cpp_tests:/home/rassito/microros_ws/install/rmw_microxrcedds:/home/rassito/microros_ws/install/rosidl_typesupport_microxrcedds_cpp:/home/rassito/microros_ws/install/rosidl_typesupport_microxrcedds_c_tests:/home/rassito/microros_ws/install/rosidl_typesupport_microxrcedds_c:/home/rassito/microros_ws/install/rosgraph_msgs:/home/rassito/microros_ws/install/rclc_parameter:/home/rassito/microros_ws/install/rclc:/home/rassito/microros_ws/install/composition_interfaces:/home/rassito/microros_ws/install/rcl_interfaces:/home/rassito/microros_ws/install/microxrcedds_client:/home/rassito/microros_ws/install/microcdr:/home/rassito/microros_ws/install/micro_ros_utilities:/home/rassito/microros_ws/install/micro_ros_setup:/home/rassito/microros_ws/install/micro_ros_agent:/home/rassito/microros_ws/install/micro_ros_msgs:/home/rassito/microros_ws/install/lifecycle_msgs:/home/rassito/microros_ws/install/example_interfaces:/home/rassito/microros_ws/install/complex_msgs:/opt/ros/jazzy/opt/sdformat_vendor:/opt/ros/jazzy/opt/gz_math_vendor:/opt/ros/jazzy/opt/gz_utils_vendor:/opt/ros/jazzy/opt/gz_tools_vendor:/opt/ros/jazzy/opt/gz_cmake_vendor:/home/rassito/microros_ws/install/sensor_msgs_py:/home/rassito/ros_ws/install/super_pkg:/opt/ros/jazzy DEBUGINFOD_URLS=https://debuginfod.ubuntu.com LD_LIBRARY_PATH=/home/rassito/microros_ws/install/geometry_msgs/lib:/home/rassito/microros_ws/install/std_msgs/lib:/home/rassito/microros_ws/install/builtin_interfaces/lib:/home/rassito/microros_ws/install/visualization_msgs/lib:/home/rassito/microros_ws/install/action_msgs/lib:/home/rassito/microros_ws/install/unique_identifier_msgs/lib:/home/rassito/microros_ws/install/type_description_interfaces/lib:/home/rassito/microros_ws/install/trajectory_msgs/lib:/home/rassito/microros_ws/install/test_msgs/lib:/home/rassito/microros_ws/install/stereo_msgs/lib:/home/rassito/microros_ws/install/std_srvs/lib:/home/rassito/microros_ws/install/shape_msgs/lib:/home/rassito/microros_ws/install/sensor_msgs/lib:/home/rassito/microros_ws/install/nav_msgs/lib:/home/rassito/microros_ws/install/diagnostic_msgs/lib:/home/rassito/microros_ws/install/actionlib_msgs/lib:/home/rassito/microros_ws/install/statistics_msgs/lib:/home/rassito/microros_ws/install/service_msgs/lib:/home/rassito/microros_ws/install/rmw_microxrcedds/lib:/home/rassito/microros_ws/install/rosidl_typesupport_microxrcedds_cpp/lib:/home/rassito/microros_ws/install/rosidl_typesupport_microxrcedds_c/lib:/home/rassito/microros_ws/install/rosgraph_msgs/lib:/home/rassito/microros_ws/install/rclc_parameter/lib:/home/rassito/microros_ws/install/rclc/lib:/home/rassito/microros_ws/install/composition_interfaces/lib:/home/rassito/microros_ws/install/rcl_interfaces/lib:/home/rassito/microros_ws/install/microxrcedds_client/lib:/home/rassito/microros_ws/install/microcdr/lib:/home/rassito/microros_ws/install/micro_ros_utilities/lib:/home/rassito/microros_ws/install/micro_ros_agent/lib:/home/rassito/microros_ws/install/micro_ros_msgs/lib:/home/rassito/microros_ws/install/lifecycle_msgs/lib:/home/rassito/microros_ws/install/example_interfaces/lib:/home/rassito/microros_ws/install/complex_msgs/lib:/opt/ros/jazzy/opt/sdformat_vendor/lib:/opt/ros/jazzy/opt/rviz_ogre_vendor/lib:/opt/ros/jazzy/lib/x86_64-linux-gnu:/opt/ros/jazzy/opt/gz_math_vendor/lib:/opt/ros/jazzy/opt/gz_utils_vendor/lib:/opt/ros/jazzy/opt/gz_tools_vendor/lib:/opt/ros/jazzy/opt/gz_cmake_vendor/lib:/opt/ros/jazzy/lib PYTHONPATH=/home/rassito/microros_ws/install/geometry_msgs/lib/python3.12/site-packages:/home/rassito/microros_ws/install/std_msgs/lib/python3.12/site-packages:/home/rassito/microros_ws/install/builtin_interfaces/lib/python3.12/site-packages:/home/rassito/microros_ws/install/visualization_msgs/lib/python3.12/site-packages:/home/rassito/microros_ws/install/action_msgs/lib/python3.12/site-packages:/home/rassito/microros_ws/install/unique_identifier_msgs/lib/python3.12/site-packages:/home/rassito/microros_ws/install/type_description_interfaces/lib/python3.12/site-packages:/home/rassito/microros_ws/install/trajectory_msgs/lib/python3.12/site-packages:/home/rassito/microros_ws/install/test_msgs/lib/python3.12/site-packages:/home/rassito/microros_ws/install/stereo_msgs/lib/python3.12/site-packages:/home/rassito/microros_ws/install/std_srvs/lib/python3.12/site-packages:/home/rassito/microros_ws/install/shape_msgs/lib/python3.12/site-packages:/home/rassito/microros_ws/install/sensor_msgs_py/lib/python3.12/site-packages:/home/rassito/microros_ws/install/sensor_msgs/lib/python3.12/site-packages:/home/rassito/microros_ws/install/nav_msgs/lib/python3.12/site-packages:/home/rassito/microros_ws/install/diagnostic_msgs/lib/python3.12/site-packages:/home/rassito/microros_ws/install/actionlib_msgs/lib/python3.12/site-packages:/home/rassito/microros_ws/install/statistics_msgs/lib/python3.12/site-packages:/home/rassito/microros_ws/install/service_msgs/lib/python3.12/site-packages:/home/rassito/microros_ws/install/rosidl_typesupport_microxrcedds_cpp/lib/python3.12/site-packages:/home/rassito/microros_ws/install/rosidl_typesupport_microxrcedds_c/lib/python3.12/site-packages:/home/rassito/microros_ws/install/rosgraph_msgs/lib/python3.12/site-packages:/home/rassito/microros_ws/install/composition_interfaces/lib/python3.12/site-packages:/home/rassito/microros_ws/install/rcl_interfaces/lib/python3.12/site-packages:/home/rassito/microros_ws/install/micro_ros_msgs/lib/python3.12/site-packages:/home/rassito/microros_ws/install/lifecycle_msgs/lib/python3.12/site-packages:/home/rassito/microros_ws/install/example_interfaces/lib/python3.12/site-packages:/home/rassito/microros_ws/install/complex_msgs/lib/python3.12/site-packages:/home/rassito/ros_ws/build/super_pkg:/home/rassito/ros_ws/install/super_pkg/lib/python3.12/site-packages:/opt/ros/jazzy/lib/python3.12/site-packages /usr/bin/cmake --build /home/rassito/microros_ws/build/shape_msgs -- -j16 -l16
[0.055s] [  1%] Built target shape_msgs__rosidl_generator_type_description
[0.072s] [  1%] Built target ament_cmake_python_copy_shape_msgs
[0.077s] [  2%] Built target shape_msgs__cpp
[0.085s] [ 20%] Built target shape_msgs__rosidl_generator_c
[0.144s] [ 28%] Built target shape_msgs__rosidl_typesupport_cpp
[0.148s] [ 35%] Built target shape_msgs__rosidl_typesupport_fastrtps_cpp
[0.168s] [ 43%] Built target shape_msgs__rosidl_typesupport_introspection_c
[0.169s] [ 51%] Built target shape_msgs__rosidl_typesupport_microxrcedds_cpp
[0.171s] [ 58%] Built target shape_msgs__rosidl_typesupport_introspection_cpp
[0.172s] [ 66%] Built target shape_msgs__rosidl_typesupport_microxrcedds_c
[0.173s] [ 74%] Built target shape_msgs__rosidl_typesupport_fastrtps_c
[0.176s] [ 82%] Built target shape_msgs__rosidl_typesupport_c
[0.204s] [ 82%] Built target shape_msgs
[0.234s] [ 83%] Built target shape_msgs__py
[0.268s] [ 89%] Built target shape_msgs__rosidl_generator_py
[0.302s] [ 93%] Built target shape_msgs_s__rosidl_typesupport_fastrtps_c
[0.302s] [ 94%] Built target shape_msgs_s__rosidl_typesupport_c
[0.305s] [ 97%] Built target shape_msgs_s__rosidl_typesupport_microxrcedds_c
[0.306s] [100%] Built target shape_msgs_s__rosidl_typesupport_introspection_c
[0.357s] running egg_info
[0.371s] writing shape_msgs.egg-info/PKG-INFO
[0.372s] writing dependency_links to shape_msgs.egg-info/dependency_links.txt
[0.372s] writing top-level names to shape_msgs.egg-info/top_level.txt
[0.414s] reading manifest file 'shape_msgs.egg-info/SOURCES.txt'
[0.415s] writing manifest file 'shape_msgs.egg-info/SOURCES.txt'
[0.439s] [100%] Built target ament_cmake_python_build_shape_msgs_egg
[0.448s] Invoked command in '/home/rassito/microros_ws/build/shape_msgs' returned '0': CMAKE_PREFIX_PATH=/home/rassito/microros_ws/install/geometry_msgs:/home/rassito/microros_ws/install/std_msgs:/home/rassito/microros_ws/install/builtin_interfaces:/home/rassito/microros_ws/install/micro_ros_demos_rclc:/home/rassito/microros_ws/install/common_interfaces:/home/rassito/microros_ws/install/visualization_msgs:/home/rassito/microros_ws/install/action_msgs:/home/rassito/microros_ws/install/unique_identifier_msgs:/home/rassito/microros_ws/install/type_description_interfaces:/home/rassito/microros_ws/install/trajectory_msgs:/home/rassito/microros_ws/install/test_msgs:/home/rassito/microros_ws/install/test_interface_files:/home/rassito/microros_ws/install/stereo_msgs:/home/rassito/microros_ws/install/std_srvs:/home/rassito/microros_ws/install/shape_msgs:/home/rassito/microros_ws/install/sensor_msgs:/home/rassito/microros_ws/install/nav_msgs:/home/rassito/microros_ws/install/diagnostic_msgs:/home/rassito/microros_ws/install/actionlib_msgs:/home/rassito/microros_ws/install/statistics_msgs:/home/rassito/microros_ws/install/service_msgs:/home/rassito/microros_ws/install/rosidl_typesupport_microxrcedds_test_msg:/home/rassito/microros_ws/install/rosidl_typesupport_microxrcedds_cpp_tests:/home/rassito/microros_ws/install/rmw_microxrcedds:/home/rassito/microros_ws/install/rosidl_typesupport_microxrcedds_cpp:/home/rassito/microros_ws/install/rosidl_typesupport_microxrcedds_c_tests:/home/rassito/microros_ws/install/rosidl_typesupport_microxrcedds_c:/home/rassito/microros_ws/install/rosgraph_msgs:/home/rassito/microros_ws/install/rclc_parameter:/home/rassito/microros_ws/install/rclc:/home/rassito/microros_ws/install/composition_interfaces:/home/rassito/microros_ws/install/rcl_interfaces:/home/rassito/microros_ws/install/microxrcedds_client:/home/rassito/microros_ws/install/microcdr:/home/rassito/microros_ws/install/micro_ros_utilities:/home/rassito/microros_ws/install/micro_ros_setup:/home/rassito/microros_ws/install/micro_ros_agent:/home/rassito/microros_ws/install/micro_ros_msgs:/home/rassito/microros_ws/install/lifecycle_msgs:/home/rassito/microros_ws/install/example_interfaces:/home/rassito/microros_ws/install/complex_msgs:/opt/ros/jazzy/opt/sdformat_vendor:/opt/ros/jazzy/opt/gz_math_vendor:/opt/ros/jazzy/opt/gz_utils_vendor:/opt/ros/jazzy/opt/gz_tools_vendor:/opt/ros/jazzy/opt/gz_cmake_vendor:/home/rassito/microros_ws/install/sensor_msgs_py:/home/rassito/ros_ws/install/super_pkg:/opt/ros/jazzy DEBUGINFOD_URLS=https://debuginfod.ubuntu.com LD_LIBRARY_PATH=/home/rassito/microros_ws/install/geometry_msgs/lib:/home/rassito/microros_ws/install/std_msgs/lib:/home/rassito/microros_ws/install/builtin_interfaces/lib:/home/rassito/microros_ws/install/visualization_msgs/lib:/home/rassito/microros_ws/install/action_msgs/lib:/home/rassito/microros_ws/install/unique_identifier_msgs/lib:/home/rassito/microros_ws/install/type_description_interfaces/lib:/home/rassito/microros_ws/install/trajectory_msgs/lib:/home/rassito/microros_ws/install/test_msgs/lib:/home/rassito/microros_ws/install/stereo_msgs/lib:/home/rassito/microros_ws/install/std_srvs/lib:/home/rassito/microros_ws/install/shape_msgs/lib:/home/rassito/microros_ws/install/sensor_msgs/lib:/home/rassito/microros_ws/install/nav_msgs/lib:/home/rassito/microros_ws/install/diagnostic_msgs/lib:/home/rassito/microros_ws/install/actionlib_msgs/lib:/home/rassito/microros_ws/install/statistics_msgs/lib:/home/rassito/microros_ws/install/service_msgs/lib:/home/rassito/microros_ws/install/rmw_microxrcedds/lib:/home/rassito/microros_ws/install/rosidl_typesupport_microxrcedds_cpp/lib:/home/rassito/microros_ws/install/rosidl_typesupport_microxrcedds_c/lib:/home/rassito/microros_ws/install/rosgraph_msgs/lib:/home/rassito/microros_ws/install/rclc_parameter/lib:/home/rassito/microros_ws/install/rclc/lib:/home/rassito/microros_ws/install/composition_interfaces/lib:/home/rassito/microros_ws/install/rcl_interfaces/lib:/home/rassito/microros_ws/install/microxrcedds_client/lib:/home/rassito/microros_ws/install/microcdr/lib:/home/rassito/microros_ws/install/micro_ros_utilities/lib:/home/rassito/microros_ws/install/micro_ros_agent/lib:/home/rassito/microros_ws/install/micro_ros_msgs/lib:/home/rassito/microros_ws/install/lifecycle_msgs/lib:/home/rassito/microros_ws/install/example_interfaces/lib:/home/rassito/microros_ws/install/complex_msgs/lib:/opt/ros/jazzy/opt/sdformat_vendor/lib:/opt/ros/jazzy/opt/rviz_ogre_vendor/lib:/opt/ros/jazzy/lib/x86_64-linux-gnu:/opt/ros/jazzy/opt/gz_math_vendor/lib:/opt/ros/jazzy/opt/gz_utils_vendor/lib:/opt/ros/jazzy/opt/gz_tools_vendor/lib:/opt/ros/jazzy/opt/gz_cmake_vendor/lib:/opt/ros/jazzy/lib PYTHONPATH=/home/rassito/microros_ws/install/geometry_msgs/lib/python3.12/site-packages:/home/rassito/microros_ws/install/std_msgs/lib/python3.12/site-packages:/home/rassito/microros_ws/install/builtin_interfaces/lib/python3.12/site-packages:/home/rassito/microros_ws/install/visualization_msgs/lib/python3.12/site-packages:/home/rassito/microros_ws/install/action_msgs/lib/python3.12/site-packages:/home/rassito/microros_ws/install/unique_identifier_msgs/lib/python3.12/site-packages:/home/rassito/microros_ws/install/type_description_interfaces/lib/python3.12/site-packages:/home/rassito/microros_ws/install/trajectory_msgs/lib/python3.12/site-packages:/home/rassito/microros_ws/install/test_msgs/lib/python3.12/site-packages:/home/rassito/microros_ws/install/stereo_msgs/lib/python3.12/site-packages:/home/rassito/microros_ws/install/std_srvs/lib/python3.12/site-packages:/home/rassito/microros_ws/install/shape_msgs/lib/python3.12/site-packages:/home/rassito/microros_ws/install/sensor_msgs_py/lib/python3.12/site-packages:/home/rassito/microros_ws/install/sensor_msgs/lib/python3.12/site-packages:/home/rassito/microros_ws/install/nav_msgs/lib/python3.12/site-packages:/home/rassito/microros_ws/install/diagnostic_msgs/lib/python3.12/site-packages:/home/rassito/microros_ws/install/actionlib_msgs/lib/python3.12/site-packages:/home/rassito/microros_ws/install/statistics_msgs/lib/python3.12/site-packages:/home/rassito/microros_ws/install/service_msgs/lib/python3.12/site-packages:/home/rassito/microros_ws/install/rosidl_typesupport_microxrcedds_cpp/lib/python3.12/site-packages:/home/rassito/microros_ws/install/rosidl_typesupport_microxrcedds_c/lib/python3.12/site-packages:/home/rassito/microros_ws/install/rosgraph_msgs/lib/python3.12/site-packages:/home/rassito/microros_ws/install/composition_interfaces/lib/python3.12/site-packages:/home/rassito/microros_ws/install/rcl_interfaces/lib/python3.12/site-packages:/home/rassito/microros_ws/install/micro_ros_msgs/lib/python3.12/site-packages:/home/rassito/microros_ws/install/lifecycle_msgs/lib/python3.12/site-packages:/home/rassito/microros_ws/install/example_interfaces/lib/python3.12/site-packages:/home/rassito/microros_ws/install/complex_msgs/lib/python3.12/site-packages:/home/rassito/ros_ws/build/super_pkg:/home/rassito/ros_ws/install/super_pkg/lib/python3.12/site-packages:/opt/ros/jazzy/lib/python3.12/site-packages /usr/bin/cmake --build /home/rassito/microros_ws/build/shape_msgs -- -j16 -l16
[0.449s] Invoking command in '/home/rassito/microros_ws/build/shape_msgs': CMAKE_PREFIX_PATH=/home/rassito/microros_ws/install/geometry_msgs:/home/rassito/microros_ws/install/std_msgs:/home/rassito/microros_ws/install/builtin_interfaces:/home/rassito/microros_ws/install/micro_ros_demos_rclc:/home/rassito/microros_ws/install/common_interfaces:/home/rassito/microros_ws/install/visualization_msgs:/home/rassito/microros_ws/install/action_msgs:/home/rassito/microros_ws/install/unique_identifier_msgs:/home/rassito/microros_ws/install/type_description_interfaces:/home/rassito/microros_ws/install/trajectory_msgs:/home/rassito/microros_ws/install/test_msgs:/home/rassito/microros_ws/install/test_interface_files:/home/rassito/microros_ws/install/stereo_msgs:/home/rassito/microros_ws/install/std_srvs:/home/rassito/microros_ws/install/shape_msgs:/home/rassito/microros_ws/install/sensor_msgs:/home/rassito/microros_ws/install/nav_msgs:/home/rassito/microros_ws/install/diagnostic_msgs:/home/rassito/microros_ws/install/actionlib_msgs:/home/rassito/microros_ws/install/statistics_msgs:/home/rassito/microros_ws/install/service_msgs:/home/rassito/microros_ws/install/rosidl_typesupport_microxrcedds_test_msg:/home/rassito/microros_ws/install/rosidl_typesupport_microxrcedds_cpp_tests:/home/rassito/microros_ws/install/rmw_microxrcedds:/home/rassito/microros_ws/install/rosidl_typesupport_microxrcedds_cpp:/home/rassito/microros_ws/install/rosidl_typesupport_microxrcedds_c_tests:/home/rassito/microros_ws/install/rosidl_typesupport_microxrcedds_c:/home/rassito/microros_ws/install/rosgraph_msgs:/home/rassito/microros_ws/install/rclc_parameter:/home/rassito/microros_ws/install/rclc:/home/rassito/microros_ws/install/composition_interfaces:/home/rassito/microros_ws/install/rcl_interfaces:/home/rassito/microros_ws/install/microxrcedds_client:/home/rassito/microros_ws/install/microcdr:/home/rassito/microros_ws/install/micro_ros_utilities:/home/rassito/microros_ws/install/micro_ros_setup:/home/rassito/microros_ws/install/micro_ros_agent:/home/rassito/microros_ws/install/micro_ros_msgs:/home/rassito/microros_ws/install/lifecycle_msgs:/home/rassito/microros_ws/install/example_interfaces:/home/rassito/microros_ws/install/complex_msgs:/opt/ros/jazzy/opt/sdformat_vendor:/opt/ros/jazzy/opt/gz_math_vendor:/opt/ros/jazzy/opt/gz_utils_vendor:/opt/ros/jazzy/opt/gz_tools_vendor:/opt/ros/jazzy/opt/gz_cmake_vendor:/home/rassito/microros_ws/install/sensor_msgs_py:/home/rassito/ros_ws/install/super_pkg:/opt/ros/jazzy DEBUGINFOD_URLS=https://debuginfod.ubuntu.com LD_LIBRARY_PATH=/home/rassito/microros_ws/install/geometry_msgs/lib:/home/rassito/microros_ws/install/std_msgs/lib:/home/rassito/microros_ws/install/builtin_interfaces/lib:/home/rassito/microros_ws/install/visualization_msgs/lib:/home/rassito/microros_ws/install/action_msgs/lib:/home/rassito/microros_ws/install/unique_identifier_msgs/lib:/home/rassito/microros_ws/install/type_description_interfaces/lib:/home/rassito/microros_ws/install/trajectory_msgs/lib:/home/rassito/microros_ws/install/test_msgs/lib:/home/rassito/microros_ws/install/stereo_msgs/lib:/home/rassito/microros_ws/install/std_srvs/lib:/home/rassito/microros_ws/install/shape_msgs/lib:/home/rassito/microros_ws/install/sensor_msgs/lib:/home/rassito/microros_ws/install/nav_msgs/lib:/home/rassito/microros_ws/install/diagnostic_msgs/lib:/home/rassito/microros_ws/install/actionlib_msgs/lib:/home/rassito/microros_ws/install/statistics_msgs/lib:/home/rassito/microros_ws/install/service_msgs/lib:/home/rassito/microros_ws/install/rmw_microxrcedds/lib:/home/rassito/microros_ws/install/rosidl_typesupport_microxrcedds_cpp/lib:/home/rassito/microros_ws/install/rosidl_typesupport_microxrcedds_c/lib:/home/rassito/microros_ws/install/rosgraph_msgs/lib:/home/rassito/microros_ws/install/rclc_parameter/lib:/home/rassito/microros_ws/install/rclc/lib:/home/rassito/microros_ws/install/composition_interfaces/lib:/home/rassito/microros_ws/install/rcl_interfaces/lib:/home/rassito/microros_ws/install/microxrcedds_client/lib:/home/rassito/microros_ws/install/microcdr/lib:/home/rassito/microros_ws/install/micro_ros_utilities/lib:/home/rassito/microros_ws/install/micro_ros_agent/lib:/home/rassito/microros_ws/install/micro_ros_msgs/lib:/home/rassito/microros_ws/install/lifecycle_msgs/lib:/home/rassito/microros_ws/install/example_interfaces/lib:/home/rassito/microros_ws/install/complex_msgs/lib:/opt/ros/jazzy/opt/sdformat_vendor/lib:/opt/ros/jazzy/opt/rviz_ogre_vendor/lib:/opt/ros/jazzy/lib/x86_64-linux-gnu:/opt/ros/jazzy/opt/gz_math_vendor/lib:/opt/ros/jazzy/opt/gz_utils_vendor/lib:/opt/ros/jazzy/opt/gz_tools_vendor/lib:/opt/ros/jazzy/opt/gz_cmake_vendor/lib:/opt/ros/jazzy/lib PYTHONPATH=/home/rassito/microros_ws/install/geometry_msgs/lib/python3.12/site-packages:/home/rassito/microros_ws/install/std_msgs/lib/python3.12/site-packages:/home/rassito/microros_ws/install/builtin_interfaces/lib/python3.12/site-packages:/home/rassito/microros_ws/install/visualization_msgs/lib/python3.12/site-packages:/home/rassito/microros_ws/install/action_msgs/lib/python3.12/site-packages:/home/rassito/microros_ws/install/unique_identifier_msgs/lib/python3.12/site-packages:/home/rassito/microros_ws/install/type_description_interfaces/lib/python3.12/site-packages:/home/rassito/microros_ws/install/trajectory_msgs/lib/python3.12/site-packages:/home/rassito/microros_ws/install/test_msgs/lib/python3.12/site-packages:/home/rassito/microros_ws/install/stereo_msgs/lib/python3.12/site-packages:/home/rassito/microros_ws/install/std_srvs/lib/python3.12/site-packages:/home/rassito/microros_ws/install/shape_msgs/lib/python3.12/site-packages:/home/rassito/microros_ws/install/sensor_msgs_py/lib/python3.12/site-packages:/home/rassito/microros_ws/install/sensor_msgs/lib/python3.12/site-packages:/home/rassito/microros_ws/install/nav_msgs/lib/python3.12/site-packages:/home/rassito/microros_ws/install/diagnostic_msgs/lib/python3.12/site-packages:/home/rassito/microros_ws/install/actionlib_msgs/lib/python3.12/site-packages:/home/rassito/microros_ws/install/statistics_msgs/lib/python3.12/site-packages:/home/rassito/microros_ws/install/service_msgs/lib/python3.12/site-packages:/home/rassito/microros_ws/install/rosidl_typesupport_microxrcedds_cpp/lib/python3.12/site-packages:/home/rassito/microros_ws/install/rosidl_typesupport_microxrcedds_c/lib/python3.12/site-packages:/home/rassito/microros_ws/install/rosgraph_msgs/lib/python3.12/site-packages:/home/rassito/microros_ws/install/composition_interfaces/lib/python3.12/site-packages:/home/rassito/microros_ws/install/rcl_interfaces/lib/python3.12/site-packages:/home/rassito/microros_ws/install/micro_ros_msgs/lib/python3.12/site-packages:/home/rassito/microros_ws/install/lifecycle_msgs/lib/python3.12/site-packages:/home/rassito/microros_ws/install/example_interfaces/lib/python3.12/site-packages:/home/rassito/microros_ws/install/complex_msgs/lib/python3.12/site-packages:/home/rassito/ros_ws/build/super_pkg:/home/rassito/ros_ws/install/super_pkg/lib/python3.12/site-packages:/opt/ros/jazzy/lib/python3.12/site-packages /usr/bin/cmake --install /home/rassito/microros_ws/build/shape_msgs
[0.467s] -- Install configuration: ""
[0.467s] -- Up-to-date: /home/rassito/microros_ws/install/shape_msgs/share/ament_index/resource_index/rosidl_interfaces/shape_msgs
[0.467s] -- Up-to-date: /home/rassito/microros_ws/install/shape_msgs/share/shape_msgs/msg/Mesh.json
[0.468s] -- Up-to-date: /home/rassito/microros_ws/install/shape_msgs/share/shape_msgs/msg/MeshTriangle.json
[0.468s] -- Up-to-date: /home/rassito/microros_ws/install/shape_msgs/share/shape_msgs/msg/Plane.json
[0.468s] -- Up-to-date: /home/rassito/microros_ws/install/shape_msgs/share/shape_msgs/msg/SolidPrimitive.json
[0.468s] -- Up-to-date: /home/rassito/microros_ws/install/shape_msgs/include/shape_msgs/shape_msgs
[0.468s] -- Up-to-date: /home/rassito/microros_ws/install/shape_msgs/include/shape_msgs/shape_msgs/msg
[0.468s] -- Up-to-date: /home/rassito/microros_ws/install/shape_msgs/include/shape_msgs/shape_msgs/msg/mesh.h
[0.468s] -- Up-to-date: /home/rassito/microros_ws/install/shape_msgs/include/shape_msgs/shape_msgs/msg/plane.h
[0.468s] -- Up-to-date: /home/rassito/microros_ws/install/shape_msgs/include/shape_msgs/shape_msgs/msg/solid_primitive.h
[0.468s] -- Up-to-date: /home/rassito/microros_ws/install/shape_msgs/include/shape_msgs/shape_msgs/msg/detail
[0.468s] -- Up-to-date: /home/rassito/microros_ws/install/shape_msgs/include/shape_msgs/shape_msgs/msg/detail/mesh_triangle__type_support.h
[0.468s] -- Installing: /home/rassito/microros_ws/install/shape_msgs/include/shape_msgs/shape_msgs/msg/detail/mesh_triangle__type_support.c
[0.469s] -- Up-to-date: /home/rassito/microros_ws/install/shape_msgs/include/shape_msgs/shape_msgs/msg/detail/mesh_triangle__functions.h
[0.469s] -- Up-to-date: /home/rassito/microros_ws/install/shape_msgs/include/shape_msgs/shape_msgs/msg/detail/plane__type_support.h
[0.469s] -- Up-to-date: /home/rassito/microros_ws/install/shape_msgs/include/shape_msgs/shape_msgs/msg/detail/mesh__description.c
[0.469s] -- Up-to-date: /home/rassito/microros_ws/install/shape_msgs/include/shape_msgs/shape_msgs/msg/detail/plane__functions.c
[0.469s] -- Up-to-date: /home/rassito/microros_ws/install/shape_msgs/include/shape_msgs/shape_msgs/msg/detail/solid_primitive__functions.h
[0.469s] -- Up-to-date: /home/rassito/microros_ws/install/shape_msgs/include/shape_msgs/shape_msgs/msg/detail/plane__description.c
[0.469s] -- Up-to-date: /home/rassito/microros_ws/install/shape_msgs/include/shape_msgs/shape_msgs/msg/detail/plane__functions.h
[0.469s] -- Up-to-date: /home/rassito/microros_ws/install/shape_msgs/include/shape_msgs/shape_msgs/msg/detail/solid_primitive__struct.h
[0.469s] -- Up-to-date: /home/rassito/microros_ws/install/shape_msgs/include/shape_msgs/shape_msgs/msg/detail/solid_primitive__description.c
[0.469s] -- Up-to-date: /home/rassito/microros_ws/install/shape_msgs/include/shape_msgs/shape_msgs/msg/detail/mesh__type_support.h
[0.470s] -- Up-to-date: /home/rassito/microros_ws/install/shape_msgs/include/shape_msgs/shape_msgs/msg/detail/mesh_triangle__functions.c
[0.470s] -- Up-to-date: /home/rassito/microros_ws/install/shape_msgs/include/shape_msgs/shape_msgs/msg/detail/mesh__functions.c
[0.470s] -- Up-to-date: /home/rassito/microros_ws/install/shape_msgs/include/shape_msgs/shape_msgs/msg/detail/mesh_triangle__struct.h
[0.470s] -- Installing: /home/rassito/microros_ws/install/shape_msgs/include/shape_msgs/shape_msgs/msg/detail/mesh__type_support.c
[0.470s] -- Installing: /home/rassito/microros_ws/install/shape_msgs/include/shape_msgs/shape_msgs/msg/detail/solid_primitive__type_support.c
[0.470s] -- Up-to-date: /home/rassito/microros_ws/install/shape_msgs/include/shape_msgs/shape_msgs/msg/detail/solid_primitive__functions.c
[0.470s] -- Installing: /home/rassito/microros_ws/install/shape_msgs/include/shape_msgs/shape_msgs/msg/detail/plane__type_support.c
[0.470s] -- Up-to-date: /home/rassito/microros_ws/install/shape_msgs/include/shape_msgs/shape_msgs/msg/detail/plane__struct.h
[0.470s] -- Up-to-date: /home/rassito/microros_ws/install/shape_msgs/include/shape_msgs/shape_msgs/msg/detail/mesh__struct.h
[0.470s] -- Up-to-date: /home/rassito/microros_ws/install/shape_msgs/include/shape_msgs/shape_msgs/msg/detail/solid_primitive__type_support.h
[0.470s] -- Up-to-date: /home/rassito/microros_ws/install/shape_msgs/include/shape_msgs/shape_msgs/msg/detail/mesh__functions.h
[0.470s] -- Up-to-date: /home/rassito/microros_ws/install/shape_msgs/include/shape_msgs/shape_msgs/msg/detail/mesh_triangle__description.c
[0.470s] -- Up-to-date: /home/rassito/microros_ws/install/shape_msgs/include/shape_msgs/shape_msgs/msg/mesh_triangle.h
[0.470s] -- Up-to-date: /home/rassito/microros_ws/install/shape_msgs/include/shape_msgs/shape_msgs/msg/rosidl_generator_c__visibility_control.h
[0.471s] -- Up-to-date: /home/rassito/microros_ws/install/shape_msgs/share/shape_msgs/environment/library_path.sh
[0.471s] -- Up-to-date: /home/rassito/microros_ws/install/shape_msgs/share/shape_msgs/environment/library_path.dsv
[0.471s] -- Up-to-date: /home/rassito/microros_ws/install/shape_msgs/lib/libshape_msgs__rosidl_generator_c.so
[0.471s] -- Up-to-date: /home/rassito/microros_ws/install/shape_msgs/include/shape_msgs/shape_msgs
[0.471s] -- Up-to-date: /home/rassito/microros_ws/install/shape_msgs/include/shape_msgs/shape_msgs/msg
[0.471s] -- Up-to-date: /home/rassito/microros_ws/install/shape_msgs/include/shape_msgs/shape_msgs/msg/rosidl_typesupport_fastrtps_c__visibility_control.h
[0.471s] -- Up-to-date: /home/rassito/microros_ws/install/shape_msgs/include/shape_msgs/shape_msgs/msg/detail
[0.471s] -- Up-to-date: /home/rassito/microros_ws/install/shape_msgs/include/shape_msgs/shape_msgs/msg/detail/plane__rosidl_typesupport_fastrtps_c.h
[0.471s] -- Up-to-date: /home/rassito/microros_ws/install/shape_msgs/include/shape_msgs/shape_msgs/msg/detail/solid_primitive__rosidl_typesupport_fastrtps_c.h
[0.471s] -- Up-to-date: /home/rassito/microros_ws/install/shape_msgs/include/shape_msgs/shape_msgs/msg/detail/mesh__rosidl_typesupport_fastrtps_c.h
[0.471s] -- Up-to-date: /home/rassito/microros_ws/install/shape_msgs/include/shape_msgs/shape_msgs/msg/detail/mesh_triangle__rosidl_typesupport_fastrtps_c.h
[0.471s] -- Up-to-date: /home/rassito/microros_ws/install/shape_msgs/lib/libshape_msgs__rosidl_typesupport_fastrtps_c.so
[0.471s] -- Up-to-date: /home/rassito/microros_ws/install/shape_msgs/include/shape_msgs/shape_msgs
[0.471s] -- Up-to-date: /home/rassito/microros_ws/install/shape_msgs/include/shape_msgs/shape_msgs/msg
[0.471s] -- Up-to-date: /home/rassito/microros_ws/install/shape_msgs/include/shape_msgs/shape_msgs/msg/mesh_triangle.hpp
[0.471s] -- Up-to-date: /home/rassito/microros_ws/install/shape_msgs/include/shape_msgs/shape_msgs/msg/rosidl_generator_cpp__visibility_control.hpp
[0.471s] -- Up-to-date: /home/rassito/microros_ws/install/shape_msgs/include/shape_msgs/shape_msgs/msg/plane.hpp
[0.471s] -- Up-to-date: /home/rassito/microros_ws/install/shape_msgs/include/shape_msgs/shape_msgs/msg/solid_primitive.hpp
[0.471s] -- Up-to-date: /home/rassito/microros_ws/install/shape_msgs/include/shape_msgs/shape_msgs/msg/mesh.hpp
[0.471s] -- Up-to-date: /home/rassito/microros_ws/install/shape_msgs/include/shape_msgs/shape_msgs/msg/detail
[0.472s] -- Up-to-date: /home/rassito/microros_ws/install/shape_msgs/include/shape_msgs/shape_msgs/msg/detail/solid_primitive__type_support.hpp
[0.472s] -- Up-to-date: /home/rassito/microros_ws/install/shape_msgs/include/shape_msgs/shape_msgs/msg/detail/mesh_triangle__builder.hpp
[0.472s] -- Up-to-date: /home/rassito/microros_ws/install/shape_msgs/include/shape_msgs/shape_msgs/msg/detail/mesh_triangle__traits.hpp
[0.472s] -- Up-to-date: /home/rassito/microros_ws/install/shape_msgs/include/shape_msgs/shape_msgs/msg/detail/mesh__type_support.hpp
[0.472s] -- Up-to-date: /home/rassito/microros_ws/install/shape_msgs/include/shape_msgs/shape_msgs/msg/detail/mesh_triangle__struct.hpp
[0.472s] -- Up-to-date: /home/rassito/microros_ws/install/shape_msgs/include/shape_msgs/shape_msgs/msg/detail/mesh__builder.hpp
[0.472s] -- Up-to-date: /home/rassito/microros_ws/install/shape_msgs/include/shape_msgs/shape_msgs/msg/detail/solid_primitive__struct.hpp
[0.472s] -- Up-to-date: /home/rassito/microros_ws/install/shape_msgs/include/shape_msgs/shape_msgs/msg/detail/solid_primitive__traits.hpp
[0.472s] -- Up-to-date: /home/rassito/microros_ws/install/shape_msgs/include/shape_msgs/shape_msgs/msg/detail/mesh__traits.hpp
[0.472s] -- Up-to-date: /home/rassito/microros_ws/install/shape_msgs/include/shape_msgs/shape_msgs/msg/detail/solid_primitive__builder.hpp
[0.472s] -- Up-to-date: /home/rassito/microros_ws/install/shape_msgs/include/shape_msgs/shape_msgs/msg/detail/mesh_triangle__type_support.hpp
[0.472s] -- Up-to-date: /home/rassito/microros_ws/install/shape_msgs/include/shape_msgs/shape_msgs/msg/detail/plane__builder.hpp
[0.472s] -- Up-to-date: /home/rassito/microros_ws/install/shape_msgs/include/shape_msgs/shape_msgs/msg/detail/mesh__struct.hpp
[0.472s] -- Up-to-date: /home/rassito/microros_ws/install/shape_msgs/include/shape_msgs/shape_msgs/msg/detail/plane__struct.hpp
[0.472s] -- Up-to-date: /home/rassito/microros_ws/install/shape_msgs/include/shape_msgs/shape_msgs/msg/detail/plane__traits.hpp
[0.472s] -- Up-to-date: /home/rassito/microros_ws/install/shape_msgs/include/shape_msgs/shape_msgs/msg/detail/plane__type_support.hpp
[0.472s] -- Up-to-date: /home/rassito/microros_ws/install/shape_msgs/include/shape_msgs/shape_msgs
[0.472s] -- Up-to-date: /home/rassito/microros_ws/install/shape_msgs/include/shape_msgs/shape_msgs/msg
[0.472s] -- Up-to-date: /home/rassito/microros_ws/install/shape_msgs/include/shape_msgs/shape_msgs/msg/rosidl_typesupport_fastrtps_cpp__visibility_control.h
[0.472s] -- Up-to-date: /home/rassito/microros_ws/install/shape_msgs/include/shape_msgs/shape_msgs/msg/detail
[0.473s] -- Up-to-date: /home/rassito/microros_ws/install/shape_msgs/include/shape_msgs/shape_msgs/msg/detail/mesh__rosidl_typesupport_fastrtps_cpp.hpp
[0.473s] -- Up-to-date: /home/rassito/microros_ws/install/shape_msgs/include/shape_msgs/shape_msgs/msg/detail/plane__rosidl_typesupport_fastrtps_cpp.hpp
[0.473s] -- Up-to-date: /home/rassito/microros_ws/install/shape_msgs/include/shape_msgs/shape_msgs/msg/detail/mesh_triangle__rosidl_typesupport_fastrtps_cpp.hpp
[0.473s] -- Up-to-date: /home/rassito/microros_ws/install/shape_msgs/include/shape_msgs/shape_msgs/msg/detail/solid_primitive__rosidl_typesupport_fastrtps_cpp.hpp
[0.473s] -- Up-to-date: /home/rassito/microros_ws/install/shape_msgs/include/shape_msgs/shape_msgs/msg/detail/dds_fastrtps
[0.473s] -- Up-to-date: /home/rassito/microros_ws/install/shape_msgs/lib/libshape_msgs__rosidl_typesupport_fastrtps_cpp.so
[0.473s] -- Up-to-date: /home/rassito/microros_ws/install/shape_msgs/include/shape_msgs
[0.473s] -- Up-to-date: /home/rassito/microros_ws/install/shape_msgs/include/shape_msgs/msg
[0.473s] -- Up-to-date: /home/rassito/microros_ws/install/shape_msgs/include/shape_msgs/msg/detail
[0.473s] -- Up-to-date: /home/rassito/microros_ws/install/shape_msgs/include/shape_msgs/msg/detail/microxrcedds
[0.473s] -- Up-to-date: /home/rassito/microros_ws/install/shape_msgs/include/shape_msgs/msg/detail/mesh_triangle__rosidl_typesupport_microxrcedds_c.h
[0.473s] -- Up-to-date: /home/rassito/microros_ws/install/shape_msgs/include/shape_msgs/msg/detail/solid_primitive__rosidl_typesupport_microxrcedds_c.h
[0.473s] -- Up-to-date: /home/rassito/microros_ws/install/shape_msgs/include/shape_msgs/msg/detail/plane__rosidl_typesupport_microxrcedds_c.h
[0.473s] -- Up-to-date: /home/rassito/microros_ws/install/shape_msgs/include/shape_msgs/msg/detail/mesh__rosidl_typesupport_microxrcedds_c.h
[0.473s] -- Up-to-date: /home/rassito/microros_ws/install/shape_msgs/include/shape_msgs/msg/rosidl_typesupport_microxrcedds_c__visibility_control.h
[0.473s] -- Up-to-date: /home/rassito/microros_ws/install/shape_msgs/lib/libshape_msgs__rosidl_typesupport_microxrcedds_c.so
[0.473s] -- Up-to-date: /home/rassito/microros_ws/install/shape_msgs/include/shape_msgs/shape_msgs
[0.474s] -- Up-to-date: /home/rassito/microros_ws/install/shape_msgs/include/shape_msgs/shape_msgs/msg
[0.474s] -- Up-to-date: /home/rassito/microros_ws/install/shape_msgs/include/shape_msgs/shape_msgs/msg/rosidl_typesupport_introspection_c__visibility_control.h
[0.474s] -- Up-to-date: /home/rassito/microros_ws/install/shape_msgs/include/shape_msgs/shape_msgs/msg/detail
[0.474s] -- Up-to-date: /home/rassito/microros_ws/install/shape_msgs/include/shape_msgs/shape_msgs/msg/detail/mesh__rosidl_typesupport_introspection_c.h
[0.474s] -- Installing: /home/rassito/microros_ws/install/shape_msgs/include/shape_msgs/shape_msgs/msg/detail/mesh_triangle__type_support.c
[0.474s] -- Up-to-date: /home/rassito/microros_ws/install/shape_msgs/include/shape_msgs/shape_msgs/msg/detail/mesh_triangle__rosidl_typesupport_introspection_c.h
[0.474s] -- Up-to-date: /home/rassito/microros_ws/install/shape_msgs/include/shape_msgs/shape_msgs/msg/detail/solid_primitive__rosidl_typesupport_introspection_c.h
[0.474s] -- Installing: /home/rassito/microros_ws/install/shape_msgs/include/shape_msgs/shape_msgs/msg/detail/mesh__type_support.c
[0.474s] -- Installing: /home/rassito/microros_ws/install/shape_msgs/include/shape_msgs/shape_msgs/msg/detail/solid_primitive__type_support.c
[0.474s] -- Installing: /home/rassito/microros_ws/install/shape_msgs/include/shape_msgs/shape_msgs/msg/detail/plane__type_support.c
[0.474s] -- Up-to-date: /home/rassito/microros_ws/install/shape_msgs/include/shape_msgs/shape_msgs/msg/detail/plane__rosidl_typesupport_introspection_c.h
[0.474s] -- Up-to-date: /home/rassito/microros_ws/install/shape_msgs/lib/libshape_msgs__rosidl_typesupport_introspection_c.so
[0.474s] -- Up-to-date: /home/rassito/microros_ws/install/shape_msgs/lib/libshape_msgs__rosidl_typesupport_c.so
[0.474s] -- Up-to-date: /home/rassito/microros_ws/install/shape_msgs/include/shape_msgs
[0.474s] -- Up-to-date: /home/rassito/microros_ws/install/shape_msgs/include/shape_msgs/msg
[0.474s] -- Up-to-date: /home/rassito/microros_ws/install/shape_msgs/include/shape_msgs/msg/rosidl_typesupport_microxrcedds_cpp__visibility_control.h
[0.474s] -- Up-to-date: /home/rassito/microros_ws/install/shape_msgs/include/shape_msgs/msg/detail
[0.474s] -- Up-to-date: /home/rassito/microros_ws/install/shape_msgs/include/shape_msgs/msg/detail/microxrcedds
[0.474s] -- Up-to-date: /home/rassito/microros_ws/install/shape_msgs/include/shape_msgs/msg/detail/microxrcedds/mesh_triangle__type_support_cpp.cpp
[0.474s] -- Up-to-date: /home/rassito/microros_ws/install/shape_msgs/include/shape_msgs/msg/detail/microxrcedds/solid_primitive__type_support_cpp.cpp
[0.474s] -- Up-to-date: /home/rassito/microros_ws/install/shape_msgs/include/shape_msgs/msg/detail/microxrcedds/plane__type_support_cpp.cpp
[0.475s] -- Up-to-date: /home/rassito/microros_ws/install/shape_msgs/include/shape_msgs/msg/detail/microxrcedds/mesh__type_support_cpp.cpp
[0.475s] -- Up-to-date: /home/rassito/microros_ws/install/shape_msgs/include/shape_msgs/msg/detail/mesh__rosidl_typesupport_microxrcedds_cpp.hpp
[0.475s] -- Up-to-date: /home/rassito/microros_ws/install/shape_msgs/include/shape_msgs/msg/detail/mesh_triangle__rosidl_typesupport_microxrcedds_cpp.hpp
[0.475s] -- Up-to-date: /home/rassito/microros_ws/install/shape_msgs/include/shape_msgs/msg/detail/plane__rosidl_typesupport_microxrcedds_cpp.hpp
[0.475s] -- Up-to-date: /home/rassito/microros_ws/install/shape_msgs/include/shape_msgs/msg/detail/solid_primitive__rosidl_typesupport_microxrcedds_cpp.hpp
[0.475s] -- Up-to-date: /home/rassito/microros_ws/install/shape_msgs/lib/libshape_msgs__rosidl_typesupport_microxrcedds_cpp.so
[0.475s] -- Up-to-date: /home/rassito/microros_ws/install/shape_msgs/include/shape_msgs/shape_msgs
[0.475s] -- Up-to-date: /home/rassito/microros_ws/install/shape_msgs/include/shape_msgs/shape_msgs/msg
[0.475s] -- Up-to-date: /home/rassito/microros_ws/install/shape_msgs/include/shape_msgs/shape_msgs/msg/detail
[0.475s] -- Up-to-date: /home/rassito/microros_ws/install/shape_msgs/include/shape_msgs/shape_msgs/msg/detail/plane__rosidl_typesupport_introspection_cpp.hpp
[0.475s] -- Up-to-date: /home/rassito/microros_ws/install/shape_msgs/include/shape_msgs/shape_msgs/msg/detail/mesh_triangle__rosidl_typesupport_introspection_cpp.hpp
[0.475s] -- Up-to-date: /home/rassito/microros_ws/install/shape_msgs/include/shape_msgs/shape_msgs/msg/detail/plane__type_support.cpp
[0.475s] -- Up-to-date: /home/rassito/microros_ws/install/shape_msgs/include/shape_msgs/shape_msgs/msg/detail/mesh__rosidl_typesupport_introspection_cpp.hpp
[0.475s] -- Up-to-date: /home/rassito/microros_ws/install/shape_msgs/include/shape_msgs/shape_msgs/msg/detail/mesh_triangle__type_support.cpp
[0.475s] -- Up-to-date: /home/rassito/microros_ws/install/shape_msgs/include/shape_msgs/shape_msgs/msg/detail/solid_primitive__type_support.cpp
[0.475s] -- Up-to-date: /home/rassito/microros_ws/install/shape_msgs/include/shape_msgs/shape_msgs/msg/detail/solid_primitive__rosidl_typesupport_introspection_cpp.hpp
[0.475s] -- Up-to-date: /home/rassito/microros_ws/install/shape_msgs/include/shape_msgs/shape_msgs/msg/detail/mesh__type_support.cpp
[0.475s] -- Up-to-date: /home/rassito/microros_ws/install/shape_msgs/lib/libshape_msgs__rosidl_typesupport_introspection_cpp.so
[0.475s] -- Up-to-date: /home/rassito/microros_ws/install/shape_msgs/lib/libshape_msgs__rosidl_typesupport_cpp.so
[0.475s] -- Up-to-date: /home/rassito/microros_ws/install/shape_msgs/share/shape_msgs/environment/pythonpath.sh
[0.475s] -- Up-to-date: /home/rassito/microros_ws/install/shape_msgs/share/shape_msgs/environment/pythonpath.dsv
[0.476s] -- Up-to-date: /home/rassito/microros_ws/install/shape_msgs/lib/python3.12/site-packages/shape_msgs-5.3.5-py3.12.egg-info
[0.476s] -- Installing: /home/rassito/microros_ws/install/shape_msgs/lib/python3.12/site-packages/shape_msgs-5.3.5-py3.12.egg-info/top_level.txt
[0.476s] -- Installing: /home/rassito/microros_ws/install/shape_msgs/lib/python3.12/site-packages/shape_msgs-5.3.5-py3.12.egg-info/PKG-INFO
[0.476s] -- Installing: /home/rassito/microros_ws/install/shape_msgs/lib/python3.12/site-packages/shape_msgs-5.3.5-py3.12.egg-info/dependency_links.txt
[0.476s] -- Installing: /home/rassito/microros_ws/install/shape_msgs/lib/python3.12/site-packages/shape_msgs-5.3.5-py3.12.egg-info/SOURCES.txt
[0.476s] -- Up-to-date: /home/rassito/microros_ws/install/shape_msgs/lib/python3.12/site-packages/shape_msgs
[0.476s] -- Up-to-date: /home/rassito/microros_ws/install/shape_msgs/lib/python3.12/site-packages/shape_msgs/_shape_msgs_s.ep.rosidl_typesupport_introspection_c.c
[0.476s] -- Up-to-date: /home/rassito/microros_ws/install/shape_msgs/lib/python3.12/site-packages/shape_msgs/shape_msgs_s__rosidl_typesupport_fastrtps_c.so
[0.476s] -- Up-to-date: /home/rassito/microros_ws/install/shape_msgs/lib/python3.12/site-packages/shape_msgs/shape_msgs_s__rosidl_typesupport_introspection_c.so
[0.476s] -- Up-to-date: /home/rassito/microros_ws/install/shape_msgs/lib/python3.12/site-packages/shape_msgs/shape_msgs_s__rosidl_typesupport_microxrcedds_c.so
[0.476s] -- Up-to-date: /home/rassito/microros_ws/install/shape_msgs/lib/python3.12/site-packages/shape_msgs/_shape_msgs_s.ep.rosidl_typesupport_microxrcedds_c.c
[0.476s] -- Up-to-date: /home/rassito/microros_ws/install/shape_msgs/lib/python3.12/site-packages/shape_msgs/_shape_msgs_s.ep.rosidl_typesupport_c.c
[0.476s] -- Up-to-date: /home/rassito/microros_ws/install/shape_msgs/lib/python3.12/site-packages/shape_msgs/_shape_msgs_s.ep.rosidl_typesupport_fastrtps_c.c
[0.476s] -- Up-to-date: /home/rassito/microros_ws/install/shape_msgs/lib/python3.12/site-packages/shape_msgs/shape_msgs_s__rosidl_typesupport_c.so
[0.476s] -- Up-to-date: /home/rassito/microros_ws/install/shape_msgs/lib/python3.12/site-packages/shape_msgs/msg
[0.476s] -- Up-to-date: /home/rassito/microros_ws/install/shape_msgs/lib/python3.12/site-packages/shape_msgs/msg/_mesh_triangle_s.c
[0.476s] -- Up-to-date: /home/rassito/microros_ws/install/shape_msgs/lib/python3.12/site-packages/shape_msgs/msg/_solid_primitive.py
[0.477s] -- Up-to-date: /home/rassito/microros_ws/install/shape_msgs/lib/python3.12/site-packages/shape_msgs/msg/_plane_s.c
[0.477s] -- Up-to-date: /home/rassito/microros_ws/install/shape_msgs/lib/python3.12/site-packages/shape_msgs/msg/_solid_primitive_s.c
[0.477s] -- Up-to-date: /home/rassito/microros_ws/install/shape_msgs/lib/python3.12/site-packages/shape_msgs/msg/_mesh_s.c
[0.477s] -- Up-to-date: /home/rassito/microros_ws/install/shape_msgs/lib/python3.12/site-packages/shape_msgs/msg/_plane.py
[0.477s] -- Up-to-date: /home/rassito/microros_ws/install/shape_msgs/lib/python3.12/site-packages/shape_msgs/msg/_mesh_triangle.py
[0.477s] -- Up-to-date: /home/rassito/microros_ws/install/shape_msgs/lib/python3.12/site-packages/shape_msgs/msg/__init__.py
[0.477s] -- Up-to-date: /home/rassito/microros_ws/install/shape_msgs/lib/python3.12/site-packages/shape_msgs/msg/_mesh.py
[0.477s] -- Up-to-date: /home/rassito/microros_ws/install/shape_msgs/lib/python3.12/site-packages/shape_msgs/__init__.py
[0.525s] Listing '/home/rassito/microros_ws/install/shape_msgs/lib/python3.12/site-packages/shape_msgs'...
[0.525s] Listing '/home/rassito/microros_ws/install/shape_msgs/lib/python3.12/site-packages/shape_msgs/msg'...
[0.531s] -- Up-to-date: /home/rassito/microros_ws/install/shape_msgs/lib/python3.12/site-packages/shape_msgs/shape_msgs_s__rosidl_typesupport_microxrcedds_c.so
[0.537s] -- Up-to-date: /home/rassito/microros_ws/install/shape_msgs/lib/python3.12/site-packages/shape_msgs/shape_msgs_s__rosidl_typesupport_fastrtps_c.so
[0.537s] -- Up-to-date: /home/rassito/microros_ws/install/shape_msgs/lib/python3.12/site-packages/shape_msgs/shape_msgs_s__rosidl_typesupport_introspection_c.so
[0.539s] -- Up-to-date: /home/rassito/microros_ws/install/shape_msgs/lib/python3.12/site-packages/shape_msgs/shape_msgs_s__rosidl_typesupport_c.so
[0.539s] -- Up-to-date: /home/rassito/microros_ws/install/shape_msgs/lib/libshape_msgs__rosidl_generator_py.so
[0.539s] -- Up-to-date: /home/rassito/microros_ws/install/shape_msgs/share/shape_msgs/msg/Mesh.idl
[0.539s] -- Up-to-date: /home/rassito/microros_ws/install/shape_msgs/share/shape_msgs/msg/MeshTriangle.idl
[0.539s] -- Up-to-date: /home/rassito/microros_ws/install/shape_msgs/share/shape_msgs/msg/Plane.idl
[0.539s] -- Up-to-date: /home/rassito/microros_ws/install/shape_msgs/share/shape_msgs/msg/SolidPrimitive.idl
[0.539s] -- Up-to-date: /home/rassito/microros_ws/install/shape_msgs/share/shape_msgs/msg/Mesh.msg
[0.539s] -- Up-to-date: /home/rassito/microros_ws/install/shape_msgs/share/shape_msgs/msg/MeshTriangle.msg
[0.539s] -- Up-to-date: /home/rassito/microros_ws/install/shape_msgs/share/shape_msgs/msg/Plane.msg
[0.539s] -- Up-to-date: /home/rassito/microros_ws/install/shape_msgs/share/shape_msgs/msg/SolidPrimitive.msg
[0.539s] -- Up-to-date: /home/rassito/microros_ws/install/shape_msgs/share/ament_index/resource_index/package_run_dependencies/shape_msgs
[0.539s] -- Up-to-date: /home/rassito/microros_ws/install/shape_msgs/share/ament_index/resource_index/parent_prefix_path/shape_msgs
[0.539s] -- Up-to-date: /home/rassito/microros_ws/install/shape_msgs/share/shape_msgs/environment/ament_prefix_path.sh
[0.540s] -- Up-to-date: /home/rassito/microros_ws/install/shape_msgs/share/shape_msgs/environment/ament_prefix_path.dsv
[0.540s] -- Up-to-date: /home/rassito/microros_ws/install/shape_msgs/share/shape_msgs/environment/path.sh
[0.540s] -- Up-to-date: /home/rassito/microros_ws/install/shape_msgs/share/shape_msgs/environment/path.dsv
[0.540s] -- Up-to-date: /home/rassito/microros_ws/install/shape_msgs/share/shape_msgs/local_setup.bash
[0.540s] -- Up-to-date: /home/rassito/microros_ws/install/shape_msgs/share/shape_msgs/local_setup.sh
[0.540s] -- Up-to-date: /home/rassito/microros_ws/install/shape_msgs/share/shape_msgs/local_setup.zsh
[0.540s] -- Up-to-date: /home/rassito/microros_ws/install/shape_msgs/share/shape_msgs/local_setup.dsv
[0.540s] -- Installing: /home/rassito/microros_ws/install/shape_msgs/share/shape_msgs/package.dsv
[0.540s] -- Up-to-date: /home/rassito/microros_ws/install/shape_msgs/share/ament_index/resource_index/packages/shape_msgs
[0.540s] -- Up-to-date: /home/rassito/microros_ws/install/shape_msgs/share/shape_msgs/cmake/export_shape_msgs__rosidl_generator_cExport.cmake
[0.540s] -- Up-to-date: /home/rassito/microros_ws/install/shape_msgs/share/shape_msgs/cmake/export_shape_msgs__rosidl_generator_cExport-noconfig.cmake
[0.540s] -- Up-to-date: /home/rassito/microros_ws/install/shape_msgs/share/shape_msgs/cmake/export_shape_msgs__rosidl_typesupport_fastrtps_cExport.cmake
[0.540s] -- Up-to-date: /home/rassito/microros_ws/install/shape_msgs/share/shape_msgs/cmake/export_shape_msgs__rosidl_typesupport_fastrtps_cExport-noconfig.cmake
[0.540s] -- Up-to-date: /home/rassito/microros_ws/install/shape_msgs/share/shape_msgs/cmake/export_shape_msgs__rosidl_generator_cppExport.cmake
[0.540s] -- Up-to-date: /home/rassito/microros_ws/install/shape_msgs/share/shape_msgs/cmake/export_shape_msgs__rosidl_typesupport_fastrtps_cppExport.cmake
[0.540s] -- Up-to-date: /home/rassito/microros_ws/install/shape_msgs/share/shape_msgs/cmake/export_shape_msgs__rosidl_typesupport_fastrtps_cppExport-noconfig.cmake
[0.540s] -- Up-to-date: /home/rassito/microros_ws/install/shape_msgs/share/shape_msgs/cmake/shape_msgs__rosidl_typesupport_introspection_cExport.cmake
[0.540s] -- Up-to-date: /home/rassito/microros_ws/install/shape_msgs/share/shape_msgs/cmake/shape_msgs__rosidl_typesupport_introspection_cExport-noconfig.cmake
[0.540s] -- Up-to-date: /home/rassito/microros_ws/install/shape_msgs/share/shape_msgs/cmake/shape_msgs__rosidl_typesupport_cExport.cmake
[0.541s] -- Up-to-date: /home/rassito/microros_ws/install/shape_msgs/share/shape_msgs/cmake/shape_msgs__rosidl_typesupport_cExport-noconfig.cmake
[0.541s] -- Up-to-date: /home/rassito/microros_ws/install/shape_msgs/share/shape_msgs/cmake/shape_msgs__rosidl_typesupport_introspection_cppExport.cmake
[0.541s] -- Up-to-date: /home/rassito/microros_ws/install/shape_msgs/share/shape_msgs/cmake/shape_msgs__rosidl_typesupport_introspection_cppExport-noconfig.cmake
[0.541s] -- Up-to-date: /home/rassito/microros_ws/install/shape_msgs/share/shape_msgs/cmake/shape_msgs__rosidl_typesupport_cppExport.cmake
[0.541s] -- Up-to-date: /home/rassito/microros_ws/install/shape_msgs/share/shape_msgs/cmake/shape_msgs__rosidl_typesupport_cppExport-noconfig.cmake
[0.541s] -- Up-to-date: /home/rassito/microros_ws/install/shape_msgs/share/shape_msgs/cmake/export_shape_msgs__rosidl_generator_pyExport.cmake
[0.541s] -- Up-to-date: /home/rassito/microros_ws/install/shape_msgs/share/shape_msgs/cmake/export_shape_msgs__rosidl_generator_pyExport-noconfig.cmake
[0.541s] -- Up-to-date: /home/rassito/microros_ws/install/shape_msgs/share/shape_msgs/cmake/rosidl_cmake-extras.cmake
[0.541s] -- Up-to-date: /home/rassito/microros_ws/install/shape_msgs/share/shape_msgs/cmake/ament_cmake_export_dependencies-extras.cmake
[0.541s] -- Up-to-date: /home/rassito/microros_ws/install/shape_msgs/share/shape_msgs/cmake/ament_cmake_export_include_directories-extras.cmake
[0.541s] -- Up-to-date: /home/rassito/microros_ws/install/shape_msgs/share/shape_msgs/cmake/ament_cmake_export_libraries-extras.cmake
[0.541s] -- Up-to-date: /home/rassito/microros_ws/install/shape_msgs/share/shape_msgs/cmake/ament_cmake_export_targets-extras.cmake
[0.541s] -- Up-to-date: /home/rassito/microros_ws/install/shape_msgs/share/shape_msgs/cmake/rosidl_cmake_export_typesupport_targets-extras.cmake
[0.541s] -- Up-to-date: /home/rassito/microros_ws/install/shape_msgs/share/shape_msgs/cmake/rosidl_cmake_export_typesupport_libraries-extras.cmake
[0.541s] -- Up-to-date: /home/rassito/microros_ws/install/shape_msgs/share/shape_msgs/cmake/shape_msgsConfig.cmake
[0.542s] -- Up-to-date: /home/rassito/microros_ws/install/shape_msgs/share/shape_msgs/cmake/shape_msgsConfig-version.cmake
[0.542s] -- Up-to-date: /home/rassito/microros_ws/install/shape_msgs/share/shape_msgs/package.xml
[0.563s] Invoked command in '/home/rassito/microros_ws/build/shape_msgs' returned '0': CMAKE_PREFIX_PATH=/home/rassito/microros_ws/install/geometry_msgs:/home/rassito/microros_ws/install/std_msgs:/home/rassito/microros_ws/install/builtin_interfaces:/home/rassito/microros_ws/install/micro_ros_demos_rclc:/home/rassito/microros_ws/install/common_interfaces:/home/rassito/microros_ws/install/visualization_msgs:/home/rassito/microros_ws/install/action_msgs:/home/rassito/microros_ws/install/unique_identifier_msgs:/home/rassito/microros_ws/install/type_description_interfaces:/home/rassito/microros_ws/install/trajectory_msgs:/home/rassito/microros_ws/install/test_msgs:/home/rassito/microros_ws/install/test_interface_files:/home/rassito/microros_ws/install/stereo_msgs:/home/rassito/microros_ws/install/std_srvs:/home/rassito/microros_ws/install/shape_msgs:/home/rassito/microros_ws/install/sensor_msgs:/home/rassito/microros_ws/install/nav_msgs:/home/rassito/microros_ws/install/diagnostic_msgs:/home/rassito/microros_ws/install/actionlib_msgs:/home/rassito/microros_ws/install/statistics_msgs:/home/rassito/microros_ws/install/service_msgs:/home/rassito/microros_ws/install/rosidl_typesupport_microxrcedds_test_msg:/home/rassito/microros_ws/install/rosidl_typesupport_microxrcedds_cpp_tests:/home/rassito/microros_ws/install/rmw_microxrcedds:/home/rassito/microros_ws/install/rosidl_typesupport_microxrcedds_cpp:/home/rassito/microros_ws/install/rosidl_typesupport_microxrcedds_c_tests:/home/rassito/microros_ws/install/rosidl_typesupport_microxrcedds_c:/home/rassito/microros_ws/install/rosgraph_msgs:/home/rassito/microros_ws/install/rclc_parameter:/home/rassito/microros_ws/install/rclc:/home/rassito/microros_ws/install/composition_interfaces:/home/rassito/microros_ws/install/rcl_interfaces:/home/rassito/microros_ws/install/microxrcedds_client:/home/rassito/microros_ws/install/microcdr:/home/rassito/microros_ws/install/micro_ros_utilities:/home/rassito/microros_ws/install/micro_ros_setup:/home/rassito/microros_ws/install/micro_ros_agent:/home/rassito/microros_ws/install/micro_ros_msgs:/home/rassito/microros_ws/install/lifecycle_msgs:/home/rassito/microros_ws/install/example_interfaces:/home/rassito/microros_ws/install/complex_msgs:/opt/ros/jazzy/opt/sdformat_vendor:/opt/ros/jazzy/opt/gz_math_vendor:/opt/ros/jazzy/opt/gz_utils_vendor:/opt/ros/jazzy/opt/gz_tools_vendor:/opt/ros/jazzy/opt/gz_cmake_vendor:/home/rassito/microros_ws/install/sensor_msgs_py:/home/rassito/ros_ws/install/super_pkg:/opt/ros/jazzy DEBUGINFOD_URLS=https://debuginfod.ubuntu.com LD_LIBRARY_PATH=/home/rassito/microros_ws/install/geometry_msgs/lib:/home/rassito/microros_ws/install/std_msgs/lib:/home/rassito/microros_ws/install/builtin_interfaces/lib:/home/rassito/microros_ws/install/visualization_msgs/lib:/home/rassito/microros_ws/install/action_msgs/lib:/home/rassito/microros_ws/install/unique_identifier_msgs/lib:/home/rassito/microros_ws/install/type_description_interfaces/lib:/home/rassito/microros_ws/install/trajectory_msgs/lib:/home/rassito/microros_ws/install/test_msgs/lib:/home/rassito/microros_ws/install/stereo_msgs/lib:/home/rassito/microros_ws/install/std_srvs/lib:/home/rassito/microros_ws/install/shape_msgs/lib:/home/rassito/microros_ws/install/sensor_msgs/lib:/home/rassito/microros_ws/install/nav_msgs/lib:/home/rassito/microros_ws/install/diagnostic_msgs/lib:/home/rassito/microros_ws/install/actionlib_msgs/lib:/home/rassito/microros_ws/install/statistics_msgs/lib:/home/rassito/microros_ws/install/service_msgs/lib:/home/rassito/microros_ws/install/rmw_microxrcedds/lib:/home/rassito/microros_ws/install/rosidl_typesupport_microxrcedds_cpp/lib:/home/rassito/microros_ws/install/rosidl_typesupport_microxrcedds_c/lib:/home/rassito/microros_ws/install/rosgraph_msgs/lib:/home/rassito/microros_ws/install/rclc_parameter/lib:/home/rassito/microros_ws/install/rclc/lib:/home/rassito/microros_ws/install/composition_interfaces/lib:/home/rassito/microros_ws/install/rcl_interfaces/lib:/home/rassito/microros_ws/install/microxrcedds_client/lib:/home/rassito/microros_ws/install/microcdr/lib:/home/rassito/microros_ws/install/micro_ros_utilities/lib:/home/rassito/microros_ws/install/micro_ros_agent/lib:/home/rassito/microros_ws/install/micro_ros_msgs/lib:/home/rassito/microros_ws/install/lifecycle_msgs/lib:/home/rassito/microros_ws/install/example_interfaces/lib:/home/rassito/microros_ws/install/complex_msgs/lib:/opt/ros/jazzy/opt/sdformat_vendor/lib:/opt/ros/jazzy/opt/rviz_ogre_vendor/lib:/opt/ros/jazzy/lib/x86_64-linux-gnu:/opt/ros/jazzy/opt/gz_math_vendor/lib:/opt/ros/jazzy/opt/gz_utils_vendor/lib:/opt/ros/jazzy/opt/gz_tools_vendor/lib:/opt/ros/jazzy/opt/gz_cmake_vendor/lib:/opt/ros/jazzy/lib PYTHONPATH=/home/rassito/microros_ws/install/geometry_msgs/lib/python3.12/site-packages:/home/rassito/microros_ws/install/std_msgs/lib/python3.12/site-packages:/home/rassito/microros_ws/install/builtin_interfaces/lib/python3.12/site-packages:/home/rassito/microros_ws/install/visualization_msgs/lib/python3.12/site-packages:/home/rassito/microros_ws/install/action_msgs/lib/python3.12/site-packages:/home/rassito/microros_ws/install/unique_identifier_msgs/lib/python3.12/site-packages:/home/rassito/microros_ws/install/type_description_interfaces/lib/python3.12/site-packages:/home/rassito/microros_ws/install/trajectory_msgs/lib/python3.12/site-packages:/home/rassito/microros_ws/install/test_msgs/lib/python3.12/site-packages:/home/rassito/microros_ws/install/stereo_msgs/lib/python3.12/site-packages:/home/rassito/microros_ws/install/std_srvs/lib/python3.12/site-packages:/home/rassito/microros_ws/install/shape_msgs/lib/python3.12/site-packages:/home/rassito/microros_ws/install/sensor_msgs_py/lib/python3.12/site-packages:/home/rassito/microros_ws/install/sensor_msgs/lib/python3.12/site-packages:/home/rassito/microros_ws/install/nav_msgs/lib/python3.12/site-packages:/home/rassito/microros_ws/install/diagnostic_msgs/lib/python3.12/site-packages:/home/rassito/microros_ws/install/actionlib_msgs/lib/python3.12/site-packages:/home/rassito/microros_ws/install/statistics_msgs/lib/python3.12/site-packages:/home/rassito/microros_ws/install/service_msgs/lib/python3.12/site-packages:/home/rassito/microros_ws/install/rosidl_typesupport_microxrcedds_cpp/lib/python3.12/site-packages:/home/rassito/microros_ws/install/rosidl_typesupport_microxrcedds_c/lib/python3.12/site-packages:/home/rassito/microros_ws/install/rosgraph_msgs/lib/python3.12/site-packages:/home/rassito/microros_ws/install/composition_interfaces/lib/python3.12/site-packages:/home/rassito/microros_ws/install/rcl_interfaces/lib/python3.12/site-packages:/home/rassito/microros_ws/install/micro_ros_msgs/lib/python3.12/site-packages:/home/rassito/microros_ws/install/lifecycle_msgs/lib/python3.12/site-packages:/home/rassito/microros_ws/install/example_interfaces/lib/python3.12/site-packages:/home/rassito/microros_ws/install/complex_msgs/lib/python3.12/site-packages:/home/rassito/ros_ws/build/super_pkg:/home/rassito/ros_ws/install/super_pkg/lib/python3.12/site-packages:/opt/ros/jazzy/lib/python3.12/site-packages /usr/bin/cmake --install /home/rassito/microros_ws/build/shape_msgs
