[0.077s] Invoking command in '/home/rassito/microros_ws/build/action_msgs': CMAKE_PREFIX_PATH=/home/rassito/microros_ws/install/service_msgs:/home/rassito/microros_ws/install/unique_identifier_msgs:/home/rassito/microros_ws/install/builtin_interfaces:/home/rassito/microros_ws/install/micro_ros_demos_rclc:/home/rassito/microros_ws/install/common_interfaces:/home/rassito/microros_ws/install/visualization_msgs:/home/rassito/microros_ws/install/action_msgs:/home/rassito/microros_ws/install/type_description_interfaces:/home/rassito/microros_ws/install/trajectory_msgs:/home/rassito/microros_ws/install/test_msgs:/home/rassito/microros_ws/install/test_interface_files:/home/rassito/microros_ws/install/stereo_msgs:/home/rassito/microros_ws/install/std_srvs:/home/rassito/microros_ws/install/shape_msgs:/home/rassito/microros_ws/install/sensor_msgs:/home/rassito/microros_ws/install/nav_msgs:/home/rassito/microros_ws/install/diagnostic_msgs:/home/rassito/microros_ws/install/geometry_msgs:/home/rassito/microros_ws/install/actionlib_msgs:/home/rassito/microros_ws/install/std_msgs:/home/rassito/microros_ws/install/statistics_msgs:/home/rassito/microros_ws/install/rosidl_typesupport_microxrcedds_test_msg:/home/rassito/microros_ws/install/rosidl_typesupport_microxrcedds_cpp_tests:/home/rassito/microros_ws/install/rmw_microxrcedds:/home/rassito/microros_ws/install/rosidl_typesupport_microxrcedds_cpp:/home/rassito/microros_ws/install/rosidl_typesupport_microxrcedds_c_tests:/home/rassito/microros_ws/install/rosidl_typesupport_microxrcedds_c:/home/rassito/microros_ws/install/rosgraph_msgs:/home/rassito/microros_ws/install/rclc_parameter:/home/rassito/microros_ws/install/rclc:/home/rassito/microros_ws/install/composition_interfaces:/home/rassito/microros_ws/install/rcl_interfaces:/home/rassito/microros_ws/install/microxrcedds_client:/home/rassito/microros_ws/install/microcdr:/home/rassito/microros_ws/install/micro_ros_utilities:/home/rassito/microros_ws/install/micro_ros_setup:/home/rassito/microros_ws/install/micro_ros_agent:/home/rassito/microros_ws/install/micro_ros_msgs:/home/rassito/microros_ws/install/lifecycle_msgs:/home/rassito/microros_ws/install/example_interfaces:/home/rassito/microros_ws/install/complex_msgs:/opt/ros/jazzy/opt/sdformat_vendor:/opt/ros/jazzy/opt/gz_math_vendor:/opt/ros/jazzy/opt/gz_utils_vendor:/opt/ros/jazzy/opt/gz_tools_vendor:/opt/ros/jazzy/opt/gz_cmake_vendor:/home/rassito/microros_ws/install/sensor_msgs_py:/home/rassito/ros_ws/install/super_pkg:/opt/ros/jazzy DEBUGINFOD_URLS=https://debuginfod.ubuntu.com LD_LIBRARY_PATH=/home/rassito/microros_ws/install/service_msgs/lib:/home/rassito/microros_ws/install/unique_identifier_msgs/lib:/home/rassito/microros_ws/install/builtin_interfaces/lib:/home/rassito/microros_ws/install/visualization_msgs/lib:/home/rassito/microros_ws/install/action_msgs/lib:/home/rassito/microros_ws/install/type_description_interfaces/lib:/home/rassito/microros_ws/install/trajectory_msgs/lib:/home/rassito/microros_ws/install/test_msgs/lib:/home/rassito/microros_ws/install/stereo_msgs/lib:/home/rassito/microros_ws/install/std_srvs/lib:/home/rassito/microros_ws/install/shape_msgs/lib:/home/rassito/microros_ws/install/sensor_msgs/lib:/home/rassito/microros_ws/install/nav_msgs/lib:/home/rassito/microros_ws/install/diagnostic_msgs/lib:/home/rassito/microros_ws/install/geometry_msgs/lib:/home/rassito/microros_ws/install/actionlib_msgs/lib:/home/rassito/microros_ws/install/std_msgs/lib:/home/rassito/microros_ws/install/statistics_msgs/lib:/home/rassito/microros_ws/install/rmw_microxrcedds/lib:/home/rassito/microros_ws/install/rosidl_typesupport_microxrcedds_cpp/lib:/home/rassito/microros_ws/install/rosidl_typesupport_microxrcedds_c/lib:/home/rassito/microros_ws/install/rosgraph_msgs/lib:/home/rassito/microros_ws/install/rclc_parameter/lib:/home/rassito/microros_ws/install/rclc/lib:/home/rassito/microros_ws/install/composition_interfaces/lib:/home/rassito/microros_ws/install/rcl_interfaces/lib:/home/rassito/microros_ws/install/microxrcedds_client/lib:/home/rassito/microros_ws/install/microcdr/lib:/home/rassito/microros_ws/install/micro_ros_utilities/lib:/home/rassito/microros_ws/install/micro_ros_agent/lib:/home/rassito/microros_ws/install/micro_ros_msgs/lib:/home/rassito/microros_ws/install/lifecycle_msgs/lib:/home/rassito/microros_ws/install/example_interfaces/lib:/home/rassito/microros_ws/install/complex_msgs/lib:/opt/ros/jazzy/opt/sdformat_vendor/lib:/opt/ros/jazzy/opt/rviz_ogre_vendor/lib:/opt/ros/jazzy/lib/x86_64-linux-gnu:/opt/ros/jazzy/opt/gz_math_vendor/lib:/opt/ros/jazzy/opt/gz_utils_vendor/lib:/opt/ros/jazzy/opt/gz_tools_vendor/lib:/opt/ros/jazzy/opt/gz_cmake_vendor/lib:/opt/ros/jazzy/lib PYTHONPATH=/home/rassito/microros_ws/install/service_msgs/lib/python3.12/site-packages:/home/rassito/microros_ws/install/unique_identifier_msgs/lib/python3.12/site-packages:/home/rassito/microros_ws/install/builtin_interfaces/lib/python3.12/site-packages:/home/rassito/microros_ws/install/visualization_msgs/lib/python3.12/site-packages:/home/rassito/microros_ws/install/action_msgs/lib/python3.12/site-packages:/home/rassito/microros_ws/install/type_description_interfaces/lib/python3.12/site-packages:/home/rassito/microros_ws/install/trajectory_msgs/lib/python3.12/site-packages:/home/rassito/microros_ws/install/test_msgs/lib/python3.12/site-packages:/home/rassito/microros_ws/install/stereo_msgs/lib/python3.12/site-packages:/home/rassito/microros_ws/install/std_srvs/lib/python3.12/site-packages:/home/rassito/microros_ws/install/shape_msgs/lib/python3.12/site-packages:/home/rassito/microros_ws/install/sensor_msgs_py/lib/python3.12/site-packages:/home/rassito/microros_ws/install/sensor_msgs/lib/python3.12/site-packages:/home/rassito/microros_ws/install/nav_msgs/lib/python3.12/site-packages:/home/rassito/microros_ws/install/diagnostic_msgs/lib/python3.12/site-packages:/home/rassito/microros_ws/install/geometry_msgs/lib/python3.12/site-packages:/home/rassito/microros_ws/install/actionlib_msgs/lib/python3.12/site-packages:/home/rassito/microros_ws/install/std_msgs/lib/python3.12/site-packages:/home/rassito/microros_ws/install/statistics_msgs/lib/python3.12/site-packages:/home/rassito/microros_ws/install/rosidl_typesupport_microxrcedds_cpp/lib/python3.12/site-packages:/home/rassito/microros_ws/install/rosidl_typesupport_microxrcedds_c/lib/python3.12/site-packages:/home/rassito/microros_ws/install/rosgraph_msgs/lib/python3.12/site-packages:/home/rassito/microros_ws/install/composition_interfaces/lib/python3.12/site-packages:/home/rassito/microros_ws/install/rcl_interfaces/lib/python3.12/site-packages:/home/rassito/microros_ws/install/micro_ros_msgs/lib/python3.12/site-packages:/home/rassito/microros_ws/install/lifecycle_msgs/lib/python3.12/site-packages:/home/rassito/microros_ws/install/example_interfaces/lib/python3.12/site-packages:/home/rassito/microros_ws/install/complex_msgs/lib/python3.12/site-packages:/home/rassito/ros_ws/build/super_pkg:/home/rassito/ros_ws/install/super_pkg/lib/python3.12/site-packages:/opt/ros/jazzy/lib/python3.12/site-packages /usr/bin/cmake --build /home/rassito/microros_ws/build/action_msgs -- -j16 -l16
[0.123s] [  1%] Built target action_msgs__rosidl_generator_type_description
[0.131s] [  1%] Built target ament_cmake_python_copy_action_msgs
[0.139s] [  2%] Built target action_msgs__cpp
[0.139s] [ 20%] Built target action_msgs__rosidl_generator_c
[0.140s] [ 28%] Built target action_msgs__rosidl_typesupport_microxrcedds_cpp
[0.140s] [ 37%] Built target action_msgs__rosidl_typesupport_cpp
[0.140s] [ 43%] Built target action_msgs__rosidl_typesupport_introspection_c
[0.140s] [ 51%] Built target action_msgs__rosidl_typesupport_microxrcedds_c
[0.140s] [ 58%] Built target action_msgs__rosidl_typesupport_c
[0.140s] [ 66%] Built target action_msgs__rosidl_typesupport_introspection_cpp
[0.140s] [ 74%] Built target action_msgs__rosidl_typesupport_fastrtps_cpp
[0.140s] [ 82%] Built target action_msgs__rosidl_typesupport_fastrtps_c
[0.148s] [ 82%] Built target action_msgs
[0.184s] [ 83%] Built target action_msgs__py
[0.187s] [ 89%] Built target action_msgs__rosidl_generator_py
[0.206s] [ 93%] Built target action_msgs_s__rosidl_typesupport_introspection_c
[0.207s] [ 94%] Built target action_msgs_s__rosidl_typesupport_fastrtps_c
[0.207s] [ 97%] Built target action_msgs_s__rosidl_typesupport_c
[0.208s] [100%] Built target action_msgs_s__rosidl_typesupport_microxrcedds_c
[0.312s] running egg_info
[0.327s] writing action_msgs.egg-info/PKG-INFO
[0.328s] writing dependency_links to action_msgs.egg-info/dependency_links.txt
[0.328s] writing top-level names to action_msgs.egg-info/top_level.txt
[0.396s] reading manifest file 'action_msgs.egg-info/SOURCES.txt'
[0.397s] writing manifest file 'action_msgs.egg-info/SOURCES.txt'
[0.433s] [100%] Built target ament_cmake_python_build_action_msgs_egg
[0.460s] Invoked command in '/home/rassito/microros_ws/build/action_msgs' returned '0': CMAKE_PREFIX_PATH=/home/rassito/microros_ws/install/service_msgs:/home/rassito/microros_ws/install/unique_identifier_msgs:/home/rassito/microros_ws/install/builtin_interfaces:/home/rassito/microros_ws/install/micro_ros_demos_rclc:/home/rassito/microros_ws/install/common_interfaces:/home/rassito/microros_ws/install/visualization_msgs:/home/rassito/microros_ws/install/action_msgs:/home/rassito/microros_ws/install/type_description_interfaces:/home/rassito/microros_ws/install/trajectory_msgs:/home/rassito/microros_ws/install/test_msgs:/home/rassito/microros_ws/install/test_interface_files:/home/rassito/microros_ws/install/stereo_msgs:/home/rassito/microros_ws/install/std_srvs:/home/rassito/microros_ws/install/shape_msgs:/home/rassito/microros_ws/install/sensor_msgs:/home/rassito/microros_ws/install/nav_msgs:/home/rassito/microros_ws/install/diagnostic_msgs:/home/rassito/microros_ws/install/geometry_msgs:/home/rassito/microros_ws/install/actionlib_msgs:/home/rassito/microros_ws/install/std_msgs:/home/rassito/microros_ws/install/statistics_msgs:/home/rassito/microros_ws/install/rosidl_typesupport_microxrcedds_test_msg:/home/rassito/microros_ws/install/rosidl_typesupport_microxrcedds_cpp_tests:/home/rassito/microros_ws/install/rmw_microxrcedds:/home/rassito/microros_ws/install/rosidl_typesupport_microxrcedds_cpp:/home/rassito/microros_ws/install/rosidl_typesupport_microxrcedds_c_tests:/home/rassito/microros_ws/install/rosidl_typesupport_microxrcedds_c:/home/rassito/microros_ws/install/rosgraph_msgs:/home/rassito/microros_ws/install/rclc_parameter:/home/rassito/microros_ws/install/rclc:/home/rassito/microros_ws/install/composition_interfaces:/home/rassito/microros_ws/install/rcl_interfaces:/home/rassito/microros_ws/install/microxrcedds_client:/home/rassito/microros_ws/install/microcdr:/home/rassito/microros_ws/install/micro_ros_utilities:/home/rassito/microros_ws/install/micro_ros_setup:/home/rassito/microros_ws/install/micro_ros_agent:/home/rassito/microros_ws/install/micro_ros_msgs:/home/rassito/microros_ws/install/lifecycle_msgs:/home/rassito/microros_ws/install/example_interfaces:/home/rassito/microros_ws/install/complex_msgs:/opt/ros/jazzy/opt/sdformat_vendor:/opt/ros/jazzy/opt/gz_math_vendor:/opt/ros/jazzy/opt/gz_utils_vendor:/opt/ros/jazzy/opt/gz_tools_vendor:/opt/ros/jazzy/opt/gz_cmake_vendor:/home/rassito/microros_ws/install/sensor_msgs_py:/home/rassito/ros_ws/install/super_pkg:/opt/ros/jazzy DEBUGINFOD_URLS=https://debuginfod.ubuntu.com LD_LIBRARY_PATH=/home/rassito/microros_ws/install/service_msgs/lib:/home/rassito/microros_ws/install/unique_identifier_msgs/lib:/home/rassito/microros_ws/install/builtin_interfaces/lib:/home/rassito/microros_ws/install/visualization_msgs/lib:/home/rassito/microros_ws/install/action_msgs/lib:/home/rassito/microros_ws/install/type_description_interfaces/lib:/home/rassito/microros_ws/install/trajectory_msgs/lib:/home/rassito/microros_ws/install/test_msgs/lib:/home/rassito/microros_ws/install/stereo_msgs/lib:/home/rassito/microros_ws/install/std_srvs/lib:/home/rassito/microros_ws/install/shape_msgs/lib:/home/rassito/microros_ws/install/sensor_msgs/lib:/home/rassito/microros_ws/install/nav_msgs/lib:/home/rassito/microros_ws/install/diagnostic_msgs/lib:/home/rassito/microros_ws/install/geometry_msgs/lib:/home/rassito/microros_ws/install/actionlib_msgs/lib:/home/rassito/microros_ws/install/std_msgs/lib:/home/rassito/microros_ws/install/statistics_msgs/lib:/home/rassito/microros_ws/install/rmw_microxrcedds/lib:/home/rassito/microros_ws/install/rosidl_typesupport_microxrcedds_cpp/lib:/home/rassito/microros_ws/install/rosidl_typesupport_microxrcedds_c/lib:/home/rassito/microros_ws/install/rosgraph_msgs/lib:/home/rassito/microros_ws/install/rclc_parameter/lib:/home/rassito/microros_ws/install/rclc/lib:/home/rassito/microros_ws/install/composition_interfaces/lib:/home/rassito/microros_ws/install/rcl_interfaces/lib:/home/rassito/microros_ws/install/microxrcedds_client/lib:/home/rassito/microros_ws/install/microcdr/lib:/home/rassito/microros_ws/install/micro_ros_utilities/lib:/home/rassito/microros_ws/install/micro_ros_agent/lib:/home/rassito/microros_ws/install/micro_ros_msgs/lib:/home/rassito/microros_ws/install/lifecycle_msgs/lib:/home/rassito/microros_ws/install/example_interfaces/lib:/home/rassito/microros_ws/install/complex_msgs/lib:/opt/ros/jazzy/opt/sdformat_vendor/lib:/opt/ros/jazzy/opt/rviz_ogre_vendor/lib:/opt/ros/jazzy/lib/x86_64-linux-gnu:/opt/ros/jazzy/opt/gz_math_vendor/lib:/opt/ros/jazzy/opt/gz_utils_vendor/lib:/opt/ros/jazzy/opt/gz_tools_vendor/lib:/opt/ros/jazzy/opt/gz_cmake_vendor/lib:/opt/ros/jazzy/lib PYTHONPATH=/home/rassito/microros_ws/install/service_msgs/lib/python3.12/site-packages:/home/rassito/microros_ws/install/unique_identifier_msgs/lib/python3.12/site-packages:/home/rassito/microros_ws/install/builtin_interfaces/lib/python3.12/site-packages:/home/rassito/microros_ws/install/visualization_msgs/lib/python3.12/site-packages:/home/rassito/microros_ws/install/action_msgs/lib/python3.12/site-packages:/home/rassito/microros_ws/install/type_description_interfaces/lib/python3.12/site-packages:/home/rassito/microros_ws/install/trajectory_msgs/lib/python3.12/site-packages:/home/rassito/microros_ws/install/test_msgs/lib/python3.12/site-packages:/home/rassito/microros_ws/install/stereo_msgs/lib/python3.12/site-packages:/home/rassito/microros_ws/install/std_srvs/lib/python3.12/site-packages:/home/rassito/microros_ws/install/shape_msgs/lib/python3.12/site-packages:/home/rassito/microros_ws/install/sensor_msgs_py/lib/python3.12/site-packages:/home/rassito/microros_ws/install/sensor_msgs/lib/python3.12/site-packages:/home/rassito/microros_ws/install/nav_msgs/lib/python3.12/site-packages:/home/rassito/microros_ws/install/diagnostic_msgs/lib/python3.12/site-packages:/home/rassito/microros_ws/install/geometry_msgs/lib/python3.12/site-packages:/home/rassito/microros_ws/install/actionlib_msgs/lib/python3.12/site-packages:/home/rassito/microros_ws/install/std_msgs/lib/python3.12/site-packages:/home/rassito/microros_ws/install/statistics_msgs/lib/python3.12/site-packages:/home/rassito/microros_ws/install/rosidl_typesupport_microxrcedds_cpp/lib/python3.12/site-packages:/home/rassito/microros_ws/install/rosidl_typesupport_microxrcedds_c/lib/python3.12/site-packages:/home/rassito/microros_ws/install/rosgraph_msgs/lib/python3.12/site-packages:/home/rassito/microros_ws/install/composition_interfaces/lib/python3.12/site-packages:/home/rassito/microros_ws/install/rcl_interfaces/lib/python3.12/site-packages:/home/rassito/microros_ws/install/micro_ros_msgs/lib/python3.12/site-packages:/home/rassito/microros_ws/install/lifecycle_msgs/lib/python3.12/site-packages:/home/rassito/microros_ws/install/example_interfaces/lib/python3.12/site-packages:/home/rassito/microros_ws/install/complex_msgs/lib/python3.12/site-packages:/home/rassito/ros_ws/build/super_pkg:/home/rassito/ros_ws/install/super_pkg/lib/python3.12/site-packages:/opt/ros/jazzy/lib/python3.12/site-packages /usr/bin/cmake --build /home/rassito/microros_ws/build/action_msgs -- -j16 -l16
[0.461s] Invoking command in '/home/rassito/microros_ws/build/action_msgs': CMAKE_PREFIX_PATH=/home/rassito/microros_ws/install/service_msgs:/home/rassito/microros_ws/install/unique_identifier_msgs:/home/rassito/microros_ws/install/builtin_interfaces:/home/rassito/microros_ws/install/micro_ros_demos_rclc:/home/rassito/microros_ws/install/common_interfaces:/home/rassito/microros_ws/install/visualization_msgs:/home/rassito/microros_ws/install/action_msgs:/home/rassito/microros_ws/install/type_description_interfaces:/home/rassito/microros_ws/install/trajectory_msgs:/home/rassito/microros_ws/install/test_msgs:/home/rassito/microros_ws/install/test_interface_files:/home/rassito/microros_ws/install/stereo_msgs:/home/rassito/microros_ws/install/std_srvs:/home/rassito/microros_ws/install/shape_msgs:/home/rassito/microros_ws/install/sensor_msgs:/home/rassito/microros_ws/install/nav_msgs:/home/rassito/microros_ws/install/diagnostic_msgs:/home/rassito/microros_ws/install/geometry_msgs:/home/rassito/microros_ws/install/actionlib_msgs:/home/rassito/microros_ws/install/std_msgs:/home/rassito/microros_ws/install/statistics_msgs:/home/rassito/microros_ws/install/rosidl_typesupport_microxrcedds_test_msg:/home/rassito/microros_ws/install/rosidl_typesupport_microxrcedds_cpp_tests:/home/rassito/microros_ws/install/rmw_microxrcedds:/home/rassito/microros_ws/install/rosidl_typesupport_microxrcedds_cpp:/home/rassito/microros_ws/install/rosidl_typesupport_microxrcedds_c_tests:/home/rassito/microros_ws/install/rosidl_typesupport_microxrcedds_c:/home/rassito/microros_ws/install/rosgraph_msgs:/home/rassito/microros_ws/install/rclc_parameter:/home/rassito/microros_ws/install/rclc:/home/rassito/microros_ws/install/composition_interfaces:/home/rassito/microros_ws/install/rcl_interfaces:/home/rassito/microros_ws/install/microxrcedds_client:/home/rassito/microros_ws/install/microcdr:/home/rassito/microros_ws/install/micro_ros_utilities:/home/rassito/microros_ws/install/micro_ros_setup:/home/rassito/microros_ws/install/micro_ros_agent:/home/rassito/microros_ws/install/micro_ros_msgs:/home/rassito/microros_ws/install/lifecycle_msgs:/home/rassito/microros_ws/install/example_interfaces:/home/rassito/microros_ws/install/complex_msgs:/opt/ros/jazzy/opt/sdformat_vendor:/opt/ros/jazzy/opt/gz_math_vendor:/opt/ros/jazzy/opt/gz_utils_vendor:/opt/ros/jazzy/opt/gz_tools_vendor:/opt/ros/jazzy/opt/gz_cmake_vendor:/home/rassito/microros_ws/install/sensor_msgs_py:/home/rassito/ros_ws/install/super_pkg:/opt/ros/jazzy DEBUGINFOD_URLS=https://debuginfod.ubuntu.com LD_LIBRARY_PATH=/home/rassito/microros_ws/install/service_msgs/lib:/home/rassito/microros_ws/install/unique_identifier_msgs/lib:/home/rassito/microros_ws/install/builtin_interfaces/lib:/home/rassito/microros_ws/install/visualization_msgs/lib:/home/rassito/microros_ws/install/action_msgs/lib:/home/rassito/microros_ws/install/type_description_interfaces/lib:/home/rassito/microros_ws/install/trajectory_msgs/lib:/home/rassito/microros_ws/install/test_msgs/lib:/home/rassito/microros_ws/install/stereo_msgs/lib:/home/rassito/microros_ws/install/std_srvs/lib:/home/rassito/microros_ws/install/shape_msgs/lib:/home/rassito/microros_ws/install/sensor_msgs/lib:/home/rassito/microros_ws/install/nav_msgs/lib:/home/rassito/microros_ws/install/diagnostic_msgs/lib:/home/rassito/microros_ws/install/geometry_msgs/lib:/home/rassito/microros_ws/install/actionlib_msgs/lib:/home/rassito/microros_ws/install/std_msgs/lib:/home/rassito/microros_ws/install/statistics_msgs/lib:/home/rassito/microros_ws/install/rmw_microxrcedds/lib:/home/rassito/microros_ws/install/rosidl_typesupport_microxrcedds_cpp/lib:/home/rassito/microros_ws/install/rosidl_typesupport_microxrcedds_c/lib:/home/rassito/microros_ws/install/rosgraph_msgs/lib:/home/rassito/microros_ws/install/rclc_parameter/lib:/home/rassito/microros_ws/install/rclc/lib:/home/rassito/microros_ws/install/composition_interfaces/lib:/home/rassito/microros_ws/install/rcl_interfaces/lib:/home/rassito/microros_ws/install/microxrcedds_client/lib:/home/rassito/microros_ws/install/microcdr/lib:/home/rassito/microros_ws/install/micro_ros_utilities/lib:/home/rassito/microros_ws/install/micro_ros_agent/lib:/home/rassito/microros_ws/install/micro_ros_msgs/lib:/home/rassito/microros_ws/install/lifecycle_msgs/lib:/home/rassito/microros_ws/install/example_interfaces/lib:/home/rassito/microros_ws/install/complex_msgs/lib:/opt/ros/jazzy/opt/sdformat_vendor/lib:/opt/ros/jazzy/opt/rviz_ogre_vendor/lib:/opt/ros/jazzy/lib/x86_64-linux-gnu:/opt/ros/jazzy/opt/gz_math_vendor/lib:/opt/ros/jazzy/opt/gz_utils_vendor/lib:/opt/ros/jazzy/opt/gz_tools_vendor/lib:/opt/ros/jazzy/opt/gz_cmake_vendor/lib:/opt/ros/jazzy/lib PYTHONPATH=/home/rassito/microros_ws/install/service_msgs/lib/python3.12/site-packages:/home/rassito/microros_ws/install/unique_identifier_msgs/lib/python3.12/site-packages:/home/rassito/microros_ws/install/builtin_interfaces/lib/python3.12/site-packages:/home/rassito/microros_ws/install/visualization_msgs/lib/python3.12/site-packages:/home/rassito/microros_ws/install/action_msgs/lib/python3.12/site-packages:/home/rassito/microros_ws/install/type_description_interfaces/lib/python3.12/site-packages:/home/rassito/microros_ws/install/trajectory_msgs/lib/python3.12/site-packages:/home/rassito/microros_ws/install/test_msgs/lib/python3.12/site-packages:/home/rassito/microros_ws/install/stereo_msgs/lib/python3.12/site-packages:/home/rassito/microros_ws/install/std_srvs/lib/python3.12/site-packages:/home/rassito/microros_ws/install/shape_msgs/lib/python3.12/site-packages:/home/rassito/microros_ws/install/sensor_msgs_py/lib/python3.12/site-packages:/home/rassito/microros_ws/install/sensor_msgs/lib/python3.12/site-packages:/home/rassito/microros_ws/install/nav_msgs/lib/python3.12/site-packages:/home/rassito/microros_ws/install/diagnostic_msgs/lib/python3.12/site-packages:/home/rassito/microros_ws/install/geometry_msgs/lib/python3.12/site-packages:/home/rassito/microros_ws/install/actionlib_msgs/lib/python3.12/site-packages:/home/rassito/microros_ws/install/std_msgs/lib/python3.12/site-packages:/home/rassito/microros_ws/install/statistics_msgs/lib/python3.12/site-packages:/home/rassito/microros_ws/install/rosidl_typesupport_microxrcedds_cpp/lib/python3.12/site-packages:/home/rassito/microros_ws/install/rosidl_typesupport_microxrcedds_c/lib/python3.12/site-packages:/home/rassito/microros_ws/install/rosgraph_msgs/lib/python3.12/site-packages:/home/rassito/microros_ws/install/composition_interfaces/lib/python3.12/site-packages:/home/rassito/microros_ws/install/rcl_interfaces/lib/python3.12/site-packages:/home/rassito/microros_ws/install/micro_ros_msgs/lib/python3.12/site-packages:/home/rassito/microros_ws/install/lifecycle_msgs/lib/python3.12/site-packages:/home/rassito/microros_ws/install/example_interfaces/lib/python3.12/site-packages:/home/rassito/microros_ws/install/complex_msgs/lib/python3.12/site-packages:/home/rassito/ros_ws/build/super_pkg:/home/rassito/ros_ws/install/super_pkg/lib/python3.12/site-packages:/opt/ros/jazzy/lib/python3.12/site-packages /usr/bin/cmake --install /home/rassito/microros_ws/build/action_msgs
[0.477s] -- Install configuration: ""
[0.477s] -- Up-to-date: /home/rassito/microros_ws/install/action_msgs/share/ament_index/resource_index/rosidl_interfaces/action_msgs
[0.477s] -- Up-to-date: /home/rassito/microros_ws/install/action_msgs/share/action_msgs/msg/GoalInfo.json
[0.477s] -- Up-to-date: /home/rassito/microros_ws/install/action_msgs/share/action_msgs/msg/GoalStatus.json
[0.477s] -- Up-to-date: /home/rassito/microros_ws/install/action_msgs/share/action_msgs/msg/GoalStatusArray.json
[0.480s] -- Up-to-date: /home/rassito/microros_ws/install/action_msgs/share/action_msgs/srv/CancelGoal.json
[0.480s] -- Up-to-date: /home/rassito/microros_ws/install/action_msgs/include/action_msgs/action_msgs
[0.480s] -- Up-to-date: /home/rassito/microros_ws/install/action_msgs/include/action_msgs/action_msgs/srv
[0.480s] -- Up-to-date: /home/rassito/microros_ws/install/action_msgs/include/action_msgs/action_msgs/srv/cancel_goal.h
[0.480s] -- Up-to-date: /home/rassito/microros_ws/install/action_msgs/include/action_msgs/action_msgs/srv/detail
[0.480s] -- Up-to-date: /home/rassito/microros_ws/install/action_msgs/include/action_msgs/action_msgs/srv/detail/cancel_goal__functions.h
[0.480s] -- Installing: /home/rassito/microros_ws/install/action_msgs/include/action_msgs/action_msgs/srv/detail/cancel_goal__type_support.c
[0.481s] -- Up-to-date: /home/rassito/microros_ws/install/action_msgs/include/action_msgs/action_msgs/srv/detail/cancel_goal__type_support.h
[0.481s] -- Up-to-date: /home/rassito/microros_ws/install/action_msgs/include/action_msgs/action_msgs/srv/detail/cancel_goal__functions.c
[0.481s] -- Up-to-date: /home/rassito/microros_ws/install/action_msgs/include/action_msgs/action_msgs/srv/detail/cancel_goal__description.c
[0.481s] -- Up-to-date: /home/rassito/microros_ws/install/action_msgs/include/action_msgs/action_msgs/srv/detail/cancel_goal__struct.h
[0.481s] -- Up-to-date: /home/rassito/microros_ws/install/action_msgs/include/action_msgs/action_msgs/msg
[0.483s] -- Up-to-date: /home/rassito/microros_ws/install/action_msgs/include/action_msgs/action_msgs/msg/goal_info.h
[0.483s] -- Up-to-date: /home/rassito/microros_ws/install/action_msgs/include/action_msgs/action_msgs/msg/detail
[0.483s] -- Up-to-date: /home/rassito/microros_ws/install/action_msgs/include/action_msgs/action_msgs/msg/detail/goal_info__struct.h
[0.489s] -- Up-to-date: /home/rassito/microros_ws/install/action_msgs/include/action_msgs/action_msgs/msg/detail/goal_status_array__description.c
[0.489s] -- Up-to-date: /home/rassito/microros_ws/install/action_msgs/include/action_msgs/action_msgs/msg/detail/goal_info__type_support.h
[0.489s] -- Up-to-date: /home/rassito/microros_ws/install/action_msgs/include/action_msgs/action_msgs/msg/detail/goal_info__functions.h
[0.489s] -- Up-to-date: /home/rassito/microros_ws/install/action_msgs/include/action_msgs/action_msgs/msg/detail/goal_status__functions.h
[0.489s] -- Up-to-date: /home/rassito/microros_ws/install/action_msgs/include/action_msgs/action_msgs/msg/detail/goal_status_array__type_support.h
[0.489s] -- Up-to-date: /home/rassito/microros_ws/install/action_msgs/include/action_msgs/action_msgs/msg/detail/goal_status__type_support.h
[0.489s] -- Up-to-date: /home/rassito/microros_ws/install/action_msgs/include/action_msgs/action_msgs/msg/detail/goal_info__functions.c
[0.489s] -- Up-to-date: /home/rassito/microros_ws/install/action_msgs/include/action_msgs/action_msgs/msg/detail/goal_status_array__functions.c
[0.489s] -- Up-to-date: /home/rassito/microros_ws/install/action_msgs/include/action_msgs/action_msgs/msg/detail/goal_status_array__functions.h
[0.489s] -- Up-to-date: /home/rassito/microros_ws/install/action_msgs/include/action_msgs/action_msgs/msg/detail/goal_info__description.c
[0.489s] -- Up-to-date: /home/rassito/microros_ws/install/action_msgs/include/action_msgs/action_msgs/msg/detail/goal_status__description.c
[0.489s] -- Installing: /home/rassito/microros_ws/install/action_msgs/include/action_msgs/action_msgs/msg/detail/goal_status__type_support.c
[0.490s] -- Up-to-date: /home/rassito/microros_ws/install/action_msgs/include/action_msgs/action_msgs/msg/detail/goal_status__functions.c
[0.490s] -- Installing: /home/rassito/microros_ws/install/action_msgs/include/action_msgs/action_msgs/msg/detail/goal_info__type_support.c
[0.490s] -- Installing: /home/rassito/microros_ws/install/action_msgs/include/action_msgs/action_msgs/msg/detail/goal_status_array__type_support.c
[0.490s] -- Up-to-date: /home/rassito/microros_ws/install/action_msgs/include/action_msgs/action_msgs/msg/detail/goal_status__struct.h
[0.490s] -- Up-to-date: /home/rassito/microros_ws/install/action_msgs/include/action_msgs/action_msgs/msg/detail/goal_status_array__struct.h
[0.490s] -- Up-to-date: /home/rassito/microros_ws/install/action_msgs/include/action_msgs/action_msgs/msg/goal_status_array.h
[0.490s] -- Up-to-date: /home/rassito/microros_ws/install/action_msgs/include/action_msgs/action_msgs/msg/goal_status.h
[0.490s] -- Up-to-date: /home/rassito/microros_ws/install/action_msgs/include/action_msgs/action_msgs/msg/rosidl_generator_c__visibility_control.h
[0.490s] -- Up-to-date: /home/rassito/microros_ws/install/action_msgs/share/action_msgs/environment/library_path.sh
[0.490s] -- Up-to-date: /home/rassito/microros_ws/install/action_msgs/share/action_msgs/environment/library_path.dsv
[0.490s] -- Up-to-date: /home/rassito/microros_ws/install/action_msgs/lib/libaction_msgs__rosidl_generator_c.so
[0.491s] -- Up-to-date: /home/rassito/microros_ws/install/action_msgs/include/action_msgs/action_msgs
[0.491s] -- Up-to-date: /home/rassito/microros_ws/install/action_msgs/include/action_msgs/action_msgs/srv
[0.491s] -- Up-to-date: /home/rassito/microros_ws/install/action_msgs/include/action_msgs/action_msgs/srv/detail
[0.491s] -- Up-to-date: /home/rassito/microros_ws/install/action_msgs/include/action_msgs/action_msgs/srv/detail/cancel_goal__rosidl_typesupport_fastrtps_c.h
[0.491s] -- Up-to-date: /home/rassito/microros_ws/install/action_msgs/include/action_msgs/action_msgs/msg
[0.491s] -- Up-to-date: /home/rassito/microros_ws/install/action_msgs/include/action_msgs/action_msgs/msg/rosidl_typesupport_fastrtps_c__visibility_control.h
[0.491s] -- Up-to-date: /home/rassito/microros_ws/install/action_msgs/include/action_msgs/action_msgs/msg/detail
[0.491s] -- Up-to-date: /home/rassito/microros_ws/install/action_msgs/include/action_msgs/action_msgs/msg/detail/goal_info__rosidl_typesupport_fastrtps_c.h
[0.491s] -- Up-to-date: /home/rassito/microros_ws/install/action_msgs/include/action_msgs/action_msgs/msg/detail/goal_status_array__rosidl_typesupport_fastrtps_c.h
[0.491s] -- Up-to-date: /home/rassito/microros_ws/install/action_msgs/include/action_msgs/action_msgs/msg/detail/goal_status__rosidl_typesupport_fastrtps_c.h
[0.492s] -- Up-to-date: /home/rassito/microros_ws/install/action_msgs/lib/libaction_msgs__rosidl_typesupport_fastrtps_c.so
[0.492s] -- Up-to-date: /home/rassito/microros_ws/install/action_msgs/include/action_msgs/action_msgs
[0.492s] -- Up-to-date: /home/rassito/microros_ws/install/action_msgs/include/action_msgs/action_msgs/srv
[0.492s] -- Up-to-date: /home/rassito/microros_ws/install/action_msgs/include/action_msgs/action_msgs/srv/cancel_goal.hpp
[0.492s] -- Up-to-date: /home/rassito/microros_ws/install/action_msgs/include/action_msgs/action_msgs/srv/detail
[0.492s] -- Up-to-date: /home/rassito/microros_ws/install/action_msgs/include/action_msgs/action_msgs/srv/detail/cancel_goal__traits.hpp
[0.492s] -- Up-to-date: /home/rassito/microros_ws/install/action_msgs/include/action_msgs/action_msgs/srv/detail/cancel_goal__builder.hpp
[0.492s] -- Up-to-date: /home/rassito/microros_ws/install/action_msgs/include/action_msgs/action_msgs/srv/detail/cancel_goal__struct.hpp
[0.492s] -- Up-to-date: /home/rassito/microros_ws/install/action_msgs/include/action_msgs/action_msgs/srv/detail/cancel_goal__type_support.hpp
[0.492s] -- Up-to-date: /home/rassito/microros_ws/install/action_msgs/include/action_msgs/action_msgs/msg
[0.492s] -- Up-to-date: /home/rassito/microros_ws/install/action_msgs/include/action_msgs/action_msgs/msg/rosidl_generator_cpp__visibility_control.hpp
[0.493s] -- Up-to-date: /home/rassito/microros_ws/install/action_msgs/include/action_msgs/action_msgs/msg/goal_info.hpp
[0.493s] -- Up-to-date: /home/rassito/microros_ws/install/action_msgs/include/action_msgs/action_msgs/msg/goal_status_array.hpp
[0.493s] -- Up-to-date: /home/rassito/microros_ws/install/action_msgs/include/action_msgs/action_msgs/msg/goal_status.hpp
[0.493s] -- Up-to-date: /home/rassito/microros_ws/install/action_msgs/include/action_msgs/action_msgs/msg/detail
[0.493s] -- Up-to-date: /home/rassito/microros_ws/install/action_msgs/include/action_msgs/action_msgs/msg/detail/goal_status_array__traits.hpp
[0.493s] -- Up-to-date: /home/rassito/microros_ws/install/action_msgs/include/action_msgs/action_msgs/msg/detail/goal_info__struct.hpp
[0.493s] -- Up-to-date: /home/rassito/microros_ws/install/action_msgs/include/action_msgs/action_msgs/msg/detail/goal_info__builder.hpp
[0.493s] -- Up-to-date: /home/rassito/microros_ws/install/action_msgs/include/action_msgs/action_msgs/msg/detail/goal_status_array__struct.hpp
[0.493s] -- Up-to-date: /home/rassito/microros_ws/install/action_msgs/include/action_msgs/action_msgs/msg/detail/goal_status__builder.hpp
[0.493s] -- Up-to-date: /home/rassito/microros_ws/install/action_msgs/include/action_msgs/action_msgs/msg/detail/goal_status__traits.hpp
[0.493s] -- Up-to-date: /home/rassito/microros_ws/install/action_msgs/include/action_msgs/action_msgs/msg/detail/goal_status__type_support.hpp
[0.494s] -- Up-to-date: /home/rassito/microros_ws/install/action_msgs/include/action_msgs/action_msgs/msg/detail/goal_status_array__builder.hpp
[0.494s] -- Up-to-date: /home/rassito/microros_ws/install/action_msgs/include/action_msgs/action_msgs/msg/detail/goal_status_array__type_support.hpp
[0.494s] -- Up-to-date: /home/rassito/microros_ws/install/action_msgs/include/action_msgs/action_msgs/msg/detail/goal_info__type_support.hpp
[0.494s] -- Up-to-date: /home/rassito/microros_ws/install/action_msgs/include/action_msgs/action_msgs/msg/detail/goal_info__traits.hpp
[0.494s] -- Up-to-date: /home/rassito/microros_ws/install/action_msgs/include/action_msgs/action_msgs/msg/detail/goal_status__struct.hpp
[0.494s] -- Up-to-date: /home/rassito/microros_ws/install/action_msgs/include/action_msgs/action_msgs
[0.494s] -- Up-to-date: /home/rassito/microros_ws/install/action_msgs/include/action_msgs/action_msgs/srv
[0.494s] -- Up-to-date: /home/rassito/microros_ws/install/action_msgs/include/action_msgs/action_msgs/srv/detail
[0.494s] -- Up-to-date: /home/rassito/microros_ws/install/action_msgs/include/action_msgs/action_msgs/srv/detail/cancel_goal__rosidl_typesupport_fastrtps_cpp.hpp
[0.494s] -- Up-to-date: /home/rassito/microros_ws/install/action_msgs/include/action_msgs/action_msgs/srv/detail/dds_fastrtps
[0.494s] -- Up-to-date: /home/rassito/microros_ws/install/action_msgs/include/action_msgs/action_msgs/msg
[0.495s] -- Up-to-date: /home/rassito/microros_ws/install/action_msgs/include/action_msgs/action_msgs/msg/rosidl_typesupport_fastrtps_cpp__visibility_control.h
[0.495s] -- Up-to-date: /home/rassito/microros_ws/install/action_msgs/include/action_msgs/action_msgs/msg/detail
[0.495s] -- Up-to-date: /home/rassito/microros_ws/install/action_msgs/include/action_msgs/action_msgs/msg/detail/goal_status_array__rosidl_typesupport_fastrtps_cpp.hpp
[0.495s] -- Up-to-date: /home/rassito/microros_ws/install/action_msgs/include/action_msgs/action_msgs/msg/detail/goal_status__rosidl_typesupport_fastrtps_cpp.hpp
[0.495s] -- Up-to-date: /home/rassito/microros_ws/install/action_msgs/include/action_msgs/action_msgs/msg/detail/goal_info__rosidl_typesupport_fastrtps_cpp.hpp
[0.495s] -- Up-to-date: /home/rassito/microros_ws/install/action_msgs/include/action_msgs/action_msgs/msg/detail/dds_fastrtps
[0.495s] -- Up-to-date: /home/rassito/microros_ws/install/action_msgs/lib/libaction_msgs__rosidl_typesupport_fastrtps_cpp.so
[0.495s] -- Up-to-date: /home/rassito/microros_ws/install/action_msgs/include/action_msgs
[0.496s] -- Up-to-date: /home/rassito/microros_ws/install/action_msgs/include/action_msgs/srv
[0.496s] -- Up-to-date: /home/rassito/microros_ws/install/action_msgs/include/action_msgs/srv/detail
[0.496s] -- Up-to-date: /home/rassito/microros_ws/install/action_msgs/include/action_msgs/srv/detail/cancel_goal__rosidl_typesupport_microxrcedds_c.h
[0.496s] -- Up-to-date: /home/rassito/microros_ws/install/action_msgs/include/action_msgs/srv/detail/microxrcedds
[0.496s] -- Up-to-date: /home/rassito/microros_ws/install/action_msgs/include/action_msgs/msg
[0.496s] -- Up-to-date: /home/rassito/microros_ws/install/action_msgs/include/action_msgs/msg/detail
[0.496s] -- Up-to-date: /home/rassito/microros_ws/install/action_msgs/include/action_msgs/msg/detail/microxrcedds
[0.496s] -- Up-to-date: /home/rassito/microros_ws/install/action_msgs/include/action_msgs/msg/detail/goal_status__rosidl_typesupport_microxrcedds_c.h
[0.496s] -- Up-to-date: /home/rassito/microros_ws/install/action_msgs/include/action_msgs/msg/detail/goal_info__rosidl_typesupport_microxrcedds_c.h
[0.496s] -- Up-to-date: /home/rassito/microros_ws/install/action_msgs/include/action_msgs/msg/detail/goal_status_array__rosidl_typesupport_microxrcedds_c.h
[0.496s] -- Up-to-date: /home/rassito/microros_ws/install/action_msgs/include/action_msgs/msg/rosidl_typesupport_microxrcedds_c__visibility_control.h
[0.497s] -- Up-to-date: /home/rassito/microros_ws/install/action_msgs/lib/libaction_msgs__rosidl_typesupport_microxrcedds_c.so
[0.497s] -- Up-to-date: /home/rassito/microros_ws/install/action_msgs/include/action_msgs/action_msgs
[0.497s] -- Up-to-date: /home/rassito/microros_ws/install/action_msgs/include/action_msgs/action_msgs/srv
[0.497s] -- Up-to-date: /home/rassito/microros_ws/install/action_msgs/include/action_msgs/action_msgs/srv/detail
[0.497s] -- Installing: /home/rassito/microros_ws/install/action_msgs/include/action_msgs/action_msgs/srv/detail/cancel_goal__type_support.c
[0.498s] -- Up-to-date: /home/rassito/microros_ws/install/action_msgs/include/action_msgs/action_msgs/srv/detail/cancel_goal__rosidl_typesupport_introspection_c.h
[0.498s] -- Up-to-date: /home/rassito/microros_ws/install/action_msgs/include/action_msgs/action_msgs/msg
[0.498s] -- Up-to-date: /home/rassito/microros_ws/install/action_msgs/include/action_msgs/action_msgs/msg/rosidl_typesupport_introspection_c__visibility_control.h
[0.498s] -- Up-to-date: /home/rassito/microros_ws/install/action_msgs/include/action_msgs/action_msgs/msg/detail
[0.498s] -- Up-to-date: /home/rassito/microros_ws/install/action_msgs/include/action_msgs/action_msgs/msg/detail/goal_status__rosidl_typesupport_introspection_c.h
[0.498s] -- Up-to-date: /home/rassito/microros_ws/install/action_msgs/include/action_msgs/action_msgs/msg/detail/goal_info__rosidl_typesupport_introspection_c.h
[0.498s] -- Installing: /home/rassito/microros_ws/install/action_msgs/include/action_msgs/action_msgs/msg/detail/goal_status__type_support.c
[0.499s] -- Up-to-date: /home/rassito/microros_ws/install/action_msgs/include/action_msgs/action_msgs/msg/detail/goal_status_array__rosidl_typesupport_introspection_c.h
[0.499s] -- Installing: /home/rassito/microros_ws/install/action_msgs/include/action_msgs/action_msgs/msg/detail/goal_info__type_support.c
[0.499s] -- Installing: /home/rassito/microros_ws/install/action_msgs/include/action_msgs/action_msgs/msg/detail/goal_status_array__type_support.c
[0.499s] -- Up-to-date: /home/rassito/microros_ws/install/action_msgs/lib/libaction_msgs__rosidl_typesupport_introspection_c.so
[0.499s] -- Up-to-date: /home/rassito/microros_ws/install/action_msgs/lib/libaction_msgs__rosidl_typesupport_c.so
[0.499s] -- Up-to-date: /home/rassito/microros_ws/install/action_msgs/include/action_msgs
[0.499s] -- Up-to-date: /home/rassito/microros_ws/install/action_msgs/include/action_msgs/srv
[0.499s] -- Up-to-date: /home/rassito/microros_ws/install/action_msgs/include/action_msgs/srv/detail
[0.499s] -- Up-to-date: /home/rassito/microros_ws/install/action_msgs/include/action_msgs/srv/detail/microxrcedds
[0.499s] -- Up-to-date: /home/rassito/microros_ws/install/action_msgs/include/action_msgs/srv/detail/microxrcedds/cancel_goal__type_support_cpp.cpp
[0.499s] -- Up-to-date: /home/rassito/microros_ws/install/action_msgs/include/action_msgs/srv/detail/cancel_goal__rosidl_typesupport_microxrcedds_cpp.hpp
[0.500s] -- Up-to-date: /home/rassito/microros_ws/install/action_msgs/include/action_msgs/msg
[0.500s] -- Up-to-date: /home/rassito/microros_ws/install/action_msgs/include/action_msgs/msg/rosidl_typesupport_microxrcedds_cpp__visibility_control.h
[0.500s] -- Up-to-date: /home/rassito/microros_ws/install/action_msgs/include/action_msgs/msg/detail
[0.500s] -- Up-to-date: /home/rassito/microros_ws/install/action_msgs/include/action_msgs/msg/detail/microxrcedds
[0.500s] -- Up-to-date: /home/rassito/microros_ws/install/action_msgs/include/action_msgs/msg/detail/microxrcedds/goal_status_array__type_support_cpp.cpp
[0.500s] -- Up-to-date: /home/rassito/microros_ws/install/action_msgs/include/action_msgs/msg/detail/microxrcedds/goal_info__type_support_cpp.cpp
[0.500s] -- Up-to-date: /home/rassito/microros_ws/install/action_msgs/include/action_msgs/msg/detail/microxrcedds/goal_status__type_support_cpp.cpp
[0.500s] -- Up-to-date: /home/rassito/microros_ws/install/action_msgs/include/action_msgs/msg/detail/goal_status__rosidl_typesupport_microxrcedds_cpp.hpp
[0.500s] -- Up-to-date: /home/rassito/microros_ws/install/action_msgs/include/action_msgs/msg/detail/goal_info__rosidl_typesupport_microxrcedds_cpp.hpp
[0.501s] -- Up-to-date: /home/rassito/microros_ws/install/action_msgs/include/action_msgs/msg/detail/goal_status_array__rosidl_typesupport_microxrcedds_cpp.hpp
[0.501s] -- Up-to-date: /home/rassito/microros_ws/install/action_msgs/lib/libaction_msgs__rosidl_typesupport_microxrcedds_cpp.so
[0.501s] -- Up-to-date: /home/rassito/microros_ws/install/action_msgs/include/action_msgs/action_msgs
[0.501s] -- Up-to-date: /home/rassito/microros_ws/install/action_msgs/include/action_msgs/action_msgs/srv
[0.501s] -- Up-to-date: /home/rassito/microros_ws/install/action_msgs/include/action_msgs/action_msgs/srv/detail
[0.501s] -- Up-to-date: /home/rassito/microros_ws/install/action_msgs/include/action_msgs/action_msgs/srv/detail/cancel_goal__type_support.cpp
[0.501s] -- Up-to-date: /home/rassito/microros_ws/install/action_msgs/include/action_msgs/action_msgs/srv/detail/cancel_goal__rosidl_typesupport_introspection_cpp.hpp
[0.501s] -- Up-to-date: /home/rassito/microros_ws/install/action_msgs/include/action_msgs/action_msgs/msg
[0.502s] -- Up-to-date: /home/rassito/microros_ws/install/action_msgs/include/action_msgs/action_msgs/msg/detail
[0.502s] -- Up-to-date: /home/rassito/microros_ws/install/action_msgs/include/action_msgs/action_msgs/msg/detail/goal_status_array__rosidl_typesupport_introspection_cpp.hpp
[0.502s] -- Up-to-date: /home/rassito/microros_ws/install/action_msgs/include/action_msgs/action_msgs/msg/detail/goal_info__type_support.cpp
[0.502s] -- Up-to-date: /home/rassito/microros_ws/install/action_msgs/include/action_msgs/action_msgs/msg/detail/goal_status_array__type_support.cpp
[0.502s] -- Up-to-date: /home/rassito/microros_ws/install/action_msgs/include/action_msgs/action_msgs/msg/detail/goal_status__rosidl_typesupport_introspection_cpp.hpp
[0.502s] -- Up-to-date: /home/rassito/microros_ws/install/action_msgs/include/action_msgs/action_msgs/msg/detail/goal_info__rosidl_typesupport_introspection_cpp.hpp
[0.502s] -- Up-to-date: /home/rassito/microros_ws/install/action_msgs/include/action_msgs/action_msgs/msg/detail/goal_status__type_support.cpp
[0.502s] -- Up-to-date: /home/rassito/microros_ws/install/action_msgs/lib/libaction_msgs__rosidl_typesupport_introspection_cpp.so
[0.502s] -- Up-to-date: /home/rassito/microros_ws/install/action_msgs/lib/libaction_msgs__rosidl_typesupport_cpp.so
[0.503s] -- Up-to-date: /home/rassito/microros_ws/install/action_msgs/share/action_msgs/environment/pythonpath.sh
[0.503s] -- Up-to-date: /home/rassito/microros_ws/install/action_msgs/share/action_msgs/environment/pythonpath.dsv
[0.503s] -- Up-to-date: /home/rassito/microros_ws/install/action_msgs/lib/python3.12/site-packages/action_msgs-2.0.2-py3.12.egg-info
[0.503s] -- Installing: /home/rassito/microros_ws/install/action_msgs/lib/python3.12/site-packages/action_msgs-2.0.2-py3.12.egg-info/top_level.txt
[0.503s] -- Installing: /home/rassito/microros_ws/install/action_msgs/lib/python3.12/site-packages/action_msgs-2.0.2-py3.12.egg-info/PKG-INFO
[0.503s] -- Installing: /home/rassito/microros_ws/install/action_msgs/lib/python3.12/site-packages/action_msgs-2.0.2-py3.12.egg-info/dependency_links.txt
[0.503s] -- Installing: /home/rassito/microros_ws/install/action_msgs/lib/python3.12/site-packages/action_msgs-2.0.2-py3.12.egg-info/SOURCES.txt
[0.503s] -- Up-to-date: /home/rassito/microros_ws/install/action_msgs/lib/python3.12/site-packages/action_msgs
[0.503s] -- Up-to-date: /home/rassito/microros_ws/install/action_msgs/lib/python3.12/site-packages/action_msgs/action_msgs_s__rosidl_typesupport_microxrcedds_c.so
[0.504s] -- Up-to-date: /home/rassito/microros_ws/install/action_msgs/lib/python3.12/site-packages/action_msgs/action_msgs_s__rosidl_typesupport_c.so
[0.504s] -- Up-to-date: /home/rassito/microros_ws/install/action_msgs/lib/python3.12/site-packages/action_msgs/_action_msgs_s.ep.rosidl_typesupport_c.c
[0.504s] -- Up-to-date: /home/rassito/microros_ws/install/action_msgs/lib/python3.12/site-packages/action_msgs/_action_msgs_s.ep.rosidl_typesupport_microxrcedds_c.c
[0.504s] -- Up-to-date: /home/rassito/microros_ws/install/action_msgs/lib/python3.12/site-packages/action_msgs/action_msgs_s__rosidl_typesupport_introspection_c.so
[0.504s] -- Up-to-date: /home/rassito/microros_ws/install/action_msgs/lib/python3.12/site-packages/action_msgs/srv
[0.504s] -- Up-to-date: /home/rassito/microros_ws/install/action_msgs/lib/python3.12/site-packages/action_msgs/srv/_cancel_goal.py
[0.504s] -- Up-to-date: /home/rassito/microros_ws/install/action_msgs/lib/python3.12/site-packages/action_msgs/srv/_cancel_goal_s.c
[0.504s] -- Up-to-date: /home/rassito/microros_ws/install/action_msgs/lib/python3.12/site-packages/action_msgs/srv/__init__.py
[0.504s] -- Up-to-date: /home/rassito/microros_ws/install/action_msgs/lib/python3.12/site-packages/action_msgs/action_msgs_s__rosidl_typesupport_fastrtps_c.so
[0.504s] -- Up-to-date: /home/rassito/microros_ws/install/action_msgs/lib/python3.12/site-packages/action_msgs/_action_msgs_s.ep.rosidl_typesupport_fastrtps_c.c
[0.504s] -- Up-to-date: /home/rassito/microros_ws/install/action_msgs/lib/python3.12/site-packages/action_msgs/_action_msgs_s.ep.rosidl_typesupport_introspection_c.c
[0.505s] -- Up-to-date: /home/rassito/microros_ws/install/action_msgs/lib/python3.12/site-packages/action_msgs/msg
[0.505s] -- Up-to-date: /home/rassito/microros_ws/install/action_msgs/lib/python3.12/site-packages/action_msgs/msg/_goal_info.py
[0.505s] -- Up-to-date: /home/rassito/microros_ws/install/action_msgs/lib/python3.12/site-packages/action_msgs/msg/_goal_status_s.c
[0.505s] -- Up-to-date: /home/rassito/microros_ws/install/action_msgs/lib/python3.12/site-packages/action_msgs/msg/_goal_status_array_s.c
[0.505s] -- Up-to-date: /home/rassito/microros_ws/install/action_msgs/lib/python3.12/site-packages/action_msgs/msg/_goal_status.py
[0.505s] -- Up-to-date: /home/rassito/microros_ws/install/action_msgs/lib/python3.12/site-packages/action_msgs/msg/_goal_status_array.py
[0.505s] -- Up-to-date: /home/rassito/microros_ws/install/action_msgs/lib/python3.12/site-packages/action_msgs/msg/_goal_info_s.c
[0.505s] -- Up-to-date: /home/rassito/microros_ws/install/action_msgs/lib/python3.12/site-packages/action_msgs/msg/__init__.py
[0.506s] -- Up-to-date: /home/rassito/microros_ws/install/action_msgs/lib/python3.12/site-packages/action_msgs/__init__.py
[0.533s] Listing '/home/rassito/microros_ws/install/action_msgs/lib/python3.12/site-packages/action_msgs'...
[0.533s] Listing '/home/rassito/microros_ws/install/action_msgs/lib/python3.12/site-packages/action_msgs/msg'...
[0.533s] Listing '/home/rassito/microros_ws/install/action_msgs/lib/python3.12/site-packages/action_msgs/srv'...
[0.540s] -- Up-to-date: /home/rassito/microros_ws/install/action_msgs/lib/python3.12/site-packages/action_msgs/action_msgs_s__rosidl_typesupport_microxrcedds_c.so
[0.540s] -- Up-to-date: /home/rassito/microros_ws/install/action_msgs/lib/python3.12/site-packages/action_msgs/action_msgs_s__rosidl_typesupport_fastrtps_c.so
[0.540s] -- Up-to-date: /home/rassito/microros_ws/install/action_msgs/lib/python3.12/site-packages/action_msgs/action_msgs_s__rosidl_typesupport_introspection_c.so
[0.540s] -- Up-to-date: /home/rassito/microros_ws/install/action_msgs/lib/python3.12/site-packages/action_msgs/action_msgs_s__rosidl_typesupport_c.so
[0.542s] -- Up-to-date: /home/rassito/microros_ws/install/action_msgs/lib/libaction_msgs__rosidl_generator_py.so
[0.542s] -- Up-to-date: /home/rassito/microros_ws/install/action_msgs/share/action_msgs/msg/GoalInfo.idl
[0.542s] -- Up-to-date: /home/rassito/microros_ws/install/action_msgs/share/action_msgs/msg/GoalStatus.idl
[0.542s] -- Up-to-date: /home/rassito/microros_ws/install/action_msgs/share/action_msgs/msg/GoalStatusArray.idl
[0.542s] -- Up-to-date: /home/rassito/microros_ws/install/action_msgs/share/action_msgs/srv/CancelGoal.idl
[0.542s] -- Up-to-date: /home/rassito/microros_ws/install/action_msgs/share/action_msgs/msg/GoalInfo.msg
[0.543s] -- Up-to-date: /home/rassito/microros_ws/install/action_msgs/share/action_msgs/msg/GoalStatus.msg
[0.543s] -- Up-to-date: /home/rassito/microros_ws/install/action_msgs/share/action_msgs/msg/GoalStatusArray.msg
[0.543s] -- Up-to-date: /home/rassito/microros_ws/install/action_msgs/share/action_msgs/srv/CancelGoal.srv
[0.543s] -- Up-to-date: /home/rassito/microros_ws/install/action_msgs/share/ament_index/resource_index/package_run_dependencies/action_msgs
[0.543s] -- Up-to-date: /home/rassito/microros_ws/install/action_msgs/share/ament_index/resource_index/parent_prefix_path/action_msgs
[0.544s] -- Up-to-date: /home/rassito/microros_ws/install/action_msgs/share/action_msgs/environment/ament_prefix_path.sh
[0.544s] -- Up-to-date: /home/rassito/microros_ws/install/action_msgs/share/action_msgs/environment/ament_prefix_path.dsv
[0.544s] -- Up-to-date: /home/rassito/microros_ws/install/action_msgs/share/action_msgs/environment/path.sh
[0.544s] -- Up-to-date: /home/rassito/microros_ws/install/action_msgs/share/action_msgs/environment/path.dsv
[0.544s] -- Up-to-date: /home/rassito/microros_ws/install/action_msgs/share/action_msgs/local_setup.bash
[0.544s] -- Up-to-date: /home/rassito/microros_ws/install/action_msgs/share/action_msgs/local_setup.sh
[0.544s] -- Up-to-date: /home/rassito/microros_ws/install/action_msgs/share/action_msgs/local_setup.zsh
[0.544s] -- Up-to-date: /home/rassito/microros_ws/install/action_msgs/share/action_msgs/local_setup.dsv
[0.545s] -- Installing: /home/rassito/microros_ws/install/action_msgs/share/action_msgs/package.dsv
[0.545s] -- Up-to-date: /home/rassito/microros_ws/install/action_msgs/share/ament_index/resource_index/packages/action_msgs
[0.545s] -- Up-to-date: /home/rassito/microros_ws/install/action_msgs/share/action_msgs/cmake/export_action_msgs__rosidl_generator_cExport.cmake
[0.545s] -- Up-to-date: /home/rassito/microros_ws/install/action_msgs/share/action_msgs/cmake/export_action_msgs__rosidl_generator_cExport-noconfig.cmake
[0.545s] -- Up-to-date: /home/rassito/microros_ws/install/action_msgs/share/action_msgs/cmake/export_action_msgs__rosidl_typesupport_fastrtps_cExport.cmake
[0.545s] -- Up-to-date: /home/rassito/microros_ws/install/action_msgs/share/action_msgs/cmake/export_action_msgs__rosidl_typesupport_fastrtps_cExport-noconfig.cmake
[0.545s] -- Up-to-date: /home/rassito/microros_ws/install/action_msgs/share/action_msgs/cmake/export_action_msgs__rosidl_generator_cppExport.cmake
[0.545s] -- Up-to-date: /home/rassito/microros_ws/install/action_msgs/share/action_msgs/cmake/export_action_msgs__rosidl_typesupport_fastrtps_cppExport.cmake
[0.545s] -- Up-to-date: /home/rassito/microros_ws/install/action_msgs/share/action_msgs/cmake/export_action_msgs__rosidl_typesupport_fastrtps_cppExport-noconfig.cmake
[0.545s] -- Up-to-date: /home/rassito/microros_ws/install/action_msgs/share/action_msgs/cmake/action_msgs__rosidl_typesupport_introspection_cExport.cmake
[0.545s] -- Up-to-date: /home/rassito/microros_ws/install/action_msgs/share/action_msgs/cmake/action_msgs__rosidl_typesupport_introspection_cExport-noconfig.cmake
[0.546s] -- Up-to-date: /home/rassito/microros_ws/install/action_msgs/share/action_msgs/cmake/action_msgs__rosidl_typesupport_cExport.cmake
[0.546s] -- Up-to-date: /home/rassito/microros_ws/install/action_msgs/share/action_msgs/cmake/action_msgs__rosidl_typesupport_cExport-noconfig.cmake
[0.546s] -- Up-to-date: /home/rassito/microros_ws/install/action_msgs/share/action_msgs/cmake/action_msgs__rosidl_typesupport_introspection_cppExport.cmake
[0.546s] -- Up-to-date: /home/rassito/microros_ws/install/action_msgs/share/action_msgs/cmake/action_msgs__rosidl_typesupport_introspection_cppExport-noconfig.cmake
[0.546s] -- Up-to-date: /home/rassito/microros_ws/install/action_msgs/share/action_msgs/cmake/action_msgs__rosidl_typesupport_cppExport.cmake
[0.546s] -- Up-to-date: /home/rassito/microros_ws/install/action_msgs/share/action_msgs/cmake/action_msgs__rosidl_typesupport_cppExport-noconfig.cmake
[0.546s] -- Up-to-date: /home/rassito/microros_ws/install/action_msgs/share/action_msgs/cmake/export_action_msgs__rosidl_generator_pyExport.cmake
[0.546s] -- Up-to-date: /home/rassito/microros_ws/install/action_msgs/share/action_msgs/cmake/export_action_msgs__rosidl_generator_pyExport-noconfig.cmake
[0.546s] -- Up-to-date: /home/rassito/microros_ws/install/action_msgs/share/action_msgs/cmake/rosidl_cmake-extras.cmake
[0.546s] -- Up-to-date: /home/rassito/microros_ws/install/action_msgs/share/action_msgs/cmake/ament_cmake_export_dependencies-extras.cmake
[0.546s] -- Up-to-date: /home/rassito/microros_ws/install/action_msgs/share/action_msgs/cmake/ament_cmake_export_include_directories-extras.cmake
[0.546s] -- Up-to-date: /home/rassito/microros_ws/install/action_msgs/share/action_msgs/cmake/ament_cmake_export_libraries-extras.cmake
[0.547s] -- Up-to-date: /home/rassito/microros_ws/install/action_msgs/share/action_msgs/cmake/ament_cmake_export_targets-extras.cmake
[0.547s] -- Up-to-date: /home/rassito/microros_ws/install/action_msgs/share/action_msgs/cmake/rosidl_cmake_export_typesupport_targets-extras.cmake
[0.547s] -- Up-to-date: /home/rassito/microros_ws/install/action_msgs/share/action_msgs/cmake/rosidl_cmake_export_typesupport_libraries-extras.cmake
[0.547s] -- Up-to-date: /home/rassito/microros_ws/install/action_msgs/share/action_msgs/cmake/action_msgsConfig.cmake
[0.547s] -- Up-to-date: /home/rassito/microros_ws/install/action_msgs/share/action_msgs/cmake/action_msgsConfig-version.cmake
[0.547s] -- Up-to-date: /home/rassito/microros_ws/install/action_msgs/share/action_msgs/package.xml
[0.564s] Invoked command in '/home/rassito/microros_ws/build/action_msgs' returned '0': CMAKE_PREFIX_PATH=/home/rassito/microros_ws/install/service_msgs:/home/rassito/microros_ws/install/unique_identifier_msgs:/home/rassito/microros_ws/install/builtin_interfaces:/home/rassito/microros_ws/install/micro_ros_demos_rclc:/home/rassito/microros_ws/install/common_interfaces:/home/rassito/microros_ws/install/visualization_msgs:/home/rassito/microros_ws/install/action_msgs:/home/rassito/microros_ws/install/type_description_interfaces:/home/rassito/microros_ws/install/trajectory_msgs:/home/rassito/microros_ws/install/test_msgs:/home/rassito/microros_ws/install/test_interface_files:/home/rassito/microros_ws/install/stereo_msgs:/home/rassito/microros_ws/install/std_srvs:/home/rassito/microros_ws/install/shape_msgs:/home/rassito/microros_ws/install/sensor_msgs:/home/rassito/microros_ws/install/nav_msgs:/home/rassito/microros_ws/install/diagnostic_msgs:/home/rassito/microros_ws/install/geometry_msgs:/home/rassito/microros_ws/install/actionlib_msgs:/home/rassito/microros_ws/install/std_msgs:/home/rassito/microros_ws/install/statistics_msgs:/home/rassito/microros_ws/install/rosidl_typesupport_microxrcedds_test_msg:/home/rassito/microros_ws/install/rosidl_typesupport_microxrcedds_cpp_tests:/home/rassito/microros_ws/install/rmw_microxrcedds:/home/rassito/microros_ws/install/rosidl_typesupport_microxrcedds_cpp:/home/rassito/microros_ws/install/rosidl_typesupport_microxrcedds_c_tests:/home/rassito/microros_ws/install/rosidl_typesupport_microxrcedds_c:/home/rassito/microros_ws/install/rosgraph_msgs:/home/rassito/microros_ws/install/rclc_parameter:/home/rassito/microros_ws/install/rclc:/home/rassito/microros_ws/install/composition_interfaces:/home/rassito/microros_ws/install/rcl_interfaces:/home/rassito/microros_ws/install/microxrcedds_client:/home/rassito/microros_ws/install/microcdr:/home/rassito/microros_ws/install/micro_ros_utilities:/home/rassito/microros_ws/install/micro_ros_setup:/home/rassito/microros_ws/install/micro_ros_agent:/home/rassito/microros_ws/install/micro_ros_msgs:/home/rassito/microros_ws/install/lifecycle_msgs:/home/rassito/microros_ws/install/example_interfaces:/home/rassito/microros_ws/install/complex_msgs:/opt/ros/jazzy/opt/sdformat_vendor:/opt/ros/jazzy/opt/gz_math_vendor:/opt/ros/jazzy/opt/gz_utils_vendor:/opt/ros/jazzy/opt/gz_tools_vendor:/opt/ros/jazzy/opt/gz_cmake_vendor:/home/rassito/microros_ws/install/sensor_msgs_py:/home/rassito/ros_ws/install/super_pkg:/opt/ros/jazzy DEBUGINFOD_URLS=https://debuginfod.ubuntu.com LD_LIBRARY_PATH=/home/rassito/microros_ws/install/service_msgs/lib:/home/rassito/microros_ws/install/unique_identifier_msgs/lib:/home/rassito/microros_ws/install/builtin_interfaces/lib:/home/rassito/microros_ws/install/visualization_msgs/lib:/home/rassito/microros_ws/install/action_msgs/lib:/home/rassito/microros_ws/install/type_description_interfaces/lib:/home/rassito/microros_ws/install/trajectory_msgs/lib:/home/rassito/microros_ws/install/test_msgs/lib:/home/rassito/microros_ws/install/stereo_msgs/lib:/home/rassito/microros_ws/install/std_srvs/lib:/home/rassito/microros_ws/install/shape_msgs/lib:/home/rassito/microros_ws/install/sensor_msgs/lib:/home/rassito/microros_ws/install/nav_msgs/lib:/home/rassito/microros_ws/install/diagnostic_msgs/lib:/home/rassito/microros_ws/install/geometry_msgs/lib:/home/rassito/microros_ws/install/actionlib_msgs/lib:/home/rassito/microros_ws/install/std_msgs/lib:/home/rassito/microros_ws/install/statistics_msgs/lib:/home/rassito/microros_ws/install/rmw_microxrcedds/lib:/home/rassito/microros_ws/install/rosidl_typesupport_microxrcedds_cpp/lib:/home/rassito/microros_ws/install/rosidl_typesupport_microxrcedds_c/lib:/home/rassito/microros_ws/install/rosgraph_msgs/lib:/home/rassito/microros_ws/install/rclc_parameter/lib:/home/rassito/microros_ws/install/rclc/lib:/home/rassito/microros_ws/install/composition_interfaces/lib:/home/rassito/microros_ws/install/rcl_interfaces/lib:/home/rassito/microros_ws/install/microxrcedds_client/lib:/home/rassito/microros_ws/install/microcdr/lib:/home/rassito/microros_ws/install/micro_ros_utilities/lib:/home/rassito/microros_ws/install/micro_ros_agent/lib:/home/rassito/microros_ws/install/micro_ros_msgs/lib:/home/rassito/microros_ws/install/lifecycle_msgs/lib:/home/rassito/microros_ws/install/example_interfaces/lib:/home/rassito/microros_ws/install/complex_msgs/lib:/opt/ros/jazzy/opt/sdformat_vendor/lib:/opt/ros/jazzy/opt/rviz_ogre_vendor/lib:/opt/ros/jazzy/lib/x86_64-linux-gnu:/opt/ros/jazzy/opt/gz_math_vendor/lib:/opt/ros/jazzy/opt/gz_utils_vendor/lib:/opt/ros/jazzy/opt/gz_tools_vendor/lib:/opt/ros/jazzy/opt/gz_cmake_vendor/lib:/opt/ros/jazzy/lib PYTHONPATH=/home/rassito/microros_ws/install/service_msgs/lib/python3.12/site-packages:/home/rassito/microros_ws/install/unique_identifier_msgs/lib/python3.12/site-packages:/home/rassito/microros_ws/install/builtin_interfaces/lib/python3.12/site-packages:/home/rassito/microros_ws/install/visualization_msgs/lib/python3.12/site-packages:/home/rassito/microros_ws/install/action_msgs/lib/python3.12/site-packages:/home/rassito/microros_ws/install/type_description_interfaces/lib/python3.12/site-packages:/home/rassito/microros_ws/install/trajectory_msgs/lib/python3.12/site-packages:/home/rassito/microros_ws/install/test_msgs/lib/python3.12/site-packages:/home/rassito/microros_ws/install/stereo_msgs/lib/python3.12/site-packages:/home/rassito/microros_ws/install/std_srvs/lib/python3.12/site-packages:/home/rassito/microros_ws/install/shape_msgs/lib/python3.12/site-packages:/home/rassito/microros_ws/install/sensor_msgs_py/lib/python3.12/site-packages:/home/rassito/microros_ws/install/sensor_msgs/lib/python3.12/site-packages:/home/rassito/microros_ws/install/nav_msgs/lib/python3.12/site-packages:/home/rassito/microros_ws/install/diagnostic_msgs/lib/python3.12/site-packages:/home/rassito/microros_ws/install/geometry_msgs/lib/python3.12/site-packages:/home/rassito/microros_ws/install/actionlib_msgs/lib/python3.12/site-packages:/home/rassito/microros_ws/install/std_msgs/lib/python3.12/site-packages:/home/rassito/microros_ws/install/statistics_msgs/lib/python3.12/site-packages:/home/rassito/microros_ws/install/rosidl_typesupport_microxrcedds_cpp/lib/python3.12/site-packages:/home/rassito/microros_ws/install/rosidl_typesupport_microxrcedds_c/lib/python3.12/site-packages:/home/rassito/microros_ws/install/rosgraph_msgs/lib/python3.12/site-packages:/home/rassito/microros_ws/install/composition_interfaces/lib/python3.12/site-packages:/home/rassito/microros_ws/install/rcl_interfaces/lib/python3.12/site-packages:/home/rassito/microros_ws/install/micro_ros_msgs/lib/python3.12/site-packages:/home/rassito/microros_ws/install/lifecycle_msgs/lib/python3.12/site-packages:/home/rassito/microros_ws/install/example_interfaces/lib/python3.12/site-packages:/home/rassito/microros_ws/install/complex_msgs/lib/python3.12/site-packages:/home/rassito/ros_ws/build/super_pkg:/home/rassito/ros_ws/install/super_pkg/lib/python3.12/site-packages:/opt/ros/jazzy/lib/python3.12/site-packages /usr/bin/cmake --install /home/rassito/microros_ws/build/action_msgs
