[0.043s] Invoking command in '/home/rassito/microros_ws/build/complex_msgs': AMENT_PREFIX_PATH=/home/rassito/microros_ws/install/builtin_interfaces:${AMENT_PREFIX_PATH} CMAKE_PREFIX_PATH=/home/rassito/microros_ws/install/builtin_interfaces:/opt/ros/jazzy/opt/sdformat_vendor:/opt/ros/jazzy/opt/gz_math_vendor:/opt/ros/jazzy/opt/gz_utils_vendor:/opt/ros/jazzy/opt/gz_tools_vendor:/opt/ros/jazzy/opt/gz_cmake_vendor:/home/rassito/ros_ws/install/super_pkg:/opt/ros/jazzy DEBUGINFOD_URLS=https://debuginfod.ubuntu.com LD_LIBRARY_PATH=/home/rassito/microros_ws/install/builtin_interfaces/lib:${LD_LIBRARY_PATH} PYTHONPATH=/home/rassito/microros_ws/install/builtin_interfaces/lib/python3.12/site-packages:${PYTHONPATH} /usr/bin/cmake /home/rassito/microros_ws/src/uros/micro-ROS-demos/messages/complex_msg -DCMAKE_INSTALL_PREFIX=/home/rassito/microros_ws/install/complex_msgs
[0.057s] -- Found ament_cmake: 2.5.3 (/opt/ros/jazzy/share/ament_cmake/cmake)
[0.093s] -- Found Python3: /usr/bin/python3 (found version "3.12.3") found components: Interpreter 
[0.202s] -- Found builtin_interfaces: 2.0.2 (/home/rassito/microros_ws/install/builtin_interfaces/share/builtin_interfaces/cmake)
[0.236s] -- Found rosidl_generator_c: 4.6.5 (/opt/ros/jazzy/share/rosidl_generator_c/cmake)
[0.248s] -- Found rosidl_generator_cpp: 4.6.5 (/opt/ros/jazzy/share/rosidl_generator_cpp/cmake)
[0.269s] -- Using all available rosidl_typesupport_c: rosidl_typesupport_fastrtps_c;rosidl_typesupport_introspection_c
[0.292s] -- Using all available rosidl_typesupport_cpp: rosidl_typesupport_fastrtps_cpp;rosidl_typesupport_introspection_cpp
[0.333s] -- Found rosidl_default_generators: 1.6.0 (/opt/ros/jazzy/share/rosidl_default_generators/cmake)
[0.357s] -- Found rosidl_adapter: 4.6.5 (/opt/ros/jazzy/share/rosidl_adapter/cmake)
[0.745s] -- Found ament_cmake_ros: 0.12.0 (/opt/ros/jazzy/share/ament_cmake_ros/cmake)
[0.899s] -- Using all available rosidl_typesupport_c: rosidl_typesupport_fastrtps_c;rosidl_typesupport_introspection_c
[0.950s] -- Using all available rosidl_typesupport_cpp: rosidl_typesupport_fastrtps_cpp;rosidl_typesupport_introspection_cpp
[0.952s] -- Found python_cmake_module: 0.11.1 (/opt/ros/jazzy/share/python_cmake_module/cmake)
[1.249s] -- Found Python3: /usr/bin/python3 (found version "3.12.3") found components: Interpreter Development NumPy Development.Module Development.Embed 
[1.265s] -- Configuring done (1.2s)
[1.316s] -- Generating done (0.0s)
[1.325s] -- Build files have been written to: /home/rassito/microros_ws/build/complex_msgs
[1.332s] Invoked command in '/home/rassito/microros_ws/build/complex_msgs' returned '0': AMENT_PREFIX_PATH=/home/rassito/microros_ws/install/builtin_interfaces:${AMENT_PREFIX_PATH} CMAKE_PREFIX_PATH=/home/rassito/microros_ws/install/builtin_interfaces:/opt/ros/jazzy/opt/sdformat_vendor:/opt/ros/jazzy/opt/gz_math_vendor:/opt/ros/jazzy/opt/gz_utils_vendor:/opt/ros/jazzy/opt/gz_tools_vendor:/opt/ros/jazzy/opt/gz_cmake_vendor:/home/rassito/ros_ws/install/super_pkg:/opt/ros/jazzy DEBUGINFOD_URLS=https://debuginfod.ubuntu.com LD_LIBRARY_PATH=/home/rassito/microros_ws/install/builtin_interfaces/lib:${LD_LIBRARY_PATH} PYTHONPATH=/home/rassito/microros_ws/install/builtin_interfaces/lib/python3.12/site-packages:${PYTHONPATH} /usr/bin/cmake /home/rassito/microros_ws/src/uros/micro-ROS-demos/messages/complex_msg -DCMAKE_INSTALL_PREFIX=/home/rassito/microros_ws/install/complex_msgs
[1.333s] Invoking command in '/home/rassito/microros_ws/build/complex_msgs': AMENT_PREFIX_PATH=/home/rassito/microros_ws/install/builtin_interfaces:${AMENT_PREFIX_PATH} CMAKE_PREFIX_PATH=/home/rassito/microros_ws/install/builtin_interfaces:/opt/ros/jazzy/opt/sdformat_vendor:/opt/ros/jazzy/opt/gz_math_vendor:/opt/ros/jazzy/opt/gz_utils_vendor:/opt/ros/jazzy/opt/gz_tools_vendor:/opt/ros/jazzy/opt/gz_cmake_vendor:/home/rassito/ros_ws/install/super_pkg:/opt/ros/jazzy DEBUGINFOD_URLS=https://debuginfod.ubuntu.com LD_LIBRARY_PATH=/home/rassito/microros_ws/install/builtin_interfaces/lib:${LD_LIBRARY_PATH} PYTHONPATH=/home/rassito/microros_ws/install/builtin_interfaces/lib/python3.12/site-packages:${PYTHONPATH} /usr/bin/cmake --build /home/rassito/microros_ws/build/complex_msgs -- -j16 -l16
[1.368s] [  2%] Built target complex_msgs__rosidl_generator_type_description
[1.385s] [  2%] Built target ament_cmake_python_copy_complex_msgs
[1.389s] [  4%] Built target complex_msgs__cpp
[1.392s] [ 22%] Built target complex_msgs__rosidl_generator_c
[1.402s] [ 25%] [34m[1mGenerating C type support dispatch for ROS interfaces[0m
[1.413s] [ 27%] [34m[1mGenerating C++ type support dispatch for ROS interfaces[0m
[1.430s] [ 36%] Built target complex_msgs__rosidl_typesupport_introspection_cpp
[1.439s] [ 45%] Built target complex_msgs__rosidl_typesupport_fastrtps_c
[1.440s] [ 54%] Built target complex_msgs__rosidl_typesupport_fastrtps_cpp
[1.446s] [ 63%] Built target complex_msgs__rosidl_typesupport_introspection_c
[1.713s] running egg_info
[1.739s] writing complex_msgs.egg-info/PKG-INFO
[1.739s] writing dependency_links to complex_msgs.egg-info/dependency_links.txt
[1.739s] writing top-level names to complex_msgs.egg-info/top_level.txt
[1.789s] [ 65%] [32mBuilding CXX object CMakeFiles/complex_msgs__rosidl_typesupport_c.dir/rosidl_typesupport_c/complex_msgs/msg/multi_string_test__type_support.cpp.o[0m
[1.793s] [ 68%] [32mBuilding CXX object CMakeFiles/complex_msgs__rosidl_typesupport_c.dir/rosidl_typesupport_c/complex_msgs/msg/nested_msg_test__type_support.cpp.o[0m
[1.807s] [ 70%] [32mBuilding CXX object CMakeFiles/complex_msgs__rosidl_typesupport_cpp.dir/rosidl_typesupport_cpp/complex_msgs/msg/multi_string_test__type_support.cpp.o[0m
[1.811s] [ 72%] [32mBuilding CXX object CMakeFiles/complex_msgs__rosidl_typesupport_cpp.dir/rosidl_typesupport_cpp/complex_msgs/msg/nested_msg_test__type_support.cpp.o[0m
[1.823s] reading manifest file 'complex_msgs.egg-info/SOURCES.txt'
[1.829s] writing manifest file 'complex_msgs.egg-info/SOURCES.txt'
[1.895s] [ 72%] Built target ament_cmake_python_build_complex_msgs_egg
[1.907s] [ 75%] [32m[1mLinking CXX shared library libcomplex_msgs__rosidl_typesupport_c.so[0m
[2.030s] [ 75%] Built target complex_msgs__rosidl_typesupport_c
[2.877s] [ 77%] [32m[1mLinking CXX shared library libcomplex_msgs__rosidl_typesupport_cpp.so[0m
[2.966s] [ 77%] Built target complex_msgs__rosidl_typesupport_cpp
[3.030s] [ 77%] Built target complex_msgs
[3.105s] [ 79%] Built target complex_msgs__py
[3.157s] [ 81%] [32m[1mLinking C shared library libcomplex_msgs__rosidl_generator_py.so[0m
[3.280s] [ 86%] Built target complex_msgs__rosidl_generator_py
[3.328s] [ 88%] [32m[1mLinking C shared module rosidl_generator_py/complex_msgs/complex_msgs_s__rosidl_typesupport_fastrtps_c.so[0m
[3.340s] [ 90%] [32mBuilding C object CMakeFiles/complex_msgs_s__rosidl_typesupport_introspection_c.dir/rosidl_generator_py/complex_msgs/_complex_msgs_s.ep.rosidl_typesupport_introspection_c.c.o[0m
[3.358s] [ 93%] [32mBuilding C object CMakeFiles/complex_msgs_s__rosidl_typesupport_c.dir/rosidl_generator_py/complex_msgs/_complex_msgs_s.ep.rosidl_typesupport_c.c.o[0m
[3.411s] [ 95%] Built target complex_msgs_s__rosidl_typesupport_fastrtps_c
[3.531s] [ 97%] [32m[1mLinking C shared module rosidl_generator_py/complex_msgs/complex_msgs_s__rosidl_typesupport_introspection_c.so[0m
[3.578s] [ 97%] Built target complex_msgs_s__rosidl_typesupport_introspection_c
[3.580s] [100%] [32m[1mLinking C shared module rosidl_generator_py/complex_msgs/complex_msgs_s__rosidl_typesupport_c.so[0m
[3.622s] [100%] Built target complex_msgs_s__rosidl_typesupport_c
[3.636s] Invoked command in '/home/rassito/microros_ws/build/complex_msgs' returned '0': AMENT_PREFIX_PATH=/home/rassito/microros_ws/install/builtin_interfaces:${AMENT_PREFIX_PATH} CMAKE_PREFIX_PATH=/home/rassito/microros_ws/install/builtin_interfaces:/opt/ros/jazzy/opt/sdformat_vendor:/opt/ros/jazzy/opt/gz_math_vendor:/opt/ros/jazzy/opt/gz_utils_vendor:/opt/ros/jazzy/opt/gz_tools_vendor:/opt/ros/jazzy/opt/gz_cmake_vendor:/home/rassito/ros_ws/install/super_pkg:/opt/ros/jazzy DEBUGINFOD_URLS=https://debuginfod.ubuntu.com LD_LIBRARY_PATH=/home/rassito/microros_ws/install/builtin_interfaces/lib:${LD_LIBRARY_PATH} PYTHONPATH=/home/rassito/microros_ws/install/builtin_interfaces/lib/python3.12/site-packages:${PYTHONPATH} /usr/bin/cmake --build /home/rassito/microros_ws/build/complex_msgs -- -j16 -l16
[3.638s] Invoking command in '/home/rassito/microros_ws/build/complex_msgs': AMENT_PREFIX_PATH=/home/rassito/microros_ws/install/builtin_interfaces:${AMENT_PREFIX_PATH} CMAKE_PREFIX_PATH=/home/rassito/microros_ws/install/builtin_interfaces:/opt/ros/jazzy/opt/sdformat_vendor:/opt/ros/jazzy/opt/gz_math_vendor:/opt/ros/jazzy/opt/gz_utils_vendor:/opt/ros/jazzy/opt/gz_tools_vendor:/opt/ros/jazzy/opt/gz_cmake_vendor:/home/rassito/ros_ws/install/super_pkg:/opt/ros/jazzy DEBUGINFOD_URLS=https://debuginfod.ubuntu.com LD_LIBRARY_PATH=/home/rassito/microros_ws/install/builtin_interfaces/lib:${LD_LIBRARY_PATH} PYTHONPATH=/home/rassito/microros_ws/install/builtin_interfaces/lib/python3.12/site-packages:${PYTHONPATH} /usr/bin/cmake --install /home/rassito/microros_ws/build/complex_msgs
[3.648s] -- Install configuration: ""
[3.648s] -- Up-to-date: /home/rassito/microros_ws/install/complex_msgs/share/ament_index/resource_index/rosidl_interfaces/complex_msgs
[3.648s] -- Up-to-date: /home/rassito/microros_ws/install/complex_msgs/share/complex_msgs/msg/MultiStringTest.json
[3.648s] -- Up-to-date: /home/rassito/microros_ws/install/complex_msgs/share/complex_msgs/msg/NestedMsgTest.json
[3.649s] -- Up-to-date: /home/rassito/microros_ws/install/complex_msgs/include/complex_msgs/complex_msgs
[3.652s] -- Up-to-date: /home/rassito/microros_ws/install/complex_msgs/include/complex_msgs/complex_msgs/msg
[3.652s] -- Up-to-date: /home/rassito/microros_ws/install/complex_msgs/include/complex_msgs/complex_msgs/msg/multi_string_test.h
[3.652s] -- Up-to-date: /home/rassito/microros_ws/install/complex_msgs/include/complex_msgs/complex_msgs/msg/nested_msg_test.h
[3.652s] -- Up-to-date: /home/rassito/microros_ws/install/complex_msgs/include/complex_msgs/complex_msgs/msg/detail
[3.652s] -- Up-to-date: /home/rassito/microros_ws/install/complex_msgs/include/complex_msgs/complex_msgs/msg/detail/nested_msg_test__functions.h
[3.652s] -- Up-to-date: /home/rassito/microros_ws/install/complex_msgs/include/complex_msgs/complex_msgs/msg/detail/multi_string_test__struct.h
[3.652s] -- Up-to-date: /home/rassito/microros_ws/install/complex_msgs/include/complex_msgs/complex_msgs/msg/detail/multi_string_test__functions.h
[3.652s] -- Up-to-date: /home/rassito/microros_ws/install/complex_msgs/include/complex_msgs/complex_msgs/msg/detail/multi_string_test__functions.c
[3.652s] -- Up-to-date: /home/rassito/microros_ws/install/complex_msgs/include/complex_msgs/complex_msgs/msg/detail/nested_msg_test__functions.c
[3.652s] -- Up-to-date: /home/rassito/microros_ws/install/complex_msgs/include/complex_msgs/complex_msgs/msg/detail/nested_msg_test__description.c
[3.653s] -- Up-to-date: /home/rassito/microros_ws/install/complex_msgs/include/complex_msgs/complex_msgs/msg/detail/nested_msg_test__type_support.h
[3.653s] -- Up-to-date: /home/rassito/microros_ws/install/complex_msgs/include/complex_msgs/complex_msgs/msg/detail/multi_string_test__description.c
[3.653s] -- Installing: /home/rassito/microros_ws/install/complex_msgs/include/complex_msgs/complex_msgs/msg/detail/nested_msg_test__type_support.c
[3.653s] -- Up-to-date: /home/rassito/microros_ws/install/complex_msgs/include/complex_msgs/complex_msgs/msg/detail/multi_string_test__type_support.h
[3.653s] -- Installing: /home/rassito/microros_ws/install/complex_msgs/include/complex_msgs/complex_msgs/msg/detail/multi_string_test__type_support.c
[3.653s] -- Up-to-date: /home/rassito/microros_ws/install/complex_msgs/include/complex_msgs/complex_msgs/msg/detail/nested_msg_test__struct.h
[3.653s] -- Up-to-date: /home/rassito/microros_ws/install/complex_msgs/include/complex_msgs/complex_msgs/msg/rosidl_generator_c__visibility_control.h
[3.653s] -- Up-to-date: /home/rassito/microros_ws/install/complex_msgs/share/complex_msgs/environment/library_path.sh
[3.653s] -- Up-to-date: /home/rassito/microros_ws/install/complex_msgs/share/complex_msgs/environment/library_path.dsv
[3.653s] -- Up-to-date: /home/rassito/microros_ws/install/complex_msgs/lib/libcomplex_msgs__rosidl_generator_c.so
[3.653s] -- Up-to-date: /home/rassito/microros_ws/install/complex_msgs/include/complex_msgs/complex_msgs
[3.654s] -- Up-to-date: /home/rassito/microros_ws/install/complex_msgs/include/complex_msgs/complex_msgs/msg
[3.654s] -- Up-to-date: /home/rassito/microros_ws/install/complex_msgs/include/complex_msgs/complex_msgs/msg/rosidl_typesupport_fastrtps_c__visibility_control.h
[3.654s] -- Up-to-date: /home/rassito/microros_ws/install/complex_msgs/include/complex_msgs/complex_msgs/msg/detail
[3.655s] -- Up-to-date: /home/rassito/microros_ws/install/complex_msgs/include/complex_msgs/complex_msgs/msg/detail/multi_string_test__rosidl_typesupport_fastrtps_c.h
[3.657s] -- Up-to-date: /home/rassito/microros_ws/install/complex_msgs/include/complex_msgs/complex_msgs/msg/detail/nested_msg_test__rosidl_typesupport_fastrtps_c.h
[3.657s] -- Up-to-date: /home/rassito/microros_ws/install/complex_msgs/lib/libcomplex_msgs__rosidl_typesupport_fastrtps_c.so
[3.659s] -- Up-to-date: /home/rassito/microros_ws/install/complex_msgs/include/complex_msgs/complex_msgs
[3.659s] -- Up-to-date: /home/rassito/microros_ws/install/complex_msgs/include/complex_msgs/complex_msgs/msg
[3.659s] -- Up-to-date: /home/rassito/microros_ws/install/complex_msgs/include/complex_msgs/complex_msgs/msg/rosidl_generator_cpp__visibility_control.hpp
[3.659s] -- Up-to-date: /home/rassito/microros_ws/install/complex_msgs/include/complex_msgs/complex_msgs/msg/nested_msg_test.hpp
[3.659s] -- Up-to-date: /home/rassito/microros_ws/install/complex_msgs/include/complex_msgs/complex_msgs/msg/multi_string_test.hpp
[3.659s] -- Up-to-date: /home/rassito/microros_ws/install/complex_msgs/include/complex_msgs/complex_msgs/msg/detail
[3.660s] -- Up-to-date: /home/rassito/microros_ws/install/complex_msgs/include/complex_msgs/complex_msgs/msg/detail/nested_msg_test__struct.hpp
[3.660s] -- Up-to-date: /home/rassito/microros_ws/install/complex_msgs/include/complex_msgs/complex_msgs/msg/detail/nested_msg_test__traits.hpp
[3.660s] -- Up-to-date: /home/rassito/microros_ws/install/complex_msgs/include/complex_msgs/complex_msgs/msg/detail/multi_string_test__struct.hpp
[3.660s] -- Up-to-date: /home/rassito/microros_ws/install/complex_msgs/include/complex_msgs/complex_msgs/msg/detail/nested_msg_test__builder.hpp
[3.660s] -- Up-to-date: /home/rassito/microros_ws/install/complex_msgs/include/complex_msgs/complex_msgs/msg/detail/multi_string_test__type_support.hpp
[3.660s] -- Up-to-date: /home/rassito/microros_ws/install/complex_msgs/include/complex_msgs/complex_msgs/msg/detail/multi_string_test__builder.hpp
[3.660s] -- Up-to-date: /home/rassito/microros_ws/install/complex_msgs/include/complex_msgs/complex_msgs/msg/detail/multi_string_test__traits.hpp
[3.660s] -- Up-to-date: /home/rassito/microros_ws/install/complex_msgs/include/complex_msgs/complex_msgs/msg/detail/nested_msg_test__type_support.hpp
[3.660s] -- Up-to-date: /home/rassito/microros_ws/install/complex_msgs/include/complex_msgs/complex_msgs
[3.661s] -- Up-to-date: /home/rassito/microros_ws/install/complex_msgs/include/complex_msgs/complex_msgs/msg
[3.661s] -- Up-to-date: /home/rassito/microros_ws/install/complex_msgs/include/complex_msgs/complex_msgs/msg/rosidl_typesupport_fastrtps_cpp__visibility_control.h
[3.661s] -- Up-to-date: /home/rassito/microros_ws/install/complex_msgs/include/complex_msgs/complex_msgs/msg/detail
[3.661s] -- Up-to-date: /home/rassito/microros_ws/install/complex_msgs/include/complex_msgs/complex_msgs/msg/detail/nested_msg_test__rosidl_typesupport_fastrtps_cpp.hpp
[3.661s] -- Up-to-date: /home/rassito/microros_ws/install/complex_msgs/include/complex_msgs/complex_msgs/msg/detail/multi_string_test__rosidl_typesupport_fastrtps_cpp.hpp
[3.661s] -- Up-to-date: /home/rassito/microros_ws/install/complex_msgs/include/complex_msgs/complex_msgs/msg/detail/dds_fastrtps
[3.662s] -- Up-to-date: /home/rassito/microros_ws/install/complex_msgs/lib/libcomplex_msgs__rosidl_typesupport_fastrtps_cpp.so
[3.662s] -- Up-to-date: /home/rassito/microros_ws/install/complex_msgs/include/complex_msgs/complex_msgs
[3.662s] -- Up-to-date: /home/rassito/microros_ws/install/complex_msgs/include/complex_msgs/complex_msgs/msg
[3.662s] -- Up-to-date: /home/rassito/microros_ws/install/complex_msgs/include/complex_msgs/complex_msgs/msg/rosidl_typesupport_introspection_c__visibility_control.h
[3.662s] -- Up-to-date: /home/rassito/microros_ws/install/complex_msgs/include/complex_msgs/complex_msgs/msg/detail
[3.663s] -- Up-to-date: /home/rassito/microros_ws/install/complex_msgs/include/complex_msgs/complex_msgs/msg/detail/multi_string_test__rosidl_typesupport_introspection_c.h
[3.663s] -- Installing: /home/rassito/microros_ws/install/complex_msgs/include/complex_msgs/complex_msgs/msg/detail/nested_msg_test__type_support.c
[3.663s] -- Up-to-date: /home/rassito/microros_ws/install/complex_msgs/include/complex_msgs/complex_msgs/msg/detail/nested_msg_test__rosidl_typesupport_introspection_c.h
[3.663s] -- Installing: /home/rassito/microros_ws/install/complex_msgs/include/complex_msgs/complex_msgs/msg/detail/multi_string_test__type_support.c
[3.663s] -- Up-to-date: /home/rassito/microros_ws/install/complex_msgs/lib/libcomplex_msgs__rosidl_typesupport_introspection_c.so
[3.663s] -- Installing: /home/rassito/microros_ws/install/complex_msgs/lib/libcomplex_msgs__rosidl_typesupport_c.so
[3.663s] -- Set non-toolchain portion of runtime path of "/home/rassito/microros_ws/install/complex_msgs/lib/libcomplex_msgs__rosidl_typesupport_c.so" to ""
[3.663s] -- Up-to-date: /home/rassito/microros_ws/install/complex_msgs/include/complex_msgs/complex_msgs
[3.663s] -- Up-to-date: /home/rassito/microros_ws/install/complex_msgs/include/complex_msgs/complex_msgs/msg
[3.663s] -- Up-to-date: /home/rassito/microros_ws/install/complex_msgs/include/complex_msgs/complex_msgs/msg/detail
[3.664s] -- Up-to-date: /home/rassito/microros_ws/install/complex_msgs/include/complex_msgs/complex_msgs/msg/detail/nested_msg_test__rosidl_typesupport_introspection_cpp.hpp
[3.664s] -- Up-to-date: /home/rassito/microros_ws/install/complex_msgs/include/complex_msgs/complex_msgs/msg/detail/multi_string_test__type_support.cpp
[3.664s] -- Up-to-date: /home/rassito/microros_ws/install/complex_msgs/include/complex_msgs/complex_msgs/msg/detail/multi_string_test__rosidl_typesupport_introspection_cpp.hpp
[3.664s] -- Up-to-date: /home/rassito/microros_ws/install/complex_msgs/include/complex_msgs/complex_msgs/msg/detail/nested_msg_test__type_support.cpp
[3.665s] -- Up-to-date: /home/rassito/microros_ws/install/complex_msgs/lib/libcomplex_msgs__rosidl_typesupport_introspection_cpp.so
[3.666s] -- Installing: /home/rassito/microros_ws/install/complex_msgs/lib/libcomplex_msgs__rosidl_typesupport_cpp.so
[3.666s] -- Set non-toolchain portion of runtime path of "/home/rassito/microros_ws/install/complex_msgs/lib/libcomplex_msgs__rosidl_typesupport_cpp.so" to ""
[3.666s] -- Up-to-date: /home/rassito/microros_ws/install/complex_msgs/share/complex_msgs/environment/pythonpath.sh
[3.667s] -- Up-to-date: /home/rassito/microros_ws/install/complex_msgs/share/complex_msgs/environment/pythonpath.dsv
[3.667s] -- Up-to-date: /home/rassito/microros_ws/install/complex_msgs/lib/python3.12/site-packages/complex_msgs-5.0.1-py3.12.egg-info
[3.668s] -- Installing: /home/rassito/microros_ws/install/complex_msgs/lib/python3.12/site-packages/complex_msgs-5.0.1-py3.12.egg-info/top_level.txt
[3.668s] -- Installing: /home/rassito/microros_ws/install/complex_msgs/lib/python3.12/site-packages/complex_msgs-5.0.1-py3.12.egg-info/PKG-INFO
[3.669s] -- Installing: /home/rassito/microros_ws/install/complex_msgs/lib/python3.12/site-packages/complex_msgs-5.0.1-py3.12.egg-info/dependency_links.txt
[3.669s] -- Installing: /home/rassito/microros_ws/install/complex_msgs/lib/python3.12/site-packages/complex_msgs-5.0.1-py3.12.egg-info/SOURCES.txt
[3.669s] -- Up-to-date: /home/rassito/microros_ws/install/complex_msgs/lib/python3.12/site-packages/complex_msgs
[3.669s] -- Installing: /home/rassito/microros_ws/install/complex_msgs/lib/python3.12/site-packages/complex_msgs/_complex_msgs_s.ep.rosidl_typesupport_introspection_c.c
[3.669s] -- Installing: /home/rassito/microros_ws/install/complex_msgs/lib/python3.12/site-packages/complex_msgs/complex_msgs_s__rosidl_typesupport_c.so
[3.669s] -- Installing: /home/rassito/microros_ws/install/complex_msgs/lib/python3.12/site-packages/complex_msgs/complex_msgs_s__rosidl_typesupport_fastrtps_c.so
[3.669s] -- Up-to-date: /home/rassito/microros_ws/install/complex_msgs/lib/python3.12/site-packages/complex_msgs/_complex_msgs_s.ep.rosidl_typesupport_fastrtps_c.c
[3.669s] -- Installing: /home/rassito/microros_ws/install/complex_msgs/lib/python3.12/site-packages/complex_msgs/_complex_msgs_s.ep.rosidl_typesupport_c.c
[3.669s] -- Up-to-date: /home/rassito/microros_ws/install/complex_msgs/lib/python3.12/site-packages/complex_msgs/complex_msgs_s__rosidl_typesupport_microxrcedds_c.so
[3.669s] -- Up-to-date: /home/rassito/microros_ws/install/complex_msgs/lib/python3.12/site-packages/complex_msgs/_complex_msgs_s.ep.rosidl_typesupport_microxrcedds_c.c
[3.669s] -- Installing: /home/rassito/microros_ws/install/complex_msgs/lib/python3.12/site-packages/complex_msgs/complex_msgs_s__rosidl_typesupport_introspection_c.so
[3.670s] -- Up-to-date: /home/rassito/microros_ws/install/complex_msgs/lib/python3.12/site-packages/complex_msgs/msg
[3.670s] -- Up-to-date: /home/rassito/microros_ws/install/complex_msgs/lib/python3.12/site-packages/complex_msgs/msg/_multi_string_test.py
[3.670s] -- Up-to-date: /home/rassito/microros_ws/install/complex_msgs/lib/python3.12/site-packages/complex_msgs/msg/_multi_string_test_s.c
[3.670s] -- Up-to-date: /home/rassito/microros_ws/install/complex_msgs/lib/python3.12/site-packages/complex_msgs/msg/_nested_msg_test.py
[3.670s] -- Up-to-date: /home/rassito/microros_ws/install/complex_msgs/lib/python3.12/site-packages/complex_msgs/msg/_nested_msg_test_s.c
[3.670s] -- Up-to-date: /home/rassito/microros_ws/install/complex_msgs/lib/python3.12/site-packages/complex_msgs/msg/__init__.py
[3.670s] -- Installing: /home/rassito/microros_ws/install/complex_msgs/lib/python3.12/site-packages/complex_msgs/__init__.py
[3.717s] Listing '/home/rassito/microros_ws/install/complex_msgs/lib/python3.12/site-packages/complex_msgs'...
[3.717s] Compiling '/home/rassito/microros_ws/install/complex_msgs/lib/python3.12/site-packages/complex_msgs/__init__.py'...
[3.717s] Listing '/home/rassito/microros_ws/install/complex_msgs/lib/python3.12/site-packages/complex_msgs/msg'...
[3.725s] -- Installing: /home/rassito/microros_ws/install/complex_msgs/lib/python3.12/site-packages/complex_msgs/complex_msgs_s__rosidl_typesupport_fastrtps_c.so
[3.725s] -- Set non-toolchain portion of runtime path of "/home/rassito/microros_ws/install/complex_msgs/lib/python3.12/site-packages/complex_msgs/complex_msgs_s__rosidl_typesupport_fastrtps_c.so" to ""
[3.725s] -- Installing: /home/rassito/microros_ws/install/complex_msgs/lib/python3.12/site-packages/complex_msgs/complex_msgs_s__rosidl_typesupport_introspection_c.so
[3.725s] -- Set non-toolchain portion of runtime path of "/home/rassito/microros_ws/install/complex_msgs/lib/python3.12/site-packages/complex_msgs/complex_msgs_s__rosidl_typesupport_introspection_c.so" to ""
[3.725s] -- Installing: /home/rassito/microros_ws/install/complex_msgs/lib/python3.12/site-packages/complex_msgs/complex_msgs_s__rosidl_typesupport_c.so
[3.725s] -- Set non-toolchain portion of runtime path of "/home/rassito/microros_ws/install/complex_msgs/lib/python3.12/site-packages/complex_msgs/complex_msgs_s__rosidl_typesupport_c.so" to ""
[3.726s] -- Installing: /home/rassito/microros_ws/install/complex_msgs/lib/libcomplex_msgs__rosidl_generator_py.so
[3.726s] -- Set non-toolchain portion of runtime path of "/home/rassito/microros_ws/install/complex_msgs/lib/libcomplex_msgs__rosidl_generator_py.so" to ""
[3.726s] -- Up-to-date: /home/rassito/microros_ws/install/complex_msgs/share/complex_msgs/msg/MultiStringTest.idl
[3.726s] -- Up-to-date: /home/rassito/microros_ws/install/complex_msgs/share/complex_msgs/msg/NestedMsgTest.idl
[3.726s] -- Up-to-date: /home/rassito/microros_ws/install/complex_msgs/share/complex_msgs/msg/MultiStringTest.msg
[3.726s] -- Up-to-date: /home/rassito/microros_ws/install/complex_msgs/share/complex_msgs/msg/NestedMsgTest.msg
[3.727s] -- Up-to-date: /home/rassito/microros_ws/install/complex_msgs/share/ament_index/resource_index/package_run_dependencies/complex_msgs
[3.727s] -- Installing: /home/rassito/microros_ws/install/complex_msgs/share/ament_index/resource_index/parent_prefix_path/complex_msgs
[3.727s] -- Up-to-date: /home/rassito/microros_ws/install/complex_msgs/share/complex_msgs/environment/ament_prefix_path.sh
[3.727s] -- Up-to-date: /home/rassito/microros_ws/install/complex_msgs/share/complex_msgs/environment/ament_prefix_path.dsv
[3.727s] -- Up-to-date: /home/rassito/microros_ws/install/complex_msgs/share/complex_msgs/environment/path.sh
[3.727s] -- Up-to-date: /home/rassito/microros_ws/install/complex_msgs/share/complex_msgs/environment/path.dsv
[3.727s] -- Up-to-date: /home/rassito/microros_ws/install/complex_msgs/share/complex_msgs/local_setup.bash
[3.727s] -- Up-to-date: /home/rassito/microros_ws/install/complex_msgs/share/complex_msgs/local_setup.sh
[3.727s] -- Up-to-date: /home/rassito/microros_ws/install/complex_msgs/share/complex_msgs/local_setup.zsh
[3.727s] -- Up-to-date: /home/rassito/microros_ws/install/complex_msgs/share/complex_msgs/local_setup.dsv
[3.728s] -- Installing: /home/rassito/microros_ws/install/complex_msgs/share/complex_msgs/package.dsv
[3.728s] -- Up-to-date: /home/rassito/microros_ws/install/complex_msgs/share/ament_index/resource_index/packages/complex_msgs
[3.728s] -- Up-to-date: /home/rassito/microros_ws/install/complex_msgs/share/complex_msgs/cmake/export_complex_msgs__rosidl_generator_cExport.cmake
[3.728s] -- Up-to-date: /home/rassito/microros_ws/install/complex_msgs/share/complex_msgs/cmake/export_complex_msgs__rosidl_generator_cExport-noconfig.cmake
[3.728s] -- Up-to-date: /home/rassito/microros_ws/install/complex_msgs/share/complex_msgs/cmake/export_complex_msgs__rosidl_typesupport_fastrtps_cExport.cmake
[3.728s] -- Up-to-date: /home/rassito/microros_ws/install/complex_msgs/share/complex_msgs/cmake/export_complex_msgs__rosidl_typesupport_fastrtps_cExport-noconfig.cmake
[3.728s] -- Up-to-date: /home/rassito/microros_ws/install/complex_msgs/share/complex_msgs/cmake/export_complex_msgs__rosidl_generator_cppExport.cmake
[3.728s] -- Up-to-date: /home/rassito/microros_ws/install/complex_msgs/share/complex_msgs/cmake/export_complex_msgs__rosidl_typesupport_fastrtps_cppExport.cmake
[3.729s] -- Up-to-date: /home/rassito/microros_ws/install/complex_msgs/share/complex_msgs/cmake/export_complex_msgs__rosidl_typesupport_fastrtps_cppExport-noconfig.cmake
[3.729s] -- Up-to-date: /home/rassito/microros_ws/install/complex_msgs/share/complex_msgs/cmake/complex_msgs__rosidl_typesupport_introspection_cExport.cmake
[3.729s] -- Up-to-date: /home/rassito/microros_ws/install/complex_msgs/share/complex_msgs/cmake/complex_msgs__rosidl_typesupport_introspection_cExport-noconfig.cmake
[3.729s] -- Up-to-date: /home/rassito/microros_ws/install/complex_msgs/share/complex_msgs/cmake/complex_msgs__rosidl_typesupport_cExport.cmake
[3.729s] -- Up-to-date: /home/rassito/microros_ws/install/complex_msgs/share/complex_msgs/cmake/complex_msgs__rosidl_typesupport_cExport-noconfig.cmake
[3.729s] -- Up-to-date: /home/rassito/microros_ws/install/complex_msgs/share/complex_msgs/cmake/complex_msgs__rosidl_typesupport_introspection_cppExport.cmake
[3.729s] -- Up-to-date: /home/rassito/microros_ws/install/complex_msgs/share/complex_msgs/cmake/complex_msgs__rosidl_typesupport_introspection_cppExport-noconfig.cmake
[3.729s] -- Up-to-date: /home/rassito/microros_ws/install/complex_msgs/share/complex_msgs/cmake/complex_msgs__rosidl_typesupport_cppExport.cmake
[3.729s] -- Up-to-date: /home/rassito/microros_ws/install/complex_msgs/share/complex_msgs/cmake/complex_msgs__rosidl_typesupport_cppExport-noconfig.cmake
[3.730s] -- Up-to-date: /home/rassito/microros_ws/install/complex_msgs/share/complex_msgs/cmake/export_complex_msgs__rosidl_generator_pyExport.cmake
[3.730s] -- Up-to-date: /home/rassito/microros_ws/install/complex_msgs/share/complex_msgs/cmake/export_complex_msgs__rosidl_generator_pyExport-noconfig.cmake
[3.730s] -- Up-to-date: /home/rassito/microros_ws/install/complex_msgs/share/complex_msgs/cmake/rosidl_cmake-extras.cmake
[3.730s] -- Up-to-date: /home/rassito/microros_ws/install/complex_msgs/share/complex_msgs/cmake/ament_cmake_export_dependencies-extras.cmake
[3.730s] -- Installing: /home/rassito/microros_ws/install/complex_msgs/share/complex_msgs/cmake/ament_cmake_export_include_directories-extras.cmake
[3.730s] -- Up-to-date: /home/rassito/microros_ws/install/complex_msgs/share/complex_msgs/cmake/ament_cmake_export_libraries-extras.cmake
[3.730s] -- Up-to-date: /home/rassito/microros_ws/install/complex_msgs/share/complex_msgs/cmake/ament_cmake_export_targets-extras.cmake
[3.730s] -- Up-to-date: /home/rassito/microros_ws/install/complex_msgs/share/complex_msgs/cmake/rosidl_cmake_export_typesupport_targets-extras.cmake
[3.730s] -- Installing: /home/rassito/microros_ws/install/complex_msgs/share/complex_msgs/cmake/rosidl_cmake_export_typesupport_libraries-extras.cmake
[3.731s] -- Up-to-date: /home/rassito/microros_ws/install/complex_msgs/share/complex_msgs/cmake/complex_msgsConfig.cmake
[3.731s] -- Up-to-date: /home/rassito/microros_ws/install/complex_msgs/share/complex_msgs/cmake/complex_msgsConfig-version.cmake
[3.731s] -- Up-to-date: /home/rassito/microros_ws/install/complex_msgs/share/complex_msgs/package.xml
[3.733s] Invoked command in '/home/rassito/microros_ws/build/complex_msgs' returned '0': AMENT_PREFIX_PATH=/home/rassito/microros_ws/install/builtin_interfaces:${AMENT_PREFIX_PATH} CMAKE_PREFIX_PATH=/home/rassito/microros_ws/install/builtin_interfaces:/opt/ros/jazzy/opt/sdformat_vendor:/opt/ros/jazzy/opt/gz_math_vendor:/opt/ros/jazzy/opt/gz_utils_vendor:/opt/ros/jazzy/opt/gz_tools_vendor:/opt/ros/jazzy/opt/gz_cmake_vendor:/home/rassito/ros_ws/install/super_pkg:/opt/ros/jazzy DEBUGINFOD_URLS=https://debuginfod.ubuntu.com LD_LIBRARY_PATH=/home/rassito/microros_ws/install/builtin_interfaces/lib:${LD_LIBRARY_PATH} PYTHONPATH=/home/rassito/microros_ws/install/builtin_interfaces/lib/python3.12/site-packages:${PYTHONPATH} /usr/bin/cmake --install /home/rassito/microros_ws/build/complex_msgs
