[0.479s] Invoking command in '/home/rassito/Documents/ros_projects/Bionic-Hand/src/my_package': DEBUGINFOD_URLS=https://debuginfod.ubuntu.com PYTHONPATH=/home/rassito/Documents/ros_projects/Bionic-Hand/src/build/my_package/prefix_override:/usr/lib/python3/dist-packages/colcon_core/task/python/colcon_distutils_commands:/home/rassito/Documents/ros_projects/Bionic-Hand/src/install/my_package/lib/python3.12/site-packages:${PYTHONPATH} /usr/bin/python3 -W ignore:setup.py install is deprecated -W ignore:easy_install command is deprecated setup.py egg_info --egg-base ../build/my_package build --build-base /home/rassito/Documents/ros_projects/Bionic-Hand/src/build/my_package/build install --record /home/rassito/Documents/ros_projects/Bionic-Hand/src/build/my_package/install.log --single-version-externally-managed install_data
[0.640s] running egg_info
[0.641s] creating ../build/my_package/my_package.egg-info
[0.652s] writing ../build/my_package/my_package.egg-info/PKG-INFO
[0.652s] writing dependency_links to ../build/my_package/my_package.egg-info/dependency_links.txt
[0.652s] writing entry points to ../build/my_package/my_package.egg-info/entry_points.txt
[0.652s] writing requirements to ../build/my_package/my_package.egg-info/requires.txt
[0.652s] writing top-level names to ../build/my_package/my_package.egg-info/top_level.txt
[0.652s] writing manifest file '../build/my_package/my_package.egg-info/SOURCES.txt'
[0.675s] reading manifest file '../build/my_package/my_package.egg-info/SOURCES.txt'
[0.675s] adding license file 'LICENSE'
[0.676s] writing manifest file '../build/my_package/my_package.egg-info/SOURCES.txt'
[0.676s] running build
[0.676s] running build_py
[0.676s] creating /home/rassito/Documents/ros_projects/Bionic-Hand/src/build/my_package/build
[0.676s] creating /home/rassito/Documents/ros_projects/Bionic-Hand/src/build/my_package/build/lib
[0.676s] creating /home/rassito/Documents/ros_projects/Bionic-Hand/src/build/my_package/build/lib/my_package
[0.676s] copying my_package/hand_driver.py -> /home/rassito/Documents/ros_projects/Bionic-Hand/src/build/my_package/build/lib/my_package
[0.676s] copying my_package/__init__.py -> /home/rassito/Documents/ros_projects/Bionic-Hand/src/build/my_package/build/lib/my_package
[0.676s] running install
[0.680s] running install_lib
[0.692s] creating /home/rassito/Documents/ros_projects/Bionic-Hand/src/install/my_package/lib/python3.12/site-packages/my_package
[0.692s] copying /home/rassito/Documents/ros_projects/Bionic-Hand/src/build/my_package/build/lib/my_package/hand_driver.py -> /home/rassito/Documents/ros_projects/Bionic-Hand/src/install/my_package/lib/python3.12/site-packages/my_package
[0.692s] copying /home/rassito/Documents/ros_projects/Bionic-Hand/src/build/my_package/build/lib/my_package/__init__.py -> /home/rassito/Documents/ros_projects/Bionic-Hand/src/install/my_package/lib/python3.12/site-packages/my_package
[0.692s] byte-compiling /home/rassito/Documents/ros_projects/Bionic-Hand/src/install/my_package/lib/python3.12/site-packages/my_package/hand_driver.py to hand_driver.cpython-312.pyc
[0.693s] byte-compiling /home/rassito/Documents/ros_projects/Bionic-Hand/src/install/my_package/lib/python3.12/site-packages/my_package/__init__.py to __init__.cpython-312.pyc
[0.693s] running install_data
[0.693s] creating /home/rassito/Documents/ros_projects/Bionic-Hand/src/install/my_package/share/ament_index
[0.693s] creating /home/rassito/Documents/ros_projects/Bionic-Hand/src/install/my_package/share/ament_index/resource_index
[0.693s] creating /home/rassito/Documents/ros_projects/Bionic-Hand/src/install/my_package/share/ament_index/resource_index/packages
[0.693s] copying resource/my_package -> /home/rassito/Documents/ros_projects/Bionic-Hand/src/install/my_package/share/ament_index/resource_index/packages
[0.693s] creating /home/rassito/Documents/ros_projects/Bionic-Hand/src/install/my_package/share/my_package/launch
[0.693s] copying launch/robot_launch.py -> /home/rassito/Documents/ros_projects/Bionic-Hand/src/install/my_package/share/my_package/launch
[0.693s] creating /home/rassito/Documents/ros_projects/Bionic-Hand/src/install/my_package/share/my_package/worlds
[0.693s] copying worlds/Bionic-Hand.wbt -> /home/rassito/Documents/ros_projects/Bionic-Hand/src/install/my_package/share/my_package/worlds
[0.693s] creating /home/rassito/Documents/ros_projects/Bionic-Hand/src/install/my_package/share/my_package/resource
[0.693s] copying resource/my_robot.urdf -> /home/rassito/Documents/ros_projects/Bionic-Hand/src/install/my_package/share/my_package/resource
[0.693s] copying package.xml -> /home/rassito/Documents/ros_projects/Bionic-Hand/src/install/my_package/share/my_package
[0.693s] running install_egg_info
[0.706s] Copying ../build/my_package/my_package.egg-info to /home/rassito/Documents/ros_projects/Bionic-Hand/src/install/my_package/lib/python3.12/site-packages/my_package-0.0.0-py3.12.egg-info
[0.706s] running install_scripts
[0.785s] Installing hand_driver script to /home/rassito/Documents/ros_projects/Bionic-Hand/src/install/my_package/lib/my_package
[0.785s] writing list of installed files to '/home/rassito/Documents/ros_projects/Bionic-Hand/src/build/my_package/install.log'
[0.801s] Invoked command in '/home/rassito/Documents/ros_projects/Bionic-Hand/src/my_package' returned '0': DEBUGINFOD_URLS=https://debuginfod.ubuntu.com PYTHONPATH=/home/rassito/Documents/ros_projects/Bionic-Hand/src/build/my_package/prefix_override:/usr/lib/python3/dist-packages/colcon_core/task/python/colcon_distutils_commands:/home/rassito/Documents/ros_projects/Bionic-Hand/src/install/my_package/lib/python3.12/site-packages:${PYTHONPATH} /usr/bin/python3 -W ignore:setup.py install is deprecated -W ignore:easy_install command is deprecated setup.py egg_info --egg-base ../build/my_package build --build-base /home/rassito/Documents/ros_projects/Bionic-Hand/src/build/my_package/build install --record /home/rassito/Documents/ros_projects/Bionic-Hand/src/build/my_package/install.log --single-version-externally-managed install_data
