[0.598s] Invoking command in '/home/rassito/Documents/ros_projects/Bionic-Hand/src/my_package': DEBUGINFOD_URLS=https://debuginfod.ubuntu.com PYTHONPATH=/home/rassito/Documents/ros_projects/Bionic-Hand/src/my_package/build/my_package/prefix_override:/usr/lib/python3/dist-packages/colcon_core/task/python/colcon_distutils_commands:/home/rassito/Documents/ros_projects/Bionic-Hand/src/my_package/install/my_package/lib/python3.12/site-packages:${PYTHONPATH} /usr/bin/python3 -W ignore:setup.py install is deprecated -W ignore:easy_install command is deprecated setup.py egg_info --egg-base build/my_package build --build-base /home/rassito/Documents/ros_projects/Bionic-Hand/src/my_package/build/my_package/build install --record /home/rassito/Documents/ros_projects/Bionic-Hand/src/my_package/build/my_package/install.log --single-version-externally-managed install_data
[0.763s] running egg_info
[0.763s] creating build/my_package/my_package.egg-info
[0.774s] writing build/my_package/my_package.egg-info/PKG-INFO
[0.774s] writing dependency_links to build/my_package/my_package.egg-info/dependency_links.txt
[0.774s] writing requirements to build/my_package/my_package.egg-info/requires.txt
[0.774s] writing top-level names to build/my_package/my_package.egg-info/top_level.txt
[0.774s] writing manifest file 'build/my_package/my_package.egg-info/SOURCES.txt'
[0.798s] reading manifest file 'build/my_package/my_package.egg-info/SOURCES.txt'
[0.798s] adding license file 'LICENSE'
[0.798s] writing manifest file 'build/my_package/my_package.egg-info/SOURCES.txt'
[0.798s] running build
[0.798s] running build_py
[0.798s] creating /home/rassito/Documents/ros_projects/Bionic-Hand/src/my_package/build/my_package/build
[0.798s] creating /home/rassito/Documents/ros_projects/Bionic-Hand/src/my_package/build/my_package/build/lib
[0.798s] creating /home/rassito/Documents/ros_projects/Bionic-Hand/src/my_package/build/my_package/build/lib/my_package
[0.798s] copying my_package/hand_driver.py -> /home/rassito/Documents/ros_projects/Bionic-Hand/src/my_package/build/my_package/build/lib/my_package
[0.798s] copying my_package/__init__.py -> /home/rassito/Documents/ros_projects/Bionic-Hand/src/my_package/build/my_package/build/lib/my_package
[0.798s] running install
[0.803s] running install_lib
[0.815s] creating /home/rassito/Documents/ros_projects/Bionic-Hand/src/my_package/install/my_package/lib/python3.12/site-packages/my_package
[0.815s] copying /home/rassito/Documents/ros_projects/Bionic-Hand/src/my_package/build/my_package/build/lib/my_package/hand_driver.py -> /home/rassito/Documents/ros_projects/Bionic-Hand/src/my_package/install/my_package/lib/python3.12/site-packages/my_package
[0.815s] copying /home/rassito/Documents/ros_projects/Bionic-Hand/src/my_package/build/my_package/build/lib/my_package/__init__.py -> /home/rassito/Documents/ros_projects/Bionic-Hand/src/my_package/install/my_package/lib/python3.12/site-packages/my_package
[0.815s] byte-compiling /home/rassito/Documents/ros_projects/Bionic-Hand/src/my_package/install/my_package/lib/python3.12/site-packages/my_package/hand_driver.py to hand_driver.cpython-312.pyc
[0.815s] byte-compiling /home/rassito/Documents/ros_projects/Bionic-Hand/src/my_package/install/my_package/lib/python3.12/site-packages/my_package/__init__.py to __init__.cpython-312.pyc
[0.816s] running install_data
[0.816s] creating /home/rassito/Documents/ros_projects/Bionic-Hand/src/my_package/install/my_package/share/ament_index
[0.816s] creating /home/rassito/Documents/ros_projects/Bionic-Hand/src/my_package/install/my_package/share/ament_index/resource_index
[0.816s] creating /home/rassito/Documents/ros_projects/Bionic-Hand/src/my_package/install/my_package/share/ament_index/resource_index/packages
[0.816s] copying resource/my_package -> /home/rassito/Documents/ros_projects/Bionic-Hand/src/my_package/install/my_package/share/ament_index/resource_index/packages
[0.816s] creating /home/rassito/Documents/ros_projects/Bionic-Hand/src/my_package/install/my_package/share/my_package/launch
[0.816s] copying launch/robot_launch.py -> /home/rassito/Documents/ros_projects/Bionic-Hand/src/my_package/install/my_package/share/my_package/launch
[0.816s] creating /home/rassito/Documents/ros_projects/Bionic-Hand/src/my_package/install/my_package/share/my_package/worlds
[0.816s] copying worlds/Bionic-Hand.wbt -> /home/rassito/Documents/ros_projects/Bionic-Hand/src/my_package/install/my_package/share/my_package/worlds
[0.816s] creating /home/rassito/Documents/ros_projects/Bionic-Hand/src/my_package/install/my_package/share/my_package/resource
[0.816s] copying resource/my_robot.urdf -> /home/rassito/Documents/ros_projects/Bionic-Hand/src/my_package/install/my_package/share/my_package/resource
[0.816s] copying package.xml -> /home/rassito/Documents/ros_projects/Bionic-Hand/src/my_package/install/my_package/share/my_package
[0.816s] running install_egg_info
[0.829s] Copying build/my_package/my_package.egg-info to /home/rassito/Documents/ros_projects/Bionic-Hand/src/my_package/install/my_package/lib/python3.12/site-packages/my_package-0.0.0-py3.12.egg-info
[0.829s] running install_scripts
[0.908s] writing list of installed files to '/home/rassito/Documents/ros_projects/Bionic-Hand/src/my_package/build/my_package/install.log'
[0.924s] Invoked command in '/home/rassito/Documents/ros_projects/Bionic-Hand/src/my_package' returned '0': DEBUGINFOD_URLS=https://debuginfod.ubuntu.com PYTHONPATH=/home/rassito/Documents/ros_projects/Bionic-Hand/src/my_package/build/my_package/prefix_override:/usr/lib/python3/dist-packages/colcon_core/task/python/colcon_distutils_commands:/home/rassito/Documents/ros_projects/Bionic-Hand/src/my_package/install/my_package/lib/python3.12/site-packages:${PYTHONPATH} /usr/bin/python3 -W ignore:setup.py install is deprecated -W ignore:easy_install command is deprecated setup.py egg_info --egg-base build/my_package build --build-base /home/rassito/Documents/ros_projects/Bionic-Hand/src/my_package/build/my_package/build install --record /home/rassito/Documents/ros_projects/Bionic-Hand/src/my_package/build/my_package/install.log --single-version-externally-managed install_data
