[0.047s] Invoking command in '/home/rassito/microros_ws/build/builtin_interfaces': CMAKE_PREFIX_PATH=${CMAKE_PREFIX_PATH}:/home/rassito/microros_ws/install/sensor_msgs_py:/home/rassito/ros_ws/install/super_pkg:/opt/ros/jazzy DEBUGINFOD_URLS=https://debuginfod.ubuntu.com /usr/bin/cmake --build /home/rassito/microros_ws/build/builtin_interfaces -- -j16 -l16
[0.089s] [  1%] Built target builtin_interfaces__rosidl_generator_type_description
[0.105s] [  1%] Built target ament_cmake_python_copy_builtin_interfaces
[0.119s] [ 16%] Built target builtin_interfaces__rosidl_generator_c
[0.119s] [ 18%] Built target builtin_interfaces__cpp
[0.177s] [ 25%] Built target builtin_interfaces__rosidl_typesupport_microxrcedds_c
[0.178s] [ 33%] Built target builtin_interfaces__rosidl_typesupport_fastrtps_c
[0.184s] [ 40%] Built target builtin_interfaces__rosidl_typesupport_introspection_c
[0.184s] [ 48%] Built target builtin_interfaces__rosidl_typesupport_c
[0.213s] [ 55%] Built target builtin_interfaces__rosidl_typesupport_microxrcedds_cpp
[0.215s] [ 62%] Built target builtin_interfaces__rosidl_typesupport_cpp
[0.245s] [ 70%] Built target builtin_interfaces__rosidl_typesupport_introspection_cpp
[0.250s] [ 77%] Built target builtin_interfaces__rosidl_typesupport_fastrtps_cpp
[0.290s] [ 77%] Built target builtin_interfaces
[0.316s] [ 79%] Built target builtin_interfaces__py
[0.339s] [ 85%] Built target builtin_interfaces__rosidl_generator_py
[0.388s] [ 88%] Built target builtin_interfaces_s__rosidl_typesupport_fastrtps_c
[0.405s] [ 92%] Built target builtin_interfaces_s__rosidl_typesupport_c
[0.410s] [ 96%] Built target builtin_interfaces_s__rosidl_typesupport_introspection_c
[0.411s] [100%] Built target builtin_interfaces_s__rosidl_typesupport_microxrcedds_c
[0.412s] running egg_info
[0.432s] writing builtin_interfaces.egg-info/PKG-INFO
[0.432s] writing dependency_links to builtin_interfaces.egg-info/dependency_links.txt
[0.432s] writing top-level names to builtin_interfaces.egg-info/top_level.txt
[0.478s] reading manifest file 'builtin_interfaces.egg-info/SOURCES.txt'
[0.478s] writing manifest file 'builtin_interfaces.egg-info/SOURCES.txt'
[0.499s] [100%] Built target ament_cmake_python_build_builtin_interfaces_egg
[0.510s] Invoked command in '/home/rassito/microros_ws/build/builtin_interfaces' returned '0': CMAKE_PREFIX_PATH=${CMAKE_PREFIX_PATH}:/home/rassito/microros_ws/install/sensor_msgs_py:/home/rassito/ros_ws/install/super_pkg:/opt/ros/jazzy DEBUGINFOD_URLS=https://debuginfod.ubuntu.com /usr/bin/cmake --build /home/rassito/microros_ws/build/builtin_interfaces -- -j16 -l16
[0.511s] Invoking command in '/home/rassito/microros_ws/build/builtin_interfaces': CMAKE_PREFIX_PATH=${CMAKE_PREFIX_PATH}:/home/rassito/microros_ws/install/sensor_msgs_py:/home/rassito/ros_ws/install/super_pkg:/opt/ros/jazzy DEBUGINFOD_URLS=https://debuginfod.ubuntu.com /usr/bin/cmake --install /home/rassito/microros_ws/build/builtin_interfaces
[0.517s] -- Install configuration: ""
[0.517s] -- Up-to-date: /home/rassito/microros_ws/install/builtin_interfaces/share/ament_index/resource_index/rosidl_interfaces/builtin_interfaces
[0.517s] -- Up-to-date: /home/rassito/microros_ws/install/builtin_interfaces/share/builtin_interfaces/msg/Duration.json
[0.517s] -- Up-to-date: /home/rassito/microros_ws/install/builtin_interfaces/share/builtin_interfaces/msg/Time.json
[0.518s] -- Up-to-date: /home/rassito/microros_ws/install/builtin_interfaces/include/builtin_interfaces/builtin_interfaces
[0.518s] -- Up-to-date: /home/rassito/microros_ws/install/builtin_interfaces/include/builtin_interfaces/builtin_interfaces/msg
[0.518s] -- Up-to-date: /home/rassito/microros_ws/install/builtin_interfaces/include/builtin_interfaces/builtin_interfaces/msg/time.h
[0.518s] -- Up-to-date: /home/rassito/microros_ws/install/builtin_interfaces/include/builtin_interfaces/builtin_interfaces/msg/detail
[0.518s] -- Up-to-date: /home/rassito/microros_ws/install/builtin_interfaces/include/builtin_interfaces/builtin_interfaces/msg/detail/duration__functions.c
[0.518s] -- Up-to-date: /home/rassito/microros_ws/install/builtin_interfaces/include/builtin_interfaces/builtin_interfaces/msg/detail/time__functions.h
[0.518s] -- Up-to-date: /home/rassito/microros_ws/install/builtin_interfaces/include/builtin_interfaces/builtin_interfaces/msg/detail/time__type_support.c
[0.518s] -- Up-to-date: /home/rassito/microros_ws/install/builtin_interfaces/include/builtin_interfaces/builtin_interfaces/msg/detail/duration__description.c
[0.518s] -- Up-to-date: /home/rassito/microros_ws/install/builtin_interfaces/include/builtin_interfaces/builtin_interfaces/msg/detail/duration__type_support.h
[0.518s] -- Up-to-date: /home/rassito/microros_ws/install/builtin_interfaces/include/builtin_interfaces/builtin_interfaces/msg/detail/time__functions.c
[0.518s] -- Up-to-date: /home/rassito/microros_ws/install/builtin_interfaces/include/builtin_interfaces/builtin_interfaces/msg/detail/time__description.c
[0.518s] -- Up-to-date: /home/rassito/microros_ws/install/builtin_interfaces/include/builtin_interfaces/builtin_interfaces/msg/detail/duration__functions.h
[0.518s] -- Up-to-date: /home/rassito/microros_ws/install/builtin_interfaces/include/builtin_interfaces/builtin_interfaces/msg/detail/duration__struct.h
[0.518s] -- Up-to-date: /home/rassito/microros_ws/install/builtin_interfaces/include/builtin_interfaces/builtin_interfaces/msg/detail/time__struct.h
[0.518s] -- Up-to-date: /home/rassito/microros_ws/install/builtin_interfaces/include/builtin_interfaces/builtin_interfaces/msg/detail/time__type_support.h
[0.518s] -- Up-to-date: /home/rassito/microros_ws/install/builtin_interfaces/include/builtin_interfaces/builtin_interfaces/msg/detail/duration__type_support.c
[0.518s] -- Up-to-date: /home/rassito/microros_ws/install/builtin_interfaces/include/builtin_interfaces/builtin_interfaces/msg/duration.h
[0.518s] -- Up-to-date: /home/rassito/microros_ws/install/builtin_interfaces/include/builtin_interfaces/builtin_interfaces/msg/rosidl_generator_c__visibility_control.h
[0.518s] -- Up-to-date: /home/rassito/microros_ws/install/builtin_interfaces/share/builtin_interfaces/environment/library_path.sh
[0.519s] -- Up-to-date: /home/rassito/microros_ws/install/builtin_interfaces/share/builtin_interfaces/environment/library_path.dsv
[0.519s] -- Up-to-date: /home/rassito/microros_ws/install/builtin_interfaces/lib/libbuiltin_interfaces__rosidl_generator_c.so
[0.519s] -- Up-to-date: /home/rassito/microros_ws/install/builtin_interfaces/include/builtin_interfaces
[0.519s] -- Up-to-date: /home/rassito/microros_ws/install/builtin_interfaces/include/builtin_interfaces/msg
[0.519s] -- Up-to-date: /home/rassito/microros_ws/install/builtin_interfaces/include/builtin_interfaces/msg/detail
[0.519s] -- Up-to-date: /home/rassito/microros_ws/install/builtin_interfaces/include/builtin_interfaces/msg/detail/microxrcedds
[0.519s] -- Up-to-date: /home/rassito/microros_ws/install/builtin_interfaces/include/builtin_interfaces/msg/detail/time__rosidl_typesupport_microxrcedds_c.h
[0.519s] -- Up-to-date: /home/rassito/microros_ws/install/builtin_interfaces/include/builtin_interfaces/msg/detail/duration__rosidl_typesupport_microxrcedds_c.h
[0.519s] -- Up-to-date: /home/rassito/microros_ws/install/builtin_interfaces/include/builtin_interfaces/msg/rosidl_typesupport_microxrcedds_c__visibility_control.h
[0.519s] -- Up-to-date: /home/rassito/microros_ws/install/builtin_interfaces/lib/libbuiltin_interfaces__rosidl_typesupport_microxrcedds_c.so
[0.519s] -- Up-to-date: /home/rassito/microros_ws/install/builtin_interfaces/include/builtin_interfaces/builtin_interfaces
[0.519s] -- Up-to-date: /home/rassito/microros_ws/install/builtin_interfaces/include/builtin_interfaces/builtin_interfaces/msg
[0.519s] -- Up-to-date: /home/rassito/microros_ws/install/builtin_interfaces/include/builtin_interfaces/builtin_interfaces/msg/rosidl_typesupport_fastrtps_c__visibility_control.h
[0.519s] -- Up-to-date: /home/rassito/microros_ws/install/builtin_interfaces/include/builtin_interfaces/builtin_interfaces/msg/detail
[0.519s] -- Up-to-date: /home/rassito/microros_ws/install/builtin_interfaces/include/builtin_interfaces/builtin_interfaces/msg/detail/time__rosidl_typesupport_fastrtps_c.h
[0.519s] -- Up-to-date: /home/rassito/microros_ws/install/builtin_interfaces/include/builtin_interfaces/builtin_interfaces/msg/detail/duration__rosidl_typesupport_fastrtps_c.h
[0.519s] -- Up-to-date: /home/rassito/microros_ws/install/builtin_interfaces/lib/libbuiltin_interfaces__rosidl_typesupport_fastrtps_c.so
[0.519s] -- Up-to-date: /home/rassito/microros_ws/install/builtin_interfaces/include/builtin_interfaces/builtin_interfaces
[0.520s] -- Up-to-date: /home/rassito/microros_ws/install/builtin_interfaces/include/builtin_interfaces/builtin_interfaces/msg
[0.520s] -- Up-to-date: /home/rassito/microros_ws/install/builtin_interfaces/include/builtin_interfaces/builtin_interfaces/msg/rosidl_typesupport_introspection_c__visibility_control.h
[0.520s] -- Up-to-date: /home/rassito/microros_ws/install/builtin_interfaces/include/builtin_interfaces/builtin_interfaces/msg/detail
[0.520s] -- Up-to-date: /home/rassito/microros_ws/install/builtin_interfaces/include/builtin_interfaces/builtin_interfaces/msg/detail/time__type_support.c
[0.520s] -- Up-to-date: /home/rassito/microros_ws/install/builtin_interfaces/include/builtin_interfaces/builtin_interfaces/msg/detail/time__rosidl_typesupport_introspection_c.h
[0.520s] -- Up-to-date: /home/rassito/microros_ws/install/builtin_interfaces/include/builtin_interfaces/builtin_interfaces/msg/detail/duration__rosidl_typesupport_introspection_c.h
[0.520s] -- Up-to-date: /home/rassito/microros_ws/install/builtin_interfaces/include/builtin_interfaces/builtin_interfaces/msg/detail/duration__type_support.c
[0.520s] -- Up-to-date: /home/rassito/microros_ws/install/builtin_interfaces/lib/libbuiltin_interfaces__rosidl_typesupport_introspection_c.so
[0.520s] -- Up-to-date: /home/rassito/microros_ws/install/builtin_interfaces/lib/libbuiltin_interfaces__rosidl_typesupport_c.so
[0.520s] -- Up-to-date: /home/rassito/microros_ws/install/builtin_interfaces/include/builtin_interfaces/builtin_interfaces
[0.520s] -- Up-to-date: /home/rassito/microros_ws/install/builtin_interfaces/include/builtin_interfaces/builtin_interfaces/msg
[0.520s] -- Up-to-date: /home/rassito/microros_ws/install/builtin_interfaces/include/builtin_interfaces/builtin_interfaces/msg/rosidl_generator_cpp__visibility_control.hpp
[0.520s] -- Up-to-date: /home/rassito/microros_ws/install/builtin_interfaces/include/builtin_interfaces/builtin_interfaces/msg/time.hpp
[0.520s] -- Up-to-date: /home/rassito/microros_ws/install/builtin_interfaces/include/builtin_interfaces/builtin_interfaces/msg/duration.hpp
[0.520s] -- Up-to-date: /home/rassito/microros_ws/install/builtin_interfaces/include/builtin_interfaces/builtin_interfaces/msg/detail
[0.520s] -- Up-to-date: /home/rassito/microros_ws/install/builtin_interfaces/include/builtin_interfaces/builtin_interfaces/msg/detail/time__builder.hpp
[0.520s] -- Up-to-date: /home/rassito/microros_ws/install/builtin_interfaces/include/builtin_interfaces/builtin_interfaces/msg/detail/duration__traits.hpp
[0.520s] -- Up-to-date: /home/rassito/microros_ws/install/builtin_interfaces/include/builtin_interfaces/builtin_interfaces/msg/detail/duration__builder.hpp
[0.521s] -- Up-to-date: /home/rassito/microros_ws/install/builtin_interfaces/include/builtin_interfaces/builtin_interfaces/msg/detail/time__traits.hpp
[0.521s] -- Up-to-date: /home/rassito/microros_ws/install/builtin_interfaces/include/builtin_interfaces/builtin_interfaces/msg/detail/duration__type_support.hpp
[0.521s] -- Up-to-date: /home/rassito/microros_ws/install/builtin_interfaces/include/builtin_interfaces/builtin_interfaces/msg/detail/time__struct.hpp
[0.521s] -- Up-to-date: /home/rassito/microros_ws/install/builtin_interfaces/include/builtin_interfaces/builtin_interfaces/msg/detail/time__type_support.hpp
[0.521s] -- Up-to-date: /home/rassito/microros_ws/install/builtin_interfaces/include/builtin_interfaces/builtin_interfaces/msg/detail/duration__struct.hpp
[0.521s] -- Up-to-date: /home/rassito/microros_ws/install/builtin_interfaces/include/builtin_interfaces
[0.521s] -- Up-to-date: /home/rassito/microros_ws/install/builtin_interfaces/include/builtin_interfaces/msg
[0.521s] -- Up-to-date: /home/rassito/microros_ws/install/builtin_interfaces/include/builtin_interfaces/msg/rosidl_typesupport_microxrcedds_cpp__visibility_control.h
[0.521s] -- Up-to-date: /home/rassito/microros_ws/install/builtin_interfaces/include/builtin_interfaces/msg/detail
[0.521s] -- Up-to-date: /home/rassito/microros_ws/install/builtin_interfaces/include/builtin_interfaces/msg/detail/microxrcedds
[0.521s] -- Up-to-date: /home/rassito/microros_ws/install/builtin_interfaces/include/builtin_interfaces/msg/detail/microxrcedds/duration__type_support_cpp.cpp
[0.521s] -- Up-to-date: /home/rassito/microros_ws/install/builtin_interfaces/include/builtin_interfaces/msg/detail/microxrcedds/time__type_support_cpp.cpp
[0.521s] -- Up-to-date: /home/rassito/microros_ws/install/builtin_interfaces/include/builtin_interfaces/msg/detail/duration__rosidl_typesupport_microxrcedds_cpp.hpp
[0.521s] -- Up-to-date: /home/rassito/microros_ws/install/builtin_interfaces/include/builtin_interfaces/msg/detail/time__rosidl_typesupport_microxrcedds_cpp.hpp
[0.521s] -- Up-to-date: /home/rassito/microros_ws/install/builtin_interfaces/lib/libbuiltin_interfaces__rosidl_typesupport_microxrcedds_cpp.so
[0.521s] -- Up-to-date: /home/rassito/microros_ws/install/builtin_interfaces/include/builtin_interfaces/builtin_interfaces
[0.521s] -- Up-to-date: /home/rassito/microros_ws/install/builtin_interfaces/include/builtin_interfaces/builtin_interfaces/msg
[0.522s] -- Up-to-date: /home/rassito/microros_ws/install/builtin_interfaces/include/builtin_interfaces/builtin_interfaces/msg/rosidl_typesupport_fastrtps_cpp__visibility_control.h
[0.522s] -- Up-to-date: /home/rassito/microros_ws/install/builtin_interfaces/include/builtin_interfaces/builtin_interfaces/msg/detail
[0.522s] -- Up-to-date: /home/rassito/microros_ws/install/builtin_interfaces/include/builtin_interfaces/builtin_interfaces/msg/detail/duration__rosidl_typesupport_fastrtps_cpp.hpp
[0.522s] -- Up-to-date: /home/rassito/microros_ws/install/builtin_interfaces/include/builtin_interfaces/builtin_interfaces/msg/detail/time__rosidl_typesupport_fastrtps_cpp.hpp
[0.522s] -- Up-to-date: /home/rassito/microros_ws/install/builtin_interfaces/include/builtin_interfaces/builtin_interfaces/msg/detail/dds_fastrtps
[0.522s] -- Up-to-date: /home/rassito/microros_ws/install/builtin_interfaces/lib/libbuiltin_interfaces__rosidl_typesupport_fastrtps_cpp.so
[0.522s] -- Up-to-date: /home/rassito/microros_ws/install/builtin_interfaces/include/builtin_interfaces/builtin_interfaces
[0.522s] -- Up-to-date: /home/rassito/microros_ws/install/builtin_interfaces/include/builtin_interfaces/builtin_interfaces/msg
[0.522s] -- Up-to-date: /home/rassito/microros_ws/install/builtin_interfaces/include/builtin_interfaces/builtin_interfaces/msg/detail
[0.522s] -- Up-to-date: /home/rassito/microros_ws/install/builtin_interfaces/include/builtin_interfaces/builtin_interfaces/msg/detail/duration__rosidl_typesupport_introspection_cpp.hpp
[0.522s] -- Up-to-date: /home/rassito/microros_ws/install/builtin_interfaces/include/builtin_interfaces/builtin_interfaces/msg/detail/duration__type_support.cpp
[0.522s] -- Up-to-date: /home/rassito/microros_ws/install/builtin_interfaces/include/builtin_interfaces/builtin_interfaces/msg/detail/time__type_support.cpp
[0.522s] -- Up-to-date: /home/rassito/microros_ws/install/builtin_interfaces/include/builtin_interfaces/builtin_interfaces/msg/detail/time__rosidl_typesupport_introspection_cpp.hpp
[0.522s] -- Up-to-date: /home/rassito/microros_ws/install/builtin_interfaces/lib/libbuiltin_interfaces__rosidl_typesupport_introspection_cpp.so
[0.522s] -- Up-to-date: /home/rassito/microros_ws/install/builtin_interfaces/lib/libbuiltin_interfaces__rosidl_typesupport_cpp.so
[0.522s] -- Up-to-date: /home/rassito/microros_ws/install/builtin_interfaces/share/builtin_interfaces/environment/pythonpath.sh
[0.522s] -- Up-to-date: /home/rassito/microros_ws/install/builtin_interfaces/share/builtin_interfaces/environment/pythonpath.dsv
[0.522s] -- Up-to-date: /home/rassito/microros_ws/install/builtin_interfaces/lib/python3.12/site-packages/builtin_interfaces-2.0.2-py3.12.egg-info
[0.522s] -- Installing: /home/rassito/microros_ws/install/builtin_interfaces/lib/python3.12/site-packages/builtin_interfaces-2.0.2-py3.12.egg-info/top_level.txt
[0.522s] -- Installing: /home/rassito/microros_ws/install/builtin_interfaces/lib/python3.12/site-packages/builtin_interfaces-2.0.2-py3.12.egg-info/PKG-INFO
[0.522s] -- Installing: /home/rassito/microros_ws/install/builtin_interfaces/lib/python3.12/site-packages/builtin_interfaces-2.0.2-py3.12.egg-info/dependency_links.txt
[0.522s] -- Installing: /home/rassito/microros_ws/install/builtin_interfaces/lib/python3.12/site-packages/builtin_interfaces-2.0.2-py3.12.egg-info/SOURCES.txt
[0.523s] -- Up-to-date: /home/rassito/microros_ws/install/builtin_interfaces/lib/python3.12/site-packages/builtin_interfaces
[0.523s] -- Up-to-date: /home/rassito/microros_ws/install/builtin_interfaces/lib/python3.12/site-packages/builtin_interfaces/_builtin_interfaces_s.ep.rosidl_typesupport_introspection_c.c
[0.523s] -- Up-to-date: /home/rassito/microros_ws/install/builtin_interfaces/lib/python3.12/site-packages/builtin_interfaces/_builtin_interfaces_s.ep.rosidl_typesupport_microxrcedds_c.c
[0.523s] -- Up-to-date: /home/rassito/microros_ws/install/builtin_interfaces/lib/python3.12/site-packages/builtin_interfaces/_builtin_interfaces_s.ep.rosidl_typesupport_fastrtps_c.c
[0.523s] -- Up-to-date: /home/rassito/microros_ws/install/builtin_interfaces/lib/python3.12/site-packages/builtin_interfaces/_builtin_interfaces_s.ep.rosidl_typesupport_c.c
[0.523s] -- Up-to-date: /home/rassito/microros_ws/install/builtin_interfaces/lib/python3.12/site-packages/builtin_interfaces/builtin_interfaces_s__rosidl_typesupport_c.so
[0.523s] -- Up-to-date: /home/rassito/microros_ws/install/builtin_interfaces/lib/python3.12/site-packages/builtin_interfaces/builtin_interfaces_s__rosidl_typesupport_introspection_c.so
[0.523s] -- Up-to-date: /home/rassito/microros_ws/install/builtin_interfaces/lib/python3.12/site-packages/builtin_interfaces/builtin_interfaces_s__rosidl_typesupport_fastrtps_c.so
[0.523s] -- Up-to-date: /home/rassito/microros_ws/install/builtin_interfaces/lib/python3.12/site-packages/builtin_interfaces/msg
[0.523s] -- Up-to-date: /home/rassito/microros_ws/install/builtin_interfaces/lib/python3.12/site-packages/builtin_interfaces/msg/_time.py
[0.523s] -- Up-to-date: /home/rassito/microros_ws/install/builtin_interfaces/lib/python3.12/site-packages/builtin_interfaces/msg/_time_s.c
[0.523s] -- Up-to-date: /home/rassito/microros_ws/install/builtin_interfaces/lib/python3.12/site-packages/builtin_interfaces/msg/_duration.py
[0.523s] -- Up-to-date: /home/rassito/microros_ws/install/builtin_interfaces/lib/python3.12/site-packages/builtin_interfaces/msg/_duration_s.c
[0.523s] -- Up-to-date: /home/rassito/microros_ws/install/builtin_interfaces/lib/python3.12/site-packages/builtin_interfaces/msg/__init__.py
[0.523s] -- Up-to-date: /home/rassito/microros_ws/install/builtin_interfaces/lib/python3.12/site-packages/builtin_interfaces/__init__.py
[0.523s] -- Up-to-date: /home/rassito/microros_ws/install/builtin_interfaces/lib/python3.12/site-packages/builtin_interfaces/builtin_interfaces_s__rosidl_typesupport_microxrcedds_c.so
[0.568s] Listing '/home/rassito/microros_ws/install/builtin_interfaces/lib/python3.12/site-packages/builtin_interfaces'...
[0.568s] Listing '/home/rassito/microros_ws/install/builtin_interfaces/lib/python3.12/site-packages/builtin_interfaces/msg'...
[0.568s] -- Up-to-date: /home/rassito/microros_ws/install/builtin_interfaces/lib/python3.12/site-packages/builtin_interfaces/builtin_interfaces_s__rosidl_typesupport_microxrcedds_c.so
[0.569s] -- Up-to-date: /home/rassito/microros_ws/install/builtin_interfaces/lib/python3.12/site-packages/builtin_interfaces/builtin_interfaces_s__rosidl_typesupport_fastrtps_c.so
[0.569s] -- Up-to-date: /home/rassito/microros_ws/install/builtin_interfaces/lib/python3.12/site-packages/builtin_interfaces/builtin_interfaces_s__rosidl_typesupport_introspection_c.so
[0.569s] -- Up-to-date: /home/rassito/microros_ws/install/builtin_interfaces/lib/python3.12/site-packages/builtin_interfaces/builtin_interfaces_s__rosidl_typesupport_c.so
[0.569s] -- Up-to-date: /home/rassito/microros_ws/install/builtin_interfaces/lib/libbuiltin_interfaces__rosidl_generator_py.so
[0.569s] -- Up-to-date: /home/rassito/microros_ws/install/builtin_interfaces/share/builtin_interfaces/msg/Duration.idl
[0.569s] -- Up-to-date: /home/rassito/microros_ws/install/builtin_interfaces/share/builtin_interfaces/msg/Time.idl
[0.569s] -- Up-to-date: /home/rassito/microros_ws/install/builtin_interfaces/share/builtin_interfaces/msg/Duration.msg
[0.569s] -- Up-to-date: /home/rassito/microros_ws/install/builtin_interfaces/share/builtin_interfaces/msg/Time.msg
[0.569s] -- Up-to-date: /home/rassito/microros_ws/install/builtin_interfaces/share/ament_index/resource_index/package_run_dependencies/builtin_interfaces
[0.569s] -- Up-to-date: /home/rassito/microros_ws/install/builtin_interfaces/share/ament_index/resource_index/parent_prefix_path/builtin_interfaces
[0.569s] -- Up-to-date: /home/rassito/microros_ws/install/builtin_interfaces/share/builtin_interfaces/environment/ament_prefix_path.sh
[0.569s] -- Up-to-date: /home/rassito/microros_ws/install/builtin_interfaces/share/builtin_interfaces/environment/ament_prefix_path.dsv
[0.569s] -- Up-to-date: /home/rassito/microros_ws/install/builtin_interfaces/share/builtin_interfaces/environment/path.sh
[0.569s] -- Up-to-date: /home/rassito/microros_ws/install/builtin_interfaces/share/builtin_interfaces/environment/path.dsv
[0.569s] -- Up-to-date: /home/rassito/microros_ws/install/builtin_interfaces/share/builtin_interfaces/local_setup.bash
[0.569s] -- Up-to-date: /home/rassito/microros_ws/install/builtin_interfaces/share/builtin_interfaces/local_setup.sh
[0.569s] -- Up-to-date: /home/rassito/microros_ws/install/builtin_interfaces/share/builtin_interfaces/local_setup.zsh
[0.569s] -- Up-to-date: /home/rassito/microros_ws/install/builtin_interfaces/share/builtin_interfaces/local_setup.dsv
[0.569s] -- Installing: /home/rassito/microros_ws/install/builtin_interfaces/share/builtin_interfaces/package.dsv
[0.569s] -- Up-to-date: /home/rassito/microros_ws/install/builtin_interfaces/share/ament_index/resource_index/packages/builtin_interfaces
[0.570s] -- Up-to-date: /home/rassito/microros_ws/install/builtin_interfaces/share/builtin_interfaces/cmake/export_builtin_interfaces__rosidl_generator_cExport.cmake
[0.570s] -- Up-to-date: /home/rassito/microros_ws/install/builtin_interfaces/share/builtin_interfaces/cmake/export_builtin_interfaces__rosidl_generator_cExport-noconfig.cmake
[0.570s] -- Up-to-date: /home/rassito/microros_ws/install/builtin_interfaces/share/builtin_interfaces/cmake/export_builtin_interfaces__rosidl_typesupport_fastrtps_cExport.cmake
[0.570s] -- Up-to-date: /home/rassito/microros_ws/install/builtin_interfaces/share/builtin_interfaces/cmake/export_builtin_interfaces__rosidl_typesupport_fastrtps_cExport-noconfig.cmake
[0.570s] -- Up-to-date: /home/rassito/microros_ws/install/builtin_interfaces/share/builtin_interfaces/cmake/builtin_interfaces__rosidl_typesupport_introspection_cExport.cmake
[0.570s] -- Up-to-date: /home/rassito/microros_ws/install/builtin_interfaces/share/builtin_interfaces/cmake/builtin_interfaces__rosidl_typesupport_introspection_cExport-noconfig.cmake
[0.570s] -- Up-to-date: /home/rassito/microros_ws/install/builtin_interfaces/share/builtin_interfaces/cmake/builtin_interfaces__rosidl_typesupport_cExport.cmake
[0.570s] -- Up-to-date: /home/rassito/microros_ws/install/builtin_interfaces/share/builtin_interfaces/cmake/builtin_interfaces__rosidl_typesupport_cExport-noconfig.cmake
[0.570s] -- Up-to-date: /home/rassito/microros_ws/install/builtin_interfaces/share/builtin_interfaces/cmake/export_builtin_interfaces__rosidl_generator_cppExport.cmake
[0.570s] -- Up-to-date: /home/rassito/microros_ws/install/builtin_interfaces/share/builtin_interfaces/cmake/export_builtin_interfaces__rosidl_typesupport_fastrtps_cppExport.cmake
[0.571s] -- Up-to-date: /home/rassito/microros_ws/install/builtin_interfaces/share/builtin_interfaces/cmake/export_builtin_interfaces__rosidl_typesupport_fastrtps_cppExport-noconfig.cmake
[0.571s] -- Up-to-date: /home/rassito/microros_ws/install/builtin_interfaces/share/builtin_interfaces/cmake/builtin_interfaces__rosidl_typesupport_introspection_cppExport.cmake
[0.571s] -- Up-to-date: /home/rassito/microros_ws/install/builtin_interfaces/share/builtin_interfaces/cmake/builtin_interfaces__rosidl_typesupport_introspection_cppExport-noconfig.cmake
[0.571s] -- Up-to-date: /home/rassito/microros_ws/install/builtin_interfaces/share/builtin_interfaces/cmake/builtin_interfaces__rosidl_typesupport_cppExport.cmake
[0.571s] -- Up-to-date: /home/rassito/microros_ws/install/builtin_interfaces/share/builtin_interfaces/cmake/builtin_interfaces__rosidl_typesupport_cppExport-noconfig.cmake
[0.571s] -- Up-to-date: /home/rassito/microros_ws/install/builtin_interfaces/share/builtin_interfaces/cmake/export_builtin_interfaces__rosidl_generator_pyExport.cmake
[0.571s] -- Up-to-date: /home/rassito/microros_ws/install/builtin_interfaces/share/builtin_interfaces/cmake/export_builtin_interfaces__rosidl_generator_pyExport-noconfig.cmake
[0.571s] -- Up-to-date: /home/rassito/microros_ws/install/builtin_interfaces/share/builtin_interfaces/cmake/rosidl_cmake-extras.cmake
[0.571s] -- Up-to-date: /home/rassito/microros_ws/install/builtin_interfaces/share/builtin_interfaces/cmake/ament_cmake_export_include_directories-extras.cmake
[0.571s] -- Up-to-date: /home/rassito/microros_ws/install/builtin_interfaces/share/builtin_interfaces/cmake/ament_cmake_export_libraries-extras.cmake
[0.571s] -- Up-to-date: /home/rassito/microros_ws/install/builtin_interfaces/share/builtin_interfaces/cmake/ament_cmake_export_targets-extras.cmake
[0.571s] -- Up-to-date: /home/rassito/microros_ws/install/builtin_interfaces/share/builtin_interfaces/cmake/rosidl_cmake_export_typesupport_targets-extras.cmake
[0.571s] -- Up-to-date: /home/rassito/microros_ws/install/builtin_interfaces/share/builtin_interfaces/cmake/ament_cmake_export_dependencies-extras.cmake
[0.571s] -- Up-to-date: /home/rassito/microros_ws/install/builtin_interfaces/share/builtin_interfaces/cmake/rosidl_cmake_export_typesupport_libraries-extras.cmake
[0.571s] -- Up-to-date: /home/rassito/microros_ws/install/builtin_interfaces/share/builtin_interfaces/cmake/builtin_interfacesConfig.cmake
[0.571s] -- Up-to-date: /home/rassito/microros_ws/install/builtin_interfaces/share/builtin_interfaces/cmake/builtin_interfacesConfig-version.cmake
[0.572s] -- Up-to-date: /home/rassito/microros_ws/install/builtin_interfaces/share/builtin_interfaces/package.xml
[0.572s] Invoked command in '/home/rassito/microros_ws/build/builtin_interfaces' returned '0': CMAKE_PREFIX_PATH=${CMAKE_PREFIX_PATH}:/home/rassito/microros_ws/install/sensor_msgs_py:/home/rassito/ros_ws/install/super_pkg:/opt/ros/jazzy DEBUGINFOD_URLS=https://debuginfod.ubuntu.com /usr/bin/cmake --install /home/rassito/microros_ws/build/builtin_interfaces
