[0.031s] Invoking command in '/home/rassito/microros_ws/build/drive_base_msgs': CMAKE_PREFIX_PATH=/home/rassito/microros_ws/install/std_msgs:/home/rassito/microros_ws/install/builtin_interfaces:/home/rassito/microros_ws/install/micro_ros_demos_rclc:/home/rassito/microros_ws/install/common_interfaces:/home/rassito/microros_ws/install/visualization_msgs:/home/rassito/microros_ws/install/action_msgs:/home/rassito/microros_ws/install/unique_identifier_msgs:/home/rassito/microros_ws/install/type_description_interfaces:/home/rassito/microros_ws/install/trajectory_msgs:/home/rassito/microros_ws/install/test_msgs:/home/rassito/microros_ws/install/test_interface_files:/home/rassito/microros_ws/install/stereo_msgs:/home/rassito/microros_ws/install/std_srvs:/home/rassito/microros_ws/install/shape_msgs:/home/rassito/microros_ws/install/sensor_msgs:/home/rassito/microros_ws/install/nav_msgs:/home/rassito/microros_ws/install/diagnostic_msgs:/home/rassito/microros_ws/install/geometry_msgs:/home/rassito/microros_ws/install/drive_base_msgs:/home/rassito/microros_ws/install/actionlib_msgs:/home/rassito/microros_ws/install/statistics_msgs:/home/rassito/microros_ws/install/service_msgs:/home/rassito/microros_ws/install/rosidl_typesupport_microxrcedds_test_msg:/home/rassito/microros_ws/install/rosidl_typesupport_microxrcedds_cpp_tests:/home/rassito/microros_ws/install/rmw_microxrcedds:/home/rassito/microros_ws/install/rosidl_typesupport_microxrcedds_cpp:/home/rassito/microros_ws/install/rosidl_typesupport_microxrcedds_c_tests:/home/rassito/microros_ws/install/rosidl_typesupport_microxrcedds_c:/home/rassito/microros_ws/install/rosgraph_msgs:/home/rassito/microros_ws/install/rclc_parameter:/home/rassito/microros_ws/install/rclc:/home/rassito/microros_ws/install/composition_interfaces:/home/rassito/microros_ws/install/rcl_interfaces:/home/rassito/microros_ws/install/microxrcedds_client:/home/rassito/microros_ws/install/microcdr:/home/rassito/microros_ws/install/micro_ros_utilities:/home/rassito/microros_ws/install/micro_ros_setup:/home/rassito/microros_ws/install/micro_ros_agent:/home/rassito/microros_ws/install/micro_ros_msgs:/home/rassito/microros_ws/install/lifecycle_msgs:/home/rassito/microros_ws/install/example_interfaces:/home/rassito/microros_ws/install/complex_msgs:/opt/ros/jazzy/opt/sdformat_vendor:/opt/ros/jazzy/opt/gz_math_vendor:/opt/ros/jazzy/opt/gz_utils_vendor:/opt/ros/jazzy/opt/gz_tools_vendor:/opt/ros/jazzy/opt/gz_cmake_vendor:/home/rassito/microros_ws/install/sensor_msgs_py:/home/rassito/ros_ws/install/super_pkg:/opt/ros/jazzy DEBUGINFOD_URLS=https://debuginfod.ubuntu.com LD_LIBRARY_PATH=/home/rassito/microros_ws/install/std_msgs/lib:/home/rassito/microros_ws/install/builtin_interfaces/lib:/home/rassito/microros_ws/install/visualization_msgs/lib:/home/rassito/microros_ws/install/action_msgs/lib:/home/rassito/microros_ws/install/unique_identifier_msgs/lib:/home/rassito/microros_ws/install/type_description_interfaces/lib:/home/rassito/microros_ws/install/trajectory_msgs/lib:/home/rassito/microros_ws/install/test_msgs/lib:/home/rassito/microros_ws/install/stereo_msgs/lib:/home/rassito/microros_ws/install/std_srvs/lib:/home/rassito/microros_ws/install/shape_msgs/lib:/home/rassito/microros_ws/install/sensor_msgs/lib:/home/rassito/microros_ws/install/nav_msgs/lib:/home/rassito/microros_ws/install/diagnostic_msgs/lib:/home/rassito/microros_ws/install/geometry_msgs/lib:/home/rassito/microros_ws/install/drive_base_msgs/lib:/home/rassito/microros_ws/install/actionlib_msgs/lib:/home/rassito/microros_ws/install/statistics_msgs/lib:/home/rassito/microros_ws/install/service_msgs/lib:/home/rassito/microros_ws/install/rmw_microxrcedds/lib:/home/rassito/microros_ws/install/rosidl_typesupport_microxrcedds_cpp/lib:/home/rassito/microros_ws/install/rosidl_typesupport_microxrcedds_c/lib:/home/rassito/microros_ws/install/rosgraph_msgs/lib:/home/rassito/microros_ws/install/rclc_parameter/lib:/home/rassito/microros_ws/install/rclc/lib:/home/rassito/microros_ws/install/composition_interfaces/lib:/home/rassito/microros_ws/install/rcl_interfaces/lib:/home/rassito/microros_ws/install/microxrcedds_client/lib:/home/rassito/microros_ws/install/microcdr/lib:/home/rassito/microros_ws/install/micro_ros_utilities/lib:/home/rassito/microros_ws/install/micro_ros_agent/lib:/home/rassito/microros_ws/install/micro_ros_msgs/lib:/home/rassito/microros_ws/install/lifecycle_msgs/lib:/home/rassito/microros_ws/install/example_interfaces/lib:/home/rassito/microros_ws/install/complex_msgs/lib:/opt/ros/jazzy/opt/sdformat_vendor/lib:/opt/ros/jazzy/opt/rviz_ogre_vendor/lib:/opt/ros/jazzy/lib/x86_64-linux-gnu:/opt/ros/jazzy/opt/gz_math_vendor/lib:/opt/ros/jazzy/opt/gz_utils_vendor/lib:/opt/ros/jazzy/opt/gz_tools_vendor/lib:/opt/ros/jazzy/opt/gz_cmake_vendor/lib:/opt/ros/jazzy/lib PYTHONPATH=/home/rassito/microros_ws/install/std_msgs/lib/python3.12/site-packages:/home/rassito/microros_ws/install/builtin_interfaces/lib/python3.12/site-packages:/home/rassito/microros_ws/install/visualization_msgs/lib/python3.12/site-packages:/home/rassito/microros_ws/install/action_msgs/lib/python3.12/site-packages:/home/rassito/microros_ws/install/unique_identifier_msgs/lib/python3.12/site-packages:/home/rassito/microros_ws/install/type_description_interfaces/lib/python3.12/site-packages:/home/rassito/microros_ws/install/trajectory_msgs/lib/python3.12/site-packages:/home/rassito/microros_ws/install/test_msgs/lib/python3.12/site-packages:/home/rassito/microros_ws/install/stereo_msgs/lib/python3.12/site-packages:/home/rassito/microros_ws/install/std_srvs/lib/python3.12/site-packages:/home/rassito/microros_ws/install/shape_msgs/lib/python3.12/site-packages:/home/rassito/microros_ws/install/sensor_msgs_py/lib/python3.12/site-packages:/home/rassito/microros_ws/install/sensor_msgs/lib/python3.12/site-packages:/home/rassito/microros_ws/install/nav_msgs/lib/python3.12/site-packages:/home/rassito/microros_ws/install/diagnostic_msgs/lib/python3.12/site-packages:/home/rassito/microros_ws/install/geometry_msgs/lib/python3.12/site-packages:/home/rassito/microros_ws/install/drive_base_msgs/lib/python3.12/site-packages:/home/rassito/microros_ws/install/actionlib_msgs/lib/python3.12/site-packages:/home/rassito/microros_ws/install/statistics_msgs/lib/python3.12/site-packages:/home/rassito/microros_ws/install/service_msgs/lib/python3.12/site-packages:/home/rassito/microros_ws/install/rosidl_typesupport_microxrcedds_cpp/lib/python3.12/site-packages:/home/rassito/microros_ws/install/rosidl_typesupport_microxrcedds_c/lib/python3.12/site-packages:/home/rassito/microros_ws/install/rosgraph_msgs/lib/python3.12/site-packages:/home/rassito/microros_ws/install/composition_interfaces/lib/python3.12/site-packages:/home/rassito/microros_ws/install/rcl_interfaces/lib/python3.12/site-packages:/home/rassito/microros_ws/install/micro_ros_msgs/lib/python3.12/site-packages:/home/rassito/microros_ws/install/lifecycle_msgs/lib/python3.12/site-packages:/home/rassito/microros_ws/install/example_interfaces/lib/python3.12/site-packages:/home/rassito/microros_ws/install/complex_msgs/lib/python3.12/site-packages:/home/rassito/ros_ws/build/super_pkg:/home/rassito/ros_ws/install/super_pkg/lib/python3.12/site-packages:/opt/ros/jazzy/lib/python3.12/site-packages /usr/bin/cmake --build /home/rassito/microros_ws/build/drive_base_msgs -- -j16 -l16
[0.075s] [  1%] Built target drive_base_msgs__rosidl_generator_type_description
[0.089s] [  1%] Built target ament_cmake_python_copy_drive_base_msgs
[0.103s] [ 19%] Built target drive_base_msgs__rosidl_generator_c
[0.103s] [ 20%] Built target drive_base_msgs__cpp
[0.167s] [ 28%] Built target drive_base_msgs__rosidl_typesupport_introspection_c
[0.176s] [ 35%] Built target drive_base_msgs__rosidl_typesupport_microxrcedds_c
[0.177s] [ 43%] Built target drive_base_msgs__rosidl_typesupport_c
[0.186s] [ 51%] Built target drive_base_msgs__rosidl_typesupport_fastrtps_c
[0.188s] [ 58%] Built target drive_base_msgs__rosidl_typesupport_microxrcedds_cpp
[0.189s] [ 66%] Built target drive_base_msgs__rosidl_typesupport_cpp
[0.196s] [ 74%] Built target drive_base_msgs__rosidl_typesupport_fastrtps_cpp
[0.196s] [ 82%] Built target drive_base_msgs__rosidl_typesupport_introspection_cpp
[0.245s] [ 82%] Built target drive_base_msgs
[0.275s] [ 83%] Built target drive_base_msgs__py
[0.305s] [ 89%] Built target drive_base_msgs__rosidl_generator_py
[0.361s] [ 92%] Built target drive_base_msgs_s__rosidl_typesupport_microxrcedds_c
[0.362s] [ 94%] Built target drive_base_msgs_s__rosidl_typesupport_introspection_c
[0.364s] [ 97%] Built target drive_base_msgs_s__rosidl_typesupport_fastrtps_c
[0.369s] [100%] Built target drive_base_msgs_s__rosidl_typesupport_c
[0.422s] running egg_info
[0.448s] writing drive_base_msgs.egg-info/PKG-INFO
[0.448s] writing dependency_links to drive_base_msgs.egg-info/dependency_links.txt
[0.448s] writing top-level names to drive_base_msgs.egg-info/top_level.txt
[0.526s] reading manifest file 'drive_base_msgs.egg-info/SOURCES.txt'
[0.526s] writing manifest file 'drive_base_msgs.egg-info/SOURCES.txt'
[0.545s] [100%] Built target ament_cmake_python_build_drive_base_msgs_egg
[0.560s] Invoked command in '/home/rassito/microros_ws/build/drive_base_msgs' returned '0': CMAKE_PREFIX_PATH=/home/rassito/microros_ws/install/std_msgs:/home/rassito/microros_ws/install/builtin_interfaces:/home/rassito/microros_ws/install/micro_ros_demos_rclc:/home/rassito/microros_ws/install/common_interfaces:/home/rassito/microros_ws/install/visualization_msgs:/home/rassito/microros_ws/install/action_msgs:/home/rassito/microros_ws/install/unique_identifier_msgs:/home/rassito/microros_ws/install/type_description_interfaces:/home/rassito/microros_ws/install/trajectory_msgs:/home/rassito/microros_ws/install/test_msgs:/home/rassito/microros_ws/install/test_interface_files:/home/rassito/microros_ws/install/stereo_msgs:/home/rassito/microros_ws/install/std_srvs:/home/rassito/microros_ws/install/shape_msgs:/home/rassito/microros_ws/install/sensor_msgs:/home/rassito/microros_ws/install/nav_msgs:/home/rassito/microros_ws/install/diagnostic_msgs:/home/rassito/microros_ws/install/geometry_msgs:/home/rassito/microros_ws/install/drive_base_msgs:/home/rassito/microros_ws/install/actionlib_msgs:/home/rassito/microros_ws/install/statistics_msgs:/home/rassito/microros_ws/install/service_msgs:/home/rassito/microros_ws/install/rosidl_typesupport_microxrcedds_test_msg:/home/rassito/microros_ws/install/rosidl_typesupport_microxrcedds_cpp_tests:/home/rassito/microros_ws/install/rmw_microxrcedds:/home/rassito/microros_ws/install/rosidl_typesupport_microxrcedds_cpp:/home/rassito/microros_ws/install/rosidl_typesupport_microxrcedds_c_tests:/home/rassito/microros_ws/install/rosidl_typesupport_microxrcedds_c:/home/rassito/microros_ws/install/rosgraph_msgs:/home/rassito/microros_ws/install/rclc_parameter:/home/rassito/microros_ws/install/rclc:/home/rassito/microros_ws/install/composition_interfaces:/home/rassito/microros_ws/install/rcl_interfaces:/home/rassito/microros_ws/install/microxrcedds_client:/home/rassito/microros_ws/install/microcdr:/home/rassito/microros_ws/install/micro_ros_utilities:/home/rassito/microros_ws/install/micro_ros_setup:/home/rassito/microros_ws/install/micro_ros_agent:/home/rassito/microros_ws/install/micro_ros_msgs:/home/rassito/microros_ws/install/lifecycle_msgs:/home/rassito/microros_ws/install/example_interfaces:/home/rassito/microros_ws/install/complex_msgs:/opt/ros/jazzy/opt/sdformat_vendor:/opt/ros/jazzy/opt/gz_math_vendor:/opt/ros/jazzy/opt/gz_utils_vendor:/opt/ros/jazzy/opt/gz_tools_vendor:/opt/ros/jazzy/opt/gz_cmake_vendor:/home/rassito/microros_ws/install/sensor_msgs_py:/home/rassito/ros_ws/install/super_pkg:/opt/ros/jazzy DEBUGINFOD_URLS=https://debuginfod.ubuntu.com LD_LIBRARY_PATH=/home/rassito/microros_ws/install/std_msgs/lib:/home/rassito/microros_ws/install/builtin_interfaces/lib:/home/rassito/microros_ws/install/visualization_msgs/lib:/home/rassito/microros_ws/install/action_msgs/lib:/home/rassito/microros_ws/install/unique_identifier_msgs/lib:/home/rassito/microros_ws/install/type_description_interfaces/lib:/home/rassito/microros_ws/install/trajectory_msgs/lib:/home/rassito/microros_ws/install/test_msgs/lib:/home/rassito/microros_ws/install/stereo_msgs/lib:/home/rassito/microros_ws/install/std_srvs/lib:/home/rassito/microros_ws/install/shape_msgs/lib:/home/rassito/microros_ws/install/sensor_msgs/lib:/home/rassito/microros_ws/install/nav_msgs/lib:/home/rassito/microros_ws/install/diagnostic_msgs/lib:/home/rassito/microros_ws/install/geometry_msgs/lib:/home/rassito/microros_ws/install/drive_base_msgs/lib:/home/rassito/microros_ws/install/actionlib_msgs/lib:/home/rassito/microros_ws/install/statistics_msgs/lib:/home/rassito/microros_ws/install/service_msgs/lib:/home/rassito/microros_ws/install/rmw_microxrcedds/lib:/home/rassito/microros_ws/install/rosidl_typesupport_microxrcedds_cpp/lib:/home/rassito/microros_ws/install/rosidl_typesupport_microxrcedds_c/lib:/home/rassito/microros_ws/install/rosgraph_msgs/lib:/home/rassito/microros_ws/install/rclc_parameter/lib:/home/rassito/microros_ws/install/rclc/lib:/home/rassito/microros_ws/install/composition_interfaces/lib:/home/rassito/microros_ws/install/rcl_interfaces/lib:/home/rassito/microros_ws/install/microxrcedds_client/lib:/home/rassito/microros_ws/install/microcdr/lib:/home/rassito/microros_ws/install/micro_ros_utilities/lib:/home/rassito/microros_ws/install/micro_ros_agent/lib:/home/rassito/microros_ws/install/micro_ros_msgs/lib:/home/rassito/microros_ws/install/lifecycle_msgs/lib:/home/rassito/microros_ws/install/example_interfaces/lib:/home/rassito/microros_ws/install/complex_msgs/lib:/opt/ros/jazzy/opt/sdformat_vendor/lib:/opt/ros/jazzy/opt/rviz_ogre_vendor/lib:/opt/ros/jazzy/lib/x86_64-linux-gnu:/opt/ros/jazzy/opt/gz_math_vendor/lib:/opt/ros/jazzy/opt/gz_utils_vendor/lib:/opt/ros/jazzy/opt/gz_tools_vendor/lib:/opt/ros/jazzy/opt/gz_cmake_vendor/lib:/opt/ros/jazzy/lib PYTHONPATH=/home/rassito/microros_ws/install/std_msgs/lib/python3.12/site-packages:/home/rassito/microros_ws/install/builtin_interfaces/lib/python3.12/site-packages:/home/rassito/microros_ws/install/visualization_msgs/lib/python3.12/site-packages:/home/rassito/microros_ws/install/action_msgs/lib/python3.12/site-packages:/home/rassito/microros_ws/install/unique_identifier_msgs/lib/python3.12/site-packages:/home/rassito/microros_ws/install/type_description_interfaces/lib/python3.12/site-packages:/home/rassito/microros_ws/install/trajectory_msgs/lib/python3.12/site-packages:/home/rassito/microros_ws/install/test_msgs/lib/python3.12/site-packages:/home/rassito/microros_ws/install/stereo_msgs/lib/python3.12/site-packages:/home/rassito/microros_ws/install/std_srvs/lib/python3.12/site-packages:/home/rassito/microros_ws/install/shape_msgs/lib/python3.12/site-packages:/home/rassito/microros_ws/install/sensor_msgs_py/lib/python3.12/site-packages:/home/rassito/microros_ws/install/sensor_msgs/lib/python3.12/site-packages:/home/rassito/microros_ws/install/nav_msgs/lib/python3.12/site-packages:/home/rassito/microros_ws/install/diagnostic_msgs/lib/python3.12/site-packages:/home/rassito/microros_ws/install/geometry_msgs/lib/python3.12/site-packages:/home/rassito/microros_ws/install/drive_base_msgs/lib/python3.12/site-packages:/home/rassito/microros_ws/install/actionlib_msgs/lib/python3.12/site-packages:/home/rassito/microros_ws/install/statistics_msgs/lib/python3.12/site-packages:/home/rassito/microros_ws/install/service_msgs/lib/python3.12/site-packages:/home/rassito/microros_ws/install/rosidl_typesupport_microxrcedds_cpp/lib/python3.12/site-packages:/home/rassito/microros_ws/install/rosidl_typesupport_microxrcedds_c/lib/python3.12/site-packages:/home/rassito/microros_ws/install/rosgraph_msgs/lib/python3.12/site-packages:/home/rassito/microros_ws/install/composition_interfaces/lib/python3.12/site-packages:/home/rassito/microros_ws/install/rcl_interfaces/lib/python3.12/site-packages:/home/rassito/microros_ws/install/micro_ros_msgs/lib/python3.12/site-packages:/home/rassito/microros_ws/install/lifecycle_msgs/lib/python3.12/site-packages:/home/rassito/microros_ws/install/example_interfaces/lib/python3.12/site-packages:/home/rassito/microros_ws/install/complex_msgs/lib/python3.12/site-packages:/home/rassito/ros_ws/build/super_pkg:/home/rassito/ros_ws/install/super_pkg/lib/python3.12/site-packages:/opt/ros/jazzy/lib/python3.12/site-packages /usr/bin/cmake --build /home/rassito/microros_ws/build/drive_base_msgs -- -j16 -l16
[0.561s] Invoking command in '/home/rassito/microros_ws/build/drive_base_msgs': CMAKE_PREFIX_PATH=/home/rassito/microros_ws/install/std_msgs:/home/rassito/microros_ws/install/builtin_interfaces:/home/rassito/microros_ws/install/micro_ros_demos_rclc:/home/rassito/microros_ws/install/common_interfaces:/home/rassito/microros_ws/install/visualization_msgs:/home/rassito/microros_ws/install/action_msgs:/home/rassito/microros_ws/install/unique_identifier_msgs:/home/rassito/microros_ws/install/type_description_interfaces:/home/rassito/microros_ws/install/trajectory_msgs:/home/rassito/microros_ws/install/test_msgs:/home/rassito/microros_ws/install/test_interface_files:/home/rassito/microros_ws/install/stereo_msgs:/home/rassito/microros_ws/install/std_srvs:/home/rassito/microros_ws/install/shape_msgs:/home/rassito/microros_ws/install/sensor_msgs:/home/rassito/microros_ws/install/nav_msgs:/home/rassito/microros_ws/install/diagnostic_msgs:/home/rassito/microros_ws/install/geometry_msgs:/home/rassito/microros_ws/install/drive_base_msgs:/home/rassito/microros_ws/install/actionlib_msgs:/home/rassito/microros_ws/install/statistics_msgs:/home/rassito/microros_ws/install/service_msgs:/home/rassito/microros_ws/install/rosidl_typesupport_microxrcedds_test_msg:/home/rassito/microros_ws/install/rosidl_typesupport_microxrcedds_cpp_tests:/home/rassito/microros_ws/install/rmw_microxrcedds:/home/rassito/microros_ws/install/rosidl_typesupport_microxrcedds_cpp:/home/rassito/microros_ws/install/rosidl_typesupport_microxrcedds_c_tests:/home/rassito/microros_ws/install/rosidl_typesupport_microxrcedds_c:/home/rassito/microros_ws/install/rosgraph_msgs:/home/rassito/microros_ws/install/rclc_parameter:/home/rassito/microros_ws/install/rclc:/home/rassito/microros_ws/install/composition_interfaces:/home/rassito/microros_ws/install/rcl_interfaces:/home/rassito/microros_ws/install/microxrcedds_client:/home/rassito/microros_ws/install/microcdr:/home/rassito/microros_ws/install/micro_ros_utilities:/home/rassito/microros_ws/install/micro_ros_setup:/home/rassito/microros_ws/install/micro_ros_agent:/home/rassito/microros_ws/install/micro_ros_msgs:/home/rassito/microros_ws/install/lifecycle_msgs:/home/rassito/microros_ws/install/example_interfaces:/home/rassito/microros_ws/install/complex_msgs:/opt/ros/jazzy/opt/sdformat_vendor:/opt/ros/jazzy/opt/gz_math_vendor:/opt/ros/jazzy/opt/gz_utils_vendor:/opt/ros/jazzy/opt/gz_tools_vendor:/opt/ros/jazzy/opt/gz_cmake_vendor:/home/rassito/microros_ws/install/sensor_msgs_py:/home/rassito/ros_ws/install/super_pkg:/opt/ros/jazzy DEBUGINFOD_URLS=https://debuginfod.ubuntu.com LD_LIBRARY_PATH=/home/rassito/microros_ws/install/std_msgs/lib:/home/rassito/microros_ws/install/builtin_interfaces/lib:/home/rassito/microros_ws/install/visualization_msgs/lib:/home/rassito/microros_ws/install/action_msgs/lib:/home/rassito/microros_ws/install/unique_identifier_msgs/lib:/home/rassito/microros_ws/install/type_description_interfaces/lib:/home/rassito/microros_ws/install/trajectory_msgs/lib:/home/rassito/microros_ws/install/test_msgs/lib:/home/rassito/microros_ws/install/stereo_msgs/lib:/home/rassito/microros_ws/install/std_srvs/lib:/home/rassito/microros_ws/install/shape_msgs/lib:/home/rassito/microros_ws/install/sensor_msgs/lib:/home/rassito/microros_ws/install/nav_msgs/lib:/home/rassito/microros_ws/install/diagnostic_msgs/lib:/home/rassito/microros_ws/install/geometry_msgs/lib:/home/rassito/microros_ws/install/drive_base_msgs/lib:/home/rassito/microros_ws/install/actionlib_msgs/lib:/home/rassito/microros_ws/install/statistics_msgs/lib:/home/rassito/microros_ws/install/service_msgs/lib:/home/rassito/microros_ws/install/rmw_microxrcedds/lib:/home/rassito/microros_ws/install/rosidl_typesupport_microxrcedds_cpp/lib:/home/rassito/microros_ws/install/rosidl_typesupport_microxrcedds_c/lib:/home/rassito/microros_ws/install/rosgraph_msgs/lib:/home/rassito/microros_ws/install/rclc_parameter/lib:/home/rassito/microros_ws/install/rclc/lib:/home/rassito/microros_ws/install/composition_interfaces/lib:/home/rassito/microros_ws/install/rcl_interfaces/lib:/home/rassito/microros_ws/install/microxrcedds_client/lib:/home/rassito/microros_ws/install/microcdr/lib:/home/rassito/microros_ws/install/micro_ros_utilities/lib:/home/rassito/microros_ws/install/micro_ros_agent/lib:/home/rassito/microros_ws/install/micro_ros_msgs/lib:/home/rassito/microros_ws/install/lifecycle_msgs/lib:/home/rassito/microros_ws/install/example_interfaces/lib:/home/rassito/microros_ws/install/complex_msgs/lib:/opt/ros/jazzy/opt/sdformat_vendor/lib:/opt/ros/jazzy/opt/rviz_ogre_vendor/lib:/opt/ros/jazzy/lib/x86_64-linux-gnu:/opt/ros/jazzy/opt/gz_math_vendor/lib:/opt/ros/jazzy/opt/gz_utils_vendor/lib:/opt/ros/jazzy/opt/gz_tools_vendor/lib:/opt/ros/jazzy/opt/gz_cmake_vendor/lib:/opt/ros/jazzy/lib PYTHONPATH=/home/rassito/microros_ws/install/std_msgs/lib/python3.12/site-packages:/home/rassito/microros_ws/install/builtin_interfaces/lib/python3.12/site-packages:/home/rassito/microros_ws/install/visualization_msgs/lib/python3.12/site-packages:/home/rassito/microros_ws/install/action_msgs/lib/python3.12/site-packages:/home/rassito/microros_ws/install/unique_identifier_msgs/lib/python3.12/site-packages:/home/rassito/microros_ws/install/type_description_interfaces/lib/python3.12/site-packages:/home/rassito/microros_ws/install/trajectory_msgs/lib/python3.12/site-packages:/home/rassito/microros_ws/install/test_msgs/lib/python3.12/site-packages:/home/rassito/microros_ws/install/stereo_msgs/lib/python3.12/site-packages:/home/rassito/microros_ws/install/std_srvs/lib/python3.12/site-packages:/home/rassito/microros_ws/install/shape_msgs/lib/python3.12/site-packages:/home/rassito/microros_ws/install/sensor_msgs_py/lib/python3.12/site-packages:/home/rassito/microros_ws/install/sensor_msgs/lib/python3.12/site-packages:/home/rassito/microros_ws/install/nav_msgs/lib/python3.12/site-packages:/home/rassito/microros_ws/install/diagnostic_msgs/lib/python3.12/site-packages:/home/rassito/microros_ws/install/geometry_msgs/lib/python3.12/site-packages:/home/rassito/microros_ws/install/drive_base_msgs/lib/python3.12/site-packages:/home/rassito/microros_ws/install/actionlib_msgs/lib/python3.12/site-packages:/home/rassito/microros_ws/install/statistics_msgs/lib/python3.12/site-packages:/home/rassito/microros_ws/install/service_msgs/lib/python3.12/site-packages:/home/rassito/microros_ws/install/rosidl_typesupport_microxrcedds_cpp/lib/python3.12/site-packages:/home/rassito/microros_ws/install/rosidl_typesupport_microxrcedds_c/lib/python3.12/site-packages:/home/rassito/microros_ws/install/rosgraph_msgs/lib/python3.12/site-packages:/home/rassito/microros_ws/install/composition_interfaces/lib/python3.12/site-packages:/home/rassito/microros_ws/install/rcl_interfaces/lib/python3.12/site-packages:/home/rassito/microros_ws/install/micro_ros_msgs/lib/python3.12/site-packages:/home/rassito/microros_ws/install/lifecycle_msgs/lib/python3.12/site-packages:/home/rassito/microros_ws/install/example_interfaces/lib/python3.12/site-packages:/home/rassito/microros_ws/install/complex_msgs/lib/python3.12/site-packages:/home/rassito/ros_ws/build/super_pkg:/home/rassito/ros_ws/install/super_pkg/lib/python3.12/site-packages:/opt/ros/jazzy/lib/python3.12/site-packages /usr/bin/cmake --install /home/rassito/microros_ws/build/drive_base_msgs
[0.568s] -- Install configuration: ""
[0.568s] -- Up-to-date: /home/rassito/microros_ws/install/drive_base_msgs/share/ament_index/resource_index/rosidl_interfaces/drive_base_msgs
[0.568s] -- Up-to-date: /home/rassito/microros_ws/install/drive_base_msgs/share/drive_base_msgs/msg/CommandHeader.json
[0.568s] -- Up-to-date: /home/rassito/microros_ws/install/drive_base_msgs/share/drive_base_msgs/msg/BaseInfo.json
[0.568s] -- Up-to-date: /home/rassito/microros_ws/install/drive_base_msgs/share/drive_base_msgs/msg/CommandStatus.json
[0.569s] -- Up-to-date: /home/rassito/microros_ws/install/drive_base_msgs/share/drive_base_msgs/msg/TRVCommand.json
[0.569s] -- Up-to-date: /home/rassito/microros_ws/install/drive_base_msgs/include/drive_base_msgs/drive_base_msgs
[0.569s] -- Up-to-date: /home/rassito/microros_ws/install/drive_base_msgs/include/drive_base_msgs/drive_base_msgs/msg
[0.569s] -- Up-to-date: /home/rassito/microros_ws/install/drive_base_msgs/include/drive_base_msgs/drive_base_msgs/msg/command_status.h
[0.569s] -- Up-to-date: /home/rassito/microros_ws/install/drive_base_msgs/include/drive_base_msgs/drive_base_msgs/msg/command_header.h
[0.569s] -- Up-to-date: /home/rassito/microros_ws/install/drive_base_msgs/include/drive_base_msgs/drive_base_msgs/msg/base_info.h
[0.569s] -- Up-to-date: /home/rassito/microros_ws/install/drive_base_msgs/include/drive_base_msgs/drive_base_msgs/msg/detail
[0.569s] -- Up-to-date: /home/rassito/microros_ws/install/drive_base_msgs/include/drive_base_msgs/drive_base_msgs/msg/detail/command_header__type_support.h
[0.569s] -- Up-to-date: /home/rassito/microros_ws/install/drive_base_msgs/include/drive_base_msgs/drive_base_msgs/msg/detail/command_header__functions.h
[0.570s] -- Up-to-date: /home/rassito/microros_ws/install/drive_base_msgs/include/drive_base_msgs/drive_base_msgs/msg/detail/command_header__struct.h
[0.570s] -- Up-to-date: /home/rassito/microros_ws/install/drive_base_msgs/include/drive_base_msgs/drive_base_msgs/msg/detail/command_header__type_support.c
[0.570s] -- Up-to-date: /home/rassito/microros_ws/install/drive_base_msgs/include/drive_base_msgs/drive_base_msgs/msg/detail/command_status__functions.h
[0.570s] -- Up-to-date: /home/rassito/microros_ws/install/drive_base_msgs/include/drive_base_msgs/drive_base_msgs/msg/detail/command_status__type_support.c
[0.570s] -- Up-to-date: /home/rassito/microros_ws/install/drive_base_msgs/include/drive_base_msgs/drive_base_msgs/msg/detail/base_info__struct.h
[0.570s] -- Up-to-date: /home/rassito/microros_ws/install/drive_base_msgs/include/drive_base_msgs/drive_base_msgs/msg/detail/trv_command__type_support.c
[0.570s] -- Up-to-date: /home/rassito/microros_ws/install/drive_base_msgs/include/drive_base_msgs/drive_base_msgs/msg/detail/trv_command__description.c
[0.570s] -- Up-to-date: /home/rassito/microros_ws/install/drive_base_msgs/include/drive_base_msgs/drive_base_msgs/msg/detail/trv_command__type_support.h
[0.570s] -- Up-to-date: /home/rassito/microros_ws/install/drive_base_msgs/include/drive_base_msgs/drive_base_msgs/msg/detail/command_status__functions.c
[0.570s] -- Up-to-date: /home/rassito/microros_ws/install/drive_base_msgs/include/drive_base_msgs/drive_base_msgs/msg/detail/command_status__type_support.h
[0.570s] -- Up-to-date: /home/rassito/microros_ws/install/drive_base_msgs/include/drive_base_msgs/drive_base_msgs/msg/detail/base_info__type_support.c
[0.570s] -- Up-to-date: /home/rassito/microros_ws/install/drive_base_msgs/include/drive_base_msgs/drive_base_msgs/msg/detail/trv_command__functions.c
[0.570s] -- Up-to-date: /home/rassito/microros_ws/install/drive_base_msgs/include/drive_base_msgs/drive_base_msgs/msg/detail/trv_command__struct.h
[0.570s] -- Up-to-date: /home/rassito/microros_ws/install/drive_base_msgs/include/drive_base_msgs/drive_base_msgs/msg/detail/command_header__functions.c
[0.570s] -- Up-to-date: /home/rassito/microros_ws/install/drive_base_msgs/include/drive_base_msgs/drive_base_msgs/msg/detail/base_info__description.c
[0.571s] -- Up-to-date: /home/rassito/microros_ws/install/drive_base_msgs/include/drive_base_msgs/drive_base_msgs/msg/detail/command_status__struct.h
[0.571s] -- Up-to-date: /home/rassito/microros_ws/install/drive_base_msgs/include/drive_base_msgs/drive_base_msgs/msg/detail/trv_command__functions.h
[0.571s] -- Up-to-date: /home/rassito/microros_ws/install/drive_base_msgs/include/drive_base_msgs/drive_base_msgs/msg/detail/base_info__type_support.h
[0.571s] -- Up-to-date: /home/rassito/microros_ws/install/drive_base_msgs/include/drive_base_msgs/drive_base_msgs/msg/detail/command_status__description.c
[0.571s] -- Up-to-date: /home/rassito/microros_ws/install/drive_base_msgs/include/drive_base_msgs/drive_base_msgs/msg/detail/command_header__description.c
[0.571s] -- Up-to-date: /home/rassito/microros_ws/install/drive_base_msgs/include/drive_base_msgs/drive_base_msgs/msg/detail/base_info__functions.c
[0.571s] -- Up-to-date: /home/rassito/microros_ws/install/drive_base_msgs/include/drive_base_msgs/drive_base_msgs/msg/detail/base_info__functions.h
[0.571s] -- Up-to-date: /home/rassito/microros_ws/install/drive_base_msgs/include/drive_base_msgs/drive_base_msgs/msg/trv_command.h
[0.571s] -- Up-to-date: /home/rassito/microros_ws/install/drive_base_msgs/include/drive_base_msgs/drive_base_msgs/msg/rosidl_generator_c__visibility_control.h
[0.571s] -- Up-to-date: /home/rassito/microros_ws/install/drive_base_msgs/share/drive_base_msgs/environment/library_path.sh
[0.571s] -- Up-to-date: /home/rassito/microros_ws/install/drive_base_msgs/share/drive_base_msgs/environment/library_path.dsv
[0.571s] -- Up-to-date: /home/rassito/microros_ws/install/drive_base_msgs/lib/libdrive_base_msgs__rosidl_generator_c.so
[0.571s] -- Up-to-date: /home/rassito/microros_ws/install/drive_base_msgs/include/drive_base_msgs/drive_base_msgs
[0.571s] -- Up-to-date: /home/rassito/microros_ws/install/drive_base_msgs/include/drive_base_msgs/drive_base_msgs/msg
[0.571s] -- Up-to-date: /home/rassito/microros_ws/install/drive_base_msgs/include/drive_base_msgs/drive_base_msgs/msg/rosidl_typesupport_fastrtps_c__visibility_control.h
[0.571s] -- Up-to-date: /home/rassito/microros_ws/install/drive_base_msgs/include/drive_base_msgs/drive_base_msgs/msg/detail
[0.571s] -- Up-to-date: /home/rassito/microros_ws/install/drive_base_msgs/include/drive_base_msgs/drive_base_msgs/msg/detail/base_info__rosidl_typesupport_fastrtps_c.h
[0.572s] -- Up-to-date: /home/rassito/microros_ws/install/drive_base_msgs/include/drive_base_msgs/drive_base_msgs/msg/detail/trv_command__rosidl_typesupport_fastrtps_c.h
[0.572s] -- Up-to-date: /home/rassito/microros_ws/install/drive_base_msgs/include/drive_base_msgs/drive_base_msgs/msg/detail/command_header__rosidl_typesupport_fastrtps_c.h
[0.572s] -- Up-to-date: /home/rassito/microros_ws/install/drive_base_msgs/include/drive_base_msgs/drive_base_msgs/msg/detail/command_status__rosidl_typesupport_fastrtps_c.h
[0.572s] -- Up-to-date: /home/rassito/microros_ws/install/drive_base_msgs/lib/libdrive_base_msgs__rosidl_typesupport_fastrtps_c.so
[0.572s] -- Up-to-date: /home/rassito/microros_ws/install/drive_base_msgs/include/drive_base_msgs/drive_base_msgs
[0.572s] -- Up-to-date: /home/rassito/microros_ws/install/drive_base_msgs/include/drive_base_msgs/drive_base_msgs/msg
[0.572s] -- Up-to-date: /home/rassito/microros_ws/install/drive_base_msgs/include/drive_base_msgs/drive_base_msgs/msg/command_status.hpp
[0.572s] -- Up-to-date: /home/rassito/microros_ws/install/drive_base_msgs/include/drive_base_msgs/drive_base_msgs/msg/rosidl_generator_cpp__visibility_control.hpp
[0.572s] -- Up-to-date: /home/rassito/microros_ws/install/drive_base_msgs/include/drive_base_msgs/drive_base_msgs/msg/base_info.hpp
[0.572s] -- Up-to-date: /home/rassito/microros_ws/install/drive_base_msgs/include/drive_base_msgs/drive_base_msgs/msg/command_header.hpp
[0.572s] -- Up-to-date: /home/rassito/microros_ws/install/drive_base_msgs/include/drive_base_msgs/drive_base_msgs/msg/trv_command.hpp
[0.572s] -- Up-to-date: /home/rassito/microros_ws/install/drive_base_msgs/include/drive_base_msgs/drive_base_msgs/msg/detail
[0.572s] -- Up-to-date: /home/rassito/microros_ws/install/drive_base_msgs/include/drive_base_msgs/drive_base_msgs/msg/detail/base_info__type_support.hpp
[0.572s] -- Up-to-date: /home/rassito/microros_ws/install/drive_base_msgs/include/drive_base_msgs/drive_base_msgs/msg/detail/command_header__type_support.hpp
[0.572s] -- Up-to-date: /home/rassito/microros_ws/install/drive_base_msgs/include/drive_base_msgs/drive_base_msgs/msg/detail/trv_command__traits.hpp
[0.572s] -- Up-to-date: /home/rassito/microros_ws/install/drive_base_msgs/include/drive_base_msgs/drive_base_msgs/msg/detail/base_info__traits.hpp
[0.572s] -- Up-to-date: /home/rassito/microros_ws/install/drive_base_msgs/include/drive_base_msgs/drive_base_msgs/msg/detail/base_info__builder.hpp
[0.572s] -- Up-to-date: /home/rassito/microros_ws/install/drive_base_msgs/include/drive_base_msgs/drive_base_msgs/msg/detail/command_header__builder.hpp
[0.572s] -- Up-to-date: /home/rassito/microros_ws/install/drive_base_msgs/include/drive_base_msgs/drive_base_msgs/msg/detail/command_status__builder.hpp
[0.573s] -- Up-to-date: /home/rassito/microros_ws/install/drive_base_msgs/include/drive_base_msgs/drive_base_msgs/msg/detail/command_status__traits.hpp
[0.573s] -- Up-to-date: /home/rassito/microros_ws/install/drive_base_msgs/include/drive_base_msgs/drive_base_msgs/msg/detail/trv_command__type_support.hpp
[0.573s] -- Up-to-date: /home/rassito/microros_ws/install/drive_base_msgs/include/drive_base_msgs/drive_base_msgs/msg/detail/trv_command__struct.hpp
[0.573s] -- Up-to-date: /home/rassito/microros_ws/install/drive_base_msgs/include/drive_base_msgs/drive_base_msgs/msg/detail/trv_command__builder.hpp
[0.573s] -- Up-to-date: /home/rassito/microros_ws/install/drive_base_msgs/include/drive_base_msgs/drive_base_msgs/msg/detail/command_header__struct.hpp
[0.573s] -- Up-to-date: /home/rassito/microros_ws/install/drive_base_msgs/include/drive_base_msgs/drive_base_msgs/msg/detail/command_header__traits.hpp
[0.573s] -- Up-to-date: /home/rassito/microros_ws/install/drive_base_msgs/include/drive_base_msgs/drive_base_msgs/msg/detail/command_status__struct.hpp
[0.573s] -- Up-to-date: /home/rassito/microros_ws/install/drive_base_msgs/include/drive_base_msgs/drive_base_msgs/msg/detail/base_info__struct.hpp
[0.573s] -- Up-to-date: /home/rassito/microros_ws/install/drive_base_msgs/include/drive_base_msgs/drive_base_msgs/msg/detail/command_status__type_support.hpp
[0.573s] -- Up-to-date: /home/rassito/microros_ws/install/drive_base_msgs/include/drive_base_msgs/drive_base_msgs
[0.573s] -- Up-to-date: /home/rassito/microros_ws/install/drive_base_msgs/include/drive_base_msgs/drive_base_msgs/msg
[0.573s] -- Up-to-date: /home/rassito/microros_ws/install/drive_base_msgs/include/drive_base_msgs/drive_base_msgs/msg/rosidl_typesupport_fastrtps_cpp__visibility_control.h
[0.573s] -- Up-to-date: /home/rassito/microros_ws/install/drive_base_msgs/include/drive_base_msgs/drive_base_msgs/msg/detail
[0.573s] -- Up-to-date: /home/rassito/microros_ws/install/drive_base_msgs/include/drive_base_msgs/drive_base_msgs/msg/detail/command_status__rosidl_typesupport_fastrtps_cpp.hpp
[0.573s] -- Up-to-date: /home/rassito/microros_ws/install/drive_base_msgs/include/drive_base_msgs/drive_base_msgs/msg/detail/command_header__rosidl_typesupport_fastrtps_cpp.hpp
[0.573s] -- Up-to-date: /home/rassito/microros_ws/install/drive_base_msgs/include/drive_base_msgs/drive_base_msgs/msg/detail/trv_command__rosidl_typesupport_fastrtps_cpp.hpp
[0.573s] -- Up-to-date: /home/rassito/microros_ws/install/drive_base_msgs/include/drive_base_msgs/drive_base_msgs/msg/detail/base_info__rosidl_typesupport_fastrtps_cpp.hpp
[0.573s] -- Up-to-date: /home/rassito/microros_ws/install/drive_base_msgs/include/drive_base_msgs/drive_base_msgs/msg/detail/dds_fastrtps
[0.573s] -- Up-to-date: /home/rassito/microros_ws/install/drive_base_msgs/lib/libdrive_base_msgs__rosidl_typesupport_fastrtps_cpp.so
[0.574s] -- Up-to-date: /home/rassito/microros_ws/install/drive_base_msgs/include/drive_base_msgs
[0.574s] -- Up-to-date: /home/rassito/microros_ws/install/drive_base_msgs/include/drive_base_msgs/msg
[0.574s] -- Up-to-date: /home/rassito/microros_ws/install/drive_base_msgs/include/drive_base_msgs/msg/detail
[0.574s] -- Up-to-date: /home/rassito/microros_ws/install/drive_base_msgs/include/drive_base_msgs/msg/detail/microxrcedds
[0.574s] -- Up-to-date: /home/rassito/microros_ws/install/drive_base_msgs/include/drive_base_msgs/msg/detail/command_header__rosidl_typesupport_microxrcedds_c.h
[0.574s] -- Up-to-date: /home/rassito/microros_ws/install/drive_base_msgs/include/drive_base_msgs/msg/detail/command_status__rosidl_typesupport_microxrcedds_c.h
[0.574s] -- Up-to-date: /home/rassito/microros_ws/install/drive_base_msgs/include/drive_base_msgs/msg/detail/base_info__rosidl_typesupport_microxrcedds_c.h
[0.574s] -- Up-to-date: /home/rassito/microros_ws/install/drive_base_msgs/include/drive_base_msgs/msg/detail/trv_command__rosidl_typesupport_microxrcedds_c.h
[0.574s] -- Up-to-date: /home/rassito/microros_ws/install/drive_base_msgs/include/drive_base_msgs/msg/rosidl_typesupport_microxrcedds_c__visibility_control.h
[0.574s] -- Up-to-date: /home/rassito/microros_ws/install/drive_base_msgs/lib/libdrive_base_msgs__rosidl_typesupport_microxrcedds_c.so
[0.574s] -- Up-to-date: /home/rassito/microros_ws/install/drive_base_msgs/include/drive_base_msgs/drive_base_msgs
[0.574s] -- Up-to-date: /home/rassito/microros_ws/install/drive_base_msgs/include/drive_base_msgs/drive_base_msgs/msg
[0.574s] -- Up-to-date: /home/rassito/microros_ws/install/drive_base_msgs/include/drive_base_msgs/drive_base_msgs/msg/rosidl_typesupport_introspection_c__visibility_control.h
[0.574s] -- Up-to-date: /home/rassito/microros_ws/install/drive_base_msgs/include/drive_base_msgs/drive_base_msgs/msg/detail
[0.574s] -- Up-to-date: /home/rassito/microros_ws/install/drive_base_msgs/include/drive_base_msgs/drive_base_msgs/msg/detail/base_info__rosidl_typesupport_introspection_c.h
[0.574s] -- Up-to-date: /home/rassito/microros_ws/install/drive_base_msgs/include/drive_base_msgs/drive_base_msgs/msg/detail/command_header__type_support.c
[0.574s] -- Up-to-date: /home/rassito/microros_ws/install/drive_base_msgs/include/drive_base_msgs/drive_base_msgs/msg/detail/command_status__type_support.c
[0.575s] -- Up-to-date: /home/rassito/microros_ws/install/drive_base_msgs/include/drive_base_msgs/drive_base_msgs/msg/detail/trv_command__type_support.c
[0.575s] -- Up-to-date: /home/rassito/microros_ws/install/drive_base_msgs/include/drive_base_msgs/drive_base_msgs/msg/detail/command_status__rosidl_typesupport_introspection_c.h
[0.575s] -- Up-to-date: /home/rassito/microros_ws/install/drive_base_msgs/include/drive_base_msgs/drive_base_msgs/msg/detail/base_info__type_support.c
[0.575s] -- Up-to-date: /home/rassito/microros_ws/install/drive_base_msgs/include/drive_base_msgs/drive_base_msgs/msg/detail/trv_command__rosidl_typesupport_introspection_c.h
[0.575s] -- Up-to-date: /home/rassito/microros_ws/install/drive_base_msgs/include/drive_base_msgs/drive_base_msgs/msg/detail/command_header__rosidl_typesupport_introspection_c.h
[0.575s] -- Up-to-date: /home/rassito/microros_ws/install/drive_base_msgs/lib/libdrive_base_msgs__rosidl_typesupport_introspection_c.so
[0.575s] -- Up-to-date: /home/rassito/microros_ws/install/drive_base_msgs/lib/libdrive_base_msgs__rosidl_typesupport_c.so
[0.575s] -- Up-to-date: /home/rassito/microros_ws/install/drive_base_msgs/include/drive_base_msgs
[0.575s] -- Up-to-date: /home/rassito/microros_ws/install/drive_base_msgs/include/drive_base_msgs/msg
[0.575s] -- Up-to-date: /home/rassito/microros_ws/install/drive_base_msgs/include/drive_base_msgs/msg/rosidl_typesupport_microxrcedds_cpp__visibility_control.h
[0.575s] -- Up-to-date: /home/rassito/microros_ws/install/drive_base_msgs/include/drive_base_msgs/msg/detail
[0.575s] -- Up-to-date: /home/rassito/microros_ws/install/drive_base_msgs/include/drive_base_msgs/msg/detail/microxrcedds
[0.575s] -- Up-to-date: /home/rassito/microros_ws/install/drive_base_msgs/include/drive_base_msgs/msg/detail/microxrcedds/base_info__type_support_cpp.cpp
[0.575s] -- Up-to-date: /home/rassito/microros_ws/install/drive_base_msgs/include/drive_base_msgs/msg/detail/microxrcedds/command_header__type_support_cpp.cpp
[0.575s] -- Up-to-date: /home/rassito/microros_ws/install/drive_base_msgs/include/drive_base_msgs/msg/detail/microxrcedds/trv_command__type_support_cpp.cpp
[0.575s] -- Up-to-date: /home/rassito/microros_ws/install/drive_base_msgs/include/drive_base_msgs/msg/detail/microxrcedds/command_status__type_support_cpp.cpp
[0.575s] -- Up-to-date: /home/rassito/microros_ws/install/drive_base_msgs/include/drive_base_msgs/msg/detail/base_info__rosidl_typesupport_microxrcedds_cpp.hpp
[0.575s] -- Up-to-date: /home/rassito/microros_ws/install/drive_base_msgs/include/drive_base_msgs/msg/detail/command_header__rosidl_typesupport_microxrcedds_cpp.hpp
[0.575s] -- Up-to-date: /home/rassito/microros_ws/install/drive_base_msgs/include/drive_base_msgs/msg/detail/trv_command__rosidl_typesupport_microxrcedds_cpp.hpp
[0.575s] -- Up-to-date: /home/rassito/microros_ws/install/drive_base_msgs/include/drive_base_msgs/msg/detail/command_status__rosidl_typesupport_microxrcedds_cpp.hpp
[0.575s] -- Up-to-date: /home/rassito/microros_ws/install/drive_base_msgs/lib/libdrive_base_msgs__rosidl_typesupport_microxrcedds_cpp.so
[0.575s] -- Up-to-date: /home/rassito/microros_ws/install/drive_base_msgs/include/drive_base_msgs/drive_base_msgs
[0.576s] -- Up-to-date: /home/rassito/microros_ws/install/drive_base_msgs/include/drive_base_msgs/drive_base_msgs/msg
[0.576s] -- Up-to-date: /home/rassito/microros_ws/install/drive_base_msgs/include/drive_base_msgs/drive_base_msgs/msg/detail
[0.576s] -- Up-to-date: /home/rassito/microros_ws/install/drive_base_msgs/include/drive_base_msgs/drive_base_msgs/msg/detail/base_info__type_support.cpp
[0.576s] -- Up-to-date: /home/rassito/microros_ws/install/drive_base_msgs/include/drive_base_msgs/drive_base_msgs/msg/detail/base_info__rosidl_typesupport_introspection_cpp.hpp
[0.576s] -- Up-to-date: /home/rassito/microros_ws/install/drive_base_msgs/include/drive_base_msgs/drive_base_msgs/msg/detail/trv_command__type_support.cpp
[0.576s] -- Up-to-date: /home/rassito/microros_ws/install/drive_base_msgs/include/drive_base_msgs/drive_base_msgs/msg/detail/command_status__rosidl_typesupport_introspection_cpp.hpp
[0.576s] -- Up-to-date: /home/rassito/microros_ws/install/drive_base_msgs/include/drive_base_msgs/drive_base_msgs/msg/detail/command_header__type_support.cpp
[0.576s] -- Up-to-date: /home/rassito/microros_ws/install/drive_base_msgs/include/drive_base_msgs/drive_base_msgs/msg/detail/trv_command__rosidl_typesupport_introspection_cpp.hpp
[0.576s] -- Up-to-date: /home/rassito/microros_ws/install/drive_base_msgs/include/drive_base_msgs/drive_base_msgs/msg/detail/command_header__rosidl_typesupport_introspection_cpp.hpp
[0.576s] -- Up-to-date: /home/rassito/microros_ws/install/drive_base_msgs/include/drive_base_msgs/drive_base_msgs/msg/detail/command_status__type_support.cpp
[0.576s] -- Up-to-date: /home/rassito/microros_ws/install/drive_base_msgs/lib/libdrive_base_msgs__rosidl_typesupport_introspection_cpp.so
[0.576s] -- Up-to-date: /home/rassito/microros_ws/install/drive_base_msgs/lib/libdrive_base_msgs__rosidl_typesupport_cpp.so
[0.576s] -- Up-to-date: /home/rassito/microros_ws/install/drive_base_msgs/share/drive_base_msgs/environment/pythonpath.sh
[0.576s] -- Up-to-date: /home/rassito/microros_ws/install/drive_base_msgs/share/drive_base_msgs/environment/pythonpath.dsv
[0.576s] -- Up-to-date: /home/rassito/microros_ws/install/drive_base_msgs/lib/python3.12/site-packages/drive_base_msgs-0.0.0-py3.12.egg-info
[0.576s] -- Installing: /home/rassito/microros_ws/install/drive_base_msgs/lib/python3.12/site-packages/drive_base_msgs-0.0.0-py3.12.egg-info/top_level.txt
[0.576s] -- Installing: /home/rassito/microros_ws/install/drive_base_msgs/lib/python3.12/site-packages/drive_base_msgs-0.0.0-py3.12.egg-info/PKG-INFO
[0.577s] -- Installing: /home/rassito/microros_ws/install/drive_base_msgs/lib/python3.12/site-packages/drive_base_msgs-0.0.0-py3.12.egg-info/dependency_links.txt
[0.577s] -- Installing: /home/rassito/microros_ws/install/drive_base_msgs/lib/python3.12/site-packages/drive_base_msgs-0.0.0-py3.12.egg-info/SOURCES.txt
[0.577s] -- Up-to-date: /home/rassito/microros_ws/install/drive_base_msgs/lib/python3.12/site-packages/drive_base_msgs
[0.577s] -- Up-to-date: /home/rassito/microros_ws/install/drive_base_msgs/lib/python3.12/site-packages/drive_base_msgs/drive_base_msgs_s__rosidl_typesupport_fastrtps_c.so
[0.577s] -- Up-to-date: /home/rassito/microros_ws/install/drive_base_msgs/lib/python3.12/site-packages/drive_base_msgs/_drive_base_msgs_s.ep.rosidl_typesupport_introspection_c.c
[0.577s] -- Up-to-date: /home/rassito/microros_ws/install/drive_base_msgs/lib/python3.12/site-packages/drive_base_msgs/_drive_base_msgs_s.ep.rosidl_typesupport_c.c
[0.577s] -- Up-to-date: /home/rassito/microros_ws/install/drive_base_msgs/lib/python3.12/site-packages/drive_base_msgs/_drive_base_msgs_s.ep.rosidl_typesupport_fastrtps_c.c
[0.577s] -- Up-to-date: /home/rassito/microros_ws/install/drive_base_msgs/lib/python3.12/site-packages/drive_base_msgs/_drive_base_msgs_s.ep.rosidl_typesupport_microxrcedds_c.c
[0.577s] -- Up-to-date: /home/rassito/microros_ws/install/drive_base_msgs/lib/python3.12/site-packages/drive_base_msgs/drive_base_msgs_s__rosidl_typesupport_c.so
[0.577s] -- Up-to-date: /home/rassito/microros_ws/install/drive_base_msgs/lib/python3.12/site-packages/drive_base_msgs/drive_base_msgs_s__rosidl_typesupport_microxrcedds_c.so
[0.577s] -- Up-to-date: /home/rassito/microros_ws/install/drive_base_msgs/lib/python3.12/site-packages/drive_base_msgs/drive_base_msgs_s__rosidl_typesupport_introspection_c.so
[0.577s] -- Up-to-date: /home/rassito/microros_ws/install/drive_base_msgs/lib/python3.12/site-packages/drive_base_msgs/msg
[0.577s] -- Up-to-date: /home/rassito/microros_ws/install/drive_base_msgs/lib/python3.12/site-packages/drive_base_msgs/msg/_base_info.py
[0.577s] -- Up-to-date: /home/rassito/microros_ws/install/drive_base_msgs/lib/python3.12/site-packages/drive_base_msgs/msg/_command_header_s.c
[0.577s] -- Up-to-date: /home/rassito/microros_ws/install/drive_base_msgs/lib/python3.12/site-packages/drive_base_msgs/msg/_trv_command_s.c
[0.577s] -- Up-to-date: /home/rassito/microros_ws/install/drive_base_msgs/lib/python3.12/site-packages/drive_base_msgs/msg/_command_header.py
[0.577s] -- Up-to-date: /home/rassito/microros_ws/install/drive_base_msgs/lib/python3.12/site-packages/drive_base_msgs/msg/_command_status_s.c
[0.577s] -- Up-to-date: /home/rassito/microros_ws/install/drive_base_msgs/lib/python3.12/site-packages/drive_base_msgs/msg/_command_status.py
[0.577s] -- Up-to-date: /home/rassito/microros_ws/install/drive_base_msgs/lib/python3.12/site-packages/drive_base_msgs/msg/_trv_command.py
[0.577s] -- Up-to-date: /home/rassito/microros_ws/install/drive_base_msgs/lib/python3.12/site-packages/drive_base_msgs/msg/__init__.py
[0.577s] -- Up-to-date: /home/rassito/microros_ws/install/drive_base_msgs/lib/python3.12/site-packages/drive_base_msgs/msg/_base_info_s.c
[0.578s] -- Up-to-date: /home/rassito/microros_ws/install/drive_base_msgs/lib/python3.12/site-packages/drive_base_msgs/__init__.py
[0.618s] Listing '/home/rassito/microros_ws/install/drive_base_msgs/lib/python3.12/site-packages/drive_base_msgs'...
[0.618s] Listing '/home/rassito/microros_ws/install/drive_base_msgs/lib/python3.12/site-packages/drive_base_msgs/msg'...
[0.631s] -- Up-to-date: /home/rassito/microros_ws/install/drive_base_msgs/lib/python3.12/site-packages/drive_base_msgs/drive_base_msgs_s__rosidl_typesupport_microxrcedds_c.so
[0.631s] -- Up-to-date: /home/rassito/microros_ws/install/drive_base_msgs/lib/python3.12/site-packages/drive_base_msgs/drive_base_msgs_s__rosidl_typesupport_fastrtps_c.so
[0.631s] -- Up-to-date: /home/rassito/microros_ws/install/drive_base_msgs/lib/python3.12/site-packages/drive_base_msgs/drive_base_msgs_s__rosidl_typesupport_introspection_c.so
[0.631s] -- Up-to-date: /home/rassito/microros_ws/install/drive_base_msgs/lib/python3.12/site-packages/drive_base_msgs/drive_base_msgs_s__rosidl_typesupport_c.so
[0.633s] -- Up-to-date: /home/rassito/microros_ws/install/drive_base_msgs/lib/libdrive_base_msgs__rosidl_generator_py.so
[0.633s] -- Up-to-date: /home/rassito/microros_ws/install/drive_base_msgs/share/drive_base_msgs/msg/CommandHeader.idl
[0.633s] -- Up-to-date: /home/rassito/microros_ws/install/drive_base_msgs/share/drive_base_msgs/msg/BaseInfo.idl
[0.633s] -- Up-to-date: /home/rassito/microros_ws/install/drive_base_msgs/share/drive_base_msgs/msg/CommandStatus.idl
[0.633s] -- Up-to-date: /home/rassito/microros_ws/install/drive_base_msgs/share/drive_base_msgs/msg/TRVCommand.idl
[0.633s] -- Up-to-date: /home/rassito/microros_ws/install/drive_base_msgs/share/drive_base_msgs/msg/CommandHeader.msg
[0.633s] -- Up-to-date: /home/rassito/microros_ws/install/drive_base_msgs/share/drive_base_msgs/msg/BaseInfo.msg
[0.633s] -- Up-to-date: /home/rassito/microros_ws/install/drive_base_msgs/share/drive_base_msgs/msg/CommandStatus.msg
[0.633s] -- Up-to-date: /home/rassito/microros_ws/install/drive_base_msgs/share/drive_base_msgs/msg/TRVCommand.msg
[0.633s] -- Up-to-date: /home/rassito/microros_ws/install/drive_base_msgs/share/ament_index/resource_index/package_run_dependencies/drive_base_msgs
[0.633s] -- Up-to-date: /home/rassito/microros_ws/install/drive_base_msgs/share/ament_index/resource_index/parent_prefix_path/drive_base_msgs
[0.633s] -- Up-to-date: /home/rassito/microros_ws/install/drive_base_msgs/share/drive_base_msgs/environment/ament_prefix_path.sh
[0.633s] -- Up-to-date: /home/rassito/microros_ws/install/drive_base_msgs/share/drive_base_msgs/environment/ament_prefix_path.dsv
[0.633s] -- Up-to-date: /home/rassito/microros_ws/install/drive_base_msgs/share/drive_base_msgs/environment/path.sh
[0.633s] -- Up-to-date: /home/rassito/microros_ws/install/drive_base_msgs/share/drive_base_msgs/environment/path.dsv
[0.633s] -- Up-to-date: /home/rassito/microros_ws/install/drive_base_msgs/share/drive_base_msgs/local_setup.bash
[0.635s] -- Up-to-date: /home/rassito/microros_ws/install/drive_base_msgs/share/drive_base_msgs/local_setup.sh
[0.637s] -- Up-to-date: /home/rassito/microros_ws/install/drive_base_msgs/share/drive_base_msgs/local_setup.zsh
[0.637s] -- Up-to-date: /home/rassito/microros_ws/install/drive_base_msgs/share/drive_base_msgs/local_setup.dsv
[0.637s] -- Installing: /home/rassito/microros_ws/install/drive_base_msgs/share/drive_base_msgs/package.dsv
[0.637s] -- Up-to-date: /home/rassito/microros_ws/install/drive_base_msgs/share/ament_index/resource_index/packages/drive_base_msgs
[0.637s] -- Up-to-date: /home/rassito/microros_ws/install/drive_base_msgs/share/drive_base_msgs/cmake/export_drive_base_msgs__rosidl_generator_cExport.cmake
[0.637s] -- Up-to-date: /home/rassito/microros_ws/install/drive_base_msgs/share/drive_base_msgs/cmake/export_drive_base_msgs__rosidl_generator_cExport-noconfig.cmake
[0.637s] -- Up-to-date: /home/rassito/microros_ws/install/drive_base_msgs/share/drive_base_msgs/cmake/export_drive_base_msgs__rosidl_typesupport_fastrtps_cExport.cmake
[0.637s] -- Up-to-date: /home/rassito/microros_ws/install/drive_base_msgs/share/drive_base_msgs/cmake/export_drive_base_msgs__rosidl_typesupport_fastrtps_cExport-noconfig.cmake
[0.637s] -- Up-to-date: /home/rassito/microros_ws/install/drive_base_msgs/share/drive_base_msgs/cmake/export_drive_base_msgs__rosidl_generator_cppExport.cmake
[0.637s] -- Up-to-date: /home/rassito/microros_ws/install/drive_base_msgs/share/drive_base_msgs/cmake/export_drive_base_msgs__rosidl_typesupport_fastrtps_cppExport.cmake
[0.637s] -- Up-to-date: /home/rassito/microros_ws/install/drive_base_msgs/share/drive_base_msgs/cmake/export_drive_base_msgs__rosidl_typesupport_fastrtps_cppExport-noconfig.cmake
[0.637s] -- Up-to-date: /home/rassito/microros_ws/install/drive_base_msgs/share/drive_base_msgs/cmake/drive_base_msgs__rosidl_typesupport_introspection_cExport.cmake
[0.637s] -- Up-to-date: /home/rassito/microros_ws/install/drive_base_msgs/share/drive_base_msgs/cmake/drive_base_msgs__rosidl_typesupport_introspection_cExport-noconfig.cmake
[0.637s] -- Up-to-date: /home/rassito/microros_ws/install/drive_base_msgs/share/drive_base_msgs/cmake/drive_base_msgs__rosidl_typesupport_cExport.cmake
[0.637s] -- Up-to-date: /home/rassito/microros_ws/install/drive_base_msgs/share/drive_base_msgs/cmake/drive_base_msgs__rosidl_typesupport_cExport-noconfig.cmake
[0.637s] -- Up-to-date: /home/rassito/microros_ws/install/drive_base_msgs/share/drive_base_msgs/cmake/drive_base_msgs__rosidl_typesupport_introspection_cppExport.cmake
[0.637s] -- Up-to-date: /home/rassito/microros_ws/install/drive_base_msgs/share/drive_base_msgs/cmake/drive_base_msgs__rosidl_typesupport_introspection_cppExport-noconfig.cmake
[0.637s] -- Up-to-date: /home/rassito/microros_ws/install/drive_base_msgs/share/drive_base_msgs/cmake/drive_base_msgs__rosidl_typesupport_cppExport.cmake
[0.637s] -- Up-to-date: /home/rassito/microros_ws/install/drive_base_msgs/share/drive_base_msgs/cmake/drive_base_msgs__rosidl_typesupport_cppExport-noconfig.cmake
[0.637s] -- Up-to-date: /home/rassito/microros_ws/install/drive_base_msgs/share/drive_base_msgs/cmake/export_drive_base_msgs__rosidl_generator_pyExport.cmake
[0.637s] -- Up-to-date: /home/rassito/microros_ws/install/drive_base_msgs/share/drive_base_msgs/cmake/export_drive_base_msgs__rosidl_generator_pyExport-noconfig.cmake
[0.638s] -- Up-to-date: /home/rassito/microros_ws/install/drive_base_msgs/share/drive_base_msgs/cmake/rosidl_cmake-extras.cmake
[0.638s] -- Up-to-date: /home/rassito/microros_ws/install/drive_base_msgs/share/drive_base_msgs/cmake/ament_cmake_export_dependencies-extras.cmake
[0.638s] -- Up-to-date: /home/rassito/microros_ws/install/drive_base_msgs/share/drive_base_msgs/cmake/ament_cmake_export_include_directories-extras.cmake
[0.638s] -- Up-to-date: /home/rassito/microros_ws/install/drive_base_msgs/share/drive_base_msgs/cmake/ament_cmake_export_libraries-extras.cmake
[0.638s] -- Up-to-date: /home/rassito/microros_ws/install/drive_base_msgs/share/drive_base_msgs/cmake/ament_cmake_export_targets-extras.cmake
[0.638s] -- Up-to-date: /home/rassito/microros_ws/install/drive_base_msgs/share/drive_base_msgs/cmake/rosidl_cmake_export_typesupport_targets-extras.cmake
[0.638s] -- Up-to-date: /home/rassito/microros_ws/install/drive_base_msgs/share/drive_base_msgs/cmake/rosidl_cmake_export_typesupport_libraries-extras.cmake
[0.638s] -- Up-to-date: /home/rassito/microros_ws/install/drive_base_msgs/share/drive_base_msgs/cmake/drive_base_msgsConfig.cmake
[0.638s] -- Up-to-date: /home/rassito/microros_ws/install/drive_base_msgs/share/drive_base_msgs/cmake/drive_base_msgsConfig-version.cmake
[0.638s] -- Up-to-date: /home/rassito/microros_ws/install/drive_base_msgs/share/drive_base_msgs/package.xml
[0.675s] Invoked command in '/home/rassito/microros_ws/build/drive_base_msgs' returned '0': CMAKE_PREFIX_PATH=/home/rassito/microros_ws/install/std_msgs:/home/rassito/microros_ws/install/builtin_interfaces:/home/rassito/microros_ws/install/micro_ros_demos_rclc:/home/rassito/microros_ws/install/common_interfaces:/home/rassito/microros_ws/install/visualization_msgs:/home/rassito/microros_ws/install/action_msgs:/home/rassito/microros_ws/install/unique_identifier_msgs:/home/rassito/microros_ws/install/type_description_interfaces:/home/rassito/microros_ws/install/trajectory_msgs:/home/rassito/microros_ws/install/test_msgs:/home/rassito/microros_ws/install/test_interface_files:/home/rassito/microros_ws/install/stereo_msgs:/home/rassito/microros_ws/install/std_srvs:/home/rassito/microros_ws/install/shape_msgs:/home/rassito/microros_ws/install/sensor_msgs:/home/rassito/microros_ws/install/nav_msgs:/home/rassito/microros_ws/install/diagnostic_msgs:/home/rassito/microros_ws/install/geometry_msgs:/home/rassito/microros_ws/install/drive_base_msgs:/home/rassito/microros_ws/install/actionlib_msgs:/home/rassito/microros_ws/install/statistics_msgs:/home/rassito/microros_ws/install/service_msgs:/home/rassito/microros_ws/install/rosidl_typesupport_microxrcedds_test_msg:/home/rassito/microros_ws/install/rosidl_typesupport_microxrcedds_cpp_tests:/home/rassito/microros_ws/install/rmw_microxrcedds:/home/rassito/microros_ws/install/rosidl_typesupport_microxrcedds_cpp:/home/rassito/microros_ws/install/rosidl_typesupport_microxrcedds_c_tests:/home/rassito/microros_ws/install/rosidl_typesupport_microxrcedds_c:/home/rassito/microros_ws/install/rosgraph_msgs:/home/rassito/microros_ws/install/rclc_parameter:/home/rassito/microros_ws/install/rclc:/home/rassito/microros_ws/install/composition_interfaces:/home/rassito/microros_ws/install/rcl_interfaces:/home/rassito/microros_ws/install/microxrcedds_client:/home/rassito/microros_ws/install/microcdr:/home/rassito/microros_ws/install/micro_ros_utilities:/home/rassito/microros_ws/install/micro_ros_setup:/home/rassito/microros_ws/install/micro_ros_agent:/home/rassito/microros_ws/install/micro_ros_msgs:/home/rassito/microros_ws/install/lifecycle_msgs:/home/rassito/microros_ws/install/example_interfaces:/home/rassito/microros_ws/install/complex_msgs:/opt/ros/jazzy/opt/sdformat_vendor:/opt/ros/jazzy/opt/gz_math_vendor:/opt/ros/jazzy/opt/gz_utils_vendor:/opt/ros/jazzy/opt/gz_tools_vendor:/opt/ros/jazzy/opt/gz_cmake_vendor:/home/rassito/microros_ws/install/sensor_msgs_py:/home/rassito/ros_ws/install/super_pkg:/opt/ros/jazzy DEBUGINFOD_URLS=https://debuginfod.ubuntu.com LD_LIBRARY_PATH=/home/rassito/microros_ws/install/std_msgs/lib:/home/rassito/microros_ws/install/builtin_interfaces/lib:/home/rassito/microros_ws/install/visualization_msgs/lib:/home/rassito/microros_ws/install/action_msgs/lib:/home/rassito/microros_ws/install/unique_identifier_msgs/lib:/home/rassito/microros_ws/install/type_description_interfaces/lib:/home/rassito/microros_ws/install/trajectory_msgs/lib:/home/rassito/microros_ws/install/test_msgs/lib:/home/rassito/microros_ws/install/stereo_msgs/lib:/home/rassito/microros_ws/install/std_srvs/lib:/home/rassito/microros_ws/install/shape_msgs/lib:/home/rassito/microros_ws/install/sensor_msgs/lib:/home/rassito/microros_ws/install/nav_msgs/lib:/home/rassito/microros_ws/install/diagnostic_msgs/lib:/home/rassito/microros_ws/install/geometry_msgs/lib:/home/rassito/microros_ws/install/drive_base_msgs/lib:/home/rassito/microros_ws/install/actionlib_msgs/lib:/home/rassito/microros_ws/install/statistics_msgs/lib:/home/rassito/microros_ws/install/service_msgs/lib:/home/rassito/microros_ws/install/rmw_microxrcedds/lib:/home/rassito/microros_ws/install/rosidl_typesupport_microxrcedds_cpp/lib:/home/rassito/microros_ws/install/rosidl_typesupport_microxrcedds_c/lib:/home/rassito/microros_ws/install/rosgraph_msgs/lib:/home/rassito/microros_ws/install/rclc_parameter/lib:/home/rassito/microros_ws/install/rclc/lib:/home/rassito/microros_ws/install/composition_interfaces/lib:/home/rassito/microros_ws/install/rcl_interfaces/lib:/home/rassito/microros_ws/install/microxrcedds_client/lib:/home/rassito/microros_ws/install/microcdr/lib:/home/rassito/microros_ws/install/micro_ros_utilities/lib:/home/rassito/microros_ws/install/micro_ros_agent/lib:/home/rassito/microros_ws/install/micro_ros_msgs/lib:/home/rassito/microros_ws/install/lifecycle_msgs/lib:/home/rassito/microros_ws/install/example_interfaces/lib:/home/rassito/microros_ws/install/complex_msgs/lib:/opt/ros/jazzy/opt/sdformat_vendor/lib:/opt/ros/jazzy/opt/rviz_ogre_vendor/lib:/opt/ros/jazzy/lib/x86_64-linux-gnu:/opt/ros/jazzy/opt/gz_math_vendor/lib:/opt/ros/jazzy/opt/gz_utils_vendor/lib:/opt/ros/jazzy/opt/gz_tools_vendor/lib:/opt/ros/jazzy/opt/gz_cmake_vendor/lib:/opt/ros/jazzy/lib PYTHONPATH=/home/rassito/microros_ws/install/std_msgs/lib/python3.12/site-packages:/home/rassito/microros_ws/install/builtin_interfaces/lib/python3.12/site-packages:/home/rassito/microros_ws/install/visualization_msgs/lib/python3.12/site-packages:/home/rassito/microros_ws/install/action_msgs/lib/python3.12/site-packages:/home/rassito/microros_ws/install/unique_identifier_msgs/lib/python3.12/site-packages:/home/rassito/microros_ws/install/type_description_interfaces/lib/python3.12/site-packages:/home/rassito/microros_ws/install/trajectory_msgs/lib/python3.12/site-packages:/home/rassito/microros_ws/install/test_msgs/lib/python3.12/site-packages:/home/rassito/microros_ws/install/stereo_msgs/lib/python3.12/site-packages:/home/rassito/microros_ws/install/std_srvs/lib/python3.12/site-packages:/home/rassito/microros_ws/install/shape_msgs/lib/python3.12/site-packages:/home/rassito/microros_ws/install/sensor_msgs_py/lib/python3.12/site-packages:/home/rassito/microros_ws/install/sensor_msgs/lib/python3.12/site-packages:/home/rassito/microros_ws/install/nav_msgs/lib/python3.12/site-packages:/home/rassito/microros_ws/install/diagnostic_msgs/lib/python3.12/site-packages:/home/rassito/microros_ws/install/geometry_msgs/lib/python3.12/site-packages:/home/rassito/microros_ws/install/drive_base_msgs/lib/python3.12/site-packages:/home/rassito/microros_ws/install/actionlib_msgs/lib/python3.12/site-packages:/home/rassito/microros_ws/install/statistics_msgs/lib/python3.12/site-packages:/home/rassito/microros_ws/install/service_msgs/lib/python3.12/site-packages:/home/rassito/microros_ws/install/rosidl_typesupport_microxrcedds_cpp/lib/python3.12/site-packages:/home/rassito/microros_ws/install/rosidl_typesupport_microxrcedds_c/lib/python3.12/site-packages:/home/rassito/microros_ws/install/rosgraph_msgs/lib/python3.12/site-packages:/home/rassito/microros_ws/install/composition_interfaces/lib/python3.12/site-packages:/home/rassito/microros_ws/install/rcl_interfaces/lib/python3.12/site-packages:/home/rassito/microros_ws/install/micro_ros_msgs/lib/python3.12/site-packages:/home/rassito/microros_ws/install/lifecycle_msgs/lib/python3.12/site-packages:/home/rassito/microros_ws/install/example_interfaces/lib/python3.12/site-packages:/home/rassito/microros_ws/install/complex_msgs/lib/python3.12/site-packages:/home/rassito/ros_ws/build/super_pkg:/home/rassito/ros_ws/install/super_pkg/lib/python3.12/site-packages:/opt/ros/jazzy/lib/python3.12/site-packages /usr/bin/cmake --install /home/rassito/microros_ws/build/drive_base_msgs
