[0.009s] Invoking command in '/home/rassito/microros_ws/build/microxrcedds_client': CMAKE_PREFIX_PATH=/home/rassito/microros_ws/install/microcdr:/home/rassito/microros_ws/install/rosidl_typesupport_microxrcedds_cpp:/home/rassito/microros_ws/install/rosidl_typesupport_microxrcedds_c:/home/rassito/microros_ws/install/micro_ros_setup:/opt/ros/jazzy/opt/sdformat_vendor:/opt/ros/jazzy/opt/gz_math_vendor:/opt/ros/jazzy/opt/gz_utils_vendor:/opt/ros/jazzy/opt/gz_tools_vendor:/opt/ros/jazzy/opt/gz_cmake_vendor DEBUGINFOD_URLS=https://debuginfod.ubuntu.com LD_LIBRARY_PATH=/home/rassito/microros_ws/install/microcdr/lib:/home/rassito/microros_ws/install/rosidl_typesupport_microxrcedds_cpp/lib:/home/rassito/microros_ws/install/rosidl_typesupport_microxrcedds_c/lib:/opt/ros/jazzy/opt/sdformat_vendor/lib:/opt/ros/jazzy/opt/rviz_ogre_vendor/lib:/opt/ros/jazzy/lib/x86_64-linux-gnu:/opt/ros/jazzy/opt/gz_math_vendor/lib:/opt/ros/jazzy/opt/gz_utils_vendor/lib:/opt/ros/jazzy/opt/gz_tools_vendor/lib:/opt/ros/jazzy/opt/gz_cmake_vendor/lib:/opt/ros/jazzy/lib /usr/bin/cmake /home/rassito/microros_ws/src/eProsima/Micro-XRCE-DDS-Client -DBUILD_TESTING=OFF -DBUILD_SHARED_LIBS=ON -DUCLIENT_ISOLATED_INSTALL=OFF -DUCLIENT_SUPERBUILD=OFF -DBUILD_SHARED_LIBS=ON -DUCLIENT_PROFILE_MULTITHREAD=ON -DCMAKE_INSTALL_PREFIX=/home/rassito/microros_ws/install/microxrcedds_client
[0.249s] [33mCMake Warning:
[0.249s]   Manually-specified variables were not used by the project:
[0.249s] 
[0.249s]     BUILD_TESTING
[0.249s] 
[0.250s] [0m
[0.250s] -- The C compiler identification is GNU 13.3.0
[0.251s] -- Detecting C compiler ABI info
[0.251s] -- Detecting C compiler ABI info - done
[0.251s] -- Check for working C compiler: /usr/bin/cc - skipped
[0.251s] -- Detecting C compile features
[0.251s] -- Detecting C compile features - done
[0.251s] -- Setting build type to 'Release' as none was specified.
[0.251s] -- Performing Test CMAKE_HAVE_LIBC_PTHREAD
[0.251s] -- Performing Test CMAKE_HAVE_LIBC_PTHREAD - Success
[0.251s] -- Found Threads: TRUE  
[0.251s] -- Configuring done (0.2s)
[0.251s] -- Generating done (0.0s)
[0.252s] -- Build files have been written to: /home/rassito/microros_ws/build/microxrcedds_client
[0.252s] Invoked command in '/home/rassito/microros_ws/build/microxrcedds_client' returned '0': CMAKE_PREFIX_PATH=/home/rassito/microros_ws/install/microcdr:/home/rassito/microros_ws/install/rosidl_typesupport_microxrcedds_cpp:/home/rassito/microros_ws/install/rosidl_typesupport_microxrcedds_c:/home/rassito/microros_ws/install/micro_ros_setup:/opt/ros/jazzy/opt/sdformat_vendor:/opt/ros/jazzy/opt/gz_math_vendor:/opt/ros/jazzy/opt/gz_utils_vendor:/opt/ros/jazzy/opt/gz_tools_vendor:/opt/ros/jazzy/opt/gz_cmake_vendor DEBUGINFOD_URLS=https://debuginfod.ubuntu.com LD_LIBRARY_PATH=/home/rassito/microros_ws/install/microcdr/lib:/home/rassito/microros_ws/install/rosidl_typesupport_microxrcedds_cpp/lib:/home/rassito/microros_ws/install/rosidl_typesupport_microxrcedds_c/lib:/opt/ros/jazzy/opt/sdformat_vendor/lib:/opt/ros/jazzy/opt/rviz_ogre_vendor/lib:/opt/ros/jazzy/lib/x86_64-linux-gnu:/opt/ros/jazzy/opt/gz_math_vendor/lib:/opt/ros/jazzy/opt/gz_utils_vendor/lib:/opt/ros/jazzy/opt/gz_tools_vendor/lib:/opt/ros/jazzy/opt/gz_cmake_vendor/lib:/opt/ros/jazzy/lib /usr/bin/cmake /home/rassito/microros_ws/src/eProsima/Micro-XRCE-DDS-Client -DBUILD_TESTING=OFF -DBUILD_SHARED_LIBS=ON -DUCLIENT_ISOLATED_INSTALL=OFF -DUCLIENT_SUPERBUILD=OFF -DBUILD_SHARED_LIBS=ON -DUCLIENT_PROFILE_MULTITHREAD=ON -DCMAKE_INSTALL_PREFIX=/home/rassito/microros_ws/install/microxrcedds_client
[0.253s] Invoking command in '/home/rassito/microros_ws/build/microxrcedds_client': CMAKE_PREFIX_PATH=/home/rassito/microros_ws/install/microcdr:/home/rassito/microros_ws/install/rosidl_typesupport_microxrcedds_cpp:/home/rassito/microros_ws/install/rosidl_typesupport_microxrcedds_c:/home/rassito/microros_ws/install/micro_ros_setup:/opt/ros/jazzy/opt/sdformat_vendor:/opt/ros/jazzy/opt/gz_math_vendor:/opt/ros/jazzy/opt/gz_utils_vendor:/opt/ros/jazzy/opt/gz_tools_vendor:/opt/ros/jazzy/opt/gz_cmake_vendor DEBUGINFOD_URLS=https://debuginfod.ubuntu.com LD_LIBRARY_PATH=/home/rassito/microros_ws/install/microcdr/lib:/home/rassito/microros_ws/install/rosidl_typesupport_microxrcedds_cpp/lib:/home/rassito/microros_ws/install/rosidl_typesupport_microxrcedds_c/lib:/opt/ros/jazzy/opt/sdformat_vendor/lib:/opt/ros/jazzy/opt/rviz_ogre_vendor/lib:/opt/ros/jazzy/lib/x86_64-linux-gnu:/opt/ros/jazzy/opt/gz_math_vendor/lib:/opt/ros/jazzy/opt/gz_utils_vendor/lib:/opt/ros/jazzy/opt/gz_tools_vendor/lib:/opt/ros/jazzy/opt/gz_cmake_vendor/lib:/opt/ros/jazzy/lib /usr/bin/cmake --build /home/rassito/microros_ws/build/microxrcedds_client -- -j16 -l16
[0.290s] [  5%] [32mBuilding C object CMakeFiles/microxrcedds_client.dir/src/c/core/session/stream/output_reliable_stream.c.o[0m
[0.290s] [  8%] [32mBuilding C object CMakeFiles/microxrcedds_client.dir/src/c/core/session/stream/input_reliable_stream.c.o[0m
[0.290s] [ 11%] [32mBuilding C object CMakeFiles/microxrcedds_client.dir/src/c/core/session/stream/stream_storage.c.o[0m
[0.290s] [  8%] [32mBuilding C object CMakeFiles/microxrcedds_client.dir/src/c/core/session/stream/input_best_effort_stream.c.o[0m
[0.290s] [ 14%] [32mBuilding C object CMakeFiles/microxrcedds_client.dir/src/c/core/session/stream/output_best_effort_stream.c.o[0m
[0.290s] [ 17%] [32mBuilding C object CMakeFiles/microxrcedds_client.dir/src/c/core/session/stream/stream_id.c.o[0m
[0.303s] [ 20%] [32mBuilding C object CMakeFiles/microxrcedds_client.dir/src/c/core/session/submessage.c.o[0m
[0.358s] [ 22%] [32mBuilding C object CMakeFiles/microxrcedds_client.dir/src/c/core/session/object_id.c.o[0m
[0.358s] [ 28%] [32mBuilding C object CMakeFiles/microxrcedds_client.dir/src/c/core/session/session_info.c.o[0m
[0.358s] [ 31%] [32mBuilding C object CMakeFiles/microxrcedds_client.dir/src/c/core/serialization/xrce_types.c.o[0m
[0.358s] [ 34%] [32mBuilding C object CMakeFiles/microxrcedds_client.dir/src/c/core/serialization/xrce_header.c.o[0m
[0.358s] [ 34%] [32mBuilding C object CMakeFiles/microxrcedds_client.dir/src/c/core/session/stream/seq_num.c.o[0m
[0.358s] [ 37%] [32mBuilding C object CMakeFiles/microxrcedds_client.dir/src/c/core/session/session.c.o[0m
[0.359s] [ 40%] [32mBuilding C object CMakeFiles/microxrcedds_client.dir/src/c/core/serialization/xrce_subheader.c.o[0m
[0.365s] [ 42%] [32mBuilding C object CMakeFiles/microxrcedds_client.dir/src/c/util/time.c.o[0m
[0.365s] [ 45%] [32mBuilding C object CMakeFiles/microxrcedds_client.dir/src/c/core/session/common_create_entities.c.o[0m
[0.365s] [ 48%] [32mBuilding C object CMakeFiles/microxrcedds_client.dir/src/c/util/ping.c.o[0m
[0.366s] [ 51%] [32mBuilding C object CMakeFiles/microxrcedds_client.dir/src/c/core/session/create_entities_ref.c.o[0m
[0.366s] [ 54%] [32mBuilding C object CMakeFiles/microxrcedds_client.dir/src/c/core/session/create_entities_xml.c.o[0m
[0.368s] [ 57%] [32mBuilding C object CMakeFiles/microxrcedds_client.dir/src/c/core/session/create_entities_bin.c.o[0m
[0.368s] [ 60%] [32mBuilding C object CMakeFiles/microxrcedds_client.dir/src/c/core/session/read_access.c.o[0m
[0.373s] [ 62%] [32mBuilding C object CMakeFiles/microxrcedds_client.dir/src/c/core/session/write_access.c.o[0m
[0.382s] [ 65%] [32mBuilding C object CMakeFiles/microxrcedds_client.dir/src/c/profile/transport/stream_framing/stream_framing_protocol.c.o[0m
[0.383s] [ 68%] [32mBuilding C object CMakeFiles/microxrcedds_client.dir/src/c/profile/multithread/multithread.c.o[0m
[0.396s] [ 71%] [32mBuilding C object CMakeFiles/microxrcedds_client.dir/src/c/profile/transport/ip/udp/udp_transport.c.o[0m
[0.411s] [ 77%] [32mBuilding C object CMakeFiles/microxrcedds_client.dir/src/c/profile/transport/ip/udp/udp_transport_posix.c.o[0m
[0.412s] [ 77%] [32mBuilding C object CMakeFiles/microxrcedds_client.dir/src/c/profile/transport/ip/tcp/tcp_transport.c.o[0m
[0.415s] [ 80%] [32mBuilding C object CMakeFiles/microxrcedds_client.dir/src/c/profile/transport/ip/tcp/tcp_transport_posix.c.o[0m
[0.418s] [ 82%] [32mBuilding C object CMakeFiles/microxrcedds_client.dir/src/c/profile/transport/serial/serial_transport.c.o[0m
[0.439s] [ 85%] [32mBuilding C object CMakeFiles/microxrcedds_client.dir/src/c/profile/transport/ip/ip_posix.c.o[0m
[0.441s] [ 88%] [32mBuilding C object CMakeFiles/microxrcedds_client.dir/src/c/profile/transport/serial/serial_transport_posix.c.o[0m
[0.457s] [ 91%] [32mBuilding C object CMakeFiles/microxrcedds_client.dir/src/c/profile/discovery/discovery.c.o[0m
[0.479s] [ 94%] [32mBuilding C object CMakeFiles/microxrcedds_client.dir/src/c/profile/transport/custom/custom_transport.c.o[0m
[0.484s] [ 97%] [32mBuilding C object CMakeFiles/microxrcedds_client.dir/src/c/profile/discovery/transport/udp_transport_datagram_posix.c.o[0m
[0.755s] [100%] [32m[1mLinking C shared library libmicroxrcedds_client.so[0m
[0.807s] [100%] Built target microxrcedds_client
[0.816s] Invoked command in '/home/rassito/microros_ws/build/microxrcedds_client' returned '0': CMAKE_PREFIX_PATH=/home/rassito/microros_ws/install/microcdr:/home/rassito/microros_ws/install/rosidl_typesupport_microxrcedds_cpp:/home/rassito/microros_ws/install/rosidl_typesupport_microxrcedds_c:/home/rassito/microros_ws/install/micro_ros_setup:/opt/ros/jazzy/opt/sdformat_vendor:/opt/ros/jazzy/opt/gz_math_vendor:/opt/ros/jazzy/opt/gz_utils_vendor:/opt/ros/jazzy/opt/gz_tools_vendor:/opt/ros/jazzy/opt/gz_cmake_vendor DEBUGINFOD_URLS=https://debuginfod.ubuntu.com LD_LIBRARY_PATH=/home/rassito/microros_ws/install/microcdr/lib:/home/rassito/microros_ws/install/rosidl_typesupport_microxrcedds_cpp/lib:/home/rassito/microros_ws/install/rosidl_typesupport_microxrcedds_c/lib:/opt/ros/jazzy/opt/sdformat_vendor/lib:/opt/ros/jazzy/opt/rviz_ogre_vendor/lib:/opt/ros/jazzy/lib/x86_64-linux-gnu:/opt/ros/jazzy/opt/gz_math_vendor/lib:/opt/ros/jazzy/opt/gz_utils_vendor/lib:/opt/ros/jazzy/opt/gz_tools_vendor/lib:/opt/ros/jazzy/opt/gz_cmake_vendor/lib:/opt/ros/jazzy/lib /usr/bin/cmake --build /home/rassito/microros_ws/build/microxrcedds_client -- -j16 -l16
[0.816s] Invoking command in '/home/rassito/microros_ws/build/microxrcedds_client': CMAKE_PREFIX_PATH=/home/rassito/microros_ws/install/microcdr:/home/rassito/microros_ws/install/rosidl_typesupport_microxrcedds_cpp:/home/rassito/microros_ws/install/rosidl_typesupport_microxrcedds_c:/home/rassito/microros_ws/install/micro_ros_setup:/opt/ros/jazzy/opt/sdformat_vendor:/opt/ros/jazzy/opt/gz_math_vendor:/opt/ros/jazzy/opt/gz_utils_vendor:/opt/ros/jazzy/opt/gz_tools_vendor:/opt/ros/jazzy/opt/gz_cmake_vendor DEBUGINFOD_URLS=https://debuginfod.ubuntu.com LD_LIBRARY_PATH=/home/rassito/microros_ws/install/microcdr/lib:/home/rassito/microros_ws/install/rosidl_typesupport_microxrcedds_cpp/lib:/home/rassito/microros_ws/install/rosidl_typesupport_microxrcedds_c/lib:/opt/ros/jazzy/opt/sdformat_vendor/lib:/opt/ros/jazzy/opt/rviz_ogre_vendor/lib:/opt/ros/jazzy/lib/x86_64-linux-gnu:/opt/ros/jazzy/opt/gz_math_vendor/lib:/opt/ros/jazzy/opt/gz_utils_vendor/lib:/opt/ros/jazzy/opt/gz_tools_vendor/lib:/opt/ros/jazzy/opt/gz_cmake_vendor/lib:/opt/ros/jazzy/lib /usr/bin/cmake --install /home/rassito/microros_ws/build/microxrcedds_client
[0.822s] -- Install configuration: "Release"
[0.822s] -- Installing: /home/rassito/microros_ws/install/microxrcedds_client/lib/libmicroxrcedds_client.so.2.4.2
[0.823s] -- Installing: /home/rassito/microros_ws/install/microxrcedds_client/lib/libmicroxrcedds_client.so.2.4
[0.823s] -- Set non-toolchain portion of runtime path of "/home/rassito/microros_ws/install/microxrcedds_client/lib/libmicroxrcedds_client.so.2.4.2" to ""
[0.823s] -- Installing: /home/rassito/microros_ws/install/microxrcedds_client/lib/libmicroxrcedds_client.so
[0.823s] -- Installing: /home/rassito/microros_ws/install/microxrcedds_client/include/uxr/client
[0.823s] -- Installing: /home/rassito/microros_ws/install/microxrcedds_client/include/uxr/client/util
[0.823s] -- Installing: /home/rassito/microros_ws/install/microxrcedds_client/include/uxr/client/util/ping.h
[0.823s] -- Installing: /home/rassito/microros_ws/install/microxrcedds_client/include/uxr/client/util/time.h
[0.823s] -- Installing: /home/rassito/microros_ws/install/microxrcedds_client/include/uxr/client/transport.h
[0.823s] -- Installing: /home/rassito/microros_ws/install/microxrcedds_client/include/uxr/client/core
[0.823s] -- Installing: /home/rassito/microros_ws/install/microxrcedds_client/include/uxr/client/core/communication
[0.823s] -- Installing: /home/rassito/microros_ws/install/microxrcedds_client/include/uxr/client/core/communication/communication.h
[0.823s] -- Installing: /home/rassito/microros_ws/install/microxrcedds_client/include/uxr/client/core/session
[0.824s] -- Installing: /home/rassito/microros_ws/install/microxrcedds_client/include/uxr/client/core/session/stream
[0.824s] -- Installing: /home/rassito/microros_ws/install/microxrcedds_client/include/uxr/client/core/session/stream/input_best_effort_stream.h
[0.824s] -- Installing: /home/rassito/microros_ws/install/microxrcedds_client/include/uxr/client/core/session/stream/stream_storage.h
[0.824s] -- Installing: /home/rassito/microros_ws/install/microxrcedds_client/include/uxr/client/core/session/stream/reliable_stream.h
[0.824s] -- Installing: /home/rassito/microros_ws/install/microxrcedds_client/include/uxr/client/core/session/stream/output_reliable_stream.h
[0.824s] -- Installing: /home/rassito/microros_ws/install/microxrcedds_client/include/uxr/client/core/session/stream/input_reliable_stream.h
[0.824s] -- Installing: /home/rassito/microros_ws/install/microxrcedds_client/include/uxr/client/core/session/stream/stream_id.h
[0.824s] -- Installing: /home/rassito/microros_ws/install/microxrcedds_client/include/uxr/client/core/session/stream/output_best_effort_stream.h
[0.824s] -- Installing: /home/rassito/microros_ws/install/microxrcedds_client/include/uxr/client/core/session/stream/seq_num.h
[0.824s] -- Installing: /home/rassito/microros_ws/install/microxrcedds_client/include/uxr/client/core/session/create_entities_bin.h
[0.824s] -- Installing: /home/rassito/microros_ws/install/microxrcedds_client/include/uxr/client/core/session/time_sync.h
[0.824s] -- Installing: /home/rassito/microros_ws/install/microxrcedds_client/include/uxr/client/core/session/create_entities_xml.h
[0.824s] -- Installing: /home/rassito/microros_ws/install/microxrcedds_client/include/uxr/client/core/session/create_entities_ref.h
[0.824s] -- Installing: /home/rassito/microros_ws/install/microxrcedds_client/include/uxr/client/core/session/read_access.h
[0.824s] -- Installing: /home/rassito/microros_ws/install/microxrcedds_client/include/uxr/client/core/session/session.h
[0.825s] -- Installing: /home/rassito/microros_ws/install/microxrcedds_client/include/uxr/client/core/session/common_create_entities.h
[0.825s] -- Installing: /home/rassito/microros_ws/install/microxrcedds_client/include/uxr/client/core/session/session_info.h
[0.825s] -- Installing: /home/rassito/microros_ws/install/microxrcedds_client/include/uxr/client/core/session/write_access.h
[0.825s] -- Installing: /home/rassito/microros_ws/install/microxrcedds_client/include/uxr/client/core/session/object_id.h
[0.825s] -- Installing: /home/rassito/microros_ws/install/microxrcedds_client/include/uxr/client/core/type
[0.825s] -- Installing: /home/rassito/microros_ws/install/microxrcedds_client/include/uxr/client/core/type/xrce_types.h
[0.825s] -- Installing: /home/rassito/microros_ws/install/microxrcedds_client/include/uxr/client/profile
[0.825s] -- Installing: /home/rassito/microros_ws/install/microxrcedds_client/include/uxr/client/profile/transport
[0.825s] -- Installing: /home/rassito/microros_ws/install/microxrcedds_client/include/uxr/client/profile/transport/custom
[0.825s] -- Installing: /home/rassito/microros_ws/install/microxrcedds_client/include/uxr/client/profile/transport/custom/custom_transport.h
[0.825s] -- Installing: /home/rassito/microros_ws/install/microxrcedds_client/include/uxr/client/profile/transport/serial
[0.825s] -- Installing: /home/rassito/microros_ws/install/microxrcedds_client/include/uxr/client/profile/transport/serial/serial_transport.h
[0.825s] -- Installing: /home/rassito/microros_ws/install/microxrcedds_client/include/uxr/client/profile/transport/serial/serial_transport_posix.h
[0.825s] -- Installing: /home/rassito/microros_ws/install/microxrcedds_client/include/uxr/client/profile/transport/serial/serial_transport_platform.h
[0.825s] -- Installing: /home/rassito/microros_ws/install/microxrcedds_client/include/uxr/client/profile/transport/serial/serial_transport_rtems_bsd_net.h
[0.825s] -- Installing: /home/rassito/microros_ws/install/microxrcedds_client/include/uxr/client/profile/transport/stream_framing
[0.825s] -- Installing: /home/rassito/microros_ws/install/microxrcedds_client/include/uxr/client/profile/transport/stream_framing/stream_framing_protocol.h
[0.825s] -- Installing: /home/rassito/microros_ws/install/microxrcedds_client/include/uxr/client/profile/transport/ip
[0.825s] -- Installing: /home/rassito/microros_ws/install/microxrcedds_client/include/uxr/client/profile/transport/ip/tcp
[0.825s] -- Installing: /home/rassito/microros_ws/install/microxrcedds_client/include/uxr/client/profile/transport/ip/tcp/tcp_transport_posix_nopoll.h
[0.826s] -- Installing: /home/rassito/microros_ws/install/microxrcedds_client/include/uxr/client/profile/transport/ip/tcp/tcp_transport_freertos_plus_tcp.h
[0.826s] -- Installing: /home/rassito/microros_ws/install/microxrcedds_client/include/uxr/client/profile/transport/ip/tcp/tcp_transport_rtems_bsd_net.h
[0.826s] -- Installing: /home/rassito/microros_ws/install/microxrcedds_client/include/uxr/client/profile/transport/ip/tcp/tcp_transport_posix.h
[0.826s] -- Installing: /home/rassito/microros_ws/install/microxrcedds_client/include/uxr/client/profile/transport/ip/tcp/tcp_transport.h
[0.826s] -- Installing: /home/rassito/microros_ws/install/microxrcedds_client/include/uxr/client/profile/transport/ip/tcp/tcp_transport_windows.h
[0.826s] -- Installing: /home/rassito/microros_ws/install/microxrcedds_client/include/uxr/client/profile/transport/ip/udp
[0.826s] -- Installing: /home/rassito/microros_ws/install/microxrcedds_client/include/uxr/client/profile/transport/ip/udp/udp_transport_posix.h
[0.826s] -- Installing: /home/rassito/microros_ws/install/microxrcedds_client/include/uxr/client/profile/transport/ip/udp/udp_transport_rtems_bsd_net.h
[0.826s] -- Installing: /home/rassito/microros_ws/install/microxrcedds_client/include/uxr/client/profile/transport/ip/udp/udp_transport_posix_nopoll.h
[0.826s] -- Installing: /home/rassito/microros_ws/install/microxrcedds_client/include/uxr/client/profile/transport/ip/udp/udp_transport_windows.h
[0.826s] -- Installing: /home/rassito/microros_ws/install/microxrcedds_client/include/uxr/client/profile/transport/ip/udp/udp_transport_freertos_plus_tcp.h
[0.826s] -- Installing: /home/rassito/microros_ws/install/microxrcedds_client/include/uxr/client/profile/transport/ip/udp/udp_transport.h
[0.826s] -- Installing: /home/rassito/microros_ws/install/microxrcedds_client/include/uxr/client/profile/transport/ip/ip.h
[0.826s] -- Installing: /home/rassito/microros_ws/install/microxrcedds_client/include/uxr/client/profile/transport/can
[0.826s] -- Installing: /home/rassito/microros_ws/install/microxrcedds_client/include/uxr/client/profile/transport/can/can_transport_posix.h
[0.826s] -- Installing: /home/rassito/microros_ws/install/microxrcedds_client/include/uxr/client/profile/transport/can/can_transport.h
[0.826s] -- Installing: /home/rassito/microros_ws/install/microxrcedds_client/include/uxr/client/profile/multithread
[0.826s] -- Installing: /home/rassito/microros_ws/install/microxrcedds_client/include/uxr/client/profile/multithread/multithread.h
[0.826s] -- Installing: /home/rassito/microros_ws/install/microxrcedds_client/include/uxr/client/profile/discovery
[0.826s] -- Installing: /home/rassito/microros_ws/install/microxrcedds_client/include/uxr/client/profile/discovery/discovery.h
[0.826s] -- Installing: /home/rassito/microros_ws/install/microxrcedds_client/include/uxr/client/client.h
[0.827s] -- Installing: /home/rassito/microros_ws/install/microxrcedds_client/include/uxr/client/defines.h
[0.827s] -- Installing: /home/rassito/microros_ws/install/microxrcedds_client/include/uxr/client/visibility.h
[0.827s] -- Installing: /home/rassito/microros_ws/install/microxrcedds_client/include/uxr/client/config.h
[0.827s] -- Installing: /home/rassito/microros_ws/install/microxrcedds_client/share/microxrcedds_client/cmake/microxrcedds_clientTargets.cmake
[0.827s] -- Installing: /home/rassito/microros_ws/install/microxrcedds_client/share/microxrcedds_client/cmake/microxrcedds_clientTargets-release.cmake
[0.827s] -- Installing: /home/rassito/microros_ws/install/microxrcedds_client/share/microxrcedds_client/cmake/microxrcedds_clientConfig.cmake
[0.827s] -- Installing: /home/rassito/microros_ws/install/microxrcedds_client/share/microxrcedds_client/cmake/microxrcedds_clientConfigVersion.cmake
[0.828s] Invoked command in '/home/rassito/microros_ws/build/microxrcedds_client' returned '0': CMAKE_PREFIX_PATH=/home/rassito/microros_ws/install/microcdr:/home/rassito/microros_ws/install/rosidl_typesupport_microxrcedds_cpp:/home/rassito/microros_ws/install/rosidl_typesupport_microxrcedds_c:/home/rassito/microros_ws/install/micro_ros_setup:/opt/ros/jazzy/opt/sdformat_vendor:/opt/ros/jazzy/opt/gz_math_vendor:/opt/ros/jazzy/opt/gz_utils_vendor:/opt/ros/jazzy/opt/gz_tools_vendor:/opt/ros/jazzy/opt/gz_cmake_vendor DEBUGINFOD_URLS=https://debuginfod.ubuntu.com LD_LIBRARY_PATH=/home/rassito/microros_ws/install/microcdr/lib:/home/rassito/microros_ws/install/rosidl_typesupport_microxrcedds_cpp/lib:/home/rassito/microros_ws/install/rosidl_typesupport_microxrcedds_c/lib:/opt/ros/jazzy/opt/sdformat_vendor/lib:/opt/ros/jazzy/opt/rviz_ogre_vendor/lib:/opt/ros/jazzy/lib/x86_64-linux-gnu:/opt/ros/jazzy/opt/gz_math_vendor/lib:/opt/ros/jazzy/opt/gz_utils_vendor/lib:/opt/ros/jazzy/opt/gz_tools_vendor/lib:/opt/ros/jazzy/opt/gz_cmake_vendor/lib:/opt/ros/jazzy/lib /usr/bin/cmake --install /home/rassito/microros_ws/build/microxrcedds_client
