[0.013s] Invoking command in '/home/rassito/microros_ws/build/drive_base_msgs': AMENT_PREFIX_PATH=/home/rassito/microros_ws/install/std_msgs:/home/rassito/microros_ws/install/builtin_interfaces:${AMENT_PREFIX_PATH} CMAKE_PREFIX_PATH=/home/rassito/microros_ws/install/std_msgs:/home/rassito/microros_ws/install/builtin_interfaces:/opt/ros/jazzy/opt/sdformat_vendor:/opt/ros/jazzy/opt/gz_math_vendor:/opt/ros/jazzy/opt/gz_utils_vendor:/opt/ros/jazzy/opt/gz_tools_vendor:/opt/ros/jazzy/opt/gz_cmake_vendor:/home/rassito/ros_ws/install/super_pkg:/opt/ros/jazzy DEBUGINFOD_URLS=https://debuginfod.ubuntu.com LD_LIBRARY_PATH=/home/rassito/microros_ws/install/std_msgs/lib:/home/rassito/microros_ws/install/builtin_interfaces/lib:${LD_LIBRARY_PATH} PYTHONPATH=/home/rassito/microros_ws/install/std_msgs/lib/python3.12/site-packages:/home/rassito/microros_ws/install/builtin_interfaces/lib/python3.12/site-packages:${PYTHONPATH} /usr/bin/cmake /home/rassito/microros_ws/src/uros/drive_base/drive_base_msgs -DCMAKE_INSTALL_PREFIX=/home/rassito/microros_ws/install/drive_base_msgs
[0.040s] -- Found ament_cmake: 2.5.3 (/opt/ros/jazzy/share/ament_cmake/cmake)
[0.059s] -- Found Python3: /usr/bin/python3 (found version "3.12.3") found components: Interpreter 
[0.159s] -- Found std_msgs: 5.3.5 (/home/rassito/microros_ws/install/std_msgs/share/std_msgs/cmake)
[0.191s] -- Found rosidl_generator_c: 4.6.5 (/opt/ros/jazzy/share/rosidl_generator_c/cmake)
[0.204s] -- Found rosidl_generator_cpp: 4.6.5 (/opt/ros/jazzy/share/rosidl_generator_cpp/cmake)
[0.227s] -- Using all available rosidl_typesupport_c: rosidl_typesupport_fastrtps_c;rosidl_typesupport_introspection_c
[0.242s] -- Using all available rosidl_typesupport_cpp: rosidl_typesupport_fastrtps_cpp;rosidl_typesupport_introspection_cpp
[0.277s] -- Found rosidl_default_generators: 1.6.0 (/opt/ros/jazzy/share/rosidl_default_generators/cmake)
[0.287s] -- Found rosidl_adapter: 4.6.5 (/opt/ros/jazzy/share/rosidl_adapter/cmake)
[0.509s] -- Found ament_cmake_ros: 0.12.0 (/opt/ros/jazzy/share/ament_cmake_ros/cmake)
[0.677s] -- Using all available rosidl_typesupport_c: rosidl_typesupport_fastrtps_c;rosidl_typesupport_introspection_c
[0.741s] -- Using all available rosidl_typesupport_cpp: rosidl_typesupport_fastrtps_cpp;rosidl_typesupport_introspection_cpp
[0.742s] -- Found python_cmake_module: 0.11.1 (/opt/ros/jazzy/share/python_cmake_module/cmake)
[0.930s] -- Found Python3: /usr/bin/python3 (found version "3.12.3") found components: Interpreter Development NumPy Development.Module Development.Embed 
[0.954s] -- Configuring done (0.9s)
[1.005s] -- Generating done (0.0s)
[1.017s] -- Build files have been written to: /home/rassito/microros_ws/build/drive_base_msgs
[1.025s] Invoked command in '/home/rassito/microros_ws/build/drive_base_msgs' returned '0': AMENT_PREFIX_PATH=/home/rassito/microros_ws/install/std_msgs:/home/rassito/microros_ws/install/builtin_interfaces:${AMENT_PREFIX_PATH} CMAKE_PREFIX_PATH=/home/rassito/microros_ws/install/std_msgs:/home/rassito/microros_ws/install/builtin_interfaces:/opt/ros/jazzy/opt/sdformat_vendor:/opt/ros/jazzy/opt/gz_math_vendor:/opt/ros/jazzy/opt/gz_utils_vendor:/opt/ros/jazzy/opt/gz_tools_vendor:/opt/ros/jazzy/opt/gz_cmake_vendor:/home/rassito/ros_ws/install/super_pkg:/opt/ros/jazzy DEBUGINFOD_URLS=https://debuginfod.ubuntu.com LD_LIBRARY_PATH=/home/rassito/microros_ws/install/std_msgs/lib:/home/rassito/microros_ws/install/builtin_interfaces/lib:${LD_LIBRARY_PATH} PYTHONPATH=/home/rassito/microros_ws/install/std_msgs/lib/python3.12/site-packages:/home/rassito/microros_ws/install/builtin_interfaces/lib/python3.12/site-packages:${PYTHONPATH} /usr/bin/cmake /home/rassito/microros_ws/src/uros/drive_base/drive_base_msgs -DCMAKE_INSTALL_PREFIX=/home/rassito/microros_ws/install/drive_base_msgs
[1.027s] Invoking command in '/home/rassito/microros_ws/build/drive_base_msgs': AMENT_PREFIX_PATH=/home/rassito/microros_ws/install/std_msgs:/home/rassito/microros_ws/install/builtin_interfaces:${AMENT_PREFIX_PATH} CMAKE_PREFIX_PATH=/home/rassito/microros_ws/install/std_msgs:/home/rassito/microros_ws/install/builtin_interfaces:/opt/ros/jazzy/opt/sdformat_vendor:/opt/ros/jazzy/opt/gz_math_vendor:/opt/ros/jazzy/opt/gz_utils_vendor:/opt/ros/jazzy/opt/gz_tools_vendor:/opt/ros/jazzy/opt/gz_cmake_vendor:/home/rassito/ros_ws/install/super_pkg:/opt/ros/jazzy DEBUGINFOD_URLS=https://debuginfod.ubuntu.com LD_LIBRARY_PATH=/home/rassito/microros_ws/install/std_msgs/lib:/home/rassito/microros_ws/install/builtin_interfaces/lib:${LD_LIBRARY_PATH} PYTHONPATH=/home/rassito/microros_ws/install/std_msgs/lib/python3.12/site-packages:/home/rassito/microros_ws/install/builtin_interfaces/lib/python3.12/site-packages:${PYTHONPATH} /usr/bin/cmake --build /home/rassito/microros_ws/build/drive_base_msgs -- -j16 -l16
[1.061s] [  1%] Built target drive_base_msgs__rosidl_generator_type_description
[1.071s] [  1%] Built target ament_cmake_python_copy_drive_base_msgs
[1.076s] [  3%] Built target drive_base_msgs__cpp
[1.082s] [ 25%] Built target drive_base_msgs__rosidl_generator_c
[1.090s] [ 26%] [34m[1mGenerating C++ type support dispatch for ROS interfaces[0m
[1.091s] [ 28%] [34m[1mGenerating C type support dispatch for ROS interfaces[0m
[1.106s] [ 46%] Built target drive_base_msgs__rosidl_typesupport_introspection_c
[1.106s] [ 46%] Built target drive_base_msgs__rosidl_typesupport_introspection_cpp
[1.109s] [ 56%] Built target drive_base_msgs__rosidl_typesupport_fastrtps_cpp
[1.117s] [ 65%] Built target drive_base_msgs__rosidl_typesupport_fastrtps_c
[1.248s] running egg_info
[1.263s] writing drive_base_msgs.egg-info/PKG-INFO
[1.264s] writing dependency_links to drive_base_msgs.egg-info/dependency_links.txt
[1.264s] writing top-level names to drive_base_msgs.egg-info/top_level.txt
[1.306s] reading manifest file 'drive_base_msgs.egg-info/SOURCES.txt'
[1.307s] writing manifest file 'drive_base_msgs.egg-info/SOURCES.txt'
[1.330s] [ 65%] Built target ament_cmake_python_build_drive_base_msgs_egg
[1.584s] [ 67%] [32mBuilding CXX object CMakeFiles/drive_base_msgs__rosidl_typesupport_c.dir/rosidl_typesupport_c/drive_base_msgs/msg/command_status__type_support.cpp.o[0m
[1.584s] [ 70%] [32mBuilding CXX object CMakeFiles/drive_base_msgs__rosidl_typesupport_c.dir/rosidl_typesupport_c/drive_base_msgs/msg/base_info__type_support.cpp.o[0m
[1.584s] [ 70%] [32mBuilding CXX object CMakeFiles/drive_base_msgs__rosidl_typesupport_c.dir/rosidl_typesupport_c/drive_base_msgs/msg/command_header__type_support.cpp.o[0m
[1.587s] [ 71%] [32mBuilding CXX object CMakeFiles/drive_base_msgs__rosidl_typesupport_c.dir/rosidl_typesupport_c/drive_base_msgs/msg/trv_command__type_support.cpp.o[0m
[1.633s] [ 73%] [32m[1mLinking CXX shared library libdrive_base_msgs__rosidl_typesupport_c.so[0m
[1.679s] [ 73%] Built target drive_base_msgs__rosidl_typesupport_c
[1.754s] [ 78%] [32mBuilding CXX object CMakeFiles/drive_base_msgs__rosidl_typesupport_cpp.dir/rosidl_typesupport_cpp/drive_base_msgs/msg/command_status__type_support.cpp.o[0m
[1.755s] [ 78%] [32mBuilding CXX object CMakeFiles/drive_base_msgs__rosidl_typesupport_cpp.dir/rosidl_typesupport_cpp/drive_base_msgs/msg/command_header__type_support.cpp.o[0m
[1.755s] [ 78%] [32mBuilding CXX object CMakeFiles/drive_base_msgs__rosidl_typesupport_cpp.dir/rosidl_typesupport_cpp/drive_base_msgs/msg/base_info__type_support.cpp.o[0m
[1.757s] [ 79%] [32mBuilding CXX object CMakeFiles/drive_base_msgs__rosidl_typesupport_cpp.dir/rosidl_typesupport_cpp/drive_base_msgs/msg/trv_command__type_support.cpp.o[0m
[2.096s] [ 81%] [32m[1mLinking CXX shared library libdrive_base_msgs__rosidl_typesupport_cpp.so[0m
[2.123s] [ 81%] Built target drive_base_msgs__rosidl_typesupport_cpp
[2.135s] [ 81%] Built target drive_base_msgs
[2.147s] [ 82%] Built target drive_base_msgs__py
[2.164s] [ 84%] [32m[1mLinking C shared library libdrive_base_msgs__rosidl_generator_py.so[0m
[2.192s] [ 90%] Built target drive_base_msgs__rosidl_generator_py
[2.206s] [ 92%] [32m[1mLinking C shared module rosidl_generator_py/drive_base_msgs/drive_base_msgs_s__rosidl_typesupport_fastrtps_c.so[0m
[2.206s] [ 95%] [32m[1mLinking C shared module rosidl_generator_py/drive_base_msgs/drive_base_msgs_s__rosidl_typesupport_c.so[0m
[2.206s] [ 95%] [32m[1mLinking C shared module rosidl_generator_py/drive_base_msgs/drive_base_msgs_s__rosidl_typesupport_introspection_c.so[0m
[2.227s] [100%] Built target drive_base_msgs_s__rosidl_typesupport_c
[2.228s] [100%] Built target drive_base_msgs_s__rosidl_typesupport_fastrtps_c
[2.228s] [100%] Built target drive_base_msgs_s__rosidl_typesupport_introspection_c
[2.235s] Invoked command in '/home/rassito/microros_ws/build/drive_base_msgs' returned '0': AMENT_PREFIX_PATH=/home/rassito/microros_ws/install/std_msgs:/home/rassito/microros_ws/install/builtin_interfaces:${AMENT_PREFIX_PATH} CMAKE_PREFIX_PATH=/home/rassito/microros_ws/install/std_msgs:/home/rassito/microros_ws/install/builtin_interfaces:/opt/ros/jazzy/opt/sdformat_vendor:/opt/ros/jazzy/opt/gz_math_vendor:/opt/ros/jazzy/opt/gz_utils_vendor:/opt/ros/jazzy/opt/gz_tools_vendor:/opt/ros/jazzy/opt/gz_cmake_vendor:/home/rassito/ros_ws/install/super_pkg:/opt/ros/jazzy DEBUGINFOD_URLS=https://debuginfod.ubuntu.com LD_LIBRARY_PATH=/home/rassito/microros_ws/install/std_msgs/lib:/home/rassito/microros_ws/install/builtin_interfaces/lib:${LD_LIBRARY_PATH} PYTHONPATH=/home/rassito/microros_ws/install/std_msgs/lib/python3.12/site-packages:/home/rassito/microros_ws/install/builtin_interfaces/lib/python3.12/site-packages:${PYTHONPATH} /usr/bin/cmake --build /home/rassito/microros_ws/build/drive_base_msgs -- -j16 -l16
[2.235s] Invoking command in '/home/rassito/microros_ws/build/drive_base_msgs': AMENT_PREFIX_PATH=/home/rassito/microros_ws/install/std_msgs:/home/rassito/microros_ws/install/builtin_interfaces:${AMENT_PREFIX_PATH} CMAKE_PREFIX_PATH=/home/rassito/microros_ws/install/std_msgs:/home/rassito/microros_ws/install/builtin_interfaces:/opt/ros/jazzy/opt/sdformat_vendor:/opt/ros/jazzy/opt/gz_math_vendor:/opt/ros/jazzy/opt/gz_utils_vendor:/opt/ros/jazzy/opt/gz_tools_vendor:/opt/ros/jazzy/opt/gz_cmake_vendor:/home/rassito/ros_ws/install/super_pkg:/opt/ros/jazzy DEBUGINFOD_URLS=https://debuginfod.ubuntu.com LD_LIBRARY_PATH=/home/rassito/microros_ws/install/std_msgs/lib:/home/rassito/microros_ws/install/builtin_interfaces/lib:${LD_LIBRARY_PATH} PYTHONPATH=/home/rassito/microros_ws/install/std_msgs/lib/python3.12/site-packages:/home/rassito/microros_ws/install/builtin_interfaces/lib/python3.12/site-packages:${PYTHONPATH} /usr/bin/cmake --install /home/rassito/microros_ws/build/drive_base_msgs
[2.241s] -- Install configuration: ""
[2.241s] -- Up-to-date: /home/rassito/microros_ws/install/drive_base_msgs/share/ament_index/resource_index/rosidl_interfaces/drive_base_msgs
[2.241s] -- Up-to-date: /home/rassito/microros_ws/install/drive_base_msgs/share/drive_base_msgs/msg/CommandHeader.json
[2.241s] -- Up-to-date: /home/rassito/microros_ws/install/drive_base_msgs/share/drive_base_msgs/msg/BaseInfo.json
[2.241s] -- Up-to-date: /home/rassito/microros_ws/install/drive_base_msgs/share/drive_base_msgs/msg/CommandStatus.json
[2.241s] -- Up-to-date: /home/rassito/microros_ws/install/drive_base_msgs/share/drive_base_msgs/msg/TRVCommand.json
[2.241s] -- Up-to-date: /home/rassito/microros_ws/install/drive_base_msgs/include/drive_base_msgs/drive_base_msgs
[2.241s] -- Up-to-date: /home/rassito/microros_ws/install/drive_base_msgs/include/drive_base_msgs/drive_base_msgs/msg
[2.241s] -- Up-to-date: /home/rassito/microros_ws/install/drive_base_msgs/include/drive_base_msgs/drive_base_msgs/msg/command_status.h
[2.242s] -- Up-to-date: /home/rassito/microros_ws/install/drive_base_msgs/include/drive_base_msgs/drive_base_msgs/msg/command_header.h
[2.242s] -- Up-to-date: /home/rassito/microros_ws/install/drive_base_msgs/include/drive_base_msgs/drive_base_msgs/msg/base_info.h
[2.242s] -- Up-to-date: /home/rassito/microros_ws/install/drive_base_msgs/include/drive_base_msgs/drive_base_msgs/msg/detail
[2.242s] -- Up-to-date: /home/rassito/microros_ws/install/drive_base_msgs/include/drive_base_msgs/drive_base_msgs/msg/detail/command_header__type_support.h
[2.242s] -- Up-to-date: /home/rassito/microros_ws/install/drive_base_msgs/include/drive_base_msgs/drive_base_msgs/msg/detail/command_header__functions.h
[2.242s] -- Up-to-date: /home/rassito/microros_ws/install/drive_base_msgs/include/drive_base_msgs/drive_base_msgs/msg/detail/command_header__struct.h
[2.242s] -- Up-to-date: /home/rassito/microros_ws/install/drive_base_msgs/include/drive_base_msgs/drive_base_msgs/msg/detail/command_header__type_support.c
[2.242s] -- Up-to-date: /home/rassito/microros_ws/install/drive_base_msgs/include/drive_base_msgs/drive_base_msgs/msg/detail/command_status__functions.h
[2.242s] -- Up-to-date: /home/rassito/microros_ws/install/drive_base_msgs/include/drive_base_msgs/drive_base_msgs/msg/detail/command_status__type_support.c
[2.242s] -- Up-to-date: /home/rassito/microros_ws/install/drive_base_msgs/include/drive_base_msgs/drive_base_msgs/msg/detail/base_info__struct.h
[2.242s] -- Up-to-date: /home/rassito/microros_ws/install/drive_base_msgs/include/drive_base_msgs/drive_base_msgs/msg/detail/trv_command__type_support.c
[2.242s] -- Up-to-date: /home/rassito/microros_ws/install/drive_base_msgs/include/drive_base_msgs/drive_base_msgs/msg/detail/trv_command__description.c
[2.242s] -- Up-to-date: /home/rassito/microros_ws/install/drive_base_msgs/include/drive_base_msgs/drive_base_msgs/msg/detail/trv_command__type_support.h
[2.242s] -- Up-to-date: /home/rassito/microros_ws/install/drive_base_msgs/include/drive_base_msgs/drive_base_msgs/msg/detail/command_status__functions.c
[2.242s] -- Up-to-date: /home/rassito/microros_ws/install/drive_base_msgs/include/drive_base_msgs/drive_base_msgs/msg/detail/command_status__type_support.h
[2.242s] -- Up-to-date: /home/rassito/microros_ws/install/drive_base_msgs/include/drive_base_msgs/drive_base_msgs/msg/detail/base_info__type_support.c
[2.243s] -- Up-to-date: /home/rassito/microros_ws/install/drive_base_msgs/include/drive_base_msgs/drive_base_msgs/msg/detail/trv_command__functions.c
[2.243s] -- Up-to-date: /home/rassito/microros_ws/install/drive_base_msgs/include/drive_base_msgs/drive_base_msgs/msg/detail/trv_command__struct.h
[2.243s] -- Up-to-date: /home/rassito/microros_ws/install/drive_base_msgs/include/drive_base_msgs/drive_base_msgs/msg/detail/command_header__functions.c
[2.243s] -- Up-to-date: /home/rassito/microros_ws/install/drive_base_msgs/include/drive_base_msgs/drive_base_msgs/msg/detail/base_info__description.c
[2.243s] -- Up-to-date: /home/rassito/microros_ws/install/drive_base_msgs/include/drive_base_msgs/drive_base_msgs/msg/detail/command_status__struct.h
[2.243s] -- Up-to-date: /home/rassito/microros_ws/install/drive_base_msgs/include/drive_base_msgs/drive_base_msgs/msg/detail/trv_command__functions.h
[2.243s] -- Up-to-date: /home/rassito/microros_ws/install/drive_base_msgs/include/drive_base_msgs/drive_base_msgs/msg/detail/base_info__type_support.h
[2.243s] -- Up-to-date: /home/rassito/microros_ws/install/drive_base_msgs/include/drive_base_msgs/drive_base_msgs/msg/detail/command_status__description.c
[2.243s] -- Up-to-date: /home/rassito/microros_ws/install/drive_base_msgs/include/drive_base_msgs/drive_base_msgs/msg/detail/command_header__description.c
[2.244s] -- Up-to-date: /home/rassito/microros_ws/install/drive_base_msgs/include/drive_base_msgs/drive_base_msgs/msg/detail/base_info__functions.c
[2.244s] -- Up-to-date: /home/rassito/microros_ws/install/drive_base_msgs/include/drive_base_msgs/drive_base_msgs/msg/detail/base_info__functions.h
[2.244s] -- Up-to-date: /home/rassito/microros_ws/install/drive_base_msgs/include/drive_base_msgs/drive_base_msgs/msg/trv_command.h
[2.244s] -- Up-to-date: /home/rassito/microros_ws/install/drive_base_msgs/include/drive_base_msgs/drive_base_msgs/msg/rosidl_generator_c__visibility_control.h
[2.244s] -- Up-to-date: /home/rassito/microros_ws/install/drive_base_msgs/share/drive_base_msgs/environment/library_path.sh
[2.244s] -- Up-to-date: /home/rassito/microros_ws/install/drive_base_msgs/share/drive_base_msgs/environment/library_path.dsv
[2.244s] -- Up-to-date: /home/rassito/microros_ws/install/drive_base_msgs/lib/libdrive_base_msgs__rosidl_generator_c.so
[2.244s] -- Up-to-date: /home/rassito/microros_ws/install/drive_base_msgs/include/drive_base_msgs/drive_base_msgs
[2.244s] -- Up-to-date: /home/rassito/microros_ws/install/drive_base_msgs/include/drive_base_msgs/drive_base_msgs/msg
[2.244s] -- Up-to-date: /home/rassito/microros_ws/install/drive_base_msgs/include/drive_base_msgs/drive_base_msgs/msg/rosidl_typesupport_fastrtps_c__visibility_control.h
[2.244s] -- Up-to-date: /home/rassito/microros_ws/install/drive_base_msgs/include/drive_base_msgs/drive_base_msgs/msg/detail
[2.244s] -- Up-to-date: /home/rassito/microros_ws/install/drive_base_msgs/include/drive_base_msgs/drive_base_msgs/msg/detail/base_info__rosidl_typesupport_fastrtps_c.h
[2.244s] -- Up-to-date: /home/rassito/microros_ws/install/drive_base_msgs/include/drive_base_msgs/drive_base_msgs/msg/detail/trv_command__rosidl_typesupport_fastrtps_c.h
[2.244s] -- Up-to-date: /home/rassito/microros_ws/install/drive_base_msgs/include/drive_base_msgs/drive_base_msgs/msg/detail/command_header__rosidl_typesupport_fastrtps_c.h
[2.244s] -- Up-to-date: /home/rassito/microros_ws/install/drive_base_msgs/include/drive_base_msgs/drive_base_msgs/msg/detail/command_status__rosidl_typesupport_fastrtps_c.h
[2.244s] -- Up-to-date: /home/rassito/microros_ws/install/drive_base_msgs/lib/libdrive_base_msgs__rosidl_typesupport_fastrtps_c.so
[2.245s] -- Up-to-date: /home/rassito/microros_ws/install/drive_base_msgs/include/drive_base_msgs/drive_base_msgs
[2.245s] -- Up-to-date: /home/rassito/microros_ws/install/drive_base_msgs/include/drive_base_msgs/drive_base_msgs/msg
[2.245s] -- Up-to-date: /home/rassito/microros_ws/install/drive_base_msgs/include/drive_base_msgs/drive_base_msgs/msg/command_status.hpp
[2.245s] -- Up-to-date: /home/rassito/microros_ws/install/drive_base_msgs/include/drive_base_msgs/drive_base_msgs/msg/rosidl_generator_cpp__visibility_control.hpp
[2.245s] -- Up-to-date: /home/rassito/microros_ws/install/drive_base_msgs/include/drive_base_msgs/drive_base_msgs/msg/base_info.hpp
[2.245s] -- Up-to-date: /home/rassito/microros_ws/install/drive_base_msgs/include/drive_base_msgs/drive_base_msgs/msg/command_header.hpp
[2.245s] -- Up-to-date: /home/rassito/microros_ws/install/drive_base_msgs/include/drive_base_msgs/drive_base_msgs/msg/trv_command.hpp
[2.245s] -- Up-to-date: /home/rassito/microros_ws/install/drive_base_msgs/include/drive_base_msgs/drive_base_msgs/msg/detail
[2.245s] -- Up-to-date: /home/rassito/microros_ws/install/drive_base_msgs/include/drive_base_msgs/drive_base_msgs/msg/detail/base_info__type_support.hpp
[2.245s] -- Up-to-date: /home/rassito/microros_ws/install/drive_base_msgs/include/drive_base_msgs/drive_base_msgs/msg/detail/command_header__type_support.hpp
[2.246s] -- Up-to-date: /home/rassito/microros_ws/install/drive_base_msgs/include/drive_base_msgs/drive_base_msgs/msg/detail/trv_command__traits.hpp
[2.247s] -- Up-to-date: /home/rassito/microros_ws/install/drive_base_msgs/include/drive_base_msgs/drive_base_msgs/msg/detail/base_info__traits.hpp
[2.247s] -- Up-to-date: /home/rassito/microros_ws/install/drive_base_msgs/include/drive_base_msgs/drive_base_msgs/msg/detail/base_info__builder.hpp
[2.247s] -- Up-to-date: /home/rassito/microros_ws/install/drive_base_msgs/include/drive_base_msgs/drive_base_msgs/msg/detail/command_header__builder.hpp
[2.247s] -- Up-to-date: /home/rassito/microros_ws/install/drive_base_msgs/include/drive_base_msgs/drive_base_msgs/msg/detail/command_status__builder.hpp
[2.247s] -- Up-to-date: /home/rassito/microros_ws/install/drive_base_msgs/include/drive_base_msgs/drive_base_msgs/msg/detail/command_status__traits.hpp
[2.247s] -- Up-to-date: /home/rassito/microros_ws/install/drive_base_msgs/include/drive_base_msgs/drive_base_msgs/msg/detail/trv_command__type_support.hpp
[2.247s] -- Up-to-date: /home/rassito/microros_ws/install/drive_base_msgs/include/drive_base_msgs/drive_base_msgs/msg/detail/trv_command__struct.hpp
[2.247s] -- Up-to-date: /home/rassito/microros_ws/install/drive_base_msgs/include/drive_base_msgs/drive_base_msgs/msg/detail/trv_command__builder.hpp
[2.247s] -- Up-to-date: /home/rassito/microros_ws/install/drive_base_msgs/include/drive_base_msgs/drive_base_msgs/msg/detail/command_header__struct.hpp
[2.247s] -- Up-to-date: /home/rassito/microros_ws/install/drive_base_msgs/include/drive_base_msgs/drive_base_msgs/msg/detail/command_header__traits.hpp
[2.247s] -- Up-to-date: /home/rassito/microros_ws/install/drive_base_msgs/include/drive_base_msgs/drive_base_msgs/msg/detail/command_status__struct.hpp
[2.248s] -- Up-to-date: /home/rassito/microros_ws/install/drive_base_msgs/include/drive_base_msgs/drive_base_msgs/msg/detail/base_info__struct.hpp
[2.248s] -- Up-to-date: /home/rassito/microros_ws/install/drive_base_msgs/include/drive_base_msgs/drive_base_msgs/msg/detail/command_status__type_support.hpp
[2.248s] -- Up-to-date: /home/rassito/microros_ws/install/drive_base_msgs/include/drive_base_msgs/drive_base_msgs
[2.248s] -- Up-to-date: /home/rassito/microros_ws/install/drive_base_msgs/include/drive_base_msgs/drive_base_msgs/msg
[2.248s] -- Up-to-date: /home/rassito/microros_ws/install/drive_base_msgs/include/drive_base_msgs/drive_base_msgs/msg/rosidl_typesupport_fastrtps_cpp__visibility_control.h
[2.248s] -- Up-to-date: /home/rassito/microros_ws/install/drive_base_msgs/include/drive_base_msgs/drive_base_msgs/msg/detail
[2.248s] -- Up-to-date: /home/rassito/microros_ws/install/drive_base_msgs/include/drive_base_msgs/drive_base_msgs/msg/detail/command_status__rosidl_typesupport_fastrtps_cpp.hpp
[2.248s] -- Up-to-date: /home/rassito/microros_ws/install/drive_base_msgs/include/drive_base_msgs/drive_base_msgs/msg/detail/command_header__rosidl_typesupport_fastrtps_cpp.hpp
[2.248s] -- Up-to-date: /home/rassito/microros_ws/install/drive_base_msgs/include/drive_base_msgs/drive_base_msgs/msg/detail/trv_command__rosidl_typesupport_fastrtps_cpp.hpp
[2.248s] -- Up-to-date: /home/rassito/microros_ws/install/drive_base_msgs/include/drive_base_msgs/drive_base_msgs/msg/detail/base_info__rosidl_typesupport_fastrtps_cpp.hpp
[2.248s] -- Up-to-date: /home/rassito/microros_ws/install/drive_base_msgs/include/drive_base_msgs/drive_base_msgs/msg/detail/dds_fastrtps
[2.248s] -- Up-to-date: /home/rassito/microros_ws/install/drive_base_msgs/lib/libdrive_base_msgs__rosidl_typesupport_fastrtps_cpp.so
[2.248s] -- Up-to-date: /home/rassito/microros_ws/install/drive_base_msgs/include/drive_base_msgs/drive_base_msgs
[2.248s] -- Up-to-date: /home/rassito/microros_ws/install/drive_base_msgs/include/drive_base_msgs/drive_base_msgs/msg
[2.248s] -- Up-to-date: /home/rassito/microros_ws/install/drive_base_msgs/include/drive_base_msgs/drive_base_msgs/msg/rosidl_typesupport_introspection_c__visibility_control.h
[2.248s] -- Up-to-date: /home/rassito/microros_ws/install/drive_base_msgs/include/drive_base_msgs/drive_base_msgs/msg/detail
[2.248s] -- Up-to-date: /home/rassito/microros_ws/install/drive_base_msgs/include/drive_base_msgs/drive_base_msgs/msg/detail/base_info__rosidl_typesupport_introspection_c.h
[2.248s] -- Up-to-date: /home/rassito/microros_ws/install/drive_base_msgs/include/drive_base_msgs/drive_base_msgs/msg/detail/command_header__type_support.c
[2.248s] -- Up-to-date: /home/rassito/microros_ws/install/drive_base_msgs/include/drive_base_msgs/drive_base_msgs/msg/detail/command_status__type_support.c
[2.249s] -- Up-to-date: /home/rassito/microros_ws/install/drive_base_msgs/include/drive_base_msgs/drive_base_msgs/msg/detail/trv_command__type_support.c
[2.249s] -- Up-to-date: /home/rassito/microros_ws/install/drive_base_msgs/include/drive_base_msgs/drive_base_msgs/msg/detail/command_status__rosidl_typesupport_introspection_c.h
[2.249s] -- Up-to-date: /home/rassito/microros_ws/install/drive_base_msgs/include/drive_base_msgs/drive_base_msgs/msg/detail/base_info__type_support.c
[2.249s] -- Up-to-date: /home/rassito/microros_ws/install/drive_base_msgs/include/drive_base_msgs/drive_base_msgs/msg/detail/trv_command__rosidl_typesupport_introspection_c.h
[2.249s] -- Up-to-date: /home/rassito/microros_ws/install/drive_base_msgs/include/drive_base_msgs/drive_base_msgs/msg/detail/command_header__rosidl_typesupport_introspection_c.h
[2.249s] -- Up-to-date: /home/rassito/microros_ws/install/drive_base_msgs/lib/libdrive_base_msgs__rosidl_typesupport_introspection_c.so
[2.249s] -- Installing: /home/rassito/microros_ws/install/drive_base_msgs/lib/libdrive_base_msgs__rosidl_typesupport_c.so
[2.249s] -- Set non-toolchain portion of runtime path of "/home/rassito/microros_ws/install/drive_base_msgs/lib/libdrive_base_msgs__rosidl_typesupport_c.so" to ""
[2.249s] -- Up-to-date: /home/rassito/microros_ws/install/drive_base_msgs/include/drive_base_msgs/drive_base_msgs
[2.249s] -- Up-to-date: /home/rassito/microros_ws/install/drive_base_msgs/include/drive_base_msgs/drive_base_msgs/msg
[2.249s] -- Up-to-date: /home/rassito/microros_ws/install/drive_base_msgs/include/drive_base_msgs/drive_base_msgs/msg/detail
[2.249s] -- Up-to-date: /home/rassito/microros_ws/install/drive_base_msgs/include/drive_base_msgs/drive_base_msgs/msg/detail/base_info__type_support.cpp
[2.249s] -- Up-to-date: /home/rassito/microros_ws/install/drive_base_msgs/include/drive_base_msgs/drive_base_msgs/msg/detail/base_info__rosidl_typesupport_introspection_cpp.hpp
[2.249s] -- Up-to-date: /home/rassito/microros_ws/install/drive_base_msgs/include/drive_base_msgs/drive_base_msgs/msg/detail/trv_command__type_support.cpp
[2.249s] -- Up-to-date: /home/rassito/microros_ws/install/drive_base_msgs/include/drive_base_msgs/drive_base_msgs/msg/detail/command_status__rosidl_typesupport_introspection_cpp.hpp
[2.249s] -- Up-to-date: /home/rassito/microros_ws/install/drive_base_msgs/include/drive_base_msgs/drive_base_msgs/msg/detail/command_header__type_support.cpp
[2.249s] -- Up-to-date: /home/rassito/microros_ws/install/drive_base_msgs/include/drive_base_msgs/drive_base_msgs/msg/detail/trv_command__rosidl_typesupport_introspection_cpp.hpp
[2.249s] -- Up-to-date: /home/rassito/microros_ws/install/drive_base_msgs/include/drive_base_msgs/drive_base_msgs/msg/detail/command_header__rosidl_typesupport_introspection_cpp.hpp
[2.249s] -- Up-to-date: /home/rassito/microros_ws/install/drive_base_msgs/include/drive_base_msgs/drive_base_msgs/msg/detail/command_status__type_support.cpp
[2.249s] -- Up-to-date: /home/rassito/microros_ws/install/drive_base_msgs/lib/libdrive_base_msgs__rosidl_typesupport_introspection_cpp.so
[2.250s] -- Installing: /home/rassito/microros_ws/install/drive_base_msgs/lib/libdrive_base_msgs__rosidl_typesupport_cpp.so
[2.250s] -- Set non-toolchain portion of runtime path of "/home/rassito/microros_ws/install/drive_base_msgs/lib/libdrive_base_msgs__rosidl_typesupport_cpp.so" to ""
[2.250s] -- Up-to-date: /home/rassito/microros_ws/install/drive_base_msgs/share/drive_base_msgs/environment/pythonpath.sh
[2.250s] -- Up-to-date: /home/rassito/microros_ws/install/drive_base_msgs/share/drive_base_msgs/environment/pythonpath.dsv
[2.250s] -- Up-to-date: /home/rassito/microros_ws/install/drive_base_msgs/lib/python3.12/site-packages/drive_base_msgs-0.0.0-py3.12.egg-info
[2.250s] -- Installing: /home/rassito/microros_ws/install/drive_base_msgs/lib/python3.12/site-packages/drive_base_msgs-0.0.0-py3.12.egg-info/top_level.txt
[2.250s] -- Installing: /home/rassito/microros_ws/install/drive_base_msgs/lib/python3.12/site-packages/drive_base_msgs-0.0.0-py3.12.egg-info/PKG-INFO
[2.250s] -- Installing: /home/rassito/microros_ws/install/drive_base_msgs/lib/python3.12/site-packages/drive_base_msgs-0.0.0-py3.12.egg-info/dependency_links.txt
[2.250s] -- Installing: /home/rassito/microros_ws/install/drive_base_msgs/lib/python3.12/site-packages/drive_base_msgs-0.0.0-py3.12.egg-info/SOURCES.txt
[2.250s] -- Up-to-date: /home/rassito/microros_ws/install/drive_base_msgs/lib/python3.12/site-packages/drive_base_msgs
[2.250s] -- Installing: /home/rassito/microros_ws/install/drive_base_msgs/lib/python3.12/site-packages/drive_base_msgs/drive_base_msgs_s__rosidl_typesupport_fastrtps_c.so
[2.250s] -- Up-to-date: /home/rassito/microros_ws/install/drive_base_msgs/lib/python3.12/site-packages/drive_base_msgs/_drive_base_msgs_s.ep.rosidl_typesupport_introspection_c.c
[2.252s] -- Up-to-date: /home/rassito/microros_ws/install/drive_base_msgs/lib/python3.12/site-packages/drive_base_msgs/_drive_base_msgs_s.ep.rosidl_typesupport_c.c
[2.253s] -- Up-to-date: /home/rassito/microros_ws/install/drive_base_msgs/lib/python3.12/site-packages/drive_base_msgs/_drive_base_msgs_s.ep.rosidl_typesupport_fastrtps_c.c
[2.253s] -- Up-to-date: /home/rassito/microros_ws/install/drive_base_msgs/lib/python3.12/site-packages/drive_base_msgs/_drive_base_msgs_s.ep.rosidl_typesupport_microxrcedds_c.c
[2.253s] -- Installing: /home/rassito/microros_ws/install/drive_base_msgs/lib/python3.12/site-packages/drive_base_msgs/drive_base_msgs_s__rosidl_typesupport_c.so
[2.253s] -- Up-to-date: /home/rassito/microros_ws/install/drive_base_msgs/lib/python3.12/site-packages/drive_base_msgs/drive_base_msgs_s__rosidl_typesupport_microxrcedds_c.so
[2.253s] -- Installing: /home/rassito/microros_ws/install/drive_base_msgs/lib/python3.12/site-packages/drive_base_msgs/drive_base_msgs_s__rosidl_typesupport_introspection_c.so
[2.253s] -- Up-to-date: /home/rassito/microros_ws/install/drive_base_msgs/lib/python3.12/site-packages/drive_base_msgs/msg
[2.253s] -- Up-to-date: /home/rassito/microros_ws/install/drive_base_msgs/lib/python3.12/site-packages/drive_base_msgs/msg/_base_info.py
[2.253s] -- Up-to-date: /home/rassito/microros_ws/install/drive_base_msgs/lib/python3.12/site-packages/drive_base_msgs/msg/_command_header_s.c
[2.253s] -- Up-to-date: /home/rassito/microros_ws/install/drive_base_msgs/lib/python3.12/site-packages/drive_base_msgs/msg/_trv_command_s.c
[2.253s] -- Up-to-date: /home/rassito/microros_ws/install/drive_base_msgs/lib/python3.12/site-packages/drive_base_msgs/msg/_command_header.py
[2.253s] -- Up-to-date: /home/rassito/microros_ws/install/drive_base_msgs/lib/python3.12/site-packages/drive_base_msgs/msg/_command_status_s.c
[2.253s] -- Up-to-date: /home/rassito/microros_ws/install/drive_base_msgs/lib/python3.12/site-packages/drive_base_msgs/msg/_command_status.py
[2.253s] -- Up-to-date: /home/rassito/microros_ws/install/drive_base_msgs/lib/python3.12/site-packages/drive_base_msgs/msg/_trv_command.py
[2.253s] -- Up-to-date: /home/rassito/microros_ws/install/drive_base_msgs/lib/python3.12/site-packages/drive_base_msgs/msg/__init__.py
[2.253s] -- Up-to-date: /home/rassito/microros_ws/install/drive_base_msgs/lib/python3.12/site-packages/drive_base_msgs/msg/_base_info_s.c
[2.253s] -- Installing: /home/rassito/microros_ws/install/drive_base_msgs/lib/python3.12/site-packages/drive_base_msgs/__init__.py
[2.277s] Listing '/home/rassito/microros_ws/install/drive_base_msgs/lib/python3.12/site-packages/drive_base_msgs'...
[2.277s] Compiling '/home/rassito/microros_ws/install/drive_base_msgs/lib/python3.12/site-packages/drive_base_msgs/__init__.py'...
[2.277s] Listing '/home/rassito/microros_ws/install/drive_base_msgs/lib/python3.12/site-packages/drive_base_msgs/msg'...
[2.281s] -- Installing: /home/rassito/microros_ws/install/drive_base_msgs/lib/python3.12/site-packages/drive_base_msgs/drive_base_msgs_s__rosidl_typesupport_fastrtps_c.so
[2.281s] -- Set non-toolchain portion of runtime path of "/home/rassito/microros_ws/install/drive_base_msgs/lib/python3.12/site-packages/drive_base_msgs/drive_base_msgs_s__rosidl_typesupport_fastrtps_c.so" to ""
[2.281s] -- Installing: /home/rassito/microros_ws/install/drive_base_msgs/lib/python3.12/site-packages/drive_base_msgs/drive_base_msgs_s__rosidl_typesupport_introspection_c.so
[2.281s] -- Set non-toolchain portion of runtime path of "/home/rassito/microros_ws/install/drive_base_msgs/lib/python3.12/site-packages/drive_base_msgs/drive_base_msgs_s__rosidl_typesupport_introspection_c.so" to ""
[2.281s] -- Installing: /home/rassito/microros_ws/install/drive_base_msgs/lib/python3.12/site-packages/drive_base_msgs/drive_base_msgs_s__rosidl_typesupport_c.so
[2.282s] -- Set non-toolchain portion of runtime path of "/home/rassito/microros_ws/install/drive_base_msgs/lib/python3.12/site-packages/drive_base_msgs/drive_base_msgs_s__rosidl_typesupport_c.so" to ""
[2.282s] -- Installing: /home/rassito/microros_ws/install/drive_base_msgs/lib/libdrive_base_msgs__rosidl_generator_py.so
[2.282s] -- Set non-toolchain portion of runtime path of "/home/rassito/microros_ws/install/drive_base_msgs/lib/libdrive_base_msgs__rosidl_generator_py.so" to ""
[2.282s] -- Up-to-date: /home/rassito/microros_ws/install/drive_base_msgs/share/drive_base_msgs/msg/CommandHeader.idl
[2.282s] -- Up-to-date: /home/rassito/microros_ws/install/drive_base_msgs/share/drive_base_msgs/msg/BaseInfo.idl
[2.282s] -- Up-to-date: /home/rassito/microros_ws/install/drive_base_msgs/share/drive_base_msgs/msg/CommandStatus.idl
[2.282s] -- Up-to-date: /home/rassito/microros_ws/install/drive_base_msgs/share/drive_base_msgs/msg/TRVCommand.idl
[2.282s] -- Up-to-date: /home/rassito/microros_ws/install/drive_base_msgs/share/drive_base_msgs/msg/CommandHeader.msg
[2.283s] -- Up-to-date: /home/rassito/microros_ws/install/drive_base_msgs/share/drive_base_msgs/msg/BaseInfo.msg
[2.283s] -- Up-to-date: /home/rassito/microros_ws/install/drive_base_msgs/share/drive_base_msgs/msg/CommandStatus.msg
[2.283s] -- Up-to-date: /home/rassito/microros_ws/install/drive_base_msgs/share/drive_base_msgs/msg/TRVCommand.msg
[2.283s] -- Up-to-date: /home/rassito/microros_ws/install/drive_base_msgs/share/ament_index/resource_index/package_run_dependencies/drive_base_msgs
[2.283s] -- Installing: /home/rassito/microros_ws/install/drive_base_msgs/share/ament_index/resource_index/parent_prefix_path/drive_base_msgs
[2.283s] -- Up-to-date: /home/rassito/microros_ws/install/drive_base_msgs/share/drive_base_msgs/environment/ament_prefix_path.sh
[2.283s] -- Up-to-date: /home/rassito/microros_ws/install/drive_base_msgs/share/drive_base_msgs/environment/ament_prefix_path.dsv
[2.283s] -- Up-to-date: /home/rassito/microros_ws/install/drive_base_msgs/share/drive_base_msgs/environment/path.sh
[2.283s] -- Up-to-date: /home/rassito/microros_ws/install/drive_base_msgs/share/drive_base_msgs/environment/path.dsv
[2.283s] -- Up-to-date: /home/rassito/microros_ws/install/drive_base_msgs/share/drive_base_msgs/local_setup.bash
[2.283s] -- Up-to-date: /home/rassito/microros_ws/install/drive_base_msgs/share/drive_base_msgs/local_setup.sh
[2.283s] -- Up-to-date: /home/rassito/microros_ws/install/drive_base_msgs/share/drive_base_msgs/local_setup.zsh
[2.283s] -- Up-to-date: /home/rassito/microros_ws/install/drive_base_msgs/share/drive_base_msgs/local_setup.dsv
[2.283s] -- Installing: /home/rassito/microros_ws/install/drive_base_msgs/share/drive_base_msgs/package.dsv
[2.283s] -- Up-to-date: /home/rassito/microros_ws/install/drive_base_msgs/share/ament_index/resource_index/packages/drive_base_msgs
[2.283s] -- Up-to-date: /home/rassito/microros_ws/install/drive_base_msgs/share/drive_base_msgs/cmake/export_drive_base_msgs__rosidl_generator_cExport.cmake
[2.283s] -- Up-to-date: /home/rassito/microros_ws/install/drive_base_msgs/share/drive_base_msgs/cmake/export_drive_base_msgs__rosidl_generator_cExport-noconfig.cmake
[2.283s] -- Up-to-date: /home/rassito/microros_ws/install/drive_base_msgs/share/drive_base_msgs/cmake/export_drive_base_msgs__rosidl_typesupport_fastrtps_cExport.cmake
[2.284s] -- Up-to-date: /home/rassito/microros_ws/install/drive_base_msgs/share/drive_base_msgs/cmake/export_drive_base_msgs__rosidl_typesupport_fastrtps_cExport-noconfig.cmake
[2.284s] -- Up-to-date: /home/rassito/microros_ws/install/drive_base_msgs/share/drive_base_msgs/cmake/export_drive_base_msgs__rosidl_generator_cppExport.cmake
[2.284s] -- Up-to-date: /home/rassito/microros_ws/install/drive_base_msgs/share/drive_base_msgs/cmake/export_drive_base_msgs__rosidl_typesupport_fastrtps_cppExport.cmake
[2.284s] -- Up-to-date: /home/rassito/microros_ws/install/drive_base_msgs/share/drive_base_msgs/cmake/export_drive_base_msgs__rosidl_typesupport_fastrtps_cppExport-noconfig.cmake
[2.284s] -- Up-to-date: /home/rassito/microros_ws/install/drive_base_msgs/share/drive_base_msgs/cmake/drive_base_msgs__rosidl_typesupport_introspection_cExport.cmake
[2.284s] -- Up-to-date: /home/rassito/microros_ws/install/drive_base_msgs/share/drive_base_msgs/cmake/drive_base_msgs__rosidl_typesupport_introspection_cExport-noconfig.cmake
[2.284s] -- Up-to-date: /home/rassito/microros_ws/install/drive_base_msgs/share/drive_base_msgs/cmake/drive_base_msgs__rosidl_typesupport_cExport.cmake
[2.285s] -- Up-to-date: /home/rassito/microros_ws/install/drive_base_msgs/share/drive_base_msgs/cmake/drive_base_msgs__rosidl_typesupport_cExport-noconfig.cmake
[2.285s] -- Up-to-date: /home/rassito/microros_ws/install/drive_base_msgs/share/drive_base_msgs/cmake/drive_base_msgs__rosidl_typesupport_introspection_cppExport.cmake
[2.285s] -- Up-to-date: /home/rassito/microros_ws/install/drive_base_msgs/share/drive_base_msgs/cmake/drive_base_msgs__rosidl_typesupport_introspection_cppExport-noconfig.cmake
[2.285s] -- Up-to-date: /home/rassito/microros_ws/install/drive_base_msgs/share/drive_base_msgs/cmake/drive_base_msgs__rosidl_typesupport_cppExport.cmake
[2.285s] -- Up-to-date: /home/rassito/microros_ws/install/drive_base_msgs/share/drive_base_msgs/cmake/drive_base_msgs__rosidl_typesupport_cppExport-noconfig.cmake
[2.285s] -- Up-to-date: /home/rassito/microros_ws/install/drive_base_msgs/share/drive_base_msgs/cmake/export_drive_base_msgs__rosidl_generator_pyExport.cmake
[2.285s] -- Up-to-date: /home/rassito/microros_ws/install/drive_base_msgs/share/drive_base_msgs/cmake/export_drive_base_msgs__rosidl_generator_pyExport-noconfig.cmake
[2.285s] -- Up-to-date: /home/rassito/microros_ws/install/drive_base_msgs/share/drive_base_msgs/cmake/rosidl_cmake-extras.cmake
[2.285s] -- Up-to-date: /home/rassito/microros_ws/install/drive_base_msgs/share/drive_base_msgs/cmake/ament_cmake_export_dependencies-extras.cmake
[2.285s] -- Installing: /home/rassito/microros_ws/install/drive_base_msgs/share/drive_base_msgs/cmake/ament_cmake_export_include_directories-extras.cmake
[2.285s] -- Up-to-date: /home/rassito/microros_ws/install/drive_base_msgs/share/drive_base_msgs/cmake/ament_cmake_export_libraries-extras.cmake
[2.285s] -- Up-to-date: /home/rassito/microros_ws/install/drive_base_msgs/share/drive_base_msgs/cmake/ament_cmake_export_targets-extras.cmake
[2.285s] -- Up-to-date: /home/rassito/microros_ws/install/drive_base_msgs/share/drive_base_msgs/cmake/rosidl_cmake_export_typesupport_targets-extras.cmake
[2.286s] -- Installing: /home/rassito/microros_ws/install/drive_base_msgs/share/drive_base_msgs/cmake/rosidl_cmake_export_typesupport_libraries-extras.cmake
[2.286s] -- Up-to-date: /home/rassito/microros_ws/install/drive_base_msgs/share/drive_base_msgs/cmake/drive_base_msgsConfig.cmake
[2.286s] -- Up-to-date: /home/rassito/microros_ws/install/drive_base_msgs/share/drive_base_msgs/cmake/drive_base_msgsConfig-version.cmake
[2.286s] -- Up-to-date: /home/rassito/microros_ws/install/drive_base_msgs/share/drive_base_msgs/package.xml
[2.287s] Invoked command in '/home/rassito/microros_ws/build/drive_base_msgs' returned '0': AMENT_PREFIX_PATH=/home/rassito/microros_ws/install/std_msgs:/home/rassito/microros_ws/install/builtin_interfaces:${AMENT_PREFIX_PATH} CMAKE_PREFIX_PATH=/home/rassito/microros_ws/install/std_msgs:/home/rassito/microros_ws/install/builtin_interfaces:/opt/ros/jazzy/opt/sdformat_vendor:/opt/ros/jazzy/opt/gz_math_vendor:/opt/ros/jazzy/opt/gz_utils_vendor:/opt/ros/jazzy/opt/gz_tools_vendor:/opt/ros/jazzy/opt/gz_cmake_vendor:/home/rassito/ros_ws/install/super_pkg:/opt/ros/jazzy DEBUGINFOD_URLS=https://debuginfod.ubuntu.com LD_LIBRARY_PATH=/home/rassito/microros_ws/install/std_msgs/lib:/home/rassito/microros_ws/install/builtin_interfaces/lib:${LD_LIBRARY_PATH} PYTHONPATH=/home/rassito/microros_ws/install/std_msgs/lib/python3.12/site-packages:/home/rassito/microros_ws/install/builtin_interfaces/lib/python3.12/site-packages:${PYTHONPATH} /usr/bin/cmake --install /home/rassito/microros_ws/build/drive_base_msgs
