running egg_info
writing build/my_package/my_package.egg-info/PKG-INFO
writing dependency_links to build/my_package/my_package.egg-info/dependency_links.txt
writing requirements to build/my_package/my_package.egg-info/requires.txt
writing top-level names to build/my_package/my_package.egg-info/top_level.txt
reading manifest file 'build/my_package/my_package.egg-info/SOURCES.txt'
adding license file 'LICENSE'
writing manifest file 'build/my_package/my_package.egg-info/SOURCES.txt'
running build
running build_py
copying my_package/hand_driver.py -> /home/rassito/Documents/ros_projects/Bionic-Hand/src/my_package/build/my_package/build/lib/my_package
running install
running install_lib
copying /home/rassito/Documents/ros_projects/Bionic-Hand/src/my_package/build/my_package/build/lib/my_package/hand_driver.py -> /home/rassito/Documents/ros_projects/Bionic-Hand/src/my_package/install/my_package/lib/python3.12/site-packages/my_package
byte-compiling /home/rassito/Documents/ros_projects/Bionic-Hand/src/my_package/install/my_package/lib/python3.12/site-packages/my_package/hand_driver.py to hand_driver.cpython-312.pyc
running install_data
copying worlds/Bionic-Hand.wbt -> /home/rassito/Documents/ros_projects/Bionic-Hand/src/my_package/install/my_package/share/my_package/worlds
running install_egg_info
removing '/home/rassito/Documents/ros_projects/Bionic-Hand/src/my_package/install/my_package/lib/python3.12/site-packages/my_package-0.0.0-py3.12.egg-info' (and everything under it)
Copying build/my_package/my_package.egg-info to /home/rassito/Documents/ros_projects/Bionic-Hand/src/my_package/install/my_package/lib/python3.12/site-packages/my_package-0.0.0-py3.12.egg-info
running install_scripts
writing list of installed files to '/home/rassito/Documents/ros_projects/Bionic-Hand/src/my_package/build/my_package/install.log'
