[0.022s] Invoking command in '/home/rassito/microros_ws/build/action_msgs': AMENT_PREFIX_PATH=/home/rassito/microros_ws/install/service_msgs:/home/rassito/microros_ws/install/unique_identifier_msgs:/home/rassito/microros_ws/install/builtin_interfaces:${AMENT_PREFIX_PATH} CMAKE_PREFIX_PATH=/home/rassito/microros_ws/install/service_msgs:/home/rassito/microros_ws/install/unique_identifier_msgs:/home/rassito/microros_ws/install/builtin_interfaces:/opt/ros/jazzy/opt/sdformat_vendor:/opt/ros/jazzy/opt/gz_math_vendor:/opt/ros/jazzy/opt/gz_utils_vendor:/opt/ros/jazzy/opt/gz_tools_vendor:/opt/ros/jazzy/opt/gz_cmake_vendor:/home/rassito/ros_ws/install/super_pkg:/opt/ros/jazzy DEBUGINFOD_URLS=https://debuginfod.ubuntu.com LD_LIBRARY_PATH=/home/rassito/microros_ws/install/service_msgs/lib:/home/rassito/microros_ws/install/unique_identifier_msgs/lib:/home/rassito/microros_ws/install/builtin_interfaces/lib:${LD_LIBRARY_PATH} PYTHONPATH=/home/rassito/microros_ws/install/service_msgs/lib/python3.12/site-packages:/home/rassito/microros_ws/install/unique_identifier_msgs/lib/python3.12/site-packages:/home/rassito/microros_ws/install/builtin_interfaces/lib/python3.12/site-packages:${PYTHONPATH} /usr/bin/cmake /home/rassito/microros_ws/src/ros2/rcl_interfaces/action_msgs -DCMAKE_INSTALL_PREFIX=/home/rassito/microros_ws/install/action_msgs
[0.032s] -- Found ament_cmake: 2.5.3 (/opt/ros/jazzy/share/ament_cmake/cmake)
[0.050s] -- Found Python3: /usr/bin/python3 (found version "3.12.3") found components: Interpreter 
[0.112s] -- Found builtin_interfaces: 2.0.2 (/home/rassito/microros_ws/install/builtin_interfaces/share/builtin_interfaces/cmake)
[0.131s] -- Found rosidl_generator_c: 4.6.5 (/opt/ros/jazzy/share/rosidl_generator_c/cmake)
[0.139s] -- Found rosidl_generator_cpp: 4.6.5 (/opt/ros/jazzy/share/rosidl_generator_cpp/cmake)
[0.165s] -- Using all available rosidl_typesupport_c: rosidl_typesupport_fastrtps_c;rosidl_typesupport_introspection_c
[0.185s] -- Using all available rosidl_typesupport_cpp: rosidl_typesupport_fastrtps_cpp;rosidl_typesupport_introspection_cpp
[0.207s] -- Found rosidl_core_generators: 0.2.0 (/opt/ros/jazzy/share/rosidl_core_generators/cmake)
[0.208s] -- Found rosidl_adapter: 4.6.5 (/opt/ros/jazzy/share/rosidl_adapter/cmake)
[0.208s] -- Found unique_identifier_msgs: 2.5.0 (/home/rassito/microros_ws/install/unique_identifier_msgs/share/unique_identifier_msgs/cmake)
[0.416s] -- Found ament_cmake_ros: 0.12.0 (/opt/ros/jazzy/share/ament_cmake_ros/cmake)
[0.547s] -- Using all available rosidl_typesupport_c: rosidl_typesupport_fastrtps_c;rosidl_typesupport_introspection_c
[0.592s] -- Using all available rosidl_typesupport_cpp: rosidl_typesupport_fastrtps_cpp;rosidl_typesupport_introspection_cpp
[0.593s] -- Found python_cmake_module: 0.11.1 (/opt/ros/jazzy/share/python_cmake_module/cmake)
[0.922s] -- Found Python3: /usr/bin/python3 (found version "3.12.3") found components: Interpreter Development NumPy Development.Module Development.Embed 
[0.966s] -- Configuring done (0.9s)
[1.117s] -- Generating done (0.1s)
[1.155s] -- Build files have been written to: /home/rassito/microros_ws/build/action_msgs
[1.178s] Invoked command in '/home/rassito/microros_ws/build/action_msgs' returned '0': AMENT_PREFIX_PATH=/home/rassito/microros_ws/install/service_msgs:/home/rassito/microros_ws/install/unique_identifier_msgs:/home/rassito/microros_ws/install/builtin_interfaces:${AMENT_PREFIX_PATH} CMAKE_PREFIX_PATH=/home/rassito/microros_ws/install/service_msgs:/home/rassito/microros_ws/install/unique_identifier_msgs:/home/rassito/microros_ws/install/builtin_interfaces:/opt/ros/jazzy/opt/sdformat_vendor:/opt/ros/jazzy/opt/gz_math_vendor:/opt/ros/jazzy/opt/gz_utils_vendor:/opt/ros/jazzy/opt/gz_tools_vendor:/opt/ros/jazzy/opt/gz_cmake_vendor:/home/rassito/ros_ws/install/super_pkg:/opt/ros/jazzy DEBUGINFOD_URLS=https://debuginfod.ubuntu.com LD_LIBRARY_PATH=/home/rassito/microros_ws/install/service_msgs/lib:/home/rassito/microros_ws/install/unique_identifier_msgs/lib:/home/rassito/microros_ws/install/builtin_interfaces/lib:${LD_LIBRARY_PATH} PYTHONPATH=/home/rassito/microros_ws/install/service_msgs/lib/python3.12/site-packages:/home/rassito/microros_ws/install/unique_identifier_msgs/lib/python3.12/site-packages:/home/rassito/microros_ws/install/builtin_interfaces/lib/python3.12/site-packages:${PYTHONPATH} /usr/bin/cmake /home/rassito/microros_ws/src/ros2/rcl_interfaces/action_msgs -DCMAKE_INSTALL_PREFIX=/home/rassito/microros_ws/install/action_msgs
[1.182s] Invoking command in '/home/rassito/microros_ws/build/action_msgs': AMENT_PREFIX_PATH=/home/rassito/microros_ws/install/service_msgs:/home/rassito/microros_ws/install/unique_identifier_msgs:/home/rassito/microros_ws/install/builtin_interfaces:${AMENT_PREFIX_PATH} CMAKE_PREFIX_PATH=/home/rassito/microros_ws/install/service_msgs:/home/rassito/microros_ws/install/unique_identifier_msgs:/home/rassito/microros_ws/install/builtin_interfaces:/opt/ros/jazzy/opt/sdformat_vendor:/opt/ros/jazzy/opt/gz_math_vendor:/opt/ros/jazzy/opt/gz_utils_vendor:/opt/ros/jazzy/opt/gz_tools_vendor:/opt/ros/jazzy/opt/gz_cmake_vendor:/home/rassito/ros_ws/install/super_pkg:/opt/ros/jazzy DEBUGINFOD_URLS=https://debuginfod.ubuntu.com LD_LIBRARY_PATH=/home/rassito/microros_ws/install/service_msgs/lib:/home/rassito/microros_ws/install/unique_identifier_msgs/lib:/home/rassito/microros_ws/install/builtin_interfaces/lib:${LD_LIBRARY_PATH} PYTHONPATH=/home/rassito/microros_ws/install/service_msgs/lib/python3.12/site-packages:/home/rassito/microros_ws/install/unique_identifier_msgs/lib/python3.12/site-packages:/home/rassito/microros_ws/install/builtin_interfaces/lib/python3.12/site-packages:${PYTHONPATH} /usr/bin/cmake --build /home/rassito/microros_ws/build/action_msgs -- -j16 -l16
[1.304s] [  1%] Built target action_msgs__rosidl_generator_type_description
[1.334s] [  1%] Built target ament_cmake_python_copy_action_msgs
[1.358s] [  3%] Built target action_msgs__cpp
[1.421s] [ 25%] Built target action_msgs__rosidl_generator_c
[1.455s] [ 26%] [34m[1mGenerating C++ type support dispatch for ROS interfaces[0m
[1.460s] [ 28%] [34m[1mGenerating C type support dispatch for ROS interfaces[0m
[1.484s] [ 37%] Built target action_msgs__rosidl_typesupport_introspection_cpp
[1.490s] [ 46%] Built target action_msgs__rosidl_typesupport_introspection_c
[1.534s] [ 56%] Built target action_msgs__rosidl_typesupport_fastrtps_c
[1.534s] [ 65%] Built target action_msgs__rosidl_typesupport_fastrtps_cpp
[1.805s] running egg_info
[1.832s] writing action_msgs.egg-info/PKG-INFO
[1.832s] writing dependency_links to action_msgs.egg-info/dependency_links.txt
[1.832s] writing top-level names to action_msgs.egg-info/top_level.txt
[1.911s] reading manifest file 'action_msgs.egg-info/SOURCES.txt'
[1.919s] writing manifest file 'action_msgs.egg-info/SOURCES.txt'
[2.002s] [ 65%] Built target ament_cmake_python_build_action_msgs_egg
[2.878s] [ 67%] [32mBuilding CXX object CMakeFiles/action_msgs__rosidl_typesupport_c.dir/rosidl_typesupport_c/action_msgs/msg/goal_info__type_support.cpp.o[0m
[2.880s] [ 68%] [32mBuilding CXX object CMakeFiles/action_msgs__rosidl_typesupport_c.dir/rosidl_typesupport_c/action_msgs/msg/goal_status_array__type_support.cpp.o[0m
[2.884s] [ 70%] [32mBuilding CXX object CMakeFiles/action_msgs__rosidl_typesupport_c.dir/rosidl_typesupport_c/action_msgs/msg/goal_status__type_support.cpp.o[0m
[2.891s] [ 71%] [32mBuilding CXX object CMakeFiles/action_msgs__rosidl_typesupport_c.dir/rosidl_typesupport_c/action_msgs/srv/cancel_goal__type_support.cpp.o[0m
[2.959s] [ 73%] [32mBuilding CXX object CMakeFiles/action_msgs__rosidl_typesupport_cpp.dir/rosidl_typesupport_cpp/action_msgs/msg/goal_info__type_support.cpp.o[0m
[2.960s] [ 75%] [32mBuilding CXX object CMakeFiles/action_msgs__rosidl_typesupport_cpp.dir/rosidl_typesupport_cpp/action_msgs/msg/goal_status_array__type_support.cpp.o[0m
[2.962s] [ 76%] [32mBuilding CXX object CMakeFiles/action_msgs__rosidl_typesupport_cpp.dir/rosidl_typesupport_cpp/action_msgs/msg/goal_status__type_support.cpp.o[0m
[2.966s] [ 78%] [32mBuilding CXX object CMakeFiles/action_msgs__rosidl_typesupport_cpp.dir/rosidl_typesupport_cpp/action_msgs/srv/cancel_goal__type_support.cpp.o[0m
[3.006s] [ 79%] [32m[1mLinking CXX shared library libaction_msgs__rosidl_typesupport_c.so[0m
[3.054s] [ 79%] Built target action_msgs__rosidl_typesupport_c
[3.517s] [ 81%] [32m[1mLinking CXX shared library libaction_msgs__rosidl_typesupport_cpp.so[0m
[3.584s] [ 81%] Built target action_msgs__rosidl_typesupport_cpp
[3.613s] [ 81%] Built target action_msgs
[3.631s] [ 82%] Built target action_msgs__py
[3.657s] [ 84%] [32m[1mLinking C shared library libaction_msgs__rosidl_generator_py.so[0m
[3.707s] [ 90%] Built target action_msgs__rosidl_generator_py
[3.736s] [ 92%] [32m[1mLinking C shared module rosidl_generator_py/action_msgs/action_msgs_s__rosidl_typesupport_fastrtps_c.so[0m
[3.738s] [ 93%] [32m[1mLinking C shared module rosidl_generator_py/action_msgs/action_msgs_s__rosidl_typesupport_introspection_c.so[0m
[3.738s] [ 95%] [32m[1mLinking C shared module rosidl_generator_py/action_msgs/action_msgs_s__rosidl_typesupport_c.so[0m
[3.771s] [ 96%] Built target action_msgs_s__rosidl_typesupport_introspection_c
[3.782s] [ 98%] Built target action_msgs_s__rosidl_typesupport_fastrtps_c
[3.783s] [100%] Built target action_msgs_s__rosidl_typesupport_c
[3.798s] Invoked command in '/home/rassito/microros_ws/build/action_msgs' returned '0': AMENT_PREFIX_PATH=/home/rassito/microros_ws/install/service_msgs:/home/rassito/microros_ws/install/unique_identifier_msgs:/home/rassito/microros_ws/install/builtin_interfaces:${AMENT_PREFIX_PATH} CMAKE_PREFIX_PATH=/home/rassito/microros_ws/install/service_msgs:/home/rassito/microros_ws/install/unique_identifier_msgs:/home/rassito/microros_ws/install/builtin_interfaces:/opt/ros/jazzy/opt/sdformat_vendor:/opt/ros/jazzy/opt/gz_math_vendor:/opt/ros/jazzy/opt/gz_utils_vendor:/opt/ros/jazzy/opt/gz_tools_vendor:/opt/ros/jazzy/opt/gz_cmake_vendor:/home/rassito/ros_ws/install/super_pkg:/opt/ros/jazzy DEBUGINFOD_URLS=https://debuginfod.ubuntu.com LD_LIBRARY_PATH=/home/rassito/microros_ws/install/service_msgs/lib:/home/rassito/microros_ws/install/unique_identifier_msgs/lib:/home/rassito/microros_ws/install/builtin_interfaces/lib:${LD_LIBRARY_PATH} PYTHONPATH=/home/rassito/microros_ws/install/service_msgs/lib/python3.12/site-packages:/home/rassito/microros_ws/install/unique_identifier_msgs/lib/python3.12/site-packages:/home/rassito/microros_ws/install/builtin_interfaces/lib/python3.12/site-packages:${PYTHONPATH} /usr/bin/cmake --build /home/rassito/microros_ws/build/action_msgs -- -j16 -l16
[3.799s] Invoking command in '/home/rassito/microros_ws/build/action_msgs': AMENT_PREFIX_PATH=/home/rassito/microros_ws/install/service_msgs:/home/rassito/microros_ws/install/unique_identifier_msgs:/home/rassito/microros_ws/install/builtin_interfaces:${AMENT_PREFIX_PATH} CMAKE_PREFIX_PATH=/home/rassito/microros_ws/install/service_msgs:/home/rassito/microros_ws/install/unique_identifier_msgs:/home/rassito/microros_ws/install/builtin_interfaces:/opt/ros/jazzy/opt/sdformat_vendor:/opt/ros/jazzy/opt/gz_math_vendor:/opt/ros/jazzy/opt/gz_utils_vendor:/opt/ros/jazzy/opt/gz_tools_vendor:/opt/ros/jazzy/opt/gz_cmake_vendor:/home/rassito/ros_ws/install/super_pkg:/opt/ros/jazzy DEBUGINFOD_URLS=https://debuginfod.ubuntu.com LD_LIBRARY_PATH=/home/rassito/microros_ws/install/service_msgs/lib:/home/rassito/microros_ws/install/unique_identifier_msgs/lib:/home/rassito/microros_ws/install/builtin_interfaces/lib:${LD_LIBRARY_PATH} PYTHONPATH=/home/rassito/microros_ws/install/service_msgs/lib/python3.12/site-packages:/home/rassito/microros_ws/install/unique_identifier_msgs/lib/python3.12/site-packages:/home/rassito/microros_ws/install/builtin_interfaces/lib/python3.12/site-packages:${PYTHONPATH} /usr/bin/cmake --install /home/rassito/microros_ws/build/action_msgs
[3.807s] -- Install configuration: ""
[3.807s] -- Up-to-date: /home/rassito/microros_ws/install/action_msgs/share/ament_index/resource_index/rosidl_interfaces/action_msgs
[3.807s] -- Up-to-date: /home/rassito/microros_ws/install/action_msgs/share/action_msgs/msg/GoalInfo.json
[3.807s] -- Up-to-date: /home/rassito/microros_ws/install/action_msgs/share/action_msgs/msg/GoalStatus.json
[3.807s] -- Up-to-date: /home/rassito/microros_ws/install/action_msgs/share/action_msgs/msg/GoalStatusArray.json
[3.807s] -- Up-to-date: /home/rassito/microros_ws/install/action_msgs/share/action_msgs/srv/CancelGoal.json
[3.807s] -- Up-to-date: /home/rassito/microros_ws/install/action_msgs/include/action_msgs/action_msgs
[3.808s] -- Up-to-date: /home/rassito/microros_ws/install/action_msgs/include/action_msgs/action_msgs/srv
[3.808s] -- Up-to-date: /home/rassito/microros_ws/install/action_msgs/include/action_msgs/action_msgs/srv/cancel_goal.h
[3.808s] -- Up-to-date: /home/rassito/microros_ws/install/action_msgs/include/action_msgs/action_msgs/srv/detail
[3.808s] -- Up-to-date: /home/rassito/microros_ws/install/action_msgs/include/action_msgs/action_msgs/srv/detail/cancel_goal__functions.h
[3.808s] -- Installing: /home/rassito/microros_ws/install/action_msgs/include/action_msgs/action_msgs/srv/detail/cancel_goal__type_support.c
[3.808s] -- Up-to-date: /home/rassito/microros_ws/install/action_msgs/include/action_msgs/action_msgs/srv/detail/cancel_goal__type_support.h
[3.808s] -- Up-to-date: /home/rassito/microros_ws/install/action_msgs/include/action_msgs/action_msgs/srv/detail/cancel_goal__functions.c
[3.808s] -- Up-to-date: /home/rassito/microros_ws/install/action_msgs/include/action_msgs/action_msgs/srv/detail/cancel_goal__description.c
[3.808s] -- Up-to-date: /home/rassito/microros_ws/install/action_msgs/include/action_msgs/action_msgs/srv/detail/cancel_goal__struct.h
[3.808s] -- Up-to-date: /home/rassito/microros_ws/install/action_msgs/include/action_msgs/action_msgs/msg
[3.808s] -- Up-to-date: /home/rassito/microros_ws/install/action_msgs/include/action_msgs/action_msgs/msg/goal_info.h
[3.808s] -- Up-to-date: /home/rassito/microros_ws/install/action_msgs/include/action_msgs/action_msgs/msg/detail
[3.809s] -- Up-to-date: /home/rassito/microros_ws/install/action_msgs/include/action_msgs/action_msgs/msg/detail/goal_info__struct.h
[3.809s] -- Up-to-date: /home/rassito/microros_ws/install/action_msgs/include/action_msgs/action_msgs/msg/detail/goal_status_array__description.c
[3.809s] -- Up-to-date: /home/rassito/microros_ws/install/action_msgs/include/action_msgs/action_msgs/msg/detail/goal_info__type_support.h
[3.809s] -- Up-to-date: /home/rassito/microros_ws/install/action_msgs/include/action_msgs/action_msgs/msg/detail/goal_info__functions.h
[3.809s] -- Up-to-date: /home/rassito/microros_ws/install/action_msgs/include/action_msgs/action_msgs/msg/detail/goal_status__functions.h
[3.809s] -- Up-to-date: /home/rassito/microros_ws/install/action_msgs/include/action_msgs/action_msgs/msg/detail/goal_status_array__type_support.h
[3.809s] -- Up-to-date: /home/rassito/microros_ws/install/action_msgs/include/action_msgs/action_msgs/msg/detail/goal_status__type_support.h
[3.809s] -- Up-to-date: /home/rassito/microros_ws/install/action_msgs/include/action_msgs/action_msgs/msg/detail/goal_info__functions.c
[3.809s] -- Up-to-date: /home/rassito/microros_ws/install/action_msgs/include/action_msgs/action_msgs/msg/detail/goal_status_array__functions.c
[3.809s] -- Up-to-date: /home/rassito/microros_ws/install/action_msgs/include/action_msgs/action_msgs/msg/detail/goal_status_array__functions.h
[3.809s] -- Up-to-date: /home/rassito/microros_ws/install/action_msgs/include/action_msgs/action_msgs/msg/detail/goal_info__description.c
[3.809s] -- Up-to-date: /home/rassito/microros_ws/install/action_msgs/include/action_msgs/action_msgs/msg/detail/goal_status__description.c
[3.809s] -- Installing: /home/rassito/microros_ws/install/action_msgs/include/action_msgs/action_msgs/msg/detail/goal_status__type_support.c
[3.809s] -- Up-to-date: /home/rassito/microros_ws/install/action_msgs/include/action_msgs/action_msgs/msg/detail/goal_status__functions.c
[3.809s] -- Installing: /home/rassito/microros_ws/install/action_msgs/include/action_msgs/action_msgs/msg/detail/goal_info__type_support.c
[3.809s] -- Installing: /home/rassito/microros_ws/install/action_msgs/include/action_msgs/action_msgs/msg/detail/goal_status_array__type_support.c
[3.809s] -- Up-to-date: /home/rassito/microros_ws/install/action_msgs/include/action_msgs/action_msgs/msg/detail/goal_status__struct.h
[3.810s] -- Up-to-date: /home/rassito/microros_ws/install/action_msgs/include/action_msgs/action_msgs/msg/detail/goal_status_array__struct.h
[3.810s] -- Up-to-date: /home/rassito/microros_ws/install/action_msgs/include/action_msgs/action_msgs/msg/goal_status_array.h
[3.810s] -- Up-to-date: /home/rassito/microros_ws/install/action_msgs/include/action_msgs/action_msgs/msg/goal_status.h
[3.810s] -- Up-to-date: /home/rassito/microros_ws/install/action_msgs/include/action_msgs/action_msgs/msg/rosidl_generator_c__visibility_control.h
[3.810s] -- Up-to-date: /home/rassito/microros_ws/install/action_msgs/share/action_msgs/environment/library_path.sh
[3.810s] -- Up-to-date: /home/rassito/microros_ws/install/action_msgs/share/action_msgs/environment/library_path.dsv
[3.810s] -- Up-to-date: /home/rassito/microros_ws/install/action_msgs/lib/libaction_msgs__rosidl_generator_c.so
[3.810s] -- Up-to-date: /home/rassito/microros_ws/install/action_msgs/include/action_msgs/action_msgs
[3.810s] -- Up-to-date: /home/rassito/microros_ws/install/action_msgs/include/action_msgs/action_msgs/srv
[3.810s] -- Up-to-date: /home/rassito/microros_ws/install/action_msgs/include/action_msgs/action_msgs/srv/detail
[3.810s] -- Up-to-date: /home/rassito/microros_ws/install/action_msgs/include/action_msgs/action_msgs/srv/detail/cancel_goal__rosidl_typesupport_fastrtps_c.h
[3.810s] -- Up-to-date: /home/rassito/microros_ws/install/action_msgs/include/action_msgs/action_msgs/msg
[3.810s] -- Up-to-date: /home/rassito/microros_ws/install/action_msgs/include/action_msgs/action_msgs/msg/rosidl_typesupport_fastrtps_c__visibility_control.h
[3.810s] -- Up-to-date: /home/rassito/microros_ws/install/action_msgs/include/action_msgs/action_msgs/msg/detail
[3.810s] -- Up-to-date: /home/rassito/microros_ws/install/action_msgs/include/action_msgs/action_msgs/msg/detail/goal_info__rosidl_typesupport_fastrtps_c.h
[3.811s] -- Up-to-date: /home/rassito/microros_ws/install/action_msgs/include/action_msgs/action_msgs/msg/detail/goal_status_array__rosidl_typesupport_fastrtps_c.h
[3.811s] -- Up-to-date: /home/rassito/microros_ws/install/action_msgs/include/action_msgs/action_msgs/msg/detail/goal_status__rosidl_typesupport_fastrtps_c.h
[3.811s] -- Up-to-date: /home/rassito/microros_ws/install/action_msgs/lib/libaction_msgs__rosidl_typesupport_fastrtps_c.so
[3.811s] -- Up-to-date: /home/rassito/microros_ws/install/action_msgs/include/action_msgs/action_msgs
[3.811s] -- Up-to-date: /home/rassito/microros_ws/install/action_msgs/include/action_msgs/action_msgs/srv
[3.811s] -- Up-to-date: /home/rassito/microros_ws/install/action_msgs/include/action_msgs/action_msgs/srv/cancel_goal.hpp
[3.811s] -- Up-to-date: /home/rassito/microros_ws/install/action_msgs/include/action_msgs/action_msgs/srv/detail
[3.811s] -- Up-to-date: /home/rassito/microros_ws/install/action_msgs/include/action_msgs/action_msgs/srv/detail/cancel_goal__traits.hpp
[3.811s] -- Up-to-date: /home/rassito/microros_ws/install/action_msgs/include/action_msgs/action_msgs/srv/detail/cancel_goal__builder.hpp
[3.811s] -- Up-to-date: /home/rassito/microros_ws/install/action_msgs/include/action_msgs/action_msgs/srv/detail/cancel_goal__struct.hpp
[3.811s] -- Up-to-date: /home/rassito/microros_ws/install/action_msgs/include/action_msgs/action_msgs/srv/detail/cancel_goal__type_support.hpp
[3.811s] -- Up-to-date: /home/rassito/microros_ws/install/action_msgs/include/action_msgs/action_msgs/msg
[3.811s] -- Up-to-date: /home/rassito/microros_ws/install/action_msgs/include/action_msgs/action_msgs/msg/rosidl_generator_cpp__visibility_control.hpp
[3.811s] -- Up-to-date: /home/rassito/microros_ws/install/action_msgs/include/action_msgs/action_msgs/msg/goal_info.hpp
[3.811s] -- Up-to-date: /home/rassito/microros_ws/install/action_msgs/include/action_msgs/action_msgs/msg/goal_status_array.hpp
[3.811s] -- Up-to-date: /home/rassito/microros_ws/install/action_msgs/include/action_msgs/action_msgs/msg/goal_status.hpp
[3.812s] -- Up-to-date: /home/rassito/microros_ws/install/action_msgs/include/action_msgs/action_msgs/msg/detail
[3.812s] -- Up-to-date: /home/rassito/microros_ws/install/action_msgs/include/action_msgs/action_msgs/msg/detail/goal_status_array__traits.hpp
[3.812s] -- Up-to-date: /home/rassito/microros_ws/install/action_msgs/include/action_msgs/action_msgs/msg/detail/goal_info__struct.hpp
[3.812s] -- Up-to-date: /home/rassito/microros_ws/install/action_msgs/include/action_msgs/action_msgs/msg/detail/goal_info__builder.hpp
[3.812s] -- Up-to-date: /home/rassito/microros_ws/install/action_msgs/include/action_msgs/action_msgs/msg/detail/goal_status_array__struct.hpp
[3.812s] -- Up-to-date: /home/rassito/microros_ws/install/action_msgs/include/action_msgs/action_msgs/msg/detail/goal_status__builder.hpp
[3.812s] -- Up-to-date: /home/rassito/microros_ws/install/action_msgs/include/action_msgs/action_msgs/msg/detail/goal_status__traits.hpp
[3.812s] -- Up-to-date: /home/rassito/microros_ws/install/action_msgs/include/action_msgs/action_msgs/msg/detail/goal_status__type_support.hpp
[3.812s] -- Up-to-date: /home/rassito/microros_ws/install/action_msgs/include/action_msgs/action_msgs/msg/detail/goal_status_array__builder.hpp
[3.812s] -- Up-to-date: /home/rassito/microros_ws/install/action_msgs/include/action_msgs/action_msgs/msg/detail/goal_status_array__type_support.hpp
[3.812s] -- Up-to-date: /home/rassito/microros_ws/install/action_msgs/include/action_msgs/action_msgs/msg/detail/goal_info__type_support.hpp
[3.812s] -- Up-to-date: /home/rassito/microros_ws/install/action_msgs/include/action_msgs/action_msgs/msg/detail/goal_info__traits.hpp
[3.812s] -- Up-to-date: /home/rassito/microros_ws/install/action_msgs/include/action_msgs/action_msgs/msg/detail/goal_status__struct.hpp
[3.812s] -- Up-to-date: /home/rassito/microros_ws/install/action_msgs/include/action_msgs/action_msgs
[3.812s] -- Up-to-date: /home/rassito/microros_ws/install/action_msgs/include/action_msgs/action_msgs/srv
[3.812s] -- Up-to-date: /home/rassito/microros_ws/install/action_msgs/include/action_msgs/action_msgs/srv/detail
[3.812s] -- Up-to-date: /home/rassito/microros_ws/install/action_msgs/include/action_msgs/action_msgs/srv/detail/cancel_goal__rosidl_typesupport_fastrtps_cpp.hpp
[3.812s] -- Up-to-date: /home/rassito/microros_ws/install/action_msgs/include/action_msgs/action_msgs/srv/detail/dds_fastrtps
[3.813s] -- Up-to-date: /home/rassito/microros_ws/install/action_msgs/include/action_msgs/action_msgs/msg
[3.813s] -- Up-to-date: /home/rassito/microros_ws/install/action_msgs/include/action_msgs/action_msgs/msg/rosidl_typesupport_fastrtps_cpp__visibility_control.h
[3.813s] -- Up-to-date: /home/rassito/microros_ws/install/action_msgs/include/action_msgs/action_msgs/msg/detail
[3.813s] -- Up-to-date: /home/rassito/microros_ws/install/action_msgs/include/action_msgs/action_msgs/msg/detail/goal_status_array__rosidl_typesupport_fastrtps_cpp.hpp
[3.813s] -- Up-to-date: /home/rassito/microros_ws/install/action_msgs/include/action_msgs/action_msgs/msg/detail/goal_status__rosidl_typesupport_fastrtps_cpp.hpp
[3.813s] -- Up-to-date: /home/rassito/microros_ws/install/action_msgs/include/action_msgs/action_msgs/msg/detail/goal_info__rosidl_typesupport_fastrtps_cpp.hpp
[3.813s] -- Up-to-date: /home/rassito/microros_ws/install/action_msgs/include/action_msgs/action_msgs/msg/detail/dds_fastrtps
[3.813s] -- Up-to-date: /home/rassito/microros_ws/install/action_msgs/lib/libaction_msgs__rosidl_typesupport_fastrtps_cpp.so
[3.813s] -- Up-to-date: /home/rassito/microros_ws/install/action_msgs/include/action_msgs/action_msgs
[3.813s] -- Up-to-date: /home/rassito/microros_ws/install/action_msgs/include/action_msgs/action_msgs/srv
[3.813s] -- Up-to-date: /home/rassito/microros_ws/install/action_msgs/include/action_msgs/action_msgs/srv/detail
[3.813s] -- Installing: /home/rassito/microros_ws/install/action_msgs/include/action_msgs/action_msgs/srv/detail/cancel_goal__type_support.c
[3.813s] -- Up-to-date: /home/rassito/microros_ws/install/action_msgs/include/action_msgs/action_msgs/srv/detail/cancel_goal__rosidl_typesupport_introspection_c.h
[3.813s] -- Up-to-date: /home/rassito/microros_ws/install/action_msgs/include/action_msgs/action_msgs/msg
[3.813s] -- Up-to-date: /home/rassito/microros_ws/install/action_msgs/include/action_msgs/action_msgs/msg/rosidl_typesupport_introspection_c__visibility_control.h
[3.813s] -- Up-to-date: /home/rassito/microros_ws/install/action_msgs/include/action_msgs/action_msgs/msg/detail
[3.814s] -- Up-to-date: /home/rassito/microros_ws/install/action_msgs/include/action_msgs/action_msgs/msg/detail/goal_status__rosidl_typesupport_introspection_c.h
[3.814s] -- Up-to-date: /home/rassito/microros_ws/install/action_msgs/include/action_msgs/action_msgs/msg/detail/goal_info__rosidl_typesupport_introspection_c.h
[3.814s] -- Installing: /home/rassito/microros_ws/install/action_msgs/include/action_msgs/action_msgs/msg/detail/goal_status__type_support.c
[3.814s] -- Up-to-date: /home/rassito/microros_ws/install/action_msgs/include/action_msgs/action_msgs/msg/detail/goal_status_array__rosidl_typesupport_introspection_c.h
[3.814s] -- Installing: /home/rassito/microros_ws/install/action_msgs/include/action_msgs/action_msgs/msg/detail/goal_info__type_support.c
[3.814s] -- Installing: /home/rassito/microros_ws/install/action_msgs/include/action_msgs/action_msgs/msg/detail/goal_status_array__type_support.c
[3.814s] -- Up-to-date: /home/rassito/microros_ws/install/action_msgs/lib/libaction_msgs__rosidl_typesupport_introspection_c.so
[3.814s] -- Installing: /home/rassito/microros_ws/install/action_msgs/lib/libaction_msgs__rosidl_typesupport_c.so
[3.814s] -- Set non-toolchain portion of runtime path of "/home/rassito/microros_ws/install/action_msgs/lib/libaction_msgs__rosidl_typesupport_c.so" to ""
[3.815s] -- Up-to-date: /home/rassito/microros_ws/install/action_msgs/include/action_msgs/action_msgs
[3.815s] -- Up-to-date: /home/rassito/microros_ws/install/action_msgs/include/action_msgs/action_msgs/srv
[3.815s] -- Up-to-date: /home/rassito/microros_ws/install/action_msgs/include/action_msgs/action_msgs/srv/detail
[3.815s] -- Up-to-date: /home/rassito/microros_ws/install/action_msgs/include/action_msgs/action_msgs/srv/detail/cancel_goal__type_support.cpp
[3.815s] -- Up-to-date: /home/rassito/microros_ws/install/action_msgs/include/action_msgs/action_msgs/srv/detail/cancel_goal__rosidl_typesupport_introspection_cpp.hpp
[3.815s] -- Up-to-date: /home/rassito/microros_ws/install/action_msgs/include/action_msgs/action_msgs/msg
[3.815s] -- Up-to-date: /home/rassito/microros_ws/install/action_msgs/include/action_msgs/action_msgs/msg/detail
[3.815s] -- Up-to-date: /home/rassito/microros_ws/install/action_msgs/include/action_msgs/action_msgs/msg/detail/goal_status_array__rosidl_typesupport_introspection_cpp.hpp
[3.815s] -- Up-to-date: /home/rassito/microros_ws/install/action_msgs/include/action_msgs/action_msgs/msg/detail/goal_info__type_support.cpp
[3.815s] -- Up-to-date: /home/rassito/microros_ws/install/action_msgs/include/action_msgs/action_msgs/msg/detail/goal_status_array__type_support.cpp
[3.815s] -- Up-to-date: /home/rassito/microros_ws/install/action_msgs/include/action_msgs/action_msgs/msg/detail/goal_status__rosidl_typesupport_introspection_cpp.hpp
[3.815s] -- Up-to-date: /home/rassito/microros_ws/install/action_msgs/include/action_msgs/action_msgs/msg/detail/goal_info__rosidl_typesupport_introspection_cpp.hpp
[3.815s] -- Up-to-date: /home/rassito/microros_ws/install/action_msgs/include/action_msgs/action_msgs/msg/detail/goal_status__type_support.cpp
[3.816s] -- Up-to-date: /home/rassito/microros_ws/install/action_msgs/lib/libaction_msgs__rosidl_typesupport_introspection_cpp.so
[3.816s] -- Installing: /home/rassito/microros_ws/install/action_msgs/lib/libaction_msgs__rosidl_typesupport_cpp.so
[3.816s] -- Set non-toolchain portion of runtime path of "/home/rassito/microros_ws/install/action_msgs/lib/libaction_msgs__rosidl_typesupport_cpp.so" to ""
[3.816s] -- Up-to-date: /home/rassito/microros_ws/install/action_msgs/share/action_msgs/environment/pythonpath.sh
[3.816s] -- Up-to-date: /home/rassito/microros_ws/install/action_msgs/share/action_msgs/environment/pythonpath.dsv
[3.816s] -- Up-to-date: /home/rassito/microros_ws/install/action_msgs/lib/python3.12/site-packages/action_msgs-2.0.2-py3.12.egg-info
[3.816s] -- Installing: /home/rassito/microros_ws/install/action_msgs/lib/python3.12/site-packages/action_msgs-2.0.2-py3.12.egg-info/top_level.txt
[3.816s] -- Installing: /home/rassito/microros_ws/install/action_msgs/lib/python3.12/site-packages/action_msgs-2.0.2-py3.12.egg-info/PKG-INFO
[3.816s] -- Installing: /home/rassito/microros_ws/install/action_msgs/lib/python3.12/site-packages/action_msgs-2.0.2-py3.12.egg-info/dependency_links.txt
[3.816s] -- Installing: /home/rassito/microros_ws/install/action_msgs/lib/python3.12/site-packages/action_msgs-2.0.2-py3.12.egg-info/SOURCES.txt
[3.817s] -- Up-to-date: /home/rassito/microros_ws/install/action_msgs/lib/python3.12/site-packages/action_msgs
[3.817s] -- Up-to-date: /home/rassito/microros_ws/install/action_msgs/lib/python3.12/site-packages/action_msgs/action_msgs_s__rosidl_typesupport_microxrcedds_c.so
[3.817s] -- Installing: /home/rassito/microros_ws/install/action_msgs/lib/python3.12/site-packages/action_msgs/action_msgs_s__rosidl_typesupport_c.so
[3.817s] -- Up-to-date: /home/rassito/microros_ws/install/action_msgs/lib/python3.12/site-packages/action_msgs/_action_msgs_s.ep.rosidl_typesupport_c.c
[3.817s] -- Up-to-date: /home/rassito/microros_ws/install/action_msgs/lib/python3.12/site-packages/action_msgs/_action_msgs_s.ep.rosidl_typesupport_microxrcedds_c.c
[3.817s] -- Installing: /home/rassito/microros_ws/install/action_msgs/lib/python3.12/site-packages/action_msgs/action_msgs_s__rosidl_typesupport_introspection_c.so
[3.817s] -- Up-to-date: /home/rassito/microros_ws/install/action_msgs/lib/python3.12/site-packages/action_msgs/srv
[3.817s] -- Up-to-date: /home/rassito/microros_ws/install/action_msgs/lib/python3.12/site-packages/action_msgs/srv/_cancel_goal.py
[3.817s] -- Up-to-date: /home/rassito/microros_ws/install/action_msgs/lib/python3.12/site-packages/action_msgs/srv/_cancel_goal_s.c
[3.817s] -- Up-to-date: /home/rassito/microros_ws/install/action_msgs/lib/python3.12/site-packages/action_msgs/srv/__init__.py
[3.817s] -- Installing: /home/rassito/microros_ws/install/action_msgs/lib/python3.12/site-packages/action_msgs/action_msgs_s__rosidl_typesupport_fastrtps_c.so
[3.817s] -- Up-to-date: /home/rassito/microros_ws/install/action_msgs/lib/python3.12/site-packages/action_msgs/_action_msgs_s.ep.rosidl_typesupport_fastrtps_c.c
[3.818s] -- Up-to-date: /home/rassito/microros_ws/install/action_msgs/lib/python3.12/site-packages/action_msgs/_action_msgs_s.ep.rosidl_typesupport_introspection_c.c
[3.818s] -- Up-to-date: /home/rassito/microros_ws/install/action_msgs/lib/python3.12/site-packages/action_msgs/msg
[3.818s] -- Up-to-date: /home/rassito/microros_ws/install/action_msgs/lib/python3.12/site-packages/action_msgs/msg/_goal_info.py
[3.818s] -- Up-to-date: /home/rassito/microros_ws/install/action_msgs/lib/python3.12/site-packages/action_msgs/msg/_goal_status_s.c
[3.818s] -- Up-to-date: /home/rassito/microros_ws/install/action_msgs/lib/python3.12/site-packages/action_msgs/msg/_goal_status_array_s.c
[3.818s] -- Up-to-date: /home/rassito/microros_ws/install/action_msgs/lib/python3.12/site-packages/action_msgs/msg/_goal_status.py
[3.818s] -- Up-to-date: /home/rassito/microros_ws/install/action_msgs/lib/python3.12/site-packages/action_msgs/msg/_goal_status_array.py
[3.818s] -- Up-to-date: /home/rassito/microros_ws/install/action_msgs/lib/python3.12/site-packages/action_msgs/msg/_goal_info_s.c
[3.818s] -- Up-to-date: /home/rassito/microros_ws/install/action_msgs/lib/python3.12/site-packages/action_msgs/msg/__init__.py
[3.818s] -- Installing: /home/rassito/microros_ws/install/action_msgs/lib/python3.12/site-packages/action_msgs/__init__.py
[3.861s] Listing '/home/rassito/microros_ws/install/action_msgs/lib/python3.12/site-packages/action_msgs'...
[3.861s] Compiling '/home/rassito/microros_ws/install/action_msgs/lib/python3.12/site-packages/action_msgs/__init__.py'...
[3.861s] Listing '/home/rassito/microros_ws/install/action_msgs/lib/python3.12/site-packages/action_msgs/msg'...
[3.861s] Listing '/home/rassito/microros_ws/install/action_msgs/lib/python3.12/site-packages/action_msgs/srv'...
[3.866s] -- Installing: /home/rassito/microros_ws/install/action_msgs/lib/python3.12/site-packages/action_msgs/action_msgs_s__rosidl_typesupport_fastrtps_c.so
[3.866s] -- Set non-toolchain portion of runtime path of "/home/rassito/microros_ws/install/action_msgs/lib/python3.12/site-packages/action_msgs/action_msgs_s__rosidl_typesupport_fastrtps_c.so" to ""
[3.866s] -- Installing: /home/rassito/microros_ws/install/action_msgs/lib/python3.12/site-packages/action_msgs/action_msgs_s__rosidl_typesupport_introspection_c.so
[3.866s] -- Set non-toolchain portion of runtime path of "/home/rassito/microros_ws/install/action_msgs/lib/python3.12/site-packages/action_msgs/action_msgs_s__rosidl_typesupport_introspection_c.so" to ""
[3.866s] -- Installing: /home/rassito/microros_ws/install/action_msgs/lib/python3.12/site-packages/action_msgs/action_msgs_s__rosidl_typesupport_c.so
[3.866s] -- Set non-toolchain portion of runtime path of "/home/rassito/microros_ws/install/action_msgs/lib/python3.12/site-packages/action_msgs/action_msgs_s__rosidl_typesupport_c.so" to ""
[3.867s] -- Installing: /home/rassito/microros_ws/install/action_msgs/lib/libaction_msgs__rosidl_generator_py.so
[3.867s] -- Set non-toolchain portion of runtime path of "/home/rassito/microros_ws/install/action_msgs/lib/libaction_msgs__rosidl_generator_py.so" to ""
[3.867s] -- Up-to-date: /home/rassito/microros_ws/install/action_msgs/share/action_msgs/msg/GoalInfo.idl
[3.867s] -- Up-to-date: /home/rassito/microros_ws/install/action_msgs/share/action_msgs/msg/GoalStatus.idl
[3.867s] -- Up-to-date: /home/rassito/microros_ws/install/action_msgs/share/action_msgs/msg/GoalStatusArray.idl
[3.867s] -- Up-to-date: /home/rassito/microros_ws/install/action_msgs/share/action_msgs/srv/CancelGoal.idl
[3.868s] -- Up-to-date: /home/rassito/microros_ws/install/action_msgs/share/action_msgs/msg/GoalInfo.msg
[3.868s] -- Up-to-date: /home/rassito/microros_ws/install/action_msgs/share/action_msgs/msg/GoalStatus.msg
[3.868s] -- Up-to-date: /home/rassito/microros_ws/install/action_msgs/share/action_msgs/msg/GoalStatusArray.msg
[3.868s] -- Up-to-date: /home/rassito/microros_ws/install/action_msgs/share/action_msgs/srv/CancelGoal.srv
[3.868s] -- Up-to-date: /home/rassito/microros_ws/install/action_msgs/share/ament_index/resource_index/package_run_dependencies/action_msgs
[3.868s] -- Installing: /home/rassito/microros_ws/install/action_msgs/share/ament_index/resource_index/parent_prefix_path/action_msgs
[3.868s] -- Up-to-date: /home/rassito/microros_ws/install/action_msgs/share/action_msgs/environment/ament_prefix_path.sh
[3.868s] -- Up-to-date: /home/rassito/microros_ws/install/action_msgs/share/action_msgs/environment/ament_prefix_path.dsv
[3.868s] -- Up-to-date: /home/rassito/microros_ws/install/action_msgs/share/action_msgs/environment/path.sh
[3.868s] -- Up-to-date: /home/rassito/microros_ws/install/action_msgs/share/action_msgs/environment/path.dsv
[3.868s] -- Up-to-date: /home/rassito/microros_ws/install/action_msgs/share/action_msgs/local_setup.bash
[3.868s] -- Up-to-date: /home/rassito/microros_ws/install/action_msgs/share/action_msgs/local_setup.sh
[3.869s] -- Up-to-date: /home/rassito/microros_ws/install/action_msgs/share/action_msgs/local_setup.zsh
[3.869s] -- Up-to-date: /home/rassito/microros_ws/install/action_msgs/share/action_msgs/local_setup.dsv
[3.869s] -- Installing: /home/rassito/microros_ws/install/action_msgs/share/action_msgs/package.dsv
[3.869s] -- Up-to-date: /home/rassito/microros_ws/install/action_msgs/share/ament_index/resource_index/packages/action_msgs
[3.869s] -- Up-to-date: /home/rassito/microros_ws/install/action_msgs/share/action_msgs/cmake/export_action_msgs__rosidl_generator_cExport.cmake
[3.869s] -- Up-to-date: /home/rassito/microros_ws/install/action_msgs/share/action_msgs/cmake/export_action_msgs__rosidl_generator_cExport-noconfig.cmake
[3.869s] -- Up-to-date: /home/rassito/microros_ws/install/action_msgs/share/action_msgs/cmake/export_action_msgs__rosidl_typesupport_fastrtps_cExport.cmake
[3.869s] -- Up-to-date: /home/rassito/microros_ws/install/action_msgs/share/action_msgs/cmake/export_action_msgs__rosidl_typesupport_fastrtps_cExport-noconfig.cmake
[3.869s] -- Up-to-date: /home/rassito/microros_ws/install/action_msgs/share/action_msgs/cmake/export_action_msgs__rosidl_generator_cppExport.cmake
[3.869s] -- Up-to-date: /home/rassito/microros_ws/install/action_msgs/share/action_msgs/cmake/export_action_msgs__rosidl_typesupport_fastrtps_cppExport.cmake
[3.870s] -- Up-to-date: /home/rassito/microros_ws/install/action_msgs/share/action_msgs/cmake/export_action_msgs__rosidl_typesupport_fastrtps_cppExport-noconfig.cmake
[3.870s] -- Up-to-date: /home/rassito/microros_ws/install/action_msgs/share/action_msgs/cmake/action_msgs__rosidl_typesupport_introspection_cExport.cmake
[3.870s] -- Up-to-date: /home/rassito/microros_ws/install/action_msgs/share/action_msgs/cmake/action_msgs__rosidl_typesupport_introspection_cExport-noconfig.cmake
[3.870s] -- Up-to-date: /home/rassito/microros_ws/install/action_msgs/share/action_msgs/cmake/action_msgs__rosidl_typesupport_cExport.cmake
[3.870s] -- Up-to-date: /home/rassito/microros_ws/install/action_msgs/share/action_msgs/cmake/action_msgs__rosidl_typesupport_cExport-noconfig.cmake
[3.870s] -- Up-to-date: /home/rassito/microros_ws/install/action_msgs/share/action_msgs/cmake/action_msgs__rosidl_typesupport_introspection_cppExport.cmake
[3.870s] -- Up-to-date: /home/rassito/microros_ws/install/action_msgs/share/action_msgs/cmake/action_msgs__rosidl_typesupport_introspection_cppExport-noconfig.cmake
[3.870s] -- Up-to-date: /home/rassito/microros_ws/install/action_msgs/share/action_msgs/cmake/action_msgs__rosidl_typesupport_cppExport.cmake
[3.870s] -- Up-to-date: /home/rassito/microros_ws/install/action_msgs/share/action_msgs/cmake/action_msgs__rosidl_typesupport_cppExport-noconfig.cmake
[3.870s] -- Up-to-date: /home/rassito/microros_ws/install/action_msgs/share/action_msgs/cmake/export_action_msgs__rosidl_generator_pyExport.cmake
[3.870s] -- Up-to-date: /home/rassito/microros_ws/install/action_msgs/share/action_msgs/cmake/export_action_msgs__rosidl_generator_pyExport-noconfig.cmake
[3.871s] -- Up-to-date: /home/rassito/microros_ws/install/action_msgs/share/action_msgs/cmake/rosidl_cmake-extras.cmake
[3.871s] -- Up-to-date: /home/rassito/microros_ws/install/action_msgs/share/action_msgs/cmake/ament_cmake_export_dependencies-extras.cmake
[3.871s] -- Installing: /home/rassito/microros_ws/install/action_msgs/share/action_msgs/cmake/ament_cmake_export_include_directories-extras.cmake
[3.871s] -- Up-to-date: /home/rassito/microros_ws/install/action_msgs/share/action_msgs/cmake/ament_cmake_export_libraries-extras.cmake
[3.871s] -- Up-to-date: /home/rassito/microros_ws/install/action_msgs/share/action_msgs/cmake/ament_cmake_export_targets-extras.cmake
[3.871s] -- Up-to-date: /home/rassito/microros_ws/install/action_msgs/share/action_msgs/cmake/rosidl_cmake_export_typesupport_targets-extras.cmake
[3.871s] -- Installing: /home/rassito/microros_ws/install/action_msgs/share/action_msgs/cmake/rosidl_cmake_export_typesupport_libraries-extras.cmake
[3.871s] -- Up-to-date: /home/rassito/microros_ws/install/action_msgs/share/action_msgs/cmake/action_msgsConfig.cmake
[3.871s] -- Up-to-date: /home/rassito/microros_ws/install/action_msgs/share/action_msgs/cmake/action_msgsConfig-version.cmake
[3.871s] -- Up-to-date: /home/rassito/microros_ws/install/action_msgs/share/action_msgs/package.xml
[3.872s] Invoked command in '/home/rassito/microros_ws/build/action_msgs' returned '0': AMENT_PREFIX_PATH=/home/rassito/microros_ws/install/service_msgs:/home/rassito/microros_ws/install/unique_identifier_msgs:/home/rassito/microros_ws/install/builtin_interfaces:${AMENT_PREFIX_PATH} CMAKE_PREFIX_PATH=/home/rassito/microros_ws/install/service_msgs:/home/rassito/microros_ws/install/unique_identifier_msgs:/home/rassito/microros_ws/install/builtin_interfaces:/opt/ros/jazzy/opt/sdformat_vendor:/opt/ros/jazzy/opt/gz_math_vendor:/opt/ros/jazzy/opt/gz_utils_vendor:/opt/ros/jazzy/opt/gz_tools_vendor:/opt/ros/jazzy/opt/gz_cmake_vendor:/home/rassito/ros_ws/install/super_pkg:/opt/ros/jazzy DEBUGINFOD_URLS=https://debuginfod.ubuntu.com LD_LIBRARY_PATH=/home/rassito/microros_ws/install/service_msgs/lib:/home/rassito/microros_ws/install/unique_identifier_msgs/lib:/home/rassito/microros_ws/install/builtin_interfaces/lib:${LD_LIBRARY_PATH} PYTHONPATH=/home/rassito/microros_ws/install/service_msgs/lib/python3.12/site-packages:/home/rassito/microros_ws/install/unique_identifier_msgs/lib/python3.12/site-packages:/home/rassito/microros_ws/install/builtin_interfaces/lib/python3.12/site-packages:${PYTHONPATH} /usr/bin/cmake --install /home/rassito/microros_ws/build/action_msgs
