[0.028s] Invoking command in '/home/rassito/microros_ws/build/lifecycle_msgs': CMAKE_PREFIX_PATH=${CMAKE_PREFIX_PATH}:/home/rassito/ros_ws/install/super_pkg:/opt/ros/jazzy DEBUGINFOD_URLS=https://debuginfod.ubuntu.com /usr/bin/cmake /home/rassito/microros_ws/src/ros2/rcl_interfaces/lifecycle_msgs -DCMAKE_INSTALL_PREFIX=/home/rassito/microros_ws/install/lifecycle_msgs
[0.047s] -- Found ament_cmake: 2.5.3 (/opt/ros/jazzy/share/ament_cmake/cmake)
[0.059s] -- Found Python3: /usr/bin/python3 (found version "3.12.3") found components: Interpreter 
[0.132s] -- Found rosidl_default_generators: 1.6.0 (/opt/ros/jazzy/share/rosidl_default_generators/cmake)
[0.135s] -- Using all available rosidl_typesupport_c: rosidl_typesupport_fastrtps_c;rosidl_typesupport_introspection_c
[0.176s] -- Using all available rosidl_typesupport_cpp: rosidl_typesupport_fastrtps_cpp;rosidl_typesupport_introspection_cpp
[0.211s] -- Found rosidl_adapter: 4.6.5 (/opt/ros/jazzy/share/rosidl_adapter/cmake)
[0.494s] -- Found ament_cmake_ros: 0.12.0 (/opt/ros/jazzy/share/ament_cmake_ros/cmake)
[0.578s] -- Using all available rosidl_typesupport_c: rosidl_typesupport_fastrtps_c;rosidl_typesupport_introspection_c
[0.672s] -- Using all available rosidl_typesupport_cpp: rosidl_typesupport_fastrtps_cpp;rosidl_typesupport_introspection_cpp
[0.673s] -- Found python_cmake_module: 0.11.1 (/opt/ros/jazzy/share/python_cmake_module/cmake)
[0.872s] -- Found Python3: /usr/bin/python3 (found version "3.12.3") found components: Interpreter Development NumPy Development.Module Development.Embed 
[0.892s] -- Configuring done (0.9s)
[0.988s] -- Generating done (0.1s)
[1.007s] -- Build files have been written to: /home/rassito/microros_ws/build/lifecycle_msgs
[1.020s] Invoked command in '/home/rassito/microros_ws/build/lifecycle_msgs' returned '0': CMAKE_PREFIX_PATH=${CMAKE_PREFIX_PATH}:/home/rassito/ros_ws/install/super_pkg:/opt/ros/jazzy DEBUGINFOD_URLS=https://debuginfod.ubuntu.com /usr/bin/cmake /home/rassito/microros_ws/src/ros2/rcl_interfaces/lifecycle_msgs -DCMAKE_INSTALL_PREFIX=/home/rassito/microros_ws/install/lifecycle_msgs
[1.021s] Invoking command in '/home/rassito/microros_ws/build/lifecycle_msgs': CMAKE_PREFIX_PATH=${CMAKE_PREFIX_PATH}:/home/rassito/ros_ws/install/super_pkg:/opt/ros/jazzy DEBUGINFOD_URLS=https://debuginfod.ubuntu.com /usr/bin/cmake --build /home/rassito/microros_ws/build/lifecycle_msgs -- -j16 -l16
[1.084s] [  1%] Built target lifecycle_msgs__rosidl_generator_type_description
[1.105s] [  1%] Built target ament_cmake_python_copy_lifecycle_msgs
[1.108s] [  1%] Built target lifecycle_msgs__cpp
[1.144s] [ 26%] Built target lifecycle_msgs__rosidl_generator_c
[1.166s] [ 27%] [34m[1mGenerating C++ type support dispatch for ROS interfaces[0m
[1.170s] [ 28%] [34m[1mGenerating C type support dispatch for ROS interfaces[0m
[1.219s] [ 38%] Built target lifecycle_msgs__rosidl_typesupport_fastrtps_cpp
[1.220s] [ 54%] Built target lifecycle_msgs__rosidl_typesupport_introspection_cpp
[1.220s] [ 57%] Built target lifecycle_msgs__rosidl_typesupport_introspection_c
[1.230s] [ 67%] Built target lifecycle_msgs__rosidl_typesupport_fastrtps_c
[1.383s] running egg_info
[1.411s] writing lifecycle_msgs.egg-info/PKG-INFO
[1.411s] writing dependency_links to lifecycle_msgs.egg-info/dependency_links.txt
[1.412s] writing top-level names to lifecycle_msgs.egg-info/top_level.txt
[1.491s] reading manifest file 'lifecycle_msgs.egg-info/SOURCES.txt'
[1.495s] writing manifest file 'lifecycle_msgs.egg-info/SOURCES.txt'
[1.527s] [ 67%] Built target ament_cmake_python_build_lifecycle_msgs_egg
[2.331s] [ 68%] [32mBuilding CXX object CMakeFiles/lifecycle_msgs__rosidl_typesupport_cpp.dir/rosidl_typesupport_cpp/lifecycle_msgs/msg/state__type_support.cpp.o[0m
[2.334s] [ 69%] [32mBuilding CXX object CMakeFiles/lifecycle_msgs__rosidl_typesupport_cpp.dir/rosidl_typesupport_cpp/lifecycle_msgs/msg/transition__type_support.cpp.o[0m
[2.334s] [ 71%] [32mBuilding CXX object CMakeFiles/lifecycle_msgs__rosidl_typesupport_c.dir/rosidl_typesupport_c/lifecycle_msgs/msg/transition__type_support.cpp.o[0m
[2.334s] [ 70%] [32mBuilding CXX object CMakeFiles/lifecycle_msgs__rosidl_typesupport_c.dir/rosidl_typesupport_c/lifecycle_msgs/msg/state__type_support.cpp.o[0m
[2.335s] [ 72%] [32mBuilding CXX object CMakeFiles/lifecycle_msgs__rosidl_typesupport_cpp.dir/rosidl_typesupport_cpp/lifecycle_msgs/srv/change_state__type_support.cpp.o[0m
[2.335s] [ 73%] [32mBuilding CXX object CMakeFiles/lifecycle_msgs__rosidl_typesupport_cpp.dir/rosidl_typesupport_cpp/lifecycle_msgs/msg/transition_description__type_support.cpp.o[0m
[2.339s] [ 74%] [32mBuilding CXX object CMakeFiles/lifecycle_msgs__rosidl_typesupport_c.dir/rosidl_typesupport_c/lifecycle_msgs/msg/transition_description__type_support.cpp.o[0m
[2.341s] [ 74%] [32mBuilding CXX object CMakeFiles/lifecycle_msgs__rosidl_typesupport_cpp.dir/rosidl_typesupport_cpp/lifecycle_msgs/msg/transition_event__type_support.cpp.o[0m
[2.341s] [ 75%] [32mBuilding CXX object CMakeFiles/lifecycle_msgs__rosidl_typesupport_c.dir/rosidl_typesupport_c/lifecycle_msgs/msg/transition_event__type_support.cpp.o[0m
[2.346s] [ 77%] [32mBuilding CXX object CMakeFiles/lifecycle_msgs__rosidl_typesupport_cpp.dir/rosidl_typesupport_cpp/lifecycle_msgs/srv/get_available_transitions__type_support.cpp.o[0m
[2.347s] [ 77%] [32mBuilding CXX object CMakeFiles/lifecycle_msgs__rosidl_typesupport_cpp.dir/rosidl_typesupport_cpp/lifecycle_msgs/srv/get_available_states__type_support.cpp.o[0m
[2.349s] [ 78%] [32mBuilding CXX object CMakeFiles/lifecycle_msgs__rosidl_typesupport_c.dir/rosidl_typesupport_c/lifecycle_msgs/srv/change_state__type_support.cpp.o[0m
[2.364s] [ 79%] [32mBuilding CXX object CMakeFiles/lifecycle_msgs__rosidl_typesupport_c.dir/rosidl_typesupport_c/lifecycle_msgs/srv/get_available_transitions__type_support.cpp.o[0m
[2.365s] [ 80%] [32mBuilding CXX object CMakeFiles/lifecycle_msgs__rosidl_typesupport_cpp.dir/rosidl_typesupport_cpp/lifecycle_msgs/srv/get_state__type_support.cpp.o[0m
[2.369s] [ 81%] [32mBuilding CXX object CMakeFiles/lifecycle_msgs__rosidl_typesupport_c.dir/rosidl_typesupport_c/lifecycle_msgs/srv/get_available_states__type_support.cpp.o[0m
[2.372s] [ 82%] [32mBuilding CXX object CMakeFiles/lifecycle_msgs__rosidl_typesupport_c.dir/rosidl_typesupport_c/lifecycle_msgs/srv/get_state__type_support.cpp.o[0m
[2.471s] [ 83%] [32m[1mLinking CXX shared library liblifecycle_msgs__rosidl_typesupport_c.so[0m
[2.567s] [ 83%] Built target lifecycle_msgs__rosidl_typesupport_c
[2.946s] [ 84%] [32m[1mLinking CXX shared library liblifecycle_msgs__rosidl_typesupport_cpp.so[0m
[3.013s] [ 84%] Built target lifecycle_msgs__rosidl_typesupport_cpp
[3.027s] [ 84%] Built target lifecycle_msgs
[3.045s] [ 85%] Built target lifecycle_msgs__py
[3.070s] [ 86%] [32m[1mLinking C shared library liblifecycle_msgs__rosidl_generator_py.so[0m
[3.111s] [ 94%] Built target lifecycle_msgs__rosidl_generator_py
[3.132s] [ 95%] [32m[1mLinking C shared module rosidl_generator_py/lifecycle_msgs/lifecycle_msgs_s__rosidl_typesupport_fastrtps_c.so[0m
[3.132s] [ 96%] [32m[1mLinking C shared module rosidl_generator_py/lifecycle_msgs/lifecycle_msgs_s__rosidl_typesupport_c.so[0m
[3.134s] [ 97%] [32m[1mLinking C shared module rosidl_generator_py/lifecycle_msgs/lifecycle_msgs_s__rosidl_typesupport_introspection_c.so[0m
[3.162s] [ 98%] Built target lifecycle_msgs_s__rosidl_typesupport_c
[3.166s] [ 99%] Built target lifecycle_msgs_s__rosidl_typesupport_introspection_c
[3.167s] [100%] Built target lifecycle_msgs_s__rosidl_typesupport_fastrtps_c
[3.178s] Invoked command in '/home/rassito/microros_ws/build/lifecycle_msgs' returned '0': CMAKE_PREFIX_PATH=${CMAKE_PREFIX_PATH}:/home/rassito/ros_ws/install/super_pkg:/opt/ros/jazzy DEBUGINFOD_URLS=https://debuginfod.ubuntu.com /usr/bin/cmake --build /home/rassito/microros_ws/build/lifecycle_msgs -- -j16 -l16
[3.185s] Invoking command in '/home/rassito/microros_ws/build/lifecycle_msgs': CMAKE_PREFIX_PATH=${CMAKE_PREFIX_PATH}:/home/rassito/ros_ws/install/super_pkg:/opt/ros/jazzy DEBUGINFOD_URLS=https://debuginfod.ubuntu.com /usr/bin/cmake --install /home/rassito/microros_ws/build/lifecycle_msgs
[3.189s] -- Install configuration: ""
[3.189s] -- Up-to-date: /home/rassito/microros_ws/install/lifecycle_msgs/share/ament_index/resource_index/rosidl_interfaces/lifecycle_msgs
[3.189s] -- Up-to-date: /home/rassito/microros_ws/install/lifecycle_msgs/share/lifecycle_msgs/msg/State.json
[3.189s] -- Up-to-date: /home/rassito/microros_ws/install/lifecycle_msgs/share/lifecycle_msgs/msg/Transition.json
[3.189s] -- Up-to-date: /home/rassito/microros_ws/install/lifecycle_msgs/share/lifecycle_msgs/msg/TransitionDescription.json
[3.189s] -- Up-to-date: /home/rassito/microros_ws/install/lifecycle_msgs/share/lifecycle_msgs/msg/TransitionEvent.json
[3.189s] -- Up-to-date: /home/rassito/microros_ws/install/lifecycle_msgs/share/lifecycle_msgs/srv/ChangeState.json
[3.189s] -- Up-to-date: /home/rassito/microros_ws/install/lifecycle_msgs/share/lifecycle_msgs/srv/GetAvailableStates.json
[3.190s] -- Up-to-date: /home/rassito/microros_ws/install/lifecycle_msgs/share/lifecycle_msgs/srv/GetAvailableTransitions.json
[3.190s] -- Up-to-date: /home/rassito/microros_ws/install/lifecycle_msgs/share/lifecycle_msgs/srv/GetState.json
[3.190s] -- Up-to-date: /home/rassito/microros_ws/install/lifecycle_msgs/include/lifecycle_msgs/lifecycle_msgs
[3.190s] -- Up-to-date: /home/rassito/microros_ws/install/lifecycle_msgs/include/lifecycle_msgs/lifecycle_msgs/srv
[3.190s] -- Up-to-date: /home/rassito/microros_ws/install/lifecycle_msgs/include/lifecycle_msgs/lifecycle_msgs/srv/get_available_states.h
[3.190s] -- Up-to-date: /home/rassito/microros_ws/install/lifecycle_msgs/include/lifecycle_msgs/lifecycle_msgs/srv/change_state.h
[3.190s] -- Up-to-date: /home/rassito/microros_ws/install/lifecycle_msgs/include/lifecycle_msgs/lifecycle_msgs/srv/get_state.h
[3.190s] -- Up-to-date: /home/rassito/microros_ws/install/lifecycle_msgs/include/lifecycle_msgs/lifecycle_msgs/srv/get_available_transitions.h
[3.190s] -- Up-to-date: /home/rassito/microros_ws/install/lifecycle_msgs/include/lifecycle_msgs/lifecycle_msgs/srv/detail
[3.190s] -- Up-to-date: /home/rassito/microros_ws/install/lifecycle_msgs/include/lifecycle_msgs/lifecycle_msgs/srv/detail/get_available_transitions__functions.h
[3.191s] -- Up-to-date: /home/rassito/microros_ws/install/lifecycle_msgs/include/lifecycle_msgs/lifecycle_msgs/srv/detail/get_state__description.c
[3.191s] -- Up-to-date: /home/rassito/microros_ws/install/lifecycle_msgs/include/lifecycle_msgs/lifecycle_msgs/srv/detail/get_available_transitions__functions.c
[3.192s] -- Up-to-date: /home/rassito/microros_ws/install/lifecycle_msgs/include/lifecycle_msgs/lifecycle_msgs/srv/detail/get_available_states__description.c
[3.192s] -- Up-to-date: /home/rassito/microros_ws/install/lifecycle_msgs/include/lifecycle_msgs/lifecycle_msgs/srv/detail/get_available_transitions__description.c
[3.192s] -- Up-to-date: /home/rassito/microros_ws/install/lifecycle_msgs/include/lifecycle_msgs/lifecycle_msgs/srv/detail/get_state__struct.h
[3.192s] -- Up-to-date: /home/rassito/microros_ws/install/lifecycle_msgs/include/lifecycle_msgs/lifecycle_msgs/srv/detail/get_state__type_support.h
[3.192s] -- Up-to-date: /home/rassito/microros_ws/install/lifecycle_msgs/include/lifecycle_msgs/lifecycle_msgs/srv/detail/get_available_transitions__struct.h
[3.192s] -- Up-to-date: /home/rassito/microros_ws/install/lifecycle_msgs/include/lifecycle_msgs/lifecycle_msgs/srv/detail/change_state__struct.h
[3.192s] -- Up-to-date: /home/rassito/microros_ws/install/lifecycle_msgs/include/lifecycle_msgs/lifecycle_msgs/srv/detail/get_available_states__type_support.h
[3.192s] -- Up-to-date: /home/rassito/microros_ws/install/lifecycle_msgs/include/lifecycle_msgs/lifecycle_msgs/srv/detail/get_available_states__functions.h
[3.193s] -- Installing: /home/rassito/microros_ws/install/lifecycle_msgs/include/lifecycle_msgs/lifecycle_msgs/srv/detail/get_state__type_support.c
[3.193s] -- Up-to-date: /home/rassito/microros_ws/install/lifecycle_msgs/include/lifecycle_msgs/lifecycle_msgs/srv/detail/get_available_states__struct.h
[3.193s] -- Up-to-date: /home/rassito/microros_ws/install/lifecycle_msgs/include/lifecycle_msgs/lifecycle_msgs/srv/detail/change_state__type_support.h
[3.193s] -- Up-to-date: /home/rassito/microros_ws/install/lifecycle_msgs/include/lifecycle_msgs/lifecycle_msgs/srv/detail/change_state__functions.c
[3.193s] -- Up-to-date: /home/rassito/microros_ws/install/lifecycle_msgs/include/lifecycle_msgs/lifecycle_msgs/srv/detail/get_available_states__functions.c
[3.193s] -- Up-to-date: /home/rassito/microros_ws/install/lifecycle_msgs/include/lifecycle_msgs/lifecycle_msgs/srv/detail/change_state__description.c
[3.193s] -- Up-to-date: /home/rassito/microros_ws/install/lifecycle_msgs/include/lifecycle_msgs/lifecycle_msgs/srv/detail/get_state__functions.c
[3.193s] -- Up-to-date: /home/rassito/microros_ws/install/lifecycle_msgs/include/lifecycle_msgs/lifecycle_msgs/srv/detail/change_state__functions.h
[3.193s] -- Installing: /home/rassito/microros_ws/install/lifecycle_msgs/include/lifecycle_msgs/lifecycle_msgs/srv/detail/get_available_states__type_support.c
[3.193s] -- Up-to-date: /home/rassito/microros_ws/install/lifecycle_msgs/include/lifecycle_msgs/lifecycle_msgs/srv/detail/get_available_transitions__type_support.h
[3.194s] -- Up-to-date: /home/rassito/microros_ws/install/lifecycle_msgs/include/lifecycle_msgs/lifecycle_msgs/srv/detail/get_state__functions.h
[3.194s] -- Installing: /home/rassito/microros_ws/install/lifecycle_msgs/include/lifecycle_msgs/lifecycle_msgs/srv/detail/change_state__type_support.c
[3.194s] -- Installing: /home/rassito/microros_ws/install/lifecycle_msgs/include/lifecycle_msgs/lifecycle_msgs/srv/detail/get_available_transitions__type_support.c
[3.194s] -- Up-to-date: /home/rassito/microros_ws/install/lifecycle_msgs/include/lifecycle_msgs/lifecycle_msgs/msg
[3.194s] -- Up-to-date: /home/rassito/microros_ws/install/lifecycle_msgs/include/lifecycle_msgs/lifecycle_msgs/msg/transition.h
[3.194s] -- Up-to-date: /home/rassito/microros_ws/install/lifecycle_msgs/include/lifecycle_msgs/lifecycle_msgs/msg/transition_description.h
[3.194s] -- Up-to-date: /home/rassito/microros_ws/install/lifecycle_msgs/include/lifecycle_msgs/lifecycle_msgs/msg/state.h
[3.194s] -- Up-to-date: /home/rassito/microros_ws/install/lifecycle_msgs/include/lifecycle_msgs/lifecycle_msgs/msg/detail
[3.194s] -- Up-to-date: /home/rassito/microros_ws/install/lifecycle_msgs/include/lifecycle_msgs/lifecycle_msgs/msg/detail/state__functions.c
[3.194s] -- Up-to-date: /home/rassito/microros_ws/install/lifecycle_msgs/include/lifecycle_msgs/lifecycle_msgs/msg/detail/transition_event__functions.c
[3.195s] -- Up-to-date: /home/rassito/microros_ws/install/lifecycle_msgs/include/lifecycle_msgs/lifecycle_msgs/msg/detail/transition__struct.h
[3.195s] -- Up-to-date: /home/rassito/microros_ws/install/lifecycle_msgs/include/lifecycle_msgs/lifecycle_msgs/msg/detail/transition__functions.h
[3.195s] -- Up-to-date: /home/rassito/microros_ws/install/lifecycle_msgs/include/lifecycle_msgs/lifecycle_msgs/msg/detail/transition_event__struct.h
[3.195s] -- Up-to-date: /home/rassito/microros_ws/install/lifecycle_msgs/include/lifecycle_msgs/lifecycle_msgs/msg/detail/state__struct.h
[3.195s] -- Up-to-date: /home/rassito/microros_ws/install/lifecycle_msgs/include/lifecycle_msgs/lifecycle_msgs/msg/detail/transition_description__type_support.h
[3.195s] -- Up-to-date: /home/rassito/microros_ws/install/lifecycle_msgs/include/lifecycle_msgs/lifecycle_msgs/msg/detail/transition_event__description.c
[3.195s] -- Installing: /home/rassito/microros_ws/install/lifecycle_msgs/include/lifecycle_msgs/lifecycle_msgs/msg/detail/transition_description__type_support.c
[3.195s] -- Up-to-date: /home/rassito/microros_ws/install/lifecycle_msgs/include/lifecycle_msgs/lifecycle_msgs/msg/detail/state__functions.h
[3.195s] -- Up-to-date: /home/rassito/microros_ws/install/lifecycle_msgs/include/lifecycle_msgs/lifecycle_msgs/msg/detail/transition__functions.c
[3.195s] -- Installing: /home/rassito/microros_ws/install/lifecycle_msgs/include/lifecycle_msgs/lifecycle_msgs/msg/detail/transition__type_support.c
[3.195s] -- Up-to-date: /home/rassito/microros_ws/install/lifecycle_msgs/include/lifecycle_msgs/lifecycle_msgs/msg/detail/transition_description__description.c
[3.196s] -- Up-to-date: /home/rassito/microros_ws/install/lifecycle_msgs/include/lifecycle_msgs/lifecycle_msgs/msg/detail/transition__description.c
[3.196s] -- Up-to-date: /home/rassito/microros_ws/install/lifecycle_msgs/include/lifecycle_msgs/lifecycle_msgs/msg/detail/transition_description__functions.h
[3.196s] -- Up-to-date: /home/rassito/microros_ws/install/lifecycle_msgs/include/lifecycle_msgs/lifecycle_msgs/msg/detail/state__description.c
[3.196s] -- Installing: /home/rassito/microros_ws/install/lifecycle_msgs/include/lifecycle_msgs/lifecycle_msgs/msg/detail/transition_event__type_support.c
[3.196s] -- Up-to-date: /home/rassito/microros_ws/install/lifecycle_msgs/include/lifecycle_msgs/lifecycle_msgs/msg/detail/transition_description__struct.h
[3.196s] -- Up-to-date: /home/rassito/microros_ws/install/lifecycle_msgs/include/lifecycle_msgs/lifecycle_msgs/msg/detail/transition__type_support.h
[3.196s] -- Installing: /home/rassito/microros_ws/install/lifecycle_msgs/include/lifecycle_msgs/lifecycle_msgs/msg/detail/state__type_support.c
[3.196s] -- Up-to-date: /home/rassito/microros_ws/install/lifecycle_msgs/include/lifecycle_msgs/lifecycle_msgs/msg/detail/transition_event__functions.h
[3.196s] -- Up-to-date: /home/rassito/microros_ws/install/lifecycle_msgs/include/lifecycle_msgs/lifecycle_msgs/msg/detail/transition_event__type_support.h
[3.196s] -- Up-to-date: /home/rassito/microros_ws/install/lifecycle_msgs/include/lifecycle_msgs/lifecycle_msgs/msg/detail/transition_description__functions.c
[3.197s] -- Up-to-date: /home/rassito/microros_ws/install/lifecycle_msgs/include/lifecycle_msgs/lifecycle_msgs/msg/detail/state__type_support.h
[3.197s] -- Up-to-date: /home/rassito/microros_ws/install/lifecycle_msgs/include/lifecycle_msgs/lifecycle_msgs/msg/rosidl_generator_c__visibility_control.h
[3.197s] -- Up-to-date: /home/rassito/microros_ws/install/lifecycle_msgs/include/lifecycle_msgs/lifecycle_msgs/msg/transition_event.h
[3.197s] -- Up-to-date: /home/rassito/microros_ws/install/lifecycle_msgs/share/lifecycle_msgs/environment/library_path.sh
[3.197s] -- Up-to-date: /home/rassito/microros_ws/install/lifecycle_msgs/share/lifecycle_msgs/environment/library_path.dsv
[3.197s] -- Up-to-date: /home/rassito/microros_ws/install/lifecycle_msgs/lib/liblifecycle_msgs__rosidl_generator_c.so
[3.197s] -- Up-to-date: /home/rassito/microros_ws/install/lifecycle_msgs/include/lifecycle_msgs/lifecycle_msgs
[3.197s] -- Up-to-date: /home/rassito/microros_ws/install/lifecycle_msgs/include/lifecycle_msgs/lifecycle_msgs/srv
[3.197s] -- Up-to-date: /home/rassito/microros_ws/install/lifecycle_msgs/include/lifecycle_msgs/lifecycle_msgs/srv/detail
[3.197s] -- Up-to-date: /home/rassito/microros_ws/install/lifecycle_msgs/include/lifecycle_msgs/lifecycle_msgs/srv/detail/get_state__rosidl_typesupport_fastrtps_c.h
[3.197s] -- Up-to-date: /home/rassito/microros_ws/install/lifecycle_msgs/include/lifecycle_msgs/lifecycle_msgs/srv/detail/change_state__rosidl_typesupport_fastrtps_c.h
[3.197s] -- Up-to-date: /home/rassito/microros_ws/install/lifecycle_msgs/include/lifecycle_msgs/lifecycle_msgs/srv/detail/get_available_transitions__rosidl_typesupport_fastrtps_c.h
[3.197s] -- Up-to-date: /home/rassito/microros_ws/install/lifecycle_msgs/include/lifecycle_msgs/lifecycle_msgs/srv/detail/get_available_states__rosidl_typesupport_fastrtps_c.h
[3.197s] -- Up-to-date: /home/rassito/microros_ws/install/lifecycle_msgs/include/lifecycle_msgs/lifecycle_msgs/msg
[3.197s] -- Up-to-date: /home/rassito/microros_ws/install/lifecycle_msgs/include/lifecycle_msgs/lifecycle_msgs/msg/rosidl_typesupport_fastrtps_c__visibility_control.h
[3.198s] -- Up-to-date: /home/rassito/microros_ws/install/lifecycle_msgs/include/lifecycle_msgs/lifecycle_msgs/msg/detail
[3.198s] -- Up-to-date: /home/rassito/microros_ws/install/lifecycle_msgs/include/lifecycle_msgs/lifecycle_msgs/msg/detail/transition__rosidl_typesupport_fastrtps_c.h
[3.198s] -- Up-to-date: /home/rassito/microros_ws/install/lifecycle_msgs/include/lifecycle_msgs/lifecycle_msgs/msg/detail/transition_event__rosidl_typesupport_fastrtps_c.h
[3.198s] -- Up-to-date: /home/rassito/microros_ws/install/lifecycle_msgs/include/lifecycle_msgs/lifecycle_msgs/msg/detail/state__rosidl_typesupport_fastrtps_c.h
[3.198s] -- Up-to-date: /home/rassito/microros_ws/install/lifecycle_msgs/include/lifecycle_msgs/lifecycle_msgs/msg/detail/transition_description__rosidl_typesupport_fastrtps_c.h
[3.198s] -- Up-to-date: /home/rassito/microros_ws/install/lifecycle_msgs/lib/liblifecycle_msgs__rosidl_typesupport_fastrtps_c.so
[3.198s] -- Up-to-date: /home/rassito/microros_ws/install/lifecycle_msgs/include/lifecycle_msgs/lifecycle_msgs
[3.198s] -- Up-to-date: /home/rassito/microros_ws/install/lifecycle_msgs/include/lifecycle_msgs/lifecycle_msgs/srv
[3.198s] -- Up-to-date: /home/rassito/microros_ws/install/lifecycle_msgs/include/lifecycle_msgs/lifecycle_msgs/srv/detail
[3.199s] -- Up-to-date: /home/rassito/microros_ws/install/lifecycle_msgs/include/lifecycle_msgs/lifecycle_msgs/srv/detail/change_state__rosidl_typesupport_introspection_c.h
[3.199s] -- Up-to-date: /home/rassito/microros_ws/install/lifecycle_msgs/include/lifecycle_msgs/lifecycle_msgs/srv/detail/get_available_states__rosidl_typesupport_introspection_c.h
[3.199s] -- Installing: /home/rassito/microros_ws/install/lifecycle_msgs/include/lifecycle_msgs/lifecycle_msgs/srv/detail/get_state__type_support.c
[3.199s] -- Up-to-date: /home/rassito/microros_ws/install/lifecycle_msgs/include/lifecycle_msgs/lifecycle_msgs/srv/detail/get_available_transitions__rosidl_typesupport_introspection_c.h
[3.199s] -- Up-to-date: /home/rassito/microros_ws/install/lifecycle_msgs/include/lifecycle_msgs/lifecycle_msgs/srv/detail/get_state__rosidl_typesupport_introspection_c.h
[3.199s] -- Installing: /home/rassito/microros_ws/install/lifecycle_msgs/include/lifecycle_msgs/lifecycle_msgs/srv/detail/get_available_states__type_support.c
[3.199s] -- Installing: /home/rassito/microros_ws/install/lifecycle_msgs/include/lifecycle_msgs/lifecycle_msgs/srv/detail/change_state__type_support.c
[3.199s] -- Installing: /home/rassito/microros_ws/install/lifecycle_msgs/include/lifecycle_msgs/lifecycle_msgs/srv/detail/get_available_transitions__type_support.c
[3.199s] -- Up-to-date: /home/rassito/microros_ws/install/lifecycle_msgs/include/lifecycle_msgs/lifecycle_msgs/msg
[3.199s] -- Up-to-date: /home/rassito/microros_ws/install/lifecycle_msgs/include/lifecycle_msgs/lifecycle_msgs/msg/rosidl_typesupport_introspection_c__visibility_control.h
[3.199s] -- Up-to-date: /home/rassito/microros_ws/install/lifecycle_msgs/include/lifecycle_msgs/lifecycle_msgs/msg/detail
[3.200s] -- Up-to-date: /home/rassito/microros_ws/install/lifecycle_msgs/include/lifecycle_msgs/lifecycle_msgs/msg/detail/transition__rosidl_typesupport_introspection_c.h
[3.200s] -- Installing: /home/rassito/microros_ws/install/lifecycle_msgs/include/lifecycle_msgs/lifecycle_msgs/msg/detail/transition_description__type_support.c
[3.200s] -- Up-to-date: /home/rassito/microros_ws/install/lifecycle_msgs/include/lifecycle_msgs/lifecycle_msgs/msg/detail/state__rosidl_typesupport_introspection_c.h
[3.201s] -- Up-to-date: /home/rassito/microros_ws/install/lifecycle_msgs/include/lifecycle_msgs/lifecycle_msgs/msg/detail/transition_event__rosidl_typesupport_introspection_c.h
[3.201s] -- Installing: /home/rassito/microros_ws/install/lifecycle_msgs/include/lifecycle_msgs/lifecycle_msgs/msg/detail/transition__type_support.c
[3.201s] -- Up-to-date: /home/rassito/microros_ws/install/lifecycle_msgs/include/lifecycle_msgs/lifecycle_msgs/msg/detail/transition_description__rosidl_typesupport_introspection_c.h
[3.201s] -- Installing: /home/rassito/microros_ws/install/lifecycle_msgs/include/lifecycle_msgs/lifecycle_msgs/msg/detail/transition_event__type_support.c
[3.201s] -- Installing: /home/rassito/microros_ws/install/lifecycle_msgs/include/lifecycle_msgs/lifecycle_msgs/msg/detail/state__type_support.c
[3.201s] -- Up-to-date: /home/rassito/microros_ws/install/lifecycle_msgs/lib/liblifecycle_msgs__rosidl_typesupport_introspection_c.so
[3.201s] -- Installing: /home/rassito/microros_ws/install/lifecycle_msgs/lib/liblifecycle_msgs__rosidl_typesupport_c.so
[3.202s] -- Set non-toolchain portion of runtime path of "/home/rassito/microros_ws/install/lifecycle_msgs/lib/liblifecycle_msgs__rosidl_typesupport_c.so" to ""
[3.202s] -- Up-to-date: /home/rassito/microros_ws/install/lifecycle_msgs/include/lifecycle_msgs/lifecycle_msgs
[3.202s] -- Up-to-date: /home/rassito/microros_ws/install/lifecycle_msgs/include/lifecycle_msgs/lifecycle_msgs/srv
[3.202s] -- Up-to-date: /home/rassito/microros_ws/install/lifecycle_msgs/include/lifecycle_msgs/lifecycle_msgs/srv/get_state.hpp
[3.202s] -- Up-to-date: /home/rassito/microros_ws/install/lifecycle_msgs/include/lifecycle_msgs/lifecycle_msgs/srv/change_state.hpp
[3.202s] -- Up-to-date: /home/rassito/microros_ws/install/lifecycle_msgs/include/lifecycle_msgs/lifecycle_msgs/srv/detail
[3.202s] -- Up-to-date: /home/rassito/microros_ws/install/lifecycle_msgs/include/lifecycle_msgs/lifecycle_msgs/srv/detail/change_state__struct.hpp
[3.202s] -- Up-to-date: /home/rassito/microros_ws/install/lifecycle_msgs/include/lifecycle_msgs/lifecycle_msgs/srv/detail/get_available_transitions__type_support.hpp
[3.202s] -- Up-to-date: /home/rassito/microros_ws/install/lifecycle_msgs/include/lifecycle_msgs/lifecycle_msgs/srv/detail/change_state__traits.hpp
[3.202s] -- Up-to-date: /home/rassito/microros_ws/install/lifecycle_msgs/include/lifecycle_msgs/lifecycle_msgs/srv/detail/get_available_transitions__builder.hpp
[3.203s] -- Up-to-date: /home/rassito/microros_ws/install/lifecycle_msgs/include/lifecycle_msgs/lifecycle_msgs/srv/detail/get_available_transitions__struct.hpp
[3.203s] -- Up-to-date: /home/rassito/microros_ws/install/lifecycle_msgs/include/lifecycle_msgs/lifecycle_msgs/srv/detail/change_state__builder.hpp
[3.203s] -- Up-to-date: /home/rassito/microros_ws/install/lifecycle_msgs/include/lifecycle_msgs/lifecycle_msgs/srv/detail/get_available_transitions__traits.hpp
[3.203s] -- Up-to-date: /home/rassito/microros_ws/install/lifecycle_msgs/include/lifecycle_msgs/lifecycle_msgs/srv/detail/get_state__struct.hpp
[3.203s] -- Up-to-date: /home/rassito/microros_ws/install/lifecycle_msgs/include/lifecycle_msgs/lifecycle_msgs/srv/detail/get_state__builder.hpp
[3.203s] -- Up-to-date: /home/rassito/microros_ws/install/lifecycle_msgs/include/lifecycle_msgs/lifecycle_msgs/srv/detail/get_available_states__type_support.hpp
[3.203s] -- Up-to-date: /home/rassito/microros_ws/install/lifecycle_msgs/include/lifecycle_msgs/lifecycle_msgs/srv/detail/change_state__type_support.hpp
[3.203s] -- Up-to-date: /home/rassito/microros_ws/install/lifecycle_msgs/include/lifecycle_msgs/lifecycle_msgs/srv/detail/get_state__type_support.hpp
[3.203s] -- Up-to-date: /home/rassito/microros_ws/install/lifecycle_msgs/include/lifecycle_msgs/lifecycle_msgs/srv/detail/get_state__traits.hpp
[3.203s] -- Up-to-date: /home/rassito/microros_ws/install/lifecycle_msgs/include/lifecycle_msgs/lifecycle_msgs/srv/detail/get_available_states__struct.hpp
[3.204s] -- Up-to-date: /home/rassito/microros_ws/install/lifecycle_msgs/include/lifecycle_msgs/lifecycle_msgs/srv/detail/get_available_states__builder.hpp
[3.204s] -- Up-to-date: /home/rassito/microros_ws/install/lifecycle_msgs/include/lifecycle_msgs/lifecycle_msgs/srv/detail/get_available_states__traits.hpp
[3.204s] -- Up-to-date: /home/rassito/microros_ws/install/lifecycle_msgs/include/lifecycle_msgs/lifecycle_msgs/srv/get_available_states.hpp
[3.204s] -- Up-to-date: /home/rassito/microros_ws/install/lifecycle_msgs/include/lifecycle_msgs/lifecycle_msgs/srv/get_available_transitions.hpp
[3.204s] -- Up-to-date: /home/rassito/microros_ws/install/lifecycle_msgs/include/lifecycle_msgs/lifecycle_msgs/msg
[3.204s] -- Up-to-date: /home/rassito/microros_ws/install/lifecycle_msgs/include/lifecycle_msgs/lifecycle_msgs/msg/transition_event.hpp
[3.204s] -- Up-to-date: /home/rassito/microros_ws/install/lifecycle_msgs/include/lifecycle_msgs/lifecycle_msgs/msg/rosidl_generator_cpp__visibility_control.hpp
[3.204s] -- Up-to-date: /home/rassito/microros_ws/install/lifecycle_msgs/include/lifecycle_msgs/lifecycle_msgs/msg/transition_description.hpp
[3.205s] -- Up-to-date: /home/rassito/microros_ws/install/lifecycle_msgs/include/lifecycle_msgs/lifecycle_msgs/msg/state.hpp
[3.205s] -- Up-to-date: /home/rassito/microros_ws/install/lifecycle_msgs/include/lifecycle_msgs/lifecycle_msgs/msg/detail
[3.205s] -- Up-to-date: /home/rassito/microros_ws/install/lifecycle_msgs/include/lifecycle_msgs/lifecycle_msgs/msg/detail/transition_event__struct.hpp
[3.205s] -- Up-to-date: /home/rassito/microros_ws/install/lifecycle_msgs/include/lifecycle_msgs/lifecycle_msgs/msg/detail/transition_event__type_support.hpp
[3.205s] -- Up-to-date: /home/rassito/microros_ws/install/lifecycle_msgs/include/lifecycle_msgs/lifecycle_msgs/msg/detail/state__type_support.hpp
[3.205s] -- Up-to-date: /home/rassito/microros_ws/install/lifecycle_msgs/include/lifecycle_msgs/lifecycle_msgs/msg/detail/transition_description__builder.hpp
[3.205s] -- Up-to-date: /home/rassito/microros_ws/install/lifecycle_msgs/include/lifecycle_msgs/lifecycle_msgs/msg/detail/transition_description__traits.hpp
[3.205s] -- Up-to-date: /home/rassito/microros_ws/install/lifecycle_msgs/include/lifecycle_msgs/lifecycle_msgs/msg/detail/transition__struct.hpp
[3.206s] -- Up-to-date: /home/rassito/microros_ws/install/lifecycle_msgs/include/lifecycle_msgs/lifecycle_msgs/msg/detail/transition__traits.hpp
[3.206s] -- Up-to-date: /home/rassito/microros_ws/install/lifecycle_msgs/include/lifecycle_msgs/lifecycle_msgs/msg/detail/transition_description__struct.hpp
[3.206s] -- Up-to-date: /home/rassito/microros_ws/install/lifecycle_msgs/include/lifecycle_msgs/lifecycle_msgs/msg/detail/transition_description__type_support.hpp
[3.206s] -- Up-to-date: /home/rassito/microros_ws/install/lifecycle_msgs/include/lifecycle_msgs/lifecycle_msgs/msg/detail/transition_event__builder.hpp
[3.206s] -- Up-to-date: /home/rassito/microros_ws/install/lifecycle_msgs/include/lifecycle_msgs/lifecycle_msgs/msg/detail/transition__type_support.hpp
[3.206s] -- Up-to-date: /home/rassito/microros_ws/install/lifecycle_msgs/include/lifecycle_msgs/lifecycle_msgs/msg/detail/transition__builder.hpp
[3.206s] -- Up-to-date: /home/rassito/microros_ws/install/lifecycle_msgs/include/lifecycle_msgs/lifecycle_msgs/msg/detail/state__struct.hpp
[3.206s] -- Up-to-date: /home/rassito/microros_ws/install/lifecycle_msgs/include/lifecycle_msgs/lifecycle_msgs/msg/detail/state__builder.hpp
[3.206s] -- Up-to-date: /home/rassito/microros_ws/install/lifecycle_msgs/include/lifecycle_msgs/lifecycle_msgs/msg/detail/transition_event__traits.hpp
[3.206s] -- Up-to-date: /home/rassito/microros_ws/install/lifecycle_msgs/include/lifecycle_msgs/lifecycle_msgs/msg/detail/state__traits.hpp
[3.206s] -- Up-to-date: /home/rassito/microros_ws/install/lifecycle_msgs/include/lifecycle_msgs/lifecycle_msgs/msg/transition.hpp
[3.207s] -- Up-to-date: /home/rassito/microros_ws/install/lifecycle_msgs/include/lifecycle_msgs/lifecycle_msgs
[3.207s] -- Up-to-date: /home/rassito/microros_ws/install/lifecycle_msgs/include/lifecycle_msgs/lifecycle_msgs/srv
[3.207s] -- Up-to-date: /home/rassito/microros_ws/install/lifecycle_msgs/include/lifecycle_msgs/lifecycle_msgs/srv/detail
[3.207s] -- Up-to-date: /home/rassito/microros_ws/install/lifecycle_msgs/include/lifecycle_msgs/lifecycle_msgs/srv/detail/get_available_states__rosidl_typesupport_fastrtps_cpp.hpp
[3.207s] -- Up-to-date: /home/rassito/microros_ws/install/lifecycle_msgs/include/lifecycle_msgs/lifecycle_msgs/srv/detail/get_state__rosidl_typesupport_fastrtps_cpp.hpp
[3.208s] -- Up-to-date: /home/rassito/microros_ws/install/lifecycle_msgs/include/lifecycle_msgs/lifecycle_msgs/srv/detail/change_state__rosidl_typesupport_fastrtps_cpp.hpp
[3.209s] -- Up-to-date: /home/rassito/microros_ws/install/lifecycle_msgs/include/lifecycle_msgs/lifecycle_msgs/srv/detail/get_available_transitions__rosidl_typesupport_fastrtps_cpp.hpp
[3.209s] -- Up-to-date: /home/rassito/microros_ws/install/lifecycle_msgs/include/lifecycle_msgs/lifecycle_msgs/srv/detail/dds_fastrtps
[3.209s] -- Up-to-date: /home/rassito/microros_ws/install/lifecycle_msgs/include/lifecycle_msgs/lifecycle_msgs/msg
[3.209s] -- Up-to-date: /home/rassito/microros_ws/install/lifecycle_msgs/include/lifecycle_msgs/lifecycle_msgs/msg/rosidl_typesupport_fastrtps_cpp__visibility_control.h
[3.209s] -- Up-to-date: /home/rassito/microros_ws/install/lifecycle_msgs/include/lifecycle_msgs/lifecycle_msgs/msg/detail
[3.209s] -- Up-to-date: /home/rassito/microros_ws/install/lifecycle_msgs/include/lifecycle_msgs/lifecycle_msgs/msg/detail/transition__rosidl_typesupport_fastrtps_cpp.hpp
[3.209s] -- Up-to-date: /home/rassito/microros_ws/install/lifecycle_msgs/include/lifecycle_msgs/lifecycle_msgs/msg/detail/transition_description__rosidl_typesupport_fastrtps_cpp.hpp
[3.209s] -- Up-to-date: /home/rassito/microros_ws/install/lifecycle_msgs/include/lifecycle_msgs/lifecycle_msgs/msg/detail/transition_event__rosidl_typesupport_fastrtps_cpp.hpp
[3.209s] -- Up-to-date: /home/rassito/microros_ws/install/lifecycle_msgs/include/lifecycle_msgs/lifecycle_msgs/msg/detail/state__rosidl_typesupport_fastrtps_cpp.hpp
[3.210s] -- Up-to-date: /home/rassito/microros_ws/install/lifecycle_msgs/include/lifecycle_msgs/lifecycle_msgs/msg/detail/dds_fastrtps
[3.210s] -- Up-to-date: /home/rassito/microros_ws/install/lifecycle_msgs/lib/liblifecycle_msgs__rosidl_typesupport_fastrtps_cpp.so
[3.210s] -- Up-to-date: /home/rassito/microros_ws/install/lifecycle_msgs/include/lifecycle_msgs/lifecycle_msgs
[3.210s] -- Up-to-date: /home/rassito/microros_ws/install/lifecycle_msgs/include/lifecycle_msgs/lifecycle_msgs/srv
[3.210s] -- Up-to-date: /home/rassito/microros_ws/install/lifecycle_msgs/include/lifecycle_msgs/lifecycle_msgs/srv/detail
[3.210s] -- Up-to-date: /home/rassito/microros_ws/install/lifecycle_msgs/include/lifecycle_msgs/lifecycle_msgs/srv/detail/get_available_states__rosidl_typesupport_introspection_cpp.hpp
[3.210s] -- Up-to-date: /home/rassito/microros_ws/install/lifecycle_msgs/include/lifecycle_msgs/lifecycle_msgs/srv/detail/get_available_transitions__type_support.cpp
[3.210s] -- Up-to-date: /home/rassito/microros_ws/install/lifecycle_msgs/include/lifecycle_msgs/lifecycle_msgs/srv/detail/get_available_states__type_support.cpp
[3.210s] -- Up-to-date: /home/rassito/microros_ws/install/lifecycle_msgs/include/lifecycle_msgs/lifecycle_msgs/srv/detail/change_state__rosidl_typesupport_introspection_cpp.hpp
[3.210s] -- Up-to-date: /home/rassito/microros_ws/install/lifecycle_msgs/include/lifecycle_msgs/lifecycle_msgs/srv/detail/get_state__type_support.cpp
[3.210s] -- Up-to-date: /home/rassito/microros_ws/install/lifecycle_msgs/include/lifecycle_msgs/lifecycle_msgs/srv/detail/get_available_transitions__rosidl_typesupport_introspection_cpp.hpp
[3.211s] -- Up-to-date: /home/rassito/microros_ws/install/lifecycle_msgs/include/lifecycle_msgs/lifecycle_msgs/srv/detail/change_state__type_support.cpp
[3.211s] -- Up-to-date: /home/rassito/microros_ws/install/lifecycle_msgs/include/lifecycle_msgs/lifecycle_msgs/srv/detail/get_state__rosidl_typesupport_introspection_cpp.hpp
[3.211s] -- Up-to-date: /home/rassito/microros_ws/install/lifecycle_msgs/include/lifecycle_msgs/lifecycle_msgs/msg
[3.211s] -- Up-to-date: /home/rassito/microros_ws/install/lifecycle_msgs/include/lifecycle_msgs/lifecycle_msgs/msg/detail
[3.211s] -- Up-to-date: /home/rassito/microros_ws/install/lifecycle_msgs/include/lifecycle_msgs/lifecycle_msgs/msg/detail/transition__rosidl_typesupport_introspection_cpp.hpp
[3.211s] -- Up-to-date: /home/rassito/microros_ws/install/lifecycle_msgs/include/lifecycle_msgs/lifecycle_msgs/msg/detail/transition_description__rosidl_typesupport_introspection_cpp.hpp
[3.211s] -- Up-to-date: /home/rassito/microros_ws/install/lifecycle_msgs/include/lifecycle_msgs/lifecycle_msgs/msg/detail/transition_event__type_support.cpp
[3.211s] -- Up-to-date: /home/rassito/microros_ws/install/lifecycle_msgs/include/lifecycle_msgs/lifecycle_msgs/msg/detail/transition__type_support.cpp
[3.211s] -- Up-to-date: /home/rassito/microros_ws/install/lifecycle_msgs/include/lifecycle_msgs/lifecycle_msgs/msg/detail/state__type_support.cpp
[3.212s] -- Up-to-date: /home/rassito/microros_ws/install/lifecycle_msgs/include/lifecycle_msgs/lifecycle_msgs/msg/detail/transition_description__type_support.cpp
[3.212s] -- Up-to-date: /home/rassito/microros_ws/install/lifecycle_msgs/include/lifecycle_msgs/lifecycle_msgs/msg/detail/transition_event__rosidl_typesupport_introspection_cpp.hpp
[3.212s] -- Up-to-date: /home/rassito/microros_ws/install/lifecycle_msgs/include/lifecycle_msgs/lifecycle_msgs/msg/detail/state__rosidl_typesupport_introspection_cpp.hpp
[3.212s] -- Up-to-date: /home/rassito/microros_ws/install/lifecycle_msgs/lib/liblifecycle_msgs__rosidl_typesupport_introspection_cpp.so
[3.212s] -- Installing: /home/rassito/microros_ws/install/lifecycle_msgs/lib/liblifecycle_msgs__rosidl_typesupport_cpp.so
[3.212s] -- Set non-toolchain portion of runtime path of "/home/rassito/microros_ws/install/lifecycle_msgs/lib/liblifecycle_msgs__rosidl_typesupport_cpp.so" to ""
[3.212s] -- Up-to-date: /home/rassito/microros_ws/install/lifecycle_msgs/share/lifecycle_msgs/environment/pythonpath.sh
[3.212s] -- Up-to-date: /home/rassito/microros_ws/install/lifecycle_msgs/share/lifecycle_msgs/environment/pythonpath.dsv
[3.212s] -- Up-to-date: /home/rassito/microros_ws/install/lifecycle_msgs/lib/python3.12/site-packages/lifecycle_msgs-2.0.2-py3.12.egg-info
[3.212s] -- Installing: /home/rassito/microros_ws/install/lifecycle_msgs/lib/python3.12/site-packages/lifecycle_msgs-2.0.2-py3.12.egg-info/top_level.txt
[3.212s] -- Installing: /home/rassito/microros_ws/install/lifecycle_msgs/lib/python3.12/site-packages/lifecycle_msgs-2.0.2-py3.12.egg-info/PKG-INFO
[3.212s] -- Installing: /home/rassito/microros_ws/install/lifecycle_msgs/lib/python3.12/site-packages/lifecycle_msgs-2.0.2-py3.12.egg-info/dependency_links.txt
[3.213s] -- Installing: /home/rassito/microros_ws/install/lifecycle_msgs/lib/python3.12/site-packages/lifecycle_msgs-2.0.2-py3.12.egg-info/SOURCES.txt
[3.213s] -- Up-to-date: /home/rassito/microros_ws/install/lifecycle_msgs/lib/python3.12/site-packages/lifecycle_msgs
[3.213s] -- Installing: /home/rassito/microros_ws/install/lifecycle_msgs/lib/python3.12/site-packages/lifecycle_msgs/lifecycle_msgs_s__rosidl_typesupport_introspection_c.so
[3.213s] -- Installing: /home/rassito/microros_ws/install/lifecycle_msgs/lib/python3.12/site-packages/lifecycle_msgs/lifecycle_msgs_s__rosidl_typesupport_fastrtps_c.so
[3.213s] -- Installing: /home/rassito/microros_ws/install/lifecycle_msgs/lib/python3.12/site-packages/lifecycle_msgs/lifecycle_msgs_s__rosidl_typesupport_c.so
[3.213s] -- Up-to-date: /home/rassito/microros_ws/install/lifecycle_msgs/lib/python3.12/site-packages/lifecycle_msgs/_lifecycle_msgs_s.ep.rosidl_typesupport_c.c
[3.213s] -- Up-to-date: /home/rassito/microros_ws/install/lifecycle_msgs/lib/python3.12/site-packages/lifecycle_msgs/_lifecycle_msgs_s.ep.rosidl_typesupport_microxrcedds_c.c
[3.213s] -- Up-to-date: /home/rassito/microros_ws/install/lifecycle_msgs/lib/python3.12/site-packages/lifecycle_msgs/srv
[3.213s] -- Up-to-date: /home/rassito/microros_ws/install/lifecycle_msgs/lib/python3.12/site-packages/lifecycle_msgs/srv/_change_state_s.c
[3.213s] -- Up-to-date: /home/rassito/microros_ws/install/lifecycle_msgs/lib/python3.12/site-packages/lifecycle_msgs/srv/_get_state.py
[3.213s] -- Up-to-date: /home/rassito/microros_ws/install/lifecycle_msgs/lib/python3.12/site-packages/lifecycle_msgs/srv/_get_available_states_s.c
[3.213s] -- Up-to-date: /home/rassito/microros_ws/install/lifecycle_msgs/lib/python3.12/site-packages/lifecycle_msgs/srv/_get_available_states.py
[3.213s] -- Up-to-date: /home/rassito/microros_ws/install/lifecycle_msgs/lib/python3.12/site-packages/lifecycle_msgs/srv/_get_state_s.c
[3.214s] -- Up-to-date: /home/rassito/microros_ws/install/lifecycle_msgs/lib/python3.12/site-packages/lifecycle_msgs/srv/_change_state.py
[3.214s] -- Up-to-date: /home/rassito/microros_ws/install/lifecycle_msgs/lib/python3.12/site-packages/lifecycle_msgs/srv/_get_available_transitions.py
[3.214s] -- Up-to-date: /home/rassito/microros_ws/install/lifecycle_msgs/lib/python3.12/site-packages/lifecycle_msgs/srv/__init__.py
[3.214s] -- Up-to-date: /home/rassito/microros_ws/install/lifecycle_msgs/lib/python3.12/site-packages/lifecycle_msgs/srv/_get_available_transitions_s.c
[3.214s] -- Up-to-date: /home/rassito/microros_ws/install/lifecycle_msgs/lib/python3.12/site-packages/lifecycle_msgs/_lifecycle_msgs_s.ep.rosidl_typesupport_introspection_c.c
[3.214s] -- Up-to-date: /home/rassito/microros_ws/install/lifecycle_msgs/lib/python3.12/site-packages/lifecycle_msgs/_lifecycle_msgs_s.ep.rosidl_typesupport_fastrtps_c.c
[3.214s] -- Up-to-date: /home/rassito/microros_ws/install/lifecycle_msgs/lib/python3.12/site-packages/lifecycle_msgs/lifecycle_msgs_s__rosidl_typesupport_microxrcedds_c.so
[3.215s] -- Up-to-date: /home/rassito/microros_ws/install/lifecycle_msgs/lib/python3.12/site-packages/lifecycle_msgs/msg
[3.215s] -- Up-to-date: /home/rassito/microros_ws/install/lifecycle_msgs/lib/python3.12/site-packages/lifecycle_msgs/msg/_transition_s.c
[3.215s] -- Up-to-date: /home/rassito/microros_ws/install/lifecycle_msgs/lib/python3.12/site-packages/lifecycle_msgs/msg/_transition_event_s.c
[3.215s] -- Up-to-date: /home/rassito/microros_ws/install/lifecycle_msgs/lib/python3.12/site-packages/lifecycle_msgs/msg/_state_s.c
[3.215s] -- Up-to-date: /home/rassito/microros_ws/install/lifecycle_msgs/lib/python3.12/site-packages/lifecycle_msgs/msg/_transition_description_s.c
[3.215s] -- Up-to-date: /home/rassito/microros_ws/install/lifecycle_msgs/lib/python3.12/site-packages/lifecycle_msgs/msg/_transition.py
[3.215s] -- Up-to-date: /home/rassito/microros_ws/install/lifecycle_msgs/lib/python3.12/site-packages/lifecycle_msgs/msg/_transition_description.py
[3.215s] -- Up-to-date: /home/rassito/microros_ws/install/lifecycle_msgs/lib/python3.12/site-packages/lifecycle_msgs/msg/_state.py
[3.215s] -- Up-to-date: /home/rassito/microros_ws/install/lifecycle_msgs/lib/python3.12/site-packages/lifecycle_msgs/msg/_transition_event.py
[3.215s] -- Up-to-date: /home/rassito/microros_ws/install/lifecycle_msgs/lib/python3.12/site-packages/lifecycle_msgs/msg/__init__.py
[3.215s] -- Installing: /home/rassito/microros_ws/install/lifecycle_msgs/lib/python3.12/site-packages/lifecycle_msgs/__init__.py
[3.248s] Listing '/home/rassito/microros_ws/install/lifecycle_msgs/lib/python3.12/site-packages/lifecycle_msgs'...
[3.248s] Compiling '/home/rassito/microros_ws/install/lifecycle_msgs/lib/python3.12/site-packages/lifecycle_msgs/__init__.py'...
[3.248s] Listing '/home/rassito/microros_ws/install/lifecycle_msgs/lib/python3.12/site-packages/lifecycle_msgs/msg'...
[3.248s] Listing '/home/rassito/microros_ws/install/lifecycle_msgs/lib/python3.12/site-packages/lifecycle_msgs/srv'...
[3.254s] -- Installing: /home/rassito/microros_ws/install/lifecycle_msgs/lib/python3.12/site-packages/lifecycle_msgs/lifecycle_msgs_s__rosidl_typesupport_fastrtps_c.so
[3.254s] -- Set non-toolchain portion of runtime path of "/home/rassito/microros_ws/install/lifecycle_msgs/lib/python3.12/site-packages/lifecycle_msgs/lifecycle_msgs_s__rosidl_typesupport_fastrtps_c.so" to ""
[3.255s] -- Installing: /home/rassito/microros_ws/install/lifecycle_msgs/lib/python3.12/site-packages/lifecycle_msgs/lifecycle_msgs_s__rosidl_typesupport_introspection_c.so
[3.255s] -- Set non-toolchain portion of runtime path of "/home/rassito/microros_ws/install/lifecycle_msgs/lib/python3.12/site-packages/lifecycle_msgs/lifecycle_msgs_s__rosidl_typesupport_introspection_c.so" to ""
[3.255s] -- Installing: /home/rassito/microros_ws/install/lifecycle_msgs/lib/python3.12/site-packages/lifecycle_msgs/lifecycle_msgs_s__rosidl_typesupport_c.so
[3.255s] -- Set non-toolchain portion of runtime path of "/home/rassito/microros_ws/install/lifecycle_msgs/lib/python3.12/site-packages/lifecycle_msgs/lifecycle_msgs_s__rosidl_typesupport_c.so" to ""
[3.256s] -- Installing: /home/rassito/microros_ws/install/lifecycle_msgs/lib/liblifecycle_msgs__rosidl_generator_py.so
[3.256s] -- Set non-toolchain portion of runtime path of "/home/rassito/microros_ws/install/lifecycle_msgs/lib/liblifecycle_msgs__rosidl_generator_py.so" to ""
[3.256s] -- Up-to-date: /home/rassito/microros_ws/install/lifecycle_msgs/share/lifecycle_msgs/msg/State.idl
[3.256s] -- Up-to-date: /home/rassito/microros_ws/install/lifecycle_msgs/share/lifecycle_msgs/msg/Transition.idl
[3.257s] -- Up-to-date: /home/rassito/microros_ws/install/lifecycle_msgs/share/lifecycle_msgs/msg/TransitionDescription.idl
[3.257s] -- Up-to-date: /home/rassito/microros_ws/install/lifecycle_msgs/share/lifecycle_msgs/msg/TransitionEvent.idl
[3.257s] -- Up-to-date: /home/rassito/microros_ws/install/lifecycle_msgs/share/lifecycle_msgs/srv/ChangeState.idl
[3.257s] -- Up-to-date: /home/rassito/microros_ws/install/lifecycle_msgs/share/lifecycle_msgs/srv/GetAvailableStates.idl
[3.257s] -- Up-to-date: /home/rassito/microros_ws/install/lifecycle_msgs/share/lifecycle_msgs/srv/GetAvailableTransitions.idl
[3.257s] -- Up-to-date: /home/rassito/microros_ws/install/lifecycle_msgs/share/lifecycle_msgs/srv/GetState.idl
[3.257s] -- Up-to-date: /home/rassito/microros_ws/install/lifecycle_msgs/share/lifecycle_msgs/msg/State.msg
[3.257s] -- Up-to-date: /home/rassito/microros_ws/install/lifecycle_msgs/share/lifecycle_msgs/msg/Transition.msg
[3.257s] -- Up-to-date: /home/rassito/microros_ws/install/lifecycle_msgs/share/lifecycle_msgs/msg/TransitionDescription.msg
[3.257s] -- Up-to-date: /home/rassito/microros_ws/install/lifecycle_msgs/share/lifecycle_msgs/msg/TransitionEvent.msg
[3.258s] -- Up-to-date: /home/rassito/microros_ws/install/lifecycle_msgs/share/lifecycle_msgs/srv/ChangeState.srv
[3.258s] -- Up-to-date: /home/rassito/microros_ws/install/lifecycle_msgs/share/lifecycle_msgs/srv/GetAvailableStates.srv
[3.258s] -- Up-to-date: /home/rassito/microros_ws/install/lifecycle_msgs/share/lifecycle_msgs/srv/GetAvailableTransitions.srv
[3.258s] -- Up-to-date: /home/rassito/microros_ws/install/lifecycle_msgs/share/lifecycle_msgs/srv/GetState.srv
[3.258s] -- Up-to-date: /home/rassito/microros_ws/install/lifecycle_msgs/share/ament_index/resource_index/package_run_dependencies/lifecycle_msgs
[3.258s] -- Installing: /home/rassito/microros_ws/install/lifecycle_msgs/share/ament_index/resource_index/parent_prefix_path/lifecycle_msgs
[3.258s] -- Up-to-date: /home/rassito/microros_ws/install/lifecycle_msgs/share/lifecycle_msgs/environment/ament_prefix_path.sh
[3.258s] -- Up-to-date: /home/rassito/microros_ws/install/lifecycle_msgs/share/lifecycle_msgs/environment/ament_prefix_path.dsv
[3.258s] -- Up-to-date: /home/rassito/microros_ws/install/lifecycle_msgs/share/lifecycle_msgs/environment/path.sh
[3.258s] -- Up-to-date: /home/rassito/microros_ws/install/lifecycle_msgs/share/lifecycle_msgs/environment/path.dsv
[3.258s] -- Up-to-date: /home/rassito/microros_ws/install/lifecycle_msgs/share/lifecycle_msgs/local_setup.bash
[3.259s] -- Up-to-date: /home/rassito/microros_ws/install/lifecycle_msgs/share/lifecycle_msgs/local_setup.sh
[3.259s] -- Up-to-date: /home/rassito/microros_ws/install/lifecycle_msgs/share/lifecycle_msgs/local_setup.zsh
[3.259s] -- Up-to-date: /home/rassito/microros_ws/install/lifecycle_msgs/share/lifecycle_msgs/local_setup.dsv
[3.259s] -- Installing: /home/rassito/microros_ws/install/lifecycle_msgs/share/lifecycle_msgs/package.dsv
[3.259s] -- Up-to-date: /home/rassito/microros_ws/install/lifecycle_msgs/share/ament_index/resource_index/packages/lifecycle_msgs
[3.259s] -- Up-to-date: /home/rassito/microros_ws/install/lifecycle_msgs/share/lifecycle_msgs/cmake/export_lifecycle_msgs__rosidl_generator_cExport.cmake
[3.259s] -- Up-to-date: /home/rassito/microros_ws/install/lifecycle_msgs/share/lifecycle_msgs/cmake/export_lifecycle_msgs__rosidl_generator_cExport-noconfig.cmake
[3.259s] -- Up-to-date: /home/rassito/microros_ws/install/lifecycle_msgs/share/lifecycle_msgs/cmake/export_lifecycle_msgs__rosidl_typesupport_fastrtps_cExport.cmake
[3.259s] -- Up-to-date: /home/rassito/microros_ws/install/lifecycle_msgs/share/lifecycle_msgs/cmake/export_lifecycle_msgs__rosidl_typesupport_fastrtps_cExport-noconfig.cmake
[3.259s] -- Up-to-date: /home/rassito/microros_ws/install/lifecycle_msgs/share/lifecycle_msgs/cmake/lifecycle_msgs__rosidl_typesupport_introspection_cExport.cmake
[3.260s] -- Up-to-date: /home/rassito/microros_ws/install/lifecycle_msgs/share/lifecycle_msgs/cmake/lifecycle_msgs__rosidl_typesupport_introspection_cExport-noconfig.cmake
[3.260s] -- Up-to-date: /home/rassito/microros_ws/install/lifecycle_msgs/share/lifecycle_msgs/cmake/lifecycle_msgs__rosidl_typesupport_cExport.cmake
[3.260s] -- Up-to-date: /home/rassito/microros_ws/install/lifecycle_msgs/share/lifecycle_msgs/cmake/lifecycle_msgs__rosidl_typesupport_cExport-noconfig.cmake
[3.260s] -- Up-to-date: /home/rassito/microros_ws/install/lifecycle_msgs/share/lifecycle_msgs/cmake/export_lifecycle_msgs__rosidl_generator_cppExport.cmake
[3.260s] -- Up-to-date: /home/rassito/microros_ws/install/lifecycle_msgs/share/lifecycle_msgs/cmake/export_lifecycle_msgs__rosidl_typesupport_fastrtps_cppExport.cmake
[3.260s] -- Up-to-date: /home/rassito/microros_ws/install/lifecycle_msgs/share/lifecycle_msgs/cmake/export_lifecycle_msgs__rosidl_typesupport_fastrtps_cppExport-noconfig.cmake
[3.260s] -- Up-to-date: /home/rassito/microros_ws/install/lifecycle_msgs/share/lifecycle_msgs/cmake/lifecycle_msgs__rosidl_typesupport_introspection_cppExport.cmake
[3.260s] -- Up-to-date: /home/rassito/microros_ws/install/lifecycle_msgs/share/lifecycle_msgs/cmake/lifecycle_msgs__rosidl_typesupport_introspection_cppExport-noconfig.cmake
[3.260s] -- Up-to-date: /home/rassito/microros_ws/install/lifecycle_msgs/share/lifecycle_msgs/cmake/lifecycle_msgs__rosidl_typesupport_cppExport.cmake
[3.260s] -- Up-to-date: /home/rassito/microros_ws/install/lifecycle_msgs/share/lifecycle_msgs/cmake/lifecycle_msgs__rosidl_typesupport_cppExport-noconfig.cmake
[3.261s] -- Up-to-date: /home/rassito/microros_ws/install/lifecycle_msgs/share/lifecycle_msgs/cmake/export_lifecycle_msgs__rosidl_generator_pyExport.cmake
[3.261s] -- Up-to-date: /home/rassito/microros_ws/install/lifecycle_msgs/share/lifecycle_msgs/cmake/export_lifecycle_msgs__rosidl_generator_pyExport-noconfig.cmake
[3.261s] -- Up-to-date: /home/rassito/microros_ws/install/lifecycle_msgs/share/lifecycle_msgs/cmake/rosidl_cmake-extras.cmake
[3.261s] -- Up-to-date: /home/rassito/microros_ws/install/lifecycle_msgs/share/lifecycle_msgs/cmake/ament_cmake_export_dependencies-extras.cmake
[3.261s] -- Installing: /home/rassito/microros_ws/install/lifecycle_msgs/share/lifecycle_msgs/cmake/ament_cmake_export_include_directories-extras.cmake
[3.261s] -- Up-to-date: /home/rassito/microros_ws/install/lifecycle_msgs/share/lifecycle_msgs/cmake/ament_cmake_export_libraries-extras.cmake
[3.261s] -- Up-to-date: /home/rassito/microros_ws/install/lifecycle_msgs/share/lifecycle_msgs/cmake/ament_cmake_export_targets-extras.cmake
[3.261s] -- Up-to-date: /home/rassito/microros_ws/install/lifecycle_msgs/share/lifecycle_msgs/cmake/rosidl_cmake_export_typesupport_targets-extras.cmake
[3.261s] -- Installing: /home/rassito/microros_ws/install/lifecycle_msgs/share/lifecycle_msgs/cmake/rosidl_cmake_export_typesupport_libraries-extras.cmake
[3.261s] -- Up-to-date: /home/rassito/microros_ws/install/lifecycle_msgs/share/lifecycle_msgs/cmake/lifecycle_msgsConfig.cmake
[3.261s] -- Up-to-date: /home/rassito/microros_ws/install/lifecycle_msgs/share/lifecycle_msgs/cmake/lifecycle_msgsConfig-version.cmake
[3.262s] -- Up-to-date: /home/rassito/microros_ws/install/lifecycle_msgs/share/lifecycle_msgs/package.xml
[3.263s] Invoked command in '/home/rassito/microros_ws/build/lifecycle_msgs' returned '0': CMAKE_PREFIX_PATH=${CMAKE_PREFIX_PATH}:/home/rassito/ros_ws/install/super_pkg:/opt/ros/jazzy DEBUGINFOD_URLS=https://debuginfod.ubuntu.com /usr/bin/cmake --install /home/rassito/microros_ws/build/lifecycle_msgs
