[0.027s] Invoking command in '/home/rassito/microros_ws/build/microcdr': DEBUGINFOD_URLS=https://debuginfod.ubuntu.com /usr/bin/cmake /home/rassito/microros_ws/src/eProsima/Micro-CDR -DUCDR_ISOLATED_INSTALL=OFF -DCMAKE_INSTALL_PREFIX=/home/rassito/microros_ws/install/microcdr
[0.048s] -- Configuring done (0.0s)
[0.048s] -- Generating done (0.0s)
[0.048s] -- Build files have been written to: /home/rassito/microros_ws/build/microcdr
[0.063s] Invoked command in '/home/rassito/microros_ws/build/microcdr' returned '0': DEBUGINFOD_URLS=https://debuginfod.ubuntu.com /usr/bin/cmake /home/rassito/microros_ws/src/eProsima/Micro-CDR -DUCDR_ISOLATED_INSTALL=OFF -DCMAKE_INSTALL_PREFIX=/home/rassito/microros_ws/install/microcdr
[0.064s] Invoking command in '/home/rassito/microros_ws/build/microcdr': DEBUGINFOD_URLS=https://debuginfod.ubuntu.com /usr/bin/cmake --build /home/rassito/microros_ws/build/microcdr -- -j16 -l16
[0.102s] [100%] Built target microcdr
[0.110s] Invoked command in '/home/rassito/microros_ws/build/microcdr' returned '0': DEBUGINFOD_URLS=https://debuginfod.ubuntu.com /usr/bin/cmake --build /home/rassito/microros_ws/build/microcdr -- -j16 -l16
[0.118s] Invoking command in '/home/rassito/microros_ws/build/microcdr': DEBUGINFOD_URLS=https://debuginfod.ubuntu.com /usr/bin/cmake --install /home/rassito/microros_ws/build/microcdr
[0.125s] -- Install configuration: "Release"
[0.126s] -- Up-to-date: /home/rassito/microros_ws/install/microcdr/lib/libmicrocdr.so.2.0.1
[0.126s] -- Up-to-date: /home/rassito/microros_ws/install/microcdr/lib/libmicrocdr.so.2.0
[0.126s] -- Up-to-date: /home/rassito/microros_ws/install/microcdr/lib/libmicrocdr.so
[0.126s] -- Up-to-date: /home/rassito/microros_ws/install/microcdr/include/ucdr
[0.126s] -- Up-to-date: /home/rassito/microros_ws/install/microcdr/include/ucdr/visibility.h
[0.126s] -- Up-to-date: /home/rassito/microros_ws/install/microcdr/include/ucdr/microcdr.h
[0.126s] -- Up-to-date: /home/rassito/microros_ws/install/microcdr/include/ucdr/config.h
[0.127s] -- Up-to-date: /home/rassito/microros_ws/install/microcdr/share/microcdr/cmake/microcdrTargets.cmake
[0.127s] -- Up-to-date: /home/rassito/microros_ws/install/microcdr/share/microcdr/cmake/microcdrTargets-release.cmake
[0.127s] -- Up-to-date: /home/rassito/microros_ws/install/microcdr/share/microcdr/cmake/microcdrConfig.cmake
[0.127s] -- Up-to-date: /home/rassito/microros_ws/install/microcdr/share/microcdr/cmake/microcdrConfigVersion.cmake
[0.129s] Invoked command in '/home/rassito/microros_ws/build/microcdr' returned '0': DEBUGINFOD_URLS=https://debuginfod.ubuntu.com /usr/bin/cmake --install /home/rassito/microros_ws/build/microcdr
