-- Found ament_cmake_ros: 0.12.0 (/opt/ros/jazzy/share/ament_cmake_ros/cmake)
-- Found rcl: 9.2.4 (/opt/ros/jazzy/share/rcl/cmake)
-- Found rosidl_generator_c: 4.6.5 (/opt/ros/jazzy/share/rosidl_generator_c/cmake)
-- Found rosidl_generator_cpp: 4.6.5 (/opt/ros/jazzy/share/rosidl_generator_cpp/cmake)
-- Using all available rosidl_typesupport_c: rosidl_typesupport_microxrcedds_c;rosidl_typesupport_fastrtps_c;rosidl_typesupport_introspection_c
-- Found rosidl_adapter: 4.6.5 (/opt/ros/jazzy/share/rosidl_adapter/cmake)
-- Using all available rosidl_typesupport_cpp: rosidl_typesupport_microxrcedds_cpp;rosidl_typesupport_fastrtps_cpp;rosidl_typesupport_introspection_cpp
-- Found rmw_implementation_cmake: 7.3.1 (/opt/ros/jazzy/share/rmw_implementation_cmake/cmake)
-- Found rmw_fastrtps_cpp: 8.4.1 (/opt/ros/jazzy/share/rmw_fastrtps_cpp/cmake)
-- Using RMW implementation 'rmw_fastrtps_cpp' as default
-- Found rcl_action: 9.2.4 (/opt/ros/jazzy/share/rcl_action/cmake)
-- Found rcl version 9.2.4, which belongs to Foxy or later
-- Configuring done (0.6s)
-- Generating done (0.0s)
-- Build files have been written to: /home/rassito/microros_ws/build/rclc
/usr/bin/cmake -S/home/rassito/microros_ws/src/uros/rclc/rclc -B/home/rassito/microros_ws/build/rclc --check-build-system CMakeFiles/Makefile.cmake 0
/usr/bin/cmake -E cmake_progress_start /home/rassito/microros_ws/build/rclc/CMakeFiles /home/rassito/microros_ws/build/rclc//CMakeFiles/progress.marks
/usr/bin/gmake  -f CMakeFiles/Makefile2 all
gmake[1]: Entering directory '/home/rassito/microros_ws/build/rclc'
/usr/bin/gmake  -f CMakeFiles/rclc.dir/build.make CMakeFiles/rclc.dir/depend
gmake[2]: Entering directory '/home/rassito/microros_ws/build/rclc'
cd /home/rassito/microros_ws/build/rclc && /usr/bin/cmake -E cmake_depends "Unix Makefiles" /home/rassito/microros_ws/src/uros/rclc/rclc /home/rassito/microros_ws/src/uros/rclc/rclc /home/rassito/microros_ws/build/rclc /home/rassito/microros_ws/build/rclc /home/rassito/microros_ws/build/rclc/CMakeFiles/rclc.dir/DependInfo.cmake "--color="
gmake[2]: Leaving directory '/home/rassito/microros_ws/build/rclc'
/usr/bin/gmake  -f CMakeFiles/rclc.dir/build.make CMakeFiles/rclc.dir/build
gmake[2]: Entering directory '/home/rassito/microros_ws/build/rclc'
[  7%] [32m[1mLinking C shared library librclc.so[0m
/usr/bin/cmake -E cmake_link_script CMakeFiles/rclc.dir/link.txt --verbose=1
/usr/bin/cc -fPIC -shared -Wl,-soname,librclc.so -o librclc.so CMakeFiles/rclc.dir/src/rclc/init.c.o CMakeFiles/rclc.dir/src/rclc/publisher.c.o CMakeFiles/rclc.dir/src/rclc/subscription.c.o CMakeFiles/rclc.dir/src/rclc/client.c.o CMakeFiles/rclc.dir/src/rclc/service.c.o CMakeFiles/rclc.dir/src/rclc/timer.c.o CMakeFiles/rclc.dir/src/rclc/action_client.c.o CMakeFiles/rclc.dir/src/rclc/action_server.c.o CMakeFiles/rclc.dir/src/rclc/action_goal_handle.c.o CMakeFiles/rclc.dir/src/rclc/node.c.o CMakeFiles/rclc.dir/src/rclc/executor_handle.c.o CMakeFiles/rclc.dir/src/rclc/executor.c.o CMakeFiles/rclc.dir/src/rclc/sleep.c.o  -Wl,-rpath,/home/rassito/microros_ws/install/builtin_interfaces/lib:/opt/ros/jazzy/lib: /opt/ros/jazzy/lib/librcl_action.so /opt/ros/jazzy/lib/librcl.so /opt/ros/jazzy/lib/librcl_interfaces__rosidl_typesupport_fastrtps_c.so /opt/ros/jazzy/lib/librcl_interfaces__rosidl_typesupport_introspection_c.so /opt/ros/jazzy/lib/librcl_interfaces__rosidl_typesupport_fastrtps_cpp.so /opt/ros/jazzy/lib/librcl_interfaces__rosidl_typesupport_introspection_cpp.so /opt/ros/jazzy/lib/librcl_interfaces__rosidl_typesupport_cpp.so /opt/ros/jazzy/lib/librcl_interfaces__rosidl_generator_py.so /opt/ros/jazzy/lib/librcl_interfaces__rosidl_typesupport_c.so /opt/ros/jazzy/lib/librcl_interfaces__rosidl_generator_c.so /opt/ros/jazzy/lib/librcl_logging_interface.so /opt/ros/jazzy/lib/librcl_yaml_param_parser.so /opt/ros/jazzy/lib/librmw_implementation.so /opt/ros/jazzy/lib/libtype_description_interfaces__rosidl_typesupport_fastrtps_c.so /opt/ros/jazzy/lib/libtype_description_interfaces__rosidl_typesupport_introspection_c.so /opt/ros/jazzy/lib/libtype_description_interfaces__rosidl_typesupport_fastrtps_cpp.so /opt/ros/jazzy/lib/libtype_description_interfaces__rosidl_typesupport_introspection_cpp.so /opt/ros/jazzy/lib/libtype_description_interfaces__rosidl_typesupport_cpp.so /opt/ros/jazzy/lib/libtype_description_interfaces__rosidl_generator_py.so /opt/ros/jazzy/lib/libtype_description_interfaces__rosidl_typesupport_c.so /opt/ros/jazzy/lib/libtype_description_interfaces__rosidl_generator_c.so /opt/ros/jazzy/lib/libaction_msgs__rosidl_typesupport_fastrtps_c.so /opt/ros/jazzy/lib/libaction_msgs__rosidl_typesupport_fastrtps_cpp.so /opt/ros/jazzy/lib/libaction_msgs__rosidl_typesupport_introspection_c.so /opt/ros/jazzy/lib/libaction_msgs__rosidl_typesupport_introspection_cpp.so /opt/ros/jazzy/lib/libaction_msgs__rosidl_typesupport_cpp.so /opt/ros/jazzy/lib/libaction_msgs__rosidl_generator_py.so /opt/ros/jazzy/lib/libaction_msgs__rosidl_typesupport_c.so /opt/ros/jazzy/lib/libaction_msgs__rosidl_generator_c.so /opt/ros/jazzy/lib/libservice_msgs__rosidl_typesupport_fastrtps_c.so /opt/ros/jazzy/lib/libservice_msgs__rosidl_typesupport_introspection_c.so /opt/ros/jazzy/lib/libservice_msgs__rosidl_typesupport_fastrtps_cpp.so /opt/ros/jazzy/lib/libservice_msgs__rosidl_typesupport_introspection_cpp.so /opt/ros/jazzy/lib/libservice_msgs__rosidl_typesupport_cpp.so /opt/ros/jazzy/lib/libunique_identifier_msgs__rosidl_typesupport_fastrtps_c.so /opt/ros/jazzy/lib/libunique_identifier_msgs__rosidl_typesupport_fastrtps_cpp.so /opt/ros/jazzy/lib/libunique_identifier_msgs__rosidl_typesupport_introspection_c.so /opt/ros/jazzy/lib/libunique_identifier_msgs__rosidl_typesupport_introspection_cpp.so /opt/ros/jazzy/lib/libunique_identifier_msgs__rosidl_typesupport_cpp.so /home/rassito/microros_ws/install/builtin_interfaces/lib/libbuiltin_interfaces__rosidl_typesupport_fastrtps_c.so /opt/ros/jazzy/lib/librosidl_typesupport_fastrtps_c.so /home/rassito/microros_ws/install/builtin_interfaces/lib/libbuiltin_interfaces__rosidl_typesupport_introspection_c.so /opt/ros/jazzy/lib/libservice_msgs__rosidl_typesupport_c.so /opt/ros/jazzy/lib/libservice_msgs__rosidl_generator_c.so /home/rassito/microros_ws/install/builtin_interfaces/lib/libbuiltin_interfaces__rosidl_typesupport_fastrtps_cpp.so /opt/ros/jazzy/lib/librosidl_typesupport_fastrtps_cpp.so /opt/ros/jazzy/lib/librmw.so /opt/ros/jazzy/lib/librosidl_dynamic_typesupport.so /opt/ros/jazzy/lib/libfastcdr.so.2.2.5 /home/rassito/microros_ws/install/builtin_interfaces/lib/libbuiltin_interfaces__rosidl_typesupport_introspection_cpp.so /opt/ros/jazzy/lib/librosidl_typesupport_introspection_cpp.so /opt/ros/jazzy/lib/librosidl_typesupport_introspection_c.so /home/rassito/microros_ws/install/builtin_interfaces/lib/libbuiltin_interfaces__rosidl_typesupport_cpp.so /home/rassito/microros_ws/install/builtin_interfaces/lib/libbuiltin_interfaces__rosidl_typesupport_c.so /home/rassito/microros_ws/install/builtin_interfaces/lib/libbuiltin_interfaces__rosidl_generator_c.so /opt/ros/jazzy/lib/libunique_identifier_msgs__rosidl_typesupport_c.so /opt/ros/jazzy/lib/libunique_identifier_msgs__rosidl_generator_c.so /opt/ros/jazzy/lib/librosidl_runtime_c.so /opt/ros/jazzy/lib/librcutils.so -ldl -Wl,-rpath-link,/home/rassito/microros_ws/install/builtin_interfaces/lib:/opt/ros/jazzy/lib 
gmake[2]: Leaving directory '/home/rassito/microros_ws/build/rclc'
[100%] Built target rclc
gmake[1]: Leaving directory '/home/rassito/microros_ws/build/rclc'
/usr/bin/cmake -E cmake_progress_start /home/rassito/microros_ws/build/rclc/CMakeFiles 0
-- Install configuration: ""
-- Installing: /home/rassito/microros_ws/install/rclc/lib/librclc.so
-- Set non-toolchain portion of runtime path of "/home/rassito/microros_ws/install/rclc/lib/librclc.so" to ""
-- Up-to-date: /home/rassito/microros_ws/install/rclc/include
-- Up-to-date: /home/rassito/microros_ws/install/rclc/include/rclc
-- Up-to-date: /home/rassito/microros_ws/install/rclc/include/rclc/executor_handle.h
-- Up-to-date: /home/rassito/microros_ws/install/rclc/include/rclc/action_goal_handle.h
-- Up-to-date: /home/rassito/microros_ws/install/rclc/include/rclc/subscription.h
-- Up-to-date: /home/rassito/microros_ws/install/rclc/include/rclc/publisher.h
-- Up-to-date: /home/rassito/microros_ws/install/rclc/include/rclc/timer.h
-- Up-to-date: /home/rassito/microros_ws/install/rclc/include/rclc/client.h
-- Up-to-date: /home/rassito/microros_ws/install/rclc/include/rclc/service.h
-- Up-to-date: /home/rassito/microros_ws/install/rclc/include/rclc/visibility_control.h
-- Up-to-date: /home/rassito/microros_ws/install/rclc/include/rclc/types.h
-- Up-to-date: /home/rassito/microros_ws/install/rclc/include/rclc/executor.h
-- Up-to-date: /home/rassito/microros_ws/install/rclc/include/rclc/init.h
-- Up-to-date: /home/rassito/microros_ws/install/rclc/include/rclc/sleep.h
-- Up-to-date: /home/rassito/microros_ws/install/rclc/include/rclc/action_client.h
-- Up-to-date: /home/rassito/microros_ws/install/rclc/include/rclc/rclc.h
-- Up-to-date: /home/rassito/microros_ws/install/rclc/include/rclc/action_server.h
-- Up-to-date: /home/rassito/microros_ws/install/rclc/include/rclc/node.h
-- Up-to-date: /home/rassito/microros_ws/install/rclc/share/rclc/environment/library_path.sh
-- Up-to-date: /home/rassito/microros_ws/install/rclc/share/rclc/environment/library_path.dsv
-- Up-to-date: /home/rassito/microros_ws/install/rclc/share/ament_index/resource_index/package_run_dependencies/rclc
-- Installing: /home/rassito/microros_ws/install/rclc/share/ament_index/resource_index/parent_prefix_path/rclc
-- Up-to-date: /home/rassito/microros_ws/install/rclc/share/rclc/environment/ament_prefix_path.sh
-- Up-to-date: /home/rassito/microros_ws/install/rclc/share/rclc/environment/ament_prefix_path.dsv
-- Up-to-date: /home/rassito/microros_ws/install/rclc/share/rclc/environment/path.sh
-- Up-to-date: /home/rassito/microros_ws/install/rclc/share/rclc/environment/path.dsv
-- Up-to-date: /home/rassito/microros_ws/install/rclc/share/rclc/local_setup.bash
-- Up-to-date: /home/rassito/microros_ws/install/rclc/share/rclc/local_setup.sh
-- Up-to-date: /home/rassito/microros_ws/install/rclc/share/rclc/local_setup.zsh
-- Up-to-date: /home/rassito/microros_ws/install/rclc/share/rclc/local_setup.dsv
-- Installing: /home/rassito/microros_ws/install/rclc/share/rclc/package.dsv
-- Up-to-date: /home/rassito/microros_ws/install/rclc/share/ament_index/resource_index/packages/rclc
-- Up-to-date: /home/rassito/microros_ws/install/rclc/share/rclc/cmake/rclcExport.cmake
-- Up-to-date: /home/rassito/microros_ws/install/rclc/share/rclc/cmake/rclcExport-noconfig.cmake
-- Up-to-date: /home/rassito/microros_ws/install/rclc/share/rclc/cmake/ament_cmake_export_include_directories-extras.cmake
-- Up-to-date: /home/rassito/microros_ws/install/rclc/share/rclc/cmake/ament_cmake_export_libraries-extras.cmake
-- Up-to-date: /home/rassito/microros_ws/install/rclc/share/rclc/cmake/ament_cmake_export_targets-extras.cmake
-- Up-to-date: /home/rassito/microros_ws/install/rclc/share/rclc/cmake/ament_cmake_export_dependencies-extras.cmake
-- Up-to-date: /home/rassito/microros_ws/install/rclc/share/rclc/cmake/rclcConfig.cmake
-- Up-to-date: /home/rassito/microros_ws/install/rclc/share/rclc/cmake/rclcConfig-version.cmake
-- Up-to-date: /home/rassito/microros_ws/install/rclc/share/rclc/package.xml
