-- Found ament_cmake: 2.5.3 (/opt/ros/jazzy/share/ament_cmake/cmake)
-- Found Python3: /usr/bin/python3 (found version "3.12.3") found components: Interpreter 
-- Found builtin_interfaces: 2.0.2 (/home/rassito/microros_ws/install/builtin_interfaces/share/builtin_interfaces/cmake)
-- Found rosidl_generator_c: 4.6.5 (/opt/ros/jazzy/share/rosidl_generator_c/cmake)
-- Found rosidl_generator_cpp: 4.6.5 (/opt/ros/jazzy/share/rosidl_generator_cpp/cmake)
-- Using all available rosidl_typesupport_c: rosidl_typesupport_microxrcedds_c;rosidl_typesupport_fastrtps_c;rosidl_typesupport_introspection_c
-- Found rosidl_adapter: 4.6.5 (/opt/ros/jazzy/share/rosidl_adapter/cmake)
-- Using all available rosidl_typesupport_cpp: rosidl_typesupport_microxrcedds_cpp;rosidl_typesupport_fastrtps_cpp;rosidl_typesupport_introspection_cpp
-- Found geometry_msgs: 5.3.5 (/home/rassito/microros_ws/install/geometry_msgs/share/geometry_msgs/cmake)
-- Found rosidl_default_generators: 1.6.0 (/opt/ros/jazzy/share/rosidl_default_generators/cmake)
-- Found sensor_msgs: 5.3.5 (/home/rassito/microros_ws/install/sensor_msgs/share/sensor_msgs/cmake)
-- Found ament_cmake_ros: 0.12.0 (/opt/ros/jazzy/share/ament_cmake_ros/cmake)
-- Using all available rosidl_typesupport_c: rosidl_typesupport_microxrcedds_c;rosidl_typesupport_fastrtps_c;rosidl_typesupport_introspection_c
-- Using all available rosidl_typesupport_cpp: rosidl_typesupport_microxrcedds_cpp;rosidl_typesupport_fastrtps_cpp;rosidl_typesupport_introspection_cpp
-- Found python_cmake_module: 0.11.1 (/opt/ros/jazzy/share/python_cmake_module/cmake)
-- Found Python3: /usr/bin/python3 (found version "3.12.3") found components: Interpreter Development NumPy Development.Module Development.Embed 
-- Configuring done (1.8s)
-- Generating done (0.1s)
-- Build files have been written to: /home/rassito/microros_ws/build/visualization_msgs
[  1%] Built target visualization_msgs__rosidl_generator_type_description
[  1%] Built target ament_cmake_python_copy_visualization_msgs
[  1%] Built target visualization_msgs__cpp
[ 23%] Built target visualization_msgs__rosidl_generator_c
[ 31%] Built target visualization_msgs__rosidl_typesupport_microxrcedds_cpp
[ 39%] Built target visualization_msgs__rosidl_typesupport_microxrcedds_c
[ 47%] Built target visualization_msgs__rosidl_typesupport_introspection_c
[ 63%] Built target visualization_msgs__rosidl_typesupport_c
[ 63%] Built target visualization_msgs__rosidl_typesupport_cpp
[ 71%] Built target visualization_msgs__rosidl_typesupport_fastrtps_c
[ 79%] Built target visualization_msgs__rosidl_typesupport_fastrtps_cpp
[ 87%] Built target visualization_msgs__rosidl_typesupport_introspection_cpp
[ 87%] Built target visualization_msgs
[ 88%] Built target visualization_msgs__py
[ 95%] Built target visualization_msgs__rosidl_generator_py
[ 99%] Built target visualization_msgs_s__rosidl_typesupport_c
[ 99%] Built target visualization_msgs_s__rosidl_typesupport_introspection_c
[100%] Built target visualization_msgs_s__rosidl_typesupport_fastrtps_c
[100%] Built target visualization_msgs_s__rosidl_typesupport_microxrcedds_c
running egg_info
writing visualization_msgs.egg-info/PKG-INFO
writing dependency_links to visualization_msgs.egg-info/dependency_links.txt
writing top-level names to visualization_msgs.egg-info/top_level.txt
reading manifest file 'visualization_msgs.egg-info/SOURCES.txt'
writing manifest file 'visualization_msgs.egg-info/SOURCES.txt'
[100%] Built target ament_cmake_python_build_visualization_msgs_egg
-- Install configuration: ""
-- Up-to-date: /home/rassito/microros_ws/install/visualization_msgs/share/ament_index/resource_index/rosidl_interfaces/visualization_msgs
-- Up-to-date: /home/rassito/microros_ws/install/visualization_msgs/share/visualization_msgs/msg/ImageMarker.json
-- Up-to-date: /home/rassito/microros_ws/install/visualization_msgs/share/visualization_msgs/msg/InteractiveMarker.json
-- Up-to-date: /home/rassito/microros_ws/install/visualization_msgs/share/visualization_msgs/msg/InteractiveMarkerControl.json
-- Up-to-date: /home/rassito/microros_ws/install/visualization_msgs/share/visualization_msgs/msg/InteractiveMarkerFeedback.json
-- Up-to-date: /home/rassito/microros_ws/install/visualization_msgs/share/visualization_msgs/msg/InteractiveMarkerInit.json
-- Up-to-date: /home/rassito/microros_ws/install/visualization_msgs/share/visualization_msgs/msg/InteractiveMarkerPose.json
-- Up-to-date: /home/rassito/microros_ws/install/visualization_msgs/share/visualization_msgs/msg/InteractiveMarkerUpdate.json
-- Up-to-date: /home/rassito/microros_ws/install/visualization_msgs/share/visualization_msgs/msg/Marker.json
-- Up-to-date: /home/rassito/microros_ws/install/visualization_msgs/share/visualization_msgs/msg/MarkerArray.json
-- Up-to-date: /home/rassito/microros_ws/install/visualization_msgs/share/visualization_msgs/msg/MenuEntry.json
-- Up-to-date: /home/rassito/microros_ws/install/visualization_msgs/share/visualization_msgs/msg/MeshFile.json
-- Up-to-date: /home/rassito/microros_ws/install/visualization_msgs/share/visualization_msgs/msg/UVCoordinate.json
-- Up-to-date: /home/rassito/microros_ws/install/visualization_msgs/share/visualization_msgs/srv/GetInteractiveMarkers.json
-- Up-to-date: /home/rassito/microros_ws/install/visualization_msgs/include/visualization_msgs/visualization_msgs
-- Up-to-date: /home/rassito/microros_ws/install/visualization_msgs/include/visualization_msgs/visualization_msgs/srv
-- Up-to-date: /home/rassito/microros_ws/install/visualization_msgs/include/visualization_msgs/visualization_msgs/srv/get_interactive_markers.h
-- Up-to-date: /home/rassito/microros_ws/install/visualization_msgs/include/visualization_msgs/visualization_msgs/srv/detail
-- Up-to-date: /home/rassito/microros_ws/install/visualization_msgs/include/visualization_msgs/visualization_msgs/srv/detail/get_interactive_markers__description.c
-- Up-to-date: /home/rassito/microros_ws/install/visualization_msgs/include/visualization_msgs/visualization_msgs/srv/detail/get_interactive_markers__struct.h
-- Installing: /home/rassito/microros_ws/install/visualization_msgs/include/visualization_msgs/visualization_msgs/srv/detail/get_interactive_markers__type_support.c
-- Up-to-date: /home/rassito/microros_ws/install/visualization_msgs/include/visualization_msgs/visualization_msgs/srv/detail/get_interactive_markers__functions.c
-- Up-to-date: /home/rassito/microros_ws/install/visualization_msgs/include/visualization_msgs/visualization_msgs/srv/detail/get_interactive_markers__functions.h
-- Up-to-date: /home/rassito/microros_ws/install/visualization_msgs/include/visualization_msgs/visualization_msgs/srv/detail/get_interactive_markers__type_support.h
-- Up-to-date: /home/rassito/microros_ws/install/visualization_msgs/include/visualization_msgs/visualization_msgs/msg
-- Up-to-date: /home/rassito/microros_ws/install/visualization_msgs/include/visualization_msgs/visualization_msgs/msg/interactive_marker_pose.h
-- Up-to-date: /home/rassito/microros_ws/install/visualization_msgs/include/visualization_msgs/visualization_msgs/msg/uv_coordinate.h
-- Up-to-date: /home/rassito/microros_ws/install/visualization_msgs/include/visualization_msgs/visualization_msgs/msg/interactive_marker_update.h
-- Up-to-date: /home/rassito/microros_ws/install/visualization_msgs/include/visualization_msgs/visualization_msgs/msg/mesh_file.h
-- Up-to-date: /home/rassito/microros_ws/install/visualization_msgs/include/visualization_msgs/visualization_msgs/msg/interactive_marker_init.h
-- Up-to-date: /home/rassito/microros_ws/install/visualization_msgs/include/visualization_msgs/visualization_msgs/msg/marker.h
-- Up-to-date: /home/rassito/microros_ws/install/visualization_msgs/include/visualization_msgs/visualization_msgs/msg/interactive_marker_feedback.h
-- Up-to-date: /home/rassito/microros_ws/install/visualization_msgs/include/visualization_msgs/visualization_msgs/msg/interactive_marker_control.h
-- Up-to-date: /home/rassito/microros_ws/install/visualization_msgs/include/visualization_msgs/visualization_msgs/msg/image_marker.h
-- Up-to-date: /home/rassito/microros_ws/install/visualization_msgs/include/visualization_msgs/visualization_msgs/msg/marker_array.h
-- Up-to-date: /home/rassito/microros_ws/install/visualization_msgs/include/visualization_msgs/visualization_msgs/msg/menu_entry.h
-- Up-to-date: /home/rassito/microros_ws/install/visualization_msgs/include/visualization_msgs/visualization_msgs/msg/detail
-- Up-to-date: /home/rassito/microros_ws/install/visualization_msgs/include/visualization_msgs/visualization_msgs/msg/detail/marker_array__type_support.h
-- Up-to-date: /home/rassito/microros_ws/install/visualization_msgs/include/visualization_msgs/visualization_msgs/msg/detail/interactive_marker__functions.h
-- Up-to-date: /home/rassito/microros_ws/install/visualization_msgs/include/visualization_msgs/visualization_msgs/msg/detail/interactive_marker_feedback__functions.c
-- Up-to-date: /home/rassito/microros_ws/install/visualization_msgs/include/visualization_msgs/visualization_msgs/msg/detail/uv_coordinate__functions.c
-- Up-to-date: /home/rassito/microros_ws/install/visualization_msgs/include/visualization_msgs/visualization_msgs/msg/detail/menu_entry__struct.h
-- Up-to-date: /home/rassito/microros_ws/install/visualization_msgs/include/visualization_msgs/visualization_msgs/msg/detail/image_marker__functions.h
-- Up-to-date: /home/rassito/microros_ws/install/visualization_msgs/include/visualization_msgs/visualization_msgs/msg/detail/interactive_marker_control__description.c
-- Installing: /home/rassito/microros_ws/install/visualization_msgs/include/visualization_msgs/visualization_msgs/msg/detail/marker_array__type_support.c
-- Up-to-date: /home/rassito/microros_ws/install/visualization_msgs/include/visualization_msgs/visualization_msgs/msg/detail/interactive_marker__type_support.h
-- Up-to-date: /home/rassito/microros_ws/install/visualization_msgs/include/visualization_msgs/visualization_msgs/msg/detail/interactive_marker_feedback__functions.h
-- Up-to-date: /home/rassito/microros_ws/install/visualization_msgs/include/visualization_msgs/visualization_msgs/msg/detail/interactive_marker_update__description.c
-- Up-to-date: /home/rassito/microros_ws/install/visualization_msgs/include/visualization_msgs/visualization_msgs/msg/detail/mesh_file__description.c
-- Installing: /home/rassito/microros_ws/install/visualization_msgs/include/visualization_msgs/visualization_msgs/msg/detail/interactive_marker_control__type_support.c
-- Up-to-date: /home/rassito/microros_ws/install/visualization_msgs/include/visualization_msgs/visualization_msgs/msg/detail/marker__functions.h
-- Up-to-date: /home/rassito/microros_ws/install/visualization_msgs/include/visualization_msgs/visualization_msgs/msg/detail/interactive_marker_init__description.c
-- Up-to-date: /home/rassito/microros_ws/install/visualization_msgs/include/visualization_msgs/visualization_msgs/msg/detail/interactive_marker_control__functions.c
-- Up-to-date: /home/rassito/microros_ws/install/visualization_msgs/include/visualization_msgs/visualization_msgs/msg/detail/interactive_marker_feedback__description.c
-- Up-to-date: /home/rassito/microros_ws/install/visualization_msgs/include/visualization_msgs/visualization_msgs/msg/detail/interactive_marker_update__functions.c
-- Up-to-date: /home/rassito/microros_ws/install/visualization_msgs/include/visualization_msgs/visualization_msgs/msg/detail/interactive_marker_pose__functions.c
-- Installing: /home/rassito/microros_ws/install/visualization_msgs/include/visualization_msgs/visualization_msgs/msg/detail/uv_coordinate__type_support.c
-- Up-to-date: /home/rassito/microros_ws/install/visualization_msgs/include/visualization_msgs/visualization_msgs/msg/detail/interactive_marker_control__type_support.h
-- Installing: /home/rassito/microros_ws/install/visualization_msgs/include/visualization_msgs/visualization_msgs/msg/detail/marker__type_support.c
-- Up-to-date: /home/rassito/microros_ws/install/visualization_msgs/include/visualization_msgs/visualization_msgs/msg/detail/marker__type_support.h
-- Up-to-date: /home/rassito/microros_ws/install/visualization_msgs/include/visualization_msgs/visualization_msgs/msg/detail/marker_array__functions.c
-- Up-to-date: /home/rassito/microros_ws/install/visualization_msgs/include/visualization_msgs/visualization_msgs/msg/detail/uv_coordinate__type_support.h
-- Up-to-date: /home/rassito/microros_ws/install/visualization_msgs/include/visualization_msgs/visualization_msgs/msg/detail/marker_array__struct.h
-- Up-to-date: /home/rassito/microros_ws/install/visualization_msgs/include/visualization_msgs/visualization_msgs/msg/detail/interactive_marker_feedback__type_support.h
-- Up-to-date: /home/rassito/microros_ws/install/visualization_msgs/include/visualization_msgs/visualization_msgs/msg/detail/image_marker__functions.c
-- Up-to-date: /home/rassito/microros_ws/install/visualization_msgs/include/visualization_msgs/visualization_msgs/msg/detail/interactive_marker_control__struct.h
-- Up-to-date: /home/rassito/microros_ws/install/visualization_msgs/include/visualization_msgs/visualization_msgs/msg/detail/interactive_marker_init__struct.h
-- Installing: /home/rassito/microros_ws/install/visualization_msgs/include/visualization_msgs/visualization_msgs/msg/detail/menu_entry__type_support.c
-- Up-to-date: /home/rassito/microros_ws/install/visualization_msgs/include/visualization_msgs/visualization_msgs/msg/detail/interactive_marker__description.c
-- Up-to-date: /home/rassito/microros_ws/install/visualization_msgs/include/visualization_msgs/visualization_msgs/msg/detail/mesh_file__functions.h
-- Up-to-date: /home/rassito/microros_ws/install/visualization_msgs/include/visualization_msgs/visualization_msgs/msg/detail/interactive_marker_pose__functions.h
-- Up-to-date: /home/rassito/microros_ws/install/visualization_msgs/include/visualization_msgs/visualization_msgs/msg/detail/interactive_marker_control__functions.h
-- Up-to-date: /home/rassito/microros_ws/install/visualization_msgs/include/visualization_msgs/visualization_msgs/msg/detail/image_marker__struct.h
-- Up-to-date: /home/rassito/microros_ws/install/visualization_msgs/include/visualization_msgs/visualization_msgs/msg/detail/interactive_marker_feedback__struct.h
-- Installing: /home/rassito/microros_ws/install/visualization_msgs/include/visualization_msgs/visualization_msgs/msg/detail/interactive_marker_feedback__type_support.c
-- Up-to-date: /home/rassito/microros_ws/install/visualization_msgs/include/visualization_msgs/visualization_msgs/msg/detail/interactive_marker_pose__struct.h
-- Up-to-date: /home/rassito/microros_ws/install/visualization_msgs/include/visualization_msgs/visualization_msgs/msg/detail/uv_coordinate__struct.h
-- Up-to-date: /home/rassito/microros_ws/install/visualization_msgs/include/visualization_msgs/visualization_msgs/msg/detail/interactive_marker__struct.h
-- Installing: /home/rassito/microros_ws/install/visualization_msgs/include/visualization_msgs/visualization_msgs/msg/detail/interactive_marker_update__type_support.c
-- Up-to-date: /home/rassito/microros_ws/install/visualization_msgs/include/visualization_msgs/visualization_msgs/msg/detail/mesh_file__type_support.h
-- Up-to-date: /home/rassito/microros_ws/install/visualization_msgs/include/visualization_msgs/visualization_msgs/msg/detail/interactive_marker_init__functions.c
-- Up-to-date: /home/rassito/microros_ws/install/visualization_msgs/include/visualization_msgs/visualization_msgs/msg/detail/marker_array__description.c
-- Up-to-date: /home/rassito/microros_ws/install/visualization_msgs/include/visualization_msgs/visualization_msgs/msg/detail/mesh_file__functions.c
-- Up-to-date: /home/rassito/microros_ws/install/visualization_msgs/include/visualization_msgs/visualization_msgs/msg/detail/marker__struct.h
-- Up-to-date: /home/rassito/microros_ws/install/visualization_msgs/include/visualization_msgs/visualization_msgs/msg/detail/marker_array__functions.h
-- Up-to-date: /home/rassito/microros_ws/install/visualization_msgs/include/visualization_msgs/visualization_msgs/msg/detail/image_marker__type_support.h
-- Installing: /home/rassito/microros_ws/install/visualization_msgs/include/visualization_msgs/visualization_msgs/msg/detail/image_marker__type_support.c
-- Up-to-date: /home/rassito/microros_ws/install/visualization_msgs/include/visualization_msgs/visualization_msgs/msg/detail/interactive_marker_update__struct.h
-- Up-to-date: /home/rassito/microros_ws/install/visualization_msgs/include/visualization_msgs/visualization_msgs/msg/detail/marker__description.c
-- Installing: /home/rassito/microros_ws/install/visualization_msgs/include/visualization_msgs/visualization_msgs/msg/detail/interactive_marker_pose__type_support.c
-- Up-to-date: /home/rassito/microros_ws/install/visualization_msgs/include/visualization_msgs/visualization_msgs/msg/detail/interactive_marker__functions.c
-- Installing: /home/rassito/microros_ws/install/visualization_msgs/include/visualization_msgs/visualization_msgs/msg/detail/mesh_file__type_support.c
-- Up-to-date: /home/rassito/microros_ws/install/visualization_msgs/include/visualization_msgs/visualization_msgs/msg/detail/interactive_marker_pose__description.c
-- Up-to-date: /home/rassito/microros_ws/install/visualization_msgs/include/visualization_msgs/visualization_msgs/msg/detail/mesh_file__struct.h
-- Up-to-date: /home/rassito/microros_ws/install/visualization_msgs/include/visualization_msgs/visualization_msgs/msg/detail/uv_coordinate__functions.h
-- Up-to-date: /home/rassito/microros_ws/install/visualization_msgs/include/visualization_msgs/visualization_msgs/msg/detail/uv_coordinate__description.c
-- Up-to-date: /home/rassito/microros_ws/install/visualization_msgs/include/visualization_msgs/visualization_msgs/msg/detail/menu_entry__functions.c
-- Up-to-date: /home/rassito/microros_ws/install/visualization_msgs/include/visualization_msgs/visualization_msgs/msg/detail/interactive_marker_init__type_support.h
-- Up-to-date: /home/rassito/microros_ws/install/visualization_msgs/include/visualization_msgs/visualization_msgs/msg/detail/interactive_marker_update__type_support.h
-- Up-to-date: /home/rassito/microros_ws/install/visualization_msgs/include/visualization_msgs/visualization_msgs/msg/detail/menu_entry__functions.h
-- Up-to-date: /home/rassito/microros_ws/install/visualization_msgs/include/visualization_msgs/visualization_msgs/msg/detail/marker__functions.c
-- Up-to-date: /home/rassito/microros_ws/install/visualization_msgs/include/visualization_msgs/visualization_msgs/msg/detail/menu_entry__description.c
-- Up-to-date: /home/rassito/microros_ws/install/visualization_msgs/include/visualization_msgs/visualization_msgs/msg/detail/image_marker__description.c
-- Up-to-date: /home/rassito/microros_ws/install/visualization_msgs/include/visualization_msgs/visualization_msgs/msg/detail/interactive_marker_update__functions.h
-- Installing: /home/rassito/microros_ws/install/visualization_msgs/include/visualization_msgs/visualization_msgs/msg/detail/interactive_marker__type_support.c
-- Installing: /home/rassito/microros_ws/install/visualization_msgs/include/visualization_msgs/visualization_msgs/msg/detail/interactive_marker_init__type_support.c
-- Up-to-date: /home/rassito/microros_ws/install/visualization_msgs/include/visualization_msgs/visualization_msgs/msg/detail/interactive_marker_init__functions.h
-- Up-to-date: /home/rassito/microros_ws/install/visualization_msgs/include/visualization_msgs/visualization_msgs/msg/detail/menu_entry__type_support.h
-- Up-to-date: /home/rassito/microros_ws/install/visualization_msgs/include/visualization_msgs/visualization_msgs/msg/detail/interactive_marker_pose__type_support.h
-- Up-to-date: /home/rassito/microros_ws/install/visualization_msgs/include/visualization_msgs/visualization_msgs/msg/rosidl_generator_c__visibility_control.h
-- Up-to-date: /home/rassito/microros_ws/install/visualization_msgs/include/visualization_msgs/visualization_msgs/msg/interactive_marker.h
-- Up-to-date: /home/rassito/microros_ws/install/visualization_msgs/share/visualization_msgs/environment/library_path.sh
-- Up-to-date: /home/rassito/microros_ws/install/visualization_msgs/share/visualization_msgs/environment/library_path.dsv
-- Up-to-date: /home/rassito/microros_ws/install/visualization_msgs/lib/libvisualization_msgs__rosidl_generator_c.so
-- Up-to-date: /home/rassito/microros_ws/install/visualization_msgs/include/visualization_msgs/visualization_msgs
-- Up-to-date: /home/rassito/microros_ws/install/visualization_msgs/include/visualization_msgs/visualization_msgs/srv
-- Up-to-date: /home/rassito/microros_ws/install/visualization_msgs/include/visualization_msgs/visualization_msgs/srv/detail
-- Up-to-date: /home/rassito/microros_ws/install/visualization_msgs/include/visualization_msgs/visualization_msgs/srv/detail/get_interactive_markers__rosidl_typesupport_fastrtps_c.h
-- Up-to-date: /home/rassito/microros_ws/install/visualization_msgs/include/visualization_msgs/visualization_msgs/msg
-- Up-to-date: /home/rassito/microros_ws/install/visualization_msgs/include/visualization_msgs/visualization_msgs/msg/rosidl_typesupport_fastrtps_c__visibility_control.h
-- Up-to-date: /home/rassito/microros_ws/install/visualization_msgs/include/visualization_msgs/visualization_msgs/msg/detail
-- Up-to-date: /home/rassito/microros_ws/install/visualization_msgs/include/visualization_msgs/visualization_msgs/msg/detail/marker_array__rosidl_typesupport_fastrtps_c.h
-- Up-to-date: /home/rassito/microros_ws/install/visualization_msgs/include/visualization_msgs/visualization_msgs/msg/detail/interactive_marker_pose__rosidl_typesupport_fastrtps_c.h
-- Up-to-date: /home/rassito/microros_ws/install/visualization_msgs/include/visualization_msgs/visualization_msgs/msg/detail/interactive_marker_init__rosidl_typesupport_fastrtps_c.h
-- Up-to-date: /home/rassito/microros_ws/install/visualization_msgs/include/visualization_msgs/visualization_msgs/msg/detail/mesh_file__rosidl_typesupport_fastrtps_c.h
-- Up-to-date: /home/rassito/microros_ws/install/visualization_msgs/include/visualization_msgs/visualization_msgs/msg/detail/interactive_marker_control__rosidl_typesupport_fastrtps_c.h
-- Up-to-date: /home/rassito/microros_ws/install/visualization_msgs/include/visualization_msgs/visualization_msgs/msg/detail/interactive_marker_update__rosidl_typesupport_fastrtps_c.h
-- Up-to-date: /home/rassito/microros_ws/install/visualization_msgs/include/visualization_msgs/visualization_msgs/msg/detail/marker__rosidl_typesupport_fastrtps_c.h
-- Up-to-date: /home/rassito/microros_ws/install/visualization_msgs/include/visualization_msgs/visualization_msgs/msg/detail/image_marker__rosidl_typesupport_fastrtps_c.h
-- Up-to-date: /home/rassito/microros_ws/install/visualization_msgs/include/visualization_msgs/visualization_msgs/msg/detail/uv_coordinate__rosidl_typesupport_fastrtps_c.h
-- Up-to-date: /home/rassito/microros_ws/install/visualization_msgs/include/visualization_msgs/visualization_msgs/msg/detail/menu_entry__rosidl_typesupport_fastrtps_c.h
-- Up-to-date: /home/rassito/microros_ws/install/visualization_msgs/include/visualization_msgs/visualization_msgs/msg/detail/interactive_marker_feedback__rosidl_typesupport_fastrtps_c.h
-- Up-to-date: /home/rassito/microros_ws/install/visualization_msgs/include/visualization_msgs/visualization_msgs/msg/detail/interactive_marker__rosidl_typesupport_fastrtps_c.h
-- Up-to-date: /home/rassito/microros_ws/install/visualization_msgs/lib/libvisualization_msgs__rosidl_typesupport_fastrtps_c.so
-- Up-to-date: /home/rassito/microros_ws/install/visualization_msgs/include/visualization_msgs/visualization_msgs
-- Up-to-date: /home/rassito/microros_ws/install/visualization_msgs/include/visualization_msgs/visualization_msgs/srv
-- Up-to-date: /home/rassito/microros_ws/install/visualization_msgs/include/visualization_msgs/visualization_msgs/srv/get_interactive_markers.hpp
-- Up-to-date: /home/rassito/microros_ws/install/visualization_msgs/include/visualization_msgs/visualization_msgs/srv/detail
-- Up-to-date: /home/rassito/microros_ws/install/visualization_msgs/include/visualization_msgs/visualization_msgs/srv/detail/get_interactive_markers__traits.hpp
-- Up-to-date: /home/rassito/microros_ws/install/visualization_msgs/include/visualization_msgs/visualization_msgs/srv/detail/get_interactive_markers__struct.hpp
-- Up-to-date: /home/rassito/microros_ws/install/visualization_msgs/include/visualization_msgs/visualization_msgs/srv/detail/get_interactive_markers__builder.hpp
-- Up-to-date: /home/rassito/microros_ws/install/visualization_msgs/include/visualization_msgs/visualization_msgs/srv/detail/get_interactive_markers__type_support.hpp
-- Up-to-date: /home/rassito/microros_ws/install/visualization_msgs/include/visualization_msgs/visualization_msgs/msg
-- Up-to-date: /home/rassito/microros_ws/install/visualization_msgs/include/visualization_msgs/visualization_msgs/msg/menu_entry.hpp
-- Up-to-date: /home/rassito/microros_ws/install/visualization_msgs/include/visualization_msgs/visualization_msgs/msg/rosidl_generator_cpp__visibility_control.hpp
-- Up-to-date: /home/rassito/microros_ws/install/visualization_msgs/include/visualization_msgs/visualization_msgs/msg/marker.hpp
-- Up-to-date: /home/rassito/microros_ws/install/visualization_msgs/include/visualization_msgs/visualization_msgs/msg/interactive_marker_feedback.hpp
-- Up-to-date: /home/rassito/microros_ws/install/visualization_msgs/include/visualization_msgs/visualization_msgs/msg/image_marker.hpp
-- Up-to-date: /home/rassito/microros_ws/install/visualization_msgs/include/visualization_msgs/visualization_msgs/msg/interactive_marker_pose.hpp
-- Up-to-date: /home/rassito/microros_ws/install/visualization_msgs/include/visualization_msgs/visualization_msgs/msg/interactive_marker_update.hpp
-- Up-to-date: /home/rassito/microros_ws/install/visualization_msgs/include/visualization_msgs/visualization_msgs/msg/uv_coordinate.hpp
-- Up-to-date: /home/rassito/microros_ws/install/visualization_msgs/include/visualization_msgs/visualization_msgs/msg/interactive_marker_control.hpp
-- Up-to-date: /home/rassito/microros_ws/install/visualization_msgs/include/visualization_msgs/visualization_msgs/msg/interactive_marker_init.hpp
-- Up-to-date: /home/rassito/microros_ws/install/visualization_msgs/include/visualization_msgs/visualization_msgs/msg/marker_array.hpp
-- Up-to-date: /home/rassito/microros_ws/install/visualization_msgs/include/visualization_msgs/visualization_msgs/msg/interactive_marker.hpp
-- Up-to-date: /home/rassito/microros_ws/install/visualization_msgs/include/visualization_msgs/visualization_msgs/msg/mesh_file.hpp
-- Up-to-date: /home/rassito/microros_ws/install/visualization_msgs/include/visualization_msgs/visualization_msgs/msg/detail
-- Up-to-date: /home/rassito/microros_ws/install/visualization_msgs/include/visualization_msgs/visualization_msgs/msg/detail/menu_entry__traits.hpp
-- Up-to-date: /home/rassito/microros_ws/install/visualization_msgs/include/visualization_msgs/visualization_msgs/msg/detail/interactive_marker_control__builder.hpp
-- Up-to-date: /home/rassito/microros_ws/install/visualization_msgs/include/visualization_msgs/visualization_msgs/msg/detail/image_marker__struct.hpp
-- Up-to-date: /home/rassito/microros_ws/install/visualization_msgs/include/visualization_msgs/visualization_msgs/msg/detail/mesh_file__traits.hpp
-- Up-to-date: /home/rassito/microros_ws/install/visualization_msgs/include/visualization_msgs/visualization_msgs/msg/detail/mesh_file__builder.hpp
-- Up-to-date: /home/rassito/microros_ws/install/visualization_msgs/include/visualization_msgs/visualization_msgs/msg/detail/marker_array__traits.hpp
-- Up-to-date: /home/rassito/microros_ws/install/visualization_msgs/include/visualization_msgs/visualization_msgs/msg/detail/interactive_marker_feedback__struct.hpp
-- Up-to-date: /home/rassito/microros_ws/install/visualization_msgs/include/visualization_msgs/visualization_msgs/msg/detail/mesh_file__struct.hpp
-- Up-to-date: /home/rassito/microros_ws/install/visualization_msgs/include/visualization_msgs/visualization_msgs/msg/detail/interactive_marker_init__traits.hpp
-- Up-to-date: /home/rassito/microros_ws/install/visualization_msgs/include/visualization_msgs/visualization_msgs/msg/detail/interactive_marker_init__type_support.hpp
-- Up-to-date: /home/rassito/microros_ws/install/visualization_msgs/include/visualization_msgs/visualization_msgs/msg/detail/interactive_marker__type_support.hpp
-- Up-to-date: /home/rassito/microros_ws/install/visualization_msgs/include/visualization_msgs/visualization_msgs/msg/detail/interactive_marker__builder.hpp
-- Up-to-date: /home/rassito/microros_ws/install/visualization_msgs/include/visualization_msgs/visualization_msgs/msg/detail/interactive_marker_pose__struct.hpp
-- Up-to-date: /home/rassito/microros_ws/install/visualization_msgs/include/visualization_msgs/visualization_msgs/msg/detail/interactive_marker_update__type_support.hpp
-- Up-to-date: /home/rassito/microros_ws/install/visualization_msgs/include/visualization_msgs/visualization_msgs/msg/detail/uv_coordinate__builder.hpp
-- Up-to-date: /home/rassito/microros_ws/install/visualization_msgs/include/visualization_msgs/visualization_msgs/msg/detail/uv_coordinate__struct.hpp
-- Up-to-date: /home/rassito/microros_ws/install/visualization_msgs/include/visualization_msgs/visualization_msgs/msg/detail/interactive_marker_feedback__traits.hpp
-- Up-to-date: /home/rassito/microros_ws/install/visualization_msgs/include/visualization_msgs/visualization_msgs/msg/detail/interactive_marker_feedback__type_support.hpp
-- Up-to-date: /home/rassito/microros_ws/install/visualization_msgs/include/visualization_msgs/visualization_msgs/msg/detail/image_marker__builder.hpp
-- Up-to-date: /home/rassito/microros_ws/install/visualization_msgs/include/visualization_msgs/visualization_msgs/msg/detail/interactive_marker_update__builder.hpp
-- Up-to-date: /home/rassito/microros_ws/install/visualization_msgs/include/visualization_msgs/visualization_msgs/msg/detail/marker_array__struct.hpp
-- Up-to-date: /home/rassito/microros_ws/install/visualization_msgs/include/visualization_msgs/visualization_msgs/msg/detail/marker__struct.hpp
-- Up-to-date: /home/rassito/microros_ws/install/visualization_msgs/include/visualization_msgs/visualization_msgs/msg/detail/marker__traits.hpp
-- Up-to-date: /home/rassito/microros_ws/install/visualization_msgs/include/visualization_msgs/visualization_msgs/msg/detail/interactive_marker_update__traits.hpp
-- Up-to-date: /home/rassito/microros_ws/install/visualization_msgs/include/visualization_msgs/visualization_msgs/msg/detail/marker__type_support.hpp
-- Up-to-date: /home/rassito/microros_ws/install/visualization_msgs/include/visualization_msgs/visualization_msgs/msg/detail/interactive_marker_control__traits.hpp
-- Up-to-date: /home/rassito/microros_ws/install/visualization_msgs/include/visualization_msgs/visualization_msgs/msg/detail/interactive_marker_control__type_support.hpp
-- Up-to-date: /home/rassito/microros_ws/install/visualization_msgs/include/visualization_msgs/visualization_msgs/msg/detail/mesh_file__type_support.hpp
-- Up-to-date: /home/rassito/microros_ws/install/visualization_msgs/include/visualization_msgs/visualization_msgs/msg/detail/marker_array__type_support.hpp
-- Up-to-date: /home/rassito/microros_ws/install/visualization_msgs/include/visualization_msgs/visualization_msgs/msg/detail/interactive_marker__traits.hpp
-- Up-to-date: /home/rassito/microros_ws/install/visualization_msgs/include/visualization_msgs/visualization_msgs/msg/detail/interactive_marker_pose__type_support.hpp
-- Up-to-date: /home/rassito/microros_ws/install/visualization_msgs/include/visualization_msgs/visualization_msgs/msg/detail/interactive_marker_control__struct.hpp
-- Up-to-date: /home/rassito/microros_ws/install/visualization_msgs/include/visualization_msgs/visualization_msgs/msg/detail/interactive_marker_init__struct.hpp
-- Up-to-date: /home/rassito/microros_ws/install/visualization_msgs/include/visualization_msgs/visualization_msgs/msg/detail/interactive_marker_update__struct.hpp
-- Up-to-date: /home/rassito/microros_ws/install/visualization_msgs/include/visualization_msgs/visualization_msgs/msg/detail/uv_coordinate__traits.hpp
-- Up-to-date: /home/rassito/microros_ws/install/visualization_msgs/include/visualization_msgs/visualization_msgs/msg/detail/menu_entry__builder.hpp
-- Up-to-date: /home/rassito/microros_ws/install/visualization_msgs/include/visualization_msgs/visualization_msgs/msg/detail/interactive_marker__struct.hpp
-- Up-to-date: /home/rassito/microros_ws/install/visualization_msgs/include/visualization_msgs/visualization_msgs/msg/detail/menu_entry__type_support.hpp
-- Up-to-date: /home/rassito/microros_ws/install/visualization_msgs/include/visualization_msgs/visualization_msgs/msg/detail/interactive_marker_pose__traits.hpp
-- Up-to-date: /home/rassito/microros_ws/install/visualization_msgs/include/visualization_msgs/visualization_msgs/msg/detail/image_marker__traits.hpp
-- Up-to-date: /home/rassito/microros_ws/install/visualization_msgs/include/visualization_msgs/visualization_msgs/msg/detail/marker_array__builder.hpp
-- Up-to-date: /home/rassito/microros_ws/install/visualization_msgs/include/visualization_msgs/visualization_msgs/msg/detail/interactive_marker_feedback__builder.hpp
-- Up-to-date: /home/rassito/microros_ws/install/visualization_msgs/include/visualization_msgs/visualization_msgs/msg/detail/image_marker__type_support.hpp
-- Up-to-date: /home/rassito/microros_ws/install/visualization_msgs/include/visualization_msgs/visualization_msgs/msg/detail/uv_coordinate__type_support.hpp
-- Up-to-date: /home/rassito/microros_ws/install/visualization_msgs/include/visualization_msgs/visualization_msgs/msg/detail/interactive_marker_pose__builder.hpp
-- Up-to-date: /home/rassito/microros_ws/install/visualization_msgs/include/visualization_msgs/visualization_msgs/msg/detail/interactive_marker_init__builder.hpp
-- Up-to-date: /home/rassito/microros_ws/install/visualization_msgs/include/visualization_msgs/visualization_msgs/msg/detail/marker__builder.hpp
-- Up-to-date: /home/rassito/microros_ws/install/visualization_msgs/include/visualization_msgs/visualization_msgs/msg/detail/menu_entry__struct.hpp
-- Up-to-date: /home/rassito/microros_ws/install/visualization_msgs/include/visualization_msgs/visualization_msgs
-- Up-to-date: /home/rassito/microros_ws/install/visualization_msgs/include/visualization_msgs/visualization_msgs/srv
-- Up-to-date: /home/rassito/microros_ws/install/visualization_msgs/include/visualization_msgs/visualization_msgs/srv/detail
-- Up-to-date: /home/rassito/microros_ws/install/visualization_msgs/include/visualization_msgs/visualization_msgs/srv/detail/get_interactive_markers__rosidl_typesupport_fastrtps_cpp.hpp
-- Up-to-date: /home/rassito/microros_ws/install/visualization_msgs/include/visualization_msgs/visualization_msgs/srv/detail/dds_fastrtps
-- Up-to-date: /home/rassito/microros_ws/install/visualization_msgs/include/visualization_msgs/visualization_msgs/msg
-- Up-to-date: /home/rassito/microros_ws/install/visualization_msgs/include/visualization_msgs/visualization_msgs/msg/rosidl_typesupport_fastrtps_cpp__visibility_control.h
-- Up-to-date: /home/rassito/microros_ws/install/visualization_msgs/include/visualization_msgs/visualization_msgs/msg/detail
-- Up-to-date: /home/rassito/microros_ws/install/visualization_msgs/include/visualization_msgs/visualization_msgs/msg/detail/uv_coordinate__rosidl_typesupport_fastrtps_cpp.hpp
-- Up-to-date: /home/rassito/microros_ws/install/visualization_msgs/include/visualization_msgs/visualization_msgs/msg/detail/interactive_marker__rosidl_typesupport_fastrtps_cpp.hpp
-- Up-to-date: /home/rassito/microros_ws/install/visualization_msgs/include/visualization_msgs/visualization_msgs/msg/detail/marker_array__rosidl_typesupport_fastrtps_cpp.hpp
-- Up-to-date: /home/rassito/microros_ws/install/visualization_msgs/include/visualization_msgs/visualization_msgs/msg/detail/marker__rosidl_typesupport_fastrtps_cpp.hpp
-- Up-to-date: /home/rassito/microros_ws/install/visualization_msgs/include/visualization_msgs/visualization_msgs/msg/detail/menu_entry__rosidl_typesupport_fastrtps_cpp.hpp
-- Up-to-date: /home/rassito/microros_ws/install/visualization_msgs/include/visualization_msgs/visualization_msgs/msg/detail/interactive_marker_feedback__rosidl_typesupport_fastrtps_cpp.hpp
-- Up-to-date: /home/rassito/microros_ws/install/visualization_msgs/include/visualization_msgs/visualization_msgs/msg/detail/interactive_marker_pose__rosidl_typesupport_fastrtps_cpp.hpp
-- Up-to-date: /home/rassito/microros_ws/install/visualization_msgs/include/visualization_msgs/visualization_msgs/msg/detail/interactive_marker_init__rosidl_typesupport_fastrtps_cpp.hpp
-- Up-to-date: /home/rassito/microros_ws/install/visualization_msgs/include/visualization_msgs/visualization_msgs/msg/detail/image_marker__rosidl_typesupport_fastrtps_cpp.hpp
-- Up-to-date: /home/rassito/microros_ws/install/visualization_msgs/include/visualization_msgs/visualization_msgs/msg/detail/mesh_file__rosidl_typesupport_fastrtps_cpp.hpp
-- Up-to-date: /home/rassito/microros_ws/install/visualization_msgs/include/visualization_msgs/visualization_msgs/msg/detail/interactive_marker_update__rosidl_typesupport_fastrtps_cpp.hpp
-- Up-to-date: /home/rassito/microros_ws/install/visualization_msgs/include/visualization_msgs/visualization_msgs/msg/detail/interactive_marker_control__rosidl_typesupport_fastrtps_cpp.hpp
-- Up-to-date: /home/rassito/microros_ws/install/visualization_msgs/include/visualization_msgs/visualization_msgs/msg/detail/dds_fastrtps
-- Up-to-date: /home/rassito/microros_ws/install/visualization_msgs/lib/libvisualization_msgs__rosidl_typesupport_fastrtps_cpp.so
-- Up-to-date: /home/rassito/microros_ws/install/visualization_msgs/include/visualization_msgs
-- Up-to-date: /home/rassito/microros_ws/install/visualization_msgs/include/visualization_msgs/srv
-- Up-to-date: /home/rassito/microros_ws/install/visualization_msgs/include/visualization_msgs/srv/detail
-- Up-to-date: /home/rassito/microros_ws/install/visualization_msgs/include/visualization_msgs/srv/detail/microxrcedds
-- Up-to-date: /home/rassito/microros_ws/install/visualization_msgs/include/visualization_msgs/srv/detail/get_interactive_markers__rosidl_typesupport_microxrcedds_c.h
-- Up-to-date: /home/rassito/microros_ws/install/visualization_msgs/include/visualization_msgs/msg
-- Up-to-date: /home/rassito/microros_ws/install/visualization_msgs/include/visualization_msgs/msg/detail
-- Up-to-date: /home/rassito/microros_ws/install/visualization_msgs/include/visualization_msgs/msg/detail/microxrcedds
-- Up-to-date: /home/rassito/microros_ws/install/visualization_msgs/include/visualization_msgs/msg/detail/interactive_marker_control__rosidl_typesupport_microxrcedds_c.h
-- Up-to-date: /home/rassito/microros_ws/install/visualization_msgs/include/visualization_msgs/msg/detail/mesh_file__rosidl_typesupport_microxrcedds_c.h
-- Up-to-date: /home/rassito/microros_ws/install/visualization_msgs/include/visualization_msgs/msg/detail/menu_entry__rosidl_typesupport_microxrcedds_c.h
-- Up-to-date: /home/rassito/microros_ws/install/visualization_msgs/include/visualization_msgs/msg/detail/interactive_marker__rosidl_typesupport_microxrcedds_c.h
-- Up-to-date: /home/rassito/microros_ws/install/visualization_msgs/include/visualization_msgs/msg/detail/interactive_marker_update__rosidl_typesupport_microxrcedds_c.h
-- Up-to-date: /home/rassito/microros_ws/install/visualization_msgs/include/visualization_msgs/msg/detail/marker__rosidl_typesupport_microxrcedds_c.h
-- Up-to-date: /home/rassito/microros_ws/install/visualization_msgs/include/visualization_msgs/msg/detail/uv_coordinate__rosidl_typesupport_microxrcedds_c.h
-- Up-to-date: /home/rassito/microros_ws/install/visualization_msgs/include/visualization_msgs/msg/detail/marker_array__rosidl_typesupport_microxrcedds_c.h
-- Up-to-date: /home/rassito/microros_ws/install/visualization_msgs/include/visualization_msgs/msg/detail/interactive_marker_feedback__rosidl_typesupport_microxrcedds_c.h
-- Up-to-date: /home/rassito/microros_ws/install/visualization_msgs/include/visualization_msgs/msg/detail/interactive_marker_init__rosidl_typesupport_microxrcedds_c.h
-- Up-to-date: /home/rassito/microros_ws/install/visualization_msgs/include/visualization_msgs/msg/detail/interactive_marker_pose__rosidl_typesupport_microxrcedds_c.h
-- Up-to-date: /home/rassito/microros_ws/install/visualization_msgs/include/visualization_msgs/msg/detail/image_marker__rosidl_typesupport_microxrcedds_c.h
-- Up-to-date: /home/rassito/microros_ws/install/visualization_msgs/include/visualization_msgs/msg/rosidl_typesupport_microxrcedds_c__visibility_control.h
-- Up-to-date: /home/rassito/microros_ws/install/visualization_msgs/lib/libvisualization_msgs__rosidl_typesupport_microxrcedds_c.so
-- Up-to-date: /home/rassito/microros_ws/install/visualization_msgs/include/visualization_msgs/visualization_msgs
-- Up-to-date: /home/rassito/microros_ws/install/visualization_msgs/include/visualization_msgs/visualization_msgs/srv
-- Up-to-date: /home/rassito/microros_ws/install/visualization_msgs/include/visualization_msgs/visualization_msgs/srv/detail
-- Up-to-date: /home/rassito/microros_ws/install/visualization_msgs/include/visualization_msgs/visualization_msgs/srv/detail/get_interactive_markers__rosidl_typesupport_introspection_c.h
-- Installing: /home/rassito/microros_ws/install/visualization_msgs/include/visualization_msgs/visualization_msgs/srv/detail/get_interactive_markers__type_support.c
-- Up-to-date: /home/rassito/microros_ws/install/visualization_msgs/include/visualization_msgs/visualization_msgs/msg
-- Up-to-date: /home/rassito/microros_ws/install/visualization_msgs/include/visualization_msgs/visualization_msgs/msg/rosidl_typesupport_introspection_c__visibility_control.h
-- Up-to-date: /home/rassito/microros_ws/install/visualization_msgs/include/visualization_msgs/visualization_msgs/msg/detail
-- Up-to-date: /home/rassito/microros_ws/install/visualization_msgs/include/visualization_msgs/visualization_msgs/msg/detail/menu_entry__rosidl_typesupport_introspection_c.h
-- Up-to-date: /home/rassito/microros_ws/install/visualization_msgs/include/visualization_msgs/visualization_msgs/msg/detail/uv_coordinate__rosidl_typesupport_introspection_c.h
-- Installing: /home/rassito/microros_ws/install/visualization_msgs/include/visualization_msgs/visualization_msgs/msg/detail/marker_array__type_support.c
-- Installing: /home/rassito/microros_ws/install/visualization_msgs/include/visualization_msgs/visualization_msgs/msg/detail/interactive_marker_control__type_support.c
-- Up-to-date: /home/rassito/microros_ws/install/visualization_msgs/include/visualization_msgs/visualization_msgs/msg/detail/interactive_marker_feedback__rosidl_typesupport_introspection_c.h
-- Up-to-date: /home/rassito/microros_ws/install/visualization_msgs/include/visualization_msgs/visualization_msgs/msg/detail/interactive_marker_init__rosidl_typesupport_introspection_c.h
-- Up-to-date: /home/rassito/microros_ws/install/visualization_msgs/include/visualization_msgs/visualization_msgs/msg/detail/marker_array__rosidl_typesupport_introspection_c.h
-- Installing: /home/rassito/microros_ws/install/visualization_msgs/include/visualization_msgs/visualization_msgs/msg/detail/uv_coordinate__type_support.c
-- Up-to-date: /home/rassito/microros_ws/install/visualization_msgs/include/visualization_msgs/visualization_msgs/msg/detail/interactive_marker_control__rosidl_typesupport_introspection_c.h
-- Installing: /home/rassito/microros_ws/install/visualization_msgs/include/visualization_msgs/visualization_msgs/msg/detail/marker__type_support.c
-- Up-to-date: /home/rassito/microros_ws/install/visualization_msgs/include/visualization_msgs/visualization_msgs/msg/detail/interactive_marker_update__rosidl_typesupport_introspection_c.h
-- Installing: /home/rassito/microros_ws/install/visualization_msgs/include/visualization_msgs/visualization_msgs/msg/detail/menu_entry__type_support.c
-- Up-to-date: /home/rassito/microros_ws/install/visualization_msgs/include/visualization_msgs/visualization_msgs/msg/detail/mesh_file__rosidl_typesupport_introspection_c.h
-- Installing: /home/rassito/microros_ws/install/visualization_msgs/include/visualization_msgs/visualization_msgs/msg/detail/interactive_marker_feedback__type_support.c
-- Installing: /home/rassito/microros_ws/install/visualization_msgs/include/visualization_msgs/visualization_msgs/msg/detail/interactive_marker_update__type_support.c
-- Up-to-date: /home/rassito/microros_ws/install/visualization_msgs/include/visualization_msgs/visualization_msgs/msg/detail/interactive_marker_pose__rosidl_typesupport_introspection_c.h
-- Installing: /home/rassito/microros_ws/install/visualization_msgs/include/visualization_msgs/visualization_msgs/msg/detail/image_marker__type_support.c
-- Installing: /home/rassito/microros_ws/install/visualization_msgs/include/visualization_msgs/visualization_msgs/msg/detail/interactive_marker_pose__type_support.c
-- Installing: /home/rassito/microros_ws/install/visualization_msgs/include/visualization_msgs/visualization_msgs/msg/detail/mesh_file__type_support.c
-- Up-to-date: /home/rassito/microros_ws/install/visualization_msgs/include/visualization_msgs/visualization_msgs/msg/detail/marker__rosidl_typesupport_introspection_c.h
-- Up-to-date: /home/rassito/microros_ws/install/visualization_msgs/include/visualization_msgs/visualization_msgs/msg/detail/interactive_marker__rosidl_typesupport_introspection_c.h
-- Up-to-date: /home/rassito/microros_ws/install/visualization_msgs/include/visualization_msgs/visualization_msgs/msg/detail/image_marker__rosidl_typesupport_introspection_c.h
-- Installing: /home/rassito/microros_ws/install/visualization_msgs/include/visualization_msgs/visualization_msgs/msg/detail/interactive_marker__type_support.c
-- Installing: /home/rassito/microros_ws/install/visualization_msgs/include/visualization_msgs/visualization_msgs/msg/detail/interactive_marker_init__type_support.c
-- Up-to-date: /home/rassito/microros_ws/install/visualization_msgs/lib/libvisualization_msgs__rosidl_typesupport_introspection_c.so
-- Up-to-date: /home/rassito/microros_ws/install/visualization_msgs/lib/libvisualization_msgs__rosidl_typesupport_c.so
-- Up-to-date: /home/rassito/microros_ws/install/visualization_msgs/include/visualization_msgs
-- Up-to-date: /home/rassito/microros_ws/install/visualization_msgs/include/visualization_msgs/srv
-- Up-to-date: /home/rassito/microros_ws/install/visualization_msgs/include/visualization_msgs/srv/detail
-- Up-to-date: /home/rassito/microros_ws/install/visualization_msgs/include/visualization_msgs/srv/detail/microxrcedds
-- Up-to-date: /home/rassito/microros_ws/install/visualization_msgs/include/visualization_msgs/srv/detail/microxrcedds/get_interactive_markers__type_support_cpp.cpp
-- Up-to-date: /home/rassito/microros_ws/install/visualization_msgs/include/visualization_msgs/srv/detail/get_interactive_markers__rosidl_typesupport_microxrcedds_cpp.hpp
-- Up-to-date: /home/rassito/microros_ws/install/visualization_msgs/include/visualization_msgs/msg
-- Up-to-date: /home/rassito/microros_ws/install/visualization_msgs/include/visualization_msgs/msg/rosidl_typesupport_microxrcedds_cpp__visibility_control.h
-- Up-to-date: /home/rassito/microros_ws/install/visualization_msgs/include/visualization_msgs/msg/detail
-- Up-to-date: /home/rassito/microros_ws/install/visualization_msgs/include/visualization_msgs/msg/detail/mesh_file__rosidl_typesupport_microxrcedds_cpp.hpp
-- Up-to-date: /home/rassito/microros_ws/install/visualization_msgs/include/visualization_msgs/msg/detail/microxrcedds
-- Up-to-date: /home/rassito/microros_ws/install/visualization_msgs/include/visualization_msgs/msg/detail/microxrcedds/uv_coordinate__type_support_cpp.cpp
-- Up-to-date: /home/rassito/microros_ws/install/visualization_msgs/include/visualization_msgs/msg/detail/microxrcedds/image_marker__type_support_cpp.cpp
-- Up-to-date: /home/rassito/microros_ws/install/visualization_msgs/include/visualization_msgs/msg/detail/microxrcedds/interactive_marker_init__type_support_cpp.cpp
-- Up-to-date: /home/rassito/microros_ws/install/visualization_msgs/include/visualization_msgs/msg/detail/microxrcedds/menu_entry__type_support_cpp.cpp
-- Up-to-date: /home/rassito/microros_ws/install/visualization_msgs/include/visualization_msgs/msg/detail/microxrcedds/interactive_marker_control__type_support_cpp.cpp
-- Up-to-date: /home/rassito/microros_ws/install/visualization_msgs/include/visualization_msgs/msg/detail/microxrcedds/interactive_marker_feedback__type_support_cpp.cpp
-- Up-to-date: /home/rassito/microros_ws/install/visualization_msgs/include/visualization_msgs/msg/detail/microxrcedds/marker__type_support_cpp.cpp
-- Up-to-date: /home/rassito/microros_ws/install/visualization_msgs/include/visualization_msgs/msg/detail/microxrcedds/interactive_marker_pose__type_support_cpp.cpp
-- Up-to-date: /home/rassito/microros_ws/install/visualization_msgs/include/visualization_msgs/msg/detail/microxrcedds/mesh_file__type_support_cpp.cpp
-- Up-to-date: /home/rassito/microros_ws/install/visualization_msgs/include/visualization_msgs/msg/detail/microxrcedds/interactive_marker_update__type_support_cpp.cpp
-- Up-to-date: /home/rassito/microros_ws/install/visualization_msgs/include/visualization_msgs/msg/detail/microxrcedds/marker_array__type_support_cpp.cpp
-- Up-to-date: /home/rassito/microros_ws/install/visualization_msgs/include/visualization_msgs/msg/detail/microxrcedds/interactive_marker__type_support_cpp.cpp
-- Up-to-date: /home/rassito/microros_ws/install/visualization_msgs/include/visualization_msgs/msg/detail/interactive_marker_feedback__rosidl_typesupport_microxrcedds_cpp.hpp
-- Up-to-date: /home/rassito/microros_ws/install/visualization_msgs/include/visualization_msgs/msg/detail/interactive_marker__rosidl_typesupport_microxrcedds_cpp.hpp
-- Up-to-date: /home/rassito/microros_ws/install/visualization_msgs/include/visualization_msgs/msg/detail/marker__rosidl_typesupport_microxrcedds_cpp.hpp
-- Up-to-date: /home/rassito/microros_ws/install/visualization_msgs/include/visualization_msgs/msg/detail/uv_coordinate__rosidl_typesupport_microxrcedds_cpp.hpp
-- Up-to-date: /home/rassito/microros_ws/install/visualization_msgs/include/visualization_msgs/msg/detail/menu_entry__rosidl_typesupport_microxrcedds_cpp.hpp
-- Up-to-date: /home/rassito/microros_ws/install/visualization_msgs/include/visualization_msgs/msg/detail/image_marker__rosidl_typesupport_microxrcedds_cpp.hpp
-- Up-to-date: /home/rassito/microros_ws/install/visualization_msgs/include/visualization_msgs/msg/detail/marker_array__rosidl_typesupport_microxrcedds_cpp.hpp
-- Up-to-date: /home/rassito/microros_ws/install/visualization_msgs/include/visualization_msgs/msg/detail/interactive_marker_pose__rosidl_typesupport_microxrcedds_cpp.hpp
-- Up-to-date: /home/rassito/microros_ws/install/visualization_msgs/include/visualization_msgs/msg/detail/interactive_marker_init__rosidl_typesupport_microxrcedds_cpp.hpp
-- Up-to-date: /home/rassito/microros_ws/install/visualization_msgs/include/visualization_msgs/msg/detail/interactive_marker_update__rosidl_typesupport_microxrcedds_cpp.hpp
-- Up-to-date: /home/rassito/microros_ws/install/visualization_msgs/include/visualization_msgs/msg/detail/interactive_marker_control__rosidl_typesupport_microxrcedds_cpp.hpp
-- Up-to-date: /home/rassito/microros_ws/install/visualization_msgs/lib/libvisualization_msgs__rosidl_typesupport_microxrcedds_cpp.so
-- Up-to-date: /home/rassito/microros_ws/install/visualization_msgs/include/visualization_msgs/visualization_msgs
-- Up-to-date: /home/rassito/microros_ws/install/visualization_msgs/include/visualization_msgs/visualization_msgs/srv
-- Up-to-date: /home/rassito/microros_ws/install/visualization_msgs/include/visualization_msgs/visualization_msgs/srv/detail
-- Up-to-date: /home/rassito/microros_ws/install/visualization_msgs/include/visualization_msgs/visualization_msgs/srv/detail/get_interactive_markers__rosidl_typesupport_introspection_cpp.hpp
-- Up-to-date: /home/rassito/microros_ws/install/visualization_msgs/include/visualization_msgs/visualization_msgs/srv/detail/get_interactive_markers__type_support.cpp
-- Up-to-date: /home/rassito/microros_ws/install/visualization_msgs/include/visualization_msgs/visualization_msgs/msg
-- Up-to-date: /home/rassito/microros_ws/install/visualization_msgs/include/visualization_msgs/visualization_msgs/msg/detail
-- Up-to-date: /home/rassito/microros_ws/install/visualization_msgs/include/visualization_msgs/visualization_msgs/msg/detail/interactive_marker_update__rosidl_typesupport_introspection_cpp.hpp
-- Up-to-date: /home/rassito/microros_ws/install/visualization_msgs/include/visualization_msgs/visualization_msgs/msg/detail/marker__rosidl_typesupport_introspection_cpp.hpp
-- Up-to-date: /home/rassito/microros_ws/install/visualization_msgs/include/visualization_msgs/visualization_msgs/msg/detail/menu_entry__type_support.cpp
-- Up-to-date: /home/rassito/microros_ws/install/visualization_msgs/include/visualization_msgs/visualization_msgs/msg/detail/interactive_marker_init__rosidl_typesupport_introspection_cpp.hpp
-- Up-to-date: /home/rassito/microros_ws/install/visualization_msgs/include/visualization_msgs/visualization_msgs/msg/detail/mesh_file__rosidl_typesupport_introspection_cpp.hpp
-- Up-to-date: /home/rassito/microros_ws/install/visualization_msgs/include/visualization_msgs/visualization_msgs/msg/detail/marker__type_support.cpp
-- Up-to-date: /home/rassito/microros_ws/install/visualization_msgs/include/visualization_msgs/visualization_msgs/msg/detail/marker_array__rosidl_typesupport_introspection_cpp.hpp
-- Up-to-date: /home/rassito/microros_ws/install/visualization_msgs/include/visualization_msgs/visualization_msgs/msg/detail/interactive_marker_feedback__type_support.cpp
-- Up-to-date: /home/rassito/microros_ws/install/visualization_msgs/include/visualization_msgs/visualization_msgs/msg/detail/interactive_marker_control__type_support.cpp
-- Up-to-date: /home/rassito/microros_ws/install/visualization_msgs/include/visualization_msgs/visualization_msgs/msg/detail/interactive_marker_pose__rosidl_typesupport_introspection_cpp.hpp
-- Up-to-date: /home/rassito/microros_ws/install/visualization_msgs/include/visualization_msgs/visualization_msgs/msg/detail/uv_coordinate__type_support.cpp
-- Up-to-date: /home/rassito/microros_ws/install/visualization_msgs/include/visualization_msgs/visualization_msgs/msg/detail/menu_entry__rosidl_typesupport_introspection_cpp.hpp
-- Up-to-date: /home/rassito/microros_ws/install/visualization_msgs/include/visualization_msgs/visualization_msgs/msg/detail/image_marker__rosidl_typesupport_introspection_cpp.hpp
-- Up-to-date: /home/rassito/microros_ws/install/visualization_msgs/include/visualization_msgs/visualization_msgs/msg/detail/image_marker__type_support.cpp
-- Up-to-date: /home/rassito/microros_ws/install/visualization_msgs/include/visualization_msgs/visualization_msgs/msg/detail/marker_array__type_support.cpp
-- Up-to-date: /home/rassito/microros_ws/install/visualization_msgs/include/visualization_msgs/visualization_msgs/msg/detail/interactive_marker_init__type_support.cpp
-- Up-to-date: /home/rassito/microros_ws/install/visualization_msgs/include/visualization_msgs/visualization_msgs/msg/detail/interactive_marker_update__type_support.cpp
-- Up-to-date: /home/rassito/microros_ws/install/visualization_msgs/include/visualization_msgs/visualization_msgs/msg/detail/uv_coordinate__rosidl_typesupport_introspection_cpp.hpp
-- Up-to-date: /home/rassito/microros_ws/install/visualization_msgs/include/visualization_msgs/visualization_msgs/msg/detail/interactive_marker_pose__type_support.cpp
-- Up-to-date: /home/rassito/microros_ws/install/visualization_msgs/include/visualization_msgs/visualization_msgs/msg/detail/interactive_marker_control__rosidl_typesupport_introspection_cpp.hpp
-- Up-to-date: /home/rassito/microros_ws/install/visualization_msgs/include/visualization_msgs/visualization_msgs/msg/detail/interactive_marker__type_support.cpp
-- Up-to-date: /home/rassito/microros_ws/install/visualization_msgs/include/visualization_msgs/visualization_msgs/msg/detail/mesh_file__type_support.cpp
-- Up-to-date: /home/rassito/microros_ws/install/visualization_msgs/include/visualization_msgs/visualization_msgs/msg/detail/interactive_marker__rosidl_typesupport_introspection_cpp.hpp
-- Up-to-date: /home/rassito/microros_ws/install/visualization_msgs/include/visualization_msgs/visualization_msgs/msg/detail/interactive_marker_feedback__rosidl_typesupport_introspection_cpp.hpp
-- Up-to-date: /home/rassito/microros_ws/install/visualization_msgs/lib/libvisualization_msgs__rosidl_typesupport_introspection_cpp.so
-- Up-to-date: /home/rassito/microros_ws/install/visualization_msgs/lib/libvisualization_msgs__rosidl_typesupport_cpp.so
-- Up-to-date: /home/rassito/microros_ws/install/visualization_msgs/share/visualization_msgs/environment/pythonpath.sh
-- Up-to-date: /home/rassito/microros_ws/install/visualization_msgs/share/visualization_msgs/environment/pythonpath.dsv
-- Up-to-date: /home/rassito/microros_ws/install/visualization_msgs/lib/python3.12/site-packages/visualization_msgs-5.3.5-py3.12.egg-info
-- Installing: /home/rassito/microros_ws/install/visualization_msgs/lib/python3.12/site-packages/visualization_msgs-5.3.5-py3.12.egg-info/top_level.txt
-- Installing: /home/rassito/microros_ws/install/visualization_msgs/lib/python3.12/site-packages/visualization_msgs-5.3.5-py3.12.egg-info/PKG-INFO
-- Installing: /home/rassito/microros_ws/install/visualization_msgs/lib/python3.12/site-packages/visualization_msgs-5.3.5-py3.12.egg-info/dependency_links.txt
-- Installing: /home/rassito/microros_ws/install/visualization_msgs/lib/python3.12/site-packages/visualization_msgs-5.3.5-py3.12.egg-info/SOURCES.txt
-- Up-to-date: /home/rassito/microros_ws/install/visualization_msgs/lib/python3.12/site-packages/visualization_msgs
-- Up-to-date: /home/rassito/microros_ws/install/visualization_msgs/lib/python3.12/site-packages/visualization_msgs/_visualization_msgs_s.ep.rosidl_typesupport_microxrcedds_c.c
-- Up-to-date: /home/rassito/microros_ws/install/visualization_msgs/lib/python3.12/site-packages/visualization_msgs/_visualization_msgs_s.ep.rosidl_typesupport_c.c
-- Up-to-date: /home/rassito/microros_ws/install/visualization_msgs/lib/python3.12/site-packages/visualization_msgs/srv
-- Up-to-date: /home/rassito/microros_ws/install/visualization_msgs/lib/python3.12/site-packages/visualization_msgs/srv/_get_interactive_markers.py
-- Up-to-date: /home/rassito/microros_ws/install/visualization_msgs/lib/python3.12/site-packages/visualization_msgs/srv/_get_interactive_markers_s.c
-- Up-to-date: /home/rassito/microros_ws/install/visualization_msgs/lib/python3.12/site-packages/visualization_msgs/srv/__init__.py
-- Up-to-date: /home/rassito/microros_ws/install/visualization_msgs/lib/python3.12/site-packages/visualization_msgs/visualization_msgs_s__rosidl_typesupport_fastrtps_c.so
-- Up-to-date: /home/rassito/microros_ws/install/visualization_msgs/lib/python3.12/site-packages/visualization_msgs/_visualization_msgs_s.ep.rosidl_typesupport_fastrtps_c.c
-- Up-to-date: /home/rassito/microros_ws/install/visualization_msgs/lib/python3.12/site-packages/visualization_msgs/visualization_msgs_s__rosidl_typesupport_microxrcedds_c.so
-- Up-to-date: /home/rassito/microros_ws/install/visualization_msgs/lib/python3.12/site-packages/visualization_msgs/visualization_msgs_s__rosidl_typesupport_c.so
-- Up-to-date: /home/rassito/microros_ws/install/visualization_msgs/lib/python3.12/site-packages/visualization_msgs/msg
-- Up-to-date: /home/rassito/microros_ws/install/visualization_msgs/lib/python3.12/site-packages/visualization_msgs/msg/_image_marker_s.c
-- Up-to-date: /home/rassito/microros_ws/install/visualization_msgs/lib/python3.12/site-packages/visualization_msgs/msg/_marker_s.c
-- Up-to-date: /home/rassito/microros_ws/install/visualization_msgs/lib/python3.12/site-packages/visualization_msgs/msg/_uv_coordinate.py
-- Up-to-date: /home/rassito/microros_ws/install/visualization_msgs/lib/python3.12/site-packages/visualization_msgs/msg/_mesh_file.py
-- Up-to-date: /home/rassito/microros_ws/install/visualization_msgs/lib/python3.12/site-packages/visualization_msgs/msg/_marker_array_s.c
-- Up-to-date: /home/rassito/microros_ws/install/visualization_msgs/lib/python3.12/site-packages/visualization_msgs/msg/_uv_coordinate_s.c
-- Up-to-date: /home/rassito/microros_ws/install/visualization_msgs/lib/python3.12/site-packages/visualization_msgs/msg/_mesh_file_s.c
-- Up-to-date: /home/rassito/microros_ws/install/visualization_msgs/lib/python3.12/site-packages/visualization_msgs/msg/_interactive_marker_init_s.c
-- Up-to-date: /home/rassito/microros_ws/install/visualization_msgs/lib/python3.12/site-packages/visualization_msgs/msg/_interactive_marker_feedback_s.c
-- Up-to-date: /home/rassito/microros_ws/install/visualization_msgs/lib/python3.12/site-packages/visualization_msgs/msg/_interactive_marker_s.c
-- Up-to-date: /home/rassito/microros_ws/install/visualization_msgs/lib/python3.12/site-packages/visualization_msgs/msg/_interactive_marker_update.py
-- Up-to-date: /home/rassito/microros_ws/install/visualization_msgs/lib/python3.12/site-packages/visualization_msgs/msg/_menu_entry.py
-- Up-to-date: /home/rassito/microros_ws/install/visualization_msgs/lib/python3.12/site-packages/visualization_msgs/msg/_interactive_marker_init.py
-- Up-to-date: /home/rassito/microros_ws/install/visualization_msgs/lib/python3.12/site-packages/visualization_msgs/msg/_interactive_marker_pose.py
-- Up-to-date: /home/rassito/microros_ws/install/visualization_msgs/lib/python3.12/site-packages/visualization_msgs/msg/_interactive_marker.py
-- Up-to-date: /home/rassito/microros_ws/install/visualization_msgs/lib/python3.12/site-packages/visualization_msgs/msg/_interactive_marker_feedback.py
-- Up-to-date: /home/rassito/microros_ws/install/visualization_msgs/lib/python3.12/site-packages/visualization_msgs/msg/_menu_entry_s.c
-- Up-to-date: /home/rassito/microros_ws/install/visualization_msgs/lib/python3.12/site-packages/visualization_msgs/msg/_interactive_marker_control.py
-- Up-to-date: /home/rassito/microros_ws/install/visualization_msgs/lib/python3.12/site-packages/visualization_msgs/msg/_interactive_marker_control_s.c
-- Up-to-date: /home/rassito/microros_ws/install/visualization_msgs/lib/python3.12/site-packages/visualization_msgs/msg/_interactive_marker_pose_s.c
-- Up-to-date: /home/rassito/microros_ws/install/visualization_msgs/lib/python3.12/site-packages/visualization_msgs/msg/_marker_array.py
-- Up-to-date: /home/rassito/microros_ws/install/visualization_msgs/lib/python3.12/site-packages/visualization_msgs/msg/_image_marker.py
-- Up-to-date: /home/rassito/microros_ws/install/visualization_msgs/lib/python3.12/site-packages/visualization_msgs/msg/_marker.py
-- Up-to-date: /home/rassito/microros_ws/install/visualization_msgs/lib/python3.12/site-packages/visualization_msgs/msg/__init__.py
-- Up-to-date: /home/rassito/microros_ws/install/visualization_msgs/lib/python3.12/site-packages/visualization_msgs/msg/_interactive_marker_update_s.c
-- Up-to-date: /home/rassito/microros_ws/install/visualization_msgs/lib/python3.12/site-packages/visualization_msgs/visualization_msgs_s__rosidl_typesupport_introspection_c.so
-- Installing: /home/rassito/microros_ws/install/visualization_msgs/lib/python3.12/site-packages/visualization_msgs/__init__.py
-- Up-to-date: /home/rassito/microros_ws/install/visualization_msgs/lib/python3.12/site-packages/visualization_msgs/_visualization_msgs_s.ep.rosidl_typesupport_introspection_c.c
Listing '/home/rassito/microros_ws/install/visualization_msgs/lib/python3.12/site-packages/visualization_msgs'...
Compiling '/home/rassito/microros_ws/install/visualization_msgs/lib/python3.12/site-packages/visualization_msgs/__init__.py'...
Listing '/home/rassito/microros_ws/install/visualization_msgs/lib/python3.12/site-packages/visualization_msgs/msg'...
Listing '/home/rassito/microros_ws/install/visualization_msgs/lib/python3.12/site-packages/visualization_msgs/srv'...
-- Up-to-date: /home/rassito/microros_ws/install/visualization_msgs/lib/python3.12/site-packages/visualization_msgs/visualization_msgs_s__rosidl_typesupport_microxrcedds_c.so
-- Up-to-date: /home/rassito/microros_ws/install/visualization_msgs/lib/python3.12/site-packages/visualization_msgs/visualization_msgs_s__rosidl_typesupport_fastrtps_c.so
-- Up-to-date: /home/rassito/microros_ws/install/visualization_msgs/lib/python3.12/site-packages/visualization_msgs/visualization_msgs_s__rosidl_typesupport_introspection_c.so
-- Up-to-date: /home/rassito/microros_ws/install/visualization_msgs/lib/python3.12/site-packages/visualization_msgs/visualization_msgs_s__rosidl_typesupport_c.so
-- Up-to-date: /home/rassito/microros_ws/install/visualization_msgs/lib/libvisualization_msgs__rosidl_generator_py.so
-- Up-to-date: /home/rassito/microros_ws/install/visualization_msgs/share/visualization_msgs/msg/ImageMarker.idl
-- Up-to-date: /home/rassito/microros_ws/install/visualization_msgs/share/visualization_msgs/msg/InteractiveMarker.idl
-- Up-to-date: /home/rassito/microros_ws/install/visualization_msgs/share/visualization_msgs/msg/InteractiveMarkerControl.idl
-- Up-to-date: /home/rassito/microros_ws/install/visualization_msgs/share/visualization_msgs/msg/InteractiveMarkerFeedback.idl
-- Up-to-date: /home/rassito/microros_ws/install/visualization_msgs/share/visualization_msgs/msg/InteractiveMarkerInit.idl
-- Up-to-date: /home/rassito/microros_ws/install/visualization_msgs/share/visualization_msgs/msg/InteractiveMarkerPose.idl
-- Up-to-date: /home/rassito/microros_ws/install/visualization_msgs/share/visualization_msgs/msg/InteractiveMarkerUpdate.idl
-- Up-to-date: /home/rassito/microros_ws/install/visualization_msgs/share/visualization_msgs/msg/Marker.idl
-- Up-to-date: /home/rassito/microros_ws/install/visualization_msgs/share/visualization_msgs/msg/MarkerArray.idl
-- Up-to-date: /home/rassito/microros_ws/install/visualization_msgs/share/visualization_msgs/msg/MenuEntry.idl
-- Up-to-date: /home/rassito/microros_ws/install/visualization_msgs/share/visualization_msgs/msg/MeshFile.idl
-- Up-to-date: /home/rassito/microros_ws/install/visualization_msgs/share/visualization_msgs/msg/UVCoordinate.idl
-- Up-to-date: /home/rassito/microros_ws/install/visualization_msgs/share/visualization_msgs/srv/GetInteractiveMarkers.idl
-- Up-to-date: /home/rassito/microros_ws/install/visualization_msgs/share/visualization_msgs/msg/ImageMarker.msg
-- Up-to-date: /home/rassito/microros_ws/install/visualization_msgs/share/visualization_msgs/msg/InteractiveMarker.msg
-- Up-to-date: /home/rassito/microros_ws/install/visualization_msgs/share/visualization_msgs/msg/InteractiveMarkerControl.msg
-- Up-to-date: /home/rassito/microros_ws/install/visualization_msgs/share/visualization_msgs/msg/InteractiveMarkerFeedback.msg
-- Up-to-date: /home/rassito/microros_ws/install/visualization_msgs/share/visualization_msgs/msg/InteractiveMarkerInit.msg
-- Up-to-date: /home/rassito/microros_ws/install/visualization_msgs/share/visualization_msgs/msg/InteractiveMarkerPose.msg
-- Up-to-date: /home/rassito/microros_ws/install/visualization_msgs/share/visualization_msgs/msg/InteractiveMarkerUpdate.msg
-- Up-to-date: /home/rassito/microros_ws/install/visualization_msgs/share/visualization_msgs/msg/Marker.msg
-- Up-to-date: /home/rassito/microros_ws/install/visualization_msgs/share/visualization_msgs/msg/MarkerArray.msg
-- Up-to-date: /home/rassito/microros_ws/install/visualization_msgs/share/visualization_msgs/msg/MenuEntry.msg
-- Up-to-date: /home/rassito/microros_ws/install/visualization_msgs/share/visualization_msgs/msg/MeshFile.msg
-- Up-to-date: /home/rassito/microros_ws/install/visualization_msgs/share/visualization_msgs/msg/UVCoordinate.msg
-- Up-to-date: /home/rassito/microros_ws/install/visualization_msgs/share/visualization_msgs/srv/GetInteractiveMarkers.srv
-- Up-to-date: /home/rassito/microros_ws/install/visualization_msgs/share/ament_index/resource_index/package_run_dependencies/visualization_msgs
-- Up-to-date: /home/rassito/microros_ws/install/visualization_msgs/share/ament_index/resource_index/parent_prefix_path/visualization_msgs
-- Up-to-date: /home/rassito/microros_ws/install/visualization_msgs/share/visualization_msgs/environment/ament_prefix_path.sh
-- Up-to-date: /home/rassito/microros_ws/install/visualization_msgs/share/visualization_msgs/environment/ament_prefix_path.dsv
-- Up-to-date: /home/rassito/microros_ws/install/visualization_msgs/share/visualization_msgs/environment/path.sh
-- Up-to-date: /home/rassito/microros_ws/install/visualization_msgs/share/visualization_msgs/environment/path.dsv
-- Up-to-date: /home/rassito/microros_ws/install/visualization_msgs/share/visualization_msgs/local_setup.bash
-- Up-to-date: /home/rassito/microros_ws/install/visualization_msgs/share/visualization_msgs/local_setup.sh
-- Up-to-date: /home/rassito/microros_ws/install/visualization_msgs/share/visualization_msgs/local_setup.zsh
-- Up-to-date: /home/rassito/microros_ws/install/visualization_msgs/share/visualization_msgs/local_setup.dsv
-- Installing: /home/rassito/microros_ws/install/visualization_msgs/share/visualization_msgs/package.dsv
-- Up-to-date: /home/rassito/microros_ws/install/visualization_msgs/share/ament_index/resource_index/packages/visualization_msgs
-- Up-to-date: /home/rassito/microros_ws/install/visualization_msgs/share/visualization_msgs/cmake/export_visualization_msgs__rosidl_generator_cExport.cmake
-- Up-to-date: /home/rassito/microros_ws/install/visualization_msgs/share/visualization_msgs/cmake/export_visualization_msgs__rosidl_generator_cExport-noconfig.cmake
-- Up-to-date: /home/rassito/microros_ws/install/visualization_msgs/share/visualization_msgs/cmake/export_visualization_msgs__rosidl_typesupport_fastrtps_cExport.cmake
-- Up-to-date: /home/rassito/microros_ws/install/visualization_msgs/share/visualization_msgs/cmake/export_visualization_msgs__rosidl_typesupport_fastrtps_cExport-noconfig.cmake
-- Up-to-date: /home/rassito/microros_ws/install/visualization_msgs/share/visualization_msgs/cmake/export_visualization_msgs__rosidl_generator_cppExport.cmake
-- Up-to-date: /home/rassito/microros_ws/install/visualization_msgs/share/visualization_msgs/cmake/export_visualization_msgs__rosidl_typesupport_fastrtps_cppExport.cmake
-- Up-to-date: /home/rassito/microros_ws/install/visualization_msgs/share/visualization_msgs/cmake/export_visualization_msgs__rosidl_typesupport_fastrtps_cppExport-noconfig.cmake
-- Up-to-date: /home/rassito/microros_ws/install/visualization_msgs/share/visualization_msgs/cmake/visualization_msgs__rosidl_typesupport_introspection_cExport.cmake
-- Up-to-date: /home/rassito/microros_ws/install/visualization_msgs/share/visualization_msgs/cmake/visualization_msgs__rosidl_typesupport_introspection_cExport-noconfig.cmake
-- Up-to-date: /home/rassito/microros_ws/install/visualization_msgs/share/visualization_msgs/cmake/visualization_msgs__rosidl_typesupport_cExport.cmake
-- Up-to-date: /home/rassito/microros_ws/install/visualization_msgs/share/visualization_msgs/cmake/visualization_msgs__rosidl_typesupport_cExport-noconfig.cmake
-- Up-to-date: /home/rassito/microros_ws/install/visualization_msgs/share/visualization_msgs/cmake/visualization_msgs__rosidl_typesupport_introspection_cppExport.cmake
-- Up-to-date: /home/rassito/microros_ws/install/visualization_msgs/share/visualization_msgs/cmake/visualization_msgs__rosidl_typesupport_introspection_cppExport-noconfig.cmake
-- Up-to-date: /home/rassito/microros_ws/install/visualization_msgs/share/visualization_msgs/cmake/visualization_msgs__rosidl_typesupport_cppExport.cmake
-- Up-to-date: /home/rassito/microros_ws/install/visualization_msgs/share/visualization_msgs/cmake/visualization_msgs__rosidl_typesupport_cppExport-noconfig.cmake
-- Up-to-date: /home/rassito/microros_ws/install/visualization_msgs/share/visualization_msgs/cmake/export_visualization_msgs__rosidl_generator_pyExport.cmake
-- Up-to-date: /home/rassito/microros_ws/install/visualization_msgs/share/visualization_msgs/cmake/export_visualization_msgs__rosidl_generator_pyExport-noconfig.cmake
-- Up-to-date: /home/rassito/microros_ws/install/visualization_msgs/share/visualization_msgs/cmake/rosidl_cmake-extras.cmake
-- Up-to-date: /home/rassito/microros_ws/install/visualization_msgs/share/visualization_msgs/cmake/ament_cmake_export_dependencies-extras.cmake
-- Up-to-date: /home/rassito/microros_ws/install/visualization_msgs/share/visualization_msgs/cmake/ament_cmake_export_include_directories-extras.cmake
-- Up-to-date: /home/rassito/microros_ws/install/visualization_msgs/share/visualization_msgs/cmake/ament_cmake_export_libraries-extras.cmake
-- Up-to-date: /home/rassito/microros_ws/install/visualization_msgs/share/visualization_msgs/cmake/ament_cmake_export_targets-extras.cmake
-- Up-to-date: /home/rassito/microros_ws/install/visualization_msgs/share/visualization_msgs/cmake/rosidl_cmake_export_typesupport_targets-extras.cmake
-- Up-to-date: /home/rassito/microros_ws/install/visualization_msgs/share/visualization_msgs/cmake/rosidl_cmake_export_typesupport_libraries-extras.cmake
-- Up-to-date: /home/rassito/microros_ws/install/visualization_msgs/share/visualization_msgs/cmake/visualization_msgsConfig.cmake
-- Up-to-date: /home/rassito/microros_ws/install/visualization_msgs/share/visualization_msgs/cmake/visualization_msgsConfig-version.cmake
-- Up-to-date: /home/rassito/microros_ws/install/visualization_msgs/share/visualization_msgs/package.xml
