[0.043s] Invoking command in '/home/rassito/microros_ws/build/service_msgs': AMENT_PREFIX_PATH=/home/rassito/microros_ws/install/builtin_interfaces:${AMENT_PREFIX_PATH} CMAKE_PREFIX_PATH=/home/rassito/microros_ws/install/builtin_interfaces:/opt/ros/jazzy/opt/sdformat_vendor:/opt/ros/jazzy/opt/gz_math_vendor:/opt/ros/jazzy/opt/gz_utils_vendor:/opt/ros/jazzy/opt/gz_tools_vendor:/opt/ros/jazzy/opt/gz_cmake_vendor:/home/rassito/ros_ws/install/super_pkg:/opt/ros/jazzy DEBUGINFOD_URLS=https://debuginfod.ubuntu.com LD_LIBRARY_PATH=/home/rassito/microros_ws/install/builtin_interfaces/lib:${LD_LIBRARY_PATH} PYTHONPATH=/home/rassito/microros_ws/install/builtin_interfaces/lib/python3.12/site-packages:${PYTHONPATH} /usr/bin/cmake /home/rassito/microros_ws/src/ros2/rcl_interfaces/service_msgs -DCMAKE_INSTALL_PREFIX=/home/rassito/microros_ws/install/service_msgs
[0.057s] -- Found ament_cmake: 2.5.3 (/opt/ros/jazzy/share/ament_cmake/cmake)
[0.088s] -- Found Python3: /usr/bin/python3 (found version "3.12.3") found components: Interpreter 
[0.190s] -- Found builtin_interfaces: 2.0.2 (/home/rassito/microros_ws/install/builtin_interfaces/share/builtin_interfaces/cmake)
[0.223s] -- Found rosidl_generator_c: 4.6.5 (/opt/ros/jazzy/share/rosidl_generator_c/cmake)
[0.234s] -- Found rosidl_generator_cpp: 4.6.5 (/opt/ros/jazzy/share/rosidl_generator_cpp/cmake)
[0.252s] -- Using all available rosidl_typesupport_c: rosidl_typesupport_fastrtps_c;rosidl_typesupport_introspection_c
[0.271s] -- Using all available rosidl_typesupport_cpp: rosidl_typesupport_fastrtps_cpp;rosidl_typesupport_introspection_cpp
[0.290s] -- Found rosidl_core_generators: 0.2.0 (/opt/ros/jazzy/share/rosidl_core_generators/cmake)
[0.305s] -- Found rosidl_adapter: 4.6.5 (/opt/ros/jazzy/share/rosidl_adapter/cmake)
[0.723s] -- Found ament_cmake_ros: 0.12.0 (/opt/ros/jazzy/share/ament_cmake_ros/cmake)
[0.887s] -- Using all available rosidl_typesupport_c: rosidl_typesupport_fastrtps_c;rosidl_typesupport_introspection_c
[0.948s] -- Using all available rosidl_typesupport_cpp: rosidl_typesupport_fastrtps_cpp;rosidl_typesupport_introspection_cpp
[0.950s] -- Found python_cmake_module: 0.11.1 (/opt/ros/jazzy/share/python_cmake_module/cmake)
[1.222s] -- Found Python3: /usr/bin/python3 (found version "3.12.3") found components: Interpreter Development NumPy Development.Module Development.Embed 
[1.243s] -- Configuring done (1.2s)
[1.295s] -- Generating done (0.0s)
[1.303s] -- Build files have been written to: /home/rassito/microros_ws/build/service_msgs
[1.322s] Invoked command in '/home/rassito/microros_ws/build/service_msgs' returned '0': AMENT_PREFIX_PATH=/home/rassito/microros_ws/install/builtin_interfaces:${AMENT_PREFIX_PATH} CMAKE_PREFIX_PATH=/home/rassito/microros_ws/install/builtin_interfaces:/opt/ros/jazzy/opt/sdformat_vendor:/opt/ros/jazzy/opt/gz_math_vendor:/opt/ros/jazzy/opt/gz_utils_vendor:/opt/ros/jazzy/opt/gz_tools_vendor:/opt/ros/jazzy/opt/gz_cmake_vendor:/home/rassito/ros_ws/install/super_pkg:/opt/ros/jazzy DEBUGINFOD_URLS=https://debuginfod.ubuntu.com LD_LIBRARY_PATH=/home/rassito/microros_ws/install/builtin_interfaces/lib:${LD_LIBRARY_PATH} PYTHONPATH=/home/rassito/microros_ws/install/builtin_interfaces/lib/python3.12/site-packages:${PYTHONPATH} /usr/bin/cmake /home/rassito/microros_ws/src/ros2/rcl_interfaces/service_msgs -DCMAKE_INSTALL_PREFIX=/home/rassito/microros_ws/install/service_msgs
[1.323s] Invoking command in '/home/rassito/microros_ws/build/service_msgs': AMENT_PREFIX_PATH=/home/rassito/microros_ws/install/builtin_interfaces:${AMENT_PREFIX_PATH} CMAKE_PREFIX_PATH=/home/rassito/microros_ws/install/builtin_interfaces:/opt/ros/jazzy/opt/sdformat_vendor:/opt/ros/jazzy/opt/gz_math_vendor:/opt/ros/jazzy/opt/gz_utils_vendor:/opt/ros/jazzy/opt/gz_tools_vendor:/opt/ros/jazzy/opt/gz_cmake_vendor:/home/rassito/ros_ws/install/super_pkg:/opt/ros/jazzy DEBUGINFOD_URLS=https://debuginfod.ubuntu.com LD_LIBRARY_PATH=/home/rassito/microros_ws/install/builtin_interfaces/lib:${LD_LIBRARY_PATH} PYTHONPATH=/home/rassito/microros_ws/install/builtin_interfaces/lib/python3.12/site-packages:${PYTHONPATH} /usr/bin/cmake --build /home/rassito/microros_ws/build/service_msgs -- -j16 -l16
[1.361s] [  2%] Built target service_msgs__rosidl_generator_type_description
[1.378s] [  2%] Built target ament_cmake_python_copy_service_msgs
[1.380s] [  5%] Built target service_msgs__cpp
[1.380s] [ 20%] Built target service_msgs__rosidl_generator_c
[1.389s] [ 23%] [34m[1mGenerating C++ type support dispatch for ROS interfaces[0m
[1.394s] [ 26%] [34m[1mGenerating C type support dispatch for ROS interfaces[0m
[1.405s] [ 35%] Built target service_msgs__rosidl_typesupport_introspection_c
[1.416s] [ 44%] Built target service_msgs__rosidl_typesupport_introspection_cpp
[1.418s] [ 52%] Built target service_msgs__rosidl_typesupport_fastrtps_cpp
[1.424s] [ 61%] Built target service_msgs__rosidl_typesupport_fastrtps_c
[1.693s] running egg_info
[1.723s] writing service_msgs.egg-info/PKG-INFO
[1.723s] writing dependency_links to service_msgs.egg-info/dependency_links.txt
[1.723s] writing top-level names to service_msgs.egg-info/top_level.txt
[1.803s] reading manifest file 'service_msgs.egg-info/SOURCES.txt'
[1.807s] writing manifest file 'service_msgs.egg-info/SOURCES.txt'
[1.817s] [ 64%] [32mBuilding CXX object CMakeFiles/service_msgs__rosidl_typesupport_cpp.dir/rosidl_typesupport_cpp/service_msgs/msg/service_event_info__type_support.cpp.o[0m
[1.853s] [ 64%] Built target ament_cmake_python_build_service_msgs_egg
[1.854s] [ 67%] [32mBuilding CXX object CMakeFiles/service_msgs__rosidl_typesupport_c.dir/rosidl_typesupport_c/service_msgs/msg/service_event_info__type_support.cpp.o[0m
[1.958s] [ 70%] [32m[1mLinking CXX shared library libservice_msgs__rosidl_typesupport_c.so[0m
[2.112s] [ 70%] Built target service_msgs__rosidl_typesupport_c
[2.660s] [ 73%] [32m[1mLinking CXX shared library libservice_msgs__rosidl_typesupport_cpp.so[0m
[2.773s] [ 73%] Built target service_msgs__rosidl_typesupport_cpp
[2.833s] [ 73%] Built target service_msgs
[2.908s] [ 76%] Built target service_msgs__py
[2.962s] [ 79%] [32m[1mLinking C shared library libservice_msgs__rosidl_generator_py.so[0m
[3.086s] [ 82%] Built target service_msgs__rosidl_generator_py
[3.161s] [ 85%] [32mBuilding C object CMakeFiles/service_msgs_s__rosidl_typesupport_c.dir/rosidl_generator_py/service_msgs/_service_msgs_s.ep.rosidl_typesupport_c.c.o[0m
[3.177s] [ 88%] [32m[1mLinking C shared module rosidl_generator_py/service_msgs/service_msgs_s__rosidl_typesupport_introspection_c.so[0m
[3.177s] [ 91%] [32m[1mLinking C shared module rosidl_generator_py/service_msgs/service_msgs_s__rosidl_typesupport_fastrtps_c.so[0m
[3.254s] [ 94%] Built target service_msgs_s__rosidl_typesupport_fastrtps_c
[3.256s] [ 97%] Built target service_msgs_s__rosidl_typesupport_introspection_c
[3.466s] [100%] [32m[1mLinking C shared module rosidl_generator_py/service_msgs/service_msgs_s__rosidl_typesupport_c.so[0m
[3.538s] [100%] Built target service_msgs_s__rosidl_typesupport_c
[3.572s] Invoked command in '/home/rassito/microros_ws/build/service_msgs' returned '0': AMENT_PREFIX_PATH=/home/rassito/microros_ws/install/builtin_interfaces:${AMENT_PREFIX_PATH} CMAKE_PREFIX_PATH=/home/rassito/microros_ws/install/builtin_interfaces:/opt/ros/jazzy/opt/sdformat_vendor:/opt/ros/jazzy/opt/gz_math_vendor:/opt/ros/jazzy/opt/gz_utils_vendor:/opt/ros/jazzy/opt/gz_tools_vendor:/opt/ros/jazzy/opt/gz_cmake_vendor:/home/rassito/ros_ws/install/super_pkg:/opt/ros/jazzy DEBUGINFOD_URLS=https://debuginfod.ubuntu.com LD_LIBRARY_PATH=/home/rassito/microros_ws/install/builtin_interfaces/lib:${LD_LIBRARY_PATH} PYTHONPATH=/home/rassito/microros_ws/install/builtin_interfaces/lib/python3.12/site-packages:${PYTHONPATH} /usr/bin/cmake --build /home/rassito/microros_ws/build/service_msgs -- -j16 -l16
[3.573s] Invoking command in '/home/rassito/microros_ws/build/service_msgs': AMENT_PREFIX_PATH=/home/rassito/microros_ws/install/builtin_interfaces:${AMENT_PREFIX_PATH} CMAKE_PREFIX_PATH=/home/rassito/microros_ws/install/builtin_interfaces:/opt/ros/jazzy/opt/sdformat_vendor:/opt/ros/jazzy/opt/gz_math_vendor:/opt/ros/jazzy/opt/gz_utils_vendor:/opt/ros/jazzy/opt/gz_tools_vendor:/opt/ros/jazzy/opt/gz_cmake_vendor:/home/rassito/ros_ws/install/super_pkg:/opt/ros/jazzy DEBUGINFOD_URLS=https://debuginfod.ubuntu.com LD_LIBRARY_PATH=/home/rassito/microros_ws/install/builtin_interfaces/lib:${LD_LIBRARY_PATH} PYTHONPATH=/home/rassito/microros_ws/install/builtin_interfaces/lib/python3.12/site-packages:${PYTHONPATH} /usr/bin/cmake --install /home/rassito/microros_ws/build/service_msgs
[3.582s] -- Install configuration: ""
[3.583s] -- Up-to-date: /home/rassito/microros_ws/install/service_msgs/share/ament_index/resource_index/rosidl_interfaces/service_msgs
[3.583s] -- Up-to-date: /home/rassito/microros_ws/install/service_msgs/share/service_msgs/msg/ServiceEventInfo.json
[3.584s] -- Up-to-date: /home/rassito/microros_ws/install/service_msgs/include/service_msgs/service_msgs
[3.584s] -- Up-to-date: /home/rassito/microros_ws/install/service_msgs/include/service_msgs/service_msgs/msg
[3.584s] -- Up-to-date: /home/rassito/microros_ws/install/service_msgs/include/service_msgs/service_msgs/msg/service_event_info.h
[3.584s] -- Up-to-date: /home/rassito/microros_ws/install/service_msgs/include/service_msgs/service_msgs/msg/detail
[3.584s] -- Installing: /home/rassito/microros_ws/install/service_msgs/include/service_msgs/service_msgs/msg/detail/service_event_info__type_support.c
[3.587s] -- Up-to-date: /home/rassito/microros_ws/install/service_msgs/include/service_msgs/service_msgs/msg/detail/service_event_info__functions.c
[3.587s] -- Up-to-date: /home/rassito/microros_ws/install/service_msgs/include/service_msgs/service_msgs/msg/detail/service_event_info__struct.h
[3.587s] -- Up-to-date: /home/rassito/microros_ws/install/service_msgs/include/service_msgs/service_msgs/msg/detail/service_event_info__description.c
[3.587s] -- Up-to-date: /home/rassito/microros_ws/install/service_msgs/include/service_msgs/service_msgs/msg/detail/service_event_info__functions.h
[3.587s] -- Up-to-date: /home/rassito/microros_ws/install/service_msgs/include/service_msgs/service_msgs/msg/detail/service_event_info__type_support.h
[3.587s] -- Up-to-date: /home/rassito/microros_ws/install/service_msgs/include/service_msgs/service_msgs/msg/rosidl_generator_c__visibility_control.h
[3.588s] -- Up-to-date: /home/rassito/microros_ws/install/service_msgs/share/service_msgs/environment/library_path.sh
[3.588s] -- Up-to-date: /home/rassito/microros_ws/install/service_msgs/share/service_msgs/environment/library_path.dsv
[3.588s] -- Up-to-date: /home/rassito/microros_ws/install/service_msgs/lib/libservice_msgs__rosidl_generator_c.so
[3.588s] -- Up-to-date: /home/rassito/microros_ws/install/service_msgs/include/service_msgs/service_msgs
[3.588s] -- Up-to-date: /home/rassito/microros_ws/install/service_msgs/include/service_msgs/service_msgs/msg
[3.588s] -- Up-to-date: /home/rassito/microros_ws/install/service_msgs/include/service_msgs/service_msgs/msg/rosidl_typesupport_fastrtps_c__visibility_control.h
[3.588s] -- Up-to-date: /home/rassito/microros_ws/install/service_msgs/include/service_msgs/service_msgs/msg/detail
[3.588s] -- Up-to-date: /home/rassito/microros_ws/install/service_msgs/include/service_msgs/service_msgs/msg/detail/service_event_info__rosidl_typesupport_fastrtps_c.h
[3.590s] -- Up-to-date: /home/rassito/microros_ws/install/service_msgs/lib/libservice_msgs__rosidl_typesupport_fastrtps_c.so
[3.590s] -- Up-to-date: /home/rassito/microros_ws/install/service_msgs/include/service_msgs/service_msgs
[3.590s] -- Up-to-date: /home/rassito/microros_ws/install/service_msgs/include/service_msgs/service_msgs/msg
[3.590s] -- Up-to-date: /home/rassito/microros_ws/install/service_msgs/include/service_msgs/service_msgs/msg/rosidl_generator_cpp__visibility_control.hpp
[3.590s] -- Up-to-date: /home/rassito/microros_ws/install/service_msgs/include/service_msgs/service_msgs/msg/service_event_info.hpp
[3.590s] -- Up-to-date: /home/rassito/microros_ws/install/service_msgs/include/service_msgs/service_msgs/msg/detail
[3.590s] -- Up-to-date: /home/rassito/microros_ws/install/service_msgs/include/service_msgs/service_msgs/msg/detail/service_event_info__traits.hpp
[3.590s] -- Up-to-date: /home/rassito/microros_ws/install/service_msgs/include/service_msgs/service_msgs/msg/detail/service_event_info__type_support.hpp
[3.590s] -- Up-to-date: /home/rassito/microros_ws/install/service_msgs/include/service_msgs/service_msgs/msg/detail/service_event_info__builder.hpp
[3.594s] -- Up-to-date: /home/rassito/microros_ws/install/service_msgs/include/service_msgs/service_msgs/msg/detail/service_event_info__struct.hpp
[3.594s] -- Up-to-date: /home/rassito/microros_ws/install/service_msgs/include/service_msgs/service_msgs
[3.594s] -- Up-to-date: /home/rassito/microros_ws/install/service_msgs/include/service_msgs/service_msgs/msg
[3.594s] -- Up-to-date: /home/rassito/microros_ws/install/service_msgs/include/service_msgs/service_msgs/msg/rosidl_typesupport_fastrtps_cpp__visibility_control.h
[3.594s] -- Up-to-date: /home/rassito/microros_ws/install/service_msgs/include/service_msgs/service_msgs/msg/detail
[3.594s] -- Up-to-date: /home/rassito/microros_ws/install/service_msgs/include/service_msgs/service_msgs/msg/detail/service_event_info__rosidl_typesupport_fastrtps_cpp.hpp
[3.594s] -- Up-to-date: /home/rassito/microros_ws/install/service_msgs/include/service_msgs/service_msgs/msg/detail/dds_fastrtps
[3.595s] -- Up-to-date: /home/rassito/microros_ws/install/service_msgs/lib/libservice_msgs__rosidl_typesupport_fastrtps_cpp.so
[3.595s] -- Up-to-date: /home/rassito/microros_ws/install/service_msgs/include/service_msgs/service_msgs
[3.595s] -- Up-to-date: /home/rassito/microros_ws/install/service_msgs/include/service_msgs/service_msgs/msg
[3.595s] -- Up-to-date: /home/rassito/microros_ws/install/service_msgs/include/service_msgs/service_msgs/msg/rosidl_typesupport_introspection_c__visibility_control.h
[3.595s] -- Up-to-date: /home/rassito/microros_ws/install/service_msgs/include/service_msgs/service_msgs/msg/detail
[3.595s] -- Installing: /home/rassito/microros_ws/install/service_msgs/include/service_msgs/service_msgs/msg/detail/service_event_info__type_support.c
[3.595s] -- Up-to-date: /home/rassito/microros_ws/install/service_msgs/include/service_msgs/service_msgs/msg/detail/service_event_info__rosidl_typesupport_introspection_c.h
[3.595s] -- Up-to-date: /home/rassito/microros_ws/install/service_msgs/lib/libservice_msgs__rosidl_typesupport_introspection_c.so
[3.595s] -- Installing: /home/rassito/microros_ws/install/service_msgs/lib/libservice_msgs__rosidl_typesupport_c.so
[3.595s] -- Set non-toolchain portion of runtime path of "/home/rassito/microros_ws/install/service_msgs/lib/libservice_msgs__rosidl_typesupport_c.so" to ""
[3.596s] -- Up-to-date: /home/rassito/microros_ws/install/service_msgs/include/service_msgs/service_msgs
[3.596s] -- Up-to-date: /home/rassito/microros_ws/install/service_msgs/include/service_msgs/service_msgs/msg
[3.596s] -- Up-to-date: /home/rassito/microros_ws/install/service_msgs/include/service_msgs/service_msgs/msg/detail
[3.596s] -- Up-to-date: /home/rassito/microros_ws/install/service_msgs/include/service_msgs/service_msgs/msg/detail/service_event_info__rosidl_typesupport_introspection_cpp.hpp
[3.596s] -- Up-to-date: /home/rassito/microros_ws/install/service_msgs/include/service_msgs/service_msgs/msg/detail/service_event_info__type_support.cpp
[3.596s] -- Up-to-date: /home/rassito/microros_ws/install/service_msgs/lib/libservice_msgs__rosidl_typesupport_introspection_cpp.so
[3.600s] -- Installing: /home/rassito/microros_ws/install/service_msgs/lib/libservice_msgs__rosidl_typesupport_cpp.so
[3.600s] -- Set non-toolchain portion of runtime path of "/home/rassito/microros_ws/install/service_msgs/lib/libservice_msgs__rosidl_typesupport_cpp.so" to ""
[3.600s] -- Up-to-date: /home/rassito/microros_ws/install/service_msgs/share/service_msgs/environment/pythonpath.sh
[3.600s] -- Up-to-date: /home/rassito/microros_ws/install/service_msgs/share/service_msgs/environment/pythonpath.dsv
[3.602s] -- Up-to-date: /home/rassito/microros_ws/install/service_msgs/lib/python3.12/site-packages/service_msgs-2.0.2-py3.12.egg-info
[3.602s] -- Installing: /home/rassito/microros_ws/install/service_msgs/lib/python3.12/site-packages/service_msgs-2.0.2-py3.12.egg-info/top_level.txt
[3.602s] -- Installing: /home/rassito/microros_ws/install/service_msgs/lib/python3.12/site-packages/service_msgs-2.0.2-py3.12.egg-info/PKG-INFO
[3.602s] -- Installing: /home/rassito/microros_ws/install/service_msgs/lib/python3.12/site-packages/service_msgs-2.0.2-py3.12.egg-info/dependency_links.txt
[3.602s] -- Installing: /home/rassito/microros_ws/install/service_msgs/lib/python3.12/site-packages/service_msgs-2.0.2-py3.12.egg-info/SOURCES.txt
[3.602s] -- Up-to-date: /home/rassito/microros_ws/install/service_msgs/lib/python3.12/site-packages/service_msgs
[3.603s] -- Installing: /home/rassito/microros_ws/install/service_msgs/lib/python3.12/site-packages/service_msgs/service_msgs_s__rosidl_typesupport_c.so
[3.603s] -- Installing: /home/rassito/microros_ws/install/service_msgs/lib/python3.12/site-packages/service_msgs/service_msgs_s__rosidl_typesupport_introspection_c.so
[3.603s] -- Installing: /home/rassito/microros_ws/install/service_msgs/lib/python3.12/site-packages/service_msgs/_service_msgs_s.ep.rosidl_typesupport_c.c
[3.603s] -- Up-to-date: /home/rassito/microros_ws/install/service_msgs/lib/python3.12/site-packages/service_msgs/_service_msgs_s.ep.rosidl_typesupport_microxrcedds_c.c
[3.603s] -- Installing: /home/rassito/microros_ws/install/service_msgs/lib/python3.12/site-packages/service_msgs/service_msgs_s__rosidl_typesupport_fastrtps_c.so
[3.603s] -- Up-to-date: /home/rassito/microros_ws/install/service_msgs/lib/python3.12/site-packages/service_msgs/_service_msgs_s.ep.rosidl_typesupport_fastrtps_c.c
[3.603s] -- Up-to-date: /home/rassito/microros_ws/install/service_msgs/lib/python3.12/site-packages/service_msgs/msg
[3.603s] -- Up-to-date: /home/rassito/microros_ws/install/service_msgs/lib/python3.12/site-packages/service_msgs/msg/_service_event_info_s.c
[3.605s] -- Up-to-date: /home/rassito/microros_ws/install/service_msgs/lib/python3.12/site-packages/service_msgs/msg/_service_event_info.py
[3.605s] -- Up-to-date: /home/rassito/microros_ws/install/service_msgs/lib/python3.12/site-packages/service_msgs/msg/__init__.py
[3.605s] -- Up-to-date: /home/rassito/microros_ws/install/service_msgs/lib/python3.12/site-packages/service_msgs/_service_msgs_s.ep.rosidl_typesupport_introspection_c.c
[3.605s] -- Installing: /home/rassito/microros_ws/install/service_msgs/lib/python3.12/site-packages/service_msgs/__init__.py
[3.605s] -- Up-to-date: /home/rassito/microros_ws/install/service_msgs/lib/python3.12/site-packages/service_msgs/service_msgs_s__rosidl_typesupport_microxrcedds_c.so
[3.654s] Listing '/home/rassito/microros_ws/install/service_msgs/lib/python3.12/site-packages/service_msgs'...
[3.654s] Compiling '/home/rassito/microros_ws/install/service_msgs/lib/python3.12/site-packages/service_msgs/__init__.py'...
[3.654s] Listing '/home/rassito/microros_ws/install/service_msgs/lib/python3.12/site-packages/service_msgs/msg'...
[3.660s] -- Installing: /home/rassito/microros_ws/install/service_msgs/lib/python3.12/site-packages/service_msgs/service_msgs_s__rosidl_typesupport_fastrtps_c.so
[3.660s] -- Set non-toolchain portion of runtime path of "/home/rassito/microros_ws/install/service_msgs/lib/python3.12/site-packages/service_msgs/service_msgs_s__rosidl_typesupport_fastrtps_c.so" to ""
[3.661s] -- Installing: /home/rassito/microros_ws/install/service_msgs/lib/python3.12/site-packages/service_msgs/service_msgs_s__rosidl_typesupport_introspection_c.so
[3.664s] -- Set non-toolchain portion of runtime path of "/home/rassito/microros_ws/install/service_msgs/lib/python3.12/site-packages/service_msgs/service_msgs_s__rosidl_typesupport_introspection_c.so" to ""
[3.665s] -- Installing: /home/rassito/microros_ws/install/service_msgs/lib/python3.12/site-packages/service_msgs/service_msgs_s__rosidl_typesupport_c.so
[3.665s] -- Set non-toolchain portion of runtime path of "/home/rassito/microros_ws/install/service_msgs/lib/python3.12/site-packages/service_msgs/service_msgs_s__rosidl_typesupport_c.so" to ""
[3.667s] -- Installing: /home/rassito/microros_ws/install/service_msgs/lib/libservice_msgs__rosidl_generator_py.so
[3.667s] -- Set non-toolchain portion of runtime path of "/home/rassito/microros_ws/install/service_msgs/lib/libservice_msgs__rosidl_generator_py.so" to ""
[3.667s] -- Up-to-date: /home/rassito/microros_ws/install/service_msgs/share/service_msgs/msg/ServiceEventInfo.idl
[3.667s] -- Up-to-date: /home/rassito/microros_ws/install/service_msgs/share/service_msgs/msg/ServiceEventInfo.msg
[3.667s] -- Up-to-date: /home/rassito/microros_ws/install/service_msgs/share/ament_index/resource_index/package_run_dependencies/service_msgs
[3.667s] -- Installing: /home/rassito/microros_ws/install/service_msgs/share/ament_index/resource_index/parent_prefix_path/service_msgs
[3.667s] -- Up-to-date: /home/rassito/microros_ws/install/service_msgs/share/service_msgs/environment/ament_prefix_path.sh
[3.667s] -- Up-to-date: /home/rassito/microros_ws/install/service_msgs/share/service_msgs/environment/ament_prefix_path.dsv
[3.667s] -- Up-to-date: /home/rassito/microros_ws/install/service_msgs/share/service_msgs/environment/path.sh
[3.668s] -- Up-to-date: /home/rassito/microros_ws/install/service_msgs/share/service_msgs/environment/path.dsv
[3.668s] -- Up-to-date: /home/rassito/microros_ws/install/service_msgs/share/service_msgs/local_setup.bash
[3.668s] -- Up-to-date: /home/rassito/microros_ws/install/service_msgs/share/service_msgs/local_setup.sh
[3.668s] -- Up-to-date: /home/rassito/microros_ws/install/service_msgs/share/service_msgs/local_setup.zsh
[3.668s] -- Up-to-date: /home/rassito/microros_ws/install/service_msgs/share/service_msgs/local_setup.dsv
[3.668s] -- Installing: /home/rassito/microros_ws/install/service_msgs/share/service_msgs/package.dsv
[3.668s] -- Up-to-date: /home/rassito/microros_ws/install/service_msgs/share/ament_index/resource_index/packages/service_msgs
[3.668s] -- Up-to-date: /home/rassito/microros_ws/install/service_msgs/share/service_msgs/cmake/export_service_msgs__rosidl_generator_cExport.cmake
[3.668s] -- Up-to-date: /home/rassito/microros_ws/install/service_msgs/share/service_msgs/cmake/export_service_msgs__rosidl_generator_cExport-noconfig.cmake
[3.669s] -- Up-to-date: /home/rassito/microros_ws/install/service_msgs/share/service_msgs/cmake/export_service_msgs__rosidl_typesupport_fastrtps_cExport.cmake
[3.669s] -- Up-to-date: /home/rassito/microros_ws/install/service_msgs/share/service_msgs/cmake/export_service_msgs__rosidl_typesupport_fastrtps_cExport-noconfig.cmake
[3.669s] -- Up-to-date: /home/rassito/microros_ws/install/service_msgs/share/service_msgs/cmake/export_service_msgs__rosidl_generator_cppExport.cmake
[3.669s] -- Up-to-date: /home/rassito/microros_ws/install/service_msgs/share/service_msgs/cmake/export_service_msgs__rosidl_typesupport_fastrtps_cppExport.cmake
[3.669s] -- Up-to-date: /home/rassito/microros_ws/install/service_msgs/share/service_msgs/cmake/export_service_msgs__rosidl_typesupport_fastrtps_cppExport-noconfig.cmake
[3.670s] -- Up-to-date: /home/rassito/microros_ws/install/service_msgs/share/service_msgs/cmake/service_msgs__rosidl_typesupport_introspection_cExport.cmake
[3.670s] -- Up-to-date: /home/rassito/microros_ws/install/service_msgs/share/service_msgs/cmake/service_msgs__rosidl_typesupport_introspection_cExport-noconfig.cmake
[3.670s] -- Up-to-date: /home/rassito/microros_ws/install/service_msgs/share/service_msgs/cmake/service_msgs__rosidl_typesupport_cExport.cmake
[3.670s] -- Up-to-date: /home/rassito/microros_ws/install/service_msgs/share/service_msgs/cmake/service_msgs__rosidl_typesupport_cExport-noconfig.cmake
[3.670s] -- Up-to-date: /home/rassito/microros_ws/install/service_msgs/share/service_msgs/cmake/service_msgs__rosidl_typesupport_introspection_cppExport.cmake
[3.670s] -- Up-to-date: /home/rassito/microros_ws/install/service_msgs/share/service_msgs/cmake/service_msgs__rosidl_typesupport_introspection_cppExport-noconfig.cmake
[3.670s] -- Up-to-date: /home/rassito/microros_ws/install/service_msgs/share/service_msgs/cmake/service_msgs__rosidl_typesupport_cppExport.cmake
[3.670s] -- Up-to-date: /home/rassito/microros_ws/install/service_msgs/share/service_msgs/cmake/service_msgs__rosidl_typesupport_cppExport-noconfig.cmake
[3.670s] -- Up-to-date: /home/rassito/microros_ws/install/service_msgs/share/service_msgs/cmake/export_service_msgs__rosidl_generator_pyExport.cmake
[3.670s] -- Up-to-date: /home/rassito/microros_ws/install/service_msgs/share/service_msgs/cmake/export_service_msgs__rosidl_generator_pyExport-noconfig.cmake
[3.671s] -- Up-to-date: /home/rassito/microros_ws/install/service_msgs/share/service_msgs/cmake/rosidl_cmake-extras.cmake
[3.671s] -- Up-to-date: /home/rassito/microros_ws/install/service_msgs/share/service_msgs/cmake/ament_cmake_export_dependencies-extras.cmake
[3.671s] -- Installing: /home/rassito/microros_ws/install/service_msgs/share/service_msgs/cmake/ament_cmake_export_include_directories-extras.cmake
[3.671s] -- Up-to-date: /home/rassito/microros_ws/install/service_msgs/share/service_msgs/cmake/ament_cmake_export_libraries-extras.cmake
[3.671s] -- Up-to-date: /home/rassito/microros_ws/install/service_msgs/share/service_msgs/cmake/ament_cmake_export_targets-extras.cmake
[3.671s] -- Up-to-date: /home/rassito/microros_ws/install/service_msgs/share/service_msgs/cmake/rosidl_cmake_export_typesupport_targets-extras.cmake
[3.671s] -- Installing: /home/rassito/microros_ws/install/service_msgs/share/service_msgs/cmake/rosidl_cmake_export_typesupport_libraries-extras.cmake
[3.673s] -- Up-to-date: /home/rassito/microros_ws/install/service_msgs/share/service_msgs/cmake/service_msgsConfig.cmake
[3.673s] -- Up-to-date: /home/rassito/microros_ws/install/service_msgs/share/service_msgs/cmake/service_msgsConfig-version.cmake
[3.673s] -- Up-to-date: /home/rassito/microros_ws/install/service_msgs/share/service_msgs/package.xml
[3.675s] Invoked command in '/home/rassito/microros_ws/build/service_msgs' returned '0': AMENT_PREFIX_PATH=/home/rassito/microros_ws/install/builtin_interfaces:${AMENT_PREFIX_PATH} CMAKE_PREFIX_PATH=/home/rassito/microros_ws/install/builtin_interfaces:/opt/ros/jazzy/opt/sdformat_vendor:/opt/ros/jazzy/opt/gz_math_vendor:/opt/ros/jazzy/opt/gz_utils_vendor:/opt/ros/jazzy/opt/gz_tools_vendor:/opt/ros/jazzy/opt/gz_cmake_vendor:/home/rassito/ros_ws/install/super_pkg:/opt/ros/jazzy DEBUGINFOD_URLS=https://debuginfod.ubuntu.com LD_LIBRARY_PATH=/home/rassito/microros_ws/install/builtin_interfaces/lib:${LD_LIBRARY_PATH} PYTHONPATH=/home/rassito/microros_ws/install/builtin_interfaces/lib/python3.12/site-packages:${PYTHONPATH} /usr/bin/cmake --install /home/rassito/microros_ws/build/service_msgs
