[0.024s] Invoking command in '/home/rassito/microros_ws/build/lifecycle_msgs': CMAKE_PREFIX_PATH=${CMAKE_PREFIX_PATH}:/home/rassito/microros_ws/install/sensor_msgs_py:/home/rassito/ros_ws/install/super_pkg:/opt/ros/jazzy DEBUGINFOD_URLS=https://debuginfod.ubuntu.com /usr/bin/cmake /home/rassito/microros_ws/src/ros2/rcl_interfaces/lifecycle_msgs -DBUILD_TESTING=OFF -DBUILD_SHARED_LIBS=ON -DCMAKE_INSTALL_PREFIX=/home/rassito/microros_ws/install/lifecycle_msgs
[0.036s] -- Found ament_cmake: 2.5.3 (/opt/ros/jazzy/share/ament_cmake/cmake)
[0.062s] -- Found Python3: /usr/bin/python3 (found version "3.12.3") found components: Interpreter 
[0.168s] -- Found rosidl_default_generators: 1.6.0 (/opt/ros/jazzy/share/rosidl_default_generators/cmake)
[0.174s] -- Using all available rosidl_typesupport_c: rosidl_typesupport_microxrcedds_c;rosidl_typesupport_fastrtps_c;rosidl_typesupport_introspection_c
[0.193s] -- Found rosidl_adapter: 4.6.5 (/opt/ros/jazzy/share/rosidl_adapter/cmake)
[0.209s] -- Using all available rosidl_typesupport_cpp: rosidl_typesupport_microxrcedds_cpp;rosidl_typesupport_fastrtps_cpp;rosidl_typesupport_introspection_cpp
[0.525s] -- Found ament_cmake_ros: 0.12.0 (/opt/ros/jazzy/share/ament_cmake_ros/cmake)
[0.637s] -- Using all available rosidl_typesupport_c: rosidl_typesupport_microxrcedds_c;rosidl_typesupport_fastrtps_c;rosidl_typesupport_introspection_c
[0.772s] -- Using all available rosidl_typesupport_cpp: rosidl_typesupport_microxrcedds_cpp;rosidl_typesupport_fastrtps_cpp;rosidl_typesupport_introspection_cpp
[0.773s] -- Found python_cmake_module: 0.11.1 (/opt/ros/jazzy/share/python_cmake_module/cmake)
[0.993s] -- Found Python3: /usr/bin/python3 (found version "3.12.3") found components: Interpreter Development NumPy Development.Module Development.Embed 
[1.018s] -- Configuring done (1.0s)
[1.074s] -- Generating done (0.0s)
[1.091s] -- Build files have been written to: /home/rassito/microros_ws/build/lifecycle_msgs
[1.100s] Invoked command in '/home/rassito/microros_ws/build/lifecycle_msgs' returned '0': CMAKE_PREFIX_PATH=${CMAKE_PREFIX_PATH}:/home/rassito/microros_ws/install/sensor_msgs_py:/home/rassito/ros_ws/install/super_pkg:/opt/ros/jazzy DEBUGINFOD_URLS=https://debuginfod.ubuntu.com /usr/bin/cmake /home/rassito/microros_ws/src/ros2/rcl_interfaces/lifecycle_msgs -DBUILD_TESTING=OFF -DBUILD_SHARED_LIBS=ON -DCMAKE_INSTALL_PREFIX=/home/rassito/microros_ws/install/lifecycle_msgs
[1.102s] Invoking command in '/home/rassito/microros_ws/build/lifecycle_msgs': CMAKE_PREFIX_PATH=${CMAKE_PREFIX_PATH}:/home/rassito/microros_ws/install/sensor_msgs_py:/home/rassito/ros_ws/install/super_pkg:/opt/ros/jazzy DEBUGINFOD_URLS=https://debuginfod.ubuntu.com /usr/bin/cmake --build /home/rassito/microros_ws/build/lifecycle_msgs -- -j16 -l16
[1.159s] [  1%] Built target lifecycle_msgs__rosidl_generator_type_description
[1.186s] [  1%] Built target ament_cmake_python_copy_lifecycle_msgs
[1.193s] [  1%] Built target lifecycle_msgs__cpp
[1.214s] [ 22%] Built target lifecycle_msgs__rosidl_generator_c
[1.234s] [ 30%] Built target lifecycle_msgs__rosidl_typesupport_microxrcedds_cpp
[1.252s] [ 62%] Built target lifecycle_msgs__rosidl_typesupport_c
[1.252s] [ 62%] Built target lifecycle_msgs__rosidl_typesupport_microxrcedds_c
[1.255s] [ 62%] Built target lifecycle_msgs__rosidl_typesupport_introspection_c
[1.255s] [ 62%] Built target lifecycle_msgs__rosidl_typesupport_introspection_cpp
[1.255s] [ 70%] Built target lifecycle_msgs__rosidl_typesupport_fastrtps_cpp
[1.255s] [ 78%] Built target lifecycle_msgs__rosidl_typesupport_cpp
[1.255s] [ 85%] Built target lifecycle_msgs__rosidl_typesupport_fastrtps_c
[1.277s] [ 85%] Built target lifecycle_msgs
[1.298s] [ 86%] Built target lifecycle_msgs__py
[1.321s] [ 93%] Built target lifecycle_msgs__rosidl_generator_py
[1.340s] [ 97%] Built target lifecycle_msgs_s__rosidl_typesupport_introspection_c
[1.340s] [ 97%] Built target lifecycle_msgs_s__rosidl_typesupport_c
[1.341s] [ 98%] Built target lifecycle_msgs_s__rosidl_typesupport_fastrtps_c
[1.344s] [100%] Built target lifecycle_msgs_s__rosidl_typesupport_microxrcedds_c
[1.391s] running egg_info
[1.405s] writing lifecycle_msgs.egg-info/PKG-INFO
[1.406s] writing dependency_links to lifecycle_msgs.egg-info/dependency_links.txt
[1.406s] writing top-level names to lifecycle_msgs.egg-info/top_level.txt
[1.452s] reading manifest file 'lifecycle_msgs.egg-info/SOURCES.txt'
[1.452s] writing manifest file 'lifecycle_msgs.egg-info/SOURCES.txt'
[1.494s] [100%] Built target ament_cmake_python_build_lifecycle_msgs_egg
[1.512s] Invoked command in '/home/rassito/microros_ws/build/lifecycle_msgs' returned '0': CMAKE_PREFIX_PATH=${CMAKE_PREFIX_PATH}:/home/rassito/microros_ws/install/sensor_msgs_py:/home/rassito/ros_ws/install/super_pkg:/opt/ros/jazzy DEBUGINFOD_URLS=https://debuginfod.ubuntu.com /usr/bin/cmake --build /home/rassito/microros_ws/build/lifecycle_msgs -- -j16 -l16
[1.517s] Invoking command in '/home/rassito/microros_ws/build/lifecycle_msgs': CMAKE_PREFIX_PATH=${CMAKE_PREFIX_PATH}:/home/rassito/microros_ws/install/sensor_msgs_py:/home/rassito/ros_ws/install/super_pkg:/opt/ros/jazzy DEBUGINFOD_URLS=https://debuginfod.ubuntu.com /usr/bin/cmake --install /home/rassito/microros_ws/build/lifecycle_msgs
[1.526s] -- Install configuration: ""
[1.526s] -- Up-to-date: /home/rassito/microros_ws/install/lifecycle_msgs/share/ament_index/resource_index/rosidl_interfaces/lifecycle_msgs
[1.526s] -- Up-to-date: /home/rassito/microros_ws/install/lifecycle_msgs/share/lifecycle_msgs/msg/State.json
[1.526s] -- Up-to-date: /home/rassito/microros_ws/install/lifecycle_msgs/share/lifecycle_msgs/msg/Transition.json
[1.526s] -- Up-to-date: /home/rassito/microros_ws/install/lifecycle_msgs/share/lifecycle_msgs/msg/TransitionDescription.json
[1.526s] -- Up-to-date: /home/rassito/microros_ws/install/lifecycle_msgs/share/lifecycle_msgs/msg/TransitionEvent.json
[1.526s] -- Up-to-date: /home/rassito/microros_ws/install/lifecycle_msgs/share/lifecycle_msgs/srv/ChangeState.json
[1.526s] -- Up-to-date: /home/rassito/microros_ws/install/lifecycle_msgs/share/lifecycle_msgs/srv/GetAvailableStates.json
[1.526s] -- Up-to-date: /home/rassito/microros_ws/install/lifecycle_msgs/share/lifecycle_msgs/srv/GetAvailableTransitions.json
[1.526s] -- Up-to-date: /home/rassito/microros_ws/install/lifecycle_msgs/share/lifecycle_msgs/srv/GetState.json
[1.527s] -- Up-to-date: /home/rassito/microros_ws/install/lifecycle_msgs/include/lifecycle_msgs/lifecycle_msgs
[1.527s] -- Up-to-date: /home/rassito/microros_ws/install/lifecycle_msgs/include/lifecycle_msgs/lifecycle_msgs/srv
[1.527s] -- Up-to-date: /home/rassito/microros_ws/install/lifecycle_msgs/include/lifecycle_msgs/lifecycle_msgs/srv/get_available_states.h
[1.527s] -- Up-to-date: /home/rassito/microros_ws/install/lifecycle_msgs/include/lifecycle_msgs/lifecycle_msgs/srv/change_state.h
[1.527s] -- Up-to-date: /home/rassito/microros_ws/install/lifecycle_msgs/include/lifecycle_msgs/lifecycle_msgs/srv/get_state.h
[1.527s] -- Up-to-date: /home/rassito/microros_ws/install/lifecycle_msgs/include/lifecycle_msgs/lifecycle_msgs/srv/get_available_transitions.h
[1.527s] -- Up-to-date: /home/rassito/microros_ws/install/lifecycle_msgs/include/lifecycle_msgs/lifecycle_msgs/srv/detail
[1.529s] -- Up-to-date: /home/rassito/microros_ws/install/lifecycle_msgs/include/lifecycle_msgs/lifecycle_msgs/srv/detail/get_available_transitions__functions.h
[1.529s] -- Up-to-date: /home/rassito/microros_ws/install/lifecycle_msgs/include/lifecycle_msgs/lifecycle_msgs/srv/detail/get_state__description.c
[1.529s] -- Up-to-date: /home/rassito/microros_ws/install/lifecycle_msgs/include/lifecycle_msgs/lifecycle_msgs/srv/detail/get_available_transitions__functions.c
[1.529s] -- Up-to-date: /home/rassito/microros_ws/install/lifecycle_msgs/include/lifecycle_msgs/lifecycle_msgs/srv/detail/get_available_states__description.c
[1.529s] -- Up-to-date: /home/rassito/microros_ws/install/lifecycle_msgs/include/lifecycle_msgs/lifecycle_msgs/srv/detail/get_available_transitions__description.c
[1.529s] -- Up-to-date: /home/rassito/microros_ws/install/lifecycle_msgs/include/lifecycle_msgs/lifecycle_msgs/srv/detail/get_state__struct.h
[1.529s] -- Up-to-date: /home/rassito/microros_ws/install/lifecycle_msgs/include/lifecycle_msgs/lifecycle_msgs/srv/detail/get_state__type_support.h
[1.529s] -- Up-to-date: /home/rassito/microros_ws/install/lifecycle_msgs/include/lifecycle_msgs/lifecycle_msgs/srv/detail/get_available_transitions__struct.h
[1.529s] -- Up-to-date: /home/rassito/microros_ws/install/lifecycle_msgs/include/lifecycle_msgs/lifecycle_msgs/srv/detail/change_state__struct.h
[1.529s] -- Up-to-date: /home/rassito/microros_ws/install/lifecycle_msgs/include/lifecycle_msgs/lifecycle_msgs/srv/detail/get_available_states__type_support.h
[1.529s] -- Up-to-date: /home/rassito/microros_ws/install/lifecycle_msgs/include/lifecycle_msgs/lifecycle_msgs/srv/detail/get_available_states__functions.h
[1.529s] -- Installing: /home/rassito/microros_ws/install/lifecycle_msgs/include/lifecycle_msgs/lifecycle_msgs/srv/detail/get_state__type_support.c
[1.529s] -- Up-to-date: /home/rassito/microros_ws/install/lifecycle_msgs/include/lifecycle_msgs/lifecycle_msgs/srv/detail/get_available_states__struct.h
[1.529s] -- Up-to-date: /home/rassito/microros_ws/install/lifecycle_msgs/include/lifecycle_msgs/lifecycle_msgs/srv/detail/change_state__type_support.h
[1.529s] -- Up-to-date: /home/rassito/microros_ws/install/lifecycle_msgs/include/lifecycle_msgs/lifecycle_msgs/srv/detail/change_state__functions.c
[1.529s] -- Up-to-date: /home/rassito/microros_ws/install/lifecycle_msgs/include/lifecycle_msgs/lifecycle_msgs/srv/detail/get_available_states__functions.c
[1.529s] -- Up-to-date: /home/rassito/microros_ws/install/lifecycle_msgs/include/lifecycle_msgs/lifecycle_msgs/srv/detail/change_state__description.c
[1.529s] -- Up-to-date: /home/rassito/microros_ws/install/lifecycle_msgs/include/lifecycle_msgs/lifecycle_msgs/srv/detail/get_state__functions.c
[1.530s] -- Up-to-date: /home/rassito/microros_ws/install/lifecycle_msgs/include/lifecycle_msgs/lifecycle_msgs/srv/detail/change_state__functions.h
[1.530s] -- Installing: /home/rassito/microros_ws/install/lifecycle_msgs/include/lifecycle_msgs/lifecycle_msgs/srv/detail/get_available_states__type_support.c
[1.530s] -- Up-to-date: /home/rassito/microros_ws/install/lifecycle_msgs/include/lifecycle_msgs/lifecycle_msgs/srv/detail/get_available_transitions__type_support.h
[1.530s] -- Up-to-date: /home/rassito/microros_ws/install/lifecycle_msgs/include/lifecycle_msgs/lifecycle_msgs/srv/detail/get_state__functions.h
[1.530s] -- Installing: /home/rassito/microros_ws/install/lifecycle_msgs/include/lifecycle_msgs/lifecycle_msgs/srv/detail/change_state__type_support.c
[1.530s] -- Installing: /home/rassito/microros_ws/install/lifecycle_msgs/include/lifecycle_msgs/lifecycle_msgs/srv/detail/get_available_transitions__type_support.c
[1.530s] -- Up-to-date: /home/rassito/microros_ws/install/lifecycle_msgs/include/lifecycle_msgs/lifecycle_msgs/msg
[1.530s] -- Up-to-date: /home/rassito/microros_ws/install/lifecycle_msgs/include/lifecycle_msgs/lifecycle_msgs/msg/transition.h
[1.530s] -- Up-to-date: /home/rassito/microros_ws/install/lifecycle_msgs/include/lifecycle_msgs/lifecycle_msgs/msg/transition_description.h
[1.530s] -- Up-to-date: /home/rassito/microros_ws/install/lifecycle_msgs/include/lifecycle_msgs/lifecycle_msgs/msg/state.h
[1.530s] -- Up-to-date: /home/rassito/microros_ws/install/lifecycle_msgs/include/lifecycle_msgs/lifecycle_msgs/msg/detail
[1.530s] -- Up-to-date: /home/rassito/microros_ws/install/lifecycle_msgs/include/lifecycle_msgs/lifecycle_msgs/msg/detail/state__functions.c
[1.530s] -- Up-to-date: /home/rassito/microros_ws/install/lifecycle_msgs/include/lifecycle_msgs/lifecycle_msgs/msg/detail/transition_event__functions.c
[1.530s] -- Up-to-date: /home/rassito/microros_ws/install/lifecycle_msgs/include/lifecycle_msgs/lifecycle_msgs/msg/detail/transition__struct.h
[1.530s] -- Up-to-date: /home/rassito/microros_ws/install/lifecycle_msgs/include/lifecycle_msgs/lifecycle_msgs/msg/detail/transition__functions.h
[1.530s] -- Up-to-date: /home/rassito/microros_ws/install/lifecycle_msgs/include/lifecycle_msgs/lifecycle_msgs/msg/detail/transition_event__struct.h
[1.530s] -- Up-to-date: /home/rassito/microros_ws/install/lifecycle_msgs/include/lifecycle_msgs/lifecycle_msgs/msg/detail/state__struct.h
[1.531s] -- Up-to-date: /home/rassito/microros_ws/install/lifecycle_msgs/include/lifecycle_msgs/lifecycle_msgs/msg/detail/transition_description__type_support.h
[1.531s] -- Up-to-date: /home/rassito/microros_ws/install/lifecycle_msgs/include/lifecycle_msgs/lifecycle_msgs/msg/detail/transition_event__description.c
[1.531s] -- Installing: /home/rassito/microros_ws/install/lifecycle_msgs/include/lifecycle_msgs/lifecycle_msgs/msg/detail/transition_description__type_support.c
[1.531s] -- Up-to-date: /home/rassito/microros_ws/install/lifecycle_msgs/include/lifecycle_msgs/lifecycle_msgs/msg/detail/state__functions.h
[1.531s] -- Up-to-date: /home/rassito/microros_ws/install/lifecycle_msgs/include/lifecycle_msgs/lifecycle_msgs/msg/detail/transition__functions.c
[1.531s] -- Installing: /home/rassito/microros_ws/install/lifecycle_msgs/include/lifecycle_msgs/lifecycle_msgs/msg/detail/transition__type_support.c
[1.531s] -- Up-to-date: /home/rassito/microros_ws/install/lifecycle_msgs/include/lifecycle_msgs/lifecycle_msgs/msg/detail/transition_description__description.c
[1.531s] -- Up-to-date: /home/rassito/microros_ws/install/lifecycle_msgs/include/lifecycle_msgs/lifecycle_msgs/msg/detail/transition__description.c
[1.531s] -- Up-to-date: /home/rassito/microros_ws/install/lifecycle_msgs/include/lifecycle_msgs/lifecycle_msgs/msg/detail/transition_description__functions.h
[1.531s] -- Up-to-date: /home/rassito/microros_ws/install/lifecycle_msgs/include/lifecycle_msgs/lifecycle_msgs/msg/detail/state__description.c
[1.531s] -- Installing: /home/rassito/microros_ws/install/lifecycle_msgs/include/lifecycle_msgs/lifecycle_msgs/msg/detail/transition_event__type_support.c
[1.531s] -- Up-to-date: /home/rassito/microros_ws/install/lifecycle_msgs/include/lifecycle_msgs/lifecycle_msgs/msg/detail/transition_description__struct.h
[1.531s] -- Up-to-date: /home/rassito/microros_ws/install/lifecycle_msgs/include/lifecycle_msgs/lifecycle_msgs/msg/detail/transition__type_support.h
[1.532s] -- Installing: /home/rassito/microros_ws/install/lifecycle_msgs/include/lifecycle_msgs/lifecycle_msgs/msg/detail/state__type_support.c
[1.532s] -- Up-to-date: /home/rassito/microros_ws/install/lifecycle_msgs/include/lifecycle_msgs/lifecycle_msgs/msg/detail/transition_event__functions.h
[1.532s] -- Up-to-date: /home/rassito/microros_ws/install/lifecycle_msgs/include/lifecycle_msgs/lifecycle_msgs/msg/detail/transition_event__type_support.h
[1.532s] -- Up-to-date: /home/rassito/microros_ws/install/lifecycle_msgs/include/lifecycle_msgs/lifecycle_msgs/msg/detail/transition_description__functions.c
[1.532s] -- Up-to-date: /home/rassito/microros_ws/install/lifecycle_msgs/include/lifecycle_msgs/lifecycle_msgs/msg/detail/state__type_support.h
[1.532s] -- Up-to-date: /home/rassito/microros_ws/install/lifecycle_msgs/include/lifecycle_msgs/lifecycle_msgs/msg/rosidl_generator_c__visibility_control.h
[1.532s] -- Up-to-date: /home/rassito/microros_ws/install/lifecycle_msgs/include/lifecycle_msgs/lifecycle_msgs/msg/transition_event.h
[1.532s] -- Up-to-date: /home/rassito/microros_ws/install/lifecycle_msgs/share/lifecycle_msgs/environment/library_path.sh
[1.532s] -- Up-to-date: /home/rassito/microros_ws/install/lifecycle_msgs/share/lifecycle_msgs/environment/library_path.dsv
[1.532s] -- Up-to-date: /home/rassito/microros_ws/install/lifecycle_msgs/lib/liblifecycle_msgs__rosidl_generator_c.so
[1.532s] -- Up-to-date: /home/rassito/microros_ws/install/lifecycle_msgs/include/lifecycle_msgs
[1.532s] -- Up-to-date: /home/rassito/microros_ws/install/lifecycle_msgs/include/lifecycle_msgs/srv
[1.532s] -- Up-to-date: /home/rassito/microros_ws/install/lifecycle_msgs/include/lifecycle_msgs/srv/detail
[1.532s] -- Up-to-date: /home/rassito/microros_ws/install/lifecycle_msgs/include/lifecycle_msgs/srv/detail/microxrcedds
[1.532s] -- Up-to-date: /home/rassito/microros_ws/install/lifecycle_msgs/include/lifecycle_msgs/srv/detail/change_state__rosidl_typesupport_microxrcedds_c.h
[1.532s] -- Up-to-date: /home/rassito/microros_ws/install/lifecycle_msgs/include/lifecycle_msgs/srv/detail/get_state__rosidl_typesupport_microxrcedds_c.h
[1.532s] -- Up-to-date: /home/rassito/microros_ws/install/lifecycle_msgs/include/lifecycle_msgs/srv/detail/get_available_states__rosidl_typesupport_microxrcedds_c.h
[1.533s] -- Up-to-date: /home/rassito/microros_ws/install/lifecycle_msgs/include/lifecycle_msgs/srv/detail/get_available_transitions__rosidl_typesupport_microxrcedds_c.h
[1.533s] -- Up-to-date: /home/rassito/microros_ws/install/lifecycle_msgs/include/lifecycle_msgs/msg
[1.533s] -- Up-to-date: /home/rassito/microros_ws/install/lifecycle_msgs/include/lifecycle_msgs/msg/detail
[1.533s] -- Up-to-date: /home/rassito/microros_ws/install/lifecycle_msgs/include/lifecycle_msgs/msg/detail/transition_event__rosidl_typesupport_microxrcedds_c.h
[1.533s] -- Up-to-date: /home/rassito/microros_ws/install/lifecycle_msgs/include/lifecycle_msgs/msg/detail/microxrcedds
[1.533s] -- Up-to-date: /home/rassito/microros_ws/install/lifecycle_msgs/include/lifecycle_msgs/msg/detail/transition__rosidl_typesupport_microxrcedds_c.h
[1.533s] -- Up-to-date: /home/rassito/microros_ws/install/lifecycle_msgs/include/lifecycle_msgs/msg/detail/state__rosidl_typesupport_microxrcedds_c.h
[1.533s] -- Up-to-date: /home/rassito/microros_ws/install/lifecycle_msgs/include/lifecycle_msgs/msg/detail/transition_description__rosidl_typesupport_microxrcedds_c.h
[1.533s] -- Up-to-date: /home/rassito/microros_ws/install/lifecycle_msgs/include/lifecycle_msgs/msg/rosidl_typesupport_microxrcedds_c__visibility_control.h
[1.533s] -- Up-to-date: /home/rassito/microros_ws/install/lifecycle_msgs/lib/liblifecycle_msgs__rosidl_typesupport_microxrcedds_c.so
[1.533s] -- Up-to-date: /home/rassito/microros_ws/install/lifecycle_msgs/include/lifecycle_msgs/lifecycle_msgs
[1.533s] -- Up-to-date: /home/rassito/microros_ws/install/lifecycle_msgs/include/lifecycle_msgs/lifecycle_msgs/srv
[1.533s] -- Up-to-date: /home/rassito/microros_ws/install/lifecycle_msgs/include/lifecycle_msgs/lifecycle_msgs/srv/detail
[1.533s] -- Up-to-date: /home/rassito/microros_ws/install/lifecycle_msgs/include/lifecycle_msgs/lifecycle_msgs/srv/detail/get_state__rosidl_typesupport_fastrtps_c.h
[1.533s] -- Up-to-date: /home/rassito/microros_ws/install/lifecycle_msgs/include/lifecycle_msgs/lifecycle_msgs/srv/detail/change_state__rosidl_typesupport_fastrtps_c.h
[1.533s] -- Up-to-date: /home/rassito/microros_ws/install/lifecycle_msgs/include/lifecycle_msgs/lifecycle_msgs/srv/detail/get_available_transitions__rosidl_typesupport_fastrtps_c.h
[1.533s] -- Up-to-date: /home/rassito/microros_ws/install/lifecycle_msgs/include/lifecycle_msgs/lifecycle_msgs/srv/detail/get_available_states__rosidl_typesupport_fastrtps_c.h
[1.533s] -- Up-to-date: /home/rassito/microros_ws/install/lifecycle_msgs/include/lifecycle_msgs/lifecycle_msgs/msg
[1.533s] -- Up-to-date: /home/rassito/microros_ws/install/lifecycle_msgs/include/lifecycle_msgs/lifecycle_msgs/msg/rosidl_typesupport_fastrtps_c__visibility_control.h
[1.533s] -- Up-to-date: /home/rassito/microros_ws/install/lifecycle_msgs/include/lifecycle_msgs/lifecycle_msgs/msg/detail
[1.533s] -- Up-to-date: /home/rassito/microros_ws/install/lifecycle_msgs/include/lifecycle_msgs/lifecycle_msgs/msg/detail/transition__rosidl_typesupport_fastrtps_c.h
[1.534s] -- Up-to-date: /home/rassito/microros_ws/install/lifecycle_msgs/include/lifecycle_msgs/lifecycle_msgs/msg/detail/transition_event__rosidl_typesupport_fastrtps_c.h
[1.534s] -- Up-to-date: /home/rassito/microros_ws/install/lifecycle_msgs/include/lifecycle_msgs/lifecycle_msgs/msg/detail/state__rosidl_typesupport_fastrtps_c.h
[1.534s] -- Up-to-date: /home/rassito/microros_ws/install/lifecycle_msgs/include/lifecycle_msgs/lifecycle_msgs/msg/detail/transition_description__rosidl_typesupport_fastrtps_c.h
[1.534s] -- Up-to-date: /home/rassito/microros_ws/install/lifecycle_msgs/lib/liblifecycle_msgs__rosidl_typesupport_fastrtps_c.so
[1.534s] -- Up-to-date: /home/rassito/microros_ws/install/lifecycle_msgs/include/lifecycle_msgs/lifecycle_msgs
[1.534s] -- Up-to-date: /home/rassito/microros_ws/install/lifecycle_msgs/include/lifecycle_msgs/lifecycle_msgs/srv
[1.534s] -- Up-to-date: /home/rassito/microros_ws/install/lifecycle_msgs/include/lifecycle_msgs/lifecycle_msgs/srv/detail
[1.534s] -- Up-to-date: /home/rassito/microros_ws/install/lifecycle_msgs/include/lifecycle_msgs/lifecycle_msgs/srv/detail/change_state__rosidl_typesupport_introspection_c.h
[1.534s] -- Up-to-date: /home/rassito/microros_ws/install/lifecycle_msgs/include/lifecycle_msgs/lifecycle_msgs/srv/detail/get_available_states__rosidl_typesupport_introspection_c.h
[1.534s] -- Installing: /home/rassito/microros_ws/install/lifecycle_msgs/include/lifecycle_msgs/lifecycle_msgs/srv/detail/get_state__type_support.c
[1.534s] -- Up-to-date: /home/rassito/microros_ws/install/lifecycle_msgs/include/lifecycle_msgs/lifecycle_msgs/srv/detail/get_available_transitions__rosidl_typesupport_introspection_c.h
[1.534s] -- Up-to-date: /home/rassito/microros_ws/install/lifecycle_msgs/include/lifecycle_msgs/lifecycle_msgs/srv/detail/get_state__rosidl_typesupport_introspection_c.h
[1.534s] -- Installing: /home/rassito/microros_ws/install/lifecycle_msgs/include/lifecycle_msgs/lifecycle_msgs/srv/detail/get_available_states__type_support.c
[1.534s] -- Installing: /home/rassito/microros_ws/install/lifecycle_msgs/include/lifecycle_msgs/lifecycle_msgs/srv/detail/change_state__type_support.c
[1.534s] -- Installing: /home/rassito/microros_ws/install/lifecycle_msgs/include/lifecycle_msgs/lifecycle_msgs/srv/detail/get_available_transitions__type_support.c
[1.534s] -- Up-to-date: /home/rassito/microros_ws/install/lifecycle_msgs/include/lifecycle_msgs/lifecycle_msgs/msg
[1.534s] -- Up-to-date: /home/rassito/microros_ws/install/lifecycle_msgs/include/lifecycle_msgs/lifecycle_msgs/msg/rosidl_typesupport_introspection_c__visibility_control.h
[1.534s] -- Up-to-date: /home/rassito/microros_ws/install/lifecycle_msgs/include/lifecycle_msgs/lifecycle_msgs/msg/detail
[1.534s] -- Up-to-date: /home/rassito/microros_ws/install/lifecycle_msgs/include/lifecycle_msgs/lifecycle_msgs/msg/detail/transition__rosidl_typesupport_introspection_c.h
[1.534s] -- Installing: /home/rassito/microros_ws/install/lifecycle_msgs/include/lifecycle_msgs/lifecycle_msgs/msg/detail/transition_description__type_support.c
[1.534s] -- Up-to-date: /home/rassito/microros_ws/install/lifecycle_msgs/include/lifecycle_msgs/lifecycle_msgs/msg/detail/state__rosidl_typesupport_introspection_c.h
[1.535s] -- Up-to-date: /home/rassito/microros_ws/install/lifecycle_msgs/include/lifecycle_msgs/lifecycle_msgs/msg/detail/transition_event__rosidl_typesupport_introspection_c.h
[1.535s] -- Installing: /home/rassito/microros_ws/install/lifecycle_msgs/include/lifecycle_msgs/lifecycle_msgs/msg/detail/transition__type_support.c
[1.535s] -- Up-to-date: /home/rassito/microros_ws/install/lifecycle_msgs/include/lifecycle_msgs/lifecycle_msgs/msg/detail/transition_description__rosidl_typesupport_introspection_c.h
[1.535s] -- Installing: /home/rassito/microros_ws/install/lifecycle_msgs/include/lifecycle_msgs/lifecycle_msgs/msg/detail/transition_event__type_support.c
[1.535s] -- Installing: /home/rassito/microros_ws/install/lifecycle_msgs/include/lifecycle_msgs/lifecycle_msgs/msg/detail/state__type_support.c
[1.535s] -- Up-to-date: /home/rassito/microros_ws/install/lifecycle_msgs/lib/liblifecycle_msgs__rosidl_typesupport_introspection_c.so
[1.535s] -- Up-to-date: /home/rassito/microros_ws/install/lifecycle_msgs/lib/liblifecycle_msgs__rosidl_typesupport_c.so
[1.535s] -- Up-to-date: /home/rassito/microros_ws/install/lifecycle_msgs/include/lifecycle_msgs/lifecycle_msgs
[1.535s] -- Up-to-date: /home/rassito/microros_ws/install/lifecycle_msgs/include/lifecycle_msgs/lifecycle_msgs/srv
[1.535s] -- Up-to-date: /home/rassito/microros_ws/install/lifecycle_msgs/include/lifecycle_msgs/lifecycle_msgs/srv/get_state.hpp
[1.535s] -- Up-to-date: /home/rassito/microros_ws/install/lifecycle_msgs/include/lifecycle_msgs/lifecycle_msgs/srv/change_state.hpp
[1.535s] -- Up-to-date: /home/rassito/microros_ws/install/lifecycle_msgs/include/lifecycle_msgs/lifecycle_msgs/srv/detail
[1.535s] -- Up-to-date: /home/rassito/microros_ws/install/lifecycle_msgs/include/lifecycle_msgs/lifecycle_msgs/srv/detail/change_state__struct.hpp
[1.535s] -- Up-to-date: /home/rassito/microros_ws/install/lifecycle_msgs/include/lifecycle_msgs/lifecycle_msgs/srv/detail/get_available_transitions__type_support.hpp
[1.535s] -- Up-to-date: /home/rassito/microros_ws/install/lifecycle_msgs/include/lifecycle_msgs/lifecycle_msgs/srv/detail/change_state__traits.hpp
[1.535s] -- Up-to-date: /home/rassito/microros_ws/install/lifecycle_msgs/include/lifecycle_msgs/lifecycle_msgs/srv/detail/get_available_transitions__builder.hpp
[1.535s] -- Up-to-date: /home/rassito/microros_ws/install/lifecycle_msgs/include/lifecycle_msgs/lifecycle_msgs/srv/detail/get_available_transitions__struct.hpp
[1.535s] -- Up-to-date: /home/rassito/microros_ws/install/lifecycle_msgs/include/lifecycle_msgs/lifecycle_msgs/srv/detail/change_state__builder.hpp
[1.535s] -- Up-to-date: /home/rassito/microros_ws/install/lifecycle_msgs/include/lifecycle_msgs/lifecycle_msgs/srv/detail/get_available_transitions__traits.hpp
[1.535s] -- Up-to-date: /home/rassito/microros_ws/install/lifecycle_msgs/include/lifecycle_msgs/lifecycle_msgs/srv/detail/get_state__struct.hpp
[1.535s] -- Up-to-date: /home/rassito/microros_ws/install/lifecycle_msgs/include/lifecycle_msgs/lifecycle_msgs/srv/detail/get_state__builder.hpp
[1.536s] -- Up-to-date: /home/rassito/microros_ws/install/lifecycle_msgs/include/lifecycle_msgs/lifecycle_msgs/srv/detail/get_available_states__type_support.hpp
[1.536s] -- Up-to-date: /home/rassito/microros_ws/install/lifecycle_msgs/include/lifecycle_msgs/lifecycle_msgs/srv/detail/change_state__type_support.hpp
[1.536s] -- Up-to-date: /home/rassito/microros_ws/install/lifecycle_msgs/include/lifecycle_msgs/lifecycle_msgs/srv/detail/get_state__type_support.hpp
[1.536s] -- Up-to-date: /home/rassito/microros_ws/install/lifecycle_msgs/include/lifecycle_msgs/lifecycle_msgs/srv/detail/get_state__traits.hpp
[1.536s] -- Up-to-date: /home/rassito/microros_ws/install/lifecycle_msgs/include/lifecycle_msgs/lifecycle_msgs/srv/detail/get_available_states__struct.hpp
[1.536s] -- Up-to-date: /home/rassito/microros_ws/install/lifecycle_msgs/include/lifecycle_msgs/lifecycle_msgs/srv/detail/get_available_states__builder.hpp
[1.536s] -- Up-to-date: /home/rassito/microros_ws/install/lifecycle_msgs/include/lifecycle_msgs/lifecycle_msgs/srv/detail/get_available_states__traits.hpp
[1.536s] -- Up-to-date: /home/rassito/microros_ws/install/lifecycle_msgs/include/lifecycle_msgs/lifecycle_msgs/srv/get_available_states.hpp
[1.536s] -- Up-to-date: /home/rassito/microros_ws/install/lifecycle_msgs/include/lifecycle_msgs/lifecycle_msgs/srv/get_available_transitions.hpp
[1.536s] -- Up-to-date: /home/rassito/microros_ws/install/lifecycle_msgs/include/lifecycle_msgs/lifecycle_msgs/msg
[1.536s] -- Up-to-date: /home/rassito/microros_ws/install/lifecycle_msgs/include/lifecycle_msgs/lifecycle_msgs/msg/transition_event.hpp
[1.536s] -- Up-to-date: /home/rassito/microros_ws/install/lifecycle_msgs/include/lifecycle_msgs/lifecycle_msgs/msg/rosidl_generator_cpp__visibility_control.hpp
[1.536s] -- Up-to-date: /home/rassito/microros_ws/install/lifecycle_msgs/include/lifecycle_msgs/lifecycle_msgs/msg/transition_description.hpp
[1.536s] -- Up-to-date: /home/rassito/microros_ws/install/lifecycle_msgs/include/lifecycle_msgs/lifecycle_msgs/msg/state.hpp
[1.536s] -- Up-to-date: /home/rassito/microros_ws/install/lifecycle_msgs/include/lifecycle_msgs/lifecycle_msgs/msg/detail
[1.536s] -- Up-to-date: /home/rassito/microros_ws/install/lifecycle_msgs/include/lifecycle_msgs/lifecycle_msgs/msg/detail/transition_event__struct.hpp
[1.536s] -- Up-to-date: /home/rassito/microros_ws/install/lifecycle_msgs/include/lifecycle_msgs/lifecycle_msgs/msg/detail/transition_event__type_support.hpp
[1.536s] -- Up-to-date: /home/rassito/microros_ws/install/lifecycle_msgs/include/lifecycle_msgs/lifecycle_msgs/msg/detail/state__type_support.hpp
[1.536s] -- Up-to-date: /home/rassito/microros_ws/install/lifecycle_msgs/include/lifecycle_msgs/lifecycle_msgs/msg/detail/transition_description__builder.hpp
[1.536s] -- Up-to-date: /home/rassito/microros_ws/install/lifecycle_msgs/include/lifecycle_msgs/lifecycle_msgs/msg/detail/transition_description__traits.hpp
[1.537s] -- Up-to-date: /home/rassito/microros_ws/install/lifecycle_msgs/include/lifecycle_msgs/lifecycle_msgs/msg/detail/transition__struct.hpp
[1.537s] -- Up-to-date: /home/rassito/microros_ws/install/lifecycle_msgs/include/lifecycle_msgs/lifecycle_msgs/msg/detail/transition__traits.hpp
[1.537s] -- Up-to-date: /home/rassito/microros_ws/install/lifecycle_msgs/include/lifecycle_msgs/lifecycle_msgs/msg/detail/transition_description__struct.hpp
[1.537s] -- Up-to-date: /home/rassito/microros_ws/install/lifecycle_msgs/include/lifecycle_msgs/lifecycle_msgs/msg/detail/transition_description__type_support.hpp
[1.537s] -- Up-to-date: /home/rassito/microros_ws/install/lifecycle_msgs/include/lifecycle_msgs/lifecycle_msgs/msg/detail/transition_event__builder.hpp
[1.537s] -- Up-to-date: /home/rassito/microros_ws/install/lifecycle_msgs/include/lifecycle_msgs/lifecycle_msgs/msg/detail/transition__type_support.hpp
[1.537s] -- Up-to-date: /home/rassito/microros_ws/install/lifecycle_msgs/include/lifecycle_msgs/lifecycle_msgs/msg/detail/transition__builder.hpp
[1.537s] -- Up-to-date: /home/rassito/microros_ws/install/lifecycle_msgs/include/lifecycle_msgs/lifecycle_msgs/msg/detail/state__struct.hpp
[1.537s] -- Up-to-date: /home/rassito/microros_ws/install/lifecycle_msgs/include/lifecycle_msgs/lifecycle_msgs/msg/detail/state__builder.hpp
[1.537s] -- Up-to-date: /home/rassito/microros_ws/install/lifecycle_msgs/include/lifecycle_msgs/lifecycle_msgs/msg/detail/transition_event__traits.hpp
[1.537s] -- Up-to-date: /home/rassito/microros_ws/install/lifecycle_msgs/include/lifecycle_msgs/lifecycle_msgs/msg/detail/state__traits.hpp
[1.537s] -- Up-to-date: /home/rassito/microros_ws/install/lifecycle_msgs/include/lifecycle_msgs/lifecycle_msgs/msg/transition.hpp
[1.537s] -- Up-to-date: /home/rassito/microros_ws/install/lifecycle_msgs/include/lifecycle_msgs
[1.537s] -- Up-to-date: /home/rassito/microros_ws/install/lifecycle_msgs/include/lifecycle_msgs/srv
[1.537s] -- Up-to-date: /home/rassito/microros_ws/install/lifecycle_msgs/include/lifecycle_msgs/srv/detail
[1.537s] -- Up-to-date: /home/rassito/microros_ws/install/lifecycle_msgs/include/lifecycle_msgs/srv/detail/change_state__rosidl_typesupport_microxrcedds_cpp.hpp
[1.537s] -- Up-to-date: /home/rassito/microros_ws/install/lifecycle_msgs/include/lifecycle_msgs/srv/detail/microxrcedds
[1.537s] -- Up-to-date: /home/rassito/microros_ws/install/lifecycle_msgs/include/lifecycle_msgs/srv/detail/microxrcedds/get_state__type_support_cpp.cpp
[1.537s] -- Up-to-date: /home/rassito/microros_ws/install/lifecycle_msgs/include/lifecycle_msgs/srv/detail/microxrcedds/get_available_transitions__type_support_cpp.cpp
[1.537s] -- Up-to-date: /home/rassito/microros_ws/install/lifecycle_msgs/include/lifecycle_msgs/srv/detail/microxrcedds/get_available_states__type_support_cpp.cpp
[1.537s] -- Up-to-date: /home/rassito/microros_ws/install/lifecycle_msgs/include/lifecycle_msgs/srv/detail/microxrcedds/change_state__type_support_cpp.cpp
[1.537s] -- Up-to-date: /home/rassito/microros_ws/install/lifecycle_msgs/include/lifecycle_msgs/srv/detail/get_available_transitions__rosidl_typesupport_microxrcedds_cpp.hpp
[1.537s] -- Up-to-date: /home/rassito/microros_ws/install/lifecycle_msgs/include/lifecycle_msgs/srv/detail/get_state__rosidl_typesupport_microxrcedds_cpp.hpp
[1.538s] -- Up-to-date: /home/rassito/microros_ws/install/lifecycle_msgs/include/lifecycle_msgs/srv/detail/get_available_states__rosidl_typesupport_microxrcedds_cpp.hpp
[1.538s] -- Up-to-date: /home/rassito/microros_ws/install/lifecycle_msgs/include/lifecycle_msgs/msg
[1.538s] -- Up-to-date: /home/rassito/microros_ws/install/lifecycle_msgs/include/lifecycle_msgs/msg/rosidl_typesupport_microxrcedds_cpp__visibility_control.h
[1.538s] -- Up-to-date: /home/rassito/microros_ws/install/lifecycle_msgs/include/lifecycle_msgs/msg/detail
[1.538s] -- Up-to-date: /home/rassito/microros_ws/install/lifecycle_msgs/include/lifecycle_msgs/msg/detail/microxrcedds
[1.538s] -- Up-to-date: /home/rassito/microros_ws/install/lifecycle_msgs/include/lifecycle_msgs/msg/detail/microxrcedds/transition__type_support_cpp.cpp
[1.538s] -- Up-to-date: /home/rassito/microros_ws/install/lifecycle_msgs/include/lifecycle_msgs/msg/detail/microxrcedds/state__type_support_cpp.cpp
[1.538s] -- Up-to-date: /home/rassito/microros_ws/install/lifecycle_msgs/include/lifecycle_msgs/msg/detail/microxrcedds/transition_description__type_support_cpp.cpp
[1.538s] -- Up-to-date: /home/rassito/microros_ws/install/lifecycle_msgs/include/lifecycle_msgs/msg/detail/microxrcedds/transition_event__type_support_cpp.cpp
[1.538s] -- Up-to-date: /home/rassito/microros_ws/install/lifecycle_msgs/include/lifecycle_msgs/msg/detail/transition__rosidl_typesupport_microxrcedds_cpp.hpp
[1.538s] -- Up-to-date: /home/rassito/microros_ws/install/lifecycle_msgs/include/lifecycle_msgs/msg/detail/transition_event__rosidl_typesupport_microxrcedds_cpp.hpp
[1.538s] -- Up-to-date: /home/rassito/microros_ws/install/lifecycle_msgs/include/lifecycle_msgs/msg/detail/transition_description__rosidl_typesupport_microxrcedds_cpp.hpp
[1.538s] -- Up-to-date: /home/rassito/microros_ws/install/lifecycle_msgs/include/lifecycle_msgs/msg/detail/state__rosidl_typesupport_microxrcedds_cpp.hpp
[1.538s] -- Up-to-date: /home/rassito/microros_ws/install/lifecycle_msgs/lib/liblifecycle_msgs__rosidl_typesupport_microxrcedds_cpp.so
[1.538s] -- Up-to-date: /home/rassito/microros_ws/install/lifecycle_msgs/include/lifecycle_msgs/lifecycle_msgs
[1.538s] -- Up-to-date: /home/rassito/microros_ws/install/lifecycle_msgs/include/lifecycle_msgs/lifecycle_msgs/srv
[1.538s] -- Up-to-date: /home/rassito/microros_ws/install/lifecycle_msgs/include/lifecycle_msgs/lifecycle_msgs/srv/detail
[1.538s] -- Up-to-date: /home/rassito/microros_ws/install/lifecycle_msgs/include/lifecycle_msgs/lifecycle_msgs/srv/detail/get_available_states__rosidl_typesupport_fastrtps_cpp.hpp
[1.538s] -- Up-to-date: /home/rassito/microros_ws/install/lifecycle_msgs/include/lifecycle_msgs/lifecycle_msgs/srv/detail/get_state__rosidl_typesupport_fastrtps_cpp.hpp
[1.538s] -- Up-to-date: /home/rassito/microros_ws/install/lifecycle_msgs/include/lifecycle_msgs/lifecycle_msgs/srv/detail/change_state__rosidl_typesupport_fastrtps_cpp.hpp
[1.539s] -- Up-to-date: /home/rassito/microros_ws/install/lifecycle_msgs/include/lifecycle_msgs/lifecycle_msgs/srv/detail/get_available_transitions__rosidl_typesupport_fastrtps_cpp.hpp
[1.539s] -- Up-to-date: /home/rassito/microros_ws/install/lifecycle_msgs/include/lifecycle_msgs/lifecycle_msgs/srv/detail/dds_fastrtps
[1.539s] -- Up-to-date: /home/rassito/microros_ws/install/lifecycle_msgs/include/lifecycle_msgs/lifecycle_msgs/msg
[1.539s] -- Up-to-date: /home/rassito/microros_ws/install/lifecycle_msgs/include/lifecycle_msgs/lifecycle_msgs/msg/rosidl_typesupport_fastrtps_cpp__visibility_control.h
[1.539s] -- Up-to-date: /home/rassito/microros_ws/install/lifecycle_msgs/include/lifecycle_msgs/lifecycle_msgs/msg/detail
[1.539s] -- Up-to-date: /home/rassito/microros_ws/install/lifecycle_msgs/include/lifecycle_msgs/lifecycle_msgs/msg/detail/transition__rosidl_typesupport_fastrtps_cpp.hpp
[1.539s] -- Up-to-date: /home/rassito/microros_ws/install/lifecycle_msgs/include/lifecycle_msgs/lifecycle_msgs/msg/detail/transition_description__rosidl_typesupport_fastrtps_cpp.hpp
[1.539s] -- Up-to-date: /home/rassito/microros_ws/install/lifecycle_msgs/include/lifecycle_msgs/lifecycle_msgs/msg/detail/transition_event__rosidl_typesupport_fastrtps_cpp.hpp
[1.539s] -- Up-to-date: /home/rassito/microros_ws/install/lifecycle_msgs/include/lifecycle_msgs/lifecycle_msgs/msg/detail/state__rosidl_typesupport_fastrtps_cpp.hpp
[1.539s] -- Up-to-date: /home/rassito/microros_ws/install/lifecycle_msgs/include/lifecycle_msgs/lifecycle_msgs/msg/detail/dds_fastrtps
[1.539s] -- Up-to-date: /home/rassito/microros_ws/install/lifecycle_msgs/lib/liblifecycle_msgs__rosidl_typesupport_fastrtps_cpp.so
[1.539s] -- Up-to-date: /home/rassito/microros_ws/install/lifecycle_msgs/include/lifecycle_msgs/lifecycle_msgs
[1.539s] -- Up-to-date: /home/rassito/microros_ws/install/lifecycle_msgs/include/lifecycle_msgs/lifecycle_msgs/srv
[1.539s] -- Up-to-date: /home/rassito/microros_ws/install/lifecycle_msgs/include/lifecycle_msgs/lifecycle_msgs/srv/detail
[1.539s] -- Up-to-date: /home/rassito/microros_ws/install/lifecycle_msgs/include/lifecycle_msgs/lifecycle_msgs/srv/detail/get_available_states__rosidl_typesupport_introspection_cpp.hpp
[1.539s] -- Up-to-date: /home/rassito/microros_ws/install/lifecycle_msgs/include/lifecycle_msgs/lifecycle_msgs/srv/detail/get_available_transitions__type_support.cpp
[1.539s] -- Up-to-date: /home/rassito/microros_ws/install/lifecycle_msgs/include/lifecycle_msgs/lifecycle_msgs/srv/detail/get_available_states__type_support.cpp
[1.539s] -- Up-to-date: /home/rassito/microros_ws/install/lifecycle_msgs/include/lifecycle_msgs/lifecycle_msgs/srv/detail/change_state__rosidl_typesupport_introspection_cpp.hpp
[1.539s] -- Up-to-date: /home/rassito/microros_ws/install/lifecycle_msgs/include/lifecycle_msgs/lifecycle_msgs/srv/detail/get_state__type_support.cpp
[1.539s] -- Up-to-date: /home/rassito/microros_ws/install/lifecycle_msgs/include/lifecycle_msgs/lifecycle_msgs/srv/detail/get_available_transitions__rosidl_typesupport_introspection_cpp.hpp
[1.539s] -- Up-to-date: /home/rassito/microros_ws/install/lifecycle_msgs/include/lifecycle_msgs/lifecycle_msgs/srv/detail/change_state__type_support.cpp
[1.539s] -- Up-to-date: /home/rassito/microros_ws/install/lifecycle_msgs/include/lifecycle_msgs/lifecycle_msgs/srv/detail/get_state__rosidl_typesupport_introspection_cpp.hpp
[1.540s] -- Up-to-date: /home/rassito/microros_ws/install/lifecycle_msgs/include/lifecycle_msgs/lifecycle_msgs/msg
[1.540s] -- Up-to-date: /home/rassito/microros_ws/install/lifecycle_msgs/include/lifecycle_msgs/lifecycle_msgs/msg/detail
[1.540s] -- Up-to-date: /home/rassito/microros_ws/install/lifecycle_msgs/include/lifecycle_msgs/lifecycle_msgs/msg/detail/transition__rosidl_typesupport_introspection_cpp.hpp
[1.540s] -- Up-to-date: /home/rassito/microros_ws/install/lifecycle_msgs/include/lifecycle_msgs/lifecycle_msgs/msg/detail/transition_description__rosidl_typesupport_introspection_cpp.hpp
[1.540s] -- Up-to-date: /home/rassito/microros_ws/install/lifecycle_msgs/include/lifecycle_msgs/lifecycle_msgs/msg/detail/transition_event__type_support.cpp
[1.540s] -- Up-to-date: /home/rassito/microros_ws/install/lifecycle_msgs/include/lifecycle_msgs/lifecycle_msgs/msg/detail/transition__type_support.cpp
[1.540s] -- Up-to-date: /home/rassito/microros_ws/install/lifecycle_msgs/include/lifecycle_msgs/lifecycle_msgs/msg/detail/state__type_support.cpp
[1.540s] -- Up-to-date: /home/rassito/microros_ws/install/lifecycle_msgs/include/lifecycle_msgs/lifecycle_msgs/msg/detail/transition_description__type_support.cpp
[1.540s] -- Up-to-date: /home/rassito/microros_ws/install/lifecycle_msgs/include/lifecycle_msgs/lifecycle_msgs/msg/detail/transition_event__rosidl_typesupport_introspection_cpp.hpp
[1.540s] -- Up-to-date: /home/rassito/microros_ws/install/lifecycle_msgs/include/lifecycle_msgs/lifecycle_msgs/msg/detail/state__rosidl_typesupport_introspection_cpp.hpp
[1.540s] -- Up-to-date: /home/rassito/microros_ws/install/lifecycle_msgs/lib/liblifecycle_msgs__rosidl_typesupport_introspection_cpp.so
[1.540s] -- Up-to-date: /home/rassito/microros_ws/install/lifecycle_msgs/lib/liblifecycle_msgs__rosidl_typesupport_cpp.so
[1.540s] -- Up-to-date: /home/rassito/microros_ws/install/lifecycle_msgs/share/lifecycle_msgs/environment/pythonpath.sh
[1.540s] -- Up-to-date: /home/rassito/microros_ws/install/lifecycle_msgs/share/lifecycle_msgs/environment/pythonpath.dsv
[1.540s] -- Up-to-date: /home/rassito/microros_ws/install/lifecycle_msgs/lib/python3.12/site-packages/lifecycle_msgs-2.0.2-py3.12.egg-info
[1.540s] -- Installing: /home/rassito/microros_ws/install/lifecycle_msgs/lib/python3.12/site-packages/lifecycle_msgs-2.0.2-py3.12.egg-info/top_level.txt
[1.540s] -- Installing: /home/rassito/microros_ws/install/lifecycle_msgs/lib/python3.12/site-packages/lifecycle_msgs-2.0.2-py3.12.egg-info/PKG-INFO
[1.540s] -- Installing: /home/rassito/microros_ws/install/lifecycle_msgs/lib/python3.12/site-packages/lifecycle_msgs-2.0.2-py3.12.egg-info/dependency_links.txt
[1.541s] -- Installing: /home/rassito/microros_ws/install/lifecycle_msgs/lib/python3.12/site-packages/lifecycle_msgs-2.0.2-py3.12.egg-info/SOURCES.txt
[1.541s] -- Up-to-date: /home/rassito/microros_ws/install/lifecycle_msgs/lib/python3.12/site-packages/lifecycle_msgs
[1.541s] -- Up-to-date: /home/rassito/microros_ws/install/lifecycle_msgs/lib/python3.12/site-packages/lifecycle_msgs/lifecycle_msgs_s__rosidl_typesupport_introspection_c.so
[1.541s] -- Up-to-date: /home/rassito/microros_ws/install/lifecycle_msgs/lib/python3.12/site-packages/lifecycle_msgs/lifecycle_msgs_s__rosidl_typesupport_fastrtps_c.so
[1.541s] -- Up-to-date: /home/rassito/microros_ws/install/lifecycle_msgs/lib/python3.12/site-packages/lifecycle_msgs/lifecycle_msgs_s__rosidl_typesupport_c.so
[1.541s] -- Up-to-date: /home/rassito/microros_ws/install/lifecycle_msgs/lib/python3.12/site-packages/lifecycle_msgs/_lifecycle_msgs_s.ep.rosidl_typesupport_c.c
[1.541s] -- Up-to-date: /home/rassito/microros_ws/install/lifecycle_msgs/lib/python3.12/site-packages/lifecycle_msgs/_lifecycle_msgs_s.ep.rosidl_typesupport_microxrcedds_c.c
[1.541s] -- Up-to-date: /home/rassito/microros_ws/install/lifecycle_msgs/lib/python3.12/site-packages/lifecycle_msgs/srv
[1.541s] -- Up-to-date: /home/rassito/microros_ws/install/lifecycle_msgs/lib/python3.12/site-packages/lifecycle_msgs/srv/_change_state_s.c
[1.541s] -- Up-to-date: /home/rassito/microros_ws/install/lifecycle_msgs/lib/python3.12/site-packages/lifecycle_msgs/srv/_get_state.py
[1.541s] -- Up-to-date: /home/rassito/microros_ws/install/lifecycle_msgs/lib/python3.12/site-packages/lifecycle_msgs/srv/_get_available_states_s.c
[1.541s] -- Up-to-date: /home/rassito/microros_ws/install/lifecycle_msgs/lib/python3.12/site-packages/lifecycle_msgs/srv/_get_available_states.py
[1.541s] -- Up-to-date: /home/rassito/microros_ws/install/lifecycle_msgs/lib/python3.12/site-packages/lifecycle_msgs/srv/_get_state_s.c
[1.541s] -- Up-to-date: /home/rassito/microros_ws/install/lifecycle_msgs/lib/python3.12/site-packages/lifecycle_msgs/srv/_change_state.py
[1.541s] -- Up-to-date: /home/rassito/microros_ws/install/lifecycle_msgs/lib/python3.12/site-packages/lifecycle_msgs/srv/_get_available_transitions.py
[1.541s] -- Up-to-date: /home/rassito/microros_ws/install/lifecycle_msgs/lib/python3.12/site-packages/lifecycle_msgs/srv/__init__.py
[1.541s] -- Up-to-date: /home/rassito/microros_ws/install/lifecycle_msgs/lib/python3.12/site-packages/lifecycle_msgs/srv/_get_available_transitions_s.c
[1.541s] -- Up-to-date: /home/rassito/microros_ws/install/lifecycle_msgs/lib/python3.12/site-packages/lifecycle_msgs/_lifecycle_msgs_s.ep.rosidl_typesupport_introspection_c.c
[1.542s] -- Up-to-date: /home/rassito/microros_ws/install/lifecycle_msgs/lib/python3.12/site-packages/lifecycle_msgs/_lifecycle_msgs_s.ep.rosidl_typesupport_fastrtps_c.c
[1.542s] -- Up-to-date: /home/rassito/microros_ws/install/lifecycle_msgs/lib/python3.12/site-packages/lifecycle_msgs/lifecycle_msgs_s__rosidl_typesupport_microxrcedds_c.so
[1.542s] -- Up-to-date: /home/rassito/microros_ws/install/lifecycle_msgs/lib/python3.12/site-packages/lifecycle_msgs/msg
[1.542s] -- Up-to-date: /home/rassito/microros_ws/install/lifecycle_msgs/lib/python3.12/site-packages/lifecycle_msgs/msg/_transition_s.c
[1.542s] -- Up-to-date: /home/rassito/microros_ws/install/lifecycle_msgs/lib/python3.12/site-packages/lifecycle_msgs/msg/_transition_event_s.c
[1.542s] -- Up-to-date: /home/rassito/microros_ws/install/lifecycle_msgs/lib/python3.12/site-packages/lifecycle_msgs/msg/_state_s.c
[1.542s] -- Up-to-date: /home/rassito/microros_ws/install/lifecycle_msgs/lib/python3.12/site-packages/lifecycle_msgs/msg/_transition_description_s.c
[1.542s] -- Up-to-date: /home/rassito/microros_ws/install/lifecycle_msgs/lib/python3.12/site-packages/lifecycle_msgs/msg/_transition.py
[1.542s] -- Up-to-date: /home/rassito/microros_ws/install/lifecycle_msgs/lib/python3.12/site-packages/lifecycle_msgs/msg/_transition_description.py
[1.542s] -- Up-to-date: /home/rassito/microros_ws/install/lifecycle_msgs/lib/python3.12/site-packages/lifecycle_msgs/msg/_state.py
[1.542s] -- Up-to-date: /home/rassito/microros_ws/install/lifecycle_msgs/lib/python3.12/site-packages/lifecycle_msgs/msg/_transition_event.py
[1.542s] -- Up-to-date: /home/rassito/microros_ws/install/lifecycle_msgs/lib/python3.12/site-packages/lifecycle_msgs/msg/__init__.py
[1.543s] -- Installing: /home/rassito/microros_ws/install/lifecycle_msgs/lib/python3.12/site-packages/lifecycle_msgs/__init__.py
[1.564s] Listing '/home/rassito/microros_ws/install/lifecycle_msgs/lib/python3.12/site-packages/lifecycle_msgs'...
[1.564s] Compiling '/home/rassito/microros_ws/install/lifecycle_msgs/lib/python3.12/site-packages/lifecycle_msgs/__init__.py'...
[1.564s] Listing '/home/rassito/microros_ws/install/lifecycle_msgs/lib/python3.12/site-packages/lifecycle_msgs/msg'...
[1.564s] Listing '/home/rassito/microros_ws/install/lifecycle_msgs/lib/python3.12/site-packages/lifecycle_msgs/srv'...
[1.568s] -- Up-to-date: /home/rassito/microros_ws/install/lifecycle_msgs/lib/python3.12/site-packages/lifecycle_msgs/lifecycle_msgs_s__rosidl_typesupport_microxrcedds_c.so
[1.568s] -- Up-to-date: /home/rassito/microros_ws/install/lifecycle_msgs/lib/python3.12/site-packages/lifecycle_msgs/lifecycle_msgs_s__rosidl_typesupport_fastrtps_c.so
[1.568s] -- Up-to-date: /home/rassito/microros_ws/install/lifecycle_msgs/lib/python3.12/site-packages/lifecycle_msgs/lifecycle_msgs_s__rosidl_typesupport_introspection_c.so
[1.569s] -- Up-to-date: /home/rassito/microros_ws/install/lifecycle_msgs/lib/python3.12/site-packages/lifecycle_msgs/lifecycle_msgs_s__rosidl_typesupport_c.so
[1.569s] -- Up-to-date: /home/rassito/microros_ws/install/lifecycle_msgs/lib/liblifecycle_msgs__rosidl_generator_py.so
[1.569s] -- Up-to-date: /home/rassito/microros_ws/install/lifecycle_msgs/share/lifecycle_msgs/msg/State.idl
[1.569s] -- Up-to-date: /home/rassito/microros_ws/install/lifecycle_msgs/share/lifecycle_msgs/msg/Transition.idl
[1.569s] -- Up-to-date: /home/rassito/microros_ws/install/lifecycle_msgs/share/lifecycle_msgs/msg/TransitionDescription.idl
[1.569s] -- Up-to-date: /home/rassito/microros_ws/install/lifecycle_msgs/share/lifecycle_msgs/msg/TransitionEvent.idl
[1.569s] -- Up-to-date: /home/rassito/microros_ws/install/lifecycle_msgs/share/lifecycle_msgs/srv/ChangeState.idl
[1.569s] -- Up-to-date: /home/rassito/microros_ws/install/lifecycle_msgs/share/lifecycle_msgs/srv/GetAvailableStates.idl
[1.569s] -- Up-to-date: /home/rassito/microros_ws/install/lifecycle_msgs/share/lifecycle_msgs/srv/GetAvailableTransitions.idl
[1.569s] -- Up-to-date: /home/rassito/microros_ws/install/lifecycle_msgs/share/lifecycle_msgs/srv/GetState.idl
[1.570s] -- Up-to-date: /home/rassito/microros_ws/install/lifecycle_msgs/share/lifecycle_msgs/msg/State.msg
[1.570s] -- Up-to-date: /home/rassito/microros_ws/install/lifecycle_msgs/share/lifecycle_msgs/msg/Transition.msg
[1.570s] -- Up-to-date: /home/rassito/microros_ws/install/lifecycle_msgs/share/lifecycle_msgs/msg/TransitionDescription.msg
[1.570s] -- Up-to-date: /home/rassito/microros_ws/install/lifecycle_msgs/share/lifecycle_msgs/msg/TransitionEvent.msg
[1.570s] -- Up-to-date: /home/rassito/microros_ws/install/lifecycle_msgs/share/lifecycle_msgs/srv/ChangeState.srv
[1.570s] -- Up-to-date: /home/rassito/microros_ws/install/lifecycle_msgs/share/lifecycle_msgs/srv/GetAvailableStates.srv
[1.570s] -- Up-to-date: /home/rassito/microros_ws/install/lifecycle_msgs/share/lifecycle_msgs/srv/GetAvailableTransitions.srv
[1.570s] -- Up-to-date: /home/rassito/microros_ws/install/lifecycle_msgs/share/lifecycle_msgs/srv/GetState.srv
[1.570s] -- Up-to-date: /home/rassito/microros_ws/install/lifecycle_msgs/share/ament_index/resource_index/package_run_dependencies/lifecycle_msgs
[1.570s] -- Up-to-date: /home/rassito/microros_ws/install/lifecycle_msgs/share/ament_index/resource_index/parent_prefix_path/lifecycle_msgs
[1.571s] -- Up-to-date: /home/rassito/microros_ws/install/lifecycle_msgs/share/lifecycle_msgs/environment/ament_prefix_path.sh
[1.571s] -- Up-to-date: /home/rassito/microros_ws/install/lifecycle_msgs/share/lifecycle_msgs/environment/ament_prefix_path.dsv
[1.571s] -- Up-to-date: /home/rassito/microros_ws/install/lifecycle_msgs/share/lifecycle_msgs/environment/path.sh
[1.571s] -- Up-to-date: /home/rassito/microros_ws/install/lifecycle_msgs/share/lifecycle_msgs/environment/path.dsv
[1.571s] -- Up-to-date: /home/rassito/microros_ws/install/lifecycle_msgs/share/lifecycle_msgs/local_setup.bash
[1.571s] -- Up-to-date: /home/rassito/microros_ws/install/lifecycle_msgs/share/lifecycle_msgs/local_setup.sh
[1.571s] -- Up-to-date: /home/rassito/microros_ws/install/lifecycle_msgs/share/lifecycle_msgs/local_setup.zsh
[1.571s] -- Up-to-date: /home/rassito/microros_ws/install/lifecycle_msgs/share/lifecycle_msgs/local_setup.dsv
[1.571s] -- Installing: /home/rassito/microros_ws/install/lifecycle_msgs/share/lifecycle_msgs/package.dsv
[1.571s] -- Up-to-date: /home/rassito/microros_ws/install/lifecycle_msgs/share/ament_index/resource_index/packages/lifecycle_msgs
[1.571s] -- Up-to-date: /home/rassito/microros_ws/install/lifecycle_msgs/share/lifecycle_msgs/cmake/export_lifecycle_msgs__rosidl_generator_cExport.cmake
[1.572s] -- Up-to-date: /home/rassito/microros_ws/install/lifecycle_msgs/share/lifecycle_msgs/cmake/export_lifecycle_msgs__rosidl_generator_cExport-noconfig.cmake
[1.572s] -- Up-to-date: /home/rassito/microros_ws/install/lifecycle_msgs/share/lifecycle_msgs/cmake/export_lifecycle_msgs__rosidl_typesupport_fastrtps_cExport.cmake
[1.572s] -- Up-to-date: /home/rassito/microros_ws/install/lifecycle_msgs/share/lifecycle_msgs/cmake/export_lifecycle_msgs__rosidl_typesupport_fastrtps_cExport-noconfig.cmake
[1.572s] -- Up-to-date: /home/rassito/microros_ws/install/lifecycle_msgs/share/lifecycle_msgs/cmake/lifecycle_msgs__rosidl_typesupport_introspection_cExport.cmake
[1.572s] -- Up-to-date: /home/rassito/microros_ws/install/lifecycle_msgs/share/lifecycle_msgs/cmake/lifecycle_msgs__rosidl_typesupport_introspection_cExport-noconfig.cmake
[1.572s] -- Up-to-date: /home/rassito/microros_ws/install/lifecycle_msgs/share/lifecycle_msgs/cmake/lifecycle_msgs__rosidl_typesupport_cExport.cmake
[1.572s] -- Up-to-date: /home/rassito/microros_ws/install/lifecycle_msgs/share/lifecycle_msgs/cmake/lifecycle_msgs__rosidl_typesupport_cExport-noconfig.cmake
[1.572s] -- Up-to-date: /home/rassito/microros_ws/install/lifecycle_msgs/share/lifecycle_msgs/cmake/export_lifecycle_msgs__rosidl_generator_cppExport.cmake
[1.572s] -- Up-to-date: /home/rassito/microros_ws/install/lifecycle_msgs/share/lifecycle_msgs/cmake/export_lifecycle_msgs__rosidl_typesupport_fastrtps_cppExport.cmake
[1.572s] -- Up-to-date: /home/rassito/microros_ws/install/lifecycle_msgs/share/lifecycle_msgs/cmake/export_lifecycle_msgs__rosidl_typesupport_fastrtps_cppExport-noconfig.cmake
[1.572s] -- Up-to-date: /home/rassito/microros_ws/install/lifecycle_msgs/share/lifecycle_msgs/cmake/lifecycle_msgs__rosidl_typesupport_introspection_cppExport.cmake
[1.573s] -- Up-to-date: /home/rassito/microros_ws/install/lifecycle_msgs/share/lifecycle_msgs/cmake/lifecycle_msgs__rosidl_typesupport_introspection_cppExport-noconfig.cmake
[1.573s] -- Up-to-date: /home/rassito/microros_ws/install/lifecycle_msgs/share/lifecycle_msgs/cmake/lifecycle_msgs__rosidl_typesupport_cppExport.cmake
[1.573s] -- Up-to-date: /home/rassito/microros_ws/install/lifecycle_msgs/share/lifecycle_msgs/cmake/lifecycle_msgs__rosidl_typesupport_cppExport-noconfig.cmake
[1.573s] -- Up-to-date: /home/rassito/microros_ws/install/lifecycle_msgs/share/lifecycle_msgs/cmake/export_lifecycle_msgs__rosidl_generator_pyExport.cmake
[1.573s] -- Up-to-date: /home/rassito/microros_ws/install/lifecycle_msgs/share/lifecycle_msgs/cmake/export_lifecycle_msgs__rosidl_generator_pyExport-noconfig.cmake
[1.573s] -- Up-to-date: /home/rassito/microros_ws/install/lifecycle_msgs/share/lifecycle_msgs/cmake/rosidl_cmake-extras.cmake
[1.573s] -- Up-to-date: /home/rassito/microros_ws/install/lifecycle_msgs/share/lifecycle_msgs/cmake/ament_cmake_export_dependencies-extras.cmake
[1.573s] -- Up-to-date: /home/rassito/microros_ws/install/lifecycle_msgs/share/lifecycle_msgs/cmake/ament_cmake_export_include_directories-extras.cmake
[1.573s] -- Up-to-date: /home/rassito/microros_ws/install/lifecycle_msgs/share/lifecycle_msgs/cmake/ament_cmake_export_libraries-extras.cmake
[1.573s] -- Up-to-date: /home/rassito/microros_ws/install/lifecycle_msgs/share/lifecycle_msgs/cmake/ament_cmake_export_targets-extras.cmake
[1.573s] -- Up-to-date: /home/rassito/microros_ws/install/lifecycle_msgs/share/lifecycle_msgs/cmake/rosidl_cmake_export_typesupport_targets-extras.cmake
[1.573s] -- Up-to-date: /home/rassito/microros_ws/install/lifecycle_msgs/share/lifecycle_msgs/cmake/rosidl_cmake_export_typesupport_libraries-extras.cmake
[1.573s] -- Up-to-date: /home/rassito/microros_ws/install/lifecycle_msgs/share/lifecycle_msgs/cmake/lifecycle_msgsConfig.cmake
[1.573s] -- Up-to-date: /home/rassito/microros_ws/install/lifecycle_msgs/share/lifecycle_msgs/cmake/lifecycle_msgsConfig-version.cmake
[1.573s] -- Up-to-date: /home/rassito/microros_ws/install/lifecycle_msgs/share/lifecycle_msgs/package.xml
[1.612s] Invoked command in '/home/rassito/microros_ws/build/lifecycle_msgs' returned '0': CMAKE_PREFIX_PATH=${CMAKE_PREFIX_PATH}:/home/rassito/microros_ws/install/sensor_msgs_py:/home/rassito/ros_ws/install/super_pkg:/opt/ros/jazzy DEBUGINFOD_URLS=https://debuginfod.ubuntu.com /usr/bin/cmake --install /home/rassito/microros_ws/build/lifecycle_msgs
