[0.045s] Invoking command in '/home/rassito/microros_ws/build/service_msgs': CMAKE_PREFIX_PATH=/home/rassito/microros_ws/install/builtin_interfaces:/home/rassito/microros_ws/install/micro_ros_demos_rclc:/home/rassito/microros_ws/install/common_interfaces:/home/rassito/microros_ws/install/visualization_msgs:/home/rassito/microros_ws/install/action_msgs:/home/rassito/microros_ws/install/unique_identifier_msgs:/home/rassito/microros_ws/install/type_description_interfaces:/home/rassito/microros_ws/install/trajectory_msgs:/home/rassito/microros_ws/install/test_msgs:/home/rassito/microros_ws/install/test_interface_files:/home/rassito/microros_ws/install/stereo_msgs:/home/rassito/microros_ws/install/std_srvs:/home/rassito/microros_ws/install/shape_msgs:/home/rassito/microros_ws/install/sensor_msgs:/home/rassito/microros_ws/install/nav_msgs:/home/rassito/microros_ws/install/diagnostic_msgs:/home/rassito/microros_ws/install/geometry_msgs:/home/rassito/microros_ws/install/actionlib_msgs:/home/rassito/microros_ws/install/std_msgs:/home/rassito/microros_ws/install/statistics_msgs:/home/rassito/microros_ws/install/service_msgs:/home/rassito/microros_ws/install/rosidl_typesupport_microxrcedds_test_msg:/home/rassito/microros_ws/install/rosidl_typesupport_microxrcedds_cpp_tests:/home/rassito/microros_ws/install/rmw_microxrcedds:/home/rassito/microros_ws/install/rosidl_typesupport_microxrcedds_cpp:/home/rassito/microros_ws/install/rosidl_typesupport_microxrcedds_c_tests:/home/rassito/microros_ws/install/rosidl_typesupport_microxrcedds_c:/home/rassito/microros_ws/install/rosgraph_msgs:/home/rassito/microros_ws/install/rclc_parameter:/home/rassito/microros_ws/install/rclc:/home/rassito/microros_ws/install/composition_interfaces:/home/rassito/microros_ws/install/rcl_interfaces:/home/rassito/microros_ws/install/microxrcedds_client:/home/rassito/microros_ws/install/microcdr:/home/rassito/microros_ws/install/micro_ros_utilities:/home/rassito/microros_ws/install/micro_ros_setup:/home/rassito/microros_ws/install/micro_ros_agent:/home/rassito/microros_ws/install/micro_ros_msgs:/home/rassito/microros_ws/install/lifecycle_msgs:/home/rassito/microros_ws/install/example_interfaces:/home/rassito/microros_ws/install/complex_msgs:/opt/ros/jazzy/opt/sdformat_vendor:/opt/ros/jazzy/opt/gz_math_vendor:/opt/ros/jazzy/opt/gz_utils_vendor:/opt/ros/jazzy/opt/gz_tools_vendor:/opt/ros/jazzy/opt/gz_cmake_vendor:/home/rassito/microros_ws/install/sensor_msgs_py:/home/rassito/ros_ws/install/super_pkg:/opt/ros/jazzy DEBUGINFOD_URLS=https://debuginfod.ubuntu.com LD_LIBRARY_PATH=/home/rassito/microros_ws/install/builtin_interfaces/lib:/home/rassito/microros_ws/install/visualization_msgs/lib:/home/rassito/microros_ws/install/action_msgs/lib:/home/rassito/microros_ws/install/unique_identifier_msgs/lib:/home/rassito/microros_ws/install/type_description_interfaces/lib:/home/rassito/microros_ws/install/trajectory_msgs/lib:/home/rassito/microros_ws/install/test_msgs/lib:/home/rassito/microros_ws/install/stereo_msgs/lib:/home/rassito/microros_ws/install/std_srvs/lib:/home/rassito/microros_ws/install/shape_msgs/lib:/home/rassito/microros_ws/install/sensor_msgs/lib:/home/rassito/microros_ws/install/nav_msgs/lib:/home/rassito/microros_ws/install/diagnostic_msgs/lib:/home/rassito/microros_ws/install/geometry_msgs/lib:/home/rassito/microros_ws/install/actionlib_msgs/lib:/home/rassito/microros_ws/install/std_msgs/lib:/home/rassito/microros_ws/install/statistics_msgs/lib:/home/rassito/microros_ws/install/service_msgs/lib:/home/rassito/microros_ws/install/rmw_microxrcedds/lib:/home/rassito/microros_ws/install/rosidl_typesupport_microxrcedds_cpp/lib:/home/rassito/microros_ws/install/rosidl_typesupport_microxrcedds_c/lib:/home/rassito/microros_ws/install/rosgraph_msgs/lib:/home/rassito/microros_ws/install/rclc_parameter/lib:/home/rassito/microros_ws/install/rclc/lib:/home/rassito/microros_ws/install/composition_interfaces/lib:/home/rassito/microros_ws/install/rcl_interfaces/lib:/home/rassito/microros_ws/install/microxrcedds_client/lib:/home/rassito/microros_ws/install/microcdr/lib:/home/rassito/microros_ws/install/micro_ros_utilities/lib:/home/rassito/microros_ws/install/micro_ros_agent/lib:/home/rassito/microros_ws/install/micro_ros_msgs/lib:/home/rassito/microros_ws/install/lifecycle_msgs/lib:/home/rassito/microros_ws/install/example_interfaces/lib:/home/rassito/microros_ws/install/complex_msgs/lib:/opt/ros/jazzy/opt/sdformat_vendor/lib:/opt/ros/jazzy/opt/rviz_ogre_vendor/lib:/opt/ros/jazzy/lib/x86_64-linux-gnu:/opt/ros/jazzy/opt/gz_math_vendor/lib:/opt/ros/jazzy/opt/gz_utils_vendor/lib:/opt/ros/jazzy/opt/gz_tools_vendor/lib:/opt/ros/jazzy/opt/gz_cmake_vendor/lib:/opt/ros/jazzy/lib PYTHONPATH=/home/rassito/microros_ws/install/builtin_interfaces/lib/python3.12/site-packages:/home/rassito/microros_ws/install/visualization_msgs/lib/python3.12/site-packages:/home/rassito/microros_ws/install/action_msgs/lib/python3.12/site-packages:/home/rassito/microros_ws/install/unique_identifier_msgs/lib/python3.12/site-packages:/home/rassito/microros_ws/install/type_description_interfaces/lib/python3.12/site-packages:/home/rassito/microros_ws/install/trajectory_msgs/lib/python3.12/site-packages:/home/rassito/microros_ws/install/test_msgs/lib/python3.12/site-packages:/home/rassito/microros_ws/install/stereo_msgs/lib/python3.12/site-packages:/home/rassito/microros_ws/install/std_srvs/lib/python3.12/site-packages:/home/rassito/microros_ws/install/shape_msgs/lib/python3.12/site-packages:/home/rassito/microros_ws/install/sensor_msgs_py/lib/python3.12/site-packages:/home/rassito/microros_ws/install/sensor_msgs/lib/python3.12/site-packages:/home/rassito/microros_ws/install/nav_msgs/lib/python3.12/site-packages:/home/rassito/microros_ws/install/diagnostic_msgs/lib/python3.12/site-packages:/home/rassito/microros_ws/install/geometry_msgs/lib/python3.12/site-packages:/home/rassito/microros_ws/install/actionlib_msgs/lib/python3.12/site-packages:/home/rassito/microros_ws/install/std_msgs/lib/python3.12/site-packages:/home/rassito/microros_ws/install/statistics_msgs/lib/python3.12/site-packages:/home/rassito/microros_ws/install/service_msgs/lib/python3.12/site-packages:/home/rassito/microros_ws/install/rosidl_typesupport_microxrcedds_cpp/lib/python3.12/site-packages:/home/rassito/microros_ws/install/rosidl_typesupport_microxrcedds_c/lib/python3.12/site-packages:/home/rassito/microros_ws/install/rosgraph_msgs/lib/python3.12/site-packages:/home/rassito/microros_ws/install/composition_interfaces/lib/python3.12/site-packages:/home/rassito/microros_ws/install/rcl_interfaces/lib/python3.12/site-packages:/home/rassito/microros_ws/install/micro_ros_msgs/lib/python3.12/site-packages:/home/rassito/microros_ws/install/lifecycle_msgs/lib/python3.12/site-packages:/home/rassito/microros_ws/install/example_interfaces/lib/python3.12/site-packages:/home/rassito/microros_ws/install/complex_msgs/lib/python3.12/site-packages:/home/rassito/ros_ws/build/super_pkg:/home/rassito/ros_ws/install/super_pkg/lib/python3.12/site-packages:/opt/ros/jazzy/lib/python3.12/site-packages /usr/bin/cmake --build /home/rassito/microros_ws/build/service_msgs -- -j16 -l16
[0.091s] [  2%] Built target service_msgs__rosidl_generator_type_description
[0.104s] [  2%] Built target ament_cmake_python_copy_service_msgs
[0.125s] [  4%] Built target service_msgs__cpp
[0.131s] [ 16%] Built target service_msgs__rosidl_generator_c
[0.180s] [ 23%] Built target service_msgs__rosidl_typesupport_fastrtps_c
[0.184s] [ 30%] Built target service_msgs__rosidl_typesupport_microxrcedds_cpp
[0.209s] [ 38%] Built target service_msgs__rosidl_typesupport_microxrcedds_c
[0.209s] [ 45%] Built target service_msgs__rosidl_typesupport_introspection_cpp
[0.209s] [ 52%] Built target service_msgs__rosidl_typesupport_introspection_c
[0.217s] [ 59%] Built target service_msgs__rosidl_typesupport_fastrtps_cpp
[0.229s] [ 66%] Built target service_msgs__rosidl_typesupport_cpp
[0.238s] [ 73%] Built target service_msgs__rosidl_typesupport_c
[0.321s] [ 73%] Built target service_msgs
[0.364s] [ 76%] Built target service_msgs__py
[0.426s] [ 80%] Built target service_msgs__rosidl_generator_py
[0.459s] [ 85%] Built target service_msgs_s__rosidl_typesupport_introspection_c
[0.459s] [ 90%] Built target service_msgs_s__rosidl_typesupport_fastrtps_c
[0.460s] [ 95%] Built target service_msgs_s__rosidl_typesupport_microxrcedds_c
[0.462s] [100%] Built target service_msgs_s__rosidl_typesupport_c
[0.470s] running egg_info
[0.496s] writing service_msgs.egg-info/PKG-INFO
[0.496s] writing dependency_links to service_msgs.egg-info/dependency_links.txt
[0.496s] writing top-level names to service_msgs.egg-info/top_level.txt
[0.558s] reading manifest file 'service_msgs.egg-info/SOURCES.txt'
[0.558s] writing manifest file 'service_msgs.egg-info/SOURCES.txt'
[0.584s] [100%] Built target ament_cmake_python_build_service_msgs_egg
[0.593s] Invoked command in '/home/rassito/microros_ws/build/service_msgs' returned '0': CMAKE_PREFIX_PATH=/home/rassito/microros_ws/install/builtin_interfaces:/home/rassito/microros_ws/install/micro_ros_demos_rclc:/home/rassito/microros_ws/install/common_interfaces:/home/rassito/microros_ws/install/visualization_msgs:/home/rassito/microros_ws/install/action_msgs:/home/rassito/microros_ws/install/unique_identifier_msgs:/home/rassito/microros_ws/install/type_description_interfaces:/home/rassito/microros_ws/install/trajectory_msgs:/home/rassito/microros_ws/install/test_msgs:/home/rassito/microros_ws/install/test_interface_files:/home/rassito/microros_ws/install/stereo_msgs:/home/rassito/microros_ws/install/std_srvs:/home/rassito/microros_ws/install/shape_msgs:/home/rassito/microros_ws/install/sensor_msgs:/home/rassito/microros_ws/install/nav_msgs:/home/rassito/microros_ws/install/diagnostic_msgs:/home/rassito/microros_ws/install/geometry_msgs:/home/rassito/microros_ws/install/actionlib_msgs:/home/rassito/microros_ws/install/std_msgs:/home/rassito/microros_ws/install/statistics_msgs:/home/rassito/microros_ws/install/service_msgs:/home/rassito/microros_ws/install/rosidl_typesupport_microxrcedds_test_msg:/home/rassito/microros_ws/install/rosidl_typesupport_microxrcedds_cpp_tests:/home/rassito/microros_ws/install/rmw_microxrcedds:/home/rassito/microros_ws/install/rosidl_typesupport_microxrcedds_cpp:/home/rassito/microros_ws/install/rosidl_typesupport_microxrcedds_c_tests:/home/rassito/microros_ws/install/rosidl_typesupport_microxrcedds_c:/home/rassito/microros_ws/install/rosgraph_msgs:/home/rassito/microros_ws/install/rclc_parameter:/home/rassito/microros_ws/install/rclc:/home/rassito/microros_ws/install/composition_interfaces:/home/rassito/microros_ws/install/rcl_interfaces:/home/rassito/microros_ws/install/microxrcedds_client:/home/rassito/microros_ws/install/microcdr:/home/rassito/microros_ws/install/micro_ros_utilities:/home/rassito/microros_ws/install/micro_ros_setup:/home/rassito/microros_ws/install/micro_ros_agent:/home/rassito/microros_ws/install/micro_ros_msgs:/home/rassito/microros_ws/install/lifecycle_msgs:/home/rassito/microros_ws/install/example_interfaces:/home/rassito/microros_ws/install/complex_msgs:/opt/ros/jazzy/opt/sdformat_vendor:/opt/ros/jazzy/opt/gz_math_vendor:/opt/ros/jazzy/opt/gz_utils_vendor:/opt/ros/jazzy/opt/gz_tools_vendor:/opt/ros/jazzy/opt/gz_cmake_vendor:/home/rassito/microros_ws/install/sensor_msgs_py:/home/rassito/ros_ws/install/super_pkg:/opt/ros/jazzy DEBUGINFOD_URLS=https://debuginfod.ubuntu.com LD_LIBRARY_PATH=/home/rassito/microros_ws/install/builtin_interfaces/lib:/home/rassito/microros_ws/install/visualization_msgs/lib:/home/rassito/microros_ws/install/action_msgs/lib:/home/rassito/microros_ws/install/unique_identifier_msgs/lib:/home/rassito/microros_ws/install/type_description_interfaces/lib:/home/rassito/microros_ws/install/trajectory_msgs/lib:/home/rassito/microros_ws/install/test_msgs/lib:/home/rassito/microros_ws/install/stereo_msgs/lib:/home/rassito/microros_ws/install/std_srvs/lib:/home/rassito/microros_ws/install/shape_msgs/lib:/home/rassito/microros_ws/install/sensor_msgs/lib:/home/rassito/microros_ws/install/nav_msgs/lib:/home/rassito/microros_ws/install/diagnostic_msgs/lib:/home/rassito/microros_ws/install/geometry_msgs/lib:/home/rassito/microros_ws/install/actionlib_msgs/lib:/home/rassito/microros_ws/install/std_msgs/lib:/home/rassito/microros_ws/install/statistics_msgs/lib:/home/rassito/microros_ws/install/service_msgs/lib:/home/rassito/microros_ws/install/rmw_microxrcedds/lib:/home/rassito/microros_ws/install/rosidl_typesupport_microxrcedds_cpp/lib:/home/rassito/microros_ws/install/rosidl_typesupport_microxrcedds_c/lib:/home/rassito/microros_ws/install/rosgraph_msgs/lib:/home/rassito/microros_ws/install/rclc_parameter/lib:/home/rassito/microros_ws/install/rclc/lib:/home/rassito/microros_ws/install/composition_interfaces/lib:/home/rassito/microros_ws/install/rcl_interfaces/lib:/home/rassito/microros_ws/install/microxrcedds_client/lib:/home/rassito/microros_ws/install/microcdr/lib:/home/rassito/microros_ws/install/micro_ros_utilities/lib:/home/rassito/microros_ws/install/micro_ros_agent/lib:/home/rassito/microros_ws/install/micro_ros_msgs/lib:/home/rassito/microros_ws/install/lifecycle_msgs/lib:/home/rassito/microros_ws/install/example_interfaces/lib:/home/rassito/microros_ws/install/complex_msgs/lib:/opt/ros/jazzy/opt/sdformat_vendor/lib:/opt/ros/jazzy/opt/rviz_ogre_vendor/lib:/opt/ros/jazzy/lib/x86_64-linux-gnu:/opt/ros/jazzy/opt/gz_math_vendor/lib:/opt/ros/jazzy/opt/gz_utils_vendor/lib:/opt/ros/jazzy/opt/gz_tools_vendor/lib:/opt/ros/jazzy/opt/gz_cmake_vendor/lib:/opt/ros/jazzy/lib PYTHONPATH=/home/rassito/microros_ws/install/builtin_interfaces/lib/python3.12/site-packages:/home/rassito/microros_ws/install/visualization_msgs/lib/python3.12/site-packages:/home/rassito/microros_ws/install/action_msgs/lib/python3.12/site-packages:/home/rassito/microros_ws/install/unique_identifier_msgs/lib/python3.12/site-packages:/home/rassito/microros_ws/install/type_description_interfaces/lib/python3.12/site-packages:/home/rassito/microros_ws/install/trajectory_msgs/lib/python3.12/site-packages:/home/rassito/microros_ws/install/test_msgs/lib/python3.12/site-packages:/home/rassito/microros_ws/install/stereo_msgs/lib/python3.12/site-packages:/home/rassito/microros_ws/install/std_srvs/lib/python3.12/site-packages:/home/rassito/microros_ws/install/shape_msgs/lib/python3.12/site-packages:/home/rassito/microros_ws/install/sensor_msgs_py/lib/python3.12/site-packages:/home/rassito/microros_ws/install/sensor_msgs/lib/python3.12/site-packages:/home/rassito/microros_ws/install/nav_msgs/lib/python3.12/site-packages:/home/rassito/microros_ws/install/diagnostic_msgs/lib/python3.12/site-packages:/home/rassito/microros_ws/install/geometry_msgs/lib/python3.12/site-packages:/home/rassito/microros_ws/install/actionlib_msgs/lib/python3.12/site-packages:/home/rassito/microros_ws/install/std_msgs/lib/python3.12/site-packages:/home/rassito/microros_ws/install/statistics_msgs/lib/python3.12/site-packages:/home/rassito/microros_ws/install/service_msgs/lib/python3.12/site-packages:/home/rassito/microros_ws/install/rosidl_typesupport_microxrcedds_cpp/lib/python3.12/site-packages:/home/rassito/microros_ws/install/rosidl_typesupport_microxrcedds_c/lib/python3.12/site-packages:/home/rassito/microros_ws/install/rosgraph_msgs/lib/python3.12/site-packages:/home/rassito/microros_ws/install/composition_interfaces/lib/python3.12/site-packages:/home/rassito/microros_ws/install/rcl_interfaces/lib/python3.12/site-packages:/home/rassito/microros_ws/install/micro_ros_msgs/lib/python3.12/site-packages:/home/rassito/microros_ws/install/lifecycle_msgs/lib/python3.12/site-packages:/home/rassito/microros_ws/install/example_interfaces/lib/python3.12/site-packages:/home/rassito/microros_ws/install/complex_msgs/lib/python3.12/site-packages:/home/rassito/ros_ws/build/super_pkg:/home/rassito/ros_ws/install/super_pkg/lib/python3.12/site-packages:/opt/ros/jazzy/lib/python3.12/site-packages /usr/bin/cmake --build /home/rassito/microros_ws/build/service_msgs -- -j16 -l16
[0.594s] Invoking command in '/home/rassito/microros_ws/build/service_msgs': CMAKE_PREFIX_PATH=/home/rassito/microros_ws/install/builtin_interfaces:/home/rassito/microros_ws/install/micro_ros_demos_rclc:/home/rassito/microros_ws/install/common_interfaces:/home/rassito/microros_ws/install/visualization_msgs:/home/rassito/microros_ws/install/action_msgs:/home/rassito/microros_ws/install/unique_identifier_msgs:/home/rassito/microros_ws/install/type_description_interfaces:/home/rassito/microros_ws/install/trajectory_msgs:/home/rassito/microros_ws/install/test_msgs:/home/rassito/microros_ws/install/test_interface_files:/home/rassito/microros_ws/install/stereo_msgs:/home/rassito/microros_ws/install/std_srvs:/home/rassito/microros_ws/install/shape_msgs:/home/rassito/microros_ws/install/sensor_msgs:/home/rassito/microros_ws/install/nav_msgs:/home/rassito/microros_ws/install/diagnostic_msgs:/home/rassito/microros_ws/install/geometry_msgs:/home/rassito/microros_ws/install/actionlib_msgs:/home/rassito/microros_ws/install/std_msgs:/home/rassito/microros_ws/install/statistics_msgs:/home/rassito/microros_ws/install/service_msgs:/home/rassito/microros_ws/install/rosidl_typesupport_microxrcedds_test_msg:/home/rassito/microros_ws/install/rosidl_typesupport_microxrcedds_cpp_tests:/home/rassito/microros_ws/install/rmw_microxrcedds:/home/rassito/microros_ws/install/rosidl_typesupport_microxrcedds_cpp:/home/rassito/microros_ws/install/rosidl_typesupport_microxrcedds_c_tests:/home/rassito/microros_ws/install/rosidl_typesupport_microxrcedds_c:/home/rassito/microros_ws/install/rosgraph_msgs:/home/rassito/microros_ws/install/rclc_parameter:/home/rassito/microros_ws/install/rclc:/home/rassito/microros_ws/install/composition_interfaces:/home/rassito/microros_ws/install/rcl_interfaces:/home/rassito/microros_ws/install/microxrcedds_client:/home/rassito/microros_ws/install/microcdr:/home/rassito/microros_ws/install/micro_ros_utilities:/home/rassito/microros_ws/install/micro_ros_setup:/home/rassito/microros_ws/install/micro_ros_agent:/home/rassito/microros_ws/install/micro_ros_msgs:/home/rassito/microros_ws/install/lifecycle_msgs:/home/rassito/microros_ws/install/example_interfaces:/home/rassito/microros_ws/install/complex_msgs:/opt/ros/jazzy/opt/sdformat_vendor:/opt/ros/jazzy/opt/gz_math_vendor:/opt/ros/jazzy/opt/gz_utils_vendor:/opt/ros/jazzy/opt/gz_tools_vendor:/opt/ros/jazzy/opt/gz_cmake_vendor:/home/rassito/microros_ws/install/sensor_msgs_py:/home/rassito/ros_ws/install/super_pkg:/opt/ros/jazzy DEBUGINFOD_URLS=https://debuginfod.ubuntu.com LD_LIBRARY_PATH=/home/rassito/microros_ws/install/builtin_interfaces/lib:/home/rassito/microros_ws/install/visualization_msgs/lib:/home/rassito/microros_ws/install/action_msgs/lib:/home/rassito/microros_ws/install/unique_identifier_msgs/lib:/home/rassito/microros_ws/install/type_description_interfaces/lib:/home/rassito/microros_ws/install/trajectory_msgs/lib:/home/rassito/microros_ws/install/test_msgs/lib:/home/rassito/microros_ws/install/stereo_msgs/lib:/home/rassito/microros_ws/install/std_srvs/lib:/home/rassito/microros_ws/install/shape_msgs/lib:/home/rassito/microros_ws/install/sensor_msgs/lib:/home/rassito/microros_ws/install/nav_msgs/lib:/home/rassito/microros_ws/install/diagnostic_msgs/lib:/home/rassito/microros_ws/install/geometry_msgs/lib:/home/rassito/microros_ws/install/actionlib_msgs/lib:/home/rassito/microros_ws/install/std_msgs/lib:/home/rassito/microros_ws/install/statistics_msgs/lib:/home/rassito/microros_ws/install/service_msgs/lib:/home/rassito/microros_ws/install/rmw_microxrcedds/lib:/home/rassito/microros_ws/install/rosidl_typesupport_microxrcedds_cpp/lib:/home/rassito/microros_ws/install/rosidl_typesupport_microxrcedds_c/lib:/home/rassito/microros_ws/install/rosgraph_msgs/lib:/home/rassito/microros_ws/install/rclc_parameter/lib:/home/rassito/microros_ws/install/rclc/lib:/home/rassito/microros_ws/install/composition_interfaces/lib:/home/rassito/microros_ws/install/rcl_interfaces/lib:/home/rassito/microros_ws/install/microxrcedds_client/lib:/home/rassito/microros_ws/install/microcdr/lib:/home/rassito/microros_ws/install/micro_ros_utilities/lib:/home/rassito/microros_ws/install/micro_ros_agent/lib:/home/rassito/microros_ws/install/micro_ros_msgs/lib:/home/rassito/microros_ws/install/lifecycle_msgs/lib:/home/rassito/microros_ws/install/example_interfaces/lib:/home/rassito/microros_ws/install/complex_msgs/lib:/opt/ros/jazzy/opt/sdformat_vendor/lib:/opt/ros/jazzy/opt/rviz_ogre_vendor/lib:/opt/ros/jazzy/lib/x86_64-linux-gnu:/opt/ros/jazzy/opt/gz_math_vendor/lib:/opt/ros/jazzy/opt/gz_utils_vendor/lib:/opt/ros/jazzy/opt/gz_tools_vendor/lib:/opt/ros/jazzy/opt/gz_cmake_vendor/lib:/opt/ros/jazzy/lib PYTHONPATH=/home/rassito/microros_ws/install/builtin_interfaces/lib/python3.12/site-packages:/home/rassito/microros_ws/install/visualization_msgs/lib/python3.12/site-packages:/home/rassito/microros_ws/install/action_msgs/lib/python3.12/site-packages:/home/rassito/microros_ws/install/unique_identifier_msgs/lib/python3.12/site-packages:/home/rassito/microros_ws/install/type_description_interfaces/lib/python3.12/site-packages:/home/rassito/microros_ws/install/trajectory_msgs/lib/python3.12/site-packages:/home/rassito/microros_ws/install/test_msgs/lib/python3.12/site-packages:/home/rassito/microros_ws/install/stereo_msgs/lib/python3.12/site-packages:/home/rassito/microros_ws/install/std_srvs/lib/python3.12/site-packages:/home/rassito/microros_ws/install/shape_msgs/lib/python3.12/site-packages:/home/rassito/microros_ws/install/sensor_msgs_py/lib/python3.12/site-packages:/home/rassito/microros_ws/install/sensor_msgs/lib/python3.12/site-packages:/home/rassito/microros_ws/install/nav_msgs/lib/python3.12/site-packages:/home/rassito/microros_ws/install/diagnostic_msgs/lib/python3.12/site-packages:/home/rassito/microros_ws/install/geometry_msgs/lib/python3.12/site-packages:/home/rassito/microros_ws/install/actionlib_msgs/lib/python3.12/site-packages:/home/rassito/microros_ws/install/std_msgs/lib/python3.12/site-packages:/home/rassito/microros_ws/install/statistics_msgs/lib/python3.12/site-packages:/home/rassito/microros_ws/install/service_msgs/lib/python3.12/site-packages:/home/rassito/microros_ws/install/rosidl_typesupport_microxrcedds_cpp/lib/python3.12/site-packages:/home/rassito/microros_ws/install/rosidl_typesupport_microxrcedds_c/lib/python3.12/site-packages:/home/rassito/microros_ws/install/rosgraph_msgs/lib/python3.12/site-packages:/home/rassito/microros_ws/install/composition_interfaces/lib/python3.12/site-packages:/home/rassito/microros_ws/install/rcl_interfaces/lib/python3.12/site-packages:/home/rassito/microros_ws/install/micro_ros_msgs/lib/python3.12/site-packages:/home/rassito/microros_ws/install/lifecycle_msgs/lib/python3.12/site-packages:/home/rassito/microros_ws/install/example_interfaces/lib/python3.12/site-packages:/home/rassito/microros_ws/install/complex_msgs/lib/python3.12/site-packages:/home/rassito/ros_ws/build/super_pkg:/home/rassito/ros_ws/install/super_pkg/lib/python3.12/site-packages:/opt/ros/jazzy/lib/python3.12/site-packages /usr/bin/cmake --install /home/rassito/microros_ws/build/service_msgs
[0.602s] -- Install configuration: ""
[0.602s] -- Up-to-date: /home/rassito/microros_ws/install/service_msgs/share/ament_index/resource_index/rosidl_interfaces/service_msgs
[0.602s] -- Up-to-date: /home/rassito/microros_ws/install/service_msgs/share/service_msgs/msg/ServiceEventInfo.json
[0.602s] -- Up-to-date: /home/rassito/microros_ws/install/service_msgs/include/service_msgs/service_msgs
[0.602s] -- Up-to-date: /home/rassito/microros_ws/install/service_msgs/include/service_msgs/service_msgs/msg
[0.602s] -- Up-to-date: /home/rassito/microros_ws/install/service_msgs/include/service_msgs/service_msgs/msg/service_event_info.h
[0.602s] -- Up-to-date: /home/rassito/microros_ws/install/service_msgs/include/service_msgs/service_msgs/msg/detail
[0.602s] -- Installing: /home/rassito/microros_ws/install/service_msgs/include/service_msgs/service_msgs/msg/detail/service_event_info__type_support.c
[0.602s] -- Up-to-date: /home/rassito/microros_ws/install/service_msgs/include/service_msgs/service_msgs/msg/detail/service_event_info__functions.c
[0.602s] -- Up-to-date: /home/rassito/microros_ws/install/service_msgs/include/service_msgs/service_msgs/msg/detail/service_event_info__struct.h
[0.602s] -- Up-to-date: /home/rassito/microros_ws/install/service_msgs/include/service_msgs/service_msgs/msg/detail/service_event_info__description.c
[0.602s] -- Up-to-date: /home/rassito/microros_ws/install/service_msgs/include/service_msgs/service_msgs/msg/detail/service_event_info__functions.h
[0.603s] -- Up-to-date: /home/rassito/microros_ws/install/service_msgs/include/service_msgs/service_msgs/msg/detail/service_event_info__type_support.h
[0.603s] -- Up-to-date: /home/rassito/microros_ws/install/service_msgs/include/service_msgs/service_msgs/msg/rosidl_generator_c__visibility_control.h
[0.603s] -- Up-to-date: /home/rassito/microros_ws/install/service_msgs/share/service_msgs/environment/library_path.sh
[0.603s] -- Up-to-date: /home/rassito/microros_ws/install/service_msgs/share/service_msgs/environment/library_path.dsv
[0.603s] -- Up-to-date: /home/rassito/microros_ws/install/service_msgs/lib/libservice_msgs__rosidl_generator_c.so
[0.603s] -- Up-to-date: /home/rassito/microros_ws/install/service_msgs/include/service_msgs/service_msgs
[0.603s] -- Up-to-date: /home/rassito/microros_ws/install/service_msgs/include/service_msgs/service_msgs/msg
[0.603s] -- Up-to-date: /home/rassito/microros_ws/install/service_msgs/include/service_msgs/service_msgs/msg/rosidl_typesupport_fastrtps_c__visibility_control.h
[0.603s] -- Up-to-date: /home/rassito/microros_ws/install/service_msgs/include/service_msgs/service_msgs/msg/detail
[0.603s] -- Up-to-date: /home/rassito/microros_ws/install/service_msgs/include/service_msgs/service_msgs/msg/detail/service_event_info__rosidl_typesupport_fastrtps_c.h
[0.603s] -- Up-to-date: /home/rassito/microros_ws/install/service_msgs/lib/libservice_msgs__rosidl_typesupport_fastrtps_c.so
[0.603s] -- Up-to-date: /home/rassito/microros_ws/install/service_msgs/include/service_msgs/service_msgs
[0.603s] -- Up-to-date: /home/rassito/microros_ws/install/service_msgs/include/service_msgs/service_msgs/msg
[0.603s] -- Up-to-date: /home/rassito/microros_ws/install/service_msgs/include/service_msgs/service_msgs/msg/rosidl_generator_cpp__visibility_control.hpp
[0.603s] -- Up-to-date: /home/rassito/microros_ws/install/service_msgs/include/service_msgs/service_msgs/msg/service_event_info.hpp
[0.603s] -- Up-to-date: /home/rassito/microros_ws/install/service_msgs/include/service_msgs/service_msgs/msg/detail
[0.603s] -- Up-to-date: /home/rassito/microros_ws/install/service_msgs/include/service_msgs/service_msgs/msg/detail/service_event_info__traits.hpp
[0.604s] -- Up-to-date: /home/rassito/microros_ws/install/service_msgs/include/service_msgs/service_msgs/msg/detail/service_event_info__type_support.hpp
[0.604s] -- Up-to-date: /home/rassito/microros_ws/install/service_msgs/include/service_msgs/service_msgs/msg/detail/service_event_info__builder.hpp
[0.604s] -- Up-to-date: /home/rassito/microros_ws/install/service_msgs/include/service_msgs/service_msgs/msg/detail/service_event_info__struct.hpp
[0.604s] -- Up-to-date: /home/rassito/microros_ws/install/service_msgs/include/service_msgs/service_msgs
[0.604s] -- Up-to-date: /home/rassito/microros_ws/install/service_msgs/include/service_msgs/service_msgs/msg
[0.604s] -- Up-to-date: /home/rassito/microros_ws/install/service_msgs/include/service_msgs/service_msgs/msg/rosidl_typesupport_fastrtps_cpp__visibility_control.h
[0.604s] -- Up-to-date: /home/rassito/microros_ws/install/service_msgs/include/service_msgs/service_msgs/msg/detail
[0.604s] -- Up-to-date: /home/rassito/microros_ws/install/service_msgs/include/service_msgs/service_msgs/msg/detail/service_event_info__rosidl_typesupport_fastrtps_cpp.hpp
[0.604s] -- Up-to-date: /home/rassito/microros_ws/install/service_msgs/include/service_msgs/service_msgs/msg/detail/dds_fastrtps
[0.604s] -- Up-to-date: /home/rassito/microros_ws/install/service_msgs/lib/libservice_msgs__rosidl_typesupport_fastrtps_cpp.so
[0.604s] -- Up-to-date: /home/rassito/microros_ws/install/service_msgs/include/service_msgs
[0.604s] -- Up-to-date: /home/rassito/microros_ws/install/service_msgs/include/service_msgs/msg
[0.604s] -- Up-to-date: /home/rassito/microros_ws/install/service_msgs/include/service_msgs/msg/detail
[0.604s] -- Up-to-date: /home/rassito/microros_ws/install/service_msgs/include/service_msgs/msg/detail/microxrcedds
[0.604s] -- Up-to-date: /home/rassito/microros_ws/install/service_msgs/include/service_msgs/msg/detail/service_event_info__rosidl_typesupport_microxrcedds_c.h
[0.604s] -- Up-to-date: /home/rassito/microros_ws/install/service_msgs/include/service_msgs/msg/rosidl_typesupport_microxrcedds_c__visibility_control.h
[0.604s] -- Up-to-date: /home/rassito/microros_ws/install/service_msgs/lib/libservice_msgs__rosidl_typesupport_microxrcedds_c.so
[0.604s] -- Up-to-date: /home/rassito/microros_ws/install/service_msgs/include/service_msgs/service_msgs
[0.604s] -- Up-to-date: /home/rassito/microros_ws/install/service_msgs/include/service_msgs/service_msgs/msg
[0.604s] -- Up-to-date: /home/rassito/microros_ws/install/service_msgs/include/service_msgs/service_msgs/msg/rosidl_typesupport_introspection_c__visibility_control.h
[0.605s] -- Up-to-date: /home/rassito/microros_ws/install/service_msgs/include/service_msgs/service_msgs/msg/detail
[0.605s] -- Installing: /home/rassito/microros_ws/install/service_msgs/include/service_msgs/service_msgs/msg/detail/service_event_info__type_support.c
[0.605s] -- Up-to-date: /home/rassito/microros_ws/install/service_msgs/include/service_msgs/service_msgs/msg/detail/service_event_info__rosidl_typesupport_introspection_c.h
[0.605s] -- Up-to-date: /home/rassito/microros_ws/install/service_msgs/lib/libservice_msgs__rosidl_typesupport_introspection_c.so
[0.605s] -- Up-to-date: /home/rassito/microros_ws/install/service_msgs/lib/libservice_msgs__rosidl_typesupport_c.so
[0.605s] -- Up-to-date: /home/rassito/microros_ws/install/service_msgs/include/service_msgs
[0.605s] -- Up-to-date: /home/rassito/microros_ws/install/service_msgs/include/service_msgs/msg
[0.605s] -- Up-to-date: /home/rassito/microros_ws/install/service_msgs/include/service_msgs/msg/rosidl_typesupport_microxrcedds_cpp__visibility_control.h
[0.605s] -- Up-to-date: /home/rassito/microros_ws/install/service_msgs/include/service_msgs/msg/detail
[0.605s] -- Up-to-date: /home/rassito/microros_ws/install/service_msgs/include/service_msgs/msg/detail/microxrcedds
[0.605s] -- Up-to-date: /home/rassito/microros_ws/install/service_msgs/include/service_msgs/msg/detail/microxrcedds/service_event_info__type_support_cpp.cpp
[0.605s] -- Up-to-date: /home/rassito/microros_ws/install/service_msgs/include/service_msgs/msg/detail/service_event_info__rosidl_typesupport_microxrcedds_cpp.hpp
[0.605s] -- Up-to-date: /home/rassito/microros_ws/install/service_msgs/lib/libservice_msgs__rosidl_typesupport_microxrcedds_cpp.so
[0.605s] -- Up-to-date: /home/rassito/microros_ws/install/service_msgs/include/service_msgs/service_msgs
[0.605s] -- Up-to-date: /home/rassito/microros_ws/install/service_msgs/include/service_msgs/service_msgs/msg
[0.605s] -- Up-to-date: /home/rassito/microros_ws/install/service_msgs/include/service_msgs/service_msgs/msg/detail
[0.605s] -- Up-to-date: /home/rassito/microros_ws/install/service_msgs/include/service_msgs/service_msgs/msg/detail/service_event_info__rosidl_typesupport_introspection_cpp.hpp
[0.605s] -- Up-to-date: /home/rassito/microros_ws/install/service_msgs/include/service_msgs/service_msgs/msg/detail/service_event_info__type_support.cpp
[0.605s] -- Up-to-date: /home/rassito/microros_ws/install/service_msgs/lib/libservice_msgs__rosidl_typesupport_introspection_cpp.so
[0.605s] -- Up-to-date: /home/rassito/microros_ws/install/service_msgs/lib/libservice_msgs__rosidl_typesupport_cpp.so
[0.605s] -- Up-to-date: /home/rassito/microros_ws/install/service_msgs/share/service_msgs/environment/pythonpath.sh
[0.605s] -- Up-to-date: /home/rassito/microros_ws/install/service_msgs/share/service_msgs/environment/pythonpath.dsv
[0.605s] -- Up-to-date: /home/rassito/microros_ws/install/service_msgs/lib/python3.12/site-packages/service_msgs-2.0.2-py3.12.egg-info
[0.606s] -- Installing: /home/rassito/microros_ws/install/service_msgs/lib/python3.12/site-packages/service_msgs-2.0.2-py3.12.egg-info/top_level.txt
[0.606s] -- Installing: /home/rassito/microros_ws/install/service_msgs/lib/python3.12/site-packages/service_msgs-2.0.2-py3.12.egg-info/PKG-INFO
[0.606s] -- Installing: /home/rassito/microros_ws/install/service_msgs/lib/python3.12/site-packages/service_msgs-2.0.2-py3.12.egg-info/dependency_links.txt
[0.606s] -- Installing: /home/rassito/microros_ws/install/service_msgs/lib/python3.12/site-packages/service_msgs-2.0.2-py3.12.egg-info/SOURCES.txt
[0.606s] -- Up-to-date: /home/rassito/microros_ws/install/service_msgs/lib/python3.12/site-packages/service_msgs
[0.606s] -- Up-to-date: /home/rassito/microros_ws/install/service_msgs/lib/python3.12/site-packages/service_msgs/service_msgs_s__rosidl_typesupport_c.so
[0.606s] -- Up-to-date: /home/rassito/microros_ws/install/service_msgs/lib/python3.12/site-packages/service_msgs/service_msgs_s__rosidl_typesupport_introspection_c.so
[0.606s] -- Up-to-date: /home/rassito/microros_ws/install/service_msgs/lib/python3.12/site-packages/service_msgs/_service_msgs_s.ep.rosidl_typesupport_c.c
[0.606s] -- Up-to-date: /home/rassito/microros_ws/install/service_msgs/lib/python3.12/site-packages/service_msgs/_service_msgs_s.ep.rosidl_typesupport_microxrcedds_c.c
[0.606s] -- Up-to-date: /home/rassito/microros_ws/install/service_msgs/lib/python3.12/site-packages/service_msgs/service_msgs_s__rosidl_typesupport_fastrtps_c.so
[0.606s] -- Up-to-date: /home/rassito/microros_ws/install/service_msgs/lib/python3.12/site-packages/service_msgs/_service_msgs_s.ep.rosidl_typesupport_fastrtps_c.c
[0.606s] -- Up-to-date: /home/rassito/microros_ws/install/service_msgs/lib/python3.12/site-packages/service_msgs/msg
[0.606s] -- Up-to-date: /home/rassito/microros_ws/install/service_msgs/lib/python3.12/site-packages/service_msgs/msg/_service_event_info_s.c
[0.606s] -- Up-to-date: /home/rassito/microros_ws/install/service_msgs/lib/python3.12/site-packages/service_msgs/msg/_service_event_info.py
[0.606s] -- Up-to-date: /home/rassito/microros_ws/install/service_msgs/lib/python3.12/site-packages/service_msgs/msg/__init__.py
[0.606s] -- Up-to-date: /home/rassito/microros_ws/install/service_msgs/lib/python3.12/site-packages/service_msgs/_service_msgs_s.ep.rosidl_typesupport_introspection_c.c
[0.606s] -- Up-to-date: /home/rassito/microros_ws/install/service_msgs/lib/python3.12/site-packages/service_msgs/__init__.py
[0.606s] -- Up-to-date: /home/rassito/microros_ws/install/service_msgs/lib/python3.12/site-packages/service_msgs/service_msgs_s__rosidl_typesupport_microxrcedds_c.so
[0.643s] Listing '/home/rassito/microros_ws/install/service_msgs/lib/python3.12/site-packages/service_msgs'...
[0.643s] Listing '/home/rassito/microros_ws/install/service_msgs/lib/python3.12/site-packages/service_msgs/msg'...
[0.646s] -- Up-to-date: /home/rassito/microros_ws/install/service_msgs/lib/python3.12/site-packages/service_msgs/service_msgs_s__rosidl_typesupport_microxrcedds_c.so
[0.646s] -- Up-to-date: /home/rassito/microros_ws/install/service_msgs/lib/python3.12/site-packages/service_msgs/service_msgs_s__rosidl_typesupport_fastrtps_c.so
[0.646s] -- Up-to-date: /home/rassito/microros_ws/install/service_msgs/lib/python3.12/site-packages/service_msgs/service_msgs_s__rosidl_typesupport_introspection_c.so
[0.646s] -- Up-to-date: /home/rassito/microros_ws/install/service_msgs/lib/python3.12/site-packages/service_msgs/service_msgs_s__rosidl_typesupport_c.so
[0.646s] -- Up-to-date: /home/rassito/microros_ws/install/service_msgs/lib/libservice_msgs__rosidl_generator_py.so
[0.646s] -- Up-to-date: /home/rassito/microros_ws/install/service_msgs/share/service_msgs/msg/ServiceEventInfo.idl
[0.646s] -- Up-to-date: /home/rassito/microros_ws/install/service_msgs/share/service_msgs/msg/ServiceEventInfo.msg
[0.646s] -- Up-to-date: /home/rassito/microros_ws/install/service_msgs/share/ament_index/resource_index/package_run_dependencies/service_msgs
[0.647s] -- Up-to-date: /home/rassito/microros_ws/install/service_msgs/share/ament_index/resource_index/parent_prefix_path/service_msgs
[0.647s] -- Up-to-date: /home/rassito/microros_ws/install/service_msgs/share/service_msgs/environment/ament_prefix_path.sh
[0.647s] -- Up-to-date: /home/rassito/microros_ws/install/service_msgs/share/service_msgs/environment/ament_prefix_path.dsv
[0.647s] -- Up-to-date: /home/rassito/microros_ws/install/service_msgs/share/service_msgs/environment/path.sh
[0.647s] -- Up-to-date: /home/rassito/microros_ws/install/service_msgs/share/service_msgs/environment/path.dsv
[0.647s] -- Up-to-date: /home/rassito/microros_ws/install/service_msgs/share/service_msgs/local_setup.bash
[0.647s] -- Up-to-date: /home/rassito/microros_ws/install/service_msgs/share/service_msgs/local_setup.sh
[0.647s] -- Up-to-date: /home/rassito/microros_ws/install/service_msgs/share/service_msgs/local_setup.zsh
[0.647s] -- Up-to-date: /home/rassito/microros_ws/install/service_msgs/share/service_msgs/local_setup.dsv
[0.647s] -- Installing: /home/rassito/microros_ws/install/service_msgs/share/service_msgs/package.dsv
[0.647s] -- Up-to-date: /home/rassito/microros_ws/install/service_msgs/share/ament_index/resource_index/packages/service_msgs
[0.647s] -- Up-to-date: /home/rassito/microros_ws/install/service_msgs/share/service_msgs/cmake/export_service_msgs__rosidl_generator_cExport.cmake
[0.647s] -- Up-to-date: /home/rassito/microros_ws/install/service_msgs/share/service_msgs/cmake/export_service_msgs__rosidl_generator_cExport-noconfig.cmake
[0.647s] -- Up-to-date: /home/rassito/microros_ws/install/service_msgs/share/service_msgs/cmake/export_service_msgs__rosidl_typesupport_fastrtps_cExport.cmake
[0.648s] -- Up-to-date: /home/rassito/microros_ws/install/service_msgs/share/service_msgs/cmake/export_service_msgs__rosidl_typesupport_fastrtps_cExport-noconfig.cmake
[0.648s] -- Up-to-date: /home/rassito/microros_ws/install/service_msgs/share/service_msgs/cmake/export_service_msgs__rosidl_generator_cppExport.cmake
[0.648s] -- Up-to-date: /home/rassito/microros_ws/install/service_msgs/share/service_msgs/cmake/export_service_msgs__rosidl_typesupport_fastrtps_cppExport.cmake
[0.648s] -- Up-to-date: /home/rassito/microros_ws/install/service_msgs/share/service_msgs/cmake/export_service_msgs__rosidl_typesupport_fastrtps_cppExport-noconfig.cmake
[0.648s] -- Up-to-date: /home/rassito/microros_ws/install/service_msgs/share/service_msgs/cmake/service_msgs__rosidl_typesupport_introspection_cExport.cmake
[0.648s] -- Up-to-date: /home/rassito/microros_ws/install/service_msgs/share/service_msgs/cmake/service_msgs__rosidl_typesupport_introspection_cExport-noconfig.cmake
[0.648s] -- Up-to-date: /home/rassito/microros_ws/install/service_msgs/share/service_msgs/cmake/service_msgs__rosidl_typesupport_cExport.cmake
[0.648s] -- Up-to-date: /home/rassito/microros_ws/install/service_msgs/share/service_msgs/cmake/service_msgs__rosidl_typesupport_cExport-noconfig.cmake
[0.648s] -- Up-to-date: /home/rassito/microros_ws/install/service_msgs/share/service_msgs/cmake/service_msgs__rosidl_typesupport_introspection_cppExport.cmake
[0.649s] -- Up-to-date: /home/rassito/microros_ws/install/service_msgs/share/service_msgs/cmake/service_msgs__rosidl_typesupport_introspection_cppExport-noconfig.cmake
[0.649s] -- Up-to-date: /home/rassito/microros_ws/install/service_msgs/share/service_msgs/cmake/service_msgs__rosidl_typesupport_cppExport.cmake
[0.649s] -- Up-to-date: /home/rassito/microros_ws/install/service_msgs/share/service_msgs/cmake/service_msgs__rosidl_typesupport_cppExport-noconfig.cmake
[0.649s] -- Up-to-date: /home/rassito/microros_ws/install/service_msgs/share/service_msgs/cmake/export_service_msgs__rosidl_generator_pyExport.cmake
[0.649s] -- Up-to-date: /home/rassito/microros_ws/install/service_msgs/share/service_msgs/cmake/export_service_msgs__rosidl_generator_pyExport-noconfig.cmake
[0.649s] -- Up-to-date: /home/rassito/microros_ws/install/service_msgs/share/service_msgs/cmake/rosidl_cmake-extras.cmake
[0.649s] -- Up-to-date: /home/rassito/microros_ws/install/service_msgs/share/service_msgs/cmake/ament_cmake_export_dependencies-extras.cmake
[0.649s] -- Up-to-date: /home/rassito/microros_ws/install/service_msgs/share/service_msgs/cmake/ament_cmake_export_include_directories-extras.cmake
[0.649s] -- Up-to-date: /home/rassito/microros_ws/install/service_msgs/share/service_msgs/cmake/ament_cmake_export_libraries-extras.cmake
[0.649s] -- Up-to-date: /home/rassito/microros_ws/install/service_msgs/share/service_msgs/cmake/ament_cmake_export_targets-extras.cmake
[0.649s] -- Up-to-date: /home/rassito/microros_ws/install/service_msgs/share/service_msgs/cmake/rosidl_cmake_export_typesupport_targets-extras.cmake
[0.649s] -- Up-to-date: /home/rassito/microros_ws/install/service_msgs/share/service_msgs/cmake/rosidl_cmake_export_typesupport_libraries-extras.cmake
[0.649s] -- Up-to-date: /home/rassito/microros_ws/install/service_msgs/share/service_msgs/cmake/service_msgsConfig.cmake
[0.649s] -- Up-to-date: /home/rassito/microros_ws/install/service_msgs/share/service_msgs/cmake/service_msgsConfig-version.cmake
[0.649s] -- Up-to-date: /home/rassito/microros_ws/install/service_msgs/share/service_msgs/package.xml
[0.663s] Invoked command in '/home/rassito/microros_ws/build/service_msgs' returned '0': CMAKE_PREFIX_PATH=/home/rassito/microros_ws/install/builtin_interfaces:/home/rassito/microros_ws/install/micro_ros_demos_rclc:/home/rassito/microros_ws/install/common_interfaces:/home/rassito/microros_ws/install/visualization_msgs:/home/rassito/microros_ws/install/action_msgs:/home/rassito/microros_ws/install/unique_identifier_msgs:/home/rassito/microros_ws/install/type_description_interfaces:/home/rassito/microros_ws/install/trajectory_msgs:/home/rassito/microros_ws/install/test_msgs:/home/rassito/microros_ws/install/test_interface_files:/home/rassito/microros_ws/install/stereo_msgs:/home/rassito/microros_ws/install/std_srvs:/home/rassito/microros_ws/install/shape_msgs:/home/rassito/microros_ws/install/sensor_msgs:/home/rassito/microros_ws/install/nav_msgs:/home/rassito/microros_ws/install/diagnostic_msgs:/home/rassito/microros_ws/install/geometry_msgs:/home/rassito/microros_ws/install/actionlib_msgs:/home/rassito/microros_ws/install/std_msgs:/home/rassito/microros_ws/install/statistics_msgs:/home/rassito/microros_ws/install/service_msgs:/home/rassito/microros_ws/install/rosidl_typesupport_microxrcedds_test_msg:/home/rassito/microros_ws/install/rosidl_typesupport_microxrcedds_cpp_tests:/home/rassito/microros_ws/install/rmw_microxrcedds:/home/rassito/microros_ws/install/rosidl_typesupport_microxrcedds_cpp:/home/rassito/microros_ws/install/rosidl_typesupport_microxrcedds_c_tests:/home/rassito/microros_ws/install/rosidl_typesupport_microxrcedds_c:/home/rassito/microros_ws/install/rosgraph_msgs:/home/rassito/microros_ws/install/rclc_parameter:/home/rassito/microros_ws/install/rclc:/home/rassito/microros_ws/install/composition_interfaces:/home/rassito/microros_ws/install/rcl_interfaces:/home/rassito/microros_ws/install/microxrcedds_client:/home/rassito/microros_ws/install/microcdr:/home/rassito/microros_ws/install/micro_ros_utilities:/home/rassito/microros_ws/install/micro_ros_setup:/home/rassito/microros_ws/install/micro_ros_agent:/home/rassito/microros_ws/install/micro_ros_msgs:/home/rassito/microros_ws/install/lifecycle_msgs:/home/rassito/microros_ws/install/example_interfaces:/home/rassito/microros_ws/install/complex_msgs:/opt/ros/jazzy/opt/sdformat_vendor:/opt/ros/jazzy/opt/gz_math_vendor:/opt/ros/jazzy/opt/gz_utils_vendor:/opt/ros/jazzy/opt/gz_tools_vendor:/opt/ros/jazzy/opt/gz_cmake_vendor:/home/rassito/microros_ws/install/sensor_msgs_py:/home/rassito/ros_ws/install/super_pkg:/opt/ros/jazzy DEBUGINFOD_URLS=https://debuginfod.ubuntu.com LD_LIBRARY_PATH=/home/rassito/microros_ws/install/builtin_interfaces/lib:/home/rassito/microros_ws/install/visualization_msgs/lib:/home/rassito/microros_ws/install/action_msgs/lib:/home/rassito/microros_ws/install/unique_identifier_msgs/lib:/home/rassito/microros_ws/install/type_description_interfaces/lib:/home/rassito/microros_ws/install/trajectory_msgs/lib:/home/rassito/microros_ws/install/test_msgs/lib:/home/rassito/microros_ws/install/stereo_msgs/lib:/home/rassito/microros_ws/install/std_srvs/lib:/home/rassito/microros_ws/install/shape_msgs/lib:/home/rassito/microros_ws/install/sensor_msgs/lib:/home/rassito/microros_ws/install/nav_msgs/lib:/home/rassito/microros_ws/install/diagnostic_msgs/lib:/home/rassito/microros_ws/install/geometry_msgs/lib:/home/rassito/microros_ws/install/actionlib_msgs/lib:/home/rassito/microros_ws/install/std_msgs/lib:/home/rassito/microros_ws/install/statistics_msgs/lib:/home/rassito/microros_ws/install/service_msgs/lib:/home/rassito/microros_ws/install/rmw_microxrcedds/lib:/home/rassito/microros_ws/install/rosidl_typesupport_microxrcedds_cpp/lib:/home/rassito/microros_ws/install/rosidl_typesupport_microxrcedds_c/lib:/home/rassito/microros_ws/install/rosgraph_msgs/lib:/home/rassito/microros_ws/install/rclc_parameter/lib:/home/rassito/microros_ws/install/rclc/lib:/home/rassito/microros_ws/install/composition_interfaces/lib:/home/rassito/microros_ws/install/rcl_interfaces/lib:/home/rassito/microros_ws/install/microxrcedds_client/lib:/home/rassito/microros_ws/install/microcdr/lib:/home/rassito/microros_ws/install/micro_ros_utilities/lib:/home/rassito/microros_ws/install/micro_ros_agent/lib:/home/rassito/microros_ws/install/micro_ros_msgs/lib:/home/rassito/microros_ws/install/lifecycle_msgs/lib:/home/rassito/microros_ws/install/example_interfaces/lib:/home/rassito/microros_ws/install/complex_msgs/lib:/opt/ros/jazzy/opt/sdformat_vendor/lib:/opt/ros/jazzy/opt/rviz_ogre_vendor/lib:/opt/ros/jazzy/lib/x86_64-linux-gnu:/opt/ros/jazzy/opt/gz_math_vendor/lib:/opt/ros/jazzy/opt/gz_utils_vendor/lib:/opt/ros/jazzy/opt/gz_tools_vendor/lib:/opt/ros/jazzy/opt/gz_cmake_vendor/lib:/opt/ros/jazzy/lib PYTHONPATH=/home/rassito/microros_ws/install/builtin_interfaces/lib/python3.12/site-packages:/home/rassito/microros_ws/install/visualization_msgs/lib/python3.12/site-packages:/home/rassito/microros_ws/install/action_msgs/lib/python3.12/site-packages:/home/rassito/microros_ws/install/unique_identifier_msgs/lib/python3.12/site-packages:/home/rassito/microros_ws/install/type_description_interfaces/lib/python3.12/site-packages:/home/rassito/microros_ws/install/trajectory_msgs/lib/python3.12/site-packages:/home/rassito/microros_ws/install/test_msgs/lib/python3.12/site-packages:/home/rassito/microros_ws/install/stereo_msgs/lib/python3.12/site-packages:/home/rassito/microros_ws/install/std_srvs/lib/python3.12/site-packages:/home/rassito/microros_ws/install/shape_msgs/lib/python3.12/site-packages:/home/rassito/microros_ws/install/sensor_msgs_py/lib/python3.12/site-packages:/home/rassito/microros_ws/install/sensor_msgs/lib/python3.12/site-packages:/home/rassito/microros_ws/install/nav_msgs/lib/python3.12/site-packages:/home/rassito/microros_ws/install/diagnostic_msgs/lib/python3.12/site-packages:/home/rassito/microros_ws/install/geometry_msgs/lib/python3.12/site-packages:/home/rassito/microros_ws/install/actionlib_msgs/lib/python3.12/site-packages:/home/rassito/microros_ws/install/std_msgs/lib/python3.12/site-packages:/home/rassito/microros_ws/install/statistics_msgs/lib/python3.12/site-packages:/home/rassito/microros_ws/install/service_msgs/lib/python3.12/site-packages:/home/rassito/microros_ws/install/rosidl_typesupport_microxrcedds_cpp/lib/python3.12/site-packages:/home/rassito/microros_ws/install/rosidl_typesupport_microxrcedds_c/lib/python3.12/site-packages:/home/rassito/microros_ws/install/rosgraph_msgs/lib/python3.12/site-packages:/home/rassito/microros_ws/install/composition_interfaces/lib/python3.12/site-packages:/home/rassito/microros_ws/install/rcl_interfaces/lib/python3.12/site-packages:/home/rassito/microros_ws/install/micro_ros_msgs/lib/python3.12/site-packages:/home/rassito/microros_ws/install/lifecycle_msgs/lib/python3.12/site-packages:/home/rassito/microros_ws/install/example_interfaces/lib/python3.12/site-packages:/home/rassito/microros_ws/install/complex_msgs/lib/python3.12/site-packages:/home/rassito/ros_ws/build/super_pkg:/home/rassito/ros_ws/install/super_pkg/lib/python3.12/site-packages:/opt/ros/jazzy/lib/python3.12/site-packages /usr/bin/cmake --install /home/rassito/microros_ws/build/service_msgs
