[0.016s] Invoking command in '/home/rassito/microros_ws/build/type_description_interfaces': AMENT_PREFIX_PATH=/home/rassito/microros_ws/install/service_msgs:/home/rassito/microros_ws/install/builtin_interfaces:${AMENT_PREFIX_PATH} CMAKE_PREFIX_PATH=/home/rassito/microros_ws/install/service_msgs:/home/rassito/microros_ws/install/builtin_interfaces:/opt/ros/jazzy/opt/sdformat_vendor:/opt/ros/jazzy/opt/gz_math_vendor:/opt/ros/jazzy/opt/gz_utils_vendor:/opt/ros/jazzy/opt/gz_tools_vendor:/opt/ros/jazzy/opt/gz_cmake_vendor:/home/rassito/ros_ws/install/super_pkg:/opt/ros/jazzy DEBUGINFOD_URLS=https://debuginfod.ubuntu.com LD_LIBRARY_PATH=/home/rassito/microros_ws/install/service_msgs/lib:/home/rassito/microros_ws/install/builtin_interfaces/lib:${LD_LIBRARY_PATH} PYTHONPATH=/home/rassito/microros_ws/install/service_msgs/lib/python3.12/site-packages:/home/rassito/microros_ws/install/builtin_interfaces/lib/python3.12/site-packages:${PYTHONPATH} /usr/bin/cmake /home/rassito/microros_ws/src/ros2/rcl_interfaces/type_description_interfaces -DCMAKE_INSTALL_PREFIX=/home/rassito/microros_ws/install/type_description_interfaces
[0.032s] -- Found ament_cmake: 2.5.3 (/opt/ros/jazzy/share/ament_cmake/cmake)
[0.064s] -- Found Python3: /usr/bin/python3 (found version "3.12.3") found components: Interpreter 
[0.166s] -- Found rosidl_core_generators: 0.2.0 (/opt/ros/jazzy/share/rosidl_core_generators/cmake)
[0.170s] -- Using all available rosidl_typesupport_c: rosidl_typesupport_fastrtps_c;rosidl_typesupport_introspection_c
[0.218s] -- Using all available rosidl_typesupport_cpp: rosidl_typesupport_fastrtps_cpp;rosidl_typesupport_introspection_cpp
[0.259s] -- Found rosidl_adapter: 4.6.5 (/opt/ros/jazzy/share/rosidl_adapter/cmake)
[0.620s] -- Found ament_cmake_ros: 0.12.0 (/opt/ros/jazzy/share/ament_cmake_ros/cmake)
[0.702s] -- Using all available rosidl_typesupport_c: rosidl_typesupport_fastrtps_c;rosidl_typesupport_introspection_c
[0.874s] -- Using all available rosidl_typesupport_cpp: rosidl_typesupport_fastrtps_cpp;rosidl_typesupport_introspection_cpp
[0.877s] -- Found python_cmake_module: 0.11.1 (/opt/ros/jazzy/share/python_cmake_module/cmake)
[1.608s] -- Found Python3: /usr/bin/python3 (found version "3.12.3") found components: Interpreter Development NumPy Development.Module Development.Embed 
[1.684s] -- Configuring done (1.7s)
[1.951s] -- Generating done (0.2s)
[2.010s] -- Build files have been written to: /home/rassito/microros_ws/build/type_description_interfaces
[2.048s] Invoked command in '/home/rassito/microros_ws/build/type_description_interfaces' returned '0': AMENT_PREFIX_PATH=/home/rassito/microros_ws/install/service_msgs:/home/rassito/microros_ws/install/builtin_interfaces:${AMENT_PREFIX_PATH} CMAKE_PREFIX_PATH=/home/rassito/microros_ws/install/service_msgs:/home/rassito/microros_ws/install/builtin_interfaces:/opt/ros/jazzy/opt/sdformat_vendor:/opt/ros/jazzy/opt/gz_math_vendor:/opt/ros/jazzy/opt/gz_utils_vendor:/opt/ros/jazzy/opt/gz_tools_vendor:/opt/ros/jazzy/opt/gz_cmake_vendor:/home/rassito/ros_ws/install/super_pkg:/opt/ros/jazzy DEBUGINFOD_URLS=https://debuginfod.ubuntu.com LD_LIBRARY_PATH=/home/rassito/microros_ws/install/service_msgs/lib:/home/rassito/microros_ws/install/builtin_interfaces/lib:${LD_LIBRARY_PATH} PYTHONPATH=/home/rassito/microros_ws/install/service_msgs/lib/python3.12/site-packages:/home/rassito/microros_ws/install/builtin_interfaces/lib/python3.12/site-packages:${PYTHONPATH} /usr/bin/cmake /home/rassito/microros_ws/src/ros2/rcl_interfaces/type_description_interfaces -DCMAKE_INSTALL_PREFIX=/home/rassito/microros_ws/install/type_description_interfaces
[2.049s] Invoking command in '/home/rassito/microros_ws/build/type_description_interfaces': AMENT_PREFIX_PATH=/home/rassito/microros_ws/install/service_msgs:/home/rassito/microros_ws/install/builtin_interfaces:${AMENT_PREFIX_PATH} CMAKE_PREFIX_PATH=/home/rassito/microros_ws/install/service_msgs:/home/rassito/microros_ws/install/builtin_interfaces:/opt/ros/jazzy/opt/sdformat_vendor:/opt/ros/jazzy/opt/gz_math_vendor:/opt/ros/jazzy/opt/gz_utils_vendor:/opt/ros/jazzy/opt/gz_tools_vendor:/opt/ros/jazzy/opt/gz_cmake_vendor:/home/rassito/ros_ws/install/super_pkg:/opt/ros/jazzy DEBUGINFOD_URLS=https://debuginfod.ubuntu.com LD_LIBRARY_PATH=/home/rassito/microros_ws/install/service_msgs/lib:/home/rassito/microros_ws/install/builtin_interfaces/lib:${LD_LIBRARY_PATH} PYTHONPATH=/home/rassito/microros_ws/install/service_msgs/lib/python3.12/site-packages:/home/rassito/microros_ws/install/builtin_interfaces/lib/python3.12/site-packages:${PYTHONPATH} /usr/bin/cmake --build /home/rassito/microros_ws/build/type_description_interfaces -- -j16 -l16
[2.193s] [  1%] Built target type_description_interfaces__rosidl_generator_type_description
[2.236s] [  1%] Built target ament_cmake_python_copy_type_description_interfaces
[2.269s] [  2%] Built target type_description_interfaces__cpp
[2.284s] [ 26%] Built target type_description_interfaces__rosidl_generator_c
[2.321s] [ 27%] [34m[1mGenerating C++ type support dispatch for ROS interfaces[0m
[2.328s] [ 28%] [34m[1mGenerating C type support dispatch for ROS interfaces[0m
[2.362s] [ 38%] Built target type_description_interfaces__rosidl_typesupport_introspection_cpp
[2.367s] [ 47%] Built target type_description_interfaces__rosidl_typesupport_introspection_c
[2.385s] [ 57%] Built target type_description_interfaces__rosidl_typesupport_fastrtps_c
[2.415s] [ 67%] Built target type_description_interfaces__rosidl_typesupport_fastrtps_cpp
[2.665s] running egg_info
[2.698s] writing type_description_interfaces.egg-info/PKG-INFO
[2.698s] writing dependency_links to type_description_interfaces.egg-info/dependency_links.txt
[2.698s] writing top-level names to type_description_interfaces.egg-info/top_level.txt
[2.789s] reading manifest file 'type_description_interfaces.egg-info/SOURCES.txt'
[2.793s] writing manifest file 'type_description_interfaces.egg-info/SOURCES.txt'
[2.834s] [ 67%] Built target ament_cmake_python_build_type_description_interfaces_egg
[4.336s] [ 68%] [32mBuilding CXX object CMakeFiles/type_description_interfaces__rosidl_typesupport_cpp.dir/rosidl_typesupport_cpp/type_description_interfaces/msg/field__type_support.cpp.o[0m
[4.336s] [ 69%] [32mBuilding CXX object CMakeFiles/type_description_interfaces__rosidl_typesupport_cpp.dir/rosidl_typesupport_cpp/type_description_interfaces/msg/individual_type_description__type_support.cpp.o[0m
[4.336s] [ 70%] [32mBuilding CXX object CMakeFiles/type_description_interfaces__rosidl_typesupport_cpp.dir/rosidl_typesupport_cpp/type_description_interfaces/msg/key_value__type_support.cpp.o[0m
[4.337s] [ 71%] [32mBuilding CXX object CMakeFiles/type_description_interfaces__rosidl_typesupport_cpp.dir/rosidl_typesupport_cpp/type_description_interfaces/msg/field_type__type_support.cpp.o[0m
[4.337s] [ 72%] [32mBuilding CXX object CMakeFiles/type_description_interfaces__rosidl_typesupport_cpp.dir/rosidl_typesupport_cpp/type_description_interfaces/msg/type_description__type_support.cpp.o[0m
[4.338s] [ 73%] [32mBuilding CXX object CMakeFiles/type_description_interfaces__rosidl_typesupport_cpp.dir/rosidl_typesupport_cpp/type_description_interfaces/msg/type_source__type_support.cpp.o[0m
[4.338s] [ 74%] [32mBuilding CXX object CMakeFiles/type_description_interfaces__rosidl_typesupport_cpp.dir/rosidl_typesupport_cpp/type_description_interfaces/srv/get_type_description__type_support.cpp.o[0m
[4.432s] [ 76%] [32mBuilding CXX object CMakeFiles/type_description_interfaces__rosidl_typesupport_c.dir/rosidl_typesupport_c/type_description_interfaces/msg/field_type__type_support.cpp.o[0m
[4.433s] [ 76%] [32mBuilding CXX object CMakeFiles/type_description_interfaces__rosidl_typesupport_c.dir/rosidl_typesupport_c/type_description_interfaces/msg/field__type_support.cpp.o[0m
[4.433s] [ 77%] [32mBuilding CXX object CMakeFiles/type_description_interfaces__rosidl_typesupport_c.dir/rosidl_typesupport_c/type_description_interfaces/msg/individual_type_description__type_support.cpp.o[0m
[4.440s] [ 78%] [32mBuilding CXX object CMakeFiles/type_description_interfaces__rosidl_typesupport_c.dir/rosidl_typesupport_c/type_description_interfaces/msg/key_value__type_support.cpp.o[0m
[4.441s] [ 79%] [32mBuilding CXX object CMakeFiles/type_description_interfaces__rosidl_typesupport_c.dir/rosidl_typesupport_c/type_description_interfaces/srv/get_type_description__type_support.cpp.o[0m
[4.441s] [ 80%] [32mBuilding CXX object CMakeFiles/type_description_interfaces__rosidl_typesupport_c.dir/rosidl_typesupport_c/type_description_interfaces/msg/type_description__type_support.cpp.o[0m
[4.449s] [ 81%] [32mBuilding CXX object CMakeFiles/type_description_interfaces__rosidl_typesupport_c.dir/rosidl_typesupport_c/type_description_interfaces/msg/type_source__type_support.cpp.o[0m
[4.528s] [ 82%] [32m[1mLinking CXX shared library libtype_description_interfaces__rosidl_typesupport_c.so[0m
[4.561s] [ 82%] Built target type_description_interfaces__rosidl_typesupport_c
[4.853s] [ 84%] [32m[1mLinking CXX shared library libtype_description_interfaces__rosidl_typesupport_cpp.so[0m
[4.907s] [ 84%] Built target type_description_interfaces__rosidl_typesupport_cpp
[4.918s] [ 84%] Built target type_description_interfaces
[4.932s] [ 85%] Built target type_description_interfaces__py
[4.951s] [ 86%] [32m[1mLinking C shared library libtype_description_interfaces__rosidl_generator_py.so[0m
[4.984s] [ 93%] Built target type_description_interfaces__rosidl_generator_py
[4.999s] [ 95%] [32m[1mLinking C shared module rosidl_generator_py/type_description_interfaces/type_description_interfaces_s__rosidl_typesupport_c.so[0m
[4.999s] [ 95%] [32m[1mLinking C shared module rosidl_generator_py/type_description_interfaces/type_description_interfaces_s__rosidl_typesupport_introspection_c.so[0m
[4.999s] [ 96%] [32m[1mLinking C shared module rosidl_generator_py/type_description_interfaces/type_description_interfaces_s__rosidl_typesupport_fastrtps_c.so[0m
[5.022s] [ 97%] Built target type_description_interfaces_s__rosidl_typesupport_introspection_c
[5.023s] [ 98%] Built target type_description_interfaces_s__rosidl_typesupport_c
[5.023s] [100%] Built target type_description_interfaces_s__rosidl_typesupport_fastrtps_c
[5.032s] Invoked command in '/home/rassito/microros_ws/build/type_description_interfaces' returned '0': AMENT_PREFIX_PATH=/home/rassito/microros_ws/install/service_msgs:/home/rassito/microros_ws/install/builtin_interfaces:${AMENT_PREFIX_PATH} CMAKE_PREFIX_PATH=/home/rassito/microros_ws/install/service_msgs:/home/rassito/microros_ws/install/builtin_interfaces:/opt/ros/jazzy/opt/sdformat_vendor:/opt/ros/jazzy/opt/gz_math_vendor:/opt/ros/jazzy/opt/gz_utils_vendor:/opt/ros/jazzy/opt/gz_tools_vendor:/opt/ros/jazzy/opt/gz_cmake_vendor:/home/rassito/ros_ws/install/super_pkg:/opt/ros/jazzy DEBUGINFOD_URLS=https://debuginfod.ubuntu.com LD_LIBRARY_PATH=/home/rassito/microros_ws/install/service_msgs/lib:/home/rassito/microros_ws/install/builtin_interfaces/lib:${LD_LIBRARY_PATH} PYTHONPATH=/home/rassito/microros_ws/install/service_msgs/lib/python3.12/site-packages:/home/rassito/microros_ws/install/builtin_interfaces/lib/python3.12/site-packages:${PYTHONPATH} /usr/bin/cmake --build /home/rassito/microros_ws/build/type_description_interfaces -- -j16 -l16
[5.032s] Invoking command in '/home/rassito/microros_ws/build/type_description_interfaces': AMENT_PREFIX_PATH=/home/rassito/microros_ws/install/service_msgs:/home/rassito/microros_ws/install/builtin_interfaces:${AMENT_PREFIX_PATH} CMAKE_PREFIX_PATH=/home/rassito/microros_ws/install/service_msgs:/home/rassito/microros_ws/install/builtin_interfaces:/opt/ros/jazzy/opt/sdformat_vendor:/opt/ros/jazzy/opt/gz_math_vendor:/opt/ros/jazzy/opt/gz_utils_vendor:/opt/ros/jazzy/opt/gz_tools_vendor:/opt/ros/jazzy/opt/gz_cmake_vendor:/home/rassito/ros_ws/install/super_pkg:/opt/ros/jazzy DEBUGINFOD_URLS=https://debuginfod.ubuntu.com LD_LIBRARY_PATH=/home/rassito/microros_ws/install/service_msgs/lib:/home/rassito/microros_ws/install/builtin_interfaces/lib:${LD_LIBRARY_PATH} PYTHONPATH=/home/rassito/microros_ws/install/service_msgs/lib/python3.12/site-packages:/home/rassito/microros_ws/install/builtin_interfaces/lib/python3.12/site-packages:${PYTHONPATH} /usr/bin/cmake --install /home/rassito/microros_ws/build/type_description_interfaces
[5.038s] -- Install configuration: ""
[5.038s] -- Up-to-date: /home/rassito/microros_ws/install/type_description_interfaces/share/ament_index/resource_index/rosidl_interfaces/type_description_interfaces
[5.038s] -- Up-to-date: /home/rassito/microros_ws/install/type_description_interfaces/share/type_description_interfaces/msg/Field.json
[5.038s] -- Up-to-date: /home/rassito/microros_ws/install/type_description_interfaces/share/type_description_interfaces/msg/FieldType.json
[5.039s] -- Up-to-date: /home/rassito/microros_ws/install/type_description_interfaces/share/type_description_interfaces/msg/IndividualTypeDescription.json
[5.039s] -- Up-to-date: /home/rassito/microros_ws/install/type_description_interfaces/share/type_description_interfaces/msg/KeyValue.json
[5.039s] -- Up-to-date: /home/rassito/microros_ws/install/type_description_interfaces/share/type_description_interfaces/msg/TypeDescription.json
[5.039s] -- Up-to-date: /home/rassito/microros_ws/install/type_description_interfaces/share/type_description_interfaces/msg/TypeSource.json
[5.039s] -- Up-to-date: /home/rassito/microros_ws/install/type_description_interfaces/share/type_description_interfaces/srv/GetTypeDescription.json
[5.039s] -- Up-to-date: /home/rassito/microros_ws/install/type_description_interfaces/include/type_description_interfaces/type_description_interfaces
[5.039s] -- Up-to-date: /home/rassito/microros_ws/install/type_description_interfaces/include/type_description_interfaces/type_description_interfaces/srv
[5.039s] -- Up-to-date: /home/rassito/microros_ws/install/type_description_interfaces/include/type_description_interfaces/type_description_interfaces/srv/get_type_description.h
[5.039s] -- Up-to-date: /home/rassito/microros_ws/install/type_description_interfaces/include/type_description_interfaces/type_description_interfaces/srv/detail
[5.039s] -- Up-to-date: /home/rassito/microros_ws/install/type_description_interfaces/include/type_description_interfaces/type_description_interfaces/srv/detail/get_type_description__struct.h
[5.039s] -- Installing: /home/rassito/microros_ws/install/type_description_interfaces/include/type_description_interfaces/type_description_interfaces/srv/detail/get_type_description__type_support.c
[5.039s] -- Up-to-date: /home/rassito/microros_ws/install/type_description_interfaces/include/type_description_interfaces/type_description_interfaces/srv/detail/get_type_description__functions.c
[5.039s] -- Up-to-date: /home/rassito/microros_ws/install/type_description_interfaces/include/type_description_interfaces/type_description_interfaces/srv/detail/get_type_description__type_support.h
[5.039s] -- Up-to-date: /home/rassito/microros_ws/install/type_description_interfaces/include/type_description_interfaces/type_description_interfaces/srv/detail/get_type_description__description.c
[5.040s] -- Up-to-date: /home/rassito/microros_ws/install/type_description_interfaces/include/type_description_interfaces/type_description_interfaces/srv/detail/get_type_description__functions.h
[5.040s] -- Up-to-date: /home/rassito/microros_ws/install/type_description_interfaces/include/type_description_interfaces/type_description_interfaces/msg
[5.040s] -- Up-to-date: /home/rassito/microros_ws/install/type_description_interfaces/include/type_description_interfaces/type_description_interfaces/msg/type_source.h
[5.040s] -- Up-to-date: /home/rassito/microros_ws/install/type_description_interfaces/include/type_description_interfaces/type_description_interfaces/msg/individual_type_description.h
[5.040s] -- Up-to-date: /home/rassito/microros_ws/install/type_description_interfaces/include/type_description_interfaces/type_description_interfaces/msg/type_description.h
[5.040s] -- Up-to-date: /home/rassito/microros_ws/install/type_description_interfaces/include/type_description_interfaces/type_description_interfaces/msg/key_value.h
[5.040s] -- Up-to-date: /home/rassito/microros_ws/install/type_description_interfaces/include/type_description_interfaces/type_description_interfaces/msg/field_type.h
[5.040s] -- Up-to-date: /home/rassito/microros_ws/install/type_description_interfaces/include/type_description_interfaces/type_description_interfaces/msg/field.h
[5.040s] -- Up-to-date: /home/rassito/microros_ws/install/type_description_interfaces/include/type_description_interfaces/type_description_interfaces/msg/detail
[5.040s] -- Installing: /home/rassito/microros_ws/install/type_description_interfaces/include/type_description_interfaces/type_description_interfaces/msg/detail/type_source__type_support.c
[5.040s] -- Up-to-date: /home/rassito/microros_ws/install/type_description_interfaces/include/type_description_interfaces/type_description_interfaces/msg/detail/type_source__description.c
[5.040s] -- Up-to-date: /home/rassito/microros_ws/install/type_description_interfaces/include/type_description_interfaces/type_description_interfaces/msg/detail/individual_type_description__functions.c
[5.040s] -- Up-to-date: /home/rassito/microros_ws/install/type_description_interfaces/include/type_description_interfaces/type_description_interfaces/msg/detail/individual_type_description__description.c
[5.040s] -- Up-to-date: /home/rassito/microros_ws/install/type_description_interfaces/include/type_description_interfaces/type_description_interfaces/msg/detail/field_type__type_support.h
[5.040s] -- Installing: /home/rassito/microros_ws/install/type_description_interfaces/include/type_description_interfaces/type_description_interfaces/msg/detail/individual_type_description__type_support.c
[5.040s] -- Up-to-date: /home/rassito/microros_ws/install/type_description_interfaces/include/type_description_interfaces/type_description_interfaces/msg/detail/type_description__type_support.h
[5.040s] -- Up-to-date: /home/rassito/microros_ws/install/type_description_interfaces/include/type_description_interfaces/type_description_interfaces/msg/detail/field_type__struct.h
[5.041s] -- Up-to-date: /home/rassito/microros_ws/install/type_description_interfaces/include/type_description_interfaces/type_description_interfaces/msg/detail/field__type_support.h
[5.041s] -- Up-to-date: /home/rassito/microros_ws/install/type_description_interfaces/include/type_description_interfaces/type_description_interfaces/msg/detail/field__struct.h
[5.041s] -- Up-to-date: /home/rassito/microros_ws/install/type_description_interfaces/include/type_description_interfaces/type_description_interfaces/msg/detail/type_description__struct.h
[5.041s] -- Up-to-date: /home/rassito/microros_ws/install/type_description_interfaces/include/type_description_interfaces/type_description_interfaces/msg/detail/key_value__functions.h
[5.041s] -- Up-to-date: /home/rassito/microros_ws/install/type_description_interfaces/include/type_description_interfaces/type_description_interfaces/msg/detail/key_value__functions.c
[5.041s] -- Installing: /home/rassito/microros_ws/install/type_description_interfaces/include/type_description_interfaces/type_description_interfaces/msg/detail/type_description__type_support.c
[5.041s] -- Installing: /home/rassito/microros_ws/install/type_description_interfaces/include/type_description_interfaces/type_description_interfaces/msg/detail/key_value__type_support.c
[5.041s] -- Up-to-date: /home/rassito/microros_ws/install/type_description_interfaces/include/type_description_interfaces/type_description_interfaces/msg/detail/type_source__struct.h
[5.041s] -- Up-to-date: /home/rassito/microros_ws/install/type_description_interfaces/include/type_description_interfaces/type_description_interfaces/msg/detail/type_source__type_support.h
[5.041s] -- Up-to-date: /home/rassito/microros_ws/install/type_description_interfaces/include/type_description_interfaces/type_description_interfaces/msg/detail/type_description__functions.h
[5.041s] -- Up-to-date: /home/rassito/microros_ws/install/type_description_interfaces/include/type_description_interfaces/type_description_interfaces/msg/detail/individual_type_description__functions.h
[5.041s] -- Up-to-date: /home/rassito/microros_ws/install/type_description_interfaces/include/type_description_interfaces/type_description_interfaces/msg/detail/type_source__functions.c
[5.041s] -- Installing: /home/rassito/microros_ws/install/type_description_interfaces/include/type_description_interfaces/type_description_interfaces/msg/detail/field__type_support.c
[5.041s] -- Up-to-date: /home/rassito/microros_ws/install/type_description_interfaces/include/type_description_interfaces/type_description_interfaces/msg/detail/type_description__functions.c
[5.041s] -- Up-to-date: /home/rassito/microros_ws/install/type_description_interfaces/include/type_description_interfaces/type_description_interfaces/msg/detail/key_value__description.c
[5.041s] -- Up-to-date: /home/rassito/microros_ws/install/type_description_interfaces/include/type_description_interfaces/type_description_interfaces/msg/detail/key_value__struct.h
[5.041s] -- Up-to-date: /home/rassito/microros_ws/install/type_description_interfaces/include/type_description_interfaces/type_description_interfaces/msg/detail/field_type__description.c
[5.041s] -- Up-to-date: /home/rassito/microros_ws/install/type_description_interfaces/include/type_description_interfaces/type_description_interfaces/msg/detail/type_description__description.c
[5.042s] -- Up-to-date: /home/rassito/microros_ws/install/type_description_interfaces/include/type_description_interfaces/type_description_interfaces/msg/detail/type_source__functions.h
[5.042s] -- Up-to-date: /home/rassito/microros_ws/install/type_description_interfaces/include/type_description_interfaces/type_description_interfaces/msg/detail/field__functions.c
[5.042s] -- Up-to-date: /home/rassito/microros_ws/install/type_description_interfaces/include/type_description_interfaces/type_description_interfaces/msg/detail/field__description.c
[5.042s] -- Installing: /home/rassito/microros_ws/install/type_description_interfaces/include/type_description_interfaces/type_description_interfaces/msg/detail/field_type__type_support.c
[5.042s] -- Up-to-date: /home/rassito/microros_ws/install/type_description_interfaces/include/type_description_interfaces/type_description_interfaces/msg/detail/key_value__type_support.h
[5.042s] -- Up-to-date: /home/rassito/microros_ws/install/type_description_interfaces/include/type_description_interfaces/type_description_interfaces/msg/detail/field_type__functions.h
[5.042s] -- Up-to-date: /home/rassito/microros_ws/install/type_description_interfaces/include/type_description_interfaces/type_description_interfaces/msg/detail/individual_type_description__type_support.h
[5.042s] -- Up-to-date: /home/rassito/microros_ws/install/type_description_interfaces/include/type_description_interfaces/type_description_interfaces/msg/detail/field__functions.h
[5.042s] -- Up-to-date: /home/rassito/microros_ws/install/type_description_interfaces/include/type_description_interfaces/type_description_interfaces/msg/detail/field_type__functions.c
[5.042s] -- Up-to-date: /home/rassito/microros_ws/install/type_description_interfaces/include/type_description_interfaces/type_description_interfaces/msg/detail/individual_type_description__struct.h
[5.042s] -- Up-to-date: /home/rassito/microros_ws/install/type_description_interfaces/include/type_description_interfaces/type_description_interfaces/msg/rosidl_generator_c__visibility_control.h
[5.042s] -- Up-to-date: /home/rassito/microros_ws/install/type_description_interfaces/share/type_description_interfaces/environment/library_path.sh
[5.042s] -- Up-to-date: /home/rassito/microros_ws/install/type_description_interfaces/share/type_description_interfaces/environment/library_path.dsv
[5.042s] -- Up-to-date: /home/rassito/microros_ws/install/type_description_interfaces/lib/libtype_description_interfaces__rosidl_generator_c.so
[5.042s] -- Up-to-date: /home/rassito/microros_ws/install/type_description_interfaces/include/type_description_interfaces/type_description_interfaces
[5.042s] -- Up-to-date: /home/rassito/microros_ws/install/type_description_interfaces/include/type_description_interfaces/type_description_interfaces/srv
[5.042s] -- Up-to-date: /home/rassito/microros_ws/install/type_description_interfaces/include/type_description_interfaces/type_description_interfaces/srv/detail
[5.042s] -- Up-to-date: /home/rassito/microros_ws/install/type_description_interfaces/include/type_description_interfaces/type_description_interfaces/srv/detail/get_type_description__rosidl_typesupport_fastrtps_c.h
[5.043s] -- Up-to-date: /home/rassito/microros_ws/install/type_description_interfaces/include/type_description_interfaces/type_description_interfaces/msg
[5.043s] -- Up-to-date: /home/rassito/microros_ws/install/type_description_interfaces/include/type_description_interfaces/type_description_interfaces/msg/rosidl_typesupport_fastrtps_c__visibility_control.h
[5.043s] -- Up-to-date: /home/rassito/microros_ws/install/type_description_interfaces/include/type_description_interfaces/type_description_interfaces/msg/detail
[5.043s] -- Up-to-date: /home/rassito/microros_ws/install/type_description_interfaces/include/type_description_interfaces/type_description_interfaces/msg/detail/individual_type_description__rosidl_typesupport_fastrtps_c.h
[5.043s] -- Up-to-date: /home/rassito/microros_ws/install/type_description_interfaces/include/type_description_interfaces/type_description_interfaces/msg/detail/field_type__rosidl_typesupport_fastrtps_c.h
[5.043s] -- Up-to-date: /home/rassito/microros_ws/install/type_description_interfaces/include/type_description_interfaces/type_description_interfaces/msg/detail/key_value__rosidl_typesupport_fastrtps_c.h
[5.043s] -- Up-to-date: /home/rassito/microros_ws/install/type_description_interfaces/include/type_description_interfaces/type_description_interfaces/msg/detail/field__rosidl_typesupport_fastrtps_c.h
[5.043s] -- Up-to-date: /home/rassito/microros_ws/install/type_description_interfaces/include/type_description_interfaces/type_description_interfaces/msg/detail/type_description__rosidl_typesupport_fastrtps_c.h
[5.043s] -- Up-to-date: /home/rassito/microros_ws/install/type_description_interfaces/include/type_description_interfaces/type_description_interfaces/msg/detail/type_source__rosidl_typesupport_fastrtps_c.h
[5.043s] -- Up-to-date: /home/rassito/microros_ws/install/type_description_interfaces/lib/libtype_description_interfaces__rosidl_typesupport_fastrtps_c.so
[5.043s] -- Up-to-date: /home/rassito/microros_ws/install/type_description_interfaces/include/type_description_interfaces/type_description_interfaces
[5.043s] -- Up-to-date: /home/rassito/microros_ws/install/type_description_interfaces/include/type_description_interfaces/type_description_interfaces/srv
[5.043s] -- Up-to-date: /home/rassito/microros_ws/install/type_description_interfaces/include/type_description_interfaces/type_description_interfaces/srv/detail
[5.043s] -- Up-to-date: /home/rassito/microros_ws/install/type_description_interfaces/include/type_description_interfaces/type_description_interfaces/srv/detail/get_type_description__rosidl_typesupport_introspection_c.h
[5.043s] -- Installing: /home/rassito/microros_ws/install/type_description_interfaces/include/type_description_interfaces/type_description_interfaces/srv/detail/get_type_description__type_support.c
[5.044s] -- Up-to-date: /home/rassito/microros_ws/install/type_description_interfaces/include/type_description_interfaces/type_description_interfaces/msg
[5.044s] -- Up-to-date: /home/rassito/microros_ws/install/type_description_interfaces/include/type_description_interfaces/type_description_interfaces/msg/rosidl_typesupport_introspection_c__visibility_control.h
[5.044s] -- Up-to-date: /home/rassito/microros_ws/install/type_description_interfaces/include/type_description_interfaces/type_description_interfaces/msg/detail
[5.044s] -- Installing: /home/rassito/microros_ws/install/type_description_interfaces/include/type_description_interfaces/type_description_interfaces/msg/detail/type_source__type_support.c
[5.044s] -- Up-to-date: /home/rassito/microros_ws/install/type_description_interfaces/include/type_description_interfaces/type_description_interfaces/msg/detail/type_source__rosidl_typesupport_introspection_c.h
[5.044s] -- Installing: /home/rassito/microros_ws/install/type_description_interfaces/include/type_description_interfaces/type_description_interfaces/msg/detail/individual_type_description__type_support.c
[5.044s] -- Up-to-date: /home/rassito/microros_ws/install/type_description_interfaces/include/type_description_interfaces/type_description_interfaces/msg/detail/individual_type_description__rosidl_typesupport_introspection_c.h
[5.044s] -- Up-to-date: /home/rassito/microros_ws/install/type_description_interfaces/include/type_description_interfaces/type_description_interfaces/msg/detail/key_value__rosidl_typesupport_introspection_c.h
[5.044s] -- Installing: /home/rassito/microros_ws/install/type_description_interfaces/include/type_description_interfaces/type_description_interfaces/msg/detail/type_description__type_support.c
[5.044s] -- Installing: /home/rassito/microros_ws/install/type_description_interfaces/include/type_description_interfaces/type_description_interfaces/msg/detail/key_value__type_support.c
[5.044s] -- Installing: /home/rassito/microros_ws/install/type_description_interfaces/include/type_description_interfaces/type_description_interfaces/msg/detail/field__type_support.c
[5.045s] -- Up-to-date: /home/rassito/microros_ws/install/type_description_interfaces/include/type_description_interfaces/type_description_interfaces/msg/detail/field__rosidl_typesupport_introspection_c.h
[5.045s] -- Up-to-date: /home/rassito/microros_ws/install/type_description_interfaces/include/type_description_interfaces/type_description_interfaces/msg/detail/type_description__rosidl_typesupport_introspection_c.h
[5.045s] -- Up-to-date: /home/rassito/microros_ws/install/type_description_interfaces/include/type_description_interfaces/type_description_interfaces/msg/detail/field_type__rosidl_typesupport_introspection_c.h
[5.045s] -- Installing: /home/rassito/microros_ws/install/type_description_interfaces/include/type_description_interfaces/type_description_interfaces/msg/detail/field_type__type_support.c
[5.045s] -- Up-to-date: /home/rassito/microros_ws/install/type_description_interfaces/lib/libtype_description_interfaces__rosidl_typesupport_introspection_c.so
[5.046s] -- Installing: /home/rassito/microros_ws/install/type_description_interfaces/lib/libtype_description_interfaces__rosidl_typesupport_c.so
[5.046s] -- Set non-toolchain portion of runtime path of "/home/rassito/microros_ws/install/type_description_interfaces/lib/libtype_description_interfaces__rosidl_typesupport_c.so" to ""
[5.046s] -- Up-to-date: /home/rassito/microros_ws/install/type_description_interfaces/include/type_description_interfaces/type_description_interfaces
[5.046s] -- Up-to-date: /home/rassito/microros_ws/install/type_description_interfaces/include/type_description_interfaces/type_description_interfaces/srv
[5.046s] -- Up-to-date: /home/rassito/microros_ws/install/type_description_interfaces/include/type_description_interfaces/type_description_interfaces/srv/get_type_description.hpp
[5.046s] -- Up-to-date: /home/rassito/microros_ws/install/type_description_interfaces/include/type_description_interfaces/type_description_interfaces/srv/detail
[5.046s] -- Up-to-date: /home/rassito/microros_ws/install/type_description_interfaces/include/type_description_interfaces/type_description_interfaces/srv/detail/get_type_description__builder.hpp
[5.046s] -- Up-to-date: /home/rassito/microros_ws/install/type_description_interfaces/include/type_description_interfaces/type_description_interfaces/srv/detail/get_type_description__traits.hpp
[5.047s] -- Up-to-date: /home/rassito/microros_ws/install/type_description_interfaces/include/type_description_interfaces/type_description_interfaces/srv/detail/get_type_description__struct.hpp
[5.047s] -- Up-to-date: /home/rassito/microros_ws/install/type_description_interfaces/include/type_description_interfaces/type_description_interfaces/srv/detail/get_type_description__type_support.hpp
[5.047s] -- Up-to-date: /home/rassito/microros_ws/install/type_description_interfaces/include/type_description_interfaces/type_description_interfaces/msg
[5.047s] -- Up-to-date: /home/rassito/microros_ws/install/type_description_interfaces/include/type_description_interfaces/type_description_interfaces/msg/rosidl_generator_cpp__visibility_control.hpp
[5.047s] -- Up-to-date: /home/rassito/microros_ws/install/type_description_interfaces/include/type_description_interfaces/type_description_interfaces/msg/type_source.hpp
[5.047s] -- Up-to-date: /home/rassito/microros_ws/install/type_description_interfaces/include/type_description_interfaces/type_description_interfaces/msg/field_type.hpp
[5.047s] -- Up-to-date: /home/rassito/microros_ws/install/type_description_interfaces/include/type_description_interfaces/type_description_interfaces/msg/field.hpp
[5.047s] -- Up-to-date: /home/rassito/microros_ws/install/type_description_interfaces/include/type_description_interfaces/type_description_interfaces/msg/individual_type_description.hpp
[5.047s] -- Up-to-date: /home/rassito/microros_ws/install/type_description_interfaces/include/type_description_interfaces/type_description_interfaces/msg/key_value.hpp
[5.047s] -- Up-to-date: /home/rassito/microros_ws/install/type_description_interfaces/include/type_description_interfaces/type_description_interfaces/msg/type_description.hpp
[5.047s] -- Up-to-date: /home/rassito/microros_ws/install/type_description_interfaces/include/type_description_interfaces/type_description_interfaces/msg/detail
[5.047s] -- Up-to-date: /home/rassito/microros_ws/install/type_description_interfaces/include/type_description_interfaces/type_description_interfaces/msg/detail/type_source__struct.hpp
[5.048s] -- Up-to-date: /home/rassito/microros_ws/install/type_description_interfaces/include/type_description_interfaces/type_description_interfaces/msg/detail/key_value__type_support.hpp
[5.048s] -- Up-to-date: /home/rassito/microros_ws/install/type_description_interfaces/include/type_description_interfaces/type_description_interfaces/msg/detail/field_type__struct.hpp
[5.048s] -- Up-to-date: /home/rassito/microros_ws/install/type_description_interfaces/include/type_description_interfaces/type_description_interfaces/msg/detail/type_description__traits.hpp
[5.048s] -- Up-to-date: /home/rassito/microros_ws/install/type_description_interfaces/include/type_description_interfaces/type_description_interfaces/msg/detail/field_type__traits.hpp
[5.048s] -- Up-to-date: /home/rassito/microros_ws/install/type_description_interfaces/include/type_description_interfaces/type_description_interfaces/msg/detail/type_description__builder.hpp
[5.048s] -- Up-to-date: /home/rassito/microros_ws/install/type_description_interfaces/include/type_description_interfaces/type_description_interfaces/msg/detail/field__struct.hpp
[5.048s] -- Up-to-date: /home/rassito/microros_ws/install/type_description_interfaces/include/type_description_interfaces/type_description_interfaces/msg/detail/type_source__builder.hpp
[5.048s] -- Up-to-date: /home/rassito/microros_ws/install/type_description_interfaces/include/type_description_interfaces/type_description_interfaces/msg/detail/individual_type_description__struct.hpp
[5.048s] -- Up-to-date: /home/rassito/microros_ws/install/type_description_interfaces/include/type_description_interfaces/type_description_interfaces/msg/detail/key_value__struct.hpp
[5.048s] -- Up-to-date: /home/rassito/microros_ws/install/type_description_interfaces/include/type_description_interfaces/type_description_interfaces/msg/detail/type_source__type_support.hpp
[5.048s] -- Up-to-date: /home/rassito/microros_ws/install/type_description_interfaces/include/type_description_interfaces/type_description_interfaces/msg/detail/type_description__struct.hpp
[5.049s] -- Up-to-date: /home/rassito/microros_ws/install/type_description_interfaces/include/type_description_interfaces/type_description_interfaces/msg/detail/type_source__traits.hpp
[5.049s] -- Up-to-date: /home/rassito/microros_ws/install/type_description_interfaces/include/type_description_interfaces/type_description_interfaces/msg/detail/key_value__builder.hpp
[5.049s] -- Up-to-date: /home/rassito/microros_ws/install/type_description_interfaces/include/type_description_interfaces/type_description_interfaces/msg/detail/type_description__type_support.hpp
[5.049s] -- Up-to-date: /home/rassito/microros_ws/install/type_description_interfaces/include/type_description_interfaces/type_description_interfaces/msg/detail/field__type_support.hpp
[5.049s] -- Up-to-date: /home/rassito/microros_ws/install/type_description_interfaces/include/type_description_interfaces/type_description_interfaces/msg/detail/individual_type_description__builder.hpp
[5.049s] -- Up-to-date: /home/rassito/microros_ws/install/type_description_interfaces/include/type_description_interfaces/type_description_interfaces/msg/detail/field_type__type_support.hpp
[5.049s] -- Up-to-date: /home/rassito/microros_ws/install/type_description_interfaces/include/type_description_interfaces/type_description_interfaces/msg/detail/individual_type_description__type_support.hpp
[5.049s] -- Up-to-date: /home/rassito/microros_ws/install/type_description_interfaces/include/type_description_interfaces/type_description_interfaces/msg/detail/individual_type_description__traits.hpp
[5.049s] -- Up-to-date: /home/rassito/microros_ws/install/type_description_interfaces/include/type_description_interfaces/type_description_interfaces/msg/detail/field__traits.hpp
[5.049s] -- Up-to-date: /home/rassito/microros_ws/install/type_description_interfaces/include/type_description_interfaces/type_description_interfaces/msg/detail/field_type__builder.hpp
[5.049s] -- Up-to-date: /home/rassito/microros_ws/install/type_description_interfaces/include/type_description_interfaces/type_description_interfaces/msg/detail/key_value__traits.hpp
[5.050s] -- Up-to-date: /home/rassito/microros_ws/install/type_description_interfaces/include/type_description_interfaces/type_description_interfaces/msg/detail/field__builder.hpp
[5.050s] -- Up-to-date: /home/rassito/microros_ws/install/type_description_interfaces/include/type_description_interfaces/type_description_interfaces
[5.050s] -- Up-to-date: /home/rassito/microros_ws/install/type_description_interfaces/include/type_description_interfaces/type_description_interfaces/srv
[5.050s] -- Up-to-date: /home/rassito/microros_ws/install/type_description_interfaces/include/type_description_interfaces/type_description_interfaces/srv/detail
[5.050s] -- Up-to-date: /home/rassito/microros_ws/install/type_description_interfaces/include/type_description_interfaces/type_description_interfaces/srv/detail/get_type_description__rosidl_typesupport_fastrtps_cpp.hpp
[5.050s] -- Up-to-date: /home/rassito/microros_ws/install/type_description_interfaces/include/type_description_interfaces/type_description_interfaces/srv/detail/dds_fastrtps
[5.050s] -- Up-to-date: /home/rassito/microros_ws/install/type_description_interfaces/include/type_description_interfaces/type_description_interfaces/msg
[5.050s] -- Up-to-date: /home/rassito/microros_ws/install/type_description_interfaces/include/type_description_interfaces/type_description_interfaces/msg/rosidl_typesupport_fastrtps_cpp__visibility_control.h
[5.050s] -- Up-to-date: /home/rassito/microros_ws/install/type_description_interfaces/include/type_description_interfaces/type_description_interfaces/msg/detail
[5.050s] -- Up-to-date: /home/rassito/microros_ws/install/type_description_interfaces/include/type_description_interfaces/type_description_interfaces/msg/detail/type_source__rosidl_typesupport_fastrtps_cpp.hpp
[5.050s] -- Up-to-date: /home/rassito/microros_ws/install/type_description_interfaces/include/type_description_interfaces/type_description_interfaces/msg/detail/individual_type_description__rosidl_typesupport_fastrtps_cpp.hpp
[5.051s] -- Up-to-date: /home/rassito/microros_ws/install/type_description_interfaces/include/type_description_interfaces/type_description_interfaces/msg/detail/key_value__rosidl_typesupport_fastrtps_cpp.hpp
[5.051s] -- Up-to-date: /home/rassito/microros_ws/install/type_description_interfaces/include/type_description_interfaces/type_description_interfaces/msg/detail/type_description__rosidl_typesupport_fastrtps_cpp.hpp
[5.051s] -- Up-to-date: /home/rassito/microros_ws/install/type_description_interfaces/include/type_description_interfaces/type_description_interfaces/msg/detail/field_type__rosidl_typesupport_fastrtps_cpp.hpp
[5.051s] -- Up-to-date: /home/rassito/microros_ws/install/type_description_interfaces/include/type_description_interfaces/type_description_interfaces/msg/detail/field__rosidl_typesupport_fastrtps_cpp.hpp
[5.051s] -- Up-to-date: /home/rassito/microros_ws/install/type_description_interfaces/include/type_description_interfaces/type_description_interfaces/msg/detail/dds_fastrtps
[5.051s] -- Up-to-date: /home/rassito/microros_ws/install/type_description_interfaces/lib/libtype_description_interfaces__rosidl_typesupport_fastrtps_cpp.so
[5.051s] -- Up-to-date: /home/rassito/microros_ws/install/type_description_interfaces/include/type_description_interfaces/type_description_interfaces
[5.051s] -- Up-to-date: /home/rassito/microros_ws/install/type_description_interfaces/include/type_description_interfaces/type_description_interfaces/srv
[5.051s] -- Up-to-date: /home/rassito/microros_ws/install/type_description_interfaces/include/type_description_interfaces/type_description_interfaces/srv/detail
[5.051s] -- Up-to-date: /home/rassito/microros_ws/install/type_description_interfaces/include/type_description_interfaces/type_description_interfaces/srv/detail/get_type_description__type_support.cpp
[5.051s] -- Up-to-date: /home/rassito/microros_ws/install/type_description_interfaces/include/type_description_interfaces/type_description_interfaces/srv/detail/get_type_description__rosidl_typesupport_introspection_cpp.hpp
[5.051s] -- Up-to-date: /home/rassito/microros_ws/install/type_description_interfaces/include/type_description_interfaces/type_description_interfaces/msg
[5.051s] -- Up-to-date: /home/rassito/microros_ws/install/type_description_interfaces/include/type_description_interfaces/type_description_interfaces/msg/detail
[5.052s] -- Up-to-date: /home/rassito/microros_ws/install/type_description_interfaces/include/type_description_interfaces/type_description_interfaces/msg/detail/type_description__rosidl_typesupport_introspection_cpp.hpp
[5.052s] -- Up-to-date: /home/rassito/microros_ws/install/type_description_interfaces/include/type_description_interfaces/type_description_interfaces/msg/detail/field__rosidl_typesupport_introspection_cpp.hpp
[5.052s] -- Up-to-date: /home/rassito/microros_ws/install/type_description_interfaces/include/type_description_interfaces/type_description_interfaces/msg/detail/field__type_support.cpp
[5.052s] -- Up-to-date: /home/rassito/microros_ws/install/type_description_interfaces/include/type_description_interfaces/type_description_interfaces/msg/detail/key_value__type_support.cpp
[5.052s] -- Up-to-date: /home/rassito/microros_ws/install/type_description_interfaces/include/type_description_interfaces/type_description_interfaces/msg/detail/field_type__type_support.cpp
[5.052s] -- Up-to-date: /home/rassito/microros_ws/install/type_description_interfaces/include/type_description_interfaces/type_description_interfaces/msg/detail/type_description__type_support.cpp
[5.052s] -- Up-to-date: /home/rassito/microros_ws/install/type_description_interfaces/include/type_description_interfaces/type_description_interfaces/msg/detail/individual_type_description__type_support.cpp
[5.052s] -- Up-to-date: /home/rassito/microros_ws/install/type_description_interfaces/include/type_description_interfaces/type_description_interfaces/msg/detail/individual_type_description__rosidl_typesupport_introspection_cpp.hpp
[5.052s] -- Up-to-date: /home/rassito/microros_ws/install/type_description_interfaces/include/type_description_interfaces/type_description_interfaces/msg/detail/field_type__rosidl_typesupport_introspection_cpp.hpp
[5.052s] -- Up-to-date: /home/rassito/microros_ws/install/type_description_interfaces/include/type_description_interfaces/type_description_interfaces/msg/detail/type_source__type_support.cpp
[5.052s] -- Up-to-date: /home/rassito/microros_ws/install/type_description_interfaces/include/type_description_interfaces/type_description_interfaces/msg/detail/type_source__rosidl_typesupport_introspection_cpp.hpp
[5.052s] -- Up-to-date: /home/rassito/microros_ws/install/type_description_interfaces/include/type_description_interfaces/type_description_interfaces/msg/detail/key_value__rosidl_typesupport_introspection_cpp.hpp
[5.053s] -- Up-to-date: /home/rassito/microros_ws/install/type_description_interfaces/lib/libtype_description_interfaces__rosidl_typesupport_introspection_cpp.so
[5.053s] -- Installing: /home/rassito/microros_ws/install/type_description_interfaces/lib/libtype_description_interfaces__rosidl_typesupport_cpp.so
[5.053s] -- Set non-toolchain portion of runtime path of "/home/rassito/microros_ws/install/type_description_interfaces/lib/libtype_description_interfaces__rosidl_typesupport_cpp.so" to ""
[5.053s] -- Up-to-date: /home/rassito/microros_ws/install/type_description_interfaces/share/type_description_interfaces/environment/pythonpath.sh
[5.053s] -- Up-to-date: /home/rassito/microros_ws/install/type_description_interfaces/share/type_description_interfaces/environment/pythonpath.dsv
[5.053s] -- Up-to-date: /home/rassito/microros_ws/install/type_description_interfaces/lib/python3.12/site-packages/type_description_interfaces-2.0.2-py3.12.egg-info
[5.053s] -- Installing: /home/rassito/microros_ws/install/type_description_interfaces/lib/python3.12/site-packages/type_description_interfaces-2.0.2-py3.12.egg-info/top_level.txt
[5.053s] -- Installing: /home/rassito/microros_ws/install/type_description_interfaces/lib/python3.12/site-packages/type_description_interfaces-2.0.2-py3.12.egg-info/PKG-INFO
[5.053s] -- Installing: /home/rassito/microros_ws/install/type_description_interfaces/lib/python3.12/site-packages/type_description_interfaces-2.0.2-py3.12.egg-info/dependency_links.txt
[5.053s] -- Installing: /home/rassito/microros_ws/install/type_description_interfaces/lib/python3.12/site-packages/type_description_interfaces-2.0.2-py3.12.egg-info/SOURCES.txt
[5.053s] -- Up-to-date: /home/rassito/microros_ws/install/type_description_interfaces/lib/python3.12/site-packages/type_description_interfaces
[5.053s] -- Up-to-date: /home/rassito/microros_ws/install/type_description_interfaces/lib/python3.12/site-packages/type_description_interfaces/type_description_interfaces_s__rosidl_typesupport_microxrcedds_c.so
[5.053s] -- Up-to-date: /home/rassito/microros_ws/install/type_description_interfaces/lib/python3.12/site-packages/type_description_interfaces/_type_description_interfaces_s.ep.rosidl_typesupport_c.c
[5.054s] -- Up-to-date: /home/rassito/microros_ws/install/type_description_interfaces/lib/python3.12/site-packages/type_description_interfaces/_type_description_interfaces_s.ep.rosidl_typesupport_introspection_c.c
[5.054s] -- Installing: /home/rassito/microros_ws/install/type_description_interfaces/lib/python3.12/site-packages/type_description_interfaces/type_description_interfaces_s__rosidl_typesupport_introspection_c.so
[5.054s] -- Up-to-date: /home/rassito/microros_ws/install/type_description_interfaces/lib/python3.12/site-packages/type_description_interfaces/srv
[5.054s] -- Up-to-date: /home/rassito/microros_ws/install/type_description_interfaces/lib/python3.12/site-packages/type_description_interfaces/srv/_get_type_description.py
[5.054s] -- Up-to-date: /home/rassito/microros_ws/install/type_description_interfaces/lib/python3.12/site-packages/type_description_interfaces/srv/_get_type_description_s.c
[5.054s] -- Up-to-date: /home/rassito/microros_ws/install/type_description_interfaces/lib/python3.12/site-packages/type_description_interfaces/srv/__init__.py
[5.054s] -- Installing: /home/rassito/microros_ws/install/type_description_interfaces/lib/python3.12/site-packages/type_description_interfaces/type_description_interfaces_s__rosidl_typesupport_c.so
[5.054s] -- Up-to-date: /home/rassito/microros_ws/install/type_description_interfaces/lib/python3.12/site-packages/type_description_interfaces/_type_description_interfaces_s.ep.rosidl_typesupport_microxrcedds_c.c
[5.054s] -- Installing: /home/rassito/microros_ws/install/type_description_interfaces/lib/python3.12/site-packages/type_description_interfaces/type_description_interfaces_s__rosidl_typesupport_fastrtps_c.so
[5.054s] -- Up-to-date: /home/rassito/microros_ws/install/type_description_interfaces/lib/python3.12/site-packages/type_description_interfaces/_type_description_interfaces_s.ep.rosidl_typesupport_fastrtps_c.c
[5.054s] -- Up-to-date: /home/rassito/microros_ws/install/type_description_interfaces/lib/python3.12/site-packages/type_description_interfaces/msg
[5.054s] -- Up-to-date: /home/rassito/microros_ws/install/type_description_interfaces/lib/python3.12/site-packages/type_description_interfaces/msg/_type_description_s.c
[5.054s] -- Up-to-date: /home/rassito/microros_ws/install/type_description_interfaces/lib/python3.12/site-packages/type_description_interfaces/msg/_key_value.py
[5.055s] -- Up-to-date: /home/rassito/microros_ws/install/type_description_interfaces/lib/python3.12/site-packages/type_description_interfaces/msg/_field_type.py
[5.055s] -- Up-to-date: /home/rassito/microros_ws/install/type_description_interfaces/lib/python3.12/site-packages/type_description_interfaces/msg/_key_value_s.c
[5.055s] -- Up-to-date: /home/rassito/microros_ws/install/type_description_interfaces/lib/python3.12/site-packages/type_description_interfaces/msg/_individual_type_description_s.c
[5.055s] -- Up-to-date: /home/rassito/microros_ws/install/type_description_interfaces/lib/python3.12/site-packages/type_description_interfaces/msg/_field_s.c
[5.055s] -- Up-to-date: /home/rassito/microros_ws/install/type_description_interfaces/lib/python3.12/site-packages/type_description_interfaces/msg/_individual_type_description.py
[5.055s] -- Up-to-date: /home/rassito/microros_ws/install/type_description_interfaces/lib/python3.12/site-packages/type_description_interfaces/msg/_type_source.py
[5.055s] -- Up-to-date: /home/rassito/microros_ws/install/type_description_interfaces/lib/python3.12/site-packages/type_description_interfaces/msg/_type_source_s.c
[5.055s] -- Up-to-date: /home/rassito/microros_ws/install/type_description_interfaces/lib/python3.12/site-packages/type_description_interfaces/msg/_field.py
[5.055s] -- Up-to-date: /home/rassito/microros_ws/install/type_description_interfaces/lib/python3.12/site-packages/type_description_interfaces/msg/_field_type_s.c
[5.055s] -- Up-to-date: /home/rassito/microros_ws/install/type_description_interfaces/lib/python3.12/site-packages/type_description_interfaces/msg/_type_description.py
[5.055s] -- Up-to-date: /home/rassito/microros_ws/install/type_description_interfaces/lib/python3.12/site-packages/type_description_interfaces/msg/__init__.py
[5.055s] -- Installing: /home/rassito/microros_ws/install/type_description_interfaces/lib/python3.12/site-packages/type_description_interfaces/__init__.py
[5.078s] Listing '/home/rassito/microros_ws/install/type_description_interfaces/lib/python3.12/site-packages/type_description_interfaces'...
[5.078s] Compiling '/home/rassito/microros_ws/install/type_description_interfaces/lib/python3.12/site-packages/type_description_interfaces/__init__.py'...
[5.078s] Listing '/home/rassito/microros_ws/install/type_description_interfaces/lib/python3.12/site-packages/type_description_interfaces/msg'...
[5.078s] Listing '/home/rassito/microros_ws/install/type_description_interfaces/lib/python3.12/site-packages/type_description_interfaces/srv'...
[5.082s] -- Installing: /home/rassito/microros_ws/install/type_description_interfaces/lib/python3.12/site-packages/type_description_interfaces/type_description_interfaces_s__rosidl_typesupport_fastrtps_c.so
[5.082s] -- Set non-toolchain portion of runtime path of "/home/rassito/microros_ws/install/type_description_interfaces/lib/python3.12/site-packages/type_description_interfaces/type_description_interfaces_s__rosidl_typesupport_fastrtps_c.so" to ""
[5.082s] -- Installing: /home/rassito/microros_ws/install/type_description_interfaces/lib/python3.12/site-packages/type_description_interfaces/type_description_interfaces_s__rosidl_typesupport_introspection_c.so
[5.083s] -- Set non-toolchain portion of runtime path of "/home/rassito/microros_ws/install/type_description_interfaces/lib/python3.12/site-packages/type_description_interfaces/type_description_interfaces_s__rosidl_typesupport_introspection_c.so" to ""
[5.083s] -- Installing: /home/rassito/microros_ws/install/type_description_interfaces/lib/python3.12/site-packages/type_description_interfaces/type_description_interfaces_s__rosidl_typesupport_c.so
[5.083s] -- Set non-toolchain portion of runtime path of "/home/rassito/microros_ws/install/type_description_interfaces/lib/python3.12/site-packages/type_description_interfaces/type_description_interfaces_s__rosidl_typesupport_c.so" to ""
[5.083s] -- Installing: /home/rassito/microros_ws/install/type_description_interfaces/lib/libtype_description_interfaces__rosidl_generator_py.so
[5.084s] -- Set non-toolchain portion of runtime path of "/home/rassito/microros_ws/install/type_description_interfaces/lib/libtype_description_interfaces__rosidl_generator_py.so" to ""
[5.084s] -- Up-to-date: /home/rassito/microros_ws/install/type_description_interfaces/share/type_description_interfaces/msg/Field.idl
[5.084s] -- Up-to-date: /home/rassito/microros_ws/install/type_description_interfaces/share/type_description_interfaces/msg/FieldType.idl
[5.084s] -- Up-to-date: /home/rassito/microros_ws/install/type_description_interfaces/share/type_description_interfaces/msg/IndividualTypeDescription.idl
[5.084s] -- Up-to-date: /home/rassito/microros_ws/install/type_description_interfaces/share/type_description_interfaces/msg/KeyValue.idl
[5.084s] -- Up-to-date: /home/rassito/microros_ws/install/type_description_interfaces/share/type_description_interfaces/msg/TypeDescription.idl
[5.084s] -- Up-to-date: /home/rassito/microros_ws/install/type_description_interfaces/share/type_description_interfaces/msg/TypeSource.idl
[5.084s] -- Up-to-date: /home/rassito/microros_ws/install/type_description_interfaces/share/type_description_interfaces/srv/GetTypeDescription.idl
[5.084s] -- Up-to-date: /home/rassito/microros_ws/install/type_description_interfaces/share/type_description_interfaces/msg/Field.msg
[5.084s] -- Up-to-date: /home/rassito/microros_ws/install/type_description_interfaces/share/type_description_interfaces/msg/FieldType.msg
[5.084s] -- Up-to-date: /home/rassito/microros_ws/install/type_description_interfaces/share/type_description_interfaces/msg/IndividualTypeDescription.msg
[5.084s] -- Up-to-date: /home/rassito/microros_ws/install/type_description_interfaces/share/type_description_interfaces/msg/KeyValue.msg
[5.084s] -- Up-to-date: /home/rassito/microros_ws/install/type_description_interfaces/share/type_description_interfaces/msg/TypeDescription.msg
[5.084s] -- Up-to-date: /home/rassito/microros_ws/install/type_description_interfaces/share/type_description_interfaces/msg/TypeSource.msg
[5.084s] -- Up-to-date: /home/rassito/microros_ws/install/type_description_interfaces/share/type_description_interfaces/srv/GetTypeDescription.srv
[5.084s] -- Up-to-date: /home/rassito/microros_ws/install/type_description_interfaces/share/ament_index/resource_index/package_run_dependencies/type_description_interfaces
[5.084s] -- Installing: /home/rassito/microros_ws/install/type_description_interfaces/share/ament_index/resource_index/parent_prefix_path/type_description_interfaces
[5.085s] -- Up-to-date: /home/rassito/microros_ws/install/type_description_interfaces/share/type_description_interfaces/environment/ament_prefix_path.sh
[5.085s] -- Up-to-date: /home/rassito/microros_ws/install/type_description_interfaces/share/type_description_interfaces/environment/ament_prefix_path.dsv
[5.085s] -- Up-to-date: /home/rassito/microros_ws/install/type_description_interfaces/share/type_description_interfaces/environment/path.sh
[5.085s] -- Up-to-date: /home/rassito/microros_ws/install/type_description_interfaces/share/type_description_interfaces/environment/path.dsv
[5.085s] -- Up-to-date: /home/rassito/microros_ws/install/type_description_interfaces/share/type_description_interfaces/local_setup.bash
[5.085s] -- Up-to-date: /home/rassito/microros_ws/install/type_description_interfaces/share/type_description_interfaces/local_setup.sh
[5.085s] -- Up-to-date: /home/rassito/microros_ws/install/type_description_interfaces/share/type_description_interfaces/local_setup.zsh
[5.085s] -- Up-to-date: /home/rassito/microros_ws/install/type_description_interfaces/share/type_description_interfaces/local_setup.dsv
[5.085s] -- Installing: /home/rassito/microros_ws/install/type_description_interfaces/share/type_description_interfaces/package.dsv
[5.085s] -- Up-to-date: /home/rassito/microros_ws/install/type_description_interfaces/share/ament_index/resource_index/packages/type_description_interfaces
[5.085s] -- Up-to-date: /home/rassito/microros_ws/install/type_description_interfaces/share/type_description_interfaces/cmake/export_type_description_interfaces__rosidl_generator_cExport.cmake
[5.085s] -- Up-to-date: /home/rassito/microros_ws/install/type_description_interfaces/share/type_description_interfaces/cmake/export_type_description_interfaces__rosidl_generator_cExport-noconfig.cmake
[5.085s] -- Up-to-date: /home/rassito/microros_ws/install/type_description_interfaces/share/type_description_interfaces/cmake/export_type_description_interfaces__rosidl_typesupport_fastrtps_cExport.cmake
[5.085s] -- Up-to-date: /home/rassito/microros_ws/install/type_description_interfaces/share/type_description_interfaces/cmake/export_type_description_interfaces__rosidl_typesupport_fastrtps_cExport-noconfig.cmake
[5.086s] -- Up-to-date: /home/rassito/microros_ws/install/type_description_interfaces/share/type_description_interfaces/cmake/type_description_interfaces__rosidl_typesupport_introspection_cExport.cmake
[5.086s] -- Up-to-date: /home/rassito/microros_ws/install/type_description_interfaces/share/type_description_interfaces/cmake/type_description_interfaces__rosidl_typesupport_introspection_cExport-noconfig.cmake
[5.086s] -- Up-to-date: /home/rassito/microros_ws/install/type_description_interfaces/share/type_description_interfaces/cmake/type_description_interfaces__rosidl_typesupport_cExport.cmake
[5.086s] -- Up-to-date: /home/rassito/microros_ws/install/type_description_interfaces/share/type_description_interfaces/cmake/type_description_interfaces__rosidl_typesupport_cExport-noconfig.cmake
[5.086s] -- Up-to-date: /home/rassito/microros_ws/install/type_description_interfaces/share/type_description_interfaces/cmake/export_type_description_interfaces__rosidl_generator_cppExport.cmake
[5.086s] -- Up-to-date: /home/rassito/microros_ws/install/type_description_interfaces/share/type_description_interfaces/cmake/export_type_description_interfaces__rosidl_typesupport_fastrtps_cppExport.cmake
[5.086s] -- Up-to-date: /home/rassito/microros_ws/install/type_description_interfaces/share/type_description_interfaces/cmake/export_type_description_interfaces__rosidl_typesupport_fastrtps_cppExport-noconfig.cmake
[5.087s] -- Up-to-date: /home/rassito/microros_ws/install/type_description_interfaces/share/type_description_interfaces/cmake/type_description_interfaces__rosidl_typesupport_introspection_cppExport.cmake
[5.087s] -- Up-to-date: /home/rassito/microros_ws/install/type_description_interfaces/share/type_description_interfaces/cmake/type_description_interfaces__rosidl_typesupport_introspection_cppExport-noconfig.cmake
[5.087s] -- Up-to-date: /home/rassito/microros_ws/install/type_description_interfaces/share/type_description_interfaces/cmake/type_description_interfaces__rosidl_typesupport_cppExport.cmake
[5.087s] -- Up-to-date: /home/rassito/microros_ws/install/type_description_interfaces/share/type_description_interfaces/cmake/type_description_interfaces__rosidl_typesupport_cppExport-noconfig.cmake
[5.087s] -- Up-to-date: /home/rassito/microros_ws/install/type_description_interfaces/share/type_description_interfaces/cmake/export_type_description_interfaces__rosidl_generator_pyExport.cmake
[5.087s] -- Up-to-date: /home/rassito/microros_ws/install/type_description_interfaces/share/type_description_interfaces/cmake/export_type_description_interfaces__rosidl_generator_pyExport-noconfig.cmake
[5.087s] -- Up-to-date: /home/rassito/microros_ws/install/type_description_interfaces/share/type_description_interfaces/cmake/rosidl_cmake-extras.cmake
[5.087s] -- Up-to-date: /home/rassito/microros_ws/install/type_description_interfaces/share/type_description_interfaces/cmake/ament_cmake_export_dependencies-extras.cmake
[5.087s] -- Installing: /home/rassito/microros_ws/install/type_description_interfaces/share/type_description_interfaces/cmake/ament_cmake_export_include_directories-extras.cmake
[5.087s] -- Up-to-date: /home/rassito/microros_ws/install/type_description_interfaces/share/type_description_interfaces/cmake/ament_cmake_export_libraries-extras.cmake
[5.087s] -- Up-to-date: /home/rassito/microros_ws/install/type_description_interfaces/share/type_description_interfaces/cmake/ament_cmake_export_targets-extras.cmake
[5.087s] -- Up-to-date: /home/rassito/microros_ws/install/type_description_interfaces/share/type_description_interfaces/cmake/rosidl_cmake_export_typesupport_targets-extras.cmake
[5.087s] -- Installing: /home/rassito/microros_ws/install/type_description_interfaces/share/type_description_interfaces/cmake/rosidl_cmake_export_typesupport_libraries-extras.cmake
[5.088s] -- Up-to-date: /home/rassito/microros_ws/install/type_description_interfaces/share/type_description_interfaces/cmake/type_description_interfacesConfig.cmake
[5.088s] -- Up-to-date: /home/rassito/microros_ws/install/type_description_interfaces/share/type_description_interfaces/cmake/type_description_interfacesConfig-version.cmake
[5.088s] -- Up-to-date: /home/rassito/microros_ws/install/type_description_interfaces/share/type_description_interfaces/package.xml
[5.089s] Invoked command in '/home/rassito/microros_ws/build/type_description_interfaces' returned '0': AMENT_PREFIX_PATH=/home/rassito/microros_ws/install/service_msgs:/home/rassito/microros_ws/install/builtin_interfaces:${AMENT_PREFIX_PATH} CMAKE_PREFIX_PATH=/home/rassito/microros_ws/install/service_msgs:/home/rassito/microros_ws/install/builtin_interfaces:/opt/ros/jazzy/opt/sdformat_vendor:/opt/ros/jazzy/opt/gz_math_vendor:/opt/ros/jazzy/opt/gz_utils_vendor:/opt/ros/jazzy/opt/gz_tools_vendor:/opt/ros/jazzy/opt/gz_cmake_vendor:/home/rassito/ros_ws/install/super_pkg:/opt/ros/jazzy DEBUGINFOD_URLS=https://debuginfod.ubuntu.com LD_LIBRARY_PATH=/home/rassito/microros_ws/install/service_msgs/lib:/home/rassito/microros_ws/install/builtin_interfaces/lib:${LD_LIBRARY_PATH} PYTHONPATH=/home/rassito/microros_ws/install/service_msgs/lib/python3.12/site-packages:/home/rassito/microros_ws/install/builtin_interfaces/lib/python3.12/site-packages:${PYTHONPATH} /usr/bin/cmake --install /home/rassito/microros_ws/build/type_description_interfaces
