[0.042s] Invoking command in '/home/rassito/microros_ws/build/microcdr': DEBUGINFOD_URLS=https://debuginfod.ubuntu.com /usr/bin/cmake /home/rassito/microros_ws/src/eProsima/Micro-CDR -DUCDR_ISOLATED_INSTALL=OFF -DCMAKE_INSTALL_PREFIX=/home/rassito/microros_ws/install/microcdr
[0.061s] -- Configuring done (0.0s)
[0.067s] -- Generating done (0.0s)
[0.069s] -- Build files have been written to: /home/rassito/microros_ws/build/microcdr
[0.071s] Invoked command in '/home/rassito/microros_ws/build/microcdr' returned '0': DEBUGINFOD_URLS=https://debuginfod.ubuntu.com /usr/bin/cmake /home/rassito/microros_ws/src/eProsima/Micro-CDR -DUCDR_ISOLATED_INSTALL=OFF -DCMAKE_INSTALL_PREFIX=/home/rassito/microros_ws/install/microcdr
[0.072s] Invoking command in '/home/rassito/microros_ws/build/microcdr': DEBUGINFOD_URLS=https://debuginfod.ubuntu.com /usr/bin/cmake --build /home/rassito/microros_ws/build/microcdr -- -j16 -l16
[0.137s] [100%] Built target microcdr
[0.151s] Invoked command in '/home/rassito/microros_ws/build/microcdr' returned '0': DEBUGINFOD_URLS=https://debuginfod.ubuntu.com /usr/bin/cmake --build /home/rassito/microros_ws/build/microcdr -- -j16 -l16
[0.160s] Invoking command in '/home/rassito/microros_ws/build/microcdr': DEBUGINFOD_URLS=https://debuginfod.ubuntu.com /usr/bin/cmake --install /home/rassito/microros_ws/build/microcdr
[0.167s] -- Install configuration: "Release"
[0.167s] -- Up-to-date: /home/rassito/microros_ws/install/microcdr/lib/libmicrocdr.so.2.0.1
[0.168s] -- Up-to-date: /home/rassito/microros_ws/install/microcdr/lib/libmicrocdr.so.2.0
[0.168s] -- Up-to-date: /home/rassito/microros_ws/install/microcdr/lib/libmicrocdr.so
[0.168s] -- Up-to-date: /home/rassito/microros_ws/install/microcdr/include/ucdr
[0.168s] -- Up-to-date: /home/rassito/microros_ws/install/microcdr/include/ucdr/visibility.h
[0.168s] -- Up-to-date: /home/rassito/microros_ws/install/microcdr/include/ucdr/microcdr.h
[0.168s] -- Up-to-date: /home/rassito/microros_ws/install/microcdr/include/ucdr/config.h
[0.168s] -- Up-to-date: /home/rassito/microros_ws/install/microcdr/share/microcdr/cmake/microcdrTargets.cmake
[0.168s] -- Up-to-date: /home/rassito/microros_ws/install/microcdr/share/microcdr/cmake/microcdrTargets-release.cmake
[0.168s] -- Up-to-date: /home/rassito/microros_ws/install/microcdr/share/microcdr/cmake/microcdrConfig.cmake
[0.168s] -- Up-to-date: /home/rassito/microros_ws/install/microcdr/share/microcdr/cmake/microcdrConfigVersion.cmake
[0.169s] Invoked command in '/home/rassito/microros_ws/build/microcdr' returned '0': DEBUGINFOD_URLS=https://debuginfod.ubuntu.com /usr/bin/cmake --install /home/rassito/microros_ws/build/microcdr
