[0.035s] Invoking command in '/home/rassito/microros_ws/build/unique_identifier_msgs': CMAKE_PREFIX_PATH=${CMAKE_PREFIX_PATH}:/home/rassito/microros_ws/install/sensor_msgs_py:/home/rassito/ros_ws/install/super_pkg:/opt/ros/jazzy DEBUGINFOD_URLS=https://debuginfod.ubuntu.com /usr/bin/cmake /home/rassito/microros_ws/src/ros2/unique_identifier_msgs -DBUILD_TESTING=OFF -DBUILD_SHARED_LIBS=ON -DCMAKE_INSTALL_PREFIX=/home/rassito/microros_ws/install/unique_identifier_msgs
[0.055s] -- Found ament_cmake: 2.5.3 (/opt/ros/jazzy/share/ament_cmake/cmake)
[0.099s] -- Found Python3: /usr/bin/python3 (found version "3.12.3") found components: Interpreter 
[0.201s] -- Found rosidl_core_generators: 0.2.0 (/opt/ros/jazzy/share/rosidl_core_generators/cmake)
[0.209s] -- Using all available rosidl_typesupport_c: rosidl_typesupport_microxrcedds_c;rosidl_typesupport_fastrtps_c;rosidl_typesupport_introspection_c
[0.235s] -- Found rosidl_adapter: 4.6.5 (/opt/ros/jazzy/share/rosidl_adapter/cmake)
[0.269s] -- Using all available rosidl_typesupport_cpp: rosidl_typesupport_microxrcedds_cpp;rosidl_typesupport_fastrtps_cpp;rosidl_typesupport_introspection_cpp
[0.647s] -- Found ament_cmake_ros: 0.12.0 (/opt/ros/jazzy/share/ament_cmake_ros/cmake)
[0.799s] -- Using all available rosidl_typesupport_c: rosidl_typesupport_microxrcedds_c;rosidl_typesupport_fastrtps_c;rosidl_typesupport_introspection_c
[0.992s] -- Using all available rosidl_typesupport_cpp: rosidl_typesupport_microxrcedds_cpp;rosidl_typesupport_fastrtps_cpp;rosidl_typesupport_introspection_cpp
[0.994s] -- Found python_cmake_module: 0.11.1 (/opt/ros/jazzy/share/python_cmake_module/cmake)
[1.328s] -- Found Python3: /usr/bin/python3 (found version "3.12.3") found components: Interpreter Development NumPy Development.Module Development.Embed 
[1.347s] -- Configuring done (1.3s)
[1.379s] -- Generating done (0.0s)
[1.391s] -- Build files have been written to: /home/rassito/microros_ws/build/unique_identifier_msgs
[1.399s] Invoked command in '/home/rassito/microros_ws/build/unique_identifier_msgs' returned '0': CMAKE_PREFIX_PATH=${CMAKE_PREFIX_PATH}:/home/rassito/microros_ws/install/sensor_msgs_py:/home/rassito/ros_ws/install/super_pkg:/opt/ros/jazzy DEBUGINFOD_URLS=https://debuginfod.ubuntu.com /usr/bin/cmake /home/rassito/microros_ws/src/ros2/unique_identifier_msgs -DBUILD_TESTING=OFF -DBUILD_SHARED_LIBS=ON -DCMAKE_INSTALL_PREFIX=/home/rassito/microros_ws/install/unique_identifier_msgs
[1.400s] Invoking command in '/home/rassito/microros_ws/build/unique_identifier_msgs': CMAKE_PREFIX_PATH=${CMAKE_PREFIX_PATH}:/home/rassito/microros_ws/install/sensor_msgs_py:/home/rassito/ros_ws/install/super_pkg:/opt/ros/jazzy DEBUGINFOD_URLS=https://debuginfod.ubuntu.com /usr/bin/cmake --build /home/rassito/microros_ws/build/unique_identifier_msgs -- -j16 -l16
[1.457s] [  2%] Built target unique_identifier_msgs__rosidl_generator_type_description
[1.473s] [  2%] Built target ament_cmake_python_copy_unique_identifier_msgs
[1.500s] [ 14%] Built target unique_identifier_msgs__rosidl_generator_c
[1.501s] [ 16%] Built target unique_identifier_msgs__cpp
[1.550s] [ 23%] Built target unique_identifier_msgs__rosidl_typesupport_c
[1.550s] [ 30%] Built target unique_identifier_msgs__rosidl_typesupport_microxrcedds_c
[1.551s] [ 38%] Built target unique_identifier_msgs__rosidl_typesupport_fastrtps_c
[1.554s] [ 45%] Built target unique_identifier_msgs__rosidl_typesupport_introspection_c
[1.555s] [ 52%] Built target unique_identifier_msgs__rosidl_typesupport_cpp
[1.559s] [ 59%] Built target unique_identifier_msgs__rosidl_typesupport_introspection_cpp
[1.580s] [ 66%] Built target unique_identifier_msgs__rosidl_typesupport_microxrcedds_cpp
[1.580s] [ 73%] Built target unique_identifier_msgs__rosidl_typesupport_fastrtps_cpp
[1.614s] [ 73%] Built target unique_identifier_msgs
[1.650s] [ 76%] Built target unique_identifier_msgs__py
[1.687s] [ 80%] Built target unique_identifier_msgs__rosidl_generator_py
[1.720s] [ 85%] Built target unique_identifier_msgs_s__rosidl_typesupport_microxrcedds_c
[1.720s] [ 90%] Built target unique_identifier_msgs_s__rosidl_typesupport_fastrtps_c
[1.723s] [ 95%] Built target unique_identifier_msgs_s__rosidl_typesupport_c
[1.724s] [100%] Built target unique_identifier_msgs_s__rosidl_typesupport_introspection_c
[1.810s] running egg_info
[1.831s] writing unique_identifier_msgs.egg-info/PKG-INFO
[1.831s] writing dependency_links to unique_identifier_msgs.egg-info/dependency_links.txt
[1.831s] writing top-level names to unique_identifier_msgs.egg-info/top_level.txt
[1.897s] reading manifest file 'unique_identifier_msgs.egg-info/SOURCES.txt'
[1.897s] writing manifest file 'unique_identifier_msgs.egg-info/SOURCES.txt'
[1.926s] [100%] Built target ament_cmake_python_build_unique_identifier_msgs_egg
[1.938s] Invoked command in '/home/rassito/microros_ws/build/unique_identifier_msgs' returned '0': CMAKE_PREFIX_PATH=${CMAKE_PREFIX_PATH}:/home/rassito/microros_ws/install/sensor_msgs_py:/home/rassito/ros_ws/install/super_pkg:/opt/ros/jazzy DEBUGINFOD_URLS=https://debuginfod.ubuntu.com /usr/bin/cmake --build /home/rassito/microros_ws/build/unique_identifier_msgs -- -j16 -l16
[1.940s] Invoking command in '/home/rassito/microros_ws/build/unique_identifier_msgs': CMAKE_PREFIX_PATH=${CMAKE_PREFIX_PATH}:/home/rassito/microros_ws/install/sensor_msgs_py:/home/rassito/ros_ws/install/super_pkg:/opt/ros/jazzy DEBUGINFOD_URLS=https://debuginfod.ubuntu.com /usr/bin/cmake --install /home/rassito/microros_ws/build/unique_identifier_msgs
[1.971s] -- Install configuration: ""
[1.972s] -- Up-to-date: /home/rassito/microros_ws/install/unique_identifier_msgs/share/ament_index/resource_index/rosidl_interfaces/unique_identifier_msgs
[1.972s] -- Up-to-date: /home/rassito/microros_ws/install/unique_identifier_msgs/share/unique_identifier_msgs/msg/UUID.json
[1.972s] -- Up-to-date: /home/rassito/microros_ws/install/unique_identifier_msgs/include/unique_identifier_msgs/unique_identifier_msgs
[1.972s] -- Up-to-date: /home/rassito/microros_ws/install/unique_identifier_msgs/include/unique_identifier_msgs/unique_identifier_msgs/msg
[1.972s] -- Up-to-date: /home/rassito/microros_ws/install/unique_identifier_msgs/include/unique_identifier_msgs/unique_identifier_msgs/msg/uuid.h
[1.972s] -- Up-to-date: /home/rassito/microros_ws/install/unique_identifier_msgs/include/unique_identifier_msgs/unique_identifier_msgs/msg/detail
[1.972s] -- Up-to-date: /home/rassito/microros_ws/install/unique_identifier_msgs/include/unique_identifier_msgs/unique_identifier_msgs/msg/detail/uuid__struct.h
[1.972s] -- Up-to-date: /home/rassito/microros_ws/install/unique_identifier_msgs/include/unique_identifier_msgs/unique_identifier_msgs/msg/detail/uuid__description.c
[1.972s] -- Up-to-date: /home/rassito/microros_ws/install/unique_identifier_msgs/include/unique_identifier_msgs/unique_identifier_msgs/msg/detail/uuid__functions.h
[1.973s] -- Up-to-date: /home/rassito/microros_ws/install/unique_identifier_msgs/include/unique_identifier_msgs/unique_identifier_msgs/msg/detail/uuid__functions.c
[1.973s] -- Up-to-date: /home/rassito/microros_ws/install/unique_identifier_msgs/include/unique_identifier_msgs/unique_identifier_msgs/msg/detail/uuid__type_support.h
[1.973s] -- Up-to-date: /home/rassito/microros_ws/install/unique_identifier_msgs/include/unique_identifier_msgs/unique_identifier_msgs/msg/detail/uuid__type_support.c
[1.973s] -- Up-to-date: /home/rassito/microros_ws/install/unique_identifier_msgs/include/unique_identifier_msgs/unique_identifier_msgs/msg/rosidl_generator_c__visibility_control.h
[1.973s] -- Up-to-date: /home/rassito/microros_ws/install/unique_identifier_msgs/share/unique_identifier_msgs/environment/library_path.sh
[1.973s] -- Up-to-date: /home/rassito/microros_ws/install/unique_identifier_msgs/share/unique_identifier_msgs/environment/library_path.dsv
[1.973s] -- Up-to-date: /home/rassito/microros_ws/install/unique_identifier_msgs/lib/libunique_identifier_msgs__rosidl_generator_c.so
[1.973s] -- Up-to-date: /home/rassito/microros_ws/install/unique_identifier_msgs/include/unique_identifier_msgs
[1.974s] -- Up-to-date: /home/rassito/microros_ws/install/unique_identifier_msgs/include/unique_identifier_msgs/msg
[1.974s] -- Up-to-date: /home/rassito/microros_ws/install/unique_identifier_msgs/include/unique_identifier_msgs/msg/detail
[1.974s] -- Up-to-date: /home/rassito/microros_ws/install/unique_identifier_msgs/include/unique_identifier_msgs/msg/detail/microxrcedds
[1.974s] -- Up-to-date: /home/rassito/microros_ws/install/unique_identifier_msgs/include/unique_identifier_msgs/msg/detail/uuid__rosidl_typesupport_microxrcedds_c.h
[1.974s] -- Up-to-date: /home/rassito/microros_ws/install/unique_identifier_msgs/include/unique_identifier_msgs/msg/rosidl_typesupport_microxrcedds_c__visibility_control.h
[1.974s] -- Up-to-date: /home/rassito/microros_ws/install/unique_identifier_msgs/lib/libunique_identifier_msgs__rosidl_typesupport_microxrcedds_c.so
[1.974s] -- Up-to-date: /home/rassito/microros_ws/install/unique_identifier_msgs/include/unique_identifier_msgs/unique_identifier_msgs
[1.974s] -- Up-to-date: /home/rassito/microros_ws/install/unique_identifier_msgs/include/unique_identifier_msgs/unique_identifier_msgs/msg
[1.975s] -- Up-to-date: /home/rassito/microros_ws/install/unique_identifier_msgs/include/unique_identifier_msgs/unique_identifier_msgs/msg/rosidl_typesupport_fastrtps_c__visibility_control.h
[1.975s] -- Up-to-date: /home/rassito/microros_ws/install/unique_identifier_msgs/include/unique_identifier_msgs/unique_identifier_msgs/msg/detail
[1.975s] -- Up-to-date: /home/rassito/microros_ws/install/unique_identifier_msgs/include/unique_identifier_msgs/unique_identifier_msgs/msg/detail/uuid__rosidl_typesupport_fastrtps_c.h
[1.975s] -- Up-to-date: /home/rassito/microros_ws/install/unique_identifier_msgs/lib/libunique_identifier_msgs__rosidl_typesupport_fastrtps_c.so
[1.975s] -- Up-to-date: /home/rassito/microros_ws/install/unique_identifier_msgs/include/unique_identifier_msgs/unique_identifier_msgs
[1.975s] -- Up-to-date: /home/rassito/microros_ws/install/unique_identifier_msgs/include/unique_identifier_msgs/unique_identifier_msgs/msg
[1.975s] -- Up-to-date: /home/rassito/microros_ws/install/unique_identifier_msgs/include/unique_identifier_msgs/unique_identifier_msgs/msg/rosidl_typesupport_introspection_c__visibility_control.h
[1.975s] -- Up-to-date: /home/rassito/microros_ws/install/unique_identifier_msgs/include/unique_identifier_msgs/unique_identifier_msgs/msg/detail
[1.975s] -- Up-to-date: /home/rassito/microros_ws/install/unique_identifier_msgs/include/unique_identifier_msgs/unique_identifier_msgs/msg/detail/uuid__rosidl_typesupport_introspection_c.h
[1.976s] -- Up-to-date: /home/rassito/microros_ws/install/unique_identifier_msgs/include/unique_identifier_msgs/unique_identifier_msgs/msg/detail/uuid__type_support.c
[1.976s] -- Up-to-date: /home/rassito/microros_ws/install/unique_identifier_msgs/lib/libunique_identifier_msgs__rosidl_typesupport_introspection_c.so
[1.976s] -- Up-to-date: /home/rassito/microros_ws/install/unique_identifier_msgs/lib/libunique_identifier_msgs__rosidl_typesupport_c.so
[1.976s] -- Up-to-date: /home/rassito/microros_ws/install/unique_identifier_msgs/include/unique_identifier_msgs/unique_identifier_msgs
[1.976s] -- Up-to-date: /home/rassito/microros_ws/install/unique_identifier_msgs/include/unique_identifier_msgs/unique_identifier_msgs/msg
[1.976s] -- Up-to-date: /home/rassito/microros_ws/install/unique_identifier_msgs/include/unique_identifier_msgs/unique_identifier_msgs/msg/rosidl_generator_cpp__visibility_control.hpp
[1.976s] -- Up-to-date: /home/rassito/microros_ws/install/unique_identifier_msgs/include/unique_identifier_msgs/unique_identifier_msgs/msg/uuid.hpp
[1.976s] -- Up-to-date: /home/rassito/microros_ws/install/unique_identifier_msgs/include/unique_identifier_msgs/unique_identifier_msgs/msg/detail
[1.977s] -- Up-to-date: /home/rassito/microros_ws/install/unique_identifier_msgs/include/unique_identifier_msgs/unique_identifier_msgs/msg/detail/uuid__builder.hpp
[1.977s] -- Up-to-date: /home/rassito/microros_ws/install/unique_identifier_msgs/include/unique_identifier_msgs/unique_identifier_msgs/msg/detail/uuid__traits.hpp
[1.977s] -- Up-to-date: /home/rassito/microros_ws/install/unique_identifier_msgs/include/unique_identifier_msgs/unique_identifier_msgs/msg/detail/uuid__struct.hpp
[1.977s] -- Up-to-date: /home/rassito/microros_ws/install/unique_identifier_msgs/include/unique_identifier_msgs/unique_identifier_msgs/msg/detail/uuid__type_support.hpp
[1.977s] -- Up-to-date: /home/rassito/microros_ws/install/unique_identifier_msgs/include/unique_identifier_msgs
[1.977s] -- Up-to-date: /home/rassito/microros_ws/install/unique_identifier_msgs/include/unique_identifier_msgs/msg
[1.977s] -- Up-to-date: /home/rassito/microros_ws/install/unique_identifier_msgs/include/unique_identifier_msgs/msg/rosidl_typesupport_microxrcedds_cpp__visibility_control.h
[1.977s] -- Up-to-date: /home/rassito/microros_ws/install/unique_identifier_msgs/include/unique_identifier_msgs/msg/detail
[1.977s] -- Up-to-date: /home/rassito/microros_ws/install/unique_identifier_msgs/include/unique_identifier_msgs/msg/detail/microxrcedds
[1.978s] -- Up-to-date: /home/rassito/microros_ws/install/unique_identifier_msgs/include/unique_identifier_msgs/msg/detail/microxrcedds/uuid__type_support_cpp.cpp
[1.978s] -- Up-to-date: /home/rassito/microros_ws/install/unique_identifier_msgs/include/unique_identifier_msgs/msg/detail/uuid__rosidl_typesupport_microxrcedds_cpp.hpp
[1.978s] -- Up-to-date: /home/rassito/microros_ws/install/unique_identifier_msgs/lib/libunique_identifier_msgs__rosidl_typesupport_microxrcedds_cpp.so
[1.978s] -- Up-to-date: /home/rassito/microros_ws/install/unique_identifier_msgs/include/unique_identifier_msgs/unique_identifier_msgs
[1.978s] -- Up-to-date: /home/rassito/microros_ws/install/unique_identifier_msgs/include/unique_identifier_msgs/unique_identifier_msgs/msg
[1.978s] -- Up-to-date: /home/rassito/microros_ws/install/unique_identifier_msgs/include/unique_identifier_msgs/unique_identifier_msgs/msg/rosidl_typesupport_fastrtps_cpp__visibility_control.h
[1.978s] -- Up-to-date: /home/rassito/microros_ws/install/unique_identifier_msgs/include/unique_identifier_msgs/unique_identifier_msgs/msg/detail
[1.978s] -- Up-to-date: /home/rassito/microros_ws/install/unique_identifier_msgs/include/unique_identifier_msgs/unique_identifier_msgs/msg/detail/uuid__rosidl_typesupport_fastrtps_cpp.hpp
[1.979s] -- Up-to-date: /home/rassito/microros_ws/install/unique_identifier_msgs/include/unique_identifier_msgs/unique_identifier_msgs/msg/detail/dds_fastrtps
[1.979s] -- Up-to-date: /home/rassito/microros_ws/install/unique_identifier_msgs/lib/libunique_identifier_msgs__rosidl_typesupport_fastrtps_cpp.so
[1.979s] -- Up-to-date: /home/rassito/microros_ws/install/unique_identifier_msgs/include/unique_identifier_msgs/unique_identifier_msgs
[1.979s] -- Up-to-date: /home/rassito/microros_ws/install/unique_identifier_msgs/include/unique_identifier_msgs/unique_identifier_msgs/msg
[1.979s] -- Up-to-date: /home/rassito/microros_ws/install/unique_identifier_msgs/include/unique_identifier_msgs/unique_identifier_msgs/msg/detail
[1.979s] -- Up-to-date: /home/rassito/microros_ws/install/unique_identifier_msgs/include/unique_identifier_msgs/unique_identifier_msgs/msg/detail/uuid__rosidl_typesupport_introspection_cpp.hpp
[1.979s] -- Up-to-date: /home/rassito/microros_ws/install/unique_identifier_msgs/include/unique_identifier_msgs/unique_identifier_msgs/msg/detail/uuid__type_support.cpp
[1.979s] -- Up-to-date: /home/rassito/microros_ws/install/unique_identifier_msgs/lib/libunique_identifier_msgs__rosidl_typesupport_introspection_cpp.so
[1.980s] -- Up-to-date: /home/rassito/microros_ws/install/unique_identifier_msgs/lib/libunique_identifier_msgs__rosidl_typesupport_cpp.so
[1.980s] -- Up-to-date: /home/rassito/microros_ws/install/unique_identifier_msgs/share/unique_identifier_msgs/environment/pythonpath.sh
[1.980s] -- Up-to-date: /home/rassito/microros_ws/install/unique_identifier_msgs/share/unique_identifier_msgs/environment/pythonpath.dsv
[1.980s] -- Up-to-date: /home/rassito/microros_ws/install/unique_identifier_msgs/lib/python3.12/site-packages/unique_identifier_msgs-2.5.0-py3.12.egg-info
[1.980s] -- Installing: /home/rassito/microros_ws/install/unique_identifier_msgs/lib/python3.12/site-packages/unique_identifier_msgs-2.5.0-py3.12.egg-info/top_level.txt
[1.980s] -- Installing: /home/rassito/microros_ws/install/unique_identifier_msgs/lib/python3.12/site-packages/unique_identifier_msgs-2.5.0-py3.12.egg-info/PKG-INFO
[1.980s] -- Installing: /home/rassito/microros_ws/install/unique_identifier_msgs/lib/python3.12/site-packages/unique_identifier_msgs-2.5.0-py3.12.egg-info/dependency_links.txt
[1.980s] -- Installing: /home/rassito/microros_ws/install/unique_identifier_msgs/lib/python3.12/site-packages/unique_identifier_msgs-2.5.0-py3.12.egg-info/SOURCES.txt
[1.981s] -- Up-to-date: /home/rassito/microros_ws/install/unique_identifier_msgs/lib/python3.12/site-packages/unique_identifier_msgs
[1.981s] -- Up-to-date: /home/rassito/microros_ws/install/unique_identifier_msgs/lib/python3.12/site-packages/unique_identifier_msgs/_unique_identifier_msgs_s.ep.rosidl_typesupport_fastrtps_c.c
[1.981s] -- Up-to-date: /home/rassito/microros_ws/install/unique_identifier_msgs/lib/python3.12/site-packages/unique_identifier_msgs/_unique_identifier_msgs_s.ep.rosidl_typesupport_microxrcedds_c.c
[1.981s] -- Up-to-date: /home/rassito/microros_ws/install/unique_identifier_msgs/lib/python3.12/site-packages/unique_identifier_msgs/unique_identifier_msgs_s__rosidl_typesupport_microxrcedds_c.so
[1.981s] -- Up-to-date: /home/rassito/microros_ws/install/unique_identifier_msgs/lib/python3.12/site-packages/unique_identifier_msgs/unique_identifier_msgs_s__rosidl_typesupport_introspection_c.so
[1.981s] -- Up-to-date: /home/rassito/microros_ws/install/unique_identifier_msgs/lib/python3.12/site-packages/unique_identifier_msgs/unique_identifier_msgs_s__rosidl_typesupport_fastrtps_c.so
[1.981s] -- Up-to-date: /home/rassito/microros_ws/install/unique_identifier_msgs/lib/python3.12/site-packages/unique_identifier_msgs/unique_identifier_msgs_s__rosidl_typesupport_c.so
[1.981s] -- Up-to-date: /home/rassito/microros_ws/install/unique_identifier_msgs/lib/python3.12/site-packages/unique_identifier_msgs/_unique_identifier_msgs_s.ep.rosidl_typesupport_c.c
[1.982s] -- Up-to-date: /home/rassito/microros_ws/install/unique_identifier_msgs/lib/python3.12/site-packages/unique_identifier_msgs/msg
[1.982s] -- Up-to-date: /home/rassito/microros_ws/install/unique_identifier_msgs/lib/python3.12/site-packages/unique_identifier_msgs/msg/_uuid.py
[1.982s] -- Up-to-date: /home/rassito/microros_ws/install/unique_identifier_msgs/lib/python3.12/site-packages/unique_identifier_msgs/msg/_uuid_s.c
[1.982s] -- Up-to-date: /home/rassito/microros_ws/install/unique_identifier_msgs/lib/python3.12/site-packages/unique_identifier_msgs/msg/__init__.py
[1.982s] -- Up-to-date: /home/rassito/microros_ws/install/unique_identifier_msgs/lib/python3.12/site-packages/unique_identifier_msgs/_unique_identifier_msgs_s.ep.rosidl_typesupport_introspection_c.c
[1.982s] -- Installing: /home/rassito/microros_ws/install/unique_identifier_msgs/lib/python3.12/site-packages/unique_identifier_msgs/__init__.py
[2.005s] Listing '/home/rassito/microros_ws/install/unique_identifier_msgs/lib/python3.12/site-packages/unique_identifier_msgs'...
[2.005s] Compiling '/home/rassito/microros_ws/install/unique_identifier_msgs/lib/python3.12/site-packages/unique_identifier_msgs/__init__.py'...
[2.005s] Listing '/home/rassito/microros_ws/install/unique_identifier_msgs/lib/python3.12/site-packages/unique_identifier_msgs/msg'...
[2.014s] -- Up-to-date: /home/rassito/microros_ws/install/unique_identifier_msgs/lib/python3.12/site-packages/unique_identifier_msgs/unique_identifier_msgs_s__rosidl_typesupport_microxrcedds_c.so
[2.014s] -- Up-to-date: /home/rassito/microros_ws/install/unique_identifier_msgs/lib/python3.12/site-packages/unique_identifier_msgs/unique_identifier_msgs_s__rosidl_typesupport_fastrtps_c.so
[2.014s] -- Up-to-date: /home/rassito/microros_ws/install/unique_identifier_msgs/lib/python3.12/site-packages/unique_identifier_msgs/unique_identifier_msgs_s__rosidl_typesupport_introspection_c.so
[2.014s] -- Up-to-date: /home/rassito/microros_ws/install/unique_identifier_msgs/lib/python3.12/site-packages/unique_identifier_msgs/unique_identifier_msgs_s__rosidl_typesupport_c.so
[2.015s] -- Up-to-date: /home/rassito/microros_ws/install/unique_identifier_msgs/lib/libunique_identifier_msgs__rosidl_generator_py.so
[2.015s] -- Up-to-date: /home/rassito/microros_ws/install/unique_identifier_msgs/share/unique_identifier_msgs/msg/UUID.idl
[2.015s] -- Up-to-date: /home/rassito/microros_ws/install/unique_identifier_msgs/share/unique_identifier_msgs/msg/UUID.msg
[2.015s] -- Up-to-date: /home/rassito/microros_ws/install/unique_identifier_msgs/share/ament_index/resource_index/package_run_dependencies/unique_identifier_msgs
[2.015s] -- Up-to-date: /home/rassito/microros_ws/install/unique_identifier_msgs/share/ament_index/resource_index/parent_prefix_path/unique_identifier_msgs
[2.015s] -- Up-to-date: /home/rassito/microros_ws/install/unique_identifier_msgs/share/unique_identifier_msgs/environment/ament_prefix_path.sh
[2.015s] -- Up-to-date: /home/rassito/microros_ws/install/unique_identifier_msgs/share/unique_identifier_msgs/environment/ament_prefix_path.dsv
[2.015s] -- Up-to-date: /home/rassito/microros_ws/install/unique_identifier_msgs/share/unique_identifier_msgs/environment/path.sh
[2.016s] -- Up-to-date: /home/rassito/microros_ws/install/unique_identifier_msgs/share/unique_identifier_msgs/environment/path.dsv
[2.016s] -- Up-to-date: /home/rassito/microros_ws/install/unique_identifier_msgs/share/unique_identifier_msgs/local_setup.bash
[2.016s] -- Up-to-date: /home/rassito/microros_ws/install/unique_identifier_msgs/share/unique_identifier_msgs/local_setup.sh
[2.016s] -- Up-to-date: /home/rassito/microros_ws/install/unique_identifier_msgs/share/unique_identifier_msgs/local_setup.zsh
[2.016s] -- Up-to-date: /home/rassito/microros_ws/install/unique_identifier_msgs/share/unique_identifier_msgs/local_setup.dsv
[2.016s] -- Installing: /home/rassito/microros_ws/install/unique_identifier_msgs/share/unique_identifier_msgs/package.dsv
[2.017s] -- Up-to-date: /home/rassito/microros_ws/install/unique_identifier_msgs/share/ament_index/resource_index/packages/unique_identifier_msgs
[2.017s] -- Up-to-date: /home/rassito/microros_ws/install/unique_identifier_msgs/share/unique_identifier_msgs/cmake/export_unique_identifier_msgs__rosidl_generator_cExport.cmake
[2.017s] -- Up-to-date: /home/rassito/microros_ws/install/unique_identifier_msgs/share/unique_identifier_msgs/cmake/export_unique_identifier_msgs__rosidl_generator_cExport-noconfig.cmake
[2.017s] -- Up-to-date: /home/rassito/microros_ws/install/unique_identifier_msgs/share/unique_identifier_msgs/cmake/export_unique_identifier_msgs__rosidl_typesupport_fastrtps_cExport.cmake
[2.017s] -- Up-to-date: /home/rassito/microros_ws/install/unique_identifier_msgs/share/unique_identifier_msgs/cmake/export_unique_identifier_msgs__rosidl_typesupport_fastrtps_cExport-noconfig.cmake
[2.017s] -- Up-to-date: /home/rassito/microros_ws/install/unique_identifier_msgs/share/unique_identifier_msgs/cmake/unique_identifier_msgs__rosidl_typesupport_introspection_cExport.cmake
[2.017s] -- Up-to-date: /home/rassito/microros_ws/install/unique_identifier_msgs/share/unique_identifier_msgs/cmake/unique_identifier_msgs__rosidl_typesupport_introspection_cExport-noconfig.cmake
[2.017s] -- Up-to-date: /home/rassito/microros_ws/install/unique_identifier_msgs/share/unique_identifier_msgs/cmake/unique_identifier_msgs__rosidl_typesupport_cExport.cmake
[2.018s] -- Up-to-date: /home/rassito/microros_ws/install/unique_identifier_msgs/share/unique_identifier_msgs/cmake/unique_identifier_msgs__rosidl_typesupport_cExport-noconfig.cmake
[2.018s] -- Up-to-date: /home/rassito/microros_ws/install/unique_identifier_msgs/share/unique_identifier_msgs/cmake/export_unique_identifier_msgs__rosidl_generator_cppExport.cmake
[2.018s] -- Up-to-date: /home/rassito/microros_ws/install/unique_identifier_msgs/share/unique_identifier_msgs/cmake/export_unique_identifier_msgs__rosidl_typesupport_fastrtps_cppExport.cmake
[2.018s] -- Up-to-date: /home/rassito/microros_ws/install/unique_identifier_msgs/share/unique_identifier_msgs/cmake/export_unique_identifier_msgs__rosidl_typesupport_fastrtps_cppExport-noconfig.cmake
[2.018s] -- Up-to-date: /home/rassito/microros_ws/install/unique_identifier_msgs/share/unique_identifier_msgs/cmake/unique_identifier_msgs__rosidl_typesupport_introspection_cppExport.cmake
[2.019s] -- Up-to-date: /home/rassito/microros_ws/install/unique_identifier_msgs/share/unique_identifier_msgs/cmake/unique_identifier_msgs__rosidl_typesupport_introspection_cppExport-noconfig.cmake
[2.019s] -- Up-to-date: /home/rassito/microros_ws/install/unique_identifier_msgs/share/unique_identifier_msgs/cmake/unique_identifier_msgs__rosidl_typesupport_cppExport.cmake
[2.019s] -- Up-to-date: /home/rassito/microros_ws/install/unique_identifier_msgs/share/unique_identifier_msgs/cmake/unique_identifier_msgs__rosidl_typesupport_cppExport-noconfig.cmake
[2.019s] -- Up-to-date: /home/rassito/microros_ws/install/unique_identifier_msgs/share/unique_identifier_msgs/cmake/export_unique_identifier_msgs__rosidl_generator_pyExport.cmake
[2.019s] -- Up-to-date: /home/rassito/microros_ws/install/unique_identifier_msgs/share/unique_identifier_msgs/cmake/export_unique_identifier_msgs__rosidl_generator_pyExport-noconfig.cmake
[2.020s] -- Up-to-date: /home/rassito/microros_ws/install/unique_identifier_msgs/share/unique_identifier_msgs/cmake/rosidl_cmake-extras.cmake
[2.021s] -- Up-to-date: /home/rassito/microros_ws/install/unique_identifier_msgs/share/unique_identifier_msgs/cmake/ament_cmake_export_include_directories-extras.cmake
[2.021s] -- Up-to-date: /home/rassito/microros_ws/install/unique_identifier_msgs/share/unique_identifier_msgs/cmake/ament_cmake_export_libraries-extras.cmake
[2.021s] -- Up-to-date: /home/rassito/microros_ws/install/unique_identifier_msgs/share/unique_identifier_msgs/cmake/ament_cmake_export_targets-extras.cmake
[2.021s] -- Up-to-date: /home/rassito/microros_ws/install/unique_identifier_msgs/share/unique_identifier_msgs/cmake/rosidl_cmake_export_typesupport_targets-extras.cmake
[2.021s] -- Up-to-date: /home/rassito/microros_ws/install/unique_identifier_msgs/share/unique_identifier_msgs/cmake/ament_cmake_export_dependencies-extras.cmake
[2.021s] -- Up-to-date: /home/rassito/microros_ws/install/unique_identifier_msgs/share/unique_identifier_msgs/cmake/rosidl_cmake_export_typesupport_libraries-extras.cmake
[2.021s] -- Up-to-date: /home/rassito/microros_ws/install/unique_identifier_msgs/share/unique_identifier_msgs/cmake/unique_identifier_msgsConfig.cmake
[2.021s] -- Up-to-date: /home/rassito/microros_ws/install/unique_identifier_msgs/share/unique_identifier_msgs/cmake/unique_identifier_msgsConfig-version.cmake
[2.022s] -- Up-to-date: /home/rassito/microros_ws/install/unique_identifier_msgs/share/unique_identifier_msgs/package.xml
[2.022s] -- Up-to-date: /home/rassito/microros_ws/install/unique_identifier_msgs/share/unique_identifier_msgs/mapping_rules.yaml
[2.125s] Invoked command in '/home/rassito/microros_ws/build/unique_identifier_msgs' returned '0': CMAKE_PREFIX_PATH=${CMAKE_PREFIX_PATH}:/home/rassito/microros_ws/install/sensor_msgs_py:/home/rassito/ros_ws/install/super_pkg:/opt/ros/jazzy DEBUGINFOD_URLS=https://debuginfod.ubuntu.com /usr/bin/cmake --install /home/rassito/microros_ws/build/unique_identifier_msgs
