[0.009s] Invoking command in '/home/rassito/microros_ws/build/micro_ros_msgs': CMAKE_PREFIX_PATH=${CMAKE_PREFIX_PATH}:/home/rassito/microros_ws/install/sensor_msgs_py:/home/rassito/ros_ws/install/super_pkg:/opt/ros/jazzy DEBUGINFOD_URLS=https://debuginfod.ubuntu.com /usr/bin/cmake /home/rassito/microros_ws/src/uros/micro_ros_msgs -DUAGENT_BUILD_EXECUTABLE=OFF -DUAGENT_P2P_PROFILE=OFF --no-warn-unused-cli -DCMAKE_INSTALL_PREFIX=/home/rassito/microros_ws/install/micro_ros_msgs
[0.015s] Not searching for unused variables given on the command line.
[0.019s] -- Found ament_cmake: 2.5.3 (/opt/ros/jazzy/share/ament_cmake/cmake)
[0.039s] -- Found Python3: /usr/bin/python3 (found version "3.12.3") found components: Interpreter 
[0.098s] -- Found rosidl_default_generators: 1.6.0 (/opt/ros/jazzy/share/rosidl_default_generators/cmake)
[0.103s] -- Using all available rosidl_typesupport_c: rosidl_typesupport_microxrcedds_c;rosidl_typesupport_fastrtps_c;rosidl_typesupport_introspection_c
[0.120s] -- Found rosidl_adapter: 4.6.5 (/opt/ros/jazzy/share/rosidl_adapter/cmake)
[0.134s] -- Using all available rosidl_typesupport_cpp: rosidl_typesupport_microxrcedds_cpp;rosidl_typesupport_fastrtps_cpp;rosidl_typesupport_introspection_cpp
[0.329s] -- Found ament_cmake_ros: 0.12.0 (/opt/ros/jazzy/share/ament_cmake_ros/cmake)
[0.417s] -- Using all available rosidl_typesupport_c: rosidl_typesupport_microxrcedds_c;rosidl_typesupport_fastrtps_c;rosidl_typesupport_introspection_c
[0.524s] -- Using all available rosidl_typesupport_cpp: rosidl_typesupport_microxrcedds_cpp;rosidl_typesupport_fastrtps_cpp;rosidl_typesupport_introspection_cpp
[0.525s] -- Found python_cmake_module: 0.11.1 (/opt/ros/jazzy/share/python_cmake_module/cmake)
[0.717s] -- Found Python3: /usr/bin/python3 (found version "3.12.3") found components: Interpreter Development NumPy Development.Module Development.Embed 
[0.729s] -- Configuring done (0.7s)
[0.752s] -- Generating done (0.0s)
[0.760s] -- Build files have been written to: /home/rassito/microros_ws/build/micro_ros_msgs
[0.765s] Invoked command in '/home/rassito/microros_ws/build/micro_ros_msgs' returned '0': CMAKE_PREFIX_PATH=${CMAKE_PREFIX_PATH}:/home/rassito/microros_ws/install/sensor_msgs_py:/home/rassito/ros_ws/install/super_pkg:/opt/ros/jazzy DEBUGINFOD_URLS=https://debuginfod.ubuntu.com /usr/bin/cmake /home/rassito/microros_ws/src/uros/micro_ros_msgs -DUAGENT_BUILD_EXECUTABLE=OFF -DUAGENT_P2P_PROFILE=OFF --no-warn-unused-cli -DCMAKE_INSTALL_PREFIX=/home/rassito/microros_ws/install/micro_ros_msgs
[0.766s] Invoking command in '/home/rassito/microros_ws/build/micro_ros_msgs': CMAKE_PREFIX_PATH=${CMAKE_PREFIX_PATH}:/home/rassito/microros_ws/install/sensor_msgs_py:/home/rassito/ros_ws/install/super_pkg:/opt/ros/jazzy DEBUGINFOD_URLS=https://debuginfod.ubuntu.com /usr/bin/cmake --build /home/rassito/microros_ws/build/micro_ros_msgs -- -j16 -l16
[0.802s] [  1%] Built target micro_ros_msgs__rosidl_generator_type_description
[0.809s] [  1%] Built target ament_cmake_python_copy_micro_ros_msgs
[0.818s] [  3%] Built target micro_ros_msgs__cpp
[0.820s] [ 19%] Built target micro_ros_msgs__rosidl_generator_c
[0.846s] [ 27%] Built target micro_ros_msgs__rosidl_typesupport_microxrcedds_c
[0.846s] [ 34%] Built target micro_ros_msgs__rosidl_typesupport_introspection_cpp
[0.847s] [ 42%] Built target micro_ros_msgs__rosidl_typesupport_fastrtps_cpp
[0.848s] [ 53%] Built target micro_ros_msgs__rosidl_typesupport_introspection_c
[0.848s] [ 57%] Built target micro_ros_msgs__rosidl_typesupport_cpp
[0.849s] [ 65%] Built target micro_ros_msgs__rosidl_typesupport_microxrcedds_cpp
[0.851s] [ 72%] Built target micro_ros_msgs__rosidl_typesupport_c
[0.856s] [ 80%] Built target micro_ros_msgs__rosidl_typesupport_fastrtps_c
[0.871s] [ 80%] Built target micro_ros_msgs
[0.886s] [ 81%] Built target micro_ros_msgs__py
[0.904s] [ 87%] Built target micro_ros_msgs__rosidl_generator_py
[0.922s] [ 90%] Built target micro_ros_msgs_s__rosidl_typesupport_introspection_c
[0.924s] [ 93%] Built target micro_ros_msgs_s__rosidl_typesupport_fastrtps_c
[0.926s] [ 96%] Built target micro_ros_msgs_s__rosidl_typesupport_c
[0.926s] [100%] Built target micro_ros_msgs_s__rosidl_typesupport_microxrcedds_c
[0.985s] running egg_info
[0.998s] writing micro_ros_msgs.egg-info/PKG-INFO
[0.999s] writing dependency_links to micro_ros_msgs.egg-info/dependency_links.txt
[0.999s] writing top-level names to micro_ros_msgs.egg-info/top_level.txt
[1.037s] reading manifest file 'micro_ros_msgs.egg-info/SOURCES.txt'
[1.037s] writing manifest file 'micro_ros_msgs.egg-info/SOURCES.txt'
[1.057s] [100%] Built target ament_cmake_python_build_micro_ros_msgs_egg
[1.065s] Invoked command in '/home/rassito/microros_ws/build/micro_ros_msgs' returned '0': CMAKE_PREFIX_PATH=${CMAKE_PREFIX_PATH}:/home/rassito/microros_ws/install/sensor_msgs_py:/home/rassito/ros_ws/install/super_pkg:/opt/ros/jazzy DEBUGINFOD_URLS=https://debuginfod.ubuntu.com /usr/bin/cmake --build /home/rassito/microros_ws/build/micro_ros_msgs -- -j16 -l16
[1.072s] Invoking command in '/home/rassito/microros_ws/build/micro_ros_msgs': CMAKE_PREFIX_PATH=${CMAKE_PREFIX_PATH}:/home/rassito/microros_ws/install/sensor_msgs_py:/home/rassito/ros_ws/install/super_pkg:/opt/ros/jazzy DEBUGINFOD_URLS=https://debuginfod.ubuntu.com /usr/bin/cmake --install /home/rassito/microros_ws/build/micro_ros_msgs
[1.077s] -- Install configuration: ""
[1.078s] -- Up-to-date: /home/rassito/microros_ws/install/micro_ros_msgs/share/ament_index/resource_index/rosidl_interfaces/micro_ros_msgs
[1.078s] -- Up-to-date: /home/rassito/microros_ws/install/micro_ros_msgs/share/micro_ros_msgs/msg/Graph.json
[1.078s] -- Up-to-date: /home/rassito/microros_ws/install/micro_ros_msgs/share/micro_ros_msgs/msg/Node.json
[1.078s] -- Up-to-date: /home/rassito/microros_ws/install/micro_ros_msgs/share/micro_ros_msgs/msg/Entity.json
[1.078s] -- Up-to-date: /home/rassito/microros_ws/install/micro_ros_msgs/include/micro_ros_msgs/micro_ros_msgs
[1.078s] -- Up-to-date: /home/rassito/microros_ws/install/micro_ros_msgs/include/micro_ros_msgs/micro_ros_msgs/msg
[1.078s] -- Up-to-date: /home/rassito/microros_ws/install/micro_ros_msgs/include/micro_ros_msgs/micro_ros_msgs/msg/entity.h
[1.078s] -- Up-to-date: /home/rassito/microros_ws/install/micro_ros_msgs/include/micro_ros_msgs/micro_ros_msgs/msg/graph.h
[1.078s] -- Up-to-date: /home/rassito/microros_ws/install/micro_ros_msgs/include/micro_ros_msgs/micro_ros_msgs/msg/node.h
[1.078s] -- Up-to-date: /home/rassito/microros_ws/install/micro_ros_msgs/include/micro_ros_msgs/micro_ros_msgs/msg/detail
[1.078s] -- Up-to-date: /home/rassito/microros_ws/install/micro_ros_msgs/include/micro_ros_msgs/micro_ros_msgs/msg/detail/graph__functions.h
[1.078s] -- Up-to-date: /home/rassito/microros_ws/install/micro_ros_msgs/include/micro_ros_msgs/micro_ros_msgs/msg/detail/node__type_support.c
[1.078s] -- Up-to-date: /home/rassito/microros_ws/install/micro_ros_msgs/include/micro_ros_msgs/micro_ros_msgs/msg/detail/graph__description.c
[1.078s] -- Up-to-date: /home/rassito/microros_ws/install/micro_ros_msgs/include/micro_ros_msgs/micro_ros_msgs/msg/detail/graph__struct.h
[1.078s] -- Up-to-date: /home/rassito/microros_ws/install/micro_ros_msgs/include/micro_ros_msgs/micro_ros_msgs/msg/detail/node__description.c
[1.078s] -- Up-to-date: /home/rassito/microros_ws/install/micro_ros_msgs/include/micro_ros_msgs/micro_ros_msgs/msg/detail/graph__functions.c
[1.078s] -- Up-to-date: /home/rassito/microros_ws/install/micro_ros_msgs/include/micro_ros_msgs/micro_ros_msgs/msg/detail/node__functions.c
[1.078s] -- Up-to-date: /home/rassito/microros_ws/install/micro_ros_msgs/include/micro_ros_msgs/micro_ros_msgs/msg/detail/entity__functions.c
[1.078s] -- Up-to-date: /home/rassito/microros_ws/install/micro_ros_msgs/include/micro_ros_msgs/micro_ros_msgs/msg/detail/node__struct.h
[1.078s] -- Up-to-date: /home/rassito/microros_ws/install/micro_ros_msgs/include/micro_ros_msgs/micro_ros_msgs/msg/detail/node__type_support.h
[1.079s] -- Up-to-date: /home/rassito/microros_ws/install/micro_ros_msgs/include/micro_ros_msgs/micro_ros_msgs/msg/detail/entity__type_support.h
[1.079s] -- Up-to-date: /home/rassito/microros_ws/install/micro_ros_msgs/include/micro_ros_msgs/micro_ros_msgs/msg/detail/entity__struct.h
[1.079s] -- Up-to-date: /home/rassito/microros_ws/install/micro_ros_msgs/include/micro_ros_msgs/micro_ros_msgs/msg/detail/entity__functions.h
[1.079s] -- Up-to-date: /home/rassito/microros_ws/install/micro_ros_msgs/include/micro_ros_msgs/micro_ros_msgs/msg/detail/entity__description.c
[1.079s] -- Up-to-date: /home/rassito/microros_ws/install/micro_ros_msgs/include/micro_ros_msgs/micro_ros_msgs/msg/detail/graph__type_support.h
[1.079s] -- Up-to-date: /home/rassito/microros_ws/install/micro_ros_msgs/include/micro_ros_msgs/micro_ros_msgs/msg/detail/graph__type_support.c
[1.079s] -- Up-to-date: /home/rassito/microros_ws/install/micro_ros_msgs/include/micro_ros_msgs/micro_ros_msgs/msg/detail/entity__type_support.c
[1.079s] -- Up-to-date: /home/rassito/microros_ws/install/micro_ros_msgs/include/micro_ros_msgs/micro_ros_msgs/msg/detail/node__functions.h
[1.079s] -- Up-to-date: /home/rassito/microros_ws/install/micro_ros_msgs/include/micro_ros_msgs/micro_ros_msgs/msg/rosidl_generator_c__visibility_control.h
[1.079s] -- Up-to-date: /home/rassito/microros_ws/install/micro_ros_msgs/share/micro_ros_msgs/environment/library_path.sh
[1.079s] -- Up-to-date: /home/rassito/microros_ws/install/micro_ros_msgs/share/micro_ros_msgs/environment/library_path.dsv
[1.079s] -- Up-to-date: /home/rassito/microros_ws/install/micro_ros_msgs/lib/libmicro_ros_msgs__rosidl_generator_c.so
[1.079s] -- Up-to-date: /home/rassito/microros_ws/install/micro_ros_msgs/include/micro_ros_msgs
[1.079s] -- Up-to-date: /home/rassito/microros_ws/install/micro_ros_msgs/include/micro_ros_msgs/msg
[1.079s] -- Up-to-date: /home/rassito/microros_ws/install/micro_ros_msgs/include/micro_ros_msgs/msg/detail
[1.079s] -- Up-to-date: /home/rassito/microros_ws/install/micro_ros_msgs/include/micro_ros_msgs/msg/detail/microxrcedds
[1.079s] -- Up-to-date: /home/rassito/microros_ws/install/micro_ros_msgs/include/micro_ros_msgs/msg/detail/node__rosidl_typesupport_microxrcedds_c.h
[1.079s] -- Up-to-date: /home/rassito/microros_ws/install/micro_ros_msgs/include/micro_ros_msgs/msg/detail/entity__rosidl_typesupport_microxrcedds_c.h
[1.079s] -- Up-to-date: /home/rassito/microros_ws/install/micro_ros_msgs/include/micro_ros_msgs/msg/detail/graph__rosidl_typesupport_microxrcedds_c.h
[1.079s] -- Up-to-date: /home/rassito/microros_ws/install/micro_ros_msgs/include/micro_ros_msgs/msg/rosidl_typesupport_microxrcedds_c__visibility_control.h
[1.080s] -- Up-to-date: /home/rassito/microros_ws/install/micro_ros_msgs/lib/libmicro_ros_msgs__rosidl_typesupport_microxrcedds_c.so
[1.080s] -- Up-to-date: /home/rassito/microros_ws/install/micro_ros_msgs/include/micro_ros_msgs/micro_ros_msgs
[1.080s] -- Up-to-date: /home/rassito/microros_ws/install/micro_ros_msgs/include/micro_ros_msgs/micro_ros_msgs/msg
[1.080s] -- Up-to-date: /home/rassito/microros_ws/install/micro_ros_msgs/include/micro_ros_msgs/micro_ros_msgs/msg/rosidl_typesupport_fastrtps_c__visibility_control.h
[1.080s] -- Up-to-date: /home/rassito/microros_ws/install/micro_ros_msgs/include/micro_ros_msgs/micro_ros_msgs/msg/detail
[1.080s] -- Up-to-date: /home/rassito/microros_ws/install/micro_ros_msgs/include/micro_ros_msgs/micro_ros_msgs/msg/detail/graph__rosidl_typesupport_fastrtps_c.h
[1.080s] -- Up-to-date: /home/rassito/microros_ws/install/micro_ros_msgs/include/micro_ros_msgs/micro_ros_msgs/msg/detail/entity__rosidl_typesupport_fastrtps_c.h
[1.080s] -- Up-to-date: /home/rassito/microros_ws/install/micro_ros_msgs/include/micro_ros_msgs/micro_ros_msgs/msg/detail/node__rosidl_typesupport_fastrtps_c.h
[1.080s] -- Up-to-date: /home/rassito/microros_ws/install/micro_ros_msgs/lib/libmicro_ros_msgs__rosidl_typesupport_fastrtps_c.so
[1.080s] -- Up-to-date: /home/rassito/microros_ws/install/micro_ros_msgs/include/micro_ros_msgs/micro_ros_msgs
[1.080s] -- Up-to-date: /home/rassito/microros_ws/install/micro_ros_msgs/include/micro_ros_msgs/micro_ros_msgs/msg
[1.080s] -- Up-to-date: /home/rassito/microros_ws/install/micro_ros_msgs/include/micro_ros_msgs/micro_ros_msgs/msg/rosidl_typesupport_introspection_c__visibility_control.h
[1.080s] -- Up-to-date: /home/rassito/microros_ws/install/micro_ros_msgs/include/micro_ros_msgs/micro_ros_msgs/msg/detail
[1.080s] -- Up-to-date: /home/rassito/microros_ws/install/micro_ros_msgs/include/micro_ros_msgs/micro_ros_msgs/msg/detail/entity__rosidl_typesupport_introspection_c.h
[1.080s] -- Up-to-date: /home/rassito/microros_ws/install/micro_ros_msgs/include/micro_ros_msgs/micro_ros_msgs/msg/detail/node__type_support.c
[1.081s] -- Up-to-date: /home/rassito/microros_ws/install/micro_ros_msgs/include/micro_ros_msgs/micro_ros_msgs/msg/detail/node__rosidl_typesupport_introspection_c.h
[1.081s] -- Up-to-date: /home/rassito/microros_ws/install/micro_ros_msgs/include/micro_ros_msgs/micro_ros_msgs/msg/detail/graph__rosidl_typesupport_introspection_c.h
[1.081s] -- Up-to-date: /home/rassito/microros_ws/install/micro_ros_msgs/include/micro_ros_msgs/micro_ros_msgs/msg/detail/graph__type_support.c
[1.081s] -- Up-to-date: /home/rassito/microros_ws/install/micro_ros_msgs/include/micro_ros_msgs/micro_ros_msgs/msg/detail/entity__type_support.c
[1.081s] -- Up-to-date: /home/rassito/microros_ws/install/micro_ros_msgs/lib/libmicro_ros_msgs__rosidl_typesupport_introspection_c.so
[1.081s] -- Up-to-date: /home/rassito/microros_ws/install/micro_ros_msgs/lib/libmicro_ros_msgs__rosidl_typesupport_c.so
[1.081s] -- Up-to-date: /home/rassito/microros_ws/install/micro_ros_msgs/include/micro_ros_msgs/micro_ros_msgs
[1.081s] -- Up-to-date: /home/rassito/microros_ws/install/micro_ros_msgs/include/micro_ros_msgs/micro_ros_msgs/msg
[1.081s] -- Up-to-date: /home/rassito/microros_ws/install/micro_ros_msgs/include/micro_ros_msgs/micro_ros_msgs/msg/rosidl_generator_cpp__visibility_control.hpp
[1.081s] -- Up-to-date: /home/rassito/microros_ws/install/micro_ros_msgs/include/micro_ros_msgs/micro_ros_msgs/msg/node.hpp
[1.081s] -- Up-to-date: /home/rassito/microros_ws/install/micro_ros_msgs/include/micro_ros_msgs/micro_ros_msgs/msg/graph.hpp
[1.081s] -- Up-to-date: /home/rassito/microros_ws/install/micro_ros_msgs/include/micro_ros_msgs/micro_ros_msgs/msg/entity.hpp
[1.081s] -- Up-to-date: /home/rassito/microros_ws/install/micro_ros_msgs/include/micro_ros_msgs/micro_ros_msgs/msg/detail
[1.081s] -- Up-to-date: /home/rassito/microros_ws/install/micro_ros_msgs/include/micro_ros_msgs/micro_ros_msgs/msg/detail/graph__traits.hpp
[1.081s] -- Up-to-date: /home/rassito/microros_ws/install/micro_ros_msgs/include/micro_ros_msgs/micro_ros_msgs/msg/detail/entity__traits.hpp
[1.081s] -- Up-to-date: /home/rassito/microros_ws/install/micro_ros_msgs/include/micro_ros_msgs/micro_ros_msgs/msg/detail/graph__type_support.hpp
[1.081s] -- Up-to-date: /home/rassito/microros_ws/install/micro_ros_msgs/include/micro_ros_msgs/micro_ros_msgs/msg/detail/node__struct.hpp
[1.082s] -- Up-to-date: /home/rassito/microros_ws/install/micro_ros_msgs/include/micro_ros_msgs/micro_ros_msgs/msg/detail/node__builder.hpp
[1.082s] -- Up-to-date: /home/rassito/microros_ws/install/micro_ros_msgs/include/micro_ros_msgs/micro_ros_msgs/msg/detail/node__traits.hpp
[1.082s] -- Up-to-date: /home/rassito/microros_ws/install/micro_ros_msgs/include/micro_ros_msgs/micro_ros_msgs/msg/detail/entity__builder.hpp
[1.082s] -- Up-to-date: /home/rassito/microros_ws/install/micro_ros_msgs/include/micro_ros_msgs/micro_ros_msgs/msg/detail/graph__struct.hpp
[1.082s] -- Up-to-date: /home/rassito/microros_ws/install/micro_ros_msgs/include/micro_ros_msgs/micro_ros_msgs/msg/detail/entity__struct.hpp
[1.082s] -- Up-to-date: /home/rassito/microros_ws/install/micro_ros_msgs/include/micro_ros_msgs/micro_ros_msgs/msg/detail/node__type_support.hpp
[1.082s] -- Up-to-date: /home/rassito/microros_ws/install/micro_ros_msgs/include/micro_ros_msgs/micro_ros_msgs/msg/detail/entity__type_support.hpp
[1.082s] -- Up-to-date: /home/rassito/microros_ws/install/micro_ros_msgs/include/micro_ros_msgs/micro_ros_msgs/msg/detail/graph__builder.hpp
[1.082s] -- Up-to-date: /home/rassito/microros_ws/install/micro_ros_msgs/include/micro_ros_msgs
[1.082s] -- Up-to-date: /home/rassito/microros_ws/install/micro_ros_msgs/include/micro_ros_msgs/msg
[1.082s] -- Up-to-date: /home/rassito/microros_ws/install/micro_ros_msgs/include/micro_ros_msgs/msg/rosidl_typesupport_microxrcedds_cpp__visibility_control.h
[1.082s] -- Up-to-date: /home/rassito/microros_ws/install/micro_ros_msgs/include/micro_ros_msgs/msg/detail
[1.082s] -- Up-to-date: /home/rassito/microros_ws/install/micro_ros_msgs/include/micro_ros_msgs/msg/detail/microxrcedds
[1.082s] -- Up-to-date: /home/rassito/microros_ws/install/micro_ros_msgs/include/micro_ros_msgs/msg/detail/microxrcedds/entity__type_support_cpp.cpp
[1.082s] -- Up-to-date: /home/rassito/microros_ws/install/micro_ros_msgs/include/micro_ros_msgs/msg/detail/microxrcedds/node__type_support_cpp.cpp
[1.083s] -- Up-to-date: /home/rassito/microros_ws/install/micro_ros_msgs/include/micro_ros_msgs/msg/detail/microxrcedds/graph__type_support_cpp.cpp
[1.083s] -- Up-to-date: /home/rassito/microros_ws/install/micro_ros_msgs/include/micro_ros_msgs/msg/detail/graph__rosidl_typesupport_microxrcedds_cpp.hpp
[1.083s] -- Up-to-date: /home/rassito/microros_ws/install/micro_ros_msgs/include/micro_ros_msgs/msg/detail/entity__rosidl_typesupport_microxrcedds_cpp.hpp
[1.083s] -- Up-to-date: /home/rassito/microros_ws/install/micro_ros_msgs/include/micro_ros_msgs/msg/detail/node__rosidl_typesupport_microxrcedds_cpp.hpp
[1.083s] -- Up-to-date: /home/rassito/microros_ws/install/micro_ros_msgs/lib/libmicro_ros_msgs__rosidl_typesupport_microxrcedds_cpp.so
[1.084s] -- Up-to-date: /home/rassito/microros_ws/install/micro_ros_msgs/include/micro_ros_msgs/micro_ros_msgs
[1.084s] -- Up-to-date: /home/rassito/microros_ws/install/micro_ros_msgs/include/micro_ros_msgs/micro_ros_msgs/msg
[1.084s] -- Up-to-date: /home/rassito/microros_ws/install/micro_ros_msgs/include/micro_ros_msgs/micro_ros_msgs/msg/rosidl_typesupport_fastrtps_cpp__visibility_control.h
[1.084s] -- Up-to-date: /home/rassito/microros_ws/install/micro_ros_msgs/include/micro_ros_msgs/micro_ros_msgs/msg/detail
[1.084s] -- Up-to-date: /home/rassito/microros_ws/install/micro_ros_msgs/include/micro_ros_msgs/micro_ros_msgs/msg/detail/graph__rosidl_typesupport_fastrtps_cpp.hpp
[1.084s] -- Up-to-date: /home/rassito/microros_ws/install/micro_ros_msgs/include/micro_ros_msgs/micro_ros_msgs/msg/detail/entity__rosidl_typesupport_fastrtps_cpp.hpp
[1.084s] -- Up-to-date: /home/rassito/microros_ws/install/micro_ros_msgs/include/micro_ros_msgs/micro_ros_msgs/msg/detail/node__rosidl_typesupport_fastrtps_cpp.hpp
[1.084s] -- Up-to-date: /home/rassito/microros_ws/install/micro_ros_msgs/include/micro_ros_msgs/micro_ros_msgs/msg/detail/dds_fastrtps
[1.084s] -- Up-to-date: /home/rassito/microros_ws/install/micro_ros_msgs/lib/libmicro_ros_msgs__rosidl_typesupport_fastrtps_cpp.so
[1.084s] -- Up-to-date: /home/rassito/microros_ws/install/micro_ros_msgs/include/micro_ros_msgs/micro_ros_msgs
[1.085s] -- Up-to-date: /home/rassito/microros_ws/install/micro_ros_msgs/include/micro_ros_msgs/micro_ros_msgs/msg
[1.085s] -- Up-to-date: /home/rassito/microros_ws/install/micro_ros_msgs/include/micro_ros_msgs/micro_ros_msgs/msg/detail
[1.085s] -- Up-to-date: /home/rassito/microros_ws/install/micro_ros_msgs/include/micro_ros_msgs/micro_ros_msgs/msg/detail/entity__rosidl_typesupport_introspection_cpp.hpp
[1.085s] -- Up-to-date: /home/rassito/microros_ws/install/micro_ros_msgs/include/micro_ros_msgs/micro_ros_msgs/msg/detail/graph__type_support.cpp
[1.085s] -- Up-to-date: /home/rassito/microros_ws/install/micro_ros_msgs/include/micro_ros_msgs/micro_ros_msgs/msg/detail/entity__type_support.cpp
[1.085s] -- Up-to-date: /home/rassito/microros_ws/install/micro_ros_msgs/include/micro_ros_msgs/micro_ros_msgs/msg/detail/node__type_support.cpp
[1.085s] -- Up-to-date: /home/rassito/microros_ws/install/micro_ros_msgs/include/micro_ros_msgs/micro_ros_msgs/msg/detail/graph__rosidl_typesupport_introspection_cpp.hpp
[1.085s] -- Up-to-date: /home/rassito/microros_ws/install/micro_ros_msgs/include/micro_ros_msgs/micro_ros_msgs/msg/detail/node__rosidl_typesupport_introspection_cpp.hpp
[1.085s] -- Up-to-date: /home/rassito/microros_ws/install/micro_ros_msgs/lib/libmicro_ros_msgs__rosidl_typesupport_introspection_cpp.so
[1.085s] -- Up-to-date: /home/rassito/microros_ws/install/micro_ros_msgs/lib/libmicro_ros_msgs__rosidl_typesupport_cpp.so
[1.085s] -- Up-to-date: /home/rassito/microros_ws/install/micro_ros_msgs/share/micro_ros_msgs/environment/pythonpath.sh
[1.085s] -- Up-to-date: /home/rassito/microros_ws/install/micro_ros_msgs/share/micro_ros_msgs/environment/pythonpath.dsv
[1.085s] -- Up-to-date: /home/rassito/microros_ws/install/micro_ros_msgs/lib/python3.12/site-packages/micro_ros_msgs-5.0.2-py3.12.egg-info
[1.085s] -- Installing: /home/rassito/microros_ws/install/micro_ros_msgs/lib/python3.12/site-packages/micro_ros_msgs-5.0.2-py3.12.egg-info/top_level.txt
[1.085s] -- Installing: /home/rassito/microros_ws/install/micro_ros_msgs/lib/python3.12/site-packages/micro_ros_msgs-5.0.2-py3.12.egg-info/PKG-INFO
[1.085s] -- Installing: /home/rassito/microros_ws/install/micro_ros_msgs/lib/python3.12/site-packages/micro_ros_msgs-5.0.2-py3.12.egg-info/dependency_links.txt
[1.085s] -- Installing: /home/rassito/microros_ws/install/micro_ros_msgs/lib/python3.12/site-packages/micro_ros_msgs-5.0.2-py3.12.egg-info/SOURCES.txt
[1.085s] -- Up-to-date: /home/rassito/microros_ws/install/micro_ros_msgs/lib/python3.12/site-packages/micro_ros_msgs
[1.085s] -- Up-to-date: /home/rassito/microros_ws/install/micro_ros_msgs/lib/python3.12/site-packages/micro_ros_msgs/micro_ros_msgs_s__rosidl_typesupport_c.so
[1.085s] -- Up-to-date: /home/rassito/microros_ws/install/micro_ros_msgs/lib/python3.12/site-packages/micro_ros_msgs/micro_ros_msgs_s__rosidl_typesupport_microxrcedds_c.so
[1.085s] -- Up-to-date: /home/rassito/microros_ws/install/micro_ros_msgs/lib/python3.12/site-packages/micro_ros_msgs/micro_ros_msgs_s__rosidl_typesupport_fastrtps_c.so
[1.087s] -- Up-to-date: /home/rassito/microros_ws/install/micro_ros_msgs/lib/python3.12/site-packages/micro_ros_msgs/_micro_ros_msgs_s.ep.rosidl_typesupport_introspection_c.c
[1.087s] -- Up-to-date: /home/rassito/microros_ws/install/micro_ros_msgs/lib/python3.12/site-packages/micro_ros_msgs/_micro_ros_msgs_s.ep.rosidl_typesupport_c.c
[1.087s] -- Up-to-date: /home/rassito/microros_ws/install/micro_ros_msgs/lib/python3.12/site-packages/micro_ros_msgs/micro_ros_msgs_s__rosidl_typesupport_introspection_c.so
[1.087s] -- Up-to-date: /home/rassito/microros_ws/install/micro_ros_msgs/lib/python3.12/site-packages/micro_ros_msgs/_micro_ros_msgs_s.ep.rosidl_typesupport_fastrtps_c.c
[1.087s] -- Up-to-date: /home/rassito/microros_ws/install/micro_ros_msgs/lib/python3.12/site-packages/micro_ros_msgs/msg
[1.087s] -- Up-to-date: /home/rassito/microros_ws/install/micro_ros_msgs/lib/python3.12/site-packages/micro_ros_msgs/msg/_node_s.c
[1.087s] -- Up-to-date: /home/rassito/microros_ws/install/micro_ros_msgs/lib/python3.12/site-packages/micro_ros_msgs/msg/_node.py
[1.087s] -- Up-to-date: /home/rassito/microros_ws/install/micro_ros_msgs/lib/python3.12/site-packages/micro_ros_msgs/msg/_entity_s.c
[1.087s] -- Up-to-date: /home/rassito/microros_ws/install/micro_ros_msgs/lib/python3.12/site-packages/micro_ros_msgs/msg/_graph.py
[1.087s] -- Up-to-date: /home/rassito/microros_ws/install/micro_ros_msgs/lib/python3.12/site-packages/micro_ros_msgs/msg/_entity.py
[1.087s] -- Up-to-date: /home/rassito/microros_ws/install/micro_ros_msgs/lib/python3.12/site-packages/micro_ros_msgs/msg/_graph_s.c
[1.087s] -- Up-to-date: /home/rassito/microros_ws/install/micro_ros_msgs/lib/python3.12/site-packages/micro_ros_msgs/msg/__init__.py
[1.087s] -- Installing: /home/rassito/microros_ws/install/micro_ros_msgs/lib/python3.12/site-packages/micro_ros_msgs/__init__.py
[1.087s] -- Up-to-date: /home/rassito/microros_ws/install/micro_ros_msgs/lib/python3.12/site-packages/micro_ros_msgs/_micro_ros_msgs_s.ep.rosidl_typesupport_microxrcedds_c.c
[1.113s] Listing '/home/rassito/microros_ws/install/micro_ros_msgs/lib/python3.12/site-packages/micro_ros_msgs'...
[1.113s] Compiling '/home/rassito/microros_ws/install/micro_ros_msgs/lib/python3.12/site-packages/micro_ros_msgs/__init__.py'...
[1.113s] Listing '/home/rassito/microros_ws/install/micro_ros_msgs/lib/python3.12/site-packages/micro_ros_msgs/msg'...
[1.116s] -- Up-to-date: /home/rassito/microros_ws/install/micro_ros_msgs/lib/python3.12/site-packages/micro_ros_msgs/micro_ros_msgs_s__rosidl_typesupport_microxrcedds_c.so
[1.117s] -- Up-to-date: /home/rassito/microros_ws/install/micro_ros_msgs/lib/python3.12/site-packages/micro_ros_msgs/micro_ros_msgs_s__rosidl_typesupport_fastrtps_c.so
[1.117s] -- Up-to-date: /home/rassito/microros_ws/install/micro_ros_msgs/lib/python3.12/site-packages/micro_ros_msgs/micro_ros_msgs_s__rosidl_typesupport_introspection_c.so
[1.117s] -- Up-to-date: /home/rassito/microros_ws/install/micro_ros_msgs/lib/python3.12/site-packages/micro_ros_msgs/micro_ros_msgs_s__rosidl_typesupport_c.so
[1.117s] -- Up-to-date: /home/rassito/microros_ws/install/micro_ros_msgs/lib/libmicro_ros_msgs__rosidl_generator_py.so
[1.117s] -- Up-to-date: /home/rassito/microros_ws/install/micro_ros_msgs/share/micro_ros_msgs/msg/Graph.idl
[1.117s] -- Up-to-date: /home/rassito/microros_ws/install/micro_ros_msgs/share/micro_ros_msgs/msg/Node.idl
[1.117s] -- Up-to-date: /home/rassito/microros_ws/install/micro_ros_msgs/share/micro_ros_msgs/msg/Entity.idl
[1.117s] -- Up-to-date: /home/rassito/microros_ws/install/micro_ros_msgs/share/micro_ros_msgs/msg/Graph.msg
[1.117s] -- Up-to-date: /home/rassito/microros_ws/install/micro_ros_msgs/share/micro_ros_msgs/msg/Node.msg
[1.117s] -- Up-to-date: /home/rassito/microros_ws/install/micro_ros_msgs/share/micro_ros_msgs/msg/Entity.msg
[1.117s] -- Up-to-date: /home/rassito/microros_ws/install/micro_ros_msgs/share/ament_index/resource_index/package_run_dependencies/micro_ros_msgs
[1.118s] -- Installing: /home/rassito/microros_ws/install/micro_ros_msgs/share/ament_index/resource_index/parent_prefix_path/micro_ros_msgs
[1.118s] -- Up-to-date: /home/rassito/microros_ws/install/micro_ros_msgs/share/micro_ros_msgs/environment/ament_prefix_path.sh
[1.118s] -- Up-to-date: /home/rassito/microros_ws/install/micro_ros_msgs/share/micro_ros_msgs/environment/ament_prefix_path.dsv
[1.118s] -- Up-to-date: /home/rassito/microros_ws/install/micro_ros_msgs/share/micro_ros_msgs/environment/path.sh
[1.118s] -- Up-to-date: /home/rassito/microros_ws/install/micro_ros_msgs/share/micro_ros_msgs/environment/path.dsv
[1.118s] -- Up-to-date: /home/rassito/microros_ws/install/micro_ros_msgs/share/micro_ros_msgs/local_setup.bash
[1.118s] -- Up-to-date: /home/rassito/microros_ws/install/micro_ros_msgs/share/micro_ros_msgs/local_setup.sh
[1.119s] -- Up-to-date: /home/rassito/microros_ws/install/micro_ros_msgs/share/micro_ros_msgs/local_setup.zsh
[1.119s] -- Up-to-date: /home/rassito/microros_ws/install/micro_ros_msgs/share/micro_ros_msgs/local_setup.dsv
[1.119s] -- Installing: /home/rassito/microros_ws/install/micro_ros_msgs/share/micro_ros_msgs/package.dsv
[1.119s] -- Up-to-date: /home/rassito/microros_ws/install/micro_ros_msgs/share/ament_index/resource_index/packages/micro_ros_msgs
[1.119s] -- Up-to-date: /home/rassito/microros_ws/install/micro_ros_msgs/share/micro_ros_msgs/cmake/export_micro_ros_msgs__rosidl_generator_cExport.cmake
[1.120s] -- Up-to-date: /home/rassito/microros_ws/install/micro_ros_msgs/share/micro_ros_msgs/cmake/export_micro_ros_msgs__rosidl_generator_cExport-noconfig.cmake
[1.120s] -- Up-to-date: /home/rassito/microros_ws/install/micro_ros_msgs/share/micro_ros_msgs/cmake/export_micro_ros_msgs__rosidl_typesupport_fastrtps_cExport.cmake
[1.120s] -- Up-to-date: /home/rassito/microros_ws/install/micro_ros_msgs/share/micro_ros_msgs/cmake/export_micro_ros_msgs__rosidl_typesupport_fastrtps_cExport-noconfig.cmake
[1.120s] -- Up-to-date: /home/rassito/microros_ws/install/micro_ros_msgs/share/micro_ros_msgs/cmake/micro_ros_msgs__rosidl_typesupport_introspection_cExport.cmake
[1.120s] -- Up-to-date: /home/rassito/microros_ws/install/micro_ros_msgs/share/micro_ros_msgs/cmake/micro_ros_msgs__rosidl_typesupport_introspection_cExport-noconfig.cmake
[1.120s] -- Up-to-date: /home/rassito/microros_ws/install/micro_ros_msgs/share/micro_ros_msgs/cmake/micro_ros_msgs__rosidl_typesupport_cExport.cmake
[1.120s] -- Up-to-date: /home/rassito/microros_ws/install/micro_ros_msgs/share/micro_ros_msgs/cmake/micro_ros_msgs__rosidl_typesupport_cExport-noconfig.cmake
[1.120s] -- Up-to-date: /home/rassito/microros_ws/install/micro_ros_msgs/share/micro_ros_msgs/cmake/export_micro_ros_msgs__rosidl_generator_cppExport.cmake
[1.120s] -- Up-to-date: /home/rassito/microros_ws/install/micro_ros_msgs/share/micro_ros_msgs/cmake/export_micro_ros_msgs__rosidl_typesupport_fastrtps_cppExport.cmake
[1.120s] -- Up-to-date: /home/rassito/microros_ws/install/micro_ros_msgs/share/micro_ros_msgs/cmake/export_micro_ros_msgs__rosidl_typesupport_fastrtps_cppExport-noconfig.cmake
[1.120s] -- Up-to-date: /home/rassito/microros_ws/install/micro_ros_msgs/share/micro_ros_msgs/cmake/micro_ros_msgs__rosidl_typesupport_introspection_cppExport.cmake
[1.120s] -- Up-to-date: /home/rassito/microros_ws/install/micro_ros_msgs/share/micro_ros_msgs/cmake/micro_ros_msgs__rosidl_typesupport_introspection_cppExport-noconfig.cmake
[1.120s] -- Up-to-date: /home/rassito/microros_ws/install/micro_ros_msgs/share/micro_ros_msgs/cmake/micro_ros_msgs__rosidl_typesupport_cppExport.cmake
[1.120s] -- Up-to-date: /home/rassito/microros_ws/install/micro_ros_msgs/share/micro_ros_msgs/cmake/micro_ros_msgs__rosidl_typesupport_cppExport-noconfig.cmake
[1.120s] -- Up-to-date: /home/rassito/microros_ws/install/micro_ros_msgs/share/micro_ros_msgs/cmake/export_micro_ros_msgs__rosidl_generator_pyExport.cmake
[1.120s] -- Up-to-date: /home/rassito/microros_ws/install/micro_ros_msgs/share/micro_ros_msgs/cmake/export_micro_ros_msgs__rosidl_generator_pyExport-noconfig.cmake
[1.121s] -- Up-to-date: /home/rassito/microros_ws/install/micro_ros_msgs/share/micro_ros_msgs/cmake/rosidl_cmake-extras.cmake
[1.121s] -- Up-to-date: /home/rassito/microros_ws/install/micro_ros_msgs/share/micro_ros_msgs/cmake/ament_cmake_export_include_directories-extras.cmake
[1.121s] -- Up-to-date: /home/rassito/microros_ws/install/micro_ros_msgs/share/micro_ros_msgs/cmake/ament_cmake_export_libraries-extras.cmake
[1.121s] -- Up-to-date: /home/rassito/microros_ws/install/micro_ros_msgs/share/micro_ros_msgs/cmake/ament_cmake_export_targets-extras.cmake
[1.121s] -- Up-to-date: /home/rassito/microros_ws/install/micro_ros_msgs/share/micro_ros_msgs/cmake/rosidl_cmake_export_typesupport_targets-extras.cmake
[1.121s] -- Up-to-date: /home/rassito/microros_ws/install/micro_ros_msgs/share/micro_ros_msgs/cmake/ament_cmake_export_dependencies-extras.cmake
[1.121s] -- Up-to-date: /home/rassito/microros_ws/install/micro_ros_msgs/share/micro_ros_msgs/cmake/rosidl_cmake_export_typesupport_libraries-extras.cmake
[1.121s] -- Up-to-date: /home/rassito/microros_ws/install/micro_ros_msgs/share/micro_ros_msgs/cmake/micro_ros_msgsConfig.cmake
[1.121s] -- Up-to-date: /home/rassito/microros_ws/install/micro_ros_msgs/share/micro_ros_msgs/cmake/micro_ros_msgsConfig-version.cmake
[1.121s] -- Up-to-date: /home/rassito/microros_ws/install/micro_ros_msgs/share/micro_ros_msgs/package.xml
[1.142s] Invoked command in '/home/rassito/microros_ws/build/micro_ros_msgs' returned '0': CMAKE_PREFIX_PATH=${CMAKE_PREFIX_PATH}:/home/rassito/microros_ws/install/sensor_msgs_py:/home/rassito/ros_ws/install/super_pkg:/opt/ros/jazzy DEBUGINFOD_URLS=https://debuginfod.ubuntu.com /usr/bin/cmake --install /home/rassito/microros_ws/build/micro_ros_msgs
