[0.030s] Invoking command in '/home/rassito/microros_ws/build/lifecycle_msgs': CMAKE_PREFIX_PATH=${CMAKE_PREFIX_PATH}:/home/rassito/microros_ws/install/sensor_msgs_py:/home/rassito/ros_ws/install/super_pkg:/opt/ros/jazzy DEBUGINFOD_URLS=https://debuginfod.ubuntu.com /usr/bin/cmake /home/rassito/microros_ws/src/ros2/rcl_interfaces/lifecycle_msgs -DCMAKE_INSTALL_PREFIX=/home/rassito/microros_ws/install/lifecycle_msgs
[0.039s] -- Found ament_cmake: 2.5.3 (/opt/ros/jazzy/share/ament_cmake/cmake)
[0.060s] -- Found Python3: /usr/bin/python3 (found version "3.12.3") found components: Interpreter 
[0.138s] -- Found rosidl_default_generators: 1.6.0 (/opt/ros/jazzy/share/rosidl_default_generators/cmake)
[0.146s] -- Using all available rosidl_typesupport_c: rosidl_typesupport_microxrcedds_c;rosidl_typesupport_fastrtps_c;rosidl_typesupport_introspection_c
[0.178s] -- Found rosidl_adapter: 4.6.5 (/opt/ros/jazzy/share/rosidl_adapter/cmake)
[0.207s] -- Using all available rosidl_typesupport_cpp: rosidl_typesupport_microxrcedds_cpp;rosidl_typesupport_fastrtps_cpp;rosidl_typesupport_introspection_cpp
[0.557s] -- Found ament_cmake_ros: 0.12.0 (/opt/ros/jazzy/share/ament_cmake_ros/cmake)
[0.676s] -- Using all available rosidl_typesupport_c: rosidl_typesupport_microxrcedds_c;rosidl_typesupport_fastrtps_c;rosidl_typesupport_introspection_c
[0.806s] -- Using all available rosidl_typesupport_cpp: rosidl_typesupport_microxrcedds_cpp;rosidl_typesupport_fastrtps_cpp;rosidl_typesupport_introspection_cpp
[0.807s] -- Found python_cmake_module: 0.11.1 (/opt/ros/jazzy/share/python_cmake_module/cmake)
[1.044s] -- Found Python3: /usr/bin/python3 (found version "3.12.3") found components: Interpreter Development NumPy Development.Module Development.Embed 
[1.065s] -- Configuring done (1.0s)
[1.144s] -- Generating done (0.1s)
[1.164s] -- Build files have been written to: /home/rassito/microros_ws/build/lifecycle_msgs
[1.178s] Invoked command in '/home/rassito/microros_ws/build/lifecycle_msgs' returned '0': CMAKE_PREFIX_PATH=${CMAKE_PREFIX_PATH}:/home/rassito/microros_ws/install/sensor_msgs_py:/home/rassito/ros_ws/install/super_pkg:/opt/ros/jazzy DEBUGINFOD_URLS=https://debuginfod.ubuntu.com /usr/bin/cmake /home/rassito/microros_ws/src/ros2/rcl_interfaces/lifecycle_msgs -DCMAKE_INSTALL_PREFIX=/home/rassito/microros_ws/install/lifecycle_msgs
[1.179s] Invoking command in '/home/rassito/microros_ws/build/lifecycle_msgs': CMAKE_PREFIX_PATH=${CMAKE_PREFIX_PATH}:/home/rassito/microros_ws/install/sensor_msgs_py:/home/rassito/ros_ws/install/super_pkg:/opt/ros/jazzy DEBUGINFOD_URLS=https://debuginfod.ubuntu.com /usr/bin/cmake --build /home/rassito/microros_ws/build/lifecycle_msgs -- -j16 -l16
[1.257s] [  1%] Built target lifecycle_msgs__rosidl_generator_type_description
[1.276s] [  1%] Built target ament_cmake_python_copy_lifecycle_msgs
[1.282s] [  1%] Built target lifecycle_msgs__cpp
[1.294s] [ 22%] Built target lifecycle_msgs__rosidl_generator_c
[1.320s] [ 30%] Built target lifecycle_msgs__rosidl_typesupport_microxrcedds_cpp
[1.352s] [ 38%] Built target lifecycle_msgs__rosidl_typesupport_microxrcedds_c
[1.359s] [ 54%] Built target lifecycle_msgs__rosidl_typesupport_fastrtps_cpp
[1.359s] [ 54%] Built target lifecycle_msgs__rosidl_typesupport_cpp
[1.359s] [ 62%] Built target lifecycle_msgs__rosidl_typesupport_introspection_c
[1.359s] [ 69%] Built target lifecycle_msgs__rosidl_typesupport_fastrtps_c
[1.361s] [ 77%] Built target lifecycle_msgs__rosidl_typesupport_introspection_cpp
[1.362s] [ 85%] Built target lifecycle_msgs__rosidl_typesupport_c
[1.381s] [ 85%] Built target lifecycle_msgs
[1.398s] [ 86%] Built target lifecycle_msgs__py
[1.422s] [ 93%] Built target lifecycle_msgs__rosidl_generator_py
[1.442s] [ 94%] Built target lifecycle_msgs_s__rosidl_typesupport_fastrtps_c
[1.443s] [ 96%] Built target lifecycle_msgs_s__rosidl_typesupport_c
[1.446s] [ 98%] Built target lifecycle_msgs_s__rosidl_typesupport_microxrcedds_c
[1.448s] [100%] Built target lifecycle_msgs_s__rosidl_typesupport_introspection_c
[1.490s] running egg_info
[1.505s] writing lifecycle_msgs.egg-info/PKG-INFO
[1.505s] writing dependency_links to lifecycle_msgs.egg-info/dependency_links.txt
[1.505s] writing top-level names to lifecycle_msgs.egg-info/top_level.txt
[1.557s] reading manifest file 'lifecycle_msgs.egg-info/SOURCES.txt'
[1.558s] writing manifest file 'lifecycle_msgs.egg-info/SOURCES.txt'
[1.581s] [100%] Built target ament_cmake_python_build_lifecycle_msgs_egg
[1.642s] Invoked command in '/home/rassito/microros_ws/build/lifecycle_msgs' returned '0': CMAKE_PREFIX_PATH=${CMAKE_PREFIX_PATH}:/home/rassito/microros_ws/install/sensor_msgs_py:/home/rassito/ros_ws/install/super_pkg:/opt/ros/jazzy DEBUGINFOD_URLS=https://debuginfod.ubuntu.com /usr/bin/cmake --build /home/rassito/microros_ws/build/lifecycle_msgs -- -j16 -l16
[1.643s] Invoking command in '/home/rassito/microros_ws/build/lifecycle_msgs': CMAKE_PREFIX_PATH=${CMAKE_PREFIX_PATH}:/home/rassito/microros_ws/install/sensor_msgs_py:/home/rassito/ros_ws/install/super_pkg:/opt/ros/jazzy DEBUGINFOD_URLS=https://debuginfod.ubuntu.com /usr/bin/cmake --install /home/rassito/microros_ws/build/lifecycle_msgs
[1.676s] -- Install configuration: ""
[1.676s] -- Up-to-date: /home/rassito/microros_ws/install/lifecycle_msgs/share/ament_index/resource_index/rosidl_interfaces/lifecycle_msgs
[1.676s] -- Up-to-date: /home/rassito/microros_ws/install/lifecycle_msgs/share/lifecycle_msgs/msg/State.json
[1.676s] -- Up-to-date: /home/rassito/microros_ws/install/lifecycle_msgs/share/lifecycle_msgs/msg/Transition.json
[1.676s] -- Up-to-date: /home/rassito/microros_ws/install/lifecycle_msgs/share/lifecycle_msgs/msg/TransitionDescription.json
[1.676s] -- Up-to-date: /home/rassito/microros_ws/install/lifecycle_msgs/share/lifecycle_msgs/msg/TransitionEvent.json
[1.676s] -- Up-to-date: /home/rassito/microros_ws/install/lifecycle_msgs/share/lifecycle_msgs/srv/ChangeState.json
[1.676s] -- Up-to-date: /home/rassito/microros_ws/install/lifecycle_msgs/share/lifecycle_msgs/srv/GetAvailableStates.json
[1.676s] -- Up-to-date: /home/rassito/microros_ws/install/lifecycle_msgs/share/lifecycle_msgs/srv/GetAvailableTransitions.json
[1.677s] -- Up-to-date: /home/rassito/microros_ws/install/lifecycle_msgs/share/lifecycle_msgs/srv/GetState.json
[1.677s] -- Up-to-date: /home/rassito/microros_ws/install/lifecycle_msgs/include/lifecycle_msgs/lifecycle_msgs
[1.677s] -- Up-to-date: /home/rassito/microros_ws/install/lifecycle_msgs/include/lifecycle_msgs/lifecycle_msgs/srv
[1.677s] -- Up-to-date: /home/rassito/microros_ws/install/lifecycle_msgs/include/lifecycle_msgs/lifecycle_msgs/srv/get_available_states.h
[1.677s] -- Up-to-date: /home/rassito/microros_ws/install/lifecycle_msgs/include/lifecycle_msgs/lifecycle_msgs/srv/change_state.h
[1.677s] -- Up-to-date: /home/rassito/microros_ws/install/lifecycle_msgs/include/lifecycle_msgs/lifecycle_msgs/srv/get_state.h
[1.677s] -- Up-to-date: /home/rassito/microros_ws/install/lifecycle_msgs/include/lifecycle_msgs/lifecycle_msgs/srv/get_available_transitions.h
[1.677s] -- Up-to-date: /home/rassito/microros_ws/install/lifecycle_msgs/include/lifecycle_msgs/lifecycle_msgs/srv/detail
[1.677s] -- Up-to-date: /home/rassito/microros_ws/install/lifecycle_msgs/include/lifecycle_msgs/lifecycle_msgs/srv/detail/get_available_transitions__functions.h
[1.678s] -- Up-to-date: /home/rassito/microros_ws/install/lifecycle_msgs/include/lifecycle_msgs/lifecycle_msgs/srv/detail/get_state__description.c
[1.678s] -- Up-to-date: /home/rassito/microros_ws/install/lifecycle_msgs/include/lifecycle_msgs/lifecycle_msgs/srv/detail/get_available_transitions__functions.c
[1.678s] -- Up-to-date: /home/rassito/microros_ws/install/lifecycle_msgs/include/lifecycle_msgs/lifecycle_msgs/srv/detail/get_available_states__description.c
[1.679s] -- Up-to-date: /home/rassito/microros_ws/install/lifecycle_msgs/include/lifecycle_msgs/lifecycle_msgs/srv/detail/get_available_transitions__description.c
[1.679s] -- Up-to-date: /home/rassito/microros_ws/install/lifecycle_msgs/include/lifecycle_msgs/lifecycle_msgs/srv/detail/get_state__struct.h
[1.679s] -- Up-to-date: /home/rassito/microros_ws/install/lifecycle_msgs/include/lifecycle_msgs/lifecycle_msgs/srv/detail/get_state__type_support.h
[1.679s] -- Up-to-date: /home/rassito/microros_ws/install/lifecycle_msgs/include/lifecycle_msgs/lifecycle_msgs/srv/detail/get_available_transitions__struct.h
[1.679s] -- Up-to-date: /home/rassito/microros_ws/install/lifecycle_msgs/include/lifecycle_msgs/lifecycle_msgs/srv/detail/change_state__struct.h
[1.679s] -- Up-to-date: /home/rassito/microros_ws/install/lifecycle_msgs/include/lifecycle_msgs/lifecycle_msgs/srv/detail/get_available_states__type_support.h
[1.680s] -- Up-to-date: /home/rassito/microros_ws/install/lifecycle_msgs/include/lifecycle_msgs/lifecycle_msgs/srv/detail/get_available_states__functions.h
[1.680s] -- Installing: /home/rassito/microros_ws/install/lifecycle_msgs/include/lifecycle_msgs/lifecycle_msgs/srv/detail/get_state__type_support.c
[1.680s] -- Up-to-date: /home/rassito/microros_ws/install/lifecycle_msgs/include/lifecycle_msgs/lifecycle_msgs/srv/detail/get_available_states__struct.h
[1.680s] -- Up-to-date: /home/rassito/microros_ws/install/lifecycle_msgs/include/lifecycle_msgs/lifecycle_msgs/srv/detail/change_state__type_support.h
[1.680s] -- Up-to-date: /home/rassito/microros_ws/install/lifecycle_msgs/include/lifecycle_msgs/lifecycle_msgs/srv/detail/change_state__functions.c
[1.680s] -- Up-to-date: /home/rassito/microros_ws/install/lifecycle_msgs/include/lifecycle_msgs/lifecycle_msgs/srv/detail/get_available_states__functions.c
[1.680s] -- Up-to-date: /home/rassito/microros_ws/install/lifecycle_msgs/include/lifecycle_msgs/lifecycle_msgs/srv/detail/change_state__description.c
[1.680s] -- Up-to-date: /home/rassito/microros_ws/install/lifecycle_msgs/include/lifecycle_msgs/lifecycle_msgs/srv/detail/get_state__functions.c
[1.680s] -- Up-to-date: /home/rassito/microros_ws/install/lifecycle_msgs/include/lifecycle_msgs/lifecycle_msgs/srv/detail/change_state__functions.h
[1.680s] -- Installing: /home/rassito/microros_ws/install/lifecycle_msgs/include/lifecycle_msgs/lifecycle_msgs/srv/detail/get_available_states__type_support.c
[1.680s] -- Up-to-date: /home/rassito/microros_ws/install/lifecycle_msgs/include/lifecycle_msgs/lifecycle_msgs/srv/detail/get_available_transitions__type_support.h
[1.681s] -- Up-to-date: /home/rassito/microros_ws/install/lifecycle_msgs/include/lifecycle_msgs/lifecycle_msgs/srv/detail/get_state__functions.h
[1.681s] -- Installing: /home/rassito/microros_ws/install/lifecycle_msgs/include/lifecycle_msgs/lifecycle_msgs/srv/detail/change_state__type_support.c
[1.681s] -- Installing: /home/rassito/microros_ws/install/lifecycle_msgs/include/lifecycle_msgs/lifecycle_msgs/srv/detail/get_available_transitions__type_support.c
[1.681s] -- Up-to-date: /home/rassito/microros_ws/install/lifecycle_msgs/include/lifecycle_msgs/lifecycle_msgs/msg
[1.681s] -- Up-to-date: /home/rassito/microros_ws/install/lifecycle_msgs/include/lifecycle_msgs/lifecycle_msgs/msg/transition.h
[1.681s] -- Up-to-date: /home/rassito/microros_ws/install/lifecycle_msgs/include/lifecycle_msgs/lifecycle_msgs/msg/transition_description.h
[1.681s] -- Up-to-date: /home/rassito/microros_ws/install/lifecycle_msgs/include/lifecycle_msgs/lifecycle_msgs/msg/state.h
[1.681s] -- Up-to-date: /home/rassito/microros_ws/install/lifecycle_msgs/include/lifecycle_msgs/lifecycle_msgs/msg/detail
[1.681s] -- Up-to-date: /home/rassito/microros_ws/install/lifecycle_msgs/include/lifecycle_msgs/lifecycle_msgs/msg/detail/state__functions.c
[1.681s] -- Up-to-date: /home/rassito/microros_ws/install/lifecycle_msgs/include/lifecycle_msgs/lifecycle_msgs/msg/detail/transition_event__functions.c
[1.681s] -- Up-to-date: /home/rassito/microros_ws/install/lifecycle_msgs/include/lifecycle_msgs/lifecycle_msgs/msg/detail/transition__struct.h
[1.682s] -- Up-to-date: /home/rassito/microros_ws/install/lifecycle_msgs/include/lifecycle_msgs/lifecycle_msgs/msg/detail/transition__functions.h
[1.682s] -- Up-to-date: /home/rassito/microros_ws/install/lifecycle_msgs/include/lifecycle_msgs/lifecycle_msgs/msg/detail/transition_event__struct.h
[1.682s] -- Up-to-date: /home/rassito/microros_ws/install/lifecycle_msgs/include/lifecycle_msgs/lifecycle_msgs/msg/detail/state__struct.h
[1.682s] -- Up-to-date: /home/rassito/microros_ws/install/lifecycle_msgs/include/lifecycle_msgs/lifecycle_msgs/msg/detail/transition_description__type_support.h
[1.682s] -- Up-to-date: /home/rassito/microros_ws/install/lifecycle_msgs/include/lifecycle_msgs/lifecycle_msgs/msg/detail/transition_event__description.c
[1.682s] -- Installing: /home/rassito/microros_ws/install/lifecycle_msgs/include/lifecycle_msgs/lifecycle_msgs/msg/detail/transition_description__type_support.c
[1.682s] -- Up-to-date: /home/rassito/microros_ws/install/lifecycle_msgs/include/lifecycle_msgs/lifecycle_msgs/msg/detail/state__functions.h
[1.682s] -- Up-to-date: /home/rassito/microros_ws/install/lifecycle_msgs/include/lifecycle_msgs/lifecycle_msgs/msg/detail/transition__functions.c
[1.682s] -- Installing: /home/rassito/microros_ws/install/lifecycle_msgs/include/lifecycle_msgs/lifecycle_msgs/msg/detail/transition__type_support.c
[1.682s] -- Up-to-date: /home/rassito/microros_ws/install/lifecycle_msgs/include/lifecycle_msgs/lifecycle_msgs/msg/detail/transition_description__description.c
[1.682s] -- Up-to-date: /home/rassito/microros_ws/install/lifecycle_msgs/include/lifecycle_msgs/lifecycle_msgs/msg/detail/transition__description.c
[1.683s] -- Up-to-date: /home/rassito/microros_ws/install/lifecycle_msgs/include/lifecycle_msgs/lifecycle_msgs/msg/detail/transition_description__functions.h
[1.683s] -- Up-to-date: /home/rassito/microros_ws/install/lifecycle_msgs/include/lifecycle_msgs/lifecycle_msgs/msg/detail/state__description.c
[1.683s] -- Installing: /home/rassito/microros_ws/install/lifecycle_msgs/include/lifecycle_msgs/lifecycle_msgs/msg/detail/transition_event__type_support.c
[1.683s] -- Up-to-date: /home/rassito/microros_ws/install/lifecycle_msgs/include/lifecycle_msgs/lifecycle_msgs/msg/detail/transition_description__struct.h
[1.683s] -- Up-to-date: /home/rassito/microros_ws/install/lifecycle_msgs/include/lifecycle_msgs/lifecycle_msgs/msg/detail/transition__type_support.h
[1.683s] -- Installing: /home/rassito/microros_ws/install/lifecycle_msgs/include/lifecycle_msgs/lifecycle_msgs/msg/detail/state__type_support.c
[1.683s] -- Up-to-date: /home/rassito/microros_ws/install/lifecycle_msgs/include/lifecycle_msgs/lifecycle_msgs/msg/detail/transition_event__functions.h
[1.683s] -- Up-to-date: /home/rassito/microros_ws/install/lifecycle_msgs/include/lifecycle_msgs/lifecycle_msgs/msg/detail/transition_event__type_support.h
[1.683s] -- Up-to-date: /home/rassito/microros_ws/install/lifecycle_msgs/include/lifecycle_msgs/lifecycle_msgs/msg/detail/transition_description__functions.c
[1.683s] -- Up-to-date: /home/rassito/microros_ws/install/lifecycle_msgs/include/lifecycle_msgs/lifecycle_msgs/msg/detail/state__type_support.h
[1.683s] -- Up-to-date: /home/rassito/microros_ws/install/lifecycle_msgs/include/lifecycle_msgs/lifecycle_msgs/msg/rosidl_generator_c__visibility_control.h
[1.683s] -- Up-to-date: /home/rassito/microros_ws/install/lifecycle_msgs/include/lifecycle_msgs/lifecycle_msgs/msg/transition_event.h
[1.684s] -- Up-to-date: /home/rassito/microros_ws/install/lifecycle_msgs/share/lifecycle_msgs/environment/library_path.sh
[1.684s] -- Up-to-date: /home/rassito/microros_ws/install/lifecycle_msgs/share/lifecycle_msgs/environment/library_path.dsv
[1.684s] -- Up-to-date: /home/rassito/microros_ws/install/lifecycle_msgs/lib/liblifecycle_msgs__rosidl_generator_c.so
[1.684s] -- Up-to-date: /home/rassito/microros_ws/install/lifecycle_msgs/include/lifecycle_msgs
[1.684s] -- Up-to-date: /home/rassito/microros_ws/install/lifecycle_msgs/include/lifecycle_msgs/srv
[1.684s] -- Up-to-date: /home/rassito/microros_ws/install/lifecycle_msgs/include/lifecycle_msgs/srv/detail
[1.685s] -- Up-to-date: /home/rassito/microros_ws/install/lifecycle_msgs/include/lifecycle_msgs/srv/detail/microxrcedds
[1.685s] -- Up-to-date: /home/rassito/microros_ws/install/lifecycle_msgs/include/lifecycle_msgs/srv/detail/change_state__rosidl_typesupport_microxrcedds_c.h
[1.685s] -- Up-to-date: /home/rassito/microros_ws/install/lifecycle_msgs/include/lifecycle_msgs/srv/detail/get_state__rosidl_typesupport_microxrcedds_c.h
[1.694s] -- Up-to-date: /home/rassito/microros_ws/install/lifecycle_msgs/include/lifecycle_msgs/srv/detail/get_available_states__rosidl_typesupport_microxrcedds_c.h
[1.694s] -- Up-to-date: /home/rassito/microros_ws/install/lifecycle_msgs/include/lifecycle_msgs/srv/detail/get_available_transitions__rosidl_typesupport_microxrcedds_c.h
[1.694s] -- Up-to-date: /home/rassito/microros_ws/install/lifecycle_msgs/include/lifecycle_msgs/msg
[1.694s] -- Up-to-date: /home/rassito/microros_ws/install/lifecycle_msgs/include/lifecycle_msgs/msg/detail
[1.694s] -- Up-to-date: /home/rassito/microros_ws/install/lifecycle_msgs/include/lifecycle_msgs/msg/detail/transition_event__rosidl_typesupport_microxrcedds_c.h
[1.695s] -- Up-to-date: /home/rassito/microros_ws/install/lifecycle_msgs/include/lifecycle_msgs/msg/detail/microxrcedds
[1.695s] -- Up-to-date: /home/rassito/microros_ws/install/lifecycle_msgs/include/lifecycle_msgs/msg/detail/transition__rosidl_typesupport_microxrcedds_c.h
[1.695s] -- Up-to-date: /home/rassito/microros_ws/install/lifecycle_msgs/include/lifecycle_msgs/msg/detail/state__rosidl_typesupport_microxrcedds_c.h
[1.695s] -- Up-to-date: /home/rassito/microros_ws/install/lifecycle_msgs/include/lifecycle_msgs/msg/detail/transition_description__rosidl_typesupport_microxrcedds_c.h
[1.695s] -- Up-to-date: /home/rassito/microros_ws/install/lifecycle_msgs/include/lifecycle_msgs/msg/rosidl_typesupport_microxrcedds_c__visibility_control.h
[1.695s] -- Up-to-date: /home/rassito/microros_ws/install/lifecycle_msgs/lib/liblifecycle_msgs__rosidl_typesupport_microxrcedds_c.so
[1.695s] -- Up-to-date: /home/rassito/microros_ws/install/lifecycle_msgs/include/lifecycle_msgs/lifecycle_msgs
[1.695s] -- Up-to-date: /home/rassito/microros_ws/install/lifecycle_msgs/include/lifecycle_msgs/lifecycle_msgs/srv
[1.695s] -- Up-to-date: /home/rassito/microros_ws/install/lifecycle_msgs/include/lifecycle_msgs/lifecycle_msgs/srv/detail
[1.695s] -- Up-to-date: /home/rassito/microros_ws/install/lifecycle_msgs/include/lifecycle_msgs/lifecycle_msgs/srv/detail/get_state__rosidl_typesupport_fastrtps_c.h
[1.695s] -- Up-to-date: /home/rassito/microros_ws/install/lifecycle_msgs/include/lifecycle_msgs/lifecycle_msgs/srv/detail/change_state__rosidl_typesupport_fastrtps_c.h
[1.695s] -- Up-to-date: /home/rassito/microros_ws/install/lifecycle_msgs/include/lifecycle_msgs/lifecycle_msgs/srv/detail/get_available_transitions__rosidl_typesupport_fastrtps_c.h
[1.695s] -- Up-to-date: /home/rassito/microros_ws/install/lifecycle_msgs/include/lifecycle_msgs/lifecycle_msgs/srv/detail/get_available_states__rosidl_typesupport_fastrtps_c.h
[1.695s] -- Up-to-date: /home/rassito/microros_ws/install/lifecycle_msgs/include/lifecycle_msgs/lifecycle_msgs/msg
[1.696s] -- Up-to-date: /home/rassito/microros_ws/install/lifecycle_msgs/include/lifecycle_msgs/lifecycle_msgs/msg/rosidl_typesupport_fastrtps_c__visibility_control.h
[1.696s] -- Up-to-date: /home/rassito/microros_ws/install/lifecycle_msgs/include/lifecycle_msgs/lifecycle_msgs/msg/detail
[1.696s] -- Up-to-date: /home/rassito/microros_ws/install/lifecycle_msgs/include/lifecycle_msgs/lifecycle_msgs/msg/detail/transition__rosidl_typesupport_fastrtps_c.h
[1.696s] -- Up-to-date: /home/rassito/microros_ws/install/lifecycle_msgs/include/lifecycle_msgs/lifecycle_msgs/msg/detail/transition_event__rosidl_typesupport_fastrtps_c.h
[1.696s] -- Up-to-date: /home/rassito/microros_ws/install/lifecycle_msgs/include/lifecycle_msgs/lifecycle_msgs/msg/detail/state__rosidl_typesupport_fastrtps_c.h
[1.700s] -- Up-to-date: /home/rassito/microros_ws/install/lifecycle_msgs/include/lifecycle_msgs/lifecycle_msgs/msg/detail/transition_description__rosidl_typesupport_fastrtps_c.h
[1.700s] -- Up-to-date: /home/rassito/microros_ws/install/lifecycle_msgs/lib/liblifecycle_msgs__rosidl_typesupport_fastrtps_c.so
[1.700s] -- Up-to-date: /home/rassito/microros_ws/install/lifecycle_msgs/include/lifecycle_msgs/lifecycle_msgs
[1.700s] -- Up-to-date: /home/rassito/microros_ws/install/lifecycle_msgs/include/lifecycle_msgs/lifecycle_msgs/srv
[1.700s] -- Up-to-date: /home/rassito/microros_ws/install/lifecycle_msgs/include/lifecycle_msgs/lifecycle_msgs/srv/detail
[1.700s] -- Up-to-date: /home/rassito/microros_ws/install/lifecycle_msgs/include/lifecycle_msgs/lifecycle_msgs/srv/detail/change_state__rosidl_typesupport_introspection_c.h
[1.701s] -- Up-to-date: /home/rassito/microros_ws/install/lifecycle_msgs/include/lifecycle_msgs/lifecycle_msgs/srv/detail/get_available_states__rosidl_typesupport_introspection_c.h
[1.701s] -- Installing: /home/rassito/microros_ws/install/lifecycle_msgs/include/lifecycle_msgs/lifecycle_msgs/srv/detail/get_state__type_support.c
[1.701s] -- Up-to-date: /home/rassito/microros_ws/install/lifecycle_msgs/include/lifecycle_msgs/lifecycle_msgs/srv/detail/get_available_transitions__rosidl_typesupport_introspection_c.h
[1.701s] -- Up-to-date: /home/rassito/microros_ws/install/lifecycle_msgs/include/lifecycle_msgs/lifecycle_msgs/srv/detail/get_state__rosidl_typesupport_introspection_c.h
[1.701s] -- Installing: /home/rassito/microros_ws/install/lifecycle_msgs/include/lifecycle_msgs/lifecycle_msgs/srv/detail/get_available_states__type_support.c
[1.701s] -- Installing: /home/rassito/microros_ws/install/lifecycle_msgs/include/lifecycle_msgs/lifecycle_msgs/srv/detail/change_state__type_support.c
[1.701s] -- Installing: /home/rassito/microros_ws/install/lifecycle_msgs/include/lifecycle_msgs/lifecycle_msgs/srv/detail/get_available_transitions__type_support.c
[1.701s] -- Up-to-date: /home/rassito/microros_ws/install/lifecycle_msgs/include/lifecycle_msgs/lifecycle_msgs/msg
[1.701s] -- Up-to-date: /home/rassito/microros_ws/install/lifecycle_msgs/include/lifecycle_msgs/lifecycle_msgs/msg/rosidl_typesupport_introspection_c__visibility_control.h
[1.701s] -- Up-to-date: /home/rassito/microros_ws/install/lifecycle_msgs/include/lifecycle_msgs/lifecycle_msgs/msg/detail
[1.701s] -- Up-to-date: /home/rassito/microros_ws/install/lifecycle_msgs/include/lifecycle_msgs/lifecycle_msgs/msg/detail/transition__rosidl_typesupport_introspection_c.h
[1.701s] -- Installing: /home/rassito/microros_ws/install/lifecycle_msgs/include/lifecycle_msgs/lifecycle_msgs/msg/detail/transition_description__type_support.c
[1.701s] -- Up-to-date: /home/rassito/microros_ws/install/lifecycle_msgs/include/lifecycle_msgs/lifecycle_msgs/msg/detail/state__rosidl_typesupport_introspection_c.h
[1.701s] -- Up-to-date: /home/rassito/microros_ws/install/lifecycle_msgs/include/lifecycle_msgs/lifecycle_msgs/msg/detail/transition_event__rosidl_typesupport_introspection_c.h
[1.702s] -- Installing: /home/rassito/microros_ws/install/lifecycle_msgs/include/lifecycle_msgs/lifecycle_msgs/msg/detail/transition__type_support.c
[1.702s] -- Up-to-date: /home/rassito/microros_ws/install/lifecycle_msgs/include/lifecycle_msgs/lifecycle_msgs/msg/detail/transition_description__rosidl_typesupport_introspection_c.h
[1.702s] -- Installing: /home/rassito/microros_ws/install/lifecycle_msgs/include/lifecycle_msgs/lifecycle_msgs/msg/detail/transition_event__type_support.c
[1.702s] -- Installing: /home/rassito/microros_ws/install/lifecycle_msgs/include/lifecycle_msgs/lifecycle_msgs/msg/detail/state__type_support.c
[1.702s] -- Up-to-date: /home/rassito/microros_ws/install/lifecycle_msgs/lib/liblifecycle_msgs__rosidl_typesupport_introspection_c.so
[1.702s] -- Up-to-date: /home/rassito/microros_ws/install/lifecycle_msgs/lib/liblifecycle_msgs__rosidl_typesupport_c.so
[1.702s] -- Up-to-date: /home/rassito/microros_ws/install/lifecycle_msgs/include/lifecycle_msgs/lifecycle_msgs
[1.702s] -- Up-to-date: /home/rassito/microros_ws/install/lifecycle_msgs/include/lifecycle_msgs/lifecycle_msgs/srv
[1.702s] -- Up-to-date: /home/rassito/microros_ws/install/lifecycle_msgs/include/lifecycle_msgs/lifecycle_msgs/srv/get_state.hpp
[1.702s] -- Up-to-date: /home/rassito/microros_ws/install/lifecycle_msgs/include/lifecycle_msgs/lifecycle_msgs/srv/change_state.hpp
[1.702s] -- Up-to-date: /home/rassito/microros_ws/install/lifecycle_msgs/include/lifecycle_msgs/lifecycle_msgs/srv/detail
[1.702s] -- Up-to-date: /home/rassito/microros_ws/install/lifecycle_msgs/include/lifecycle_msgs/lifecycle_msgs/srv/detail/change_state__struct.hpp
[1.702s] -- Up-to-date: /home/rassito/microros_ws/install/lifecycle_msgs/include/lifecycle_msgs/lifecycle_msgs/srv/detail/get_available_transitions__type_support.hpp
[1.702s] -- Up-to-date: /home/rassito/microros_ws/install/lifecycle_msgs/include/lifecycle_msgs/lifecycle_msgs/srv/detail/change_state__traits.hpp
[1.703s] -- Up-to-date: /home/rassito/microros_ws/install/lifecycle_msgs/include/lifecycle_msgs/lifecycle_msgs/srv/detail/get_available_transitions__builder.hpp
[1.703s] -- Up-to-date: /home/rassito/microros_ws/install/lifecycle_msgs/include/lifecycle_msgs/lifecycle_msgs/srv/detail/get_available_transitions__struct.hpp
[1.703s] -- Up-to-date: /home/rassito/microros_ws/install/lifecycle_msgs/include/lifecycle_msgs/lifecycle_msgs/srv/detail/change_state__builder.hpp
[1.703s] -- Up-to-date: /home/rassito/microros_ws/install/lifecycle_msgs/include/lifecycle_msgs/lifecycle_msgs/srv/detail/get_available_transitions__traits.hpp
[1.703s] -- Up-to-date: /home/rassito/microros_ws/install/lifecycle_msgs/include/lifecycle_msgs/lifecycle_msgs/srv/detail/get_state__struct.hpp
[1.703s] -- Up-to-date: /home/rassito/microros_ws/install/lifecycle_msgs/include/lifecycle_msgs/lifecycle_msgs/srv/detail/get_state__builder.hpp
[1.703s] -- Up-to-date: /home/rassito/microros_ws/install/lifecycle_msgs/include/lifecycle_msgs/lifecycle_msgs/srv/detail/get_available_states__type_support.hpp
[1.703s] -- Up-to-date: /home/rassito/microros_ws/install/lifecycle_msgs/include/lifecycle_msgs/lifecycle_msgs/srv/detail/change_state__type_support.hpp
[1.703s] -- Up-to-date: /home/rassito/microros_ws/install/lifecycle_msgs/include/lifecycle_msgs/lifecycle_msgs/srv/detail/get_state__type_support.hpp
[1.703s] -- Up-to-date: /home/rassito/microros_ws/install/lifecycle_msgs/include/lifecycle_msgs/lifecycle_msgs/srv/detail/get_state__traits.hpp
[1.703s] -- Up-to-date: /home/rassito/microros_ws/install/lifecycle_msgs/include/lifecycle_msgs/lifecycle_msgs/srv/detail/get_available_states__struct.hpp
[1.703s] -- Up-to-date: /home/rassito/microros_ws/install/lifecycle_msgs/include/lifecycle_msgs/lifecycle_msgs/srv/detail/get_available_states__builder.hpp
[1.703s] -- Up-to-date: /home/rassito/microros_ws/install/lifecycle_msgs/include/lifecycle_msgs/lifecycle_msgs/srv/detail/get_available_states__traits.hpp
[1.703s] -- Up-to-date: /home/rassito/microros_ws/install/lifecycle_msgs/include/lifecycle_msgs/lifecycle_msgs/srv/get_available_states.hpp
[1.704s] -- Up-to-date: /home/rassito/microros_ws/install/lifecycle_msgs/include/lifecycle_msgs/lifecycle_msgs/srv/get_available_transitions.hpp
[1.704s] -- Up-to-date: /home/rassito/microros_ws/install/lifecycle_msgs/include/lifecycle_msgs/lifecycle_msgs/msg
[1.704s] -- Up-to-date: /home/rassito/microros_ws/install/lifecycle_msgs/include/lifecycle_msgs/lifecycle_msgs/msg/transition_event.hpp
[1.705s] -- Up-to-date: /home/rassito/microros_ws/install/lifecycle_msgs/include/lifecycle_msgs/lifecycle_msgs/msg/rosidl_generator_cpp__visibility_control.hpp
[1.705s] -- Up-to-date: /home/rassito/microros_ws/install/lifecycle_msgs/include/lifecycle_msgs/lifecycle_msgs/msg/transition_description.hpp
[1.705s] -- Up-to-date: /home/rassito/microros_ws/install/lifecycle_msgs/include/lifecycle_msgs/lifecycle_msgs/msg/state.hpp
[1.705s] -- Up-to-date: /home/rassito/microros_ws/install/lifecycle_msgs/include/lifecycle_msgs/lifecycle_msgs/msg/detail
[1.705s] -- Up-to-date: /home/rassito/microros_ws/install/lifecycle_msgs/include/lifecycle_msgs/lifecycle_msgs/msg/detail/transition_event__struct.hpp
[1.705s] -- Up-to-date: /home/rassito/microros_ws/install/lifecycle_msgs/include/lifecycle_msgs/lifecycle_msgs/msg/detail/transition_event__type_support.hpp
[1.705s] -- Up-to-date: /home/rassito/microros_ws/install/lifecycle_msgs/include/lifecycle_msgs/lifecycle_msgs/msg/detail/state__type_support.hpp
[1.705s] -- Up-to-date: /home/rassito/microros_ws/install/lifecycle_msgs/include/lifecycle_msgs/lifecycle_msgs/msg/detail/transition_description__builder.hpp
[1.706s] -- Up-to-date: /home/rassito/microros_ws/install/lifecycle_msgs/include/lifecycle_msgs/lifecycle_msgs/msg/detail/transition_description__traits.hpp
[1.706s] -- Up-to-date: /home/rassito/microros_ws/install/lifecycle_msgs/include/lifecycle_msgs/lifecycle_msgs/msg/detail/transition__struct.hpp
[1.706s] -- Up-to-date: /home/rassito/microros_ws/install/lifecycle_msgs/include/lifecycle_msgs/lifecycle_msgs/msg/detail/transition__traits.hpp
[1.706s] -- Up-to-date: /home/rassito/microros_ws/install/lifecycle_msgs/include/lifecycle_msgs/lifecycle_msgs/msg/detail/transition_description__struct.hpp
[1.706s] -- Up-to-date: /home/rassito/microros_ws/install/lifecycle_msgs/include/lifecycle_msgs/lifecycle_msgs/msg/detail/transition_description__type_support.hpp
[1.706s] -- Up-to-date: /home/rassito/microros_ws/install/lifecycle_msgs/include/lifecycle_msgs/lifecycle_msgs/msg/detail/transition_event__builder.hpp
[1.710s] -- Up-to-date: /home/rassito/microros_ws/install/lifecycle_msgs/include/lifecycle_msgs/lifecycle_msgs/msg/detail/transition__type_support.hpp
[1.715s] -- Up-to-date: /home/rassito/microros_ws/install/lifecycle_msgs/include/lifecycle_msgs/lifecycle_msgs/msg/detail/transition__builder.hpp
[1.715s] -- Up-to-date: /home/rassito/microros_ws/install/lifecycle_msgs/include/lifecycle_msgs/lifecycle_msgs/msg/detail/state__struct.hpp
[1.715s] -- Up-to-date: /home/rassito/microros_ws/install/lifecycle_msgs/include/lifecycle_msgs/lifecycle_msgs/msg/detail/state__builder.hpp
[1.715s] -- Up-to-date: /home/rassito/microros_ws/install/lifecycle_msgs/include/lifecycle_msgs/lifecycle_msgs/msg/detail/transition_event__traits.hpp
[1.715s] -- Up-to-date: /home/rassito/microros_ws/install/lifecycle_msgs/include/lifecycle_msgs/lifecycle_msgs/msg/detail/state__traits.hpp
[1.715s] -- Up-to-date: /home/rassito/microros_ws/install/lifecycle_msgs/include/lifecycle_msgs/lifecycle_msgs/msg/transition.hpp
[1.715s] -- Up-to-date: /home/rassito/microros_ws/install/lifecycle_msgs/include/lifecycle_msgs
[1.716s] -- Up-to-date: /home/rassito/microros_ws/install/lifecycle_msgs/include/lifecycle_msgs/srv
[1.716s] -- Up-to-date: /home/rassito/microros_ws/install/lifecycle_msgs/include/lifecycle_msgs/srv/detail
[1.716s] -- Up-to-date: /home/rassito/microros_ws/install/lifecycle_msgs/include/lifecycle_msgs/srv/detail/change_state__rosidl_typesupport_microxrcedds_cpp.hpp
[1.716s] -- Up-to-date: /home/rassito/microros_ws/install/lifecycle_msgs/include/lifecycle_msgs/srv/detail/microxrcedds
[1.716s] -- Up-to-date: /home/rassito/microros_ws/install/lifecycle_msgs/include/lifecycle_msgs/srv/detail/microxrcedds/get_state__type_support_cpp.cpp
[1.716s] -- Up-to-date: /home/rassito/microros_ws/install/lifecycle_msgs/include/lifecycle_msgs/srv/detail/microxrcedds/get_available_transitions__type_support_cpp.cpp
[1.716s] -- Up-to-date: /home/rassito/microros_ws/install/lifecycle_msgs/include/lifecycle_msgs/srv/detail/microxrcedds/get_available_states__type_support_cpp.cpp
[1.716s] -- Up-to-date: /home/rassito/microros_ws/install/lifecycle_msgs/include/lifecycle_msgs/srv/detail/microxrcedds/change_state__type_support_cpp.cpp
[1.716s] -- Up-to-date: /home/rassito/microros_ws/install/lifecycle_msgs/include/lifecycle_msgs/srv/detail/get_available_transitions__rosidl_typesupport_microxrcedds_cpp.hpp
[1.716s] -- Up-to-date: /home/rassito/microros_ws/install/lifecycle_msgs/include/lifecycle_msgs/srv/detail/get_state__rosidl_typesupport_microxrcedds_cpp.hpp
[1.716s] -- Up-to-date: /home/rassito/microros_ws/install/lifecycle_msgs/include/lifecycle_msgs/srv/detail/get_available_states__rosidl_typesupport_microxrcedds_cpp.hpp
[1.716s] -- Up-to-date: /home/rassito/microros_ws/install/lifecycle_msgs/include/lifecycle_msgs/msg
[1.717s] -- Up-to-date: /home/rassito/microros_ws/install/lifecycle_msgs/include/lifecycle_msgs/msg/rosidl_typesupport_microxrcedds_cpp__visibility_control.h
[1.717s] -- Up-to-date: /home/rassito/microros_ws/install/lifecycle_msgs/include/lifecycle_msgs/msg/detail
[1.717s] -- Up-to-date: /home/rassito/microros_ws/install/lifecycle_msgs/include/lifecycle_msgs/msg/detail/microxrcedds
[1.717s] -- Up-to-date: /home/rassito/microros_ws/install/lifecycle_msgs/include/lifecycle_msgs/msg/detail/microxrcedds/transition__type_support_cpp.cpp
[1.717s] -- Up-to-date: /home/rassito/microros_ws/install/lifecycle_msgs/include/lifecycle_msgs/msg/detail/microxrcedds/state__type_support_cpp.cpp
[1.717s] -- Up-to-date: /home/rassito/microros_ws/install/lifecycle_msgs/include/lifecycle_msgs/msg/detail/microxrcedds/transition_description__type_support_cpp.cpp
[1.717s] -- Up-to-date: /home/rassito/microros_ws/install/lifecycle_msgs/include/lifecycle_msgs/msg/detail/microxrcedds/transition_event__type_support_cpp.cpp
[1.718s] -- Up-to-date: /home/rassito/microros_ws/install/lifecycle_msgs/include/lifecycle_msgs/msg/detail/transition__rosidl_typesupport_microxrcedds_cpp.hpp
[1.718s] -- Up-to-date: /home/rassito/microros_ws/install/lifecycle_msgs/include/lifecycle_msgs/msg/detail/transition_event__rosidl_typesupport_microxrcedds_cpp.hpp
[1.718s] -- Up-to-date: /home/rassito/microros_ws/install/lifecycle_msgs/include/lifecycle_msgs/msg/detail/transition_description__rosidl_typesupport_microxrcedds_cpp.hpp
[1.718s] -- Up-to-date: /home/rassito/microros_ws/install/lifecycle_msgs/include/lifecycle_msgs/msg/detail/state__rosidl_typesupport_microxrcedds_cpp.hpp
[1.718s] -- Up-to-date: /home/rassito/microros_ws/install/lifecycle_msgs/lib/liblifecycle_msgs__rosidl_typesupport_microxrcedds_cpp.so
[1.718s] -- Up-to-date: /home/rassito/microros_ws/install/lifecycle_msgs/include/lifecycle_msgs/lifecycle_msgs
[1.718s] -- Up-to-date: /home/rassito/microros_ws/install/lifecycle_msgs/include/lifecycle_msgs/lifecycle_msgs/srv
[1.718s] -- Up-to-date: /home/rassito/microros_ws/install/lifecycle_msgs/include/lifecycle_msgs/lifecycle_msgs/srv/detail
[1.719s] -- Up-to-date: /home/rassito/microros_ws/install/lifecycle_msgs/include/lifecycle_msgs/lifecycle_msgs/srv/detail/get_available_states__rosidl_typesupport_fastrtps_cpp.hpp
[1.719s] -- Up-to-date: /home/rassito/microros_ws/install/lifecycle_msgs/include/lifecycle_msgs/lifecycle_msgs/srv/detail/get_state__rosidl_typesupport_fastrtps_cpp.hpp
[1.719s] -- Up-to-date: /home/rassito/microros_ws/install/lifecycle_msgs/include/lifecycle_msgs/lifecycle_msgs/srv/detail/change_state__rosidl_typesupport_fastrtps_cpp.hpp
[1.719s] -- Up-to-date: /home/rassito/microros_ws/install/lifecycle_msgs/include/lifecycle_msgs/lifecycle_msgs/srv/detail/get_available_transitions__rosidl_typesupport_fastrtps_cpp.hpp
[1.719s] -- Up-to-date: /home/rassito/microros_ws/install/lifecycle_msgs/include/lifecycle_msgs/lifecycle_msgs/srv/detail/dds_fastrtps
[1.719s] -- Up-to-date: /home/rassito/microros_ws/install/lifecycle_msgs/include/lifecycle_msgs/lifecycle_msgs/msg
[1.719s] -- Up-to-date: /home/rassito/microros_ws/install/lifecycle_msgs/include/lifecycle_msgs/lifecycle_msgs/msg/rosidl_typesupport_fastrtps_cpp__visibility_control.h
[1.719s] -- Up-to-date: /home/rassito/microros_ws/install/lifecycle_msgs/include/lifecycle_msgs/lifecycle_msgs/msg/detail
[1.719s] -- Up-to-date: /home/rassito/microros_ws/install/lifecycle_msgs/include/lifecycle_msgs/lifecycle_msgs/msg/detail/transition__rosidl_typesupport_fastrtps_cpp.hpp
[1.719s] -- Up-to-date: /home/rassito/microros_ws/install/lifecycle_msgs/include/lifecycle_msgs/lifecycle_msgs/msg/detail/transition_description__rosidl_typesupport_fastrtps_cpp.hpp
[1.719s] -- Up-to-date: /home/rassito/microros_ws/install/lifecycle_msgs/include/lifecycle_msgs/lifecycle_msgs/msg/detail/transition_event__rosidl_typesupport_fastrtps_cpp.hpp
[1.719s] -- Up-to-date: /home/rassito/microros_ws/install/lifecycle_msgs/include/lifecycle_msgs/lifecycle_msgs/msg/detail/state__rosidl_typesupport_fastrtps_cpp.hpp
[1.719s] -- Up-to-date: /home/rassito/microros_ws/install/lifecycle_msgs/include/lifecycle_msgs/lifecycle_msgs/msg/detail/dds_fastrtps
[1.720s] -- Up-to-date: /home/rassito/microros_ws/install/lifecycle_msgs/lib/liblifecycle_msgs__rosidl_typesupport_fastrtps_cpp.so
[1.720s] -- Up-to-date: /home/rassito/microros_ws/install/lifecycle_msgs/include/lifecycle_msgs/lifecycle_msgs
[1.720s] -- Up-to-date: /home/rassito/microros_ws/install/lifecycle_msgs/include/lifecycle_msgs/lifecycle_msgs/srv
[1.720s] -- Up-to-date: /home/rassito/microros_ws/install/lifecycle_msgs/include/lifecycle_msgs/lifecycle_msgs/srv/detail
[1.720s] -- Up-to-date: /home/rassito/microros_ws/install/lifecycle_msgs/include/lifecycle_msgs/lifecycle_msgs/srv/detail/get_available_states__rosidl_typesupport_introspection_cpp.hpp
[1.721s] -- Up-to-date: /home/rassito/microros_ws/install/lifecycle_msgs/include/lifecycle_msgs/lifecycle_msgs/srv/detail/get_available_transitions__type_support.cpp
[1.721s] -- Up-to-date: /home/rassito/microros_ws/install/lifecycle_msgs/include/lifecycle_msgs/lifecycle_msgs/srv/detail/get_available_states__type_support.cpp
[1.721s] -- Up-to-date: /home/rassito/microros_ws/install/lifecycle_msgs/include/lifecycle_msgs/lifecycle_msgs/srv/detail/change_state__rosidl_typesupport_introspection_cpp.hpp
[1.721s] -- Up-to-date: /home/rassito/microros_ws/install/lifecycle_msgs/include/lifecycle_msgs/lifecycle_msgs/srv/detail/get_state__type_support.cpp
[1.721s] -- Up-to-date: /home/rassito/microros_ws/install/lifecycle_msgs/include/lifecycle_msgs/lifecycle_msgs/srv/detail/get_available_transitions__rosidl_typesupport_introspection_cpp.hpp
[1.721s] -- Up-to-date: /home/rassito/microros_ws/install/lifecycle_msgs/include/lifecycle_msgs/lifecycle_msgs/srv/detail/change_state__type_support.cpp
[1.721s] -- Up-to-date: /home/rassito/microros_ws/install/lifecycle_msgs/include/lifecycle_msgs/lifecycle_msgs/srv/detail/get_state__rosidl_typesupport_introspection_cpp.hpp
[1.721s] -- Up-to-date: /home/rassito/microros_ws/install/lifecycle_msgs/include/lifecycle_msgs/lifecycle_msgs/msg
[1.721s] -- Up-to-date: /home/rassito/microros_ws/install/lifecycle_msgs/include/lifecycle_msgs/lifecycle_msgs/msg/detail
[1.721s] -- Up-to-date: /home/rassito/microros_ws/install/lifecycle_msgs/include/lifecycle_msgs/lifecycle_msgs/msg/detail/transition__rosidl_typesupport_introspection_cpp.hpp
[1.721s] -- Up-to-date: /home/rassito/microros_ws/install/lifecycle_msgs/include/lifecycle_msgs/lifecycle_msgs/msg/detail/transition_description__rosidl_typesupport_introspection_cpp.hpp
[1.722s] -- Up-to-date: /home/rassito/microros_ws/install/lifecycle_msgs/include/lifecycle_msgs/lifecycle_msgs/msg/detail/transition_event__type_support.cpp
[1.722s] -- Up-to-date: /home/rassito/microros_ws/install/lifecycle_msgs/include/lifecycle_msgs/lifecycle_msgs/msg/detail/transition__type_support.cpp
[1.722s] -- Up-to-date: /home/rassito/microros_ws/install/lifecycle_msgs/include/lifecycle_msgs/lifecycle_msgs/msg/detail/state__type_support.cpp
[1.722s] -- Up-to-date: /home/rassito/microros_ws/install/lifecycle_msgs/include/lifecycle_msgs/lifecycle_msgs/msg/detail/transition_description__type_support.cpp
[1.722s] -- Up-to-date: /home/rassito/microros_ws/install/lifecycle_msgs/include/lifecycle_msgs/lifecycle_msgs/msg/detail/transition_event__rosidl_typesupport_introspection_cpp.hpp
[1.722s] -- Up-to-date: /home/rassito/microros_ws/install/lifecycle_msgs/include/lifecycle_msgs/lifecycle_msgs/msg/detail/state__rosidl_typesupport_introspection_cpp.hpp
[1.722s] -- Up-to-date: /home/rassito/microros_ws/install/lifecycle_msgs/lib/liblifecycle_msgs__rosidl_typesupport_introspection_cpp.so
[1.722s] -- Up-to-date: /home/rassito/microros_ws/install/lifecycle_msgs/lib/liblifecycle_msgs__rosidl_typesupport_cpp.so
[1.722s] -- Up-to-date: /home/rassito/microros_ws/install/lifecycle_msgs/share/lifecycle_msgs/environment/pythonpath.sh
[1.722s] -- Up-to-date: /home/rassito/microros_ws/install/lifecycle_msgs/share/lifecycle_msgs/environment/pythonpath.dsv
[1.722s] -- Up-to-date: /home/rassito/microros_ws/install/lifecycle_msgs/lib/python3.12/site-packages/lifecycle_msgs-2.0.2-py3.12.egg-info
[1.722s] -- Installing: /home/rassito/microros_ws/install/lifecycle_msgs/lib/python3.12/site-packages/lifecycle_msgs-2.0.2-py3.12.egg-info/top_level.txt
[1.722s] -- Installing: /home/rassito/microros_ws/install/lifecycle_msgs/lib/python3.12/site-packages/lifecycle_msgs-2.0.2-py3.12.egg-info/PKG-INFO
[1.722s] -- Installing: /home/rassito/microros_ws/install/lifecycle_msgs/lib/python3.12/site-packages/lifecycle_msgs-2.0.2-py3.12.egg-info/dependency_links.txt
[1.722s] -- Installing: /home/rassito/microros_ws/install/lifecycle_msgs/lib/python3.12/site-packages/lifecycle_msgs-2.0.2-py3.12.egg-info/SOURCES.txt
[1.723s] -- Up-to-date: /home/rassito/microros_ws/install/lifecycle_msgs/lib/python3.12/site-packages/lifecycle_msgs
[1.723s] -- Up-to-date: /home/rassito/microros_ws/install/lifecycle_msgs/lib/python3.12/site-packages/lifecycle_msgs/lifecycle_msgs_s__rosidl_typesupport_introspection_c.so
[1.723s] -- Up-to-date: /home/rassito/microros_ws/install/lifecycle_msgs/lib/python3.12/site-packages/lifecycle_msgs/lifecycle_msgs_s__rosidl_typesupport_fastrtps_c.so
[1.723s] -- Up-to-date: /home/rassito/microros_ws/install/lifecycle_msgs/lib/python3.12/site-packages/lifecycle_msgs/lifecycle_msgs_s__rosidl_typesupport_c.so
[1.723s] -- Up-to-date: /home/rassito/microros_ws/install/lifecycle_msgs/lib/python3.12/site-packages/lifecycle_msgs/_lifecycle_msgs_s.ep.rosidl_typesupport_c.c
[1.723s] -- Up-to-date: /home/rassito/microros_ws/install/lifecycle_msgs/lib/python3.12/site-packages/lifecycle_msgs/_lifecycle_msgs_s.ep.rosidl_typesupport_microxrcedds_c.c
[1.723s] -- Up-to-date: /home/rassito/microros_ws/install/lifecycle_msgs/lib/python3.12/site-packages/lifecycle_msgs/srv
[1.723s] -- Up-to-date: /home/rassito/microros_ws/install/lifecycle_msgs/lib/python3.12/site-packages/lifecycle_msgs/srv/_change_state_s.c
[1.723s] -- Up-to-date: /home/rassito/microros_ws/install/lifecycle_msgs/lib/python3.12/site-packages/lifecycle_msgs/srv/_get_state.py
[1.723s] -- Up-to-date: /home/rassito/microros_ws/install/lifecycle_msgs/lib/python3.12/site-packages/lifecycle_msgs/srv/_get_available_states_s.c
[1.723s] -- Up-to-date: /home/rassito/microros_ws/install/lifecycle_msgs/lib/python3.12/site-packages/lifecycle_msgs/srv/_get_available_states.py
[1.723s] -- Up-to-date: /home/rassito/microros_ws/install/lifecycle_msgs/lib/python3.12/site-packages/lifecycle_msgs/srv/_get_state_s.c
[1.723s] -- Up-to-date: /home/rassito/microros_ws/install/lifecycle_msgs/lib/python3.12/site-packages/lifecycle_msgs/srv/_change_state.py
[1.723s] -- Up-to-date: /home/rassito/microros_ws/install/lifecycle_msgs/lib/python3.12/site-packages/lifecycle_msgs/srv/_get_available_transitions.py
[1.723s] -- Up-to-date: /home/rassito/microros_ws/install/lifecycle_msgs/lib/python3.12/site-packages/lifecycle_msgs/srv/__init__.py
[1.723s] -- Up-to-date: /home/rassito/microros_ws/install/lifecycle_msgs/lib/python3.12/site-packages/lifecycle_msgs/srv/_get_available_transitions_s.c
[1.723s] -- Up-to-date: /home/rassito/microros_ws/install/lifecycle_msgs/lib/python3.12/site-packages/lifecycle_msgs/_lifecycle_msgs_s.ep.rosidl_typesupport_introspection_c.c
[1.724s] -- Up-to-date: /home/rassito/microros_ws/install/lifecycle_msgs/lib/python3.12/site-packages/lifecycle_msgs/_lifecycle_msgs_s.ep.rosidl_typesupport_fastrtps_c.c
[1.724s] -- Up-to-date: /home/rassito/microros_ws/install/lifecycle_msgs/lib/python3.12/site-packages/lifecycle_msgs/lifecycle_msgs_s__rosidl_typesupport_microxrcedds_c.so
[1.724s] -- Up-to-date: /home/rassito/microros_ws/install/lifecycle_msgs/lib/python3.12/site-packages/lifecycle_msgs/msg
[1.724s] -- Up-to-date: /home/rassito/microros_ws/install/lifecycle_msgs/lib/python3.12/site-packages/lifecycle_msgs/msg/_transition_s.c
[1.724s] -- Up-to-date: /home/rassito/microros_ws/install/lifecycle_msgs/lib/python3.12/site-packages/lifecycle_msgs/msg/_transition_event_s.c
[1.724s] -- Up-to-date: /home/rassito/microros_ws/install/lifecycle_msgs/lib/python3.12/site-packages/lifecycle_msgs/msg/_state_s.c
[1.724s] -- Up-to-date: /home/rassito/microros_ws/install/lifecycle_msgs/lib/python3.12/site-packages/lifecycle_msgs/msg/_transition_description_s.c
[1.724s] -- Up-to-date: /home/rassito/microros_ws/install/lifecycle_msgs/lib/python3.12/site-packages/lifecycle_msgs/msg/_transition.py
[1.724s] -- Up-to-date: /home/rassito/microros_ws/install/lifecycle_msgs/lib/python3.12/site-packages/lifecycle_msgs/msg/_transition_description.py
[1.724s] -- Up-to-date: /home/rassito/microros_ws/install/lifecycle_msgs/lib/python3.12/site-packages/lifecycle_msgs/msg/_state.py
[1.724s] -- Up-to-date: /home/rassito/microros_ws/install/lifecycle_msgs/lib/python3.12/site-packages/lifecycle_msgs/msg/_transition_event.py
[1.724s] -- Up-to-date: /home/rassito/microros_ws/install/lifecycle_msgs/lib/python3.12/site-packages/lifecycle_msgs/msg/__init__.py
[1.724s] -- Installing: /home/rassito/microros_ws/install/lifecycle_msgs/lib/python3.12/site-packages/lifecycle_msgs/__init__.py
[1.746s] Listing '/home/rassito/microros_ws/install/lifecycle_msgs/lib/python3.12/site-packages/lifecycle_msgs'...
[1.746s] Compiling '/home/rassito/microros_ws/install/lifecycle_msgs/lib/python3.12/site-packages/lifecycle_msgs/__init__.py'...
[1.746s] Listing '/home/rassito/microros_ws/install/lifecycle_msgs/lib/python3.12/site-packages/lifecycle_msgs/msg'...
[1.746s] Listing '/home/rassito/microros_ws/install/lifecycle_msgs/lib/python3.12/site-packages/lifecycle_msgs/srv'...
[1.752s] -- Up-to-date: /home/rassito/microros_ws/install/lifecycle_msgs/lib/python3.12/site-packages/lifecycle_msgs/lifecycle_msgs_s__rosidl_typesupport_microxrcedds_c.so
[1.753s] -- Up-to-date: /home/rassito/microros_ws/install/lifecycle_msgs/lib/python3.12/site-packages/lifecycle_msgs/lifecycle_msgs_s__rosidl_typesupport_fastrtps_c.so
[1.753s] -- Up-to-date: /home/rassito/microros_ws/install/lifecycle_msgs/lib/python3.12/site-packages/lifecycle_msgs/lifecycle_msgs_s__rosidl_typesupport_introspection_c.so
[1.754s] -- Up-to-date: /home/rassito/microros_ws/install/lifecycle_msgs/lib/python3.12/site-packages/lifecycle_msgs/lifecycle_msgs_s__rosidl_typesupport_c.so
[1.755s] -- Up-to-date: /home/rassito/microros_ws/install/lifecycle_msgs/lib/liblifecycle_msgs__rosidl_generator_py.so
[1.755s] -- Up-to-date: /home/rassito/microros_ws/install/lifecycle_msgs/share/lifecycle_msgs/msg/State.idl
[1.755s] -- Up-to-date: /home/rassito/microros_ws/install/lifecycle_msgs/share/lifecycle_msgs/msg/Transition.idl
[1.755s] -- Up-to-date: /home/rassito/microros_ws/install/lifecycle_msgs/share/lifecycle_msgs/msg/TransitionDescription.idl
[1.755s] -- Up-to-date: /home/rassito/microros_ws/install/lifecycle_msgs/share/lifecycle_msgs/msg/TransitionEvent.idl
[1.755s] -- Up-to-date: /home/rassito/microros_ws/install/lifecycle_msgs/share/lifecycle_msgs/srv/ChangeState.idl
[1.755s] -- Up-to-date: /home/rassito/microros_ws/install/lifecycle_msgs/share/lifecycle_msgs/srv/GetAvailableStates.idl
[1.756s] -- Up-to-date: /home/rassito/microros_ws/install/lifecycle_msgs/share/lifecycle_msgs/srv/GetAvailableTransitions.idl
[1.756s] -- Up-to-date: /home/rassito/microros_ws/install/lifecycle_msgs/share/lifecycle_msgs/srv/GetState.idl
[1.756s] -- Up-to-date: /home/rassito/microros_ws/install/lifecycle_msgs/share/lifecycle_msgs/msg/State.msg
[1.756s] -- Up-to-date: /home/rassito/microros_ws/install/lifecycle_msgs/share/lifecycle_msgs/msg/Transition.msg
[1.756s] -- Up-to-date: /home/rassito/microros_ws/install/lifecycle_msgs/share/lifecycle_msgs/msg/TransitionDescription.msg
[1.756s] -- Up-to-date: /home/rassito/microros_ws/install/lifecycle_msgs/share/lifecycle_msgs/msg/TransitionEvent.msg
[1.756s] -- Up-to-date: /home/rassito/microros_ws/install/lifecycle_msgs/share/lifecycle_msgs/srv/ChangeState.srv
[1.756s] -- Up-to-date: /home/rassito/microros_ws/install/lifecycle_msgs/share/lifecycle_msgs/srv/GetAvailableStates.srv
[1.756s] -- Up-to-date: /home/rassito/microros_ws/install/lifecycle_msgs/share/lifecycle_msgs/srv/GetAvailableTransitions.srv
[1.757s] -- Up-to-date: /home/rassito/microros_ws/install/lifecycle_msgs/share/lifecycle_msgs/srv/GetState.srv
[1.757s] -- Up-to-date: /home/rassito/microros_ws/install/lifecycle_msgs/share/ament_index/resource_index/package_run_dependencies/lifecycle_msgs
[1.757s] -- Installing: /home/rassito/microros_ws/install/lifecycle_msgs/share/ament_index/resource_index/parent_prefix_path/lifecycle_msgs
[1.757s] -- Up-to-date: /home/rassito/microros_ws/install/lifecycle_msgs/share/lifecycle_msgs/environment/ament_prefix_path.sh
[1.757s] -- Up-to-date: /home/rassito/microros_ws/install/lifecycle_msgs/share/lifecycle_msgs/environment/ament_prefix_path.dsv
[1.757s] -- Up-to-date: /home/rassito/microros_ws/install/lifecycle_msgs/share/lifecycle_msgs/environment/path.sh
[1.757s] -- Up-to-date: /home/rassito/microros_ws/install/lifecycle_msgs/share/lifecycle_msgs/environment/path.dsv
[1.757s] -- Up-to-date: /home/rassito/microros_ws/install/lifecycle_msgs/share/lifecycle_msgs/local_setup.bash
[1.757s] -- Up-to-date: /home/rassito/microros_ws/install/lifecycle_msgs/share/lifecycle_msgs/local_setup.sh
[1.757s] -- Up-to-date: /home/rassito/microros_ws/install/lifecycle_msgs/share/lifecycle_msgs/local_setup.zsh
[1.757s] -- Up-to-date: /home/rassito/microros_ws/install/lifecycle_msgs/share/lifecycle_msgs/local_setup.dsv
[1.758s] -- Installing: /home/rassito/microros_ws/install/lifecycle_msgs/share/lifecycle_msgs/package.dsv
[1.758s] -- Up-to-date: /home/rassito/microros_ws/install/lifecycle_msgs/share/ament_index/resource_index/packages/lifecycle_msgs
[1.758s] -- Up-to-date: /home/rassito/microros_ws/install/lifecycle_msgs/share/lifecycle_msgs/cmake/export_lifecycle_msgs__rosidl_generator_cExport.cmake
[1.758s] -- Up-to-date: /home/rassito/microros_ws/install/lifecycle_msgs/share/lifecycle_msgs/cmake/export_lifecycle_msgs__rosidl_generator_cExport-noconfig.cmake
[1.758s] -- Up-to-date: /home/rassito/microros_ws/install/lifecycle_msgs/share/lifecycle_msgs/cmake/export_lifecycle_msgs__rosidl_typesupport_fastrtps_cExport.cmake
[1.758s] -- Up-to-date: /home/rassito/microros_ws/install/lifecycle_msgs/share/lifecycle_msgs/cmake/export_lifecycle_msgs__rosidl_typesupport_fastrtps_cExport-noconfig.cmake
[1.758s] -- Up-to-date: /home/rassito/microros_ws/install/lifecycle_msgs/share/lifecycle_msgs/cmake/lifecycle_msgs__rosidl_typesupport_introspection_cExport.cmake
[1.758s] -- Up-to-date: /home/rassito/microros_ws/install/lifecycle_msgs/share/lifecycle_msgs/cmake/lifecycle_msgs__rosidl_typesupport_introspection_cExport-noconfig.cmake
[1.758s] -- Up-to-date: /home/rassito/microros_ws/install/lifecycle_msgs/share/lifecycle_msgs/cmake/lifecycle_msgs__rosidl_typesupport_cExport.cmake
[1.758s] -- Up-to-date: /home/rassito/microros_ws/install/lifecycle_msgs/share/lifecycle_msgs/cmake/lifecycle_msgs__rosidl_typesupport_cExport-noconfig.cmake
[1.758s] -- Up-to-date: /home/rassito/microros_ws/install/lifecycle_msgs/share/lifecycle_msgs/cmake/export_lifecycle_msgs__rosidl_generator_cppExport.cmake
[1.759s] -- Up-to-date: /home/rassito/microros_ws/install/lifecycle_msgs/share/lifecycle_msgs/cmake/export_lifecycle_msgs__rosidl_typesupport_fastrtps_cppExport.cmake
[1.759s] -- Up-to-date: /home/rassito/microros_ws/install/lifecycle_msgs/share/lifecycle_msgs/cmake/export_lifecycle_msgs__rosidl_typesupport_fastrtps_cppExport-noconfig.cmake
[1.759s] -- Up-to-date: /home/rassito/microros_ws/install/lifecycle_msgs/share/lifecycle_msgs/cmake/lifecycle_msgs__rosidl_typesupport_introspection_cppExport.cmake
[1.759s] -- Up-to-date: /home/rassito/microros_ws/install/lifecycle_msgs/share/lifecycle_msgs/cmake/lifecycle_msgs__rosidl_typesupport_introspection_cppExport-noconfig.cmake
[1.759s] -- Up-to-date: /home/rassito/microros_ws/install/lifecycle_msgs/share/lifecycle_msgs/cmake/lifecycle_msgs__rosidl_typesupport_cppExport.cmake
[1.759s] -- Up-to-date: /home/rassito/microros_ws/install/lifecycle_msgs/share/lifecycle_msgs/cmake/lifecycle_msgs__rosidl_typesupport_cppExport-noconfig.cmake
[1.759s] -- Up-to-date: /home/rassito/microros_ws/install/lifecycle_msgs/share/lifecycle_msgs/cmake/export_lifecycle_msgs__rosidl_generator_pyExport.cmake
[1.760s] -- Up-to-date: /home/rassito/microros_ws/install/lifecycle_msgs/share/lifecycle_msgs/cmake/export_lifecycle_msgs__rosidl_generator_pyExport-noconfig.cmake
[1.760s] -- Up-to-date: /home/rassito/microros_ws/install/lifecycle_msgs/share/lifecycle_msgs/cmake/rosidl_cmake-extras.cmake
[1.760s] -- Up-to-date: /home/rassito/microros_ws/install/lifecycle_msgs/share/lifecycle_msgs/cmake/ament_cmake_export_dependencies-extras.cmake
[1.760s] -- Up-to-date: /home/rassito/microros_ws/install/lifecycle_msgs/share/lifecycle_msgs/cmake/ament_cmake_export_include_directories-extras.cmake
[1.760s] -- Up-to-date: /home/rassito/microros_ws/install/lifecycle_msgs/share/lifecycle_msgs/cmake/ament_cmake_export_libraries-extras.cmake
[1.760s] -- Up-to-date: /home/rassito/microros_ws/install/lifecycle_msgs/share/lifecycle_msgs/cmake/ament_cmake_export_targets-extras.cmake
[1.760s] -- Up-to-date: /home/rassito/microros_ws/install/lifecycle_msgs/share/lifecycle_msgs/cmake/rosidl_cmake_export_typesupport_targets-extras.cmake
[1.760s] -- Up-to-date: /home/rassito/microros_ws/install/lifecycle_msgs/share/lifecycle_msgs/cmake/rosidl_cmake_export_typesupport_libraries-extras.cmake
[1.760s] -- Up-to-date: /home/rassito/microros_ws/install/lifecycle_msgs/share/lifecycle_msgs/cmake/lifecycle_msgsConfig.cmake
[1.760s] -- Up-to-date: /home/rassito/microros_ws/install/lifecycle_msgs/share/lifecycle_msgs/cmake/lifecycle_msgsConfig-version.cmake
[1.760s] -- Up-to-date: /home/rassito/microros_ws/install/lifecycle_msgs/share/lifecycle_msgs/package.xml
[1.763s] Invoked command in '/home/rassito/microros_ws/build/lifecycle_msgs' returned '0': CMAKE_PREFIX_PATH=${CMAKE_PREFIX_PATH}:/home/rassito/microros_ws/install/sensor_msgs_py:/home/rassito/ros_ws/install/super_pkg:/opt/ros/jazzy DEBUGINFOD_URLS=https://debuginfod.ubuntu.com /usr/bin/cmake --install /home/rassito/microros_ws/build/lifecycle_msgs
