-- Found ament_cmake: 2.5.3 (/opt/ros/jazzy/share/ament_cmake/cmake)
-- Found Python3: /usr/bin/python3 (found version "3.12.3") found components: Interpreter 
-- Found rosidl_default_generators: 1.6.0 (/opt/ros/jazzy/share/rosidl_default_generators/cmake)
-- Using all available rosidl_typesupport_c: rosidl_typesupport_microxrcedds_c;rosidl_typesupport_fastrtps_c;rosidl_typesupport_introspection_c
-- Found rosidl_adapter: 4.6.5 (/opt/ros/jazzy/share/rosidl_adapter/cmake)
-- Using all available rosidl_typesupport_cpp: rosidl_typesupport_microxrcedds_cpp;rosidl_typesupport_fastrtps_cpp;rosidl_typesupport_introspection_cpp
-- Found sensor_msgs: 5.3.5 (/home/rassito/microros_ws/install/sensor_msgs/share/sensor_msgs/cmake)
-- Found ament_cmake_ros: 0.12.0 (/opt/ros/jazzy/share/ament_cmake_ros/cmake)
-- Using all available rosidl_typesupport_c: rosidl_typesupport_microxrcedds_c;rosidl_typesupport_fastrtps_c;rosidl_typesupport_introspection_c
-- Using all available rosidl_typesupport_cpp: rosidl_typesupport_microxrcedds_cpp;rosidl_typesupport_fastrtps_cpp;rosidl_typesupport_introspection_cpp
-- Found python_cmake_module: 0.11.1 (/opt/ros/jazzy/share/python_cmake_module/cmake)
-- Found Python3: /usr/bin/python3 (found version "3.12.3") found components: Interpreter Development NumPy Development.Module Development.Embed 
-- Configuring done (1.1s)
-- Generating done (0.0s)
-- Build files have been written to: /home/rassito/microros_ws/build/stereo_msgs
[  2%] Built target stereo_msgs__rosidl_generator_type_description
[  2%] Built target ament_cmake_python_copy_stereo_msgs
[  4%] Built target stereo_msgs__cpp
[ 16%] Built target stereo_msgs__rosidl_generator_c
[ 45%] Built target stereo_msgs__rosidl_typesupport_microxrcedds_c
[ 45%] Built target stereo_msgs__rosidl_typesupport_cpp
[ 45%] Built target stereo_msgs__rosidl_typesupport_introspection_c
[ 45%] Built target stereo_msgs__rosidl_typesupport_fastrtps_cpp
[ 52%] Built target stereo_msgs__rosidl_typesupport_fastrtps_c
[ 59%] Built target stereo_msgs__rosidl_typesupport_c
[ 66%] Built target stereo_msgs__rosidl_typesupport_microxrcedds_cpp
[ 73%] Built target stereo_msgs__rosidl_typesupport_introspection_cpp
[ 73%] Built target stereo_msgs
[ 76%] Built target stereo_msgs__py
[ 80%] Built target stereo_msgs__rosidl_generator_py
[ 90%] Built target stereo_msgs_s__rosidl_typesupport_microxrcedds_c
[ 90%] Built target stereo_msgs_s__rosidl_typesupport_c
[100%] Built target stereo_msgs_s__rosidl_typesupport_introspection_c
[100%] Built target stereo_msgs_s__rosidl_typesupport_fastrtps_c
running egg_info
writing stereo_msgs.egg-info/PKG-INFO
writing dependency_links to stereo_msgs.egg-info/dependency_links.txt
writing top-level names to stereo_msgs.egg-info/top_level.txt
reading manifest file 'stereo_msgs.egg-info/SOURCES.txt'
writing manifest file 'stereo_msgs.egg-info/SOURCES.txt'
[100%] Built target ament_cmake_python_build_stereo_msgs_egg
-- Install configuration: ""
-- Up-to-date: /home/rassito/microros_ws/install/stereo_msgs/share/ament_index/resource_index/rosidl_interfaces/stereo_msgs
-- Up-to-date: /home/rassito/microros_ws/install/stereo_msgs/share/stereo_msgs/msg/DisparityImage.json
-- Up-to-date: /home/rassito/microros_ws/install/stereo_msgs/include/stereo_msgs/stereo_msgs
-- Up-to-date: /home/rassito/microros_ws/install/stereo_msgs/include/stereo_msgs/stereo_msgs/msg
-- Up-to-date: /home/rassito/microros_ws/install/stereo_msgs/include/stereo_msgs/stereo_msgs/msg/disparity_image.h
-- Up-to-date: /home/rassito/microros_ws/install/stereo_msgs/include/stereo_msgs/stereo_msgs/msg/detail
-- Up-to-date: /home/rassito/microros_ws/install/stereo_msgs/include/stereo_msgs/stereo_msgs/msg/detail/disparity_image__functions.h
-- Up-to-date: /home/rassito/microros_ws/install/stereo_msgs/include/stereo_msgs/stereo_msgs/msg/detail/disparity_image__description.c
-- Up-to-date: /home/rassito/microros_ws/install/stereo_msgs/include/stereo_msgs/stereo_msgs/msg/detail/disparity_image__functions.c
-- Up-to-date: /home/rassito/microros_ws/install/stereo_msgs/include/stereo_msgs/stereo_msgs/msg/detail/disparity_image__struct.h
-- Up-to-date: /home/rassito/microros_ws/install/stereo_msgs/include/stereo_msgs/stereo_msgs/msg/detail/disparity_image__type_support.h
-- Up-to-date: /home/rassito/microros_ws/install/stereo_msgs/include/stereo_msgs/stereo_msgs/msg/detail/disparity_image__type_support.c
-- Up-to-date: /home/rassito/microros_ws/install/stereo_msgs/include/stereo_msgs/stereo_msgs/msg/rosidl_generator_c__visibility_control.h
-- Up-to-date: /home/rassito/microros_ws/install/stereo_msgs/share/stereo_msgs/environment/library_path.sh
-- Up-to-date: /home/rassito/microros_ws/install/stereo_msgs/share/stereo_msgs/environment/library_path.dsv
-- Up-to-date: /home/rassito/microros_ws/install/stereo_msgs/lib/libstereo_msgs__rosidl_generator_c.so
-- Up-to-date: /home/rassito/microros_ws/install/stereo_msgs/include/stereo_msgs
-- Up-to-date: /home/rassito/microros_ws/install/stereo_msgs/include/stereo_msgs/msg
-- Up-to-date: /home/rassito/microros_ws/install/stereo_msgs/include/stereo_msgs/msg/detail
-- Up-to-date: /home/rassito/microros_ws/install/stereo_msgs/include/stereo_msgs/msg/detail/microxrcedds
-- Up-to-date: /home/rassito/microros_ws/install/stereo_msgs/include/stereo_msgs/msg/detail/disparity_image__rosidl_typesupport_microxrcedds_c.h
-- Up-to-date: /home/rassito/microros_ws/install/stereo_msgs/include/stereo_msgs/msg/rosidl_typesupport_microxrcedds_c__visibility_control.h
-- Up-to-date: /home/rassito/microros_ws/install/stereo_msgs/lib/libstereo_msgs__rosidl_typesupport_microxrcedds_c.so
-- Up-to-date: /home/rassito/microros_ws/install/stereo_msgs/include/stereo_msgs/stereo_msgs
-- Up-to-date: /home/rassito/microros_ws/install/stereo_msgs/include/stereo_msgs/stereo_msgs/msg
-- Up-to-date: /home/rassito/microros_ws/install/stereo_msgs/include/stereo_msgs/stereo_msgs/msg/rosidl_typesupport_fastrtps_c__visibility_control.h
-- Up-to-date: /home/rassito/microros_ws/install/stereo_msgs/include/stereo_msgs/stereo_msgs/msg/detail
-- Up-to-date: /home/rassito/microros_ws/install/stereo_msgs/include/stereo_msgs/stereo_msgs/msg/detail/disparity_image__rosidl_typesupport_fastrtps_c.h
-- Up-to-date: /home/rassito/microros_ws/install/stereo_msgs/lib/libstereo_msgs__rosidl_typesupport_fastrtps_c.so
-- Up-to-date: /home/rassito/microros_ws/install/stereo_msgs/include/stereo_msgs/stereo_msgs
-- Up-to-date: /home/rassito/microros_ws/install/stereo_msgs/include/stereo_msgs/stereo_msgs/msg
-- Up-to-date: /home/rassito/microros_ws/install/stereo_msgs/include/stereo_msgs/stereo_msgs/msg/rosidl_typesupport_introspection_c__visibility_control.h
-- Up-to-date: /home/rassito/microros_ws/install/stereo_msgs/include/stereo_msgs/stereo_msgs/msg/detail
-- Up-to-date: /home/rassito/microros_ws/install/stereo_msgs/include/stereo_msgs/stereo_msgs/msg/detail/disparity_image__rosidl_typesupport_introspection_c.h
-- Up-to-date: /home/rassito/microros_ws/install/stereo_msgs/include/stereo_msgs/stereo_msgs/msg/detail/disparity_image__type_support.c
-- Up-to-date: /home/rassito/microros_ws/install/stereo_msgs/lib/libstereo_msgs__rosidl_typesupport_introspection_c.so
-- Up-to-date: /home/rassito/microros_ws/install/stereo_msgs/lib/libstereo_msgs__rosidl_typesupport_c.so
-- Up-to-date: /home/rassito/microros_ws/install/stereo_msgs/include/stereo_msgs/stereo_msgs
-- Up-to-date: /home/rassito/microros_ws/install/stereo_msgs/include/stereo_msgs/stereo_msgs/msg
-- Up-to-date: /home/rassito/microros_ws/install/stereo_msgs/include/stereo_msgs/stereo_msgs/msg/rosidl_generator_cpp__visibility_control.hpp
-- Up-to-date: /home/rassito/microros_ws/install/stereo_msgs/include/stereo_msgs/stereo_msgs/msg/disparity_image.hpp
-- Up-to-date: /home/rassito/microros_ws/install/stereo_msgs/include/stereo_msgs/stereo_msgs/msg/detail
-- Up-to-date: /home/rassito/microros_ws/install/stereo_msgs/include/stereo_msgs/stereo_msgs/msg/detail/disparity_image__type_support.hpp
-- Up-to-date: /home/rassito/microros_ws/install/stereo_msgs/include/stereo_msgs/stereo_msgs/msg/detail/disparity_image__builder.hpp
-- Up-to-date: /home/rassito/microros_ws/install/stereo_msgs/include/stereo_msgs/stereo_msgs/msg/detail/disparity_image__struct.hpp
-- Up-to-date: /home/rassito/microros_ws/install/stereo_msgs/include/stereo_msgs/stereo_msgs/msg/detail/disparity_image__traits.hpp
-- Up-to-date: /home/rassito/microros_ws/install/stereo_msgs/include/stereo_msgs
-- Up-to-date: /home/rassito/microros_ws/install/stereo_msgs/include/stereo_msgs/msg
-- Up-to-date: /home/rassito/microros_ws/install/stereo_msgs/include/stereo_msgs/msg/rosidl_typesupport_microxrcedds_cpp__visibility_control.h
-- Up-to-date: /home/rassito/microros_ws/install/stereo_msgs/include/stereo_msgs/msg/detail
-- Up-to-date: /home/rassito/microros_ws/install/stereo_msgs/include/stereo_msgs/msg/detail/microxrcedds
-- Up-to-date: /home/rassito/microros_ws/install/stereo_msgs/include/stereo_msgs/msg/detail/microxrcedds/disparity_image__type_support_cpp.cpp
-- Up-to-date: /home/rassito/microros_ws/install/stereo_msgs/include/stereo_msgs/msg/detail/disparity_image__rosidl_typesupport_microxrcedds_cpp.hpp
-- Up-to-date: /home/rassito/microros_ws/install/stereo_msgs/lib/libstereo_msgs__rosidl_typesupport_microxrcedds_cpp.so
-- Up-to-date: /home/rassito/microros_ws/install/stereo_msgs/include/stereo_msgs/stereo_msgs
-- Up-to-date: /home/rassito/microros_ws/install/stereo_msgs/include/stereo_msgs/stereo_msgs/msg
-- Up-to-date: /home/rassito/microros_ws/install/stereo_msgs/include/stereo_msgs/stereo_msgs/msg/rosidl_typesupport_fastrtps_cpp__visibility_control.h
-- Up-to-date: /home/rassito/microros_ws/install/stereo_msgs/include/stereo_msgs/stereo_msgs/msg/detail
-- Up-to-date: /home/rassito/microros_ws/install/stereo_msgs/include/stereo_msgs/stereo_msgs/msg/detail/dds_fastrtps
-- Up-to-date: /home/rassito/microros_ws/install/stereo_msgs/include/stereo_msgs/stereo_msgs/msg/detail/disparity_image__rosidl_typesupport_fastrtps_cpp.hpp
-- Up-to-date: /home/rassito/microros_ws/install/stereo_msgs/lib/libstereo_msgs__rosidl_typesupport_fastrtps_cpp.so
-- Up-to-date: /home/rassito/microros_ws/install/stereo_msgs/include/stereo_msgs/stereo_msgs
-- Up-to-date: /home/rassito/microros_ws/install/stereo_msgs/include/stereo_msgs/stereo_msgs/msg
-- Up-to-date: /home/rassito/microros_ws/install/stereo_msgs/include/stereo_msgs/stereo_msgs/msg/detail
-- Up-to-date: /home/rassito/microros_ws/install/stereo_msgs/include/stereo_msgs/stereo_msgs/msg/detail/disparity_image__type_support.cpp
-- Up-to-date: /home/rassito/microros_ws/install/stereo_msgs/include/stereo_msgs/stereo_msgs/msg/detail/disparity_image__rosidl_typesupport_introspection_cpp.hpp
-- Up-to-date: /home/rassito/microros_ws/install/stereo_msgs/lib/libstereo_msgs__rosidl_typesupport_introspection_cpp.so
-- Up-to-date: /home/rassito/microros_ws/install/stereo_msgs/lib/libstereo_msgs__rosidl_typesupport_cpp.so
-- Up-to-date: /home/rassito/microros_ws/install/stereo_msgs/share/stereo_msgs/environment/pythonpath.sh
-- Up-to-date: /home/rassito/microros_ws/install/stereo_msgs/share/stereo_msgs/environment/pythonpath.dsv
-- Up-to-date: /home/rassito/microros_ws/install/stereo_msgs/lib/python3.12/site-packages/stereo_msgs-5.3.5-py3.12.egg-info
-- Installing: /home/rassito/microros_ws/install/stereo_msgs/lib/python3.12/site-packages/stereo_msgs-5.3.5-py3.12.egg-info/top_level.txt
-- Installing: /home/rassito/microros_ws/install/stereo_msgs/lib/python3.12/site-packages/stereo_msgs-5.3.5-py3.12.egg-info/PKG-INFO
-- Installing: /home/rassito/microros_ws/install/stereo_msgs/lib/python3.12/site-packages/stereo_msgs-5.3.5-py3.12.egg-info/dependency_links.txt
-- Installing: /home/rassito/microros_ws/install/stereo_msgs/lib/python3.12/site-packages/stereo_msgs-5.3.5-py3.12.egg-info/SOURCES.txt
-- Up-to-date: /home/rassito/microros_ws/install/stereo_msgs/lib/python3.12/site-packages/stereo_msgs
-- Up-to-date: /home/rassito/microros_ws/install/stereo_msgs/lib/python3.12/site-packages/stereo_msgs/_stereo_msgs_s.ep.rosidl_typesupport_microxrcedds_c.c
-- Up-to-date: /home/rassito/microros_ws/install/stereo_msgs/lib/python3.12/site-packages/stereo_msgs/_stereo_msgs_s.ep.rosidl_typesupport_introspection_c.c
-- Up-to-date: /home/rassito/microros_ws/install/stereo_msgs/lib/python3.12/site-packages/stereo_msgs/stereo_msgs_s__rosidl_typesupport_c.so
-- Up-to-date: /home/rassito/microros_ws/install/stereo_msgs/lib/python3.12/site-packages/stereo_msgs/_stereo_msgs_s.ep.rosidl_typesupport_fastrtps_c.c
-- Up-to-date: /home/rassito/microros_ws/install/stereo_msgs/lib/python3.12/site-packages/stereo_msgs/stereo_msgs_s__rosidl_typesupport_fastrtps_c.so
-- Up-to-date: /home/rassito/microros_ws/install/stereo_msgs/lib/python3.12/site-packages/stereo_msgs/_stereo_msgs_s.ep.rosidl_typesupport_c.c
-- Up-to-date: /home/rassito/microros_ws/install/stereo_msgs/lib/python3.12/site-packages/stereo_msgs/stereo_msgs_s__rosidl_typesupport_introspection_c.so
-- Up-to-date: /home/rassito/microros_ws/install/stereo_msgs/lib/python3.12/site-packages/stereo_msgs/stereo_msgs_s__rosidl_typesupport_microxrcedds_c.so
-- Up-to-date: /home/rassito/microros_ws/install/stereo_msgs/lib/python3.12/site-packages/stereo_msgs/msg
-- Up-to-date: /home/rassito/microros_ws/install/stereo_msgs/lib/python3.12/site-packages/stereo_msgs/msg/_disparity_image.py
-- Up-to-date: /home/rassito/microros_ws/install/stereo_msgs/lib/python3.12/site-packages/stereo_msgs/msg/_disparity_image_s.c
-- Up-to-date: /home/rassito/microros_ws/install/stereo_msgs/lib/python3.12/site-packages/stereo_msgs/msg/__init__.py
-- Installing: /home/rassito/microros_ws/install/stereo_msgs/lib/python3.12/site-packages/stereo_msgs/__init__.py
Listing '/home/rassito/microros_ws/install/stereo_msgs/lib/python3.12/site-packages/stereo_msgs'...
Compiling '/home/rassito/microros_ws/install/stereo_msgs/lib/python3.12/site-packages/stereo_msgs/__init__.py'...
Listing '/home/rassito/microros_ws/install/stereo_msgs/lib/python3.12/site-packages/stereo_msgs/msg'...
-- Up-to-date: /home/rassito/microros_ws/install/stereo_msgs/lib/python3.12/site-packages/stereo_msgs/stereo_msgs_s__rosidl_typesupport_microxrcedds_c.so
-- Up-to-date: /home/rassito/microros_ws/install/stereo_msgs/lib/python3.12/site-packages/stereo_msgs/stereo_msgs_s__rosidl_typesupport_fastrtps_c.so
-- Up-to-date: /home/rassito/microros_ws/install/stereo_msgs/lib/python3.12/site-packages/stereo_msgs/stereo_msgs_s__rosidl_typesupport_introspection_c.so
-- Up-to-date: /home/rassito/microros_ws/install/stereo_msgs/lib/python3.12/site-packages/stereo_msgs/stereo_msgs_s__rosidl_typesupport_c.so
-- Up-to-date: /home/rassito/microros_ws/install/stereo_msgs/lib/libstereo_msgs__rosidl_generator_py.so
-- Up-to-date: /home/rassito/microros_ws/install/stereo_msgs/share/stereo_msgs/msg/DisparityImage.idl
-- Up-to-date: /home/rassito/microros_ws/install/stereo_msgs/share/stereo_msgs/msg/DisparityImage.msg
-- Up-to-date: /home/rassito/microros_ws/install/stereo_msgs/share/ament_index/resource_index/package_run_dependencies/stereo_msgs
-- Installing: /home/rassito/microros_ws/install/stereo_msgs/share/ament_index/resource_index/parent_prefix_path/stereo_msgs
-- Up-to-date: /home/rassito/microros_ws/install/stereo_msgs/share/stereo_msgs/environment/ament_prefix_path.sh
-- Up-to-date: /home/rassito/microros_ws/install/stereo_msgs/share/stereo_msgs/environment/ament_prefix_path.dsv
-- Up-to-date: /home/rassito/microros_ws/install/stereo_msgs/share/stereo_msgs/environment/path.sh
-- Up-to-date: /home/rassito/microros_ws/install/stereo_msgs/share/stereo_msgs/environment/path.dsv
-- Up-to-date: /home/rassito/microros_ws/install/stereo_msgs/share/stereo_msgs/local_setup.bash
-- Up-to-date: /home/rassito/microros_ws/install/stereo_msgs/share/stereo_msgs/local_setup.sh
-- Up-to-date: /home/rassito/microros_ws/install/stereo_msgs/share/stereo_msgs/local_setup.zsh
-- Up-to-date: /home/rassito/microros_ws/install/stereo_msgs/share/stereo_msgs/local_setup.dsv
-- Installing: /home/rassito/microros_ws/install/stereo_msgs/share/stereo_msgs/package.dsv
-- Up-to-date: /home/rassito/microros_ws/install/stereo_msgs/share/ament_index/resource_index/packages/stereo_msgs
-- Up-to-date: /home/rassito/microros_ws/install/stereo_msgs/share/stereo_msgs/cmake/export_stereo_msgs__rosidl_generator_cExport.cmake
-- Up-to-date: /home/rassito/microros_ws/install/stereo_msgs/share/stereo_msgs/cmake/export_stereo_msgs__rosidl_generator_cExport-noconfig.cmake
-- Up-to-date: /home/rassito/microros_ws/install/stereo_msgs/share/stereo_msgs/cmake/export_stereo_msgs__rosidl_typesupport_fastrtps_cExport.cmake
-- Up-to-date: /home/rassito/microros_ws/install/stereo_msgs/share/stereo_msgs/cmake/export_stereo_msgs__rosidl_typesupport_fastrtps_cExport-noconfig.cmake
-- Up-to-date: /home/rassito/microros_ws/install/stereo_msgs/share/stereo_msgs/cmake/stereo_msgs__rosidl_typesupport_introspection_cExport.cmake
-- Up-to-date: /home/rassito/microros_ws/install/stereo_msgs/share/stereo_msgs/cmake/stereo_msgs__rosidl_typesupport_introspection_cExport-noconfig.cmake
-- Up-to-date: /home/rassito/microros_ws/install/stereo_msgs/share/stereo_msgs/cmake/stereo_msgs__rosidl_typesupport_cExport.cmake
-- Up-to-date: /home/rassito/microros_ws/install/stereo_msgs/share/stereo_msgs/cmake/stereo_msgs__rosidl_typesupport_cExport-noconfig.cmake
-- Up-to-date: /home/rassito/microros_ws/install/stereo_msgs/share/stereo_msgs/cmake/export_stereo_msgs__rosidl_generator_cppExport.cmake
-- Up-to-date: /home/rassito/microros_ws/install/stereo_msgs/share/stereo_msgs/cmake/export_stereo_msgs__rosidl_typesupport_fastrtps_cppExport.cmake
-- Up-to-date: /home/rassito/microros_ws/install/stereo_msgs/share/stereo_msgs/cmake/export_stereo_msgs__rosidl_typesupport_fastrtps_cppExport-noconfig.cmake
-- Up-to-date: /home/rassito/microros_ws/install/stereo_msgs/share/stereo_msgs/cmake/stereo_msgs__rosidl_typesupport_introspection_cppExport.cmake
-- Up-to-date: /home/rassito/microros_ws/install/stereo_msgs/share/stereo_msgs/cmake/stereo_msgs__rosidl_typesupport_introspection_cppExport-noconfig.cmake
-- Up-to-date: /home/rassito/microros_ws/install/stereo_msgs/share/stereo_msgs/cmake/stereo_msgs__rosidl_typesupport_cppExport.cmake
-- Up-to-date: /home/rassito/microros_ws/install/stereo_msgs/share/stereo_msgs/cmake/stereo_msgs__rosidl_typesupport_cppExport-noconfig.cmake
-- Up-to-date: /home/rassito/microros_ws/install/stereo_msgs/share/stereo_msgs/cmake/export_stereo_msgs__rosidl_generator_pyExport.cmake
-- Up-to-date: /home/rassito/microros_ws/install/stereo_msgs/share/stereo_msgs/cmake/export_stereo_msgs__rosidl_generator_pyExport-noconfig.cmake
-- Up-to-date: /home/rassito/microros_ws/install/stereo_msgs/share/stereo_msgs/cmake/rosidl_cmake-extras.cmake
-- Up-to-date: /home/rassito/microros_ws/install/stereo_msgs/share/stereo_msgs/cmake/ament_cmake_export_dependencies-extras.cmake
-- Up-to-date: /home/rassito/microros_ws/install/stereo_msgs/share/stereo_msgs/cmake/ament_cmake_export_include_directories-extras.cmake
-- Up-to-date: /home/rassito/microros_ws/install/stereo_msgs/share/stereo_msgs/cmake/ament_cmake_export_libraries-extras.cmake
-- Up-to-date: /home/rassito/microros_ws/install/stereo_msgs/share/stereo_msgs/cmake/ament_cmake_export_targets-extras.cmake
-- Up-to-date: /home/rassito/microros_ws/install/stereo_msgs/share/stereo_msgs/cmake/rosidl_cmake_export_typesupport_targets-extras.cmake
-- Up-to-date: /home/rassito/microros_ws/install/stereo_msgs/share/stereo_msgs/cmake/rosidl_cmake_export_typesupport_libraries-extras.cmake
-- Up-to-date: /home/rassito/microros_ws/install/stereo_msgs/share/stereo_msgs/cmake/stereo_msgsConfig.cmake
-- Up-to-date: /home/rassito/microros_ws/install/stereo_msgs/share/stereo_msgs/cmake/stereo_msgsConfig-version.cmake
-- Up-to-date: /home/rassito/microros_ws/install/stereo_msgs/share/stereo_msgs/package.xml
