-- Found ament_cmake: 2.5.3 (/opt/ros/jazzy/share/ament_cmake/cmake)
-- Found Python3: /usr/bin/python3 (found version "3.12.3") found components: Interpreter 
-- Found rosidl_default_generators: 1.6.0 (/opt/ros/jazzy/share/rosidl_default_generators/cmake)
-- Using all available rosidl_typesupport_c: rosidl_typesupport_fastrtps_c;rosidl_typesupport_introspection_c
-- Using all available rosidl_typesupport_cpp: rosidl_typesupport_fastrtps_cpp;rosidl_typesupport_introspection_cpp
-- Found rosidl_adapter: 4.6.5 (/opt/ros/jazzy/share/rosidl_adapter/cmake)
-- Found ament_cmake_ros: 0.12.0 (/opt/ros/jazzy/share/ament_cmake_ros/cmake)
-- Using all available rosidl_typesupport_c: rosidl_typesupport_fastrtps_c;rosidl_typesupport_introspection_c
-- Using all available rosidl_typesupport_cpp: rosidl_typesupport_fastrtps_cpp;rosidl_typesupport_introspection_cpp
-- Found python_cmake_module: 0.11.1 (/opt/ros/jazzy/share/python_cmake_module/cmake)
-- Found Python3: /usr/bin/python3 (found version "3.12.3") found components: Interpreter Development NumPy Development.Module Development.Embed 
-- Configuring done (0.8s)
-- Generating done (0.0s)
-- Build files have been written to: /home/rassito/microros_ws/build/std_srvs
[  1%] Built target std_srvs__rosidl_generator_type_description
[  1%] Built target ament_cmake_python_copy_std_srvs
[  3%] Built target std_srvs__cpp
[ 24%] Built target std_srvs__rosidl_generator_c
[ 25%] [34m[1mGenerating C type support dispatch for ROS interfaces[0m
[ 27%] [34m[1mGenerating C++ type support dispatch for ROS interfaces[0m
[ 37%] Built target std_srvs__rosidl_typesupport_introspection_cpp
[ 55%] Built target std_srvs__rosidl_typesupport_introspection_c
[ 55%] Built target std_srvs__rosidl_typesupport_fastrtps_c
[ 64%] Built target std_srvs__rosidl_typesupport_fastrtps_cpp
running egg_info
writing std_srvs.egg-info/PKG-INFO
writing dependency_links to std_srvs.egg-info/dependency_links.txt
writing top-level names to std_srvs.egg-info/top_level.txt
reading manifest file 'std_srvs.egg-info/SOURCES.txt'
writing manifest file 'std_srvs.egg-info/SOURCES.txt'
[ 64%] Built target ament_cmake_python_build_std_srvs_egg
[ 66%] [32mBuilding CXX object CMakeFiles/std_srvs__rosidl_typesupport_c.dir/rosidl_typesupport_c/std_srvs/srv/set_bool__type_support.cpp.o[0m
[ 68%] [32mBuilding CXX object CMakeFiles/std_srvs__rosidl_typesupport_c.dir/rosidl_typesupport_c/std_srvs/srv/trigger__type_support.cpp.o[0m
[ 70%] [32mBuilding CXX object CMakeFiles/std_srvs__rosidl_typesupport_c.dir/rosidl_typesupport_c/std_srvs/srv/empty__type_support.cpp.o[0m
[ 72%] [32mBuilding CXX object CMakeFiles/std_srvs__rosidl_typesupport_cpp.dir/rosidl_typesupport_cpp/std_srvs/srv/empty__type_support.cpp.o[0m
[ 74%] [32mBuilding CXX object CMakeFiles/std_srvs__rosidl_typesupport_cpp.dir/rosidl_typesupport_cpp/std_srvs/srv/set_bool__type_support.cpp.o[0m
[ 75%] [32mBuilding CXX object CMakeFiles/std_srvs__rosidl_typesupport_cpp.dir/rosidl_typesupport_cpp/std_srvs/srv/trigger__type_support.cpp.o[0m
[ 77%] [32m[1mLinking CXX shared library libstd_srvs__rosidl_typesupport_c.so[0m
[ 77%] Built target std_srvs__rosidl_typesupport_c
[ 79%] [32m[1mLinking CXX shared library libstd_srvs__rosidl_typesupport_cpp.so[0m
[ 79%] Built target std_srvs__rosidl_typesupport_cpp
[ 79%] Built target std_srvs
[ 81%] Built target std_srvs__py
[ 83%] [32m[1mLinking C shared library libstd_srvs__rosidl_generator_py.so[0m
[ 88%] Built target std_srvs__rosidl_generator_py
[ 90%] [32m[1mLinking C shared module rosidl_generator_py/std_srvs/std_srvs_s__rosidl_typesupport_introspection_c.so[0m
[ 92%] [32m[1mLinking C shared module rosidl_generator_py/std_srvs/std_srvs_s__rosidl_typesupport_c.so[0m
[ 94%] [32m[1mLinking C shared module rosidl_generator_py/std_srvs/std_srvs_s__rosidl_typesupport_fastrtps_c.so[0m
[ 96%] Built target std_srvs_s__rosidl_typesupport_c
[ 98%] Built target std_srvs_s__rosidl_typesupport_introspection_c
[100%] Built target std_srvs_s__rosidl_typesupport_fastrtps_c
-- Install configuration: ""
-- Up-to-date: /home/rassito/microros_ws/install/std_srvs/share/ament_index/resource_index/rosidl_interfaces/std_srvs
-- Up-to-date: /home/rassito/microros_ws/install/std_srvs/share/std_srvs/srv/Empty.json
-- Up-to-date: /home/rassito/microros_ws/install/std_srvs/share/std_srvs/srv/SetBool.json
-- Up-to-date: /home/rassito/microros_ws/install/std_srvs/share/std_srvs/srv/Trigger.json
-- Up-to-date: /home/rassito/microros_ws/install/std_srvs/include/std_srvs/std_srvs
-- Up-to-date: /home/rassito/microros_ws/install/std_srvs/include/std_srvs/std_srvs/srv
-- Up-to-date: /home/rassito/microros_ws/install/std_srvs/include/std_srvs/std_srvs/srv/trigger.h
-- Up-to-date: /home/rassito/microros_ws/install/std_srvs/include/std_srvs/std_srvs/srv/empty.h
-- Up-to-date: /home/rassito/microros_ws/install/std_srvs/include/std_srvs/std_srvs/srv/set_bool.h
-- Up-to-date: /home/rassito/microros_ws/install/std_srvs/include/std_srvs/std_srvs/srv/detail
-- Up-to-date: /home/rassito/microros_ws/install/std_srvs/include/std_srvs/std_srvs/srv/detail/empty__functions.c
-- Up-to-date: /home/rassito/microros_ws/install/std_srvs/include/std_srvs/std_srvs/srv/detail/trigger__struct.h
-- Up-to-date: /home/rassito/microros_ws/install/std_srvs/include/std_srvs/std_srvs/srv/detail/trigger__type_support.h
-- Up-to-date: /home/rassito/microros_ws/install/std_srvs/include/std_srvs/std_srvs/srv/detail/trigger__functions.h
-- Up-to-date: /home/rassito/microros_ws/install/std_srvs/include/std_srvs/std_srvs/srv/detail/empty__functions.h
-- Up-to-date: /home/rassito/microros_ws/install/std_srvs/include/std_srvs/std_srvs/srv/detail/set_bool__struct.h
-- Up-to-date: /home/rassito/microros_ws/install/std_srvs/include/std_srvs/std_srvs/srv/detail/trigger__description.c
-- Installing: /home/rassito/microros_ws/install/std_srvs/include/std_srvs/std_srvs/srv/detail/trigger__type_support.c
-- Up-to-date: /home/rassito/microros_ws/install/std_srvs/include/std_srvs/std_srvs/srv/detail/set_bool__type_support.h
-- Up-to-date: /home/rassito/microros_ws/install/std_srvs/include/std_srvs/std_srvs/srv/detail/empty__description.c
-- Up-to-date: /home/rassito/microros_ws/install/std_srvs/include/std_srvs/std_srvs/srv/detail/trigger__functions.c
-- Up-to-date: /home/rassito/microros_ws/install/std_srvs/include/std_srvs/std_srvs/srv/detail/empty__type_support.h
-- Up-to-date: /home/rassito/microros_ws/install/std_srvs/include/std_srvs/std_srvs/srv/detail/set_bool__functions.c
-- Installing: /home/rassito/microros_ws/install/std_srvs/include/std_srvs/std_srvs/srv/detail/set_bool__type_support.c
-- Up-to-date: /home/rassito/microros_ws/install/std_srvs/include/std_srvs/std_srvs/srv/detail/empty__struct.h
-- Installing: /home/rassito/microros_ws/install/std_srvs/include/std_srvs/std_srvs/srv/detail/empty__type_support.c
-- Up-to-date: /home/rassito/microros_ws/install/std_srvs/include/std_srvs/std_srvs/srv/detail/set_bool__functions.h
-- Up-to-date: /home/rassito/microros_ws/install/std_srvs/include/std_srvs/std_srvs/srv/detail/set_bool__description.c
-- Up-to-date: /home/rassito/microros_ws/install/std_srvs/include/std_srvs/std_srvs/msg
-- Up-to-date: /home/rassito/microros_ws/install/std_srvs/include/std_srvs/std_srvs/msg/rosidl_generator_c__visibility_control.h
-- Up-to-date: /home/rassito/microros_ws/install/std_srvs/share/std_srvs/environment/library_path.sh
-- Up-to-date: /home/rassito/microros_ws/install/std_srvs/share/std_srvs/environment/library_path.dsv
-- Up-to-date: /home/rassito/microros_ws/install/std_srvs/lib/libstd_srvs__rosidl_generator_c.so
-- Up-to-date: /home/rassito/microros_ws/install/std_srvs/include/std_srvs/std_srvs
-- Up-to-date: /home/rassito/microros_ws/install/std_srvs/include/std_srvs/std_srvs/srv
-- Up-to-date: /home/rassito/microros_ws/install/std_srvs/include/std_srvs/std_srvs/srv/detail
-- Up-to-date: /home/rassito/microros_ws/install/std_srvs/include/std_srvs/std_srvs/srv/detail/trigger__rosidl_typesupport_fastrtps_c.h
-- Up-to-date: /home/rassito/microros_ws/install/std_srvs/include/std_srvs/std_srvs/srv/detail/set_bool__rosidl_typesupport_fastrtps_c.h
-- Up-to-date: /home/rassito/microros_ws/install/std_srvs/include/std_srvs/std_srvs/srv/detail/empty__rosidl_typesupport_fastrtps_c.h
-- Up-to-date: /home/rassito/microros_ws/install/std_srvs/include/std_srvs/std_srvs/msg
-- Up-to-date: /home/rassito/microros_ws/install/std_srvs/include/std_srvs/std_srvs/msg/rosidl_typesupport_fastrtps_c__visibility_control.h
-- Up-to-date: /home/rassito/microros_ws/install/std_srvs/lib/libstd_srvs__rosidl_typesupport_fastrtps_c.so
-- Up-to-date: /home/rassito/microros_ws/install/std_srvs/include/std_srvs/std_srvs
-- Up-to-date: /home/rassito/microros_ws/install/std_srvs/include/std_srvs/std_srvs/srv
-- Up-to-date: /home/rassito/microros_ws/install/std_srvs/include/std_srvs/std_srvs/srv/detail
-- Up-to-date: /home/rassito/microros_ws/install/std_srvs/include/std_srvs/std_srvs/srv/detail/set_bool__rosidl_typesupport_introspection_c.h
-- Installing: /home/rassito/microros_ws/install/std_srvs/include/std_srvs/std_srvs/srv/detail/trigger__type_support.c
-- Up-to-date: /home/rassito/microros_ws/install/std_srvs/include/std_srvs/std_srvs/srv/detail/empty__rosidl_typesupport_introspection_c.h
-- Installing: /home/rassito/microros_ws/install/std_srvs/include/std_srvs/std_srvs/srv/detail/set_bool__type_support.c
-- Up-to-date: /home/rassito/microros_ws/install/std_srvs/include/std_srvs/std_srvs/srv/detail/trigger__rosidl_typesupport_introspection_c.h
-- Installing: /home/rassito/microros_ws/install/std_srvs/include/std_srvs/std_srvs/srv/detail/empty__type_support.c
-- Up-to-date: /home/rassito/microros_ws/install/std_srvs/include/std_srvs/std_srvs/msg
-- Up-to-date: /home/rassito/microros_ws/install/std_srvs/include/std_srvs/std_srvs/msg/rosidl_typesupport_introspection_c__visibility_control.h
-- Up-to-date: /home/rassito/microros_ws/install/std_srvs/lib/libstd_srvs__rosidl_typesupport_introspection_c.so
-- Installing: /home/rassito/microros_ws/install/std_srvs/lib/libstd_srvs__rosidl_typesupport_c.so
-- Set non-toolchain portion of runtime path of "/home/rassito/microros_ws/install/std_srvs/lib/libstd_srvs__rosidl_typesupport_c.so" to ""
-- Up-to-date: /home/rassito/microros_ws/install/std_srvs/include/std_srvs/std_srvs
-- Up-to-date: /home/rassito/microros_ws/install/std_srvs/include/std_srvs/std_srvs/srv
-- Up-to-date: /home/rassito/microros_ws/install/std_srvs/include/std_srvs/std_srvs/srv/set_bool.hpp
-- Up-to-date: /home/rassito/microros_ws/install/std_srvs/include/std_srvs/std_srvs/srv/trigger.hpp
-- Up-to-date: /home/rassito/microros_ws/install/std_srvs/include/std_srvs/std_srvs/srv/detail
-- Up-to-date: /home/rassito/microros_ws/install/std_srvs/include/std_srvs/std_srvs/srv/detail/trigger__traits.hpp
-- Up-to-date: /home/rassito/microros_ws/install/std_srvs/include/std_srvs/std_srvs/srv/detail/trigger__type_support.hpp
-- Up-to-date: /home/rassito/microros_ws/install/std_srvs/include/std_srvs/std_srvs/srv/detail/set_bool__type_support.hpp
-- Up-to-date: /home/rassito/microros_ws/install/std_srvs/include/std_srvs/std_srvs/srv/detail/empty__traits.hpp
-- Up-to-date: /home/rassito/microros_ws/install/std_srvs/include/std_srvs/std_srvs/srv/detail/set_bool__traits.hpp
-- Up-to-date: /home/rassito/microros_ws/install/std_srvs/include/std_srvs/std_srvs/srv/detail/trigger__builder.hpp
-- Up-to-date: /home/rassito/microros_ws/install/std_srvs/include/std_srvs/std_srvs/srv/detail/empty__struct.hpp
-- Up-to-date: /home/rassito/microros_ws/install/std_srvs/include/std_srvs/std_srvs/srv/detail/set_bool__builder.hpp
-- Up-to-date: /home/rassito/microros_ws/install/std_srvs/include/std_srvs/std_srvs/srv/detail/empty__type_support.hpp
-- Up-to-date: /home/rassito/microros_ws/install/std_srvs/include/std_srvs/std_srvs/srv/detail/set_bool__struct.hpp
-- Up-to-date: /home/rassito/microros_ws/install/std_srvs/include/std_srvs/std_srvs/srv/detail/empty__builder.hpp
-- Up-to-date: /home/rassito/microros_ws/install/std_srvs/include/std_srvs/std_srvs/srv/detail/trigger__struct.hpp
-- Up-to-date: /home/rassito/microros_ws/install/std_srvs/include/std_srvs/std_srvs/srv/empty.hpp
-- Up-to-date: /home/rassito/microros_ws/install/std_srvs/include/std_srvs/std_srvs/msg
-- Up-to-date: /home/rassito/microros_ws/install/std_srvs/include/std_srvs/std_srvs/msg/rosidl_generator_cpp__visibility_control.hpp
-- Up-to-date: /home/rassito/microros_ws/install/std_srvs/include/std_srvs/std_srvs
-- Up-to-date: /home/rassito/microros_ws/install/std_srvs/include/std_srvs/std_srvs/srv
-- Up-to-date: /home/rassito/microros_ws/install/std_srvs/include/std_srvs/std_srvs/srv/detail
-- Up-to-date: /home/rassito/microros_ws/install/std_srvs/include/std_srvs/std_srvs/srv/detail/set_bool__rosidl_typesupport_fastrtps_cpp.hpp
-- Up-to-date: /home/rassito/microros_ws/install/std_srvs/include/std_srvs/std_srvs/srv/detail/trigger__rosidl_typesupport_fastrtps_cpp.hpp
-- Up-to-date: /home/rassito/microros_ws/install/std_srvs/include/std_srvs/std_srvs/srv/detail/dds_fastrtps
-- Up-to-date: /home/rassito/microros_ws/install/std_srvs/include/std_srvs/std_srvs/srv/detail/empty__rosidl_typesupport_fastrtps_cpp.hpp
-- Up-to-date: /home/rassito/microros_ws/install/std_srvs/include/std_srvs/std_srvs/msg
-- Up-to-date: /home/rassito/microros_ws/install/std_srvs/include/std_srvs/std_srvs/msg/rosidl_typesupport_fastrtps_cpp__visibility_control.h
-- Up-to-date: /home/rassito/microros_ws/install/std_srvs/lib/libstd_srvs__rosidl_typesupport_fastrtps_cpp.so
-- Up-to-date: /home/rassito/microros_ws/install/std_srvs/include/std_srvs/std_srvs
-- Up-to-date: /home/rassito/microros_ws/install/std_srvs/include/std_srvs/std_srvs/srv
-- Up-to-date: /home/rassito/microros_ws/install/std_srvs/include/std_srvs/std_srvs/srv/detail
-- Up-to-date: /home/rassito/microros_ws/install/std_srvs/include/std_srvs/std_srvs/srv/detail/set_bool__rosidl_typesupport_introspection_cpp.hpp
-- Up-to-date: /home/rassito/microros_ws/install/std_srvs/include/std_srvs/std_srvs/srv/detail/set_bool__type_support.cpp
-- Up-to-date: /home/rassito/microros_ws/install/std_srvs/include/std_srvs/std_srvs/srv/detail/trigger__rosidl_typesupport_introspection_cpp.hpp
-- Up-to-date: /home/rassito/microros_ws/install/std_srvs/include/std_srvs/std_srvs/srv/detail/trigger__type_support.cpp
-- Up-to-date: /home/rassito/microros_ws/install/std_srvs/include/std_srvs/std_srvs/srv/detail/empty__rosidl_typesupport_introspection_cpp.hpp
-- Up-to-date: /home/rassito/microros_ws/install/std_srvs/include/std_srvs/std_srvs/srv/detail/empty__type_support.cpp
-- Up-to-date: /home/rassito/microros_ws/install/std_srvs/lib/libstd_srvs__rosidl_typesupport_introspection_cpp.so
-- Installing: /home/rassito/microros_ws/install/std_srvs/lib/libstd_srvs__rosidl_typesupport_cpp.so
-- Set non-toolchain portion of runtime path of "/home/rassito/microros_ws/install/std_srvs/lib/libstd_srvs__rosidl_typesupport_cpp.so" to ""
-- Up-to-date: /home/rassito/microros_ws/install/std_srvs/share/std_srvs/environment/pythonpath.sh
-- Up-to-date: /home/rassito/microros_ws/install/std_srvs/share/std_srvs/environment/pythonpath.dsv
-- Up-to-date: /home/rassito/microros_ws/install/std_srvs/lib/python3.12/site-packages/std_srvs-5.3.5-py3.12.egg-info
-- Installing: /home/rassito/microros_ws/install/std_srvs/lib/python3.12/site-packages/std_srvs-5.3.5-py3.12.egg-info/top_level.txt
-- Installing: /home/rassito/microros_ws/install/std_srvs/lib/python3.12/site-packages/std_srvs-5.3.5-py3.12.egg-info/PKG-INFO
-- Installing: /home/rassito/microros_ws/install/std_srvs/lib/python3.12/site-packages/std_srvs-5.3.5-py3.12.egg-info/dependency_links.txt
-- Installing: /home/rassito/microros_ws/install/std_srvs/lib/python3.12/site-packages/std_srvs-5.3.5-py3.12.egg-info/SOURCES.txt
-- Up-to-date: /home/rassito/microros_ws/install/std_srvs/lib/python3.12/site-packages/std_srvs
-- Installing: /home/rassito/microros_ws/install/std_srvs/lib/python3.12/site-packages/std_srvs/std_srvs_s__rosidl_typesupport_c.so
-- Installing: /home/rassito/microros_ws/install/std_srvs/lib/python3.12/site-packages/std_srvs/std_srvs_s__rosidl_typesupport_fastrtps_c.so
-- Up-to-date: /home/rassito/microros_ws/install/std_srvs/lib/python3.12/site-packages/std_srvs/std_srvs_s__rosidl_typesupport_microxrcedds_c.so
-- Up-to-date: /home/rassito/microros_ws/install/std_srvs/lib/python3.12/site-packages/std_srvs/_std_srvs_s.ep.rosidl_typesupport_c.c
-- Up-to-date: /home/rassito/microros_ws/install/std_srvs/lib/python3.12/site-packages/std_srvs/srv
-- Up-to-date: /home/rassito/microros_ws/install/std_srvs/lib/python3.12/site-packages/std_srvs/srv/_trigger.py
-- Up-to-date: /home/rassito/microros_ws/install/std_srvs/lib/python3.12/site-packages/std_srvs/srv/_empty.py
-- Up-to-date: /home/rassito/microros_ws/install/std_srvs/lib/python3.12/site-packages/std_srvs/srv/_set_bool.py
-- Up-to-date: /home/rassito/microros_ws/install/std_srvs/lib/python3.12/site-packages/std_srvs/srv/_trigger_s.c
-- Up-to-date: /home/rassito/microros_ws/install/std_srvs/lib/python3.12/site-packages/std_srvs/srv/_empty_s.c
-- Up-to-date: /home/rassito/microros_ws/install/std_srvs/lib/python3.12/site-packages/std_srvs/srv/_set_bool_s.c
-- Up-to-date: /home/rassito/microros_ws/install/std_srvs/lib/python3.12/site-packages/std_srvs/srv/__init__.py
-- Up-to-date: /home/rassito/microros_ws/install/std_srvs/lib/python3.12/site-packages/std_srvs/_std_srvs_s.ep.rosidl_typesupport_fastrtps_c.c
-- Up-to-date: /home/rassito/microros_ws/install/std_srvs/lib/python3.12/site-packages/std_srvs/_std_srvs_s.ep.rosidl_typesupport_microxrcedds_c.c
-- Up-to-date: /home/rassito/microros_ws/install/std_srvs/lib/python3.12/site-packages/std_srvs/_std_srvs_s.ep.rosidl_typesupport_introspection_c.c
-- Installing: /home/rassito/microros_ws/install/std_srvs/lib/python3.12/site-packages/std_srvs/std_srvs_s__rosidl_typesupport_introspection_c.so
-- Installing: /home/rassito/microros_ws/install/std_srvs/lib/python3.12/site-packages/std_srvs/__init__.py
Listing '/home/rassito/microros_ws/install/std_srvs/lib/python3.12/site-packages/std_srvs'...
Compiling '/home/rassito/microros_ws/install/std_srvs/lib/python3.12/site-packages/std_srvs/__init__.py'...
Listing '/home/rassito/microros_ws/install/std_srvs/lib/python3.12/site-packages/std_srvs/srv'...
-- Installing: /home/rassito/microros_ws/install/std_srvs/lib/python3.12/site-packages/std_srvs/std_srvs_s__rosidl_typesupport_fastrtps_c.so
-- Set non-toolchain portion of runtime path of "/home/rassito/microros_ws/install/std_srvs/lib/python3.12/site-packages/std_srvs/std_srvs_s__rosidl_typesupport_fastrtps_c.so" to ""
-- Installing: /home/rassito/microros_ws/install/std_srvs/lib/python3.12/site-packages/std_srvs/std_srvs_s__rosidl_typesupport_introspection_c.so
-- Set non-toolchain portion of runtime path of "/home/rassito/microros_ws/install/std_srvs/lib/python3.12/site-packages/std_srvs/std_srvs_s__rosidl_typesupport_introspection_c.so" to ""
-- Installing: /home/rassito/microros_ws/install/std_srvs/lib/python3.12/site-packages/std_srvs/std_srvs_s__rosidl_typesupport_c.so
-- Set non-toolchain portion of runtime path of "/home/rassito/microros_ws/install/std_srvs/lib/python3.12/site-packages/std_srvs/std_srvs_s__rosidl_typesupport_c.so" to ""
-- Installing: /home/rassito/microros_ws/install/std_srvs/lib/libstd_srvs__rosidl_generator_py.so
-- Set non-toolchain portion of runtime path of "/home/rassito/microros_ws/install/std_srvs/lib/libstd_srvs__rosidl_generator_py.so" to ""
-- Up-to-date: /home/rassito/microros_ws/install/std_srvs/share/std_srvs/srv/Empty.idl
-- Up-to-date: /home/rassito/microros_ws/install/std_srvs/share/std_srvs/srv/SetBool.idl
-- Up-to-date: /home/rassito/microros_ws/install/std_srvs/share/std_srvs/srv/Trigger.idl
-- Up-to-date: /home/rassito/microros_ws/install/std_srvs/share/std_srvs/srv/Empty.srv
-- Up-to-date: /home/rassito/microros_ws/install/std_srvs/share/std_srvs/srv/SetBool.srv
-- Up-to-date: /home/rassito/microros_ws/install/std_srvs/share/std_srvs/srv/Trigger.srv
-- Up-to-date: /home/rassito/microros_ws/install/std_srvs/share/ament_index/resource_index/package_run_dependencies/std_srvs
-- Installing: /home/rassito/microros_ws/install/std_srvs/share/ament_index/resource_index/parent_prefix_path/std_srvs
-- Up-to-date: /home/rassito/microros_ws/install/std_srvs/share/std_srvs/environment/ament_prefix_path.sh
-- Up-to-date: /home/rassito/microros_ws/install/std_srvs/share/std_srvs/environment/ament_prefix_path.dsv
-- Up-to-date: /home/rassito/microros_ws/install/std_srvs/share/std_srvs/environment/path.sh
-- Up-to-date: /home/rassito/microros_ws/install/std_srvs/share/std_srvs/environment/path.dsv
-- Up-to-date: /home/rassito/microros_ws/install/std_srvs/share/std_srvs/local_setup.bash
-- Up-to-date: /home/rassito/microros_ws/install/std_srvs/share/std_srvs/local_setup.sh
-- Up-to-date: /home/rassito/microros_ws/install/std_srvs/share/std_srvs/local_setup.zsh
-- Up-to-date: /home/rassito/microros_ws/install/std_srvs/share/std_srvs/local_setup.dsv
-- Installing: /home/rassito/microros_ws/install/std_srvs/share/std_srvs/package.dsv
-- Up-to-date: /home/rassito/microros_ws/install/std_srvs/share/ament_index/resource_index/packages/std_srvs
-- Up-to-date: /home/rassito/microros_ws/install/std_srvs/share/std_srvs/cmake/export_std_srvs__rosidl_generator_cExport.cmake
-- Up-to-date: /home/rassito/microros_ws/install/std_srvs/share/std_srvs/cmake/export_std_srvs__rosidl_generator_cExport-noconfig.cmake
-- Up-to-date: /home/rassito/microros_ws/install/std_srvs/share/std_srvs/cmake/export_std_srvs__rosidl_typesupport_fastrtps_cExport.cmake
-- Up-to-date: /home/rassito/microros_ws/install/std_srvs/share/std_srvs/cmake/export_std_srvs__rosidl_typesupport_fastrtps_cExport-noconfig.cmake
-- Up-to-date: /home/rassito/microros_ws/install/std_srvs/share/std_srvs/cmake/std_srvs__rosidl_typesupport_introspection_cExport.cmake
-- Up-to-date: /home/rassito/microros_ws/install/std_srvs/share/std_srvs/cmake/std_srvs__rosidl_typesupport_introspection_cExport-noconfig.cmake
-- Up-to-date: /home/rassito/microros_ws/install/std_srvs/share/std_srvs/cmake/std_srvs__rosidl_typesupport_cExport.cmake
-- Up-to-date: /home/rassito/microros_ws/install/std_srvs/share/std_srvs/cmake/std_srvs__rosidl_typesupport_cExport-noconfig.cmake
-- Up-to-date: /home/rassito/microros_ws/install/std_srvs/share/std_srvs/cmake/export_std_srvs__rosidl_generator_cppExport.cmake
-- Up-to-date: /home/rassito/microros_ws/install/std_srvs/share/std_srvs/cmake/export_std_srvs__rosidl_typesupport_fastrtps_cppExport.cmake
-- Up-to-date: /home/rassito/microros_ws/install/std_srvs/share/std_srvs/cmake/export_std_srvs__rosidl_typesupport_fastrtps_cppExport-noconfig.cmake
-- Up-to-date: /home/rassito/microros_ws/install/std_srvs/share/std_srvs/cmake/std_srvs__rosidl_typesupport_introspection_cppExport.cmake
-- Up-to-date: /home/rassito/microros_ws/install/std_srvs/share/std_srvs/cmake/std_srvs__rosidl_typesupport_introspection_cppExport-noconfig.cmake
-- Up-to-date: /home/rassito/microros_ws/install/std_srvs/share/std_srvs/cmake/std_srvs__rosidl_typesupport_cppExport.cmake
-- Up-to-date: /home/rassito/microros_ws/install/std_srvs/share/std_srvs/cmake/std_srvs__rosidl_typesupport_cppExport-noconfig.cmake
-- Up-to-date: /home/rassito/microros_ws/install/std_srvs/share/std_srvs/cmake/export_std_srvs__rosidl_generator_pyExport.cmake
-- Up-to-date: /home/rassito/microros_ws/install/std_srvs/share/std_srvs/cmake/export_std_srvs__rosidl_generator_pyExport-noconfig.cmake
-- Up-to-date: /home/rassito/microros_ws/install/std_srvs/share/std_srvs/cmake/rosidl_cmake-extras.cmake
-- Up-to-date: /home/rassito/microros_ws/install/std_srvs/share/std_srvs/cmake/ament_cmake_export_dependencies-extras.cmake
-- Installing: /home/rassito/microros_ws/install/std_srvs/share/std_srvs/cmake/ament_cmake_export_include_directories-extras.cmake
-- Up-to-date: /home/rassito/microros_ws/install/std_srvs/share/std_srvs/cmake/ament_cmake_export_libraries-extras.cmake
-- Up-to-date: /home/rassito/microros_ws/install/std_srvs/share/std_srvs/cmake/ament_cmake_export_targets-extras.cmake
-- Up-to-date: /home/rassito/microros_ws/install/std_srvs/share/std_srvs/cmake/rosidl_cmake_export_typesupport_targets-extras.cmake
-- Installing: /home/rassito/microros_ws/install/std_srvs/share/std_srvs/cmake/rosidl_cmake_export_typesupport_libraries-extras.cmake
-- Up-to-date: /home/rassito/microros_ws/install/std_srvs/share/std_srvs/cmake/std_srvsConfig.cmake
-- Up-to-date: /home/rassito/microros_ws/install/std_srvs/share/std_srvs/cmake/std_srvsConfig-version.cmake
-- Up-to-date: /home/rassito/microros_ws/install/std_srvs/share/std_srvs/package.xml
