[0.645s] Invoking command in '/home/rassito/microros_ws/src/ros2/common_interfaces/sensor_msgs_py': AMENT_PREFIX_PATH=/home/rassito/microros_ws/install/sensor_msgs:/home/rassito/microros_ws/install/geometry_msgs:/home/rassito/microros_ws/install/std_msgs:/home/rassito/microros_ws/install/builtin_interfaces:${AMENT_PREFIX_PATH} CMAKE_PREFIX_PATH=/home/rassito/microros_ws/install/sensor_msgs:/home/rassito/microros_ws/install/geometry_msgs:/home/rassito/microros_ws/install/std_msgs:/home/rassito/microros_ws/install/builtin_interfaces:${CMAKE_PREFIX_PATH} DEBUGINFOD_URLS=https://debuginfod.ubuntu.com LD_LIBRARY_PATH=/home/rassito/microros_ws/install/sensor_msgs/lib:/home/rassito/microros_ws/install/geometry_msgs/lib:/home/rassito/microros_ws/install/std_msgs/lib:/home/rassito/microros_ws/install/builtin_interfaces/lib:${LD_LIBRARY_PATH} PYTHONPATH=/home/rassito/microros_ws/build/sensor_msgs_py/prefix_override:/usr/lib/python3/dist-packages/colcon_core/task/python/colcon_distutils_commands:/home/rassito/microros_ws/install/sensor_msgs_py/lib/python3.12/site-packages:/home/rassito/microros_ws/install/sensor_msgs/lib/python3.12/site-packages:/home/rassito/microros_ws/install/geometry_msgs/lib/python3.12/site-packages:/home/rassito/microros_ws/install/std_msgs/lib/python3.12/site-packages:/home/rassito/microros_ws/install/builtin_interfaces/lib/python3.12/site-packages:${PYTHONPATH} /usr/bin/python3 -W ignore:setup.py install is deprecated -W ignore:easy_install command is deprecated setup.py egg_info --egg-base ../../../../build/sensor_msgs_py build --build-base /home/rassito/microros_ws/build/sensor_msgs_py/build install --record /home/rassito/microros_ws/build/sensor_msgs_py/install.log --single-version-externally-managed install_data
[0.824s] running egg_info
[0.837s] writing ../../../../build/sensor_msgs_py/sensor_msgs_py.egg-info/PKG-INFO
[0.837s] writing dependency_links to ../../../../build/sensor_msgs_py/sensor_msgs_py.egg-info/dependency_links.txt
[0.837s] writing requirements to ../../../../build/sensor_msgs_py/sensor_msgs_py.egg-info/requires.txt
[0.838s] writing top-level names to ../../../../build/sensor_msgs_py/sensor_msgs_py.egg-info/top_level.txt
[0.864s] reading manifest file '../../../../build/sensor_msgs_py/sensor_msgs_py.egg-info/SOURCES.txt'
[0.864s] adding license file 'LICENSE'
[0.865s] writing manifest file '../../../../build/sensor_msgs_py/sensor_msgs_py.egg-info/SOURCES.txt'
[0.865s] running build
[0.865s] running build_py
[0.866s] running install
[0.870s] running install_lib
[0.884s] running install_data
[0.884s] running install_egg_info
[0.898s] removing '/home/rassito/microros_ws/install/sensor_msgs_py/lib/python3.12/site-packages/sensor_msgs_py-5.3.5-py3.12.egg-info' (and everything under it)
[0.898s] Copying ../../../../build/sensor_msgs_py/sensor_msgs_py.egg-info to /home/rassito/microros_ws/install/sensor_msgs_py/lib/python3.12/site-packages/sensor_msgs_py-5.3.5-py3.12.egg-info
[0.899s] running install_scripts
[0.985s] writing list of installed files to '/home/rassito/microros_ws/build/sensor_msgs_py/install.log'
[1.003s] Invoked command in '/home/rassito/microros_ws/src/ros2/common_interfaces/sensor_msgs_py' returned '0': AMENT_PREFIX_PATH=/home/rassito/microros_ws/install/sensor_msgs:/home/rassito/microros_ws/install/geometry_msgs:/home/rassito/microros_ws/install/std_msgs:/home/rassito/microros_ws/install/builtin_interfaces:${AMENT_PREFIX_PATH} CMAKE_PREFIX_PATH=/home/rassito/microros_ws/install/sensor_msgs:/home/rassito/microros_ws/install/geometry_msgs:/home/rassito/microros_ws/install/std_msgs:/home/rassito/microros_ws/install/builtin_interfaces:${CMAKE_PREFIX_PATH} DEBUGINFOD_URLS=https://debuginfod.ubuntu.com LD_LIBRARY_PATH=/home/rassito/microros_ws/install/sensor_msgs/lib:/home/rassito/microros_ws/install/geometry_msgs/lib:/home/rassito/microros_ws/install/std_msgs/lib:/home/rassito/microros_ws/install/builtin_interfaces/lib:${LD_LIBRARY_PATH} PYTHONPATH=/home/rassito/microros_ws/build/sensor_msgs_py/prefix_override:/usr/lib/python3/dist-packages/colcon_core/task/python/colcon_distutils_commands:/home/rassito/microros_ws/install/sensor_msgs_py/lib/python3.12/site-packages:/home/rassito/microros_ws/install/sensor_msgs/lib/python3.12/site-packages:/home/rassito/microros_ws/install/geometry_msgs/lib/python3.12/site-packages:/home/rassito/microros_ws/install/std_msgs/lib/python3.12/site-packages:/home/rassito/microros_ws/install/builtin_interfaces/lib/python3.12/site-packages:${PYTHONPATH} /usr/bin/python3 -W ignore:setup.py install is deprecated -W ignore:easy_install command is deprecated setup.py egg_info --egg-base ../../../../build/sensor_msgs_py build --build-base /home/rassito/microros_ws/build/sensor_msgs_py/build install --record /home/rassito/microros_ws/build/sensor_msgs_py/install.log --single-version-externally-managed install_data
