[  1%] Built target diagnostic_msgs__rosidl_generator_type_description
[  1%] Built target ament_cmake_python_copy_diagnostic_msgs
[  2%] Built target diagnostic_msgs__cpp
[ 21%] Built target diagnostic_msgs__rosidl_generator_c
[ 28%] Built target diagnostic_msgs__rosidl_typesupport_introspection_cpp
[ 36%] Built target diagnostic_msgs__rosidl_typesupport_microxrcedds_cpp
[ 44%] Built target diagnostic_msgs__rosidl_typesupport_fastrtps_c
[ 52%] Built target diagnostic_msgs__rosidl_typesupport_introspection_c
[ 60%] Built target diagnostic_msgs__rosidl_typesupport_cpp
[ 67%] Built target diagnostic_msgs__rosidl_typesupport_c
[ 75%] Built target diagnostic_msgs__rosidl_typesupport_microxrcedds_c
[ 83%] Built target diagnostic_msgs__rosidl_typesupport_fastrtps_cpp
[ 83%] Built target diagnostic_msgs
[ 84%] Built target diagnostic_msgs__py
[ 91%] Built target diagnostic_msgs__rosidl_generator_py
[ 93%] Built target diagnostic_msgs_s__rosidl_typesupport_fastrtps_c
[ 95%] Built target diagnostic_msgs_s__rosidl_typesupport_microxrcedds_c
[ 98%] Built target diagnostic_msgs_s__rosidl_typesupport_introspection_c
[100%] Built target diagnostic_msgs_s__rosidl_typesupport_c
running egg_info
writing diagnostic_msgs.egg-info/PKG-INFO
writing dependency_links to diagnostic_msgs.egg-info/dependency_links.txt
writing top-level names to diagnostic_msgs.egg-info/top_level.txt
reading manifest file 'diagnostic_msgs.egg-info/SOURCES.txt'
writing manifest file 'diagnostic_msgs.egg-info/SOURCES.txt'
[100%] Built target ament_cmake_python_build_diagnostic_msgs_egg
-- Install configuration: ""
-- Up-to-date: /home/rassito/microros_ws/install/diagnostic_msgs/share/ament_index/resource_index/rosidl_interfaces/diagnostic_msgs
-- Up-to-date: /home/rassito/microros_ws/install/diagnostic_msgs/share/diagnostic_msgs/msg/DiagnosticArray.json
-- Up-to-date: /home/rassito/microros_ws/install/diagnostic_msgs/share/diagnostic_msgs/msg/DiagnosticStatus.json
-- Up-to-date: /home/rassito/microros_ws/install/diagnostic_msgs/share/diagnostic_msgs/msg/KeyValue.json
-- Up-to-date: /home/rassito/microros_ws/install/diagnostic_msgs/share/diagnostic_msgs/srv/AddDiagnostics.json
-- Up-to-date: /home/rassito/microros_ws/install/diagnostic_msgs/share/diagnostic_msgs/srv/SelfTest.json
-- Up-to-date: /home/rassito/microros_ws/install/diagnostic_msgs/include/diagnostic_msgs/diagnostic_msgs
-- Up-to-date: /home/rassito/microros_ws/install/diagnostic_msgs/include/diagnostic_msgs/diagnostic_msgs/srv
-- Up-to-date: /home/rassito/microros_ws/install/diagnostic_msgs/include/diagnostic_msgs/diagnostic_msgs/srv/add_diagnostics.h
-- Up-to-date: /home/rassito/microros_ws/install/diagnostic_msgs/include/diagnostic_msgs/diagnostic_msgs/srv/self_test.h
-- Up-to-date: /home/rassito/microros_ws/install/diagnostic_msgs/include/diagnostic_msgs/diagnostic_msgs/srv/detail
-- Up-to-date: /home/rassito/microros_ws/install/diagnostic_msgs/include/diagnostic_msgs/diagnostic_msgs/srv/detail/add_diagnostics__functions.h
-- Up-to-date: /home/rassito/microros_ws/install/diagnostic_msgs/include/diagnostic_msgs/diagnostic_msgs/srv/detail/add_diagnostics__struct.h
-- Up-to-date: /home/rassito/microros_ws/install/diagnostic_msgs/include/diagnostic_msgs/diagnostic_msgs/srv/detail/self_test__type_support.h
-- Up-to-date: /home/rassito/microros_ws/install/diagnostic_msgs/include/diagnostic_msgs/diagnostic_msgs/srv/detail/self_test__description.c
-- Up-to-date: /home/rassito/microros_ws/install/diagnostic_msgs/include/diagnostic_msgs/diagnostic_msgs/srv/detail/self_test__functions.h
-- Installing: /home/rassito/microros_ws/install/diagnostic_msgs/include/diagnostic_msgs/diagnostic_msgs/srv/detail/self_test__type_support.c
-- Up-to-date: /home/rassito/microros_ws/install/diagnostic_msgs/include/diagnostic_msgs/diagnostic_msgs/srv/detail/add_diagnostics__type_support.h
-- Up-to-date: /home/rassito/microros_ws/install/diagnostic_msgs/include/diagnostic_msgs/diagnostic_msgs/srv/detail/self_test__functions.c
-- Installing: /home/rassito/microros_ws/install/diagnostic_msgs/include/diagnostic_msgs/diagnostic_msgs/srv/detail/add_diagnostics__type_support.c
-- Up-to-date: /home/rassito/microros_ws/install/diagnostic_msgs/include/diagnostic_msgs/diagnostic_msgs/srv/detail/add_diagnostics__functions.c
-- Up-to-date: /home/rassito/microros_ws/install/diagnostic_msgs/include/diagnostic_msgs/diagnostic_msgs/srv/detail/self_test__struct.h
-- Up-to-date: /home/rassito/microros_ws/install/diagnostic_msgs/include/diagnostic_msgs/diagnostic_msgs/srv/detail/add_diagnostics__description.c
-- Up-to-date: /home/rassito/microros_ws/install/diagnostic_msgs/include/diagnostic_msgs/diagnostic_msgs/msg
-- Up-to-date: /home/rassito/microros_ws/install/diagnostic_msgs/include/diagnostic_msgs/diagnostic_msgs/msg/diagnostic_status.h
-- Up-to-date: /home/rassito/microros_ws/install/diagnostic_msgs/include/diagnostic_msgs/diagnostic_msgs/msg/diagnostic_array.h
-- Up-to-date: /home/rassito/microros_ws/install/diagnostic_msgs/include/diagnostic_msgs/diagnostic_msgs/msg/key_value.h
-- Up-to-date: /home/rassito/microros_ws/install/diagnostic_msgs/include/diagnostic_msgs/diagnostic_msgs/msg/detail
-- Installing: /home/rassito/microros_ws/install/diagnostic_msgs/include/diagnostic_msgs/diagnostic_msgs/msg/detail/diagnostic_status__type_support.c
-- Up-to-date: /home/rassito/microros_ws/install/diagnostic_msgs/include/diagnostic_msgs/diagnostic_msgs/msg/detail/diagnostic_array__functions.h
-- Up-to-date: /home/rassito/microros_ws/install/diagnostic_msgs/include/diagnostic_msgs/diagnostic_msgs/msg/detail/key_value__functions.h
-- Up-to-date: /home/rassito/microros_ws/install/diagnostic_msgs/include/diagnostic_msgs/diagnostic_msgs/msg/detail/key_value__functions.c
-- Installing: /home/rassito/microros_ws/install/diagnostic_msgs/include/diagnostic_msgs/diagnostic_msgs/msg/detail/key_value__type_support.c
-- Up-to-date: /home/rassito/microros_ws/install/diagnostic_msgs/include/diagnostic_msgs/diagnostic_msgs/msg/detail/diagnostic_array__type_support.h
-- Up-to-date: /home/rassito/microros_ws/install/diagnostic_msgs/include/diagnostic_msgs/diagnostic_msgs/msg/detail/diagnostic_array__functions.c
-- Up-to-date: /home/rassito/microros_ws/install/diagnostic_msgs/include/diagnostic_msgs/diagnostic_msgs/msg/detail/key_value__description.c
-- Installing: /home/rassito/microros_ws/install/diagnostic_msgs/include/diagnostic_msgs/diagnostic_msgs/msg/detail/diagnostic_array__type_support.c
-- Up-to-date: /home/rassito/microros_ws/install/diagnostic_msgs/include/diagnostic_msgs/diagnostic_msgs/msg/detail/key_value__struct.h
-- Up-to-date: /home/rassito/microros_ws/install/diagnostic_msgs/include/diagnostic_msgs/diagnostic_msgs/msg/detail/diagnostic_status__struct.h
-- Up-to-date: /home/rassito/microros_ws/install/diagnostic_msgs/include/diagnostic_msgs/diagnostic_msgs/msg/detail/diagnostic_status__functions.h
-- Up-to-date: /home/rassito/microros_ws/install/diagnostic_msgs/include/diagnostic_msgs/diagnostic_msgs/msg/detail/diagnostic_array__description.c
-- Up-to-date: /home/rassito/microros_ws/install/diagnostic_msgs/include/diagnostic_msgs/diagnostic_msgs/msg/detail/diagnostic_status__description.c
-- Up-to-date: /home/rassito/microros_ws/install/diagnostic_msgs/include/diagnostic_msgs/diagnostic_msgs/msg/detail/diagnostic_status__type_support.h
-- Up-to-date: /home/rassito/microros_ws/install/diagnostic_msgs/include/diagnostic_msgs/diagnostic_msgs/msg/detail/key_value__type_support.h
-- Up-to-date: /home/rassito/microros_ws/install/diagnostic_msgs/include/diagnostic_msgs/diagnostic_msgs/msg/detail/diagnostic_array__struct.h
-- Up-to-date: /home/rassito/microros_ws/install/diagnostic_msgs/include/diagnostic_msgs/diagnostic_msgs/msg/detail/diagnostic_status__functions.c
-- Up-to-date: /home/rassito/microros_ws/install/diagnostic_msgs/include/diagnostic_msgs/diagnostic_msgs/msg/rosidl_generator_c__visibility_control.h
-- Up-to-date: /home/rassito/microros_ws/install/diagnostic_msgs/share/diagnostic_msgs/environment/library_path.sh
-- Up-to-date: /home/rassito/microros_ws/install/diagnostic_msgs/share/diagnostic_msgs/environment/library_path.dsv
-- Up-to-date: /home/rassito/microros_ws/install/diagnostic_msgs/lib/libdiagnostic_msgs__rosidl_generator_c.so
-- Up-to-date: /home/rassito/microros_ws/install/diagnostic_msgs/include/diagnostic_msgs
-- Up-to-date: /home/rassito/microros_ws/install/diagnostic_msgs/include/diagnostic_msgs/srv
-- Up-to-date: /home/rassito/microros_ws/install/diagnostic_msgs/include/diagnostic_msgs/srv/detail
-- Up-to-date: /home/rassito/microros_ws/install/diagnostic_msgs/include/diagnostic_msgs/srv/detail/add_diagnostics__rosidl_typesupport_microxrcedds_c.h
-- Up-to-date: /home/rassito/microros_ws/install/diagnostic_msgs/include/diagnostic_msgs/srv/detail/microxrcedds
-- Up-to-date: /home/rassito/microros_ws/install/diagnostic_msgs/include/diagnostic_msgs/srv/detail/self_test__rosidl_typesupport_microxrcedds_c.h
-- Up-to-date: /home/rassito/microros_ws/install/diagnostic_msgs/include/diagnostic_msgs/msg
-- Up-to-date: /home/rassito/microros_ws/install/diagnostic_msgs/include/diagnostic_msgs/msg/detail
-- Up-to-date: /home/rassito/microros_ws/install/diagnostic_msgs/include/diagnostic_msgs/msg/detail/microxrcedds
-- Up-to-date: /home/rassito/microros_ws/install/diagnostic_msgs/include/diagnostic_msgs/msg/detail/diagnostic_status__rosidl_typesupport_microxrcedds_c.h
-- Up-to-date: /home/rassito/microros_ws/install/diagnostic_msgs/include/diagnostic_msgs/msg/detail/key_value__rosidl_typesupport_microxrcedds_c.h
-- Up-to-date: /home/rassito/microros_ws/install/diagnostic_msgs/include/diagnostic_msgs/msg/detail/diagnostic_array__rosidl_typesupport_microxrcedds_c.h
-- Up-to-date: /home/rassito/microros_ws/install/diagnostic_msgs/include/diagnostic_msgs/msg/rosidl_typesupport_microxrcedds_c__visibility_control.h
-- Up-to-date: /home/rassito/microros_ws/install/diagnostic_msgs/lib/libdiagnostic_msgs__rosidl_typesupport_microxrcedds_c.so
-- Up-to-date: /home/rassito/microros_ws/install/diagnostic_msgs/include/diagnostic_msgs/diagnostic_msgs
-- Up-to-date: /home/rassito/microros_ws/install/diagnostic_msgs/include/diagnostic_msgs/diagnostic_msgs/srv
-- Up-to-date: /home/rassito/microros_ws/install/diagnostic_msgs/include/diagnostic_msgs/diagnostic_msgs/srv/detail
-- Up-to-date: /home/rassito/microros_ws/install/diagnostic_msgs/include/diagnostic_msgs/diagnostic_msgs/srv/detail/self_test__rosidl_typesupport_fastrtps_c.h
-- Up-to-date: /home/rassito/microros_ws/install/diagnostic_msgs/include/diagnostic_msgs/diagnostic_msgs/srv/detail/add_diagnostics__rosidl_typesupport_fastrtps_c.h
-- Up-to-date: /home/rassito/microros_ws/install/diagnostic_msgs/include/diagnostic_msgs/diagnostic_msgs/msg
-- Up-to-date: /home/rassito/microros_ws/install/diagnostic_msgs/include/diagnostic_msgs/diagnostic_msgs/msg/rosidl_typesupport_fastrtps_c__visibility_control.h
-- Up-to-date: /home/rassito/microros_ws/install/diagnostic_msgs/include/diagnostic_msgs/diagnostic_msgs/msg/detail
-- Up-to-date: /home/rassito/microros_ws/install/diagnostic_msgs/include/diagnostic_msgs/diagnostic_msgs/msg/detail/key_value__rosidl_typesupport_fastrtps_c.h
-- Up-to-date: /home/rassito/microros_ws/install/diagnostic_msgs/include/diagnostic_msgs/diagnostic_msgs/msg/detail/diagnostic_status__rosidl_typesupport_fastrtps_c.h
-- Up-to-date: /home/rassito/microros_ws/install/diagnostic_msgs/include/diagnostic_msgs/diagnostic_msgs/msg/detail/diagnostic_array__rosidl_typesupport_fastrtps_c.h
-- Up-to-date: /home/rassito/microros_ws/install/diagnostic_msgs/lib/libdiagnostic_msgs__rosidl_typesupport_fastrtps_c.so
-- Up-to-date: /home/rassito/microros_ws/install/diagnostic_msgs/include/diagnostic_msgs/diagnostic_msgs
-- Up-to-date: /home/rassito/microros_ws/install/diagnostic_msgs/include/diagnostic_msgs/diagnostic_msgs/srv
-- Up-to-date: /home/rassito/microros_ws/install/diagnostic_msgs/include/diagnostic_msgs/diagnostic_msgs/srv/detail
-- Up-to-date: /home/rassito/microros_ws/install/diagnostic_msgs/include/diagnostic_msgs/diagnostic_msgs/srv/detail/self_test__rosidl_typesupport_introspection_c.h
-- Up-to-date: /home/rassito/microros_ws/install/diagnostic_msgs/include/diagnostic_msgs/diagnostic_msgs/srv/detail/add_diagnostics__rosidl_typesupport_introspection_c.h
-- Installing: /home/rassito/microros_ws/install/diagnostic_msgs/include/diagnostic_msgs/diagnostic_msgs/srv/detail/self_test__type_support.c
-- Installing: /home/rassito/microros_ws/install/diagnostic_msgs/include/diagnostic_msgs/diagnostic_msgs/srv/detail/add_diagnostics__type_support.c
-- Up-to-date: /home/rassito/microros_ws/install/diagnostic_msgs/include/diagnostic_msgs/diagnostic_msgs/msg
-- Up-to-date: /home/rassito/microros_ws/install/diagnostic_msgs/include/diagnostic_msgs/diagnostic_msgs/msg/rosidl_typesupport_introspection_c__visibility_control.h
-- Up-to-date: /home/rassito/microros_ws/install/diagnostic_msgs/include/diagnostic_msgs/diagnostic_msgs/msg/detail
-- Installing: /home/rassito/microros_ws/install/diagnostic_msgs/include/diagnostic_msgs/diagnostic_msgs/msg/detail/diagnostic_status__type_support.c
-- Up-to-date: /home/rassito/microros_ws/install/diagnostic_msgs/include/diagnostic_msgs/diagnostic_msgs/msg/detail/diagnostic_status__rosidl_typesupport_introspection_c.h
-- Up-to-date: /home/rassito/microros_ws/install/diagnostic_msgs/include/diagnostic_msgs/diagnostic_msgs/msg/detail/key_value__rosidl_typesupport_introspection_c.h
-- Up-to-date: /home/rassito/microros_ws/install/diagnostic_msgs/include/diagnostic_msgs/diagnostic_msgs/msg/detail/diagnostic_array__rosidl_typesupport_introspection_c.h
-- Installing: /home/rassito/microros_ws/install/diagnostic_msgs/include/diagnostic_msgs/diagnostic_msgs/msg/detail/key_value__type_support.c
-- Installing: /home/rassito/microros_ws/install/diagnostic_msgs/include/diagnostic_msgs/diagnostic_msgs/msg/detail/diagnostic_array__type_support.c
-- Up-to-date: /home/rassito/microros_ws/install/diagnostic_msgs/lib/libdiagnostic_msgs__rosidl_typesupport_introspection_c.so
-- Up-to-date: /home/rassito/microros_ws/install/diagnostic_msgs/lib/libdiagnostic_msgs__rosidl_typesupport_c.so
-- Up-to-date: /home/rassito/microros_ws/install/diagnostic_msgs/include/diagnostic_msgs/diagnostic_msgs
-- Up-to-date: /home/rassito/microros_ws/install/diagnostic_msgs/include/diagnostic_msgs/diagnostic_msgs/srv
-- Up-to-date: /home/rassito/microros_ws/install/diagnostic_msgs/include/diagnostic_msgs/diagnostic_msgs/srv/self_test.hpp
-- Up-to-date: /home/rassito/microros_ws/install/diagnostic_msgs/include/diagnostic_msgs/diagnostic_msgs/srv/add_diagnostics.hpp
-- Up-to-date: /home/rassito/microros_ws/install/diagnostic_msgs/include/diagnostic_msgs/diagnostic_msgs/srv/detail
-- Up-to-date: /home/rassito/microros_ws/install/diagnostic_msgs/include/diagnostic_msgs/diagnostic_msgs/srv/detail/add_diagnostics__struct.hpp
-- Up-to-date: /home/rassito/microros_ws/install/diagnostic_msgs/include/diagnostic_msgs/diagnostic_msgs/srv/detail/add_diagnostics__type_support.hpp
-- Up-to-date: /home/rassito/microros_ws/install/diagnostic_msgs/include/diagnostic_msgs/diagnostic_msgs/srv/detail/self_test__traits.hpp
-- Up-to-date: /home/rassito/microros_ws/install/diagnostic_msgs/include/diagnostic_msgs/diagnostic_msgs/srv/detail/self_test__builder.hpp
-- Up-to-date: /home/rassito/microros_ws/install/diagnostic_msgs/include/diagnostic_msgs/diagnostic_msgs/srv/detail/self_test__struct.hpp
-- Up-to-date: /home/rassito/microros_ws/install/diagnostic_msgs/include/diagnostic_msgs/diagnostic_msgs/srv/detail/self_test__type_support.hpp
-- Up-to-date: /home/rassito/microros_ws/install/diagnostic_msgs/include/diagnostic_msgs/diagnostic_msgs/srv/detail/add_diagnostics__traits.hpp
-- Up-to-date: /home/rassito/microros_ws/install/diagnostic_msgs/include/diagnostic_msgs/diagnostic_msgs/srv/detail/add_diagnostics__builder.hpp
-- Up-to-date: /home/rassito/microros_ws/install/diagnostic_msgs/include/diagnostic_msgs/diagnostic_msgs/msg
-- Up-to-date: /home/rassito/microros_ws/install/diagnostic_msgs/include/diagnostic_msgs/diagnostic_msgs/msg/diagnostic_status.hpp
-- Up-to-date: /home/rassito/microros_ws/install/diagnostic_msgs/include/diagnostic_msgs/diagnostic_msgs/msg/rosidl_generator_cpp__visibility_control.hpp
-- Up-to-date: /home/rassito/microros_ws/install/diagnostic_msgs/include/diagnostic_msgs/diagnostic_msgs/msg/diagnostic_array.hpp
-- Up-to-date: /home/rassito/microros_ws/install/diagnostic_msgs/include/diagnostic_msgs/diagnostic_msgs/msg/key_value.hpp
-- Up-to-date: /home/rassito/microros_ws/install/diagnostic_msgs/include/diagnostic_msgs/diagnostic_msgs/msg/detail
-- Up-to-date: /home/rassito/microros_ws/install/diagnostic_msgs/include/diagnostic_msgs/diagnostic_msgs/msg/detail/diagnostic_array__type_support.hpp
-- Up-to-date: /home/rassito/microros_ws/install/diagnostic_msgs/include/diagnostic_msgs/diagnostic_msgs/msg/detail/key_value__type_support.hpp
-- Up-to-date: /home/rassito/microros_ws/install/diagnostic_msgs/include/diagnostic_msgs/diagnostic_msgs/msg/detail/diagnostic_array__traits.hpp
-- Up-to-date: /home/rassito/microros_ws/install/diagnostic_msgs/include/diagnostic_msgs/diagnostic_msgs/msg/detail/diagnostic_status__struct.hpp
-- Up-to-date: /home/rassito/microros_ws/install/diagnostic_msgs/include/diagnostic_msgs/diagnostic_msgs/msg/detail/diagnostic_status__traits.hpp
-- Up-to-date: /home/rassito/microros_ws/install/diagnostic_msgs/include/diagnostic_msgs/diagnostic_msgs/msg/detail/diagnostic_status__type_support.hpp
-- Up-to-date: /home/rassito/microros_ws/install/diagnostic_msgs/include/diagnostic_msgs/diagnostic_msgs/msg/detail/key_value__struct.hpp
-- Up-to-date: /home/rassito/microros_ws/install/diagnostic_msgs/include/diagnostic_msgs/diagnostic_msgs/msg/detail/diagnostic_status__builder.hpp
-- Up-to-date: /home/rassito/microros_ws/install/diagnostic_msgs/include/diagnostic_msgs/diagnostic_msgs/msg/detail/key_value__builder.hpp
-- Up-to-date: /home/rassito/microros_ws/install/diagnostic_msgs/include/diagnostic_msgs/diagnostic_msgs/msg/detail/diagnostic_array__builder.hpp
-- Up-to-date: /home/rassito/microros_ws/install/diagnostic_msgs/include/diagnostic_msgs/diagnostic_msgs/msg/detail/diagnostic_array__struct.hpp
-- Up-to-date: /home/rassito/microros_ws/install/diagnostic_msgs/include/diagnostic_msgs/diagnostic_msgs/msg/detail/key_value__traits.hpp
-- Up-to-date: /home/rassito/microros_ws/install/diagnostic_msgs/include/diagnostic_msgs
-- Up-to-date: /home/rassito/microros_ws/install/diagnostic_msgs/include/diagnostic_msgs/srv
-- Up-to-date: /home/rassito/microros_ws/install/diagnostic_msgs/include/diagnostic_msgs/srv/detail
-- Up-to-date: /home/rassito/microros_ws/install/diagnostic_msgs/include/diagnostic_msgs/srv/detail/microxrcedds
-- Up-to-date: /home/rassito/microros_ws/install/diagnostic_msgs/include/diagnostic_msgs/srv/detail/microxrcedds/self_test__type_support_cpp.cpp
-- Up-to-date: /home/rassito/microros_ws/install/diagnostic_msgs/include/diagnostic_msgs/srv/detail/microxrcedds/add_diagnostics__type_support_cpp.cpp
-- Up-to-date: /home/rassito/microros_ws/install/diagnostic_msgs/include/diagnostic_msgs/srv/detail/add_diagnostics__rosidl_typesupport_microxrcedds_cpp.hpp
-- Up-to-date: /home/rassito/microros_ws/install/diagnostic_msgs/include/diagnostic_msgs/srv/detail/self_test__rosidl_typesupport_microxrcedds_cpp.hpp
-- Up-to-date: /home/rassito/microros_ws/install/diagnostic_msgs/include/diagnostic_msgs/msg
-- Up-to-date: /home/rassito/microros_ws/install/diagnostic_msgs/include/diagnostic_msgs/msg/rosidl_typesupport_microxrcedds_cpp__visibility_control.h
-- Up-to-date: /home/rassito/microros_ws/install/diagnostic_msgs/include/diagnostic_msgs/msg/detail
-- Up-to-date: /home/rassito/microros_ws/install/diagnostic_msgs/include/diagnostic_msgs/msg/detail/microxrcedds
-- Up-to-date: /home/rassito/microros_ws/install/diagnostic_msgs/include/diagnostic_msgs/msg/detail/microxrcedds/diagnostic_array__type_support_cpp.cpp
-- Up-to-date: /home/rassito/microros_ws/install/diagnostic_msgs/include/diagnostic_msgs/msg/detail/microxrcedds/key_value__type_support_cpp.cpp
-- Up-to-date: /home/rassito/microros_ws/install/diagnostic_msgs/include/diagnostic_msgs/msg/detail/microxrcedds/diagnostic_status__type_support_cpp.cpp
-- Up-to-date: /home/rassito/microros_ws/install/diagnostic_msgs/include/diagnostic_msgs/msg/detail/key_value__rosidl_typesupport_microxrcedds_cpp.hpp
-- Up-to-date: /home/rassito/microros_ws/install/diagnostic_msgs/include/diagnostic_msgs/msg/detail/diagnostic_status__rosidl_typesupport_microxrcedds_cpp.hpp
-- Up-to-date: /home/rassito/microros_ws/install/diagnostic_msgs/include/diagnostic_msgs/msg/detail/diagnostic_array__rosidl_typesupport_microxrcedds_cpp.hpp
-- Up-to-date: /home/rassito/microros_ws/install/diagnostic_msgs/lib/libdiagnostic_msgs__rosidl_typesupport_microxrcedds_cpp.so
-- Up-to-date: /home/rassito/microros_ws/install/diagnostic_msgs/include/diagnostic_msgs/diagnostic_msgs
-- Up-to-date: /home/rassito/microros_ws/install/diagnostic_msgs/include/diagnostic_msgs/diagnostic_msgs/srv
-- Up-to-date: /home/rassito/microros_ws/install/diagnostic_msgs/include/diagnostic_msgs/diagnostic_msgs/srv/detail
-- Up-to-date: /home/rassito/microros_ws/install/diagnostic_msgs/include/diagnostic_msgs/diagnostic_msgs/srv/detail/self_test__rosidl_typesupport_fastrtps_cpp.hpp
-- Up-to-date: /home/rassito/microros_ws/install/diagnostic_msgs/include/diagnostic_msgs/diagnostic_msgs/srv/detail/add_diagnostics__rosidl_typesupport_fastrtps_cpp.hpp
-- Up-to-date: /home/rassito/microros_ws/install/diagnostic_msgs/include/diagnostic_msgs/diagnostic_msgs/srv/detail/dds_fastrtps
-- Up-to-date: /home/rassito/microros_ws/install/diagnostic_msgs/include/diagnostic_msgs/diagnostic_msgs/msg
-- Up-to-date: /home/rassito/microros_ws/install/diagnostic_msgs/include/diagnostic_msgs/diagnostic_msgs/msg/rosidl_typesupport_fastrtps_cpp__visibility_control.h
-- Up-to-date: /home/rassito/microros_ws/install/diagnostic_msgs/include/diagnostic_msgs/diagnostic_msgs/msg/detail
-- Up-to-date: /home/rassito/microros_ws/install/diagnostic_msgs/include/diagnostic_msgs/diagnostic_msgs/msg/detail/diagnostic_status__rosidl_typesupport_fastrtps_cpp.hpp
-- Up-to-date: /home/rassito/microros_ws/install/diagnostic_msgs/include/diagnostic_msgs/diagnostic_msgs/msg/detail/diagnostic_array__rosidl_typesupport_fastrtps_cpp.hpp
-- Up-to-date: /home/rassito/microros_ws/install/diagnostic_msgs/include/diagnostic_msgs/diagnostic_msgs/msg/detail/key_value__rosidl_typesupport_fastrtps_cpp.hpp
-- Up-to-date: /home/rassito/microros_ws/install/diagnostic_msgs/include/diagnostic_msgs/diagnostic_msgs/msg/detail/dds_fastrtps
-- Up-to-date: /home/rassito/microros_ws/install/diagnostic_msgs/lib/libdiagnostic_msgs__rosidl_typesupport_fastrtps_cpp.so
-- Up-to-date: /home/rassito/microros_ws/install/diagnostic_msgs/include/diagnostic_msgs/diagnostic_msgs
-- Up-to-date: /home/rassito/microros_ws/install/diagnostic_msgs/include/diagnostic_msgs/diagnostic_msgs/srv
-- Up-to-date: /home/rassito/microros_ws/install/diagnostic_msgs/include/diagnostic_msgs/diagnostic_msgs/srv/detail
-- Up-to-date: /home/rassito/microros_ws/install/diagnostic_msgs/include/diagnostic_msgs/diagnostic_msgs/srv/detail/self_test__type_support.cpp
-- Up-to-date: /home/rassito/microros_ws/install/diagnostic_msgs/include/diagnostic_msgs/diagnostic_msgs/srv/detail/add_diagnostics__type_support.cpp
-- Up-to-date: /home/rassito/microros_ws/install/diagnostic_msgs/include/diagnostic_msgs/diagnostic_msgs/srv/detail/add_diagnostics__rosidl_typesupport_introspection_cpp.hpp
-- Up-to-date: /home/rassito/microros_ws/install/diagnostic_msgs/include/diagnostic_msgs/diagnostic_msgs/srv/detail/self_test__rosidl_typesupport_introspection_cpp.hpp
-- Up-to-date: /home/rassito/microros_ws/install/diagnostic_msgs/include/diagnostic_msgs/diagnostic_msgs/msg
-- Up-to-date: /home/rassito/microros_ws/install/diagnostic_msgs/include/diagnostic_msgs/diagnostic_msgs/msg/detail
-- Up-to-date: /home/rassito/microros_ws/install/diagnostic_msgs/include/diagnostic_msgs/diagnostic_msgs/msg/detail/diagnostic_status__type_support.cpp
-- Up-to-date: /home/rassito/microros_ws/install/diagnostic_msgs/include/diagnostic_msgs/diagnostic_msgs/msg/detail/diagnostic_array__rosidl_typesupport_introspection_cpp.hpp
-- Up-to-date: /home/rassito/microros_ws/install/diagnostic_msgs/include/diagnostic_msgs/diagnostic_msgs/msg/detail/key_value__type_support.cpp
-- Up-to-date: /home/rassito/microros_ws/install/diagnostic_msgs/include/diagnostic_msgs/diagnostic_msgs/msg/detail/key_value__rosidl_typesupport_introspection_cpp.hpp
-- Up-to-date: /home/rassito/microros_ws/install/diagnostic_msgs/include/diagnostic_msgs/diagnostic_msgs/msg/detail/diagnostic_status__rosidl_typesupport_introspection_cpp.hpp
-- Up-to-date: /home/rassito/microros_ws/install/diagnostic_msgs/include/diagnostic_msgs/diagnostic_msgs/msg/detail/diagnostic_array__type_support.cpp
-- Up-to-date: /home/rassito/microros_ws/install/diagnostic_msgs/lib/libdiagnostic_msgs__rosidl_typesupport_introspection_cpp.so
-- Up-to-date: /home/rassito/microros_ws/install/diagnostic_msgs/lib/libdiagnostic_msgs__rosidl_typesupport_cpp.so
-- Up-to-date: /home/rassito/microros_ws/install/diagnostic_msgs/share/diagnostic_msgs/environment/pythonpath.sh
-- Up-to-date: /home/rassito/microros_ws/install/diagnostic_msgs/share/diagnostic_msgs/environment/pythonpath.dsv
-- Up-to-date: /home/rassito/microros_ws/install/diagnostic_msgs/lib/python3.12/site-packages/diagnostic_msgs-5.3.5-py3.12.egg-info
-- Installing: /home/rassito/microros_ws/install/diagnostic_msgs/lib/python3.12/site-packages/diagnostic_msgs-5.3.5-py3.12.egg-info/top_level.txt
-- Installing: /home/rassito/microros_ws/install/diagnostic_msgs/lib/python3.12/site-packages/diagnostic_msgs-5.3.5-py3.12.egg-info/PKG-INFO
-- Installing: /home/rassito/microros_ws/install/diagnostic_msgs/lib/python3.12/site-packages/diagnostic_msgs-5.3.5-py3.12.egg-info/dependency_links.txt
-- Installing: /home/rassito/microros_ws/install/diagnostic_msgs/lib/python3.12/site-packages/diagnostic_msgs-5.3.5-py3.12.egg-info/SOURCES.txt
-- Up-to-date: /home/rassito/microros_ws/install/diagnostic_msgs/lib/python3.12/site-packages/diagnostic_msgs
-- Up-to-date: /home/rassito/microros_ws/install/diagnostic_msgs/lib/python3.12/site-packages/diagnostic_msgs/_diagnostic_msgs_s.ep.rosidl_typesupport_fastrtps_c.c
-- Up-to-date: /home/rassito/microros_ws/install/diagnostic_msgs/lib/python3.12/site-packages/diagnostic_msgs/diagnostic_msgs_s__rosidl_typesupport_introspection_c.so
-- Up-to-date: /home/rassito/microros_ws/install/diagnostic_msgs/lib/python3.12/site-packages/diagnostic_msgs/diagnostic_msgs_s__rosidl_typesupport_c.so
-- Up-to-date: /home/rassito/microros_ws/install/diagnostic_msgs/lib/python3.12/site-packages/diagnostic_msgs/_diagnostic_msgs_s.ep.rosidl_typesupport_c.c
-- Up-to-date: /home/rassito/microros_ws/install/diagnostic_msgs/lib/python3.12/site-packages/diagnostic_msgs/_diagnostic_msgs_s.ep.rosidl_typesupport_microxrcedds_c.c
-- Up-to-date: /home/rassito/microros_ws/install/diagnostic_msgs/lib/python3.12/site-packages/diagnostic_msgs/srv
-- Up-to-date: /home/rassito/microros_ws/install/diagnostic_msgs/lib/python3.12/site-packages/diagnostic_msgs/srv/_self_test.py
-- Up-to-date: /home/rassito/microros_ws/install/diagnostic_msgs/lib/python3.12/site-packages/diagnostic_msgs/srv/_self_test_s.c
-- Up-to-date: /home/rassito/microros_ws/install/diagnostic_msgs/lib/python3.12/site-packages/diagnostic_msgs/srv/_add_diagnostics.py
-- Up-to-date: /home/rassito/microros_ws/install/diagnostic_msgs/lib/python3.12/site-packages/diagnostic_msgs/srv/_add_diagnostics_s.c
-- Up-to-date: /home/rassito/microros_ws/install/diagnostic_msgs/lib/python3.12/site-packages/diagnostic_msgs/srv/__init__.py
-- Up-to-date: /home/rassito/microros_ws/install/diagnostic_msgs/lib/python3.12/site-packages/diagnostic_msgs/diagnostic_msgs_s__rosidl_typesupport_fastrtps_c.so
-- Up-to-date: /home/rassito/microros_ws/install/diagnostic_msgs/lib/python3.12/site-packages/diagnostic_msgs/_diagnostic_msgs_s.ep.rosidl_typesupport_introspection_c.c
-- Up-to-date: /home/rassito/microros_ws/install/diagnostic_msgs/lib/python3.12/site-packages/diagnostic_msgs/msg
-- Up-to-date: /home/rassito/microros_ws/install/diagnostic_msgs/lib/python3.12/site-packages/diagnostic_msgs/msg/_diagnostic_array.py
-- Up-to-date: /home/rassito/microros_ws/install/diagnostic_msgs/lib/python3.12/site-packages/diagnostic_msgs/msg/_key_value.py
-- Up-to-date: /home/rassito/microros_ws/install/diagnostic_msgs/lib/python3.12/site-packages/diagnostic_msgs/msg/_diagnostic_status_s.c
-- Up-to-date: /home/rassito/microros_ws/install/diagnostic_msgs/lib/python3.12/site-packages/diagnostic_msgs/msg/_key_value_s.c
-- Up-to-date: /home/rassito/microros_ws/install/diagnostic_msgs/lib/python3.12/site-packages/diagnostic_msgs/msg/_diagnostic_status.py
-- Up-to-date: /home/rassito/microros_ws/install/diagnostic_msgs/lib/python3.12/site-packages/diagnostic_msgs/msg/_diagnostic_array_s.c
-- Up-to-date: /home/rassito/microros_ws/install/diagnostic_msgs/lib/python3.12/site-packages/diagnostic_msgs/msg/__init__.py
-- Up-to-date: /home/rassito/microros_ws/install/diagnostic_msgs/lib/python3.12/site-packages/diagnostic_msgs/diagnostic_msgs_s__rosidl_typesupport_microxrcedds_c.so
-- Up-to-date: /home/rassito/microros_ws/install/diagnostic_msgs/lib/python3.12/site-packages/diagnostic_msgs/__init__.py
Listing '/home/rassito/microros_ws/install/diagnostic_msgs/lib/python3.12/site-packages/diagnostic_msgs'...
Listing '/home/rassito/microros_ws/install/diagnostic_msgs/lib/python3.12/site-packages/diagnostic_msgs/msg'...
Listing '/home/rassito/microros_ws/install/diagnostic_msgs/lib/python3.12/site-packages/diagnostic_msgs/srv'...
-- Up-to-date: /home/rassito/microros_ws/install/diagnostic_msgs/lib/python3.12/site-packages/diagnostic_msgs/diagnostic_msgs_s__rosidl_typesupport_microxrcedds_c.so
-- Up-to-date: /home/rassito/microros_ws/install/diagnostic_msgs/lib/python3.12/site-packages/diagnostic_msgs/diagnostic_msgs_s__rosidl_typesupport_fastrtps_c.so
-- Up-to-date: /home/rassito/microros_ws/install/diagnostic_msgs/lib/python3.12/site-packages/diagnostic_msgs/diagnostic_msgs_s__rosidl_typesupport_introspection_c.so
-- Up-to-date: /home/rassito/microros_ws/install/diagnostic_msgs/lib/python3.12/site-packages/diagnostic_msgs/diagnostic_msgs_s__rosidl_typesupport_c.so
-- Up-to-date: /home/rassito/microros_ws/install/diagnostic_msgs/lib/libdiagnostic_msgs__rosidl_generator_py.so
-- Up-to-date: /home/rassito/microros_ws/install/diagnostic_msgs/share/diagnostic_msgs/msg/DiagnosticArray.idl
-- Up-to-date: /home/rassito/microros_ws/install/diagnostic_msgs/share/diagnostic_msgs/msg/DiagnosticStatus.idl
-- Up-to-date: /home/rassito/microros_ws/install/diagnostic_msgs/share/diagnostic_msgs/msg/KeyValue.idl
-- Up-to-date: /home/rassito/microros_ws/install/diagnostic_msgs/share/diagnostic_msgs/srv/AddDiagnostics.idl
-- Up-to-date: /home/rassito/microros_ws/install/diagnostic_msgs/share/diagnostic_msgs/srv/SelfTest.idl
-- Up-to-date: /home/rassito/microros_ws/install/diagnostic_msgs/share/diagnostic_msgs/msg/DiagnosticArray.msg
-- Up-to-date: /home/rassito/microros_ws/install/diagnostic_msgs/share/diagnostic_msgs/msg/DiagnosticStatus.msg
-- Up-to-date: /home/rassito/microros_ws/install/diagnostic_msgs/share/diagnostic_msgs/msg/KeyValue.msg
-- Up-to-date: /home/rassito/microros_ws/install/diagnostic_msgs/share/diagnostic_msgs/srv/AddDiagnostics.srv
-- Up-to-date: /home/rassito/microros_ws/install/diagnostic_msgs/share/diagnostic_msgs/srv/SelfTest.srv
-- Up-to-date: /home/rassito/microros_ws/install/diagnostic_msgs/share/ament_index/resource_index/package_run_dependencies/diagnostic_msgs
-- Up-to-date: /home/rassito/microros_ws/install/diagnostic_msgs/share/ament_index/resource_index/parent_prefix_path/diagnostic_msgs
-- Up-to-date: /home/rassito/microros_ws/install/diagnostic_msgs/share/diagnostic_msgs/environment/ament_prefix_path.sh
-- Up-to-date: /home/rassito/microros_ws/install/diagnostic_msgs/share/diagnostic_msgs/environment/ament_prefix_path.dsv
-- Up-to-date: /home/rassito/microros_ws/install/diagnostic_msgs/share/diagnostic_msgs/environment/path.sh
-- Up-to-date: /home/rassito/microros_ws/install/diagnostic_msgs/share/diagnostic_msgs/environment/path.dsv
-- Up-to-date: /home/rassito/microros_ws/install/diagnostic_msgs/share/diagnostic_msgs/local_setup.bash
-- Up-to-date: /home/rassito/microros_ws/install/diagnostic_msgs/share/diagnostic_msgs/local_setup.sh
-- Up-to-date: /home/rassito/microros_ws/install/diagnostic_msgs/share/diagnostic_msgs/local_setup.zsh
-- Up-to-date: /home/rassito/microros_ws/install/diagnostic_msgs/share/diagnostic_msgs/local_setup.dsv
-- Installing: /home/rassito/microros_ws/install/diagnostic_msgs/share/diagnostic_msgs/package.dsv
-- Up-to-date: /home/rassito/microros_ws/install/diagnostic_msgs/share/ament_index/resource_index/packages/diagnostic_msgs
-- Up-to-date: /home/rassito/microros_ws/install/diagnostic_msgs/share/diagnostic_msgs/cmake/export_diagnostic_msgs__rosidl_generator_cExport.cmake
-- Up-to-date: /home/rassito/microros_ws/install/diagnostic_msgs/share/diagnostic_msgs/cmake/export_diagnostic_msgs__rosidl_generator_cExport-noconfig.cmake
-- Up-to-date: /home/rassito/microros_ws/install/diagnostic_msgs/share/diagnostic_msgs/cmake/export_diagnostic_msgs__rosidl_typesupport_fastrtps_cExport.cmake
-- Up-to-date: /home/rassito/microros_ws/install/diagnostic_msgs/share/diagnostic_msgs/cmake/export_diagnostic_msgs__rosidl_typesupport_fastrtps_cExport-noconfig.cmake
-- Up-to-date: /home/rassito/microros_ws/install/diagnostic_msgs/share/diagnostic_msgs/cmake/diagnostic_msgs__rosidl_typesupport_introspection_cExport.cmake
-- Up-to-date: /home/rassito/microros_ws/install/diagnostic_msgs/share/diagnostic_msgs/cmake/diagnostic_msgs__rosidl_typesupport_introspection_cExport-noconfig.cmake
-- Up-to-date: /home/rassito/microros_ws/install/diagnostic_msgs/share/diagnostic_msgs/cmake/diagnostic_msgs__rosidl_typesupport_cExport.cmake
-- Up-to-date: /home/rassito/microros_ws/install/diagnostic_msgs/share/diagnostic_msgs/cmake/diagnostic_msgs__rosidl_typesupport_cExport-noconfig.cmake
-- Up-to-date: /home/rassito/microros_ws/install/diagnostic_msgs/share/diagnostic_msgs/cmake/export_diagnostic_msgs__rosidl_generator_cppExport.cmake
-- Up-to-date: /home/rassito/microros_ws/install/diagnostic_msgs/share/diagnostic_msgs/cmake/export_diagnostic_msgs__rosidl_typesupport_fastrtps_cppExport.cmake
-- Up-to-date: /home/rassito/microros_ws/install/diagnostic_msgs/share/diagnostic_msgs/cmake/export_diagnostic_msgs__rosidl_typesupport_fastrtps_cppExport-noconfig.cmake
-- Up-to-date: /home/rassito/microros_ws/install/diagnostic_msgs/share/diagnostic_msgs/cmake/diagnostic_msgs__rosidl_typesupport_introspection_cppExport.cmake
-- Up-to-date: /home/rassito/microros_ws/install/diagnostic_msgs/share/diagnostic_msgs/cmake/diagnostic_msgs__rosidl_typesupport_introspection_cppExport-noconfig.cmake
-- Up-to-date: /home/rassito/microros_ws/install/diagnostic_msgs/share/diagnostic_msgs/cmake/diagnostic_msgs__rosidl_typesupport_cppExport.cmake
-- Up-to-date: /home/rassito/microros_ws/install/diagnostic_msgs/share/diagnostic_msgs/cmake/diagnostic_msgs__rosidl_typesupport_cppExport-noconfig.cmake
-- Up-to-date: /home/rassito/microros_ws/install/diagnostic_msgs/share/diagnostic_msgs/cmake/export_diagnostic_msgs__rosidl_generator_pyExport.cmake
-- Up-to-date: /home/rassito/microros_ws/install/diagnostic_msgs/share/diagnostic_msgs/cmake/export_diagnostic_msgs__rosidl_generator_pyExport-noconfig.cmake
-- Up-to-date: /home/rassito/microros_ws/install/diagnostic_msgs/share/diagnostic_msgs/cmake/rosidl_cmake-extras.cmake
-- Up-to-date: /home/rassito/microros_ws/install/diagnostic_msgs/share/diagnostic_msgs/cmake/ament_cmake_export_dependencies-extras.cmake
-- Up-to-date: /home/rassito/microros_ws/install/diagnostic_msgs/share/diagnostic_msgs/cmake/ament_cmake_export_include_directories-extras.cmake
-- Up-to-date: /home/rassito/microros_ws/install/diagnostic_msgs/share/diagnostic_msgs/cmake/ament_cmake_export_libraries-extras.cmake
-- Up-to-date: /home/rassito/microros_ws/install/diagnostic_msgs/share/diagnostic_msgs/cmake/ament_cmake_export_targets-extras.cmake
-- Up-to-date: /home/rassito/microros_ws/install/diagnostic_msgs/share/diagnostic_msgs/cmake/rosidl_cmake_export_typesupport_targets-extras.cmake
-- Up-to-date: /home/rassito/microros_ws/install/diagnostic_msgs/share/diagnostic_msgs/cmake/rosidl_cmake_export_typesupport_libraries-extras.cmake
-- Up-to-date: /home/rassito/microros_ws/install/diagnostic_msgs/share/diagnostic_msgs/cmake/diagnostic_msgsConfig.cmake
-- Up-to-date: /home/rassito/microros_ws/install/diagnostic_msgs/share/diagnostic_msgs/cmake/diagnostic_msgsConfig-version.cmake
-- Up-to-date: /home/rassito/microros_ws/install/diagnostic_msgs/share/diagnostic_msgs/package.xml
