[0.056s] Invoking command in '/home/rassito/microros_ws/build/rosgraph_msgs': AMENT_PREFIX_PATH=/home/rassito/microros_ws/install/builtin_interfaces:${AMENT_PREFIX_PATH} CMAKE_PREFIX_PATH=/home/rassito/microros_ws/install/builtin_interfaces:/opt/ros/jazzy/opt/sdformat_vendor:/opt/ros/jazzy/opt/gz_math_vendor:/opt/ros/jazzy/opt/gz_utils_vendor:/opt/ros/jazzy/opt/gz_tools_vendor:/opt/ros/jazzy/opt/gz_cmake_vendor:/home/rassito/ros_ws/install/super_pkg:/opt/ros/jazzy DEBUGINFOD_URLS=https://debuginfod.ubuntu.com LD_LIBRARY_PATH=/home/rassito/microros_ws/install/builtin_interfaces/lib:${LD_LIBRARY_PATH} PYTHONPATH=/home/rassito/microros_ws/install/builtin_interfaces/lib/python3.12/site-packages:${PYTHONPATH} /usr/bin/cmake /home/rassito/microros_ws/src/ros2/rcl_interfaces/rosgraph_msgs -DCMAKE_INSTALL_PREFIX=/home/rassito/microros_ws/install/rosgraph_msgs
[0.077s] -- Found ament_cmake: 2.5.3 (/opt/ros/jazzy/share/ament_cmake/cmake)
[0.102s] -- Found Python3: /usr/bin/python3 (found version "3.12.3") found components: Interpreter 
[0.197s] -- Found builtin_interfaces: 2.0.2 (/home/rassito/microros_ws/install/builtin_interfaces/share/builtin_interfaces/cmake)
[0.228s] -- Found rosidl_generator_c: 4.6.5 (/opt/ros/jazzy/share/rosidl_generator_c/cmake)
[0.238s] -- Found rosidl_generator_cpp: 4.6.5 (/opt/ros/jazzy/share/rosidl_generator_cpp/cmake)
[0.256s] -- Using all available rosidl_typesupport_c: rosidl_typesupport_fastrtps_c;rosidl_typesupport_introspection_c
[0.274s] -- Using all available rosidl_typesupport_cpp: rosidl_typesupport_fastrtps_cpp;rosidl_typesupport_introspection_cpp
[0.289s] -- Found rosidl_default_generators: 1.6.0 (/opt/ros/jazzy/share/rosidl_default_generators/cmake)
[0.295s] -- Found rosidl_adapter: 4.6.5 (/opt/ros/jazzy/share/rosidl_adapter/cmake)
[0.681s] -- Found ament_cmake_ros: 0.12.0 (/opt/ros/jazzy/share/ament_cmake_ros/cmake)
[0.841s] -- Using all available rosidl_typesupport_c: rosidl_typesupport_fastrtps_c;rosidl_typesupport_introspection_c
[0.893s] -- Using all available rosidl_typesupport_cpp: rosidl_typesupport_fastrtps_cpp;rosidl_typesupport_introspection_cpp
[0.894s] -- Found python_cmake_module: 0.11.1 (/opt/ros/jazzy/share/python_cmake_module/cmake)
[1.162s] -- Found Python3: /usr/bin/python3 (found version "3.12.3") found components: Interpreter Development NumPy Development.Module Development.Embed 
[1.183s] -- Configuring done (1.1s)
[1.244s] -- Generating done (0.1s)
[1.254s] -- Build files have been written to: /home/rassito/microros_ws/build/rosgraph_msgs
[1.261s] Invoked command in '/home/rassito/microros_ws/build/rosgraph_msgs' returned '0': AMENT_PREFIX_PATH=/home/rassito/microros_ws/install/builtin_interfaces:${AMENT_PREFIX_PATH} CMAKE_PREFIX_PATH=/home/rassito/microros_ws/install/builtin_interfaces:/opt/ros/jazzy/opt/sdformat_vendor:/opt/ros/jazzy/opt/gz_math_vendor:/opt/ros/jazzy/opt/gz_utils_vendor:/opt/ros/jazzy/opt/gz_tools_vendor:/opt/ros/jazzy/opt/gz_cmake_vendor:/home/rassito/ros_ws/install/super_pkg:/opt/ros/jazzy DEBUGINFOD_URLS=https://debuginfod.ubuntu.com LD_LIBRARY_PATH=/home/rassito/microros_ws/install/builtin_interfaces/lib:${LD_LIBRARY_PATH} PYTHONPATH=/home/rassito/microros_ws/install/builtin_interfaces/lib/python3.12/site-packages:${PYTHONPATH} /usr/bin/cmake /home/rassito/microros_ws/src/ros2/rcl_interfaces/rosgraph_msgs -DCMAKE_INSTALL_PREFIX=/home/rassito/microros_ws/install/rosgraph_msgs
[1.261s] Invoking command in '/home/rassito/microros_ws/build/rosgraph_msgs': AMENT_PREFIX_PATH=/home/rassito/microros_ws/install/builtin_interfaces:${AMENT_PREFIX_PATH} CMAKE_PREFIX_PATH=/home/rassito/microros_ws/install/builtin_interfaces:/opt/ros/jazzy/opt/sdformat_vendor:/opt/ros/jazzy/opt/gz_math_vendor:/opt/ros/jazzy/opt/gz_utils_vendor:/opt/ros/jazzy/opt/gz_tools_vendor:/opt/ros/jazzy/opt/gz_cmake_vendor:/home/rassito/ros_ws/install/super_pkg:/opt/ros/jazzy DEBUGINFOD_URLS=https://debuginfod.ubuntu.com LD_LIBRARY_PATH=/home/rassito/microros_ws/install/builtin_interfaces/lib:${LD_LIBRARY_PATH} PYTHONPATH=/home/rassito/microros_ws/install/builtin_interfaces/lib/python3.12/site-packages:${PYTHONPATH} /usr/bin/cmake --build /home/rassito/microros_ws/build/rosgraph_msgs -- -j16 -l16
[1.318s] [  2%] Built target rosgraph_msgs__rosidl_generator_type_description
[1.341s] [  2%] Built target ament_cmake_python_copy_rosgraph_msgs
[1.362s] [  5%] Built target rosgraph_msgs__cpp
[1.371s] [ 20%] Built target rosgraph_msgs__rosidl_generator_c
[1.400s] [ 23%] [34m[1mGenerating C type support dispatch for ROS interfaces[0m
[1.404s] [ 26%] [34m[1mGenerating C++ type support dispatch for ROS interfaces[0m
[1.425s] [ 35%] Built target rosgraph_msgs__rosidl_typesupport_fastrtps_cpp
[1.425s] [ 44%] Built target rosgraph_msgs__rosidl_typesupport_introspection_c
[1.431s] [ 52%] Built target rosgraph_msgs__rosidl_typesupport_fastrtps_c
[1.449s] [ 61%] Built target rosgraph_msgs__rosidl_typesupport_introspection_cpp
[1.912s] running egg_info
[1.963s] writing rosgraph_msgs.egg-info/PKG-INFO
[1.967s] writing dependency_links to rosgraph_msgs.egg-info/dependency_links.txt
[1.967s] writing top-level names to rosgraph_msgs.egg-info/top_level.txt
[2.016s] [ 64%] [32mBuilding CXX object CMakeFiles/rosgraph_msgs__rosidl_typesupport_cpp.dir/rosidl_typesupport_cpp/rosgraph_msgs/msg/clock__type_support.cpp.o[0m
[2.036s] [ 67%] [32mBuilding CXX object CMakeFiles/rosgraph_msgs__rosidl_typesupport_c.dir/rosidl_typesupport_c/rosgraph_msgs/msg/clock__type_support.cpp.o[0m
[2.115s] reading manifest file 'rosgraph_msgs.egg-info/SOURCES.txt'
[2.115s] writing manifest file 'rosgraph_msgs.egg-info/SOURCES.txt'
[2.150s] [ 70%] [32m[1mLinking CXX shared library librosgraph_msgs__rosidl_typesupport_c.so[0m
[2.162s] [ 70%] Built target ament_cmake_python_build_rosgraph_msgs_egg
[2.231s] [ 70%] Built target rosgraph_msgs__rosidl_typesupport_c
[2.893s] [ 73%] [32m[1mLinking CXX shared library librosgraph_msgs__rosidl_typesupport_cpp.so[0m
[3.017s] [ 73%] Built target rosgraph_msgs__rosidl_typesupport_cpp
[3.066s] [ 73%] Built target rosgraph_msgs
[3.108s] [ 76%] Built target rosgraph_msgs__py
[3.150s] [ 79%] [32m[1mLinking C shared library librosgraph_msgs__rosidl_generator_py.so[0m
[3.242s] [ 82%] Built target rosgraph_msgs__rosidl_generator_py
[3.270s] [ 85%] [32m[1mLinking C shared module rosidl_generator_py/rosgraph_msgs/rosgraph_msgs_s__rosidl_typesupport_fastrtps_c.so[0m
[3.277s] [ 88%] [32m[1mLinking C shared module rosidl_generator_py/rosgraph_msgs/rosgraph_msgs_s__rosidl_typesupport_c.so[0m
[3.290s] [ 91%] [32m[1mLinking C shared module rosidl_generator_py/rosgraph_msgs/rosgraph_msgs_s__rosidl_typesupport_introspection_c.so[0m
[3.303s] [ 94%] Built target rosgraph_msgs_s__rosidl_typesupport_fastrtps_c
[3.320s] [ 97%] Built target rosgraph_msgs_s__rosidl_typesupport_c
[3.324s] [100%] Built target rosgraph_msgs_s__rosidl_typesupport_introspection_c
[3.333s] Invoked command in '/home/rassito/microros_ws/build/rosgraph_msgs' returned '0': AMENT_PREFIX_PATH=/home/rassito/microros_ws/install/builtin_interfaces:${AMENT_PREFIX_PATH} CMAKE_PREFIX_PATH=/home/rassito/microros_ws/install/builtin_interfaces:/opt/ros/jazzy/opt/sdformat_vendor:/opt/ros/jazzy/opt/gz_math_vendor:/opt/ros/jazzy/opt/gz_utils_vendor:/opt/ros/jazzy/opt/gz_tools_vendor:/opt/ros/jazzy/opt/gz_cmake_vendor:/home/rassito/ros_ws/install/super_pkg:/opt/ros/jazzy DEBUGINFOD_URLS=https://debuginfod.ubuntu.com LD_LIBRARY_PATH=/home/rassito/microros_ws/install/builtin_interfaces/lib:${LD_LIBRARY_PATH} PYTHONPATH=/home/rassito/microros_ws/install/builtin_interfaces/lib/python3.12/site-packages:${PYTHONPATH} /usr/bin/cmake --build /home/rassito/microros_ws/build/rosgraph_msgs -- -j16 -l16
[3.334s] Invoking command in '/home/rassito/microros_ws/build/rosgraph_msgs': AMENT_PREFIX_PATH=/home/rassito/microros_ws/install/builtin_interfaces:${AMENT_PREFIX_PATH} CMAKE_PREFIX_PATH=/home/rassito/microros_ws/install/builtin_interfaces:/opt/ros/jazzy/opt/sdformat_vendor:/opt/ros/jazzy/opt/gz_math_vendor:/opt/ros/jazzy/opt/gz_utils_vendor:/opt/ros/jazzy/opt/gz_tools_vendor:/opt/ros/jazzy/opt/gz_cmake_vendor:/home/rassito/ros_ws/install/super_pkg:/opt/ros/jazzy DEBUGINFOD_URLS=https://debuginfod.ubuntu.com LD_LIBRARY_PATH=/home/rassito/microros_ws/install/builtin_interfaces/lib:${LD_LIBRARY_PATH} PYTHONPATH=/home/rassito/microros_ws/install/builtin_interfaces/lib/python3.12/site-packages:${PYTHONPATH} /usr/bin/cmake --install /home/rassito/microros_ws/build/rosgraph_msgs
[3.341s] -- Install configuration: ""
[3.341s] -- Up-to-date: /home/rassito/microros_ws/install/rosgraph_msgs/share/ament_index/resource_index/rosidl_interfaces/rosgraph_msgs
[3.341s] -- Up-to-date: /home/rassito/microros_ws/install/rosgraph_msgs/share/rosgraph_msgs/msg/Clock.json
[3.342s] -- Up-to-date: /home/rassito/microros_ws/install/rosgraph_msgs/include/rosgraph_msgs/rosgraph_msgs
[3.342s] -- Up-to-date: /home/rassito/microros_ws/install/rosgraph_msgs/include/rosgraph_msgs/rosgraph_msgs/msg
[3.342s] -- Up-to-date: /home/rassito/microros_ws/install/rosgraph_msgs/include/rosgraph_msgs/rosgraph_msgs/msg/clock.h
[3.342s] -- Up-to-date: /home/rassito/microros_ws/install/rosgraph_msgs/include/rosgraph_msgs/rosgraph_msgs/msg/detail
[3.342s] -- Up-to-date: /home/rassito/microros_ws/install/rosgraph_msgs/include/rosgraph_msgs/rosgraph_msgs/msg/detail/clock__struct.h
[3.342s] -- Up-to-date: /home/rassito/microros_ws/install/rosgraph_msgs/include/rosgraph_msgs/rosgraph_msgs/msg/detail/clock__type_support.h
[3.342s] -- Up-to-date: /home/rassito/microros_ws/install/rosgraph_msgs/include/rosgraph_msgs/rosgraph_msgs/msg/detail/clock__functions.c
[3.342s] -- Up-to-date: /home/rassito/microros_ws/install/rosgraph_msgs/include/rosgraph_msgs/rosgraph_msgs/msg/detail/clock__description.c
[3.343s] -- Up-to-date: /home/rassito/microros_ws/install/rosgraph_msgs/include/rosgraph_msgs/rosgraph_msgs/msg/detail/clock__functions.h
[3.343s] -- Up-to-date: /home/rassito/microros_ws/install/rosgraph_msgs/include/rosgraph_msgs/rosgraph_msgs/msg/detail/clock__type_support.c
[3.343s] -- Up-to-date: /home/rassito/microros_ws/install/rosgraph_msgs/include/rosgraph_msgs/rosgraph_msgs/msg/rosidl_generator_c__visibility_control.h
[3.343s] -- Up-to-date: /home/rassito/microros_ws/install/rosgraph_msgs/share/rosgraph_msgs/environment/library_path.sh
[3.343s] -- Up-to-date: /home/rassito/microros_ws/install/rosgraph_msgs/share/rosgraph_msgs/environment/library_path.dsv
[3.343s] -- Up-to-date: /home/rassito/microros_ws/install/rosgraph_msgs/lib/librosgraph_msgs__rosidl_generator_c.so
[3.343s] -- Up-to-date: /home/rassito/microros_ws/install/rosgraph_msgs/include/rosgraph_msgs/rosgraph_msgs
[3.343s] -- Up-to-date: /home/rassito/microros_ws/install/rosgraph_msgs/include/rosgraph_msgs/rosgraph_msgs/msg
[3.343s] -- Up-to-date: /home/rassito/microros_ws/install/rosgraph_msgs/include/rosgraph_msgs/rosgraph_msgs/msg/rosidl_typesupport_fastrtps_c__visibility_control.h
[3.343s] -- Up-to-date: /home/rassito/microros_ws/install/rosgraph_msgs/include/rosgraph_msgs/rosgraph_msgs/msg/detail
[3.343s] -- Up-to-date: /home/rassito/microros_ws/install/rosgraph_msgs/include/rosgraph_msgs/rosgraph_msgs/msg/detail/clock__rosidl_typesupport_fastrtps_c.h
[3.344s] -- Up-to-date: /home/rassito/microros_ws/install/rosgraph_msgs/lib/librosgraph_msgs__rosidl_typesupport_fastrtps_c.so
[3.344s] -- Up-to-date: /home/rassito/microros_ws/install/rosgraph_msgs/include/rosgraph_msgs/rosgraph_msgs
[3.344s] -- Up-to-date: /home/rassito/microros_ws/install/rosgraph_msgs/include/rosgraph_msgs/rosgraph_msgs/msg
[3.344s] -- Up-to-date: /home/rassito/microros_ws/install/rosgraph_msgs/include/rosgraph_msgs/rosgraph_msgs/msg/rosidl_generator_cpp__visibility_control.hpp
[3.344s] -- Up-to-date: /home/rassito/microros_ws/install/rosgraph_msgs/include/rosgraph_msgs/rosgraph_msgs/msg/clock.hpp
[3.344s] -- Up-to-date: /home/rassito/microros_ws/install/rosgraph_msgs/include/rosgraph_msgs/rosgraph_msgs/msg/detail
[3.344s] -- Up-to-date: /home/rassito/microros_ws/install/rosgraph_msgs/include/rosgraph_msgs/rosgraph_msgs/msg/detail/clock__struct.hpp
[3.344s] -- Up-to-date: /home/rassito/microros_ws/install/rosgraph_msgs/include/rosgraph_msgs/rosgraph_msgs/msg/detail/clock__builder.hpp
[3.344s] -- Up-to-date: /home/rassito/microros_ws/install/rosgraph_msgs/include/rosgraph_msgs/rosgraph_msgs/msg/detail/clock__traits.hpp
[3.344s] -- Up-to-date: /home/rassito/microros_ws/install/rosgraph_msgs/include/rosgraph_msgs/rosgraph_msgs/msg/detail/clock__type_support.hpp
[3.344s] -- Up-to-date: /home/rassito/microros_ws/install/rosgraph_msgs/include/rosgraph_msgs/rosgraph_msgs
[3.345s] -- Up-to-date: /home/rassito/microros_ws/install/rosgraph_msgs/include/rosgraph_msgs/rosgraph_msgs/msg
[3.345s] -- Up-to-date: /home/rassito/microros_ws/install/rosgraph_msgs/include/rosgraph_msgs/rosgraph_msgs/msg/rosidl_typesupport_fastrtps_cpp__visibility_control.h
[3.345s] -- Up-to-date: /home/rassito/microros_ws/install/rosgraph_msgs/include/rosgraph_msgs/rosgraph_msgs/msg/detail
[3.345s] -- Up-to-date: /home/rassito/microros_ws/install/rosgraph_msgs/include/rosgraph_msgs/rosgraph_msgs/msg/detail/clock__rosidl_typesupport_fastrtps_cpp.hpp
[3.345s] -- Up-to-date: /home/rassito/microros_ws/install/rosgraph_msgs/include/rosgraph_msgs/rosgraph_msgs/msg/detail/dds_fastrtps
[3.345s] -- Up-to-date: /home/rassito/microros_ws/install/rosgraph_msgs/lib/librosgraph_msgs__rosidl_typesupport_fastrtps_cpp.so
[3.345s] -- Up-to-date: /home/rassito/microros_ws/install/rosgraph_msgs/include/rosgraph_msgs/rosgraph_msgs
[3.345s] -- Up-to-date: /home/rassito/microros_ws/install/rosgraph_msgs/include/rosgraph_msgs/rosgraph_msgs/msg
[3.345s] -- Up-to-date: /home/rassito/microros_ws/install/rosgraph_msgs/include/rosgraph_msgs/rosgraph_msgs/msg/rosidl_typesupport_introspection_c__visibility_control.h
[3.346s] -- Up-to-date: /home/rassito/microros_ws/install/rosgraph_msgs/include/rosgraph_msgs/rosgraph_msgs/msg/detail
[3.346s] -- Up-to-date: /home/rassito/microros_ws/install/rosgraph_msgs/include/rosgraph_msgs/rosgraph_msgs/msg/detail/clock__rosidl_typesupport_introspection_c.h
[3.346s] -- Up-to-date: /home/rassito/microros_ws/install/rosgraph_msgs/include/rosgraph_msgs/rosgraph_msgs/msg/detail/clock__type_support.c
[3.346s] -- Up-to-date: /home/rassito/microros_ws/install/rosgraph_msgs/lib/librosgraph_msgs__rosidl_typesupport_introspection_c.so
[3.346s] -- Installing: /home/rassito/microros_ws/install/rosgraph_msgs/lib/librosgraph_msgs__rosidl_typesupport_c.so
[3.347s] -- Set non-toolchain portion of runtime path of "/home/rassito/microros_ws/install/rosgraph_msgs/lib/librosgraph_msgs__rosidl_typesupport_c.so" to ""
[3.347s] -- Up-to-date: /home/rassito/microros_ws/install/rosgraph_msgs/include/rosgraph_msgs/rosgraph_msgs
[3.347s] -- Up-to-date: /home/rassito/microros_ws/install/rosgraph_msgs/include/rosgraph_msgs/rosgraph_msgs/msg
[3.347s] -- Up-to-date: /home/rassito/microros_ws/install/rosgraph_msgs/include/rosgraph_msgs/rosgraph_msgs/msg/detail
[3.348s] -- Up-to-date: /home/rassito/microros_ws/install/rosgraph_msgs/include/rosgraph_msgs/rosgraph_msgs/msg/detail/clock__rosidl_typesupport_introspection_cpp.hpp
[3.348s] -- Up-to-date: /home/rassito/microros_ws/install/rosgraph_msgs/include/rosgraph_msgs/rosgraph_msgs/msg/detail/clock__type_support.cpp
[3.348s] -- Up-to-date: /home/rassito/microros_ws/install/rosgraph_msgs/lib/librosgraph_msgs__rosidl_typesupport_introspection_cpp.so
[3.348s] -- Installing: /home/rassito/microros_ws/install/rosgraph_msgs/lib/librosgraph_msgs__rosidl_typesupport_cpp.so
[3.348s] -- Set non-toolchain portion of runtime path of "/home/rassito/microros_ws/install/rosgraph_msgs/lib/librosgraph_msgs__rosidl_typesupport_cpp.so" to ""
[3.348s] -- Up-to-date: /home/rassito/microros_ws/install/rosgraph_msgs/share/rosgraph_msgs/environment/pythonpath.sh
[3.348s] -- Up-to-date: /home/rassito/microros_ws/install/rosgraph_msgs/share/rosgraph_msgs/environment/pythonpath.dsv
[3.348s] -- Up-to-date: /home/rassito/microros_ws/install/rosgraph_msgs/lib/python3.12/site-packages/rosgraph_msgs-2.0.2-py3.12.egg-info
[3.348s] -- Installing: /home/rassito/microros_ws/install/rosgraph_msgs/lib/python3.12/site-packages/rosgraph_msgs-2.0.2-py3.12.egg-info/top_level.txt
[3.349s] -- Installing: /home/rassito/microros_ws/install/rosgraph_msgs/lib/python3.12/site-packages/rosgraph_msgs-2.0.2-py3.12.egg-info/PKG-INFO
[3.349s] -- Installing: /home/rassito/microros_ws/install/rosgraph_msgs/lib/python3.12/site-packages/rosgraph_msgs-2.0.2-py3.12.egg-info/dependency_links.txt
[3.349s] -- Installing: /home/rassito/microros_ws/install/rosgraph_msgs/lib/python3.12/site-packages/rosgraph_msgs-2.0.2-py3.12.egg-info/SOURCES.txt
[3.349s] -- Up-to-date: /home/rassito/microros_ws/install/rosgraph_msgs/lib/python3.12/site-packages/rosgraph_msgs
[3.349s] -- Installing: /home/rassito/microros_ws/install/rosgraph_msgs/lib/python3.12/site-packages/rosgraph_msgs/rosgraph_msgs_s__rosidl_typesupport_fastrtps_c.so
[3.349s] -- Up-to-date: /home/rassito/microros_ws/install/rosgraph_msgs/lib/python3.12/site-packages/rosgraph_msgs/_rosgraph_msgs_s.ep.rosidl_typesupport_c.c
[3.349s] -- Up-to-date: /home/rassito/microros_ws/install/rosgraph_msgs/lib/python3.12/site-packages/rosgraph_msgs/_rosgraph_msgs_s.ep.rosidl_typesupport_fastrtps_c.c
[3.349s] -- Up-to-date: /home/rassito/microros_ws/install/rosgraph_msgs/lib/python3.12/site-packages/rosgraph_msgs/_rosgraph_msgs_s.ep.rosidl_typesupport_introspection_c.c
[3.349s] -- Up-to-date: /home/rassito/microros_ws/install/rosgraph_msgs/lib/python3.12/site-packages/rosgraph_msgs/rosgraph_msgs_s__rosidl_typesupport_microxrcedds_c.so
[3.350s] -- Installing: /home/rassito/microros_ws/install/rosgraph_msgs/lib/python3.12/site-packages/rosgraph_msgs/rosgraph_msgs_s__rosidl_typesupport_introspection_c.so
[3.350s] -- Installing: /home/rassito/microros_ws/install/rosgraph_msgs/lib/python3.12/site-packages/rosgraph_msgs/rosgraph_msgs_s__rosidl_typesupport_c.so
[3.350s] -- Up-to-date: /home/rassito/microros_ws/install/rosgraph_msgs/lib/python3.12/site-packages/rosgraph_msgs/_rosgraph_msgs_s.ep.rosidl_typesupport_microxrcedds_c.c
[3.350s] -- Up-to-date: /home/rassito/microros_ws/install/rosgraph_msgs/lib/python3.12/site-packages/rosgraph_msgs/msg
[3.350s] -- Up-to-date: /home/rassito/microros_ws/install/rosgraph_msgs/lib/python3.12/site-packages/rosgraph_msgs/msg/_clock.py
[3.350s] -- Up-to-date: /home/rassito/microros_ws/install/rosgraph_msgs/lib/python3.12/site-packages/rosgraph_msgs/msg/_clock_s.c
[3.350s] -- Up-to-date: /home/rassito/microros_ws/install/rosgraph_msgs/lib/python3.12/site-packages/rosgraph_msgs/msg/__init__.py
[3.350s] -- Installing: /home/rassito/microros_ws/install/rosgraph_msgs/lib/python3.12/site-packages/rosgraph_msgs/__init__.py
[3.380s] Listing '/home/rassito/microros_ws/install/rosgraph_msgs/lib/python3.12/site-packages/rosgraph_msgs'...
[3.380s] Compiling '/home/rassito/microros_ws/install/rosgraph_msgs/lib/python3.12/site-packages/rosgraph_msgs/__init__.py'...
[3.380s] Listing '/home/rassito/microros_ws/install/rosgraph_msgs/lib/python3.12/site-packages/rosgraph_msgs/msg'...
[3.385s] -- Installing: /home/rassito/microros_ws/install/rosgraph_msgs/lib/python3.12/site-packages/rosgraph_msgs/rosgraph_msgs_s__rosidl_typesupport_fastrtps_c.so
[3.385s] -- Set non-toolchain portion of runtime path of "/home/rassito/microros_ws/install/rosgraph_msgs/lib/python3.12/site-packages/rosgraph_msgs/rosgraph_msgs_s__rosidl_typesupport_fastrtps_c.so" to ""
[3.385s] -- Installing: /home/rassito/microros_ws/install/rosgraph_msgs/lib/python3.12/site-packages/rosgraph_msgs/rosgraph_msgs_s__rosidl_typesupport_introspection_c.so
[3.386s] -- Set non-toolchain portion of runtime path of "/home/rassito/microros_ws/install/rosgraph_msgs/lib/python3.12/site-packages/rosgraph_msgs/rosgraph_msgs_s__rosidl_typesupport_introspection_c.so" to ""
[3.386s] -- Installing: /home/rassito/microros_ws/install/rosgraph_msgs/lib/python3.12/site-packages/rosgraph_msgs/rosgraph_msgs_s__rosidl_typesupport_c.so
[3.386s] -- Set non-toolchain portion of runtime path of "/home/rassito/microros_ws/install/rosgraph_msgs/lib/python3.12/site-packages/rosgraph_msgs/rosgraph_msgs_s__rosidl_typesupport_c.so" to ""
[3.386s] -- Installing: /home/rassito/microros_ws/install/rosgraph_msgs/lib/librosgraph_msgs__rosidl_generator_py.so
[3.387s] -- Set non-toolchain portion of runtime path of "/home/rassito/microros_ws/install/rosgraph_msgs/lib/librosgraph_msgs__rosidl_generator_py.so" to ""
[3.387s] -- Up-to-date: /home/rassito/microros_ws/install/rosgraph_msgs/share/rosgraph_msgs/msg/Clock.idl
[3.387s] -- Up-to-date: /home/rassito/microros_ws/install/rosgraph_msgs/share/rosgraph_msgs/msg/Clock.msg
[3.387s] -- Up-to-date: /home/rassito/microros_ws/install/rosgraph_msgs/share/ament_index/resource_index/package_run_dependencies/rosgraph_msgs
[3.387s] -- Installing: /home/rassito/microros_ws/install/rosgraph_msgs/share/ament_index/resource_index/parent_prefix_path/rosgraph_msgs
[3.387s] -- Up-to-date: /home/rassito/microros_ws/install/rosgraph_msgs/share/rosgraph_msgs/environment/ament_prefix_path.sh
[3.387s] -- Up-to-date: /home/rassito/microros_ws/install/rosgraph_msgs/share/rosgraph_msgs/environment/ament_prefix_path.dsv
[3.388s] -- Up-to-date: /home/rassito/microros_ws/install/rosgraph_msgs/share/rosgraph_msgs/environment/path.sh
[3.388s] -- Up-to-date: /home/rassito/microros_ws/install/rosgraph_msgs/share/rosgraph_msgs/environment/path.dsv
[3.388s] -- Up-to-date: /home/rassito/microros_ws/install/rosgraph_msgs/share/rosgraph_msgs/local_setup.bash
[3.388s] -- Up-to-date: /home/rassito/microros_ws/install/rosgraph_msgs/share/rosgraph_msgs/local_setup.sh
[3.388s] -- Up-to-date: /home/rassito/microros_ws/install/rosgraph_msgs/share/rosgraph_msgs/local_setup.zsh
[3.388s] -- Up-to-date: /home/rassito/microros_ws/install/rosgraph_msgs/share/rosgraph_msgs/local_setup.dsv
[3.388s] -- Installing: /home/rassito/microros_ws/install/rosgraph_msgs/share/rosgraph_msgs/package.dsv
[3.388s] -- Up-to-date: /home/rassito/microros_ws/install/rosgraph_msgs/share/ament_index/resource_index/packages/rosgraph_msgs
[3.388s] -- Up-to-date: /home/rassito/microros_ws/install/rosgraph_msgs/share/rosgraph_msgs/cmake/export_rosgraph_msgs__rosidl_generator_cExport.cmake
[3.389s] -- Up-to-date: /home/rassito/microros_ws/install/rosgraph_msgs/share/rosgraph_msgs/cmake/export_rosgraph_msgs__rosidl_generator_cExport-noconfig.cmake
[3.389s] -- Up-to-date: /home/rassito/microros_ws/install/rosgraph_msgs/share/rosgraph_msgs/cmake/export_rosgraph_msgs__rosidl_typesupport_fastrtps_cExport.cmake
[3.389s] -- Up-to-date: /home/rassito/microros_ws/install/rosgraph_msgs/share/rosgraph_msgs/cmake/export_rosgraph_msgs__rosidl_typesupport_fastrtps_cExport-noconfig.cmake
[3.389s] -- Up-to-date: /home/rassito/microros_ws/install/rosgraph_msgs/share/rosgraph_msgs/cmake/export_rosgraph_msgs__rosidl_generator_cppExport.cmake
[3.389s] -- Up-to-date: /home/rassito/microros_ws/install/rosgraph_msgs/share/rosgraph_msgs/cmake/export_rosgraph_msgs__rosidl_typesupport_fastrtps_cppExport.cmake
[3.389s] -- Up-to-date: /home/rassito/microros_ws/install/rosgraph_msgs/share/rosgraph_msgs/cmake/export_rosgraph_msgs__rosidl_typesupport_fastrtps_cppExport-noconfig.cmake
[3.390s] -- Up-to-date: /home/rassito/microros_ws/install/rosgraph_msgs/share/rosgraph_msgs/cmake/rosgraph_msgs__rosidl_typesupport_introspection_cExport.cmake
[3.390s] -- Up-to-date: /home/rassito/microros_ws/install/rosgraph_msgs/share/rosgraph_msgs/cmake/rosgraph_msgs__rosidl_typesupport_introspection_cExport-noconfig.cmake
[3.390s] -- Up-to-date: /home/rassito/microros_ws/install/rosgraph_msgs/share/rosgraph_msgs/cmake/rosgraph_msgs__rosidl_typesupport_cExport.cmake
[3.390s] -- Up-to-date: /home/rassito/microros_ws/install/rosgraph_msgs/share/rosgraph_msgs/cmake/rosgraph_msgs__rosidl_typesupport_cExport-noconfig.cmake
[3.390s] -- Up-to-date: /home/rassito/microros_ws/install/rosgraph_msgs/share/rosgraph_msgs/cmake/rosgraph_msgs__rosidl_typesupport_introspection_cppExport.cmake
[3.390s] -- Up-to-date: /home/rassito/microros_ws/install/rosgraph_msgs/share/rosgraph_msgs/cmake/rosgraph_msgs__rosidl_typesupport_introspection_cppExport-noconfig.cmake
[3.390s] -- Up-to-date: /home/rassito/microros_ws/install/rosgraph_msgs/share/rosgraph_msgs/cmake/rosgraph_msgs__rosidl_typesupport_cppExport.cmake
[3.390s] -- Up-to-date: /home/rassito/microros_ws/install/rosgraph_msgs/share/rosgraph_msgs/cmake/rosgraph_msgs__rosidl_typesupport_cppExport-noconfig.cmake
[3.391s] -- Up-to-date: /home/rassito/microros_ws/install/rosgraph_msgs/share/rosgraph_msgs/cmake/export_rosgraph_msgs__rosidl_generator_pyExport.cmake
[3.391s] -- Up-to-date: /home/rassito/microros_ws/install/rosgraph_msgs/share/rosgraph_msgs/cmake/export_rosgraph_msgs__rosidl_generator_pyExport-noconfig.cmake
[3.392s] -- Up-to-date: /home/rassito/microros_ws/install/rosgraph_msgs/share/rosgraph_msgs/cmake/rosidl_cmake-extras.cmake
[3.392s] -- Up-to-date: /home/rassito/microros_ws/install/rosgraph_msgs/share/rosgraph_msgs/cmake/ament_cmake_export_dependencies-extras.cmake
[3.392s] -- Installing: /home/rassito/microros_ws/install/rosgraph_msgs/share/rosgraph_msgs/cmake/ament_cmake_export_include_directories-extras.cmake
[3.393s] -- Up-to-date: /home/rassito/microros_ws/install/rosgraph_msgs/share/rosgraph_msgs/cmake/ament_cmake_export_libraries-extras.cmake
[3.393s] -- Up-to-date: /home/rassito/microros_ws/install/rosgraph_msgs/share/rosgraph_msgs/cmake/ament_cmake_export_targets-extras.cmake
[3.393s] -- Up-to-date: /home/rassito/microros_ws/install/rosgraph_msgs/share/rosgraph_msgs/cmake/rosidl_cmake_export_typesupport_targets-extras.cmake
[3.393s] -- Installing: /home/rassito/microros_ws/install/rosgraph_msgs/share/rosgraph_msgs/cmake/rosidl_cmake_export_typesupport_libraries-extras.cmake
[3.393s] -- Up-to-date: /home/rassito/microros_ws/install/rosgraph_msgs/share/rosgraph_msgs/cmake/rosgraph_msgsConfig.cmake
[3.393s] -- Up-to-date: /home/rassito/microros_ws/install/rosgraph_msgs/share/rosgraph_msgs/cmake/rosgraph_msgsConfig-version.cmake
[3.393s] -- Up-to-date: /home/rassito/microros_ws/install/rosgraph_msgs/share/rosgraph_msgs/package.xml
[3.397s] Invoked command in '/home/rassito/microros_ws/build/rosgraph_msgs' returned '0': AMENT_PREFIX_PATH=/home/rassito/microros_ws/install/builtin_interfaces:${AMENT_PREFIX_PATH} CMAKE_PREFIX_PATH=/home/rassito/microros_ws/install/builtin_interfaces:/opt/ros/jazzy/opt/sdformat_vendor:/opt/ros/jazzy/opt/gz_math_vendor:/opt/ros/jazzy/opt/gz_utils_vendor:/opt/ros/jazzy/opt/gz_tools_vendor:/opt/ros/jazzy/opt/gz_cmake_vendor:/home/rassito/ros_ws/install/super_pkg:/opt/ros/jazzy DEBUGINFOD_URLS=https://debuginfod.ubuntu.com LD_LIBRARY_PATH=/home/rassito/microros_ws/install/builtin_interfaces/lib:${LD_LIBRARY_PATH} PYTHONPATH=/home/rassito/microros_ws/install/builtin_interfaces/lib/python3.12/site-packages:${PYTHONPATH} /usr/bin/cmake --install /home/rassito/microros_ws/build/rosgraph_msgs
