[0.015s] Invoking command in '/home/rassito/microros_ws/build/stereo_msgs': CMAKE_PREFIX_PATH=/home/rassito/microros_ws/install/sensor_msgs:/home/rassito/microros_ws/install/geometry_msgs:/home/rassito/microros_ws/install/std_msgs:/home/rassito/microros_ws/install/builtin_interfaces:/home/rassito/microros_ws/install/micro_ros_demos_rclc:/home/rassito/microros_ws/install/common_interfaces:/home/rassito/microros_ws/install/visualization_msgs:/home/rassito/microros_ws/install/action_msgs:/home/rassito/microros_ws/install/unique_identifier_msgs:/home/rassito/microros_ws/install/type_description_interfaces:/home/rassito/microros_ws/install/trajectory_msgs:/home/rassito/microros_ws/install/test_msgs:/home/rassito/microros_ws/install/test_interface_files:/home/rassito/microros_ws/install/stereo_msgs:/home/rassito/microros_ws/install/std_srvs:/home/rassito/microros_ws/install/shape_msgs:/home/rassito/microros_ws/install/nav_msgs:/home/rassito/microros_ws/install/diagnostic_msgs:/home/rassito/microros_ws/install/drive_base_msgs:/home/rassito/microros_ws/install/actionlib_msgs:/home/rassito/microros_ws/install/statistics_msgs:/home/rassito/microros_ws/install/service_msgs:/home/rassito/microros_ws/install/rosidl_typesupport_microxrcedds_test_msg:/home/rassito/microros_ws/install/rosidl_typesupport_microxrcedds_cpp_tests:/home/rassito/microros_ws/install/rmw_microxrcedds:/home/rassito/microros_ws/install/rosidl_typesupport_microxrcedds_cpp:/home/rassito/microros_ws/install/rosidl_typesupport_microxrcedds_c_tests:/home/rassito/microros_ws/install/rosidl_typesupport_microxrcedds_c:/home/rassito/microros_ws/install/rosgraph_msgs:/home/rassito/microros_ws/install/rclc_parameter:/home/rassito/microros_ws/install/rclc:/home/rassito/microros_ws/install/composition_interfaces:/home/rassito/microros_ws/install/rcl_interfaces:/home/rassito/microros_ws/install/microxrcedds_client:/home/rassito/microros_ws/install/microcdr:/home/rassito/microros_ws/install/micro_ros_utilities:/home/rassito/microros_ws/install/micro_ros_setup:/home/rassito/microros_ws/install/micro_ros_agent:/home/rassito/microros_ws/install/micro_ros_msgs:/home/rassito/microros_ws/install/lifecycle_msgs:/home/rassito/microros_ws/install/example_interfaces:/home/rassito/microros_ws/install/complex_msgs:/opt/ros/jazzy/opt/sdformat_vendor:/opt/ros/jazzy/opt/gz_math_vendor:/opt/ros/jazzy/opt/gz_utils_vendor:/opt/ros/jazzy/opt/gz_tools_vendor:/opt/ros/jazzy/opt/gz_cmake_vendor:/home/rassito/microros_ws/install/sensor_msgs_py:/home/rassito/ros_ws/install/super_pkg:/opt/ros/jazzy DEBUGINFOD_URLS=https://debuginfod.ubuntu.com LD_LIBRARY_PATH=/home/rassito/microros_ws/install/sensor_msgs/lib:/home/rassito/microros_ws/install/geometry_msgs/lib:/home/rassito/microros_ws/install/std_msgs/lib:/home/rassito/microros_ws/install/builtin_interfaces/lib:/home/rassito/microros_ws/install/visualization_msgs/lib:/home/rassito/microros_ws/install/action_msgs/lib:/home/rassito/microros_ws/install/unique_identifier_msgs/lib:/home/rassito/microros_ws/install/type_description_interfaces/lib:/home/rassito/microros_ws/install/trajectory_msgs/lib:/home/rassito/microros_ws/install/test_msgs/lib:/home/rassito/microros_ws/install/stereo_msgs/lib:/home/rassito/microros_ws/install/std_srvs/lib:/home/rassito/microros_ws/install/shape_msgs/lib:/home/rassito/microros_ws/install/nav_msgs/lib:/home/rassito/microros_ws/install/diagnostic_msgs/lib:/home/rassito/microros_ws/install/drive_base_msgs/lib:/home/rassito/microros_ws/install/actionlib_msgs/lib:/home/rassito/microros_ws/install/statistics_msgs/lib:/home/rassito/microros_ws/install/service_msgs/lib:/home/rassito/microros_ws/install/rmw_microxrcedds/lib:/home/rassito/microros_ws/install/rosidl_typesupport_microxrcedds_cpp/lib:/home/rassito/microros_ws/install/rosidl_typesupport_microxrcedds_c/lib:/home/rassito/microros_ws/install/rosgraph_msgs/lib:/home/rassito/microros_ws/install/rclc_parameter/lib:/home/rassito/microros_ws/install/rclc/lib:/home/rassito/microros_ws/install/composition_interfaces/lib:/home/rassito/microros_ws/install/rcl_interfaces/lib:/home/rassito/microros_ws/install/microxrcedds_client/lib:/home/rassito/microros_ws/install/microcdr/lib:/home/rassito/microros_ws/install/micro_ros_utilities/lib:/home/rassito/microros_ws/install/micro_ros_agent/lib:/home/rassito/microros_ws/install/micro_ros_msgs/lib:/home/rassito/microros_ws/install/lifecycle_msgs/lib:/home/rassito/microros_ws/install/example_interfaces/lib:/home/rassito/microros_ws/install/complex_msgs/lib:/opt/ros/jazzy/opt/sdformat_vendor/lib:/opt/ros/jazzy/opt/rviz_ogre_vendor/lib:/opt/ros/jazzy/lib/x86_64-linux-gnu:/opt/ros/jazzy/opt/gz_math_vendor/lib:/opt/ros/jazzy/opt/gz_utils_vendor/lib:/opt/ros/jazzy/opt/gz_tools_vendor/lib:/opt/ros/jazzy/opt/gz_cmake_vendor/lib:/opt/ros/jazzy/lib PYTHONPATH=/home/rassito/microros_ws/install/sensor_msgs/lib/python3.12/site-packages:/home/rassito/microros_ws/install/geometry_msgs/lib/python3.12/site-packages:/home/rassito/microros_ws/install/std_msgs/lib/python3.12/site-packages:/home/rassito/microros_ws/install/builtin_interfaces/lib/python3.12/site-packages:/home/rassito/microros_ws/install/visualization_msgs/lib/python3.12/site-packages:/home/rassito/microros_ws/install/action_msgs/lib/python3.12/site-packages:/home/rassito/microros_ws/install/unique_identifier_msgs/lib/python3.12/site-packages:/home/rassito/microros_ws/install/type_description_interfaces/lib/python3.12/site-packages:/home/rassito/microros_ws/install/trajectory_msgs/lib/python3.12/site-packages:/home/rassito/microros_ws/install/test_msgs/lib/python3.12/site-packages:/home/rassito/microros_ws/install/stereo_msgs/lib/python3.12/site-packages:/home/rassito/microros_ws/install/std_srvs/lib/python3.12/site-packages:/home/rassito/microros_ws/install/shape_msgs/lib/python3.12/site-packages:/home/rassito/microros_ws/install/sensor_msgs_py/lib/python3.12/site-packages:/home/rassito/microros_ws/install/nav_msgs/lib/python3.12/site-packages:/home/rassito/microros_ws/install/diagnostic_msgs/lib/python3.12/site-packages:/home/rassito/microros_ws/install/drive_base_msgs/lib/python3.12/site-packages:/home/rassito/microros_ws/install/actionlib_msgs/lib/python3.12/site-packages:/home/rassito/microros_ws/install/statistics_msgs/lib/python3.12/site-packages:/home/rassito/microros_ws/install/service_msgs/lib/python3.12/site-packages:/home/rassito/microros_ws/install/rosidl_typesupport_microxrcedds_cpp/lib/python3.12/site-packages:/home/rassito/microros_ws/install/rosidl_typesupport_microxrcedds_c/lib/python3.12/site-packages:/home/rassito/microros_ws/install/rosgraph_msgs/lib/python3.12/site-packages:/home/rassito/microros_ws/install/composition_interfaces/lib/python3.12/site-packages:/home/rassito/microros_ws/install/rcl_interfaces/lib/python3.12/site-packages:/home/rassito/microros_ws/install/micro_ros_msgs/lib/python3.12/site-packages:/home/rassito/microros_ws/install/lifecycle_msgs/lib/python3.12/site-packages:/home/rassito/microros_ws/install/example_interfaces/lib/python3.12/site-packages:/home/rassito/microros_ws/install/complex_msgs/lib/python3.12/site-packages:/home/rassito/ros_ws/build/super_pkg:/home/rassito/ros_ws/install/super_pkg/lib/python3.12/site-packages:/opt/ros/jazzy/lib/python3.12/site-packages /usr/bin/cmake --build /home/rassito/microros_ws/build/stereo_msgs -- -j16 -l16
[0.053s] [  2%] Built target stereo_msgs__rosidl_generator_type_description
[0.060s] [  2%] Built target ament_cmake_python_copy_stereo_msgs
[0.070s] [  4%] Built target stereo_msgs__cpp
[0.070s] [ 16%] Built target stereo_msgs__rosidl_generator_c
[0.091s] [ 23%] Built target stereo_msgs__rosidl_typesupport_c
[0.091s] [ 30%] Built target stereo_msgs__rosidl_typesupport_microxrcedds_cpp
[0.094s] [ 38%] Built target stereo_msgs__rosidl_typesupport_fastrtps_c
[0.098s] [ 45%] Built target stereo_msgs__rosidl_typesupport_introspection_cpp
[0.102s] [ 59%] Built target stereo_msgs__rosidl_typesupport_introspection_c
[0.102s] [ 59%] Built target stereo_msgs__rosidl_typesupport_microxrcedds_c
[0.103s] [ 66%] Built target stereo_msgs__rosidl_typesupport_cpp
[0.103s] [ 73%] Built target stereo_msgs__rosidl_typesupport_fastrtps_cpp
[0.120s] [ 73%] Built target stereo_msgs
[0.137s] [ 76%] Built target stereo_msgs__py
[0.155s] [ 80%] Built target stereo_msgs__rosidl_generator_py
[0.173s] [ 95%] Built target stereo_msgs_s__rosidl_typesupport_fastrtps_c
[0.174s] [ 95%] Built target stereo_msgs_s__rosidl_typesupport_c
[0.174s] [100%] Built target stereo_msgs_s__rosidl_typesupport_microxrcedds_c
[0.174s] [100%] Built target stereo_msgs_s__rosidl_typesupport_introspection_c
[0.243s] running egg_info
[0.256s] writing stereo_msgs.egg-info/PKG-INFO
[0.256s] writing dependency_links to stereo_msgs.egg-info/dependency_links.txt
[0.256s] writing top-level names to stereo_msgs.egg-info/top_level.txt
[0.295s] reading manifest file 'stereo_msgs.egg-info/SOURCES.txt'
[0.296s] writing manifest file 'stereo_msgs.egg-info/SOURCES.txt'
[0.315s] [100%] Built target ament_cmake_python_build_stereo_msgs_egg
[0.323s] Invoked command in '/home/rassito/microros_ws/build/stereo_msgs' returned '0': CMAKE_PREFIX_PATH=/home/rassito/microros_ws/install/sensor_msgs:/home/rassito/microros_ws/install/geometry_msgs:/home/rassito/microros_ws/install/std_msgs:/home/rassito/microros_ws/install/builtin_interfaces:/home/rassito/microros_ws/install/micro_ros_demos_rclc:/home/rassito/microros_ws/install/common_interfaces:/home/rassito/microros_ws/install/visualization_msgs:/home/rassito/microros_ws/install/action_msgs:/home/rassito/microros_ws/install/unique_identifier_msgs:/home/rassito/microros_ws/install/type_description_interfaces:/home/rassito/microros_ws/install/trajectory_msgs:/home/rassito/microros_ws/install/test_msgs:/home/rassito/microros_ws/install/test_interface_files:/home/rassito/microros_ws/install/stereo_msgs:/home/rassito/microros_ws/install/std_srvs:/home/rassito/microros_ws/install/shape_msgs:/home/rassito/microros_ws/install/nav_msgs:/home/rassito/microros_ws/install/diagnostic_msgs:/home/rassito/microros_ws/install/drive_base_msgs:/home/rassito/microros_ws/install/actionlib_msgs:/home/rassito/microros_ws/install/statistics_msgs:/home/rassito/microros_ws/install/service_msgs:/home/rassito/microros_ws/install/rosidl_typesupport_microxrcedds_test_msg:/home/rassito/microros_ws/install/rosidl_typesupport_microxrcedds_cpp_tests:/home/rassito/microros_ws/install/rmw_microxrcedds:/home/rassito/microros_ws/install/rosidl_typesupport_microxrcedds_cpp:/home/rassito/microros_ws/install/rosidl_typesupport_microxrcedds_c_tests:/home/rassito/microros_ws/install/rosidl_typesupport_microxrcedds_c:/home/rassito/microros_ws/install/rosgraph_msgs:/home/rassito/microros_ws/install/rclc_parameter:/home/rassito/microros_ws/install/rclc:/home/rassito/microros_ws/install/composition_interfaces:/home/rassito/microros_ws/install/rcl_interfaces:/home/rassito/microros_ws/install/microxrcedds_client:/home/rassito/microros_ws/install/microcdr:/home/rassito/microros_ws/install/micro_ros_utilities:/home/rassito/microros_ws/install/micro_ros_setup:/home/rassito/microros_ws/install/micro_ros_agent:/home/rassito/microros_ws/install/micro_ros_msgs:/home/rassito/microros_ws/install/lifecycle_msgs:/home/rassito/microros_ws/install/example_interfaces:/home/rassito/microros_ws/install/complex_msgs:/opt/ros/jazzy/opt/sdformat_vendor:/opt/ros/jazzy/opt/gz_math_vendor:/opt/ros/jazzy/opt/gz_utils_vendor:/opt/ros/jazzy/opt/gz_tools_vendor:/opt/ros/jazzy/opt/gz_cmake_vendor:/home/rassito/microros_ws/install/sensor_msgs_py:/home/rassito/ros_ws/install/super_pkg:/opt/ros/jazzy DEBUGINFOD_URLS=https://debuginfod.ubuntu.com LD_LIBRARY_PATH=/home/rassito/microros_ws/install/sensor_msgs/lib:/home/rassito/microros_ws/install/geometry_msgs/lib:/home/rassito/microros_ws/install/std_msgs/lib:/home/rassito/microros_ws/install/builtin_interfaces/lib:/home/rassito/microros_ws/install/visualization_msgs/lib:/home/rassito/microros_ws/install/action_msgs/lib:/home/rassito/microros_ws/install/unique_identifier_msgs/lib:/home/rassito/microros_ws/install/type_description_interfaces/lib:/home/rassito/microros_ws/install/trajectory_msgs/lib:/home/rassito/microros_ws/install/test_msgs/lib:/home/rassito/microros_ws/install/stereo_msgs/lib:/home/rassito/microros_ws/install/std_srvs/lib:/home/rassito/microros_ws/install/shape_msgs/lib:/home/rassito/microros_ws/install/nav_msgs/lib:/home/rassito/microros_ws/install/diagnostic_msgs/lib:/home/rassito/microros_ws/install/drive_base_msgs/lib:/home/rassito/microros_ws/install/actionlib_msgs/lib:/home/rassito/microros_ws/install/statistics_msgs/lib:/home/rassito/microros_ws/install/service_msgs/lib:/home/rassito/microros_ws/install/rmw_microxrcedds/lib:/home/rassito/microros_ws/install/rosidl_typesupport_microxrcedds_cpp/lib:/home/rassito/microros_ws/install/rosidl_typesupport_microxrcedds_c/lib:/home/rassito/microros_ws/install/rosgraph_msgs/lib:/home/rassito/microros_ws/install/rclc_parameter/lib:/home/rassito/microros_ws/install/rclc/lib:/home/rassito/microros_ws/install/composition_interfaces/lib:/home/rassito/microros_ws/install/rcl_interfaces/lib:/home/rassito/microros_ws/install/microxrcedds_client/lib:/home/rassito/microros_ws/install/microcdr/lib:/home/rassito/microros_ws/install/micro_ros_utilities/lib:/home/rassito/microros_ws/install/micro_ros_agent/lib:/home/rassito/microros_ws/install/micro_ros_msgs/lib:/home/rassito/microros_ws/install/lifecycle_msgs/lib:/home/rassito/microros_ws/install/example_interfaces/lib:/home/rassito/microros_ws/install/complex_msgs/lib:/opt/ros/jazzy/opt/sdformat_vendor/lib:/opt/ros/jazzy/opt/rviz_ogre_vendor/lib:/opt/ros/jazzy/lib/x86_64-linux-gnu:/opt/ros/jazzy/opt/gz_math_vendor/lib:/opt/ros/jazzy/opt/gz_utils_vendor/lib:/opt/ros/jazzy/opt/gz_tools_vendor/lib:/opt/ros/jazzy/opt/gz_cmake_vendor/lib:/opt/ros/jazzy/lib PYTHONPATH=/home/rassito/microros_ws/install/sensor_msgs/lib/python3.12/site-packages:/home/rassito/microros_ws/install/geometry_msgs/lib/python3.12/site-packages:/home/rassito/microros_ws/install/std_msgs/lib/python3.12/site-packages:/home/rassito/microros_ws/install/builtin_interfaces/lib/python3.12/site-packages:/home/rassito/microros_ws/install/visualization_msgs/lib/python3.12/site-packages:/home/rassito/microros_ws/install/action_msgs/lib/python3.12/site-packages:/home/rassito/microros_ws/install/unique_identifier_msgs/lib/python3.12/site-packages:/home/rassito/microros_ws/install/type_description_interfaces/lib/python3.12/site-packages:/home/rassito/microros_ws/install/trajectory_msgs/lib/python3.12/site-packages:/home/rassito/microros_ws/install/test_msgs/lib/python3.12/site-packages:/home/rassito/microros_ws/install/stereo_msgs/lib/python3.12/site-packages:/home/rassito/microros_ws/install/std_srvs/lib/python3.12/site-packages:/home/rassito/microros_ws/install/shape_msgs/lib/python3.12/site-packages:/home/rassito/microros_ws/install/sensor_msgs_py/lib/python3.12/site-packages:/home/rassito/microros_ws/install/nav_msgs/lib/python3.12/site-packages:/home/rassito/microros_ws/install/diagnostic_msgs/lib/python3.12/site-packages:/home/rassito/microros_ws/install/drive_base_msgs/lib/python3.12/site-packages:/home/rassito/microros_ws/install/actionlib_msgs/lib/python3.12/site-packages:/home/rassito/microros_ws/install/statistics_msgs/lib/python3.12/site-packages:/home/rassito/microros_ws/install/service_msgs/lib/python3.12/site-packages:/home/rassito/microros_ws/install/rosidl_typesupport_microxrcedds_cpp/lib/python3.12/site-packages:/home/rassito/microros_ws/install/rosidl_typesupport_microxrcedds_c/lib/python3.12/site-packages:/home/rassito/microros_ws/install/rosgraph_msgs/lib/python3.12/site-packages:/home/rassito/microros_ws/install/composition_interfaces/lib/python3.12/site-packages:/home/rassito/microros_ws/install/rcl_interfaces/lib/python3.12/site-packages:/home/rassito/microros_ws/install/micro_ros_msgs/lib/python3.12/site-packages:/home/rassito/microros_ws/install/lifecycle_msgs/lib/python3.12/site-packages:/home/rassito/microros_ws/install/example_interfaces/lib/python3.12/site-packages:/home/rassito/microros_ws/install/complex_msgs/lib/python3.12/site-packages:/home/rassito/ros_ws/build/super_pkg:/home/rassito/ros_ws/install/super_pkg/lib/python3.12/site-packages:/opt/ros/jazzy/lib/python3.12/site-packages /usr/bin/cmake --build /home/rassito/microros_ws/build/stereo_msgs -- -j16 -l16
[0.324s] Invoking command in '/home/rassito/microros_ws/build/stereo_msgs': CMAKE_PREFIX_PATH=/home/rassito/microros_ws/install/sensor_msgs:/home/rassito/microros_ws/install/geometry_msgs:/home/rassito/microros_ws/install/std_msgs:/home/rassito/microros_ws/install/builtin_interfaces:/home/rassito/microros_ws/install/micro_ros_demos_rclc:/home/rassito/microros_ws/install/common_interfaces:/home/rassito/microros_ws/install/visualization_msgs:/home/rassito/microros_ws/install/action_msgs:/home/rassito/microros_ws/install/unique_identifier_msgs:/home/rassito/microros_ws/install/type_description_interfaces:/home/rassito/microros_ws/install/trajectory_msgs:/home/rassito/microros_ws/install/test_msgs:/home/rassito/microros_ws/install/test_interface_files:/home/rassito/microros_ws/install/stereo_msgs:/home/rassito/microros_ws/install/std_srvs:/home/rassito/microros_ws/install/shape_msgs:/home/rassito/microros_ws/install/nav_msgs:/home/rassito/microros_ws/install/diagnostic_msgs:/home/rassito/microros_ws/install/drive_base_msgs:/home/rassito/microros_ws/install/actionlib_msgs:/home/rassito/microros_ws/install/statistics_msgs:/home/rassito/microros_ws/install/service_msgs:/home/rassito/microros_ws/install/rosidl_typesupport_microxrcedds_test_msg:/home/rassito/microros_ws/install/rosidl_typesupport_microxrcedds_cpp_tests:/home/rassito/microros_ws/install/rmw_microxrcedds:/home/rassito/microros_ws/install/rosidl_typesupport_microxrcedds_cpp:/home/rassito/microros_ws/install/rosidl_typesupport_microxrcedds_c_tests:/home/rassito/microros_ws/install/rosidl_typesupport_microxrcedds_c:/home/rassito/microros_ws/install/rosgraph_msgs:/home/rassito/microros_ws/install/rclc_parameter:/home/rassito/microros_ws/install/rclc:/home/rassito/microros_ws/install/composition_interfaces:/home/rassito/microros_ws/install/rcl_interfaces:/home/rassito/microros_ws/install/microxrcedds_client:/home/rassito/microros_ws/install/microcdr:/home/rassito/microros_ws/install/micro_ros_utilities:/home/rassito/microros_ws/install/micro_ros_setup:/home/rassito/microros_ws/install/micro_ros_agent:/home/rassito/microros_ws/install/micro_ros_msgs:/home/rassito/microros_ws/install/lifecycle_msgs:/home/rassito/microros_ws/install/example_interfaces:/home/rassito/microros_ws/install/complex_msgs:/opt/ros/jazzy/opt/sdformat_vendor:/opt/ros/jazzy/opt/gz_math_vendor:/opt/ros/jazzy/opt/gz_utils_vendor:/opt/ros/jazzy/opt/gz_tools_vendor:/opt/ros/jazzy/opt/gz_cmake_vendor:/home/rassito/microros_ws/install/sensor_msgs_py:/home/rassito/ros_ws/install/super_pkg:/opt/ros/jazzy DEBUGINFOD_URLS=https://debuginfod.ubuntu.com LD_LIBRARY_PATH=/home/rassito/microros_ws/install/sensor_msgs/lib:/home/rassito/microros_ws/install/geometry_msgs/lib:/home/rassito/microros_ws/install/std_msgs/lib:/home/rassito/microros_ws/install/builtin_interfaces/lib:/home/rassito/microros_ws/install/visualization_msgs/lib:/home/rassito/microros_ws/install/action_msgs/lib:/home/rassito/microros_ws/install/unique_identifier_msgs/lib:/home/rassito/microros_ws/install/type_description_interfaces/lib:/home/rassito/microros_ws/install/trajectory_msgs/lib:/home/rassito/microros_ws/install/test_msgs/lib:/home/rassito/microros_ws/install/stereo_msgs/lib:/home/rassito/microros_ws/install/std_srvs/lib:/home/rassito/microros_ws/install/shape_msgs/lib:/home/rassito/microros_ws/install/nav_msgs/lib:/home/rassito/microros_ws/install/diagnostic_msgs/lib:/home/rassito/microros_ws/install/drive_base_msgs/lib:/home/rassito/microros_ws/install/actionlib_msgs/lib:/home/rassito/microros_ws/install/statistics_msgs/lib:/home/rassito/microros_ws/install/service_msgs/lib:/home/rassito/microros_ws/install/rmw_microxrcedds/lib:/home/rassito/microros_ws/install/rosidl_typesupport_microxrcedds_cpp/lib:/home/rassito/microros_ws/install/rosidl_typesupport_microxrcedds_c/lib:/home/rassito/microros_ws/install/rosgraph_msgs/lib:/home/rassito/microros_ws/install/rclc_parameter/lib:/home/rassito/microros_ws/install/rclc/lib:/home/rassito/microros_ws/install/composition_interfaces/lib:/home/rassito/microros_ws/install/rcl_interfaces/lib:/home/rassito/microros_ws/install/microxrcedds_client/lib:/home/rassito/microros_ws/install/microcdr/lib:/home/rassito/microros_ws/install/micro_ros_utilities/lib:/home/rassito/microros_ws/install/micro_ros_agent/lib:/home/rassito/microros_ws/install/micro_ros_msgs/lib:/home/rassito/microros_ws/install/lifecycle_msgs/lib:/home/rassito/microros_ws/install/example_interfaces/lib:/home/rassito/microros_ws/install/complex_msgs/lib:/opt/ros/jazzy/opt/sdformat_vendor/lib:/opt/ros/jazzy/opt/rviz_ogre_vendor/lib:/opt/ros/jazzy/lib/x86_64-linux-gnu:/opt/ros/jazzy/opt/gz_math_vendor/lib:/opt/ros/jazzy/opt/gz_utils_vendor/lib:/opt/ros/jazzy/opt/gz_tools_vendor/lib:/opt/ros/jazzy/opt/gz_cmake_vendor/lib:/opt/ros/jazzy/lib PYTHONPATH=/home/rassito/microros_ws/install/sensor_msgs/lib/python3.12/site-packages:/home/rassito/microros_ws/install/geometry_msgs/lib/python3.12/site-packages:/home/rassito/microros_ws/install/std_msgs/lib/python3.12/site-packages:/home/rassito/microros_ws/install/builtin_interfaces/lib/python3.12/site-packages:/home/rassito/microros_ws/install/visualization_msgs/lib/python3.12/site-packages:/home/rassito/microros_ws/install/action_msgs/lib/python3.12/site-packages:/home/rassito/microros_ws/install/unique_identifier_msgs/lib/python3.12/site-packages:/home/rassito/microros_ws/install/type_description_interfaces/lib/python3.12/site-packages:/home/rassito/microros_ws/install/trajectory_msgs/lib/python3.12/site-packages:/home/rassito/microros_ws/install/test_msgs/lib/python3.12/site-packages:/home/rassito/microros_ws/install/stereo_msgs/lib/python3.12/site-packages:/home/rassito/microros_ws/install/std_srvs/lib/python3.12/site-packages:/home/rassito/microros_ws/install/shape_msgs/lib/python3.12/site-packages:/home/rassito/microros_ws/install/sensor_msgs_py/lib/python3.12/site-packages:/home/rassito/microros_ws/install/nav_msgs/lib/python3.12/site-packages:/home/rassito/microros_ws/install/diagnostic_msgs/lib/python3.12/site-packages:/home/rassito/microros_ws/install/drive_base_msgs/lib/python3.12/site-packages:/home/rassito/microros_ws/install/actionlib_msgs/lib/python3.12/site-packages:/home/rassito/microros_ws/install/statistics_msgs/lib/python3.12/site-packages:/home/rassito/microros_ws/install/service_msgs/lib/python3.12/site-packages:/home/rassito/microros_ws/install/rosidl_typesupport_microxrcedds_cpp/lib/python3.12/site-packages:/home/rassito/microros_ws/install/rosidl_typesupport_microxrcedds_c/lib/python3.12/site-packages:/home/rassito/microros_ws/install/rosgraph_msgs/lib/python3.12/site-packages:/home/rassito/microros_ws/install/composition_interfaces/lib/python3.12/site-packages:/home/rassito/microros_ws/install/rcl_interfaces/lib/python3.12/site-packages:/home/rassito/microros_ws/install/micro_ros_msgs/lib/python3.12/site-packages:/home/rassito/microros_ws/install/lifecycle_msgs/lib/python3.12/site-packages:/home/rassito/microros_ws/install/example_interfaces/lib/python3.12/site-packages:/home/rassito/microros_ws/install/complex_msgs/lib/python3.12/site-packages:/home/rassito/ros_ws/build/super_pkg:/home/rassito/ros_ws/install/super_pkg/lib/python3.12/site-packages:/opt/ros/jazzy/lib/python3.12/site-packages /usr/bin/cmake --install /home/rassito/microros_ws/build/stereo_msgs
[0.331s] -- Install configuration: ""
[0.331s] -- Up-to-date: /home/rassito/microros_ws/install/stereo_msgs/share/ament_index/resource_index/rosidl_interfaces/stereo_msgs
[0.331s] -- Up-to-date: /home/rassito/microros_ws/install/stereo_msgs/share/stereo_msgs/msg/DisparityImage.json
[0.331s] -- Up-to-date: /home/rassito/microros_ws/install/stereo_msgs/include/stereo_msgs/stereo_msgs
[0.331s] -- Up-to-date: /home/rassito/microros_ws/install/stereo_msgs/include/stereo_msgs/stereo_msgs/msg
[0.331s] -- Up-to-date: /home/rassito/microros_ws/install/stereo_msgs/include/stereo_msgs/stereo_msgs/msg/disparity_image.h
[0.331s] -- Up-to-date: /home/rassito/microros_ws/install/stereo_msgs/include/stereo_msgs/stereo_msgs/msg/detail
[0.331s] -- Up-to-date: /home/rassito/microros_ws/install/stereo_msgs/include/stereo_msgs/stereo_msgs/msg/detail/disparity_image__functions.h
[0.331s] -- Up-to-date: /home/rassito/microros_ws/install/stereo_msgs/include/stereo_msgs/stereo_msgs/msg/detail/disparity_image__description.c
[0.331s] -- Up-to-date: /home/rassito/microros_ws/install/stereo_msgs/include/stereo_msgs/stereo_msgs/msg/detail/disparity_image__functions.c
[0.332s] -- Up-to-date: /home/rassito/microros_ws/install/stereo_msgs/include/stereo_msgs/stereo_msgs/msg/detail/disparity_image__struct.h
[0.332s] -- Up-to-date: /home/rassito/microros_ws/install/stereo_msgs/include/stereo_msgs/stereo_msgs/msg/detail/disparity_image__type_support.h
[0.332s] -- Up-to-date: /home/rassito/microros_ws/install/stereo_msgs/include/stereo_msgs/stereo_msgs/msg/detail/disparity_image__type_support.c
[0.332s] -- Up-to-date: /home/rassito/microros_ws/install/stereo_msgs/include/stereo_msgs/stereo_msgs/msg/rosidl_generator_c__visibility_control.h
[0.332s] -- Up-to-date: /home/rassito/microros_ws/install/stereo_msgs/share/stereo_msgs/environment/library_path.sh
[0.332s] -- Up-to-date: /home/rassito/microros_ws/install/stereo_msgs/share/stereo_msgs/environment/library_path.dsv
[0.332s] -- Up-to-date: /home/rassito/microros_ws/install/stereo_msgs/lib/libstereo_msgs__rosidl_generator_c.so
[0.332s] -- Up-to-date: /home/rassito/microros_ws/install/stereo_msgs/include/stereo_msgs
[0.332s] -- Up-to-date: /home/rassito/microros_ws/install/stereo_msgs/include/stereo_msgs/msg
[0.332s] -- Up-to-date: /home/rassito/microros_ws/install/stereo_msgs/include/stereo_msgs/msg/detail
[0.333s] -- Up-to-date: /home/rassito/microros_ws/install/stereo_msgs/include/stereo_msgs/msg/detail/microxrcedds
[0.333s] -- Up-to-date: /home/rassito/microros_ws/install/stereo_msgs/include/stereo_msgs/msg/detail/disparity_image__rosidl_typesupport_microxrcedds_c.h
[0.333s] -- Up-to-date: /home/rassito/microros_ws/install/stereo_msgs/include/stereo_msgs/msg/rosidl_typesupport_microxrcedds_c__visibility_control.h
[0.333s] -- Up-to-date: /home/rassito/microros_ws/install/stereo_msgs/lib/libstereo_msgs__rosidl_typesupport_microxrcedds_c.so
[0.333s] -- Up-to-date: /home/rassito/microros_ws/install/stereo_msgs/include/stereo_msgs/stereo_msgs
[0.333s] -- Up-to-date: /home/rassito/microros_ws/install/stereo_msgs/include/stereo_msgs/stereo_msgs/msg
[0.333s] -- Up-to-date: /home/rassito/microros_ws/install/stereo_msgs/include/stereo_msgs/stereo_msgs/msg/rosidl_typesupport_fastrtps_c__visibility_control.h
[0.333s] -- Up-to-date: /home/rassito/microros_ws/install/stereo_msgs/include/stereo_msgs/stereo_msgs/msg/detail
[0.334s] -- Up-to-date: /home/rassito/microros_ws/install/stereo_msgs/include/stereo_msgs/stereo_msgs/msg/detail/disparity_image__rosidl_typesupport_fastrtps_c.h
[0.334s] -- Up-to-date: /home/rassito/microros_ws/install/stereo_msgs/lib/libstereo_msgs__rosidl_typesupport_fastrtps_c.so
[0.334s] -- Up-to-date: /home/rassito/microros_ws/install/stereo_msgs/include/stereo_msgs/stereo_msgs
[0.334s] -- Up-to-date: /home/rassito/microros_ws/install/stereo_msgs/include/stereo_msgs/stereo_msgs/msg
[0.334s] -- Up-to-date: /home/rassito/microros_ws/install/stereo_msgs/include/stereo_msgs/stereo_msgs/msg/rosidl_typesupport_introspection_c__visibility_control.h
[0.335s] -- Up-to-date: /home/rassito/microros_ws/install/stereo_msgs/include/stereo_msgs/stereo_msgs/msg/detail
[0.335s] -- Up-to-date: /home/rassito/microros_ws/install/stereo_msgs/include/stereo_msgs/stereo_msgs/msg/detail/disparity_image__rosidl_typesupport_introspection_c.h
[0.335s] -- Up-to-date: /home/rassito/microros_ws/install/stereo_msgs/include/stereo_msgs/stereo_msgs/msg/detail/disparity_image__type_support.c
[0.336s] -- Up-to-date: /home/rassito/microros_ws/install/stereo_msgs/lib/libstereo_msgs__rosidl_typesupport_introspection_c.so
[0.336s] -- Up-to-date: /home/rassito/microros_ws/install/stereo_msgs/lib/libstereo_msgs__rosidl_typesupport_c.so
[0.336s] -- Up-to-date: /home/rassito/microros_ws/install/stereo_msgs/include/stereo_msgs/stereo_msgs
[0.336s] -- Up-to-date: /home/rassito/microros_ws/install/stereo_msgs/include/stereo_msgs/stereo_msgs/msg
[0.336s] -- Up-to-date: /home/rassito/microros_ws/install/stereo_msgs/include/stereo_msgs/stereo_msgs/msg/rosidl_generator_cpp__visibility_control.hpp
[0.336s] -- Up-to-date: /home/rassito/microros_ws/install/stereo_msgs/include/stereo_msgs/stereo_msgs/msg/disparity_image.hpp
[0.336s] -- Up-to-date: /home/rassito/microros_ws/install/stereo_msgs/include/stereo_msgs/stereo_msgs/msg/detail
[0.336s] -- Up-to-date: /home/rassito/microros_ws/install/stereo_msgs/include/stereo_msgs/stereo_msgs/msg/detail/disparity_image__type_support.hpp
[0.336s] -- Up-to-date: /home/rassito/microros_ws/install/stereo_msgs/include/stereo_msgs/stereo_msgs/msg/detail/disparity_image__builder.hpp
[0.336s] -- Up-to-date: /home/rassito/microros_ws/install/stereo_msgs/include/stereo_msgs/stereo_msgs/msg/detail/disparity_image__struct.hpp
[0.336s] -- Up-to-date: /home/rassito/microros_ws/install/stereo_msgs/include/stereo_msgs/stereo_msgs/msg/detail/disparity_image__traits.hpp
[0.337s] -- Up-to-date: /home/rassito/microros_ws/install/stereo_msgs/include/stereo_msgs
[0.337s] -- Up-to-date: /home/rassito/microros_ws/install/stereo_msgs/include/stereo_msgs/msg
[0.337s] -- Up-to-date: /home/rassito/microros_ws/install/stereo_msgs/include/stereo_msgs/msg/rosidl_typesupport_microxrcedds_cpp__visibility_control.h
[0.337s] -- Up-to-date: /home/rassito/microros_ws/install/stereo_msgs/include/stereo_msgs/msg/detail
[0.337s] -- Up-to-date: /home/rassito/microros_ws/install/stereo_msgs/include/stereo_msgs/msg/detail/microxrcedds
[0.337s] -- Up-to-date: /home/rassito/microros_ws/install/stereo_msgs/include/stereo_msgs/msg/detail/microxrcedds/disparity_image__type_support_cpp.cpp
[0.337s] -- Up-to-date: /home/rassito/microros_ws/install/stereo_msgs/include/stereo_msgs/msg/detail/disparity_image__rosidl_typesupport_microxrcedds_cpp.hpp
[0.337s] -- Up-to-date: /home/rassito/microros_ws/install/stereo_msgs/lib/libstereo_msgs__rosidl_typesupport_microxrcedds_cpp.so
[0.338s] -- Up-to-date: /home/rassito/microros_ws/install/stereo_msgs/include/stereo_msgs/stereo_msgs
[0.338s] -- Up-to-date: /home/rassito/microros_ws/install/stereo_msgs/include/stereo_msgs/stereo_msgs/msg
[0.338s] -- Up-to-date: /home/rassito/microros_ws/install/stereo_msgs/include/stereo_msgs/stereo_msgs/msg/rosidl_typesupport_fastrtps_cpp__visibility_control.h
[0.338s] -- Up-to-date: /home/rassito/microros_ws/install/stereo_msgs/include/stereo_msgs/stereo_msgs/msg/detail
[0.339s] -- Up-to-date: /home/rassito/microros_ws/install/stereo_msgs/include/stereo_msgs/stereo_msgs/msg/detail/dds_fastrtps
[0.339s] -- Up-to-date: /home/rassito/microros_ws/install/stereo_msgs/include/stereo_msgs/stereo_msgs/msg/detail/disparity_image__rosidl_typesupport_fastrtps_cpp.hpp
[0.339s] -- Up-to-date: /home/rassito/microros_ws/install/stereo_msgs/lib/libstereo_msgs__rosidl_typesupport_fastrtps_cpp.so
[0.339s] -- Up-to-date: /home/rassito/microros_ws/install/stereo_msgs/include/stereo_msgs/stereo_msgs
[0.339s] -- Up-to-date: /home/rassito/microros_ws/install/stereo_msgs/include/stereo_msgs/stereo_msgs/msg
[0.339s] -- Up-to-date: /home/rassito/microros_ws/install/stereo_msgs/include/stereo_msgs/stereo_msgs/msg/detail
[0.339s] -- Up-to-date: /home/rassito/microros_ws/install/stereo_msgs/include/stereo_msgs/stereo_msgs/msg/detail/disparity_image__type_support.cpp
[0.339s] -- Up-to-date: /home/rassito/microros_ws/install/stereo_msgs/include/stereo_msgs/stereo_msgs/msg/detail/disparity_image__rosidl_typesupport_introspection_cpp.hpp
[0.339s] -- Up-to-date: /home/rassito/microros_ws/install/stereo_msgs/lib/libstereo_msgs__rosidl_typesupport_introspection_cpp.so
[0.339s] -- Up-to-date: /home/rassito/microros_ws/install/stereo_msgs/lib/libstereo_msgs__rosidl_typesupport_cpp.so
[0.339s] -- Up-to-date: /home/rassito/microros_ws/install/stereo_msgs/share/stereo_msgs/environment/pythonpath.sh
[0.340s] -- Up-to-date: /home/rassito/microros_ws/install/stereo_msgs/share/stereo_msgs/environment/pythonpath.dsv
[0.340s] -- Up-to-date: /home/rassito/microros_ws/install/stereo_msgs/lib/python3.12/site-packages/stereo_msgs-5.3.5-py3.12.egg-info
[0.340s] -- Installing: /home/rassito/microros_ws/install/stereo_msgs/lib/python3.12/site-packages/stereo_msgs-5.3.5-py3.12.egg-info/top_level.txt
[0.340s] -- Installing: /home/rassito/microros_ws/install/stereo_msgs/lib/python3.12/site-packages/stereo_msgs-5.3.5-py3.12.egg-info/PKG-INFO
[0.340s] -- Installing: /home/rassito/microros_ws/install/stereo_msgs/lib/python3.12/site-packages/stereo_msgs-5.3.5-py3.12.egg-info/dependency_links.txt
[0.340s] -- Installing: /home/rassito/microros_ws/install/stereo_msgs/lib/python3.12/site-packages/stereo_msgs-5.3.5-py3.12.egg-info/SOURCES.txt
[0.343s] -- Up-to-date: /home/rassito/microros_ws/install/stereo_msgs/lib/python3.12/site-packages/stereo_msgs
[0.344s] -- Up-to-date: /home/rassito/microros_ws/install/stereo_msgs/lib/python3.12/site-packages/stereo_msgs/_stereo_msgs_s.ep.rosidl_typesupport_microxrcedds_c.c
[0.344s] -- Up-to-date: /home/rassito/microros_ws/install/stereo_msgs/lib/python3.12/site-packages/stereo_msgs/_stereo_msgs_s.ep.rosidl_typesupport_introspection_c.c
[0.344s] -- Up-to-date: /home/rassito/microros_ws/install/stereo_msgs/lib/python3.12/site-packages/stereo_msgs/stereo_msgs_s__rosidl_typesupport_c.so
[0.344s] -- Up-to-date: /home/rassito/microros_ws/install/stereo_msgs/lib/python3.12/site-packages/stereo_msgs/_stereo_msgs_s.ep.rosidl_typesupport_fastrtps_c.c
[0.344s] -- Up-to-date: /home/rassito/microros_ws/install/stereo_msgs/lib/python3.12/site-packages/stereo_msgs/stereo_msgs_s__rosidl_typesupport_fastrtps_c.so
[0.344s] -- Up-to-date: /home/rassito/microros_ws/install/stereo_msgs/lib/python3.12/site-packages/stereo_msgs/_stereo_msgs_s.ep.rosidl_typesupport_c.c
[0.344s] -- Up-to-date: /home/rassito/microros_ws/install/stereo_msgs/lib/python3.12/site-packages/stereo_msgs/stereo_msgs_s__rosidl_typesupport_introspection_c.so
[0.344s] -- Up-to-date: /home/rassito/microros_ws/install/stereo_msgs/lib/python3.12/site-packages/stereo_msgs/stereo_msgs_s__rosidl_typesupport_microxrcedds_c.so
[0.344s] -- Up-to-date: /home/rassito/microros_ws/install/stereo_msgs/lib/python3.12/site-packages/stereo_msgs/msg
[0.344s] -- Up-to-date: /home/rassito/microros_ws/install/stereo_msgs/lib/python3.12/site-packages/stereo_msgs/msg/_disparity_image.py
[0.345s] -- Up-to-date: /home/rassito/microros_ws/install/stereo_msgs/lib/python3.12/site-packages/stereo_msgs/msg/_disparity_image_s.c
[0.345s] -- Up-to-date: /home/rassito/microros_ws/install/stereo_msgs/lib/python3.12/site-packages/stereo_msgs/msg/__init__.py
[0.345s] -- Up-to-date: /home/rassito/microros_ws/install/stereo_msgs/lib/python3.12/site-packages/stereo_msgs/__init__.py
[0.373s] Listing '/home/rassito/microros_ws/install/stereo_msgs/lib/python3.12/site-packages/stereo_msgs'...
[0.373s] Listing '/home/rassito/microros_ws/install/stereo_msgs/lib/python3.12/site-packages/stereo_msgs/msg'...
[0.373s] -- Up-to-date: /home/rassito/microros_ws/install/stereo_msgs/lib/python3.12/site-packages/stereo_msgs/stereo_msgs_s__rosidl_typesupport_microxrcedds_c.so
[0.373s] -- Up-to-date: /home/rassito/microros_ws/install/stereo_msgs/lib/python3.12/site-packages/stereo_msgs/stereo_msgs_s__rosidl_typesupport_fastrtps_c.so
[0.373s] -- Up-to-date: /home/rassito/microros_ws/install/stereo_msgs/lib/python3.12/site-packages/stereo_msgs/stereo_msgs_s__rosidl_typesupport_introspection_c.so
[0.373s] -- Up-to-date: /home/rassito/microros_ws/install/stereo_msgs/lib/python3.12/site-packages/stereo_msgs/stereo_msgs_s__rosidl_typesupport_c.so
[0.373s] -- Up-to-date: /home/rassito/microros_ws/install/stereo_msgs/lib/libstereo_msgs__rosidl_generator_py.so
[0.373s] -- Up-to-date: /home/rassito/microros_ws/install/stereo_msgs/share/stereo_msgs/msg/DisparityImage.idl
[0.373s] -- Up-to-date: /home/rassito/microros_ws/install/stereo_msgs/share/stereo_msgs/msg/DisparityImage.msg
[0.373s] -- Up-to-date: /home/rassito/microros_ws/install/stereo_msgs/share/ament_index/resource_index/package_run_dependencies/stereo_msgs
[0.373s] -- Up-to-date: /home/rassito/microros_ws/install/stereo_msgs/share/ament_index/resource_index/parent_prefix_path/stereo_msgs
[0.373s] -- Up-to-date: /home/rassito/microros_ws/install/stereo_msgs/share/stereo_msgs/environment/ament_prefix_path.sh
[0.373s] -- Up-to-date: /home/rassito/microros_ws/install/stereo_msgs/share/stereo_msgs/environment/ament_prefix_path.dsv
[0.373s] -- Up-to-date: /home/rassito/microros_ws/install/stereo_msgs/share/stereo_msgs/environment/path.sh
[0.373s] -- Up-to-date: /home/rassito/microros_ws/install/stereo_msgs/share/stereo_msgs/environment/path.dsv
[0.374s] -- Up-to-date: /home/rassito/microros_ws/install/stereo_msgs/share/stereo_msgs/local_setup.bash
[0.374s] -- Up-to-date: /home/rassito/microros_ws/install/stereo_msgs/share/stereo_msgs/local_setup.sh
[0.374s] -- Up-to-date: /home/rassito/microros_ws/install/stereo_msgs/share/stereo_msgs/local_setup.zsh
[0.374s] -- Up-to-date: /home/rassito/microros_ws/install/stereo_msgs/share/stereo_msgs/local_setup.dsv
[0.374s] -- Installing: /home/rassito/microros_ws/install/stereo_msgs/share/stereo_msgs/package.dsv
[0.374s] -- Up-to-date: /home/rassito/microros_ws/install/stereo_msgs/share/ament_index/resource_index/packages/stereo_msgs
[0.374s] -- Up-to-date: /home/rassito/microros_ws/install/stereo_msgs/share/stereo_msgs/cmake/export_stereo_msgs__rosidl_generator_cExport.cmake
[0.374s] -- Up-to-date: /home/rassito/microros_ws/install/stereo_msgs/share/stereo_msgs/cmake/export_stereo_msgs__rosidl_generator_cExport-noconfig.cmake
[0.374s] -- Up-to-date: /home/rassito/microros_ws/install/stereo_msgs/share/stereo_msgs/cmake/export_stereo_msgs__rosidl_typesupport_fastrtps_cExport.cmake
[0.374s] -- Up-to-date: /home/rassito/microros_ws/install/stereo_msgs/share/stereo_msgs/cmake/export_stereo_msgs__rosidl_typesupport_fastrtps_cExport-noconfig.cmake
[0.374s] -- Up-to-date: /home/rassito/microros_ws/install/stereo_msgs/share/stereo_msgs/cmake/stereo_msgs__rosidl_typesupport_introspection_cExport.cmake
[0.374s] -- Up-to-date: /home/rassito/microros_ws/install/stereo_msgs/share/stereo_msgs/cmake/stereo_msgs__rosidl_typesupport_introspection_cExport-noconfig.cmake
[0.374s] -- Up-to-date: /home/rassito/microros_ws/install/stereo_msgs/share/stereo_msgs/cmake/stereo_msgs__rosidl_typesupport_cExport.cmake
[0.374s] -- Up-to-date: /home/rassito/microros_ws/install/stereo_msgs/share/stereo_msgs/cmake/stereo_msgs__rosidl_typesupport_cExport-noconfig.cmake
[0.374s] -- Up-to-date: /home/rassito/microros_ws/install/stereo_msgs/share/stereo_msgs/cmake/export_stereo_msgs__rosidl_generator_cppExport.cmake
[0.374s] -- Up-to-date: /home/rassito/microros_ws/install/stereo_msgs/share/stereo_msgs/cmake/export_stereo_msgs__rosidl_typesupport_fastrtps_cppExport.cmake
[0.374s] -- Up-to-date: /home/rassito/microros_ws/install/stereo_msgs/share/stereo_msgs/cmake/export_stereo_msgs__rosidl_typesupport_fastrtps_cppExport-noconfig.cmake
[0.374s] -- Up-to-date: /home/rassito/microros_ws/install/stereo_msgs/share/stereo_msgs/cmake/stereo_msgs__rosidl_typesupport_introspection_cppExport.cmake
[0.375s] -- Up-to-date: /home/rassito/microros_ws/install/stereo_msgs/share/stereo_msgs/cmake/stereo_msgs__rosidl_typesupport_introspection_cppExport-noconfig.cmake
[0.375s] -- Up-to-date: /home/rassito/microros_ws/install/stereo_msgs/share/stereo_msgs/cmake/stereo_msgs__rosidl_typesupport_cppExport.cmake
[0.375s] -- Up-to-date: /home/rassito/microros_ws/install/stereo_msgs/share/stereo_msgs/cmake/stereo_msgs__rosidl_typesupport_cppExport-noconfig.cmake
[0.375s] -- Up-to-date: /home/rassito/microros_ws/install/stereo_msgs/share/stereo_msgs/cmake/export_stereo_msgs__rosidl_generator_pyExport.cmake
[0.375s] -- Up-to-date: /home/rassito/microros_ws/install/stereo_msgs/share/stereo_msgs/cmake/export_stereo_msgs__rosidl_generator_pyExport-noconfig.cmake
[0.375s] -- Up-to-date: /home/rassito/microros_ws/install/stereo_msgs/share/stereo_msgs/cmake/rosidl_cmake-extras.cmake
[0.375s] -- Up-to-date: /home/rassito/microros_ws/install/stereo_msgs/share/stereo_msgs/cmake/ament_cmake_export_dependencies-extras.cmake
[0.375s] -- Up-to-date: /home/rassito/microros_ws/install/stereo_msgs/share/stereo_msgs/cmake/ament_cmake_export_include_directories-extras.cmake
[0.375s] -- Up-to-date: /home/rassito/microros_ws/install/stereo_msgs/share/stereo_msgs/cmake/ament_cmake_export_libraries-extras.cmake
[0.375s] -- Up-to-date: /home/rassito/microros_ws/install/stereo_msgs/share/stereo_msgs/cmake/ament_cmake_export_targets-extras.cmake
[0.375s] -- Up-to-date: /home/rassito/microros_ws/install/stereo_msgs/share/stereo_msgs/cmake/rosidl_cmake_export_typesupport_targets-extras.cmake
[0.375s] -- Up-to-date: /home/rassito/microros_ws/install/stereo_msgs/share/stereo_msgs/cmake/rosidl_cmake_export_typesupport_libraries-extras.cmake
[0.375s] -- Up-to-date: /home/rassito/microros_ws/install/stereo_msgs/share/stereo_msgs/cmake/stereo_msgsConfig.cmake
[0.375s] -- Up-to-date: /home/rassito/microros_ws/install/stereo_msgs/share/stereo_msgs/cmake/stereo_msgsConfig-version.cmake
[0.375s] -- Up-to-date: /home/rassito/microros_ws/install/stereo_msgs/share/stereo_msgs/package.xml
[0.375s] Invoked command in '/home/rassito/microros_ws/build/stereo_msgs' returned '0': CMAKE_PREFIX_PATH=/home/rassito/microros_ws/install/sensor_msgs:/home/rassito/microros_ws/install/geometry_msgs:/home/rassito/microros_ws/install/std_msgs:/home/rassito/microros_ws/install/builtin_interfaces:/home/rassito/microros_ws/install/micro_ros_demos_rclc:/home/rassito/microros_ws/install/common_interfaces:/home/rassito/microros_ws/install/visualization_msgs:/home/rassito/microros_ws/install/action_msgs:/home/rassito/microros_ws/install/unique_identifier_msgs:/home/rassito/microros_ws/install/type_description_interfaces:/home/rassito/microros_ws/install/trajectory_msgs:/home/rassito/microros_ws/install/test_msgs:/home/rassito/microros_ws/install/test_interface_files:/home/rassito/microros_ws/install/stereo_msgs:/home/rassito/microros_ws/install/std_srvs:/home/rassito/microros_ws/install/shape_msgs:/home/rassito/microros_ws/install/nav_msgs:/home/rassito/microros_ws/install/diagnostic_msgs:/home/rassito/microros_ws/install/drive_base_msgs:/home/rassito/microros_ws/install/actionlib_msgs:/home/rassito/microros_ws/install/statistics_msgs:/home/rassito/microros_ws/install/service_msgs:/home/rassito/microros_ws/install/rosidl_typesupport_microxrcedds_test_msg:/home/rassito/microros_ws/install/rosidl_typesupport_microxrcedds_cpp_tests:/home/rassito/microros_ws/install/rmw_microxrcedds:/home/rassito/microros_ws/install/rosidl_typesupport_microxrcedds_cpp:/home/rassito/microros_ws/install/rosidl_typesupport_microxrcedds_c_tests:/home/rassito/microros_ws/install/rosidl_typesupport_microxrcedds_c:/home/rassito/microros_ws/install/rosgraph_msgs:/home/rassito/microros_ws/install/rclc_parameter:/home/rassito/microros_ws/install/rclc:/home/rassito/microros_ws/install/composition_interfaces:/home/rassito/microros_ws/install/rcl_interfaces:/home/rassito/microros_ws/install/microxrcedds_client:/home/rassito/microros_ws/install/microcdr:/home/rassito/microros_ws/install/micro_ros_utilities:/home/rassito/microros_ws/install/micro_ros_setup:/home/rassito/microros_ws/install/micro_ros_agent:/home/rassito/microros_ws/install/micro_ros_msgs:/home/rassito/microros_ws/install/lifecycle_msgs:/home/rassito/microros_ws/install/example_interfaces:/home/rassito/microros_ws/install/complex_msgs:/opt/ros/jazzy/opt/sdformat_vendor:/opt/ros/jazzy/opt/gz_math_vendor:/opt/ros/jazzy/opt/gz_utils_vendor:/opt/ros/jazzy/opt/gz_tools_vendor:/opt/ros/jazzy/opt/gz_cmake_vendor:/home/rassito/microros_ws/install/sensor_msgs_py:/home/rassito/ros_ws/install/super_pkg:/opt/ros/jazzy DEBUGINFOD_URLS=https://debuginfod.ubuntu.com LD_LIBRARY_PATH=/home/rassito/microros_ws/install/sensor_msgs/lib:/home/rassito/microros_ws/install/geometry_msgs/lib:/home/rassito/microros_ws/install/std_msgs/lib:/home/rassito/microros_ws/install/builtin_interfaces/lib:/home/rassito/microros_ws/install/visualization_msgs/lib:/home/rassito/microros_ws/install/action_msgs/lib:/home/rassito/microros_ws/install/unique_identifier_msgs/lib:/home/rassito/microros_ws/install/type_description_interfaces/lib:/home/rassito/microros_ws/install/trajectory_msgs/lib:/home/rassito/microros_ws/install/test_msgs/lib:/home/rassito/microros_ws/install/stereo_msgs/lib:/home/rassito/microros_ws/install/std_srvs/lib:/home/rassito/microros_ws/install/shape_msgs/lib:/home/rassito/microros_ws/install/nav_msgs/lib:/home/rassito/microros_ws/install/diagnostic_msgs/lib:/home/rassito/microros_ws/install/drive_base_msgs/lib:/home/rassito/microros_ws/install/actionlib_msgs/lib:/home/rassito/microros_ws/install/statistics_msgs/lib:/home/rassito/microros_ws/install/service_msgs/lib:/home/rassito/microros_ws/install/rmw_microxrcedds/lib:/home/rassito/microros_ws/install/rosidl_typesupport_microxrcedds_cpp/lib:/home/rassito/microros_ws/install/rosidl_typesupport_microxrcedds_c/lib:/home/rassito/microros_ws/install/rosgraph_msgs/lib:/home/rassito/microros_ws/install/rclc_parameter/lib:/home/rassito/microros_ws/install/rclc/lib:/home/rassito/microros_ws/install/composition_interfaces/lib:/home/rassito/microros_ws/install/rcl_interfaces/lib:/home/rassito/microros_ws/install/microxrcedds_client/lib:/home/rassito/microros_ws/install/microcdr/lib:/home/rassito/microros_ws/install/micro_ros_utilities/lib:/home/rassito/microros_ws/install/micro_ros_agent/lib:/home/rassito/microros_ws/install/micro_ros_msgs/lib:/home/rassito/microros_ws/install/lifecycle_msgs/lib:/home/rassito/microros_ws/install/example_interfaces/lib:/home/rassito/microros_ws/install/complex_msgs/lib:/opt/ros/jazzy/opt/sdformat_vendor/lib:/opt/ros/jazzy/opt/rviz_ogre_vendor/lib:/opt/ros/jazzy/lib/x86_64-linux-gnu:/opt/ros/jazzy/opt/gz_math_vendor/lib:/opt/ros/jazzy/opt/gz_utils_vendor/lib:/opt/ros/jazzy/opt/gz_tools_vendor/lib:/opt/ros/jazzy/opt/gz_cmake_vendor/lib:/opt/ros/jazzy/lib PYTHONPATH=/home/rassito/microros_ws/install/sensor_msgs/lib/python3.12/site-packages:/home/rassito/microros_ws/install/geometry_msgs/lib/python3.12/site-packages:/home/rassito/microros_ws/install/std_msgs/lib/python3.12/site-packages:/home/rassito/microros_ws/install/builtin_interfaces/lib/python3.12/site-packages:/home/rassito/microros_ws/install/visualization_msgs/lib/python3.12/site-packages:/home/rassito/microros_ws/install/action_msgs/lib/python3.12/site-packages:/home/rassito/microros_ws/install/unique_identifier_msgs/lib/python3.12/site-packages:/home/rassito/microros_ws/install/type_description_interfaces/lib/python3.12/site-packages:/home/rassito/microros_ws/install/trajectory_msgs/lib/python3.12/site-packages:/home/rassito/microros_ws/install/test_msgs/lib/python3.12/site-packages:/home/rassito/microros_ws/install/stereo_msgs/lib/python3.12/site-packages:/home/rassito/microros_ws/install/std_srvs/lib/python3.12/site-packages:/home/rassito/microros_ws/install/shape_msgs/lib/python3.12/site-packages:/home/rassito/microros_ws/install/sensor_msgs_py/lib/python3.12/site-packages:/home/rassito/microros_ws/install/nav_msgs/lib/python3.12/site-packages:/home/rassito/microros_ws/install/diagnostic_msgs/lib/python3.12/site-packages:/home/rassito/microros_ws/install/drive_base_msgs/lib/python3.12/site-packages:/home/rassito/microros_ws/install/actionlib_msgs/lib/python3.12/site-packages:/home/rassito/microros_ws/install/statistics_msgs/lib/python3.12/site-packages:/home/rassito/microros_ws/install/service_msgs/lib/python3.12/site-packages:/home/rassito/microros_ws/install/rosidl_typesupport_microxrcedds_cpp/lib/python3.12/site-packages:/home/rassito/microros_ws/install/rosidl_typesupport_microxrcedds_c/lib/python3.12/site-packages:/home/rassito/microros_ws/install/rosgraph_msgs/lib/python3.12/site-packages:/home/rassito/microros_ws/install/composition_interfaces/lib/python3.12/site-packages:/home/rassito/microros_ws/install/rcl_interfaces/lib/python3.12/site-packages:/home/rassito/microros_ws/install/micro_ros_msgs/lib/python3.12/site-packages:/home/rassito/microros_ws/install/lifecycle_msgs/lib/python3.12/site-packages:/home/rassito/microros_ws/install/example_interfaces/lib/python3.12/site-packages:/home/rassito/microros_ws/install/complex_msgs/lib/python3.12/site-packages:/home/rassito/ros_ws/build/super_pkg:/home/rassito/ros_ws/install/super_pkg/lib/python3.12/site-packages:/opt/ros/jazzy/lib/python3.12/site-packages /usr/bin/cmake --install /home/rassito/microros_ws/build/stereo_msgs
