[0.013s] Invoking command in '/home/rassito/microros_ws/build/visualization_msgs': AMENT_PREFIX_PATH=/home/rassito/microros_ws/install/sensor_msgs:/home/rassito/microros_ws/install/geometry_msgs:/home/rassito/microros_ws/install/std_msgs:/home/rassito/microros_ws/install/builtin_interfaces:${AMENT_PREFIX_PATH} CMAKE_PREFIX_PATH=/home/rassito/microros_ws/install/sensor_msgs:/home/rassito/microros_ws/install/geometry_msgs:/home/rassito/microros_ws/install/std_msgs:/home/rassito/microros_ws/install/builtin_interfaces:/opt/ros/jazzy/opt/sdformat_vendor:/opt/ros/jazzy/opt/gz_math_vendor:/opt/ros/jazzy/opt/gz_utils_vendor:/opt/ros/jazzy/opt/gz_tools_vendor:/opt/ros/jazzy/opt/gz_cmake_vendor:/home/rassito/ros_ws/install/super_pkg:/opt/ros/jazzy DEBUGINFOD_URLS=https://debuginfod.ubuntu.com LD_LIBRARY_PATH=/home/rassito/microros_ws/install/sensor_msgs/lib:/home/rassito/microros_ws/install/geometry_msgs/lib:/home/rassito/microros_ws/install/std_msgs/lib:/home/rassito/microros_ws/install/builtin_interfaces/lib:${LD_LIBRARY_PATH} PYTHONPATH=/home/rassito/microros_ws/install/sensor_msgs/lib/python3.12/site-packages:/home/rassito/microros_ws/install/geometry_msgs/lib/python3.12/site-packages:/home/rassito/microros_ws/install/std_msgs/lib/python3.12/site-packages:/home/rassito/microros_ws/install/builtin_interfaces/lib/python3.12/site-packages:${PYTHONPATH} /usr/bin/cmake /home/rassito/microros_ws/src/ros2/common_interfaces/visualization_msgs -DCMAKE_INSTALL_PREFIX=/home/rassito/microros_ws/install/visualization_msgs
[0.023s] -- Found ament_cmake: 2.5.3 (/opt/ros/jazzy/share/ament_cmake/cmake)
[0.042s] -- Found Python3: /usr/bin/python3 (found version "3.12.3") found components: Interpreter 
[0.097s] -- Found builtin_interfaces: 2.0.2 (/home/rassito/microros_ws/install/builtin_interfaces/share/builtin_interfaces/cmake)
[0.113s] -- Found rosidl_generator_c: 4.6.5 (/opt/ros/jazzy/share/rosidl_generator_c/cmake)
[0.119s] -- Found rosidl_generator_cpp: 4.6.5 (/opt/ros/jazzy/share/rosidl_generator_cpp/cmake)
[0.128s] -- Using all available rosidl_typesupport_c: rosidl_typesupport_fastrtps_c;rosidl_typesupport_introspection_c
[0.136s] -- Using all available rosidl_typesupport_cpp: rosidl_typesupport_fastrtps_cpp;rosidl_typesupport_introspection_cpp
[0.144s] -- Found geometry_msgs: 5.3.5 (/home/rassito/microros_ws/install/geometry_msgs/share/geometry_msgs/cmake)
[0.164s] -- Found rosidl_default_generators: 1.6.0 (/opt/ros/jazzy/share/rosidl_default_generators/cmake)
[0.170s] -- Found rosidl_adapter: 4.6.5 (/opt/ros/jazzy/share/rosidl_adapter/cmake)
[0.171s] -- Found sensor_msgs: 5.3.5 (/home/rassito/microros_ws/install/sensor_msgs/share/sensor_msgs/cmake)
[0.466s] -- Found ament_cmake_ros: 0.12.0 (/opt/ros/jazzy/share/ament_cmake_ros/cmake)
[0.725s] -- Using all available rosidl_typesupport_c: rosidl_typesupport_fastrtps_c;rosidl_typesupport_introspection_c
[0.829s] -- Using all available rosidl_typesupport_cpp: rosidl_typesupport_fastrtps_cpp;rosidl_typesupport_introspection_cpp
[0.830s] -- Found python_cmake_module: 0.11.1 (/opt/ros/jazzy/share/python_cmake_module/cmake)
[1.008s] -- Found Python3: /usr/bin/python3 (found version "3.12.3") found components: Interpreter Development NumPy Development.Module Development.Embed 
[1.053s] -- Configuring done (1.0s)
[1.123s] -- Generating done (0.1s)
[1.134s] -- Build files have been written to: /home/rassito/microros_ws/build/visualization_msgs
[1.140s] Invoked command in '/home/rassito/microros_ws/build/visualization_msgs' returned '0': AMENT_PREFIX_PATH=/home/rassito/microros_ws/install/sensor_msgs:/home/rassito/microros_ws/install/geometry_msgs:/home/rassito/microros_ws/install/std_msgs:/home/rassito/microros_ws/install/builtin_interfaces:${AMENT_PREFIX_PATH} CMAKE_PREFIX_PATH=/home/rassito/microros_ws/install/sensor_msgs:/home/rassito/microros_ws/install/geometry_msgs:/home/rassito/microros_ws/install/std_msgs:/home/rassito/microros_ws/install/builtin_interfaces:/opt/ros/jazzy/opt/sdformat_vendor:/opt/ros/jazzy/opt/gz_math_vendor:/opt/ros/jazzy/opt/gz_utils_vendor:/opt/ros/jazzy/opt/gz_tools_vendor:/opt/ros/jazzy/opt/gz_cmake_vendor:/home/rassito/ros_ws/install/super_pkg:/opt/ros/jazzy DEBUGINFOD_URLS=https://debuginfod.ubuntu.com LD_LIBRARY_PATH=/home/rassito/microros_ws/install/sensor_msgs/lib:/home/rassito/microros_ws/install/geometry_msgs/lib:/home/rassito/microros_ws/install/std_msgs/lib:/home/rassito/microros_ws/install/builtin_interfaces/lib:${LD_LIBRARY_PATH} PYTHONPATH=/home/rassito/microros_ws/install/sensor_msgs/lib/python3.12/site-packages:/home/rassito/microros_ws/install/geometry_msgs/lib/python3.12/site-packages:/home/rassito/microros_ws/install/std_msgs/lib/python3.12/site-packages:/home/rassito/microros_ws/install/builtin_interfaces/lib/python3.12/site-packages:${PYTHONPATH} /usr/bin/cmake /home/rassito/microros_ws/src/ros2/common_interfaces/visualization_msgs -DCMAKE_INSTALL_PREFIX=/home/rassito/microros_ws/install/visualization_msgs
[1.141s] Invoking command in '/home/rassito/microros_ws/build/visualization_msgs': AMENT_PREFIX_PATH=/home/rassito/microros_ws/install/sensor_msgs:/home/rassito/microros_ws/install/geometry_msgs:/home/rassito/microros_ws/install/std_msgs:/home/rassito/microros_ws/install/builtin_interfaces:${AMENT_PREFIX_PATH} CMAKE_PREFIX_PATH=/home/rassito/microros_ws/install/sensor_msgs:/home/rassito/microros_ws/install/geometry_msgs:/home/rassito/microros_ws/install/std_msgs:/home/rassito/microros_ws/install/builtin_interfaces:/opt/ros/jazzy/opt/sdformat_vendor:/opt/ros/jazzy/opt/gz_math_vendor:/opt/ros/jazzy/opt/gz_utils_vendor:/opt/ros/jazzy/opt/gz_tools_vendor:/opt/ros/jazzy/opt/gz_cmake_vendor:/home/rassito/ros_ws/install/super_pkg:/opt/ros/jazzy DEBUGINFOD_URLS=https://debuginfod.ubuntu.com LD_LIBRARY_PATH=/home/rassito/microros_ws/install/sensor_msgs/lib:/home/rassito/microros_ws/install/geometry_msgs/lib:/home/rassito/microros_ws/install/std_msgs/lib:/home/rassito/microros_ws/install/builtin_interfaces/lib:${LD_LIBRARY_PATH} PYTHONPATH=/home/rassito/microros_ws/install/sensor_msgs/lib/python3.12/site-packages:/home/rassito/microros_ws/install/geometry_msgs/lib/python3.12/site-packages:/home/rassito/microros_ws/install/std_msgs/lib/python3.12/site-packages:/home/rassito/microros_ws/install/builtin_interfaces/lib/python3.12/site-packages:${PYTHONPATH} /usr/bin/cmake --build /home/rassito/microros_ws/build/visualization_msgs -- -j16 -l16
[1.177s] [  0%] Built target visualization_msgs__rosidl_generator_type_description
[1.191s] [  0%] Built target ament_cmake_python_copy_visualization_msgs
[1.191s] [  0%] Built target visualization_msgs__cpp
[1.208s] [ 26%] Built target visualization_msgs__rosidl_generator_c
[1.215s] [ 27%] [34m[1mGenerating C type support dispatch for ROS interfaces[0m
[1.217s] [ 28%] [34m[1mGenerating C++ type support dispatch for ROS interfaces[0m
[1.235s] [ 45%] Built target visualization_msgs__rosidl_typesupport_fastrtps_c
[1.235s] [ 47%] Built target visualization_msgs__rosidl_typesupport_introspection_cpp
[1.235s] [ 57%] Built target visualization_msgs__rosidl_typesupport_introspection_c
[1.246s] [ 67%] Built target visualization_msgs__rosidl_typesupport_fastrtps_cpp
[1.351s] running egg_info
[1.366s] writing visualization_msgs.egg-info/PKG-INFO
[1.366s] writing dependency_links to visualization_msgs.egg-info/dependency_links.txt
[1.366s] writing top-level names to visualization_msgs.egg-info/top_level.txt
[1.408s] reading manifest file 'visualization_msgs.egg-info/SOURCES.txt'
[1.409s] writing manifest file 'visualization_msgs.egg-info/SOURCES.txt'
[1.429s] [ 67%] Built target ament_cmake_python_build_visualization_msgs_egg
[2.240s] [ 69%] [32mBuilding CXX object CMakeFiles/visualization_msgs__rosidl_typesupport_c.dir/rosidl_typesupport_c/visualization_msgs/msg/interactive_marker_init__type_support.cpp.o[0m
[2.240s] [ 69%] [32mBuilding CXX object CMakeFiles/visualization_msgs__rosidl_typesupport_c.dir/rosidl_typesupport_c/visualization_msgs/msg/interactive_marker_pose__type_support.cpp.o[0m
[2.240s] [ 69%] [32mBuilding CXX object CMakeFiles/visualization_msgs__rosidl_typesupport_c.dir/rosidl_typesupport_c/visualization_msgs/msg/image_marker__type_support.cpp.o[0m
[2.240s] [ 70%] [32mBuilding CXX object CMakeFiles/visualization_msgs__rosidl_typesupport_c.dir/rosidl_typesupport_c/visualization_msgs/msg/interactive_marker__type_support.cpp.o[0m
[2.240s] [ 71%] [32mBuilding CXX object CMakeFiles/visualization_msgs__rosidl_typesupport_c.dir/rosidl_typesupport_c/visualization_msgs/msg/interactive_marker_control__type_support.cpp.o[0m
[2.241s] [ 71%] [32mBuilding CXX object CMakeFiles/visualization_msgs__rosidl_typesupport_c.dir/rosidl_typesupport_c/visualization_msgs/msg/interactive_marker_feedback__type_support.cpp.o[0m
[2.242s] [ 71%] [32mBuilding CXX object CMakeFiles/visualization_msgs__rosidl_typesupport_c.dir/rosidl_typesupport_c/visualization_msgs/msg/interactive_marker_update__type_support.cpp.o[0m
[2.242s] [ 72%] [32mBuilding CXX object CMakeFiles/visualization_msgs__rosidl_typesupport_c.dir/rosidl_typesupport_c/visualization_msgs/msg/marker__type_support.cpp.o[0m
[2.242s] [ 72%] [32mBuilding CXX object CMakeFiles/visualization_msgs__rosidl_typesupport_c.dir/rosidl_typesupport_c/visualization_msgs/msg/menu_entry__type_support.cpp.o[0m
[2.243s] [ 73%] [32mBuilding CXX object CMakeFiles/visualization_msgs__rosidl_typesupport_c.dir/rosidl_typesupport_c/visualization_msgs/msg/marker_array__type_support.cpp.o[0m
[2.243s] [ 74%] [32mBuilding CXX object CMakeFiles/visualization_msgs__rosidl_typesupport_c.dir/rosidl_typesupport_c/visualization_msgs/msg/mesh_file__type_support.cpp.o[0m
[2.243s] [ 75%] [32mBuilding CXX object CMakeFiles/visualization_msgs__rosidl_typesupport_c.dir/rosidl_typesupport_c/visualization_msgs/msg/uv_coordinate__type_support.cpp.o[0m
[2.243s] [ 75%] [32mBuilding CXX object CMakeFiles/visualization_msgs__rosidl_typesupport_c.dir/rosidl_typesupport_c/visualization_msgs/srv/get_interactive_markers__type_support.cpp.o[0m
[2.255s] [ 76%] [32mBuilding CXX object CMakeFiles/visualization_msgs__rosidl_typesupport_cpp.dir/rosidl_typesupport_cpp/visualization_msgs/msg/image_marker__type_support.cpp.o[0m
[2.257s] [ 76%] [32mBuilding CXX object CMakeFiles/visualization_msgs__rosidl_typesupport_cpp.dir/rosidl_typesupport_cpp/visualization_msgs/msg/interactive_marker__type_support.cpp.o[0m
[2.257s] [ 77%] [32mBuilding CXX object CMakeFiles/visualization_msgs__rosidl_typesupport_cpp.dir/rosidl_typesupport_cpp/visualization_msgs/msg/interactive_marker_control__type_support.cpp.o[0m
[2.282s] [ 77%] [32mBuilding CXX object CMakeFiles/visualization_msgs__rosidl_typesupport_cpp.dir/rosidl_typesupport_cpp/visualization_msgs/msg/interactive_marker_feedback__type_support.cpp.o[0m
[2.285s] [ 77%] [32mBuilding CXX object CMakeFiles/visualization_msgs__rosidl_typesupport_cpp.dir/rosidl_typesupport_cpp/visualization_msgs/msg/interactive_marker_pose__type_support.cpp.o[0m
[2.285s] [ 78%] [32mBuilding CXX object CMakeFiles/visualization_msgs__rosidl_typesupport_cpp.dir/rosidl_typesupport_cpp/visualization_msgs/msg/interactive_marker_init__type_support.cpp.o[0m
[2.285s] [ 79%] [32mBuilding CXX object CMakeFiles/visualization_msgs__rosidl_typesupport_cpp.dir/rosidl_typesupport_cpp/visualization_msgs/msg/interactive_marker_update__type_support.cpp.o[0m
[2.286s] [ 79%] [32mBuilding CXX object CMakeFiles/visualization_msgs__rosidl_typesupport_cpp.dir/rosidl_typesupport_cpp/visualization_msgs/msg/marker_array__type_support.cpp.o[0m
[2.286s] [ 80%] [32mBuilding CXX object CMakeFiles/visualization_msgs__rosidl_typesupport_cpp.dir/rosidl_typesupport_cpp/visualization_msgs/msg/marker__type_support.cpp.o[0m
[2.286s] [ 81%] [32mBuilding CXX object CMakeFiles/visualization_msgs__rosidl_typesupport_cpp.dir/rosidl_typesupport_cpp/visualization_msgs/msg/menu_entry__type_support.cpp.o[0m
[2.286s] [ 82%] [32mBuilding CXX object CMakeFiles/visualization_msgs__rosidl_typesupport_cpp.dir/rosidl_typesupport_cpp/visualization_msgs/msg/mesh_file__type_support.cpp.o[0m
[2.290s] [ 83%] [32mBuilding CXX object CMakeFiles/visualization_msgs__rosidl_typesupport_cpp.dir/rosidl_typesupport_cpp/visualization_msgs/srv/get_interactive_markers__type_support.cpp.o[0m
[2.290s] [ 83%] [32mBuilding CXX object CMakeFiles/visualization_msgs__rosidl_typesupport_cpp.dir/rosidl_typesupport_cpp/visualization_msgs/msg/uv_coordinate__type_support.cpp.o[0m
[2.296s] [ 84%] [32m[1mLinking CXX shared library libvisualization_msgs__rosidl_typesupport_c.so[0m
[2.329s] [ 84%] Built target visualization_msgs__rosidl_typesupport_c
[2.795s] [ 85%] [32m[1mLinking CXX shared library libvisualization_msgs__rosidl_typesupport_cpp.so[0m
[2.845s] [ 85%] Built target visualization_msgs__rosidl_typesupport_cpp
[2.857s] [ 85%] Built target visualization_msgs
[2.875s] [ 86%] Built target visualization_msgs__py
[2.905s] [ 87%] [32m[1mLinking C shared library libvisualization_msgs__rosidl_generator_py.so[0m
[2.955s] [ 96%] Built target visualization_msgs__rosidl_generator_py
[2.973s] [ 97%] [32m[1mLinking C shared module rosidl_generator_py/visualization_msgs/visualization_msgs_s__rosidl_typesupport_introspection_c.so[0m
[2.973s] [ 97%] [32m[1mLinking C shared module rosidl_generator_py/visualization_msgs/visualization_msgs_s__rosidl_typesupport_fastrtps_c.so[0m
[2.973s] [ 98%] [32m[1mLinking C shared module rosidl_generator_py/visualization_msgs/visualization_msgs_s__rosidl_typesupport_c.so[0m
[2.995s] [ 98%] Built target visualization_msgs_s__rosidl_typesupport_c
[2.995s] [100%] Built target visualization_msgs_s__rosidl_typesupport_fastrtps_c
[2.995s] [100%] Built target visualization_msgs_s__rosidl_typesupport_introspection_c
[3.004s] Invoked command in '/home/rassito/microros_ws/build/visualization_msgs' returned '0': AMENT_PREFIX_PATH=/home/rassito/microros_ws/install/sensor_msgs:/home/rassito/microros_ws/install/geometry_msgs:/home/rassito/microros_ws/install/std_msgs:/home/rassito/microros_ws/install/builtin_interfaces:${AMENT_PREFIX_PATH} CMAKE_PREFIX_PATH=/home/rassito/microros_ws/install/sensor_msgs:/home/rassito/microros_ws/install/geometry_msgs:/home/rassito/microros_ws/install/std_msgs:/home/rassito/microros_ws/install/builtin_interfaces:/opt/ros/jazzy/opt/sdformat_vendor:/opt/ros/jazzy/opt/gz_math_vendor:/opt/ros/jazzy/opt/gz_utils_vendor:/opt/ros/jazzy/opt/gz_tools_vendor:/opt/ros/jazzy/opt/gz_cmake_vendor:/home/rassito/ros_ws/install/super_pkg:/opt/ros/jazzy DEBUGINFOD_URLS=https://debuginfod.ubuntu.com LD_LIBRARY_PATH=/home/rassito/microros_ws/install/sensor_msgs/lib:/home/rassito/microros_ws/install/geometry_msgs/lib:/home/rassito/microros_ws/install/std_msgs/lib:/home/rassito/microros_ws/install/builtin_interfaces/lib:${LD_LIBRARY_PATH} PYTHONPATH=/home/rassito/microros_ws/install/sensor_msgs/lib/python3.12/site-packages:/home/rassito/microros_ws/install/geometry_msgs/lib/python3.12/site-packages:/home/rassito/microros_ws/install/std_msgs/lib/python3.12/site-packages:/home/rassito/microros_ws/install/builtin_interfaces/lib/python3.12/site-packages:${PYTHONPATH} /usr/bin/cmake --build /home/rassito/microros_ws/build/visualization_msgs -- -j16 -l16
[3.004s] Invoking command in '/home/rassito/microros_ws/build/visualization_msgs': AMENT_PREFIX_PATH=/home/rassito/microros_ws/install/sensor_msgs:/home/rassito/microros_ws/install/geometry_msgs:/home/rassito/microros_ws/install/std_msgs:/home/rassito/microros_ws/install/builtin_interfaces:${AMENT_PREFIX_PATH} CMAKE_PREFIX_PATH=/home/rassito/microros_ws/install/sensor_msgs:/home/rassito/microros_ws/install/geometry_msgs:/home/rassito/microros_ws/install/std_msgs:/home/rassito/microros_ws/install/builtin_interfaces:/opt/ros/jazzy/opt/sdformat_vendor:/opt/ros/jazzy/opt/gz_math_vendor:/opt/ros/jazzy/opt/gz_utils_vendor:/opt/ros/jazzy/opt/gz_tools_vendor:/opt/ros/jazzy/opt/gz_cmake_vendor:/home/rassito/ros_ws/install/super_pkg:/opt/ros/jazzy DEBUGINFOD_URLS=https://debuginfod.ubuntu.com LD_LIBRARY_PATH=/home/rassito/microros_ws/install/sensor_msgs/lib:/home/rassito/microros_ws/install/geometry_msgs/lib:/home/rassito/microros_ws/install/std_msgs/lib:/home/rassito/microros_ws/install/builtin_interfaces/lib:${LD_LIBRARY_PATH} PYTHONPATH=/home/rassito/microros_ws/install/sensor_msgs/lib/python3.12/site-packages:/home/rassito/microros_ws/install/geometry_msgs/lib/python3.12/site-packages:/home/rassito/microros_ws/install/std_msgs/lib/python3.12/site-packages:/home/rassito/microros_ws/install/builtin_interfaces/lib/python3.12/site-packages:${PYTHONPATH} /usr/bin/cmake --install /home/rassito/microros_ws/build/visualization_msgs
[3.009s] -- Install configuration: ""
[3.009s] -- Up-to-date: /home/rassito/microros_ws/install/visualization_msgs/share/ament_index/resource_index/rosidl_interfaces/visualization_msgs
[3.010s] -- Up-to-date: /home/rassito/microros_ws/install/visualization_msgs/share/visualization_msgs/msg/ImageMarker.json
[3.010s] -- Up-to-date: /home/rassito/microros_ws/install/visualization_msgs/share/visualization_msgs/msg/InteractiveMarker.json
[3.010s] -- Up-to-date: /home/rassito/microros_ws/install/visualization_msgs/share/visualization_msgs/msg/InteractiveMarkerControl.json
[3.010s] -- Up-to-date: /home/rassito/microros_ws/install/visualization_msgs/share/visualization_msgs/msg/InteractiveMarkerFeedback.json
[3.010s] -- Up-to-date: /home/rassito/microros_ws/install/visualization_msgs/share/visualization_msgs/msg/InteractiveMarkerInit.json
[3.010s] -- Up-to-date: /home/rassito/microros_ws/install/visualization_msgs/share/visualization_msgs/msg/InteractiveMarkerPose.json
[3.010s] -- Up-to-date: /home/rassito/microros_ws/install/visualization_msgs/share/visualization_msgs/msg/InteractiveMarkerUpdate.json
[3.010s] -- Up-to-date: /home/rassito/microros_ws/install/visualization_msgs/share/visualization_msgs/msg/Marker.json
[3.010s] -- Up-to-date: /home/rassito/microros_ws/install/visualization_msgs/share/visualization_msgs/msg/MarkerArray.json
[3.010s] -- Up-to-date: /home/rassito/microros_ws/install/visualization_msgs/share/visualization_msgs/msg/MenuEntry.json
[3.010s] -- Up-to-date: /home/rassito/microros_ws/install/visualization_msgs/share/visualization_msgs/msg/MeshFile.json
[3.010s] -- Up-to-date: /home/rassito/microros_ws/install/visualization_msgs/share/visualization_msgs/msg/UVCoordinate.json
[3.010s] -- Up-to-date: /home/rassito/microros_ws/install/visualization_msgs/share/visualization_msgs/srv/GetInteractiveMarkers.json
[3.010s] -- Up-to-date: /home/rassito/microros_ws/install/visualization_msgs/include/visualization_msgs/visualization_msgs
[3.010s] -- Up-to-date: /home/rassito/microros_ws/install/visualization_msgs/include/visualization_msgs/visualization_msgs/srv
[3.011s] -- Up-to-date: /home/rassito/microros_ws/install/visualization_msgs/include/visualization_msgs/visualization_msgs/srv/get_interactive_markers.h
[3.011s] -- Up-to-date: /home/rassito/microros_ws/install/visualization_msgs/include/visualization_msgs/visualization_msgs/srv/detail
[3.011s] -- Up-to-date: /home/rassito/microros_ws/install/visualization_msgs/include/visualization_msgs/visualization_msgs/srv/detail/get_interactive_markers__description.c
[3.011s] -- Up-to-date: /home/rassito/microros_ws/install/visualization_msgs/include/visualization_msgs/visualization_msgs/srv/detail/get_interactive_markers__struct.h
[3.011s] -- Installing: /home/rassito/microros_ws/install/visualization_msgs/include/visualization_msgs/visualization_msgs/srv/detail/get_interactive_markers__type_support.c
[3.011s] -- Up-to-date: /home/rassito/microros_ws/install/visualization_msgs/include/visualization_msgs/visualization_msgs/srv/detail/get_interactive_markers__functions.c
[3.011s] -- Up-to-date: /home/rassito/microros_ws/install/visualization_msgs/include/visualization_msgs/visualization_msgs/srv/detail/get_interactive_markers__functions.h
[3.011s] -- Up-to-date: /home/rassito/microros_ws/install/visualization_msgs/include/visualization_msgs/visualization_msgs/srv/detail/get_interactive_markers__type_support.h
[3.011s] -- Up-to-date: /home/rassito/microros_ws/install/visualization_msgs/include/visualization_msgs/visualization_msgs/msg
[3.011s] -- Up-to-date: /home/rassito/microros_ws/install/visualization_msgs/include/visualization_msgs/visualization_msgs/msg/interactive_marker_pose.h
[3.011s] -- Up-to-date: /home/rassito/microros_ws/install/visualization_msgs/include/visualization_msgs/visualization_msgs/msg/uv_coordinate.h
[3.011s] -- Up-to-date: /home/rassito/microros_ws/install/visualization_msgs/include/visualization_msgs/visualization_msgs/msg/interactive_marker_update.h
[3.011s] -- Up-to-date: /home/rassito/microros_ws/install/visualization_msgs/include/visualization_msgs/visualization_msgs/msg/mesh_file.h
[3.011s] -- Up-to-date: /home/rassito/microros_ws/install/visualization_msgs/include/visualization_msgs/visualization_msgs/msg/interactive_marker_init.h
[3.012s] -- Up-to-date: /home/rassito/microros_ws/install/visualization_msgs/include/visualization_msgs/visualization_msgs/msg/marker.h
[3.012s] -- Up-to-date: /home/rassito/microros_ws/install/visualization_msgs/include/visualization_msgs/visualization_msgs/msg/interactive_marker_feedback.h
[3.012s] -- Up-to-date: /home/rassito/microros_ws/install/visualization_msgs/include/visualization_msgs/visualization_msgs/msg/interactive_marker_control.h
[3.012s] -- Up-to-date: /home/rassito/microros_ws/install/visualization_msgs/include/visualization_msgs/visualization_msgs/msg/image_marker.h
[3.012s] -- Up-to-date: /home/rassito/microros_ws/install/visualization_msgs/include/visualization_msgs/visualization_msgs/msg/marker_array.h
[3.012s] -- Up-to-date: /home/rassito/microros_ws/install/visualization_msgs/include/visualization_msgs/visualization_msgs/msg/menu_entry.h
[3.012s] -- Up-to-date: /home/rassito/microros_ws/install/visualization_msgs/include/visualization_msgs/visualization_msgs/msg/detail
[3.012s] -- Up-to-date: /home/rassito/microros_ws/install/visualization_msgs/include/visualization_msgs/visualization_msgs/msg/detail/marker_array__type_support.h
[3.012s] -- Up-to-date: /home/rassito/microros_ws/install/visualization_msgs/include/visualization_msgs/visualization_msgs/msg/detail/interactive_marker__functions.h
[3.012s] -- Up-to-date: /home/rassito/microros_ws/install/visualization_msgs/include/visualization_msgs/visualization_msgs/msg/detail/interactive_marker_feedback__functions.c
[3.012s] -- Up-to-date: /home/rassito/microros_ws/install/visualization_msgs/include/visualization_msgs/visualization_msgs/msg/detail/uv_coordinate__functions.c
[3.012s] -- Up-to-date: /home/rassito/microros_ws/install/visualization_msgs/include/visualization_msgs/visualization_msgs/msg/detail/menu_entry__struct.h
[3.012s] -- Up-to-date: /home/rassito/microros_ws/install/visualization_msgs/include/visualization_msgs/visualization_msgs/msg/detail/image_marker__functions.h
[3.013s] -- Up-to-date: /home/rassito/microros_ws/install/visualization_msgs/include/visualization_msgs/visualization_msgs/msg/detail/interactive_marker_control__description.c
[3.013s] -- Installing: /home/rassito/microros_ws/install/visualization_msgs/include/visualization_msgs/visualization_msgs/msg/detail/marker_array__type_support.c
[3.013s] -- Up-to-date: /home/rassito/microros_ws/install/visualization_msgs/include/visualization_msgs/visualization_msgs/msg/detail/interactive_marker__type_support.h
[3.013s] -- Up-to-date: /home/rassito/microros_ws/install/visualization_msgs/include/visualization_msgs/visualization_msgs/msg/detail/interactive_marker_feedback__functions.h
[3.013s] -- Up-to-date: /home/rassito/microros_ws/install/visualization_msgs/include/visualization_msgs/visualization_msgs/msg/detail/interactive_marker_update__description.c
[3.013s] -- Up-to-date: /home/rassito/microros_ws/install/visualization_msgs/include/visualization_msgs/visualization_msgs/msg/detail/mesh_file__description.c
[3.013s] -- Installing: /home/rassito/microros_ws/install/visualization_msgs/include/visualization_msgs/visualization_msgs/msg/detail/interactive_marker_control__type_support.c
[3.014s] -- Up-to-date: /home/rassito/microros_ws/install/visualization_msgs/include/visualization_msgs/visualization_msgs/msg/detail/marker__functions.h
[3.014s] -- Up-to-date: /home/rassito/microros_ws/install/visualization_msgs/include/visualization_msgs/visualization_msgs/msg/detail/interactive_marker_init__description.c
[3.014s] -- Up-to-date: /home/rassito/microros_ws/install/visualization_msgs/include/visualization_msgs/visualization_msgs/msg/detail/interactive_marker_control__functions.c
[3.014s] -- Up-to-date: /home/rassito/microros_ws/install/visualization_msgs/include/visualization_msgs/visualization_msgs/msg/detail/interactive_marker_feedback__description.c
[3.014s] -- Up-to-date: /home/rassito/microros_ws/install/visualization_msgs/include/visualization_msgs/visualization_msgs/msg/detail/interactive_marker_update__functions.c
[3.014s] -- Up-to-date: /home/rassito/microros_ws/install/visualization_msgs/include/visualization_msgs/visualization_msgs/msg/detail/interactive_marker_pose__functions.c
[3.014s] -- Installing: /home/rassito/microros_ws/install/visualization_msgs/include/visualization_msgs/visualization_msgs/msg/detail/uv_coordinate__type_support.c
[3.014s] -- Up-to-date: /home/rassito/microros_ws/install/visualization_msgs/include/visualization_msgs/visualization_msgs/msg/detail/interactive_marker_control__type_support.h
[3.014s] -- Installing: /home/rassito/microros_ws/install/visualization_msgs/include/visualization_msgs/visualization_msgs/msg/detail/marker__type_support.c
[3.014s] -- Up-to-date: /home/rassito/microros_ws/install/visualization_msgs/include/visualization_msgs/visualization_msgs/msg/detail/marker__type_support.h
[3.014s] -- Up-to-date: /home/rassito/microros_ws/install/visualization_msgs/include/visualization_msgs/visualization_msgs/msg/detail/marker_array__functions.c
[3.014s] -- Up-to-date: /home/rassito/microros_ws/install/visualization_msgs/include/visualization_msgs/visualization_msgs/msg/detail/uv_coordinate__type_support.h
[3.014s] -- Up-to-date: /home/rassito/microros_ws/install/visualization_msgs/include/visualization_msgs/visualization_msgs/msg/detail/marker_array__struct.h
[3.014s] -- Up-to-date: /home/rassito/microros_ws/install/visualization_msgs/include/visualization_msgs/visualization_msgs/msg/detail/interactive_marker_feedback__type_support.h
[3.014s] -- Up-to-date: /home/rassito/microros_ws/install/visualization_msgs/include/visualization_msgs/visualization_msgs/msg/detail/image_marker__functions.c
[3.014s] -- Up-to-date: /home/rassito/microros_ws/install/visualization_msgs/include/visualization_msgs/visualization_msgs/msg/detail/interactive_marker_control__struct.h
[3.014s] -- Up-to-date: /home/rassito/microros_ws/install/visualization_msgs/include/visualization_msgs/visualization_msgs/msg/detail/interactive_marker_init__struct.h
[3.015s] -- Installing: /home/rassito/microros_ws/install/visualization_msgs/include/visualization_msgs/visualization_msgs/msg/detail/menu_entry__type_support.c
[3.015s] -- Up-to-date: /home/rassito/microros_ws/install/visualization_msgs/include/visualization_msgs/visualization_msgs/msg/detail/interactive_marker__description.c
[3.015s] -- Up-to-date: /home/rassito/microros_ws/install/visualization_msgs/include/visualization_msgs/visualization_msgs/msg/detail/mesh_file__functions.h
[3.015s] -- Up-to-date: /home/rassito/microros_ws/install/visualization_msgs/include/visualization_msgs/visualization_msgs/msg/detail/interactive_marker_pose__functions.h
[3.015s] -- Up-to-date: /home/rassito/microros_ws/install/visualization_msgs/include/visualization_msgs/visualization_msgs/msg/detail/interactive_marker_control__functions.h
[3.015s] -- Up-to-date: /home/rassito/microros_ws/install/visualization_msgs/include/visualization_msgs/visualization_msgs/msg/detail/image_marker__struct.h
[3.015s] -- Up-to-date: /home/rassito/microros_ws/install/visualization_msgs/include/visualization_msgs/visualization_msgs/msg/detail/interactive_marker_feedback__struct.h
[3.015s] -- Installing: /home/rassito/microros_ws/install/visualization_msgs/include/visualization_msgs/visualization_msgs/msg/detail/interactive_marker_feedback__type_support.c
[3.015s] -- Up-to-date: /home/rassito/microros_ws/install/visualization_msgs/include/visualization_msgs/visualization_msgs/msg/detail/interactive_marker_pose__struct.h
[3.015s] -- Up-to-date: /home/rassito/microros_ws/install/visualization_msgs/include/visualization_msgs/visualization_msgs/msg/detail/uv_coordinate__struct.h
[3.015s] -- Up-to-date: /home/rassito/microros_ws/install/visualization_msgs/include/visualization_msgs/visualization_msgs/msg/detail/interactive_marker__struct.h
[3.015s] -- Installing: /home/rassito/microros_ws/install/visualization_msgs/include/visualization_msgs/visualization_msgs/msg/detail/interactive_marker_update__type_support.c
[3.015s] -- Up-to-date: /home/rassito/microros_ws/install/visualization_msgs/include/visualization_msgs/visualization_msgs/msg/detail/mesh_file__type_support.h
[3.015s] -- Up-to-date: /home/rassito/microros_ws/install/visualization_msgs/include/visualization_msgs/visualization_msgs/msg/detail/interactive_marker_init__functions.c
[3.015s] -- Up-to-date: /home/rassito/microros_ws/install/visualization_msgs/include/visualization_msgs/visualization_msgs/msg/detail/marker_array__description.c
[3.015s] -- Up-to-date: /home/rassito/microros_ws/install/visualization_msgs/include/visualization_msgs/visualization_msgs/msg/detail/mesh_file__functions.c
[3.015s] -- Up-to-date: /home/rassito/microros_ws/install/visualization_msgs/include/visualization_msgs/visualization_msgs/msg/detail/marker__struct.h
[3.015s] -- Up-to-date: /home/rassito/microros_ws/install/visualization_msgs/include/visualization_msgs/visualization_msgs/msg/detail/marker_array__functions.h
[3.015s] -- Up-to-date: /home/rassito/microros_ws/install/visualization_msgs/include/visualization_msgs/visualization_msgs/msg/detail/image_marker__type_support.h
[3.015s] -- Installing: /home/rassito/microros_ws/install/visualization_msgs/include/visualization_msgs/visualization_msgs/msg/detail/image_marker__type_support.c
[3.015s] -- Up-to-date: /home/rassito/microros_ws/install/visualization_msgs/include/visualization_msgs/visualization_msgs/msg/detail/interactive_marker_update__struct.h
[3.015s] -- Up-to-date: /home/rassito/microros_ws/install/visualization_msgs/include/visualization_msgs/visualization_msgs/msg/detail/marker__description.c
[3.016s] -- Installing: /home/rassito/microros_ws/install/visualization_msgs/include/visualization_msgs/visualization_msgs/msg/detail/interactive_marker_pose__type_support.c
[3.016s] -- Up-to-date: /home/rassito/microros_ws/install/visualization_msgs/include/visualization_msgs/visualization_msgs/msg/detail/interactive_marker__functions.c
[3.016s] -- Installing: /home/rassito/microros_ws/install/visualization_msgs/include/visualization_msgs/visualization_msgs/msg/detail/mesh_file__type_support.c
[3.016s] -- Up-to-date: /home/rassito/microros_ws/install/visualization_msgs/include/visualization_msgs/visualization_msgs/msg/detail/interactive_marker_pose__description.c
[3.016s] -- Up-to-date: /home/rassito/microros_ws/install/visualization_msgs/include/visualization_msgs/visualization_msgs/msg/detail/mesh_file__struct.h
[3.016s] -- Up-to-date: /home/rassito/microros_ws/install/visualization_msgs/include/visualization_msgs/visualization_msgs/msg/detail/uv_coordinate__functions.h
[3.016s] -- Up-to-date: /home/rassito/microros_ws/install/visualization_msgs/include/visualization_msgs/visualization_msgs/msg/detail/uv_coordinate__description.c
[3.016s] -- Up-to-date: /home/rassito/microros_ws/install/visualization_msgs/include/visualization_msgs/visualization_msgs/msg/detail/menu_entry__functions.c
[3.016s] -- Up-to-date: /home/rassito/microros_ws/install/visualization_msgs/include/visualization_msgs/visualization_msgs/msg/detail/interactive_marker_init__type_support.h
[3.016s] -- Up-to-date: /home/rassito/microros_ws/install/visualization_msgs/include/visualization_msgs/visualization_msgs/msg/detail/interactive_marker_update__type_support.h
[3.016s] -- Up-to-date: /home/rassito/microros_ws/install/visualization_msgs/include/visualization_msgs/visualization_msgs/msg/detail/menu_entry__functions.h
[3.016s] -- Up-to-date: /home/rassito/microros_ws/install/visualization_msgs/include/visualization_msgs/visualization_msgs/msg/detail/marker__functions.c
[3.016s] -- Up-to-date: /home/rassito/microros_ws/install/visualization_msgs/include/visualization_msgs/visualization_msgs/msg/detail/menu_entry__description.c
[3.016s] -- Up-to-date: /home/rassito/microros_ws/install/visualization_msgs/include/visualization_msgs/visualization_msgs/msg/detail/image_marker__description.c
[3.016s] -- Up-to-date: /home/rassito/microros_ws/install/visualization_msgs/include/visualization_msgs/visualization_msgs/msg/detail/interactive_marker_update__functions.h
[3.016s] -- Installing: /home/rassito/microros_ws/install/visualization_msgs/include/visualization_msgs/visualization_msgs/msg/detail/interactive_marker__type_support.c
[3.016s] -- Installing: /home/rassito/microros_ws/install/visualization_msgs/include/visualization_msgs/visualization_msgs/msg/detail/interactive_marker_init__type_support.c
[3.016s] -- Up-to-date: /home/rassito/microros_ws/install/visualization_msgs/include/visualization_msgs/visualization_msgs/msg/detail/interactive_marker_init__functions.h
[3.016s] -- Up-to-date: /home/rassito/microros_ws/install/visualization_msgs/include/visualization_msgs/visualization_msgs/msg/detail/menu_entry__type_support.h
[3.016s] -- Up-to-date: /home/rassito/microros_ws/install/visualization_msgs/include/visualization_msgs/visualization_msgs/msg/detail/interactive_marker_pose__type_support.h
[3.016s] -- Up-to-date: /home/rassito/microros_ws/install/visualization_msgs/include/visualization_msgs/visualization_msgs/msg/rosidl_generator_c__visibility_control.h
[3.016s] -- Up-to-date: /home/rassito/microros_ws/install/visualization_msgs/include/visualization_msgs/visualization_msgs/msg/interactive_marker.h
[3.017s] -- Up-to-date: /home/rassito/microros_ws/install/visualization_msgs/share/visualization_msgs/environment/library_path.sh
[3.017s] -- Up-to-date: /home/rassito/microros_ws/install/visualization_msgs/share/visualization_msgs/environment/library_path.dsv
[3.017s] -- Up-to-date: /home/rassito/microros_ws/install/visualization_msgs/lib/libvisualization_msgs__rosidl_generator_c.so
[3.017s] -- Up-to-date: /home/rassito/microros_ws/install/visualization_msgs/include/visualization_msgs/visualization_msgs
[3.017s] -- Up-to-date: /home/rassito/microros_ws/install/visualization_msgs/include/visualization_msgs/visualization_msgs/srv
[3.017s] -- Up-to-date: /home/rassito/microros_ws/install/visualization_msgs/include/visualization_msgs/visualization_msgs/srv/detail
[3.017s] -- Up-to-date: /home/rassito/microros_ws/install/visualization_msgs/include/visualization_msgs/visualization_msgs/srv/detail/get_interactive_markers__rosidl_typesupport_fastrtps_c.h
[3.017s] -- Up-to-date: /home/rassito/microros_ws/install/visualization_msgs/include/visualization_msgs/visualization_msgs/msg
[3.017s] -- Up-to-date: /home/rassito/microros_ws/install/visualization_msgs/include/visualization_msgs/visualization_msgs/msg/rosidl_typesupport_fastrtps_c__visibility_control.h
[3.017s] -- Up-to-date: /home/rassito/microros_ws/install/visualization_msgs/include/visualization_msgs/visualization_msgs/msg/detail
[3.017s] -- Up-to-date: /home/rassito/microros_ws/install/visualization_msgs/include/visualization_msgs/visualization_msgs/msg/detail/marker_array__rosidl_typesupport_fastrtps_c.h
[3.017s] -- Up-to-date: /home/rassito/microros_ws/install/visualization_msgs/include/visualization_msgs/visualization_msgs/msg/detail/interactive_marker_pose__rosidl_typesupport_fastrtps_c.h
[3.017s] -- Up-to-date: /home/rassito/microros_ws/install/visualization_msgs/include/visualization_msgs/visualization_msgs/msg/detail/interactive_marker_init__rosidl_typesupport_fastrtps_c.h
[3.017s] -- Up-to-date: /home/rassito/microros_ws/install/visualization_msgs/include/visualization_msgs/visualization_msgs/msg/detail/mesh_file__rosidl_typesupport_fastrtps_c.h
[3.017s] -- Up-to-date: /home/rassito/microros_ws/install/visualization_msgs/include/visualization_msgs/visualization_msgs/msg/detail/interactive_marker_control__rosidl_typesupport_fastrtps_c.h
[3.017s] -- Up-to-date: /home/rassito/microros_ws/install/visualization_msgs/include/visualization_msgs/visualization_msgs/msg/detail/interactive_marker_update__rosidl_typesupport_fastrtps_c.h
[3.017s] -- Up-to-date: /home/rassito/microros_ws/install/visualization_msgs/include/visualization_msgs/visualization_msgs/msg/detail/marker__rosidl_typesupport_fastrtps_c.h
[3.017s] -- Up-to-date: /home/rassito/microros_ws/install/visualization_msgs/include/visualization_msgs/visualization_msgs/msg/detail/image_marker__rosidl_typesupport_fastrtps_c.h
[3.017s] -- Up-to-date: /home/rassito/microros_ws/install/visualization_msgs/include/visualization_msgs/visualization_msgs/msg/detail/uv_coordinate__rosidl_typesupport_fastrtps_c.h
[3.017s] -- Up-to-date: /home/rassito/microros_ws/install/visualization_msgs/include/visualization_msgs/visualization_msgs/msg/detail/menu_entry__rosidl_typesupport_fastrtps_c.h
[3.017s] -- Up-to-date: /home/rassito/microros_ws/install/visualization_msgs/include/visualization_msgs/visualization_msgs/msg/detail/interactive_marker_feedback__rosidl_typesupport_fastrtps_c.h
[3.017s] -- Up-to-date: /home/rassito/microros_ws/install/visualization_msgs/include/visualization_msgs/visualization_msgs/msg/detail/interactive_marker__rosidl_typesupport_fastrtps_c.h
[3.018s] -- Up-to-date: /home/rassito/microros_ws/install/visualization_msgs/lib/libvisualization_msgs__rosidl_typesupport_fastrtps_c.so
[3.018s] -- Up-to-date: /home/rassito/microros_ws/install/visualization_msgs/include/visualization_msgs/visualization_msgs
[3.018s] -- Up-to-date: /home/rassito/microros_ws/install/visualization_msgs/include/visualization_msgs/visualization_msgs/srv
[3.018s] -- Up-to-date: /home/rassito/microros_ws/install/visualization_msgs/include/visualization_msgs/visualization_msgs/srv/get_interactive_markers.hpp
[3.018s] -- Up-to-date: /home/rassito/microros_ws/install/visualization_msgs/include/visualization_msgs/visualization_msgs/srv/detail
[3.018s] -- Up-to-date: /home/rassito/microros_ws/install/visualization_msgs/include/visualization_msgs/visualization_msgs/srv/detail/get_interactive_markers__traits.hpp
[3.018s] -- Up-to-date: /home/rassito/microros_ws/install/visualization_msgs/include/visualization_msgs/visualization_msgs/srv/detail/get_interactive_markers__struct.hpp
[3.018s] -- Up-to-date: /home/rassito/microros_ws/install/visualization_msgs/include/visualization_msgs/visualization_msgs/srv/detail/get_interactive_markers__builder.hpp
[3.018s] -- Up-to-date: /home/rassito/microros_ws/install/visualization_msgs/include/visualization_msgs/visualization_msgs/srv/detail/get_interactive_markers__type_support.hpp
[3.018s] -- Up-to-date: /home/rassito/microros_ws/install/visualization_msgs/include/visualization_msgs/visualization_msgs/msg
[3.018s] -- Up-to-date: /home/rassito/microros_ws/install/visualization_msgs/include/visualization_msgs/visualization_msgs/msg/menu_entry.hpp
[3.018s] -- Up-to-date: /home/rassito/microros_ws/install/visualization_msgs/include/visualization_msgs/visualization_msgs/msg/rosidl_generator_cpp__visibility_control.hpp
[3.018s] -- Up-to-date: /home/rassito/microros_ws/install/visualization_msgs/include/visualization_msgs/visualization_msgs/msg/marker.hpp
[3.018s] -- Up-to-date: /home/rassito/microros_ws/install/visualization_msgs/include/visualization_msgs/visualization_msgs/msg/interactive_marker_feedback.hpp
[3.018s] -- Up-to-date: /home/rassito/microros_ws/install/visualization_msgs/include/visualization_msgs/visualization_msgs/msg/image_marker.hpp
[3.018s] -- Up-to-date: /home/rassito/microros_ws/install/visualization_msgs/include/visualization_msgs/visualization_msgs/msg/interactive_marker_pose.hpp
[3.018s] -- Up-to-date: /home/rassito/microros_ws/install/visualization_msgs/include/visualization_msgs/visualization_msgs/msg/interactive_marker_update.hpp
[3.018s] -- Up-to-date: /home/rassito/microros_ws/install/visualization_msgs/include/visualization_msgs/visualization_msgs/msg/uv_coordinate.hpp
[3.018s] -- Up-to-date: /home/rassito/microros_ws/install/visualization_msgs/include/visualization_msgs/visualization_msgs/msg/interactive_marker_control.hpp
[3.018s] -- Up-to-date: /home/rassito/microros_ws/install/visualization_msgs/include/visualization_msgs/visualization_msgs/msg/interactive_marker_init.hpp
[3.018s] -- Up-to-date: /home/rassito/microros_ws/install/visualization_msgs/include/visualization_msgs/visualization_msgs/msg/marker_array.hpp
[3.019s] -- Up-to-date: /home/rassito/microros_ws/install/visualization_msgs/include/visualization_msgs/visualization_msgs/msg/interactive_marker.hpp
[3.019s] -- Up-to-date: /home/rassito/microros_ws/install/visualization_msgs/include/visualization_msgs/visualization_msgs/msg/mesh_file.hpp
[3.019s] -- Up-to-date: /home/rassito/microros_ws/install/visualization_msgs/include/visualization_msgs/visualization_msgs/msg/detail
[3.019s] -- Up-to-date: /home/rassito/microros_ws/install/visualization_msgs/include/visualization_msgs/visualization_msgs/msg/detail/menu_entry__traits.hpp
[3.019s] -- Up-to-date: /home/rassito/microros_ws/install/visualization_msgs/include/visualization_msgs/visualization_msgs/msg/detail/interactive_marker_control__builder.hpp
[3.019s] -- Up-to-date: /home/rassito/microros_ws/install/visualization_msgs/include/visualization_msgs/visualization_msgs/msg/detail/image_marker__struct.hpp
[3.019s] -- Up-to-date: /home/rassito/microros_ws/install/visualization_msgs/include/visualization_msgs/visualization_msgs/msg/detail/mesh_file__traits.hpp
[3.019s] -- Up-to-date: /home/rassito/microros_ws/install/visualization_msgs/include/visualization_msgs/visualization_msgs/msg/detail/mesh_file__builder.hpp
[3.019s] -- Up-to-date: /home/rassito/microros_ws/install/visualization_msgs/include/visualization_msgs/visualization_msgs/msg/detail/marker_array__traits.hpp
[3.019s] -- Up-to-date: /home/rassito/microros_ws/install/visualization_msgs/include/visualization_msgs/visualization_msgs/msg/detail/interactive_marker_feedback__struct.hpp
[3.019s] -- Up-to-date: /home/rassito/microros_ws/install/visualization_msgs/include/visualization_msgs/visualization_msgs/msg/detail/mesh_file__struct.hpp
[3.019s] -- Up-to-date: /home/rassito/microros_ws/install/visualization_msgs/include/visualization_msgs/visualization_msgs/msg/detail/interactive_marker_init__traits.hpp
[3.019s] -- Up-to-date: /home/rassito/microros_ws/install/visualization_msgs/include/visualization_msgs/visualization_msgs/msg/detail/interactive_marker_init__type_support.hpp
[3.019s] -- Up-to-date: /home/rassito/microros_ws/install/visualization_msgs/include/visualization_msgs/visualization_msgs/msg/detail/interactive_marker__type_support.hpp
[3.019s] -- Up-to-date: /home/rassito/microros_ws/install/visualization_msgs/include/visualization_msgs/visualization_msgs/msg/detail/interactive_marker__builder.hpp
[3.019s] -- Up-to-date: /home/rassito/microros_ws/install/visualization_msgs/include/visualization_msgs/visualization_msgs/msg/detail/interactive_marker_pose__struct.hpp
[3.019s] -- Up-to-date: /home/rassito/microros_ws/install/visualization_msgs/include/visualization_msgs/visualization_msgs/msg/detail/interactive_marker_update__type_support.hpp
[3.019s] -- Up-to-date: /home/rassito/microros_ws/install/visualization_msgs/include/visualization_msgs/visualization_msgs/msg/detail/uv_coordinate__builder.hpp
[3.019s] -- Up-to-date: /home/rassito/microros_ws/install/visualization_msgs/include/visualization_msgs/visualization_msgs/msg/detail/uv_coordinate__struct.hpp
[3.019s] -- Up-to-date: /home/rassito/microros_ws/install/visualization_msgs/include/visualization_msgs/visualization_msgs/msg/detail/interactive_marker_feedback__traits.hpp
[3.019s] -- Up-to-date: /home/rassito/microros_ws/install/visualization_msgs/include/visualization_msgs/visualization_msgs/msg/detail/interactive_marker_feedback__type_support.hpp
[3.019s] -- Up-to-date: /home/rassito/microros_ws/install/visualization_msgs/include/visualization_msgs/visualization_msgs/msg/detail/image_marker__builder.hpp
[3.019s] -- Up-to-date: /home/rassito/microros_ws/install/visualization_msgs/include/visualization_msgs/visualization_msgs/msg/detail/interactive_marker_update__builder.hpp
[3.020s] -- Up-to-date: /home/rassito/microros_ws/install/visualization_msgs/include/visualization_msgs/visualization_msgs/msg/detail/marker_array__struct.hpp
[3.020s] -- Up-to-date: /home/rassito/microros_ws/install/visualization_msgs/include/visualization_msgs/visualization_msgs/msg/detail/marker__struct.hpp
[3.020s] -- Up-to-date: /home/rassito/microros_ws/install/visualization_msgs/include/visualization_msgs/visualization_msgs/msg/detail/marker__traits.hpp
[3.020s] -- Up-to-date: /home/rassito/microros_ws/install/visualization_msgs/include/visualization_msgs/visualization_msgs/msg/detail/interactive_marker_update__traits.hpp
[3.020s] -- Up-to-date: /home/rassito/microros_ws/install/visualization_msgs/include/visualization_msgs/visualization_msgs/msg/detail/marker__type_support.hpp
[3.020s] -- Up-to-date: /home/rassito/microros_ws/install/visualization_msgs/include/visualization_msgs/visualization_msgs/msg/detail/interactive_marker_control__traits.hpp
[3.020s] -- Up-to-date: /home/rassito/microros_ws/install/visualization_msgs/include/visualization_msgs/visualization_msgs/msg/detail/interactive_marker_control__type_support.hpp
[3.020s] -- Up-to-date: /home/rassito/microros_ws/install/visualization_msgs/include/visualization_msgs/visualization_msgs/msg/detail/mesh_file__type_support.hpp
[3.020s] -- Up-to-date: /home/rassito/microros_ws/install/visualization_msgs/include/visualization_msgs/visualization_msgs/msg/detail/marker_array__type_support.hpp
[3.020s] -- Up-to-date: /home/rassito/microros_ws/install/visualization_msgs/include/visualization_msgs/visualization_msgs/msg/detail/interactive_marker__traits.hpp
[3.020s] -- Up-to-date: /home/rassito/microros_ws/install/visualization_msgs/include/visualization_msgs/visualization_msgs/msg/detail/interactive_marker_pose__type_support.hpp
[3.020s] -- Up-to-date: /home/rassito/microros_ws/install/visualization_msgs/include/visualization_msgs/visualization_msgs/msg/detail/interactive_marker_control__struct.hpp
[3.020s] -- Up-to-date: /home/rassito/microros_ws/install/visualization_msgs/include/visualization_msgs/visualization_msgs/msg/detail/interactive_marker_init__struct.hpp
[3.020s] -- Up-to-date: /home/rassito/microros_ws/install/visualization_msgs/include/visualization_msgs/visualization_msgs/msg/detail/interactive_marker_update__struct.hpp
[3.020s] -- Up-to-date: /home/rassito/microros_ws/install/visualization_msgs/include/visualization_msgs/visualization_msgs/msg/detail/uv_coordinate__traits.hpp
[3.020s] -- Up-to-date: /home/rassito/microros_ws/install/visualization_msgs/include/visualization_msgs/visualization_msgs/msg/detail/menu_entry__builder.hpp
[3.020s] -- Up-to-date: /home/rassito/microros_ws/install/visualization_msgs/include/visualization_msgs/visualization_msgs/msg/detail/interactive_marker__struct.hpp
[3.020s] -- Up-to-date: /home/rassito/microros_ws/install/visualization_msgs/include/visualization_msgs/visualization_msgs/msg/detail/menu_entry__type_support.hpp
[3.020s] -- Up-to-date: /home/rassito/microros_ws/install/visualization_msgs/include/visualization_msgs/visualization_msgs/msg/detail/interactive_marker_pose__traits.hpp
[3.020s] -- Up-to-date: /home/rassito/microros_ws/install/visualization_msgs/include/visualization_msgs/visualization_msgs/msg/detail/image_marker__traits.hpp
[3.020s] -- Up-to-date: /home/rassito/microros_ws/install/visualization_msgs/include/visualization_msgs/visualization_msgs/msg/detail/marker_array__builder.hpp
[3.020s] -- Up-to-date: /home/rassito/microros_ws/install/visualization_msgs/include/visualization_msgs/visualization_msgs/msg/detail/interactive_marker_feedback__builder.hpp
[3.020s] -- Up-to-date: /home/rassito/microros_ws/install/visualization_msgs/include/visualization_msgs/visualization_msgs/msg/detail/image_marker__type_support.hpp
[3.021s] -- Up-to-date: /home/rassito/microros_ws/install/visualization_msgs/include/visualization_msgs/visualization_msgs/msg/detail/uv_coordinate__type_support.hpp
[3.021s] -- Up-to-date: /home/rassito/microros_ws/install/visualization_msgs/include/visualization_msgs/visualization_msgs/msg/detail/interactive_marker_pose__builder.hpp
[3.021s] -- Up-to-date: /home/rassito/microros_ws/install/visualization_msgs/include/visualization_msgs/visualization_msgs/msg/detail/interactive_marker_init__builder.hpp
[3.021s] -- Up-to-date: /home/rassito/microros_ws/install/visualization_msgs/include/visualization_msgs/visualization_msgs/msg/detail/marker__builder.hpp
[3.021s] -- Up-to-date: /home/rassito/microros_ws/install/visualization_msgs/include/visualization_msgs/visualization_msgs/msg/detail/menu_entry__struct.hpp
[3.021s] -- Up-to-date: /home/rassito/microros_ws/install/visualization_msgs/include/visualization_msgs/visualization_msgs
[3.021s] -- Up-to-date: /home/rassito/microros_ws/install/visualization_msgs/include/visualization_msgs/visualization_msgs/srv
[3.021s] -- Up-to-date: /home/rassito/microros_ws/install/visualization_msgs/include/visualization_msgs/visualization_msgs/srv/detail
[3.021s] -- Up-to-date: /home/rassito/microros_ws/install/visualization_msgs/include/visualization_msgs/visualization_msgs/srv/detail/get_interactive_markers__rosidl_typesupport_fastrtps_cpp.hpp
[3.021s] -- Up-to-date: /home/rassito/microros_ws/install/visualization_msgs/include/visualization_msgs/visualization_msgs/srv/detail/dds_fastrtps
[3.021s] -- Up-to-date: /home/rassito/microros_ws/install/visualization_msgs/include/visualization_msgs/visualization_msgs/msg
[3.021s] -- Up-to-date: /home/rassito/microros_ws/install/visualization_msgs/include/visualization_msgs/visualization_msgs/msg/rosidl_typesupport_fastrtps_cpp__visibility_control.h
[3.021s] -- Up-to-date: /home/rassito/microros_ws/install/visualization_msgs/include/visualization_msgs/visualization_msgs/msg/detail
[3.021s] -- Up-to-date: /home/rassito/microros_ws/install/visualization_msgs/include/visualization_msgs/visualization_msgs/msg/detail/uv_coordinate__rosidl_typesupport_fastrtps_cpp.hpp
[3.021s] -- Up-to-date: /home/rassito/microros_ws/install/visualization_msgs/include/visualization_msgs/visualization_msgs/msg/detail/interactive_marker__rosidl_typesupport_fastrtps_cpp.hpp
[3.021s] -- Up-to-date: /home/rassito/microros_ws/install/visualization_msgs/include/visualization_msgs/visualization_msgs/msg/detail/marker_array__rosidl_typesupport_fastrtps_cpp.hpp
[3.021s] -- Up-to-date: /home/rassito/microros_ws/install/visualization_msgs/include/visualization_msgs/visualization_msgs/msg/detail/marker__rosidl_typesupport_fastrtps_cpp.hpp
[3.021s] -- Up-to-date: /home/rassito/microros_ws/install/visualization_msgs/include/visualization_msgs/visualization_msgs/msg/detail/menu_entry__rosidl_typesupport_fastrtps_cpp.hpp
[3.021s] -- Up-to-date: /home/rassito/microros_ws/install/visualization_msgs/include/visualization_msgs/visualization_msgs/msg/detail/interactive_marker_feedback__rosidl_typesupport_fastrtps_cpp.hpp
[3.021s] -- Up-to-date: /home/rassito/microros_ws/install/visualization_msgs/include/visualization_msgs/visualization_msgs/msg/detail/interactive_marker_pose__rosidl_typesupport_fastrtps_cpp.hpp
[3.021s] -- Up-to-date: /home/rassito/microros_ws/install/visualization_msgs/include/visualization_msgs/visualization_msgs/msg/detail/interactive_marker_init__rosidl_typesupport_fastrtps_cpp.hpp
[3.021s] -- Up-to-date: /home/rassito/microros_ws/install/visualization_msgs/include/visualization_msgs/visualization_msgs/msg/detail/image_marker__rosidl_typesupport_fastrtps_cpp.hpp
[3.022s] -- Up-to-date: /home/rassito/microros_ws/install/visualization_msgs/include/visualization_msgs/visualization_msgs/msg/detail/mesh_file__rosidl_typesupport_fastrtps_cpp.hpp
[3.022s] -- Up-to-date: /home/rassito/microros_ws/install/visualization_msgs/include/visualization_msgs/visualization_msgs/msg/detail/interactive_marker_update__rosidl_typesupport_fastrtps_cpp.hpp
[3.022s] -- Up-to-date: /home/rassito/microros_ws/install/visualization_msgs/include/visualization_msgs/visualization_msgs/msg/detail/interactive_marker_control__rosidl_typesupport_fastrtps_cpp.hpp
[3.022s] -- Up-to-date: /home/rassito/microros_ws/install/visualization_msgs/include/visualization_msgs/visualization_msgs/msg/detail/dds_fastrtps
[3.022s] -- Up-to-date: /home/rassito/microros_ws/install/visualization_msgs/lib/libvisualization_msgs__rosidl_typesupport_fastrtps_cpp.so
[3.022s] -- Up-to-date: /home/rassito/microros_ws/install/visualization_msgs/include/visualization_msgs/visualization_msgs
[3.022s] -- Up-to-date: /home/rassito/microros_ws/install/visualization_msgs/include/visualization_msgs/visualization_msgs/srv
[3.022s] -- Up-to-date: /home/rassito/microros_ws/install/visualization_msgs/include/visualization_msgs/visualization_msgs/srv/detail
[3.022s] -- Up-to-date: /home/rassito/microros_ws/install/visualization_msgs/include/visualization_msgs/visualization_msgs/srv/detail/get_interactive_markers__rosidl_typesupport_introspection_c.h
[3.022s] -- Installing: /home/rassito/microros_ws/install/visualization_msgs/include/visualization_msgs/visualization_msgs/srv/detail/get_interactive_markers__type_support.c
[3.022s] -- Up-to-date: /home/rassito/microros_ws/install/visualization_msgs/include/visualization_msgs/visualization_msgs/msg
[3.022s] -- Up-to-date: /home/rassito/microros_ws/install/visualization_msgs/include/visualization_msgs/visualization_msgs/msg/rosidl_typesupport_introspection_c__visibility_control.h
[3.022s] -- Up-to-date: /home/rassito/microros_ws/install/visualization_msgs/include/visualization_msgs/visualization_msgs/msg/detail
[3.022s] -- Up-to-date: /home/rassito/microros_ws/install/visualization_msgs/include/visualization_msgs/visualization_msgs/msg/detail/menu_entry__rosidl_typesupport_introspection_c.h
[3.022s] -- Up-to-date: /home/rassito/microros_ws/install/visualization_msgs/include/visualization_msgs/visualization_msgs/msg/detail/uv_coordinate__rosidl_typesupport_introspection_c.h
[3.022s] -- Installing: /home/rassito/microros_ws/install/visualization_msgs/include/visualization_msgs/visualization_msgs/msg/detail/marker_array__type_support.c
[3.022s] -- Installing: /home/rassito/microros_ws/install/visualization_msgs/include/visualization_msgs/visualization_msgs/msg/detail/interactive_marker_control__type_support.c
[3.022s] -- Up-to-date: /home/rassito/microros_ws/install/visualization_msgs/include/visualization_msgs/visualization_msgs/msg/detail/interactive_marker_feedback__rosidl_typesupport_introspection_c.h
[3.022s] -- Up-to-date: /home/rassito/microros_ws/install/visualization_msgs/include/visualization_msgs/visualization_msgs/msg/detail/interactive_marker_init__rosidl_typesupport_introspection_c.h
[3.022s] -- Up-to-date: /home/rassito/microros_ws/install/visualization_msgs/include/visualization_msgs/visualization_msgs/msg/detail/marker_array__rosidl_typesupport_introspection_c.h
[3.022s] -- Installing: /home/rassito/microros_ws/install/visualization_msgs/include/visualization_msgs/visualization_msgs/msg/detail/uv_coordinate__type_support.c
[3.022s] -- Up-to-date: /home/rassito/microros_ws/install/visualization_msgs/include/visualization_msgs/visualization_msgs/msg/detail/interactive_marker_control__rosidl_typesupport_introspection_c.h
[3.022s] -- Installing: /home/rassito/microros_ws/install/visualization_msgs/include/visualization_msgs/visualization_msgs/msg/detail/marker__type_support.c
[3.023s] -- Up-to-date: /home/rassito/microros_ws/install/visualization_msgs/include/visualization_msgs/visualization_msgs/msg/detail/interactive_marker_update__rosidl_typesupport_introspection_c.h
[3.023s] -- Installing: /home/rassito/microros_ws/install/visualization_msgs/include/visualization_msgs/visualization_msgs/msg/detail/menu_entry__type_support.c
[3.023s] -- Up-to-date: /home/rassito/microros_ws/install/visualization_msgs/include/visualization_msgs/visualization_msgs/msg/detail/mesh_file__rosidl_typesupport_introspection_c.h
[3.023s] -- Installing: /home/rassito/microros_ws/install/visualization_msgs/include/visualization_msgs/visualization_msgs/msg/detail/interactive_marker_feedback__type_support.c
[3.023s] -- Installing: /home/rassito/microros_ws/install/visualization_msgs/include/visualization_msgs/visualization_msgs/msg/detail/interactive_marker_update__type_support.c
[3.023s] -- Up-to-date: /home/rassito/microros_ws/install/visualization_msgs/include/visualization_msgs/visualization_msgs/msg/detail/interactive_marker_pose__rosidl_typesupport_introspection_c.h
[3.023s] -- Installing: /home/rassito/microros_ws/install/visualization_msgs/include/visualization_msgs/visualization_msgs/msg/detail/image_marker__type_support.c
[3.023s] -- Installing: /home/rassito/microros_ws/install/visualization_msgs/include/visualization_msgs/visualization_msgs/msg/detail/interactive_marker_pose__type_support.c
[3.023s] -- Installing: /home/rassito/microros_ws/install/visualization_msgs/include/visualization_msgs/visualization_msgs/msg/detail/mesh_file__type_support.c
[3.023s] -- Up-to-date: /home/rassito/microros_ws/install/visualization_msgs/include/visualization_msgs/visualization_msgs/msg/detail/marker__rosidl_typesupport_introspection_c.h
[3.023s] -- Up-to-date: /home/rassito/microros_ws/install/visualization_msgs/include/visualization_msgs/visualization_msgs/msg/detail/interactive_marker__rosidl_typesupport_introspection_c.h
[3.023s] -- Up-to-date: /home/rassito/microros_ws/install/visualization_msgs/include/visualization_msgs/visualization_msgs/msg/detail/image_marker__rosidl_typesupport_introspection_c.h
[3.023s] -- Installing: /home/rassito/microros_ws/install/visualization_msgs/include/visualization_msgs/visualization_msgs/msg/detail/interactive_marker__type_support.c
[3.023s] -- Installing: /home/rassito/microros_ws/install/visualization_msgs/include/visualization_msgs/visualization_msgs/msg/detail/interactive_marker_init__type_support.c
[3.023s] -- Up-to-date: /home/rassito/microros_ws/install/visualization_msgs/lib/libvisualization_msgs__rosidl_typesupport_introspection_c.so
[3.023s] -- Installing: /home/rassito/microros_ws/install/visualization_msgs/lib/libvisualization_msgs__rosidl_typesupport_c.so
[3.023s] -- Set non-toolchain portion of runtime path of "/home/rassito/microros_ws/install/visualization_msgs/lib/libvisualization_msgs__rosidl_typesupport_c.so" to ""
[3.023s] -- Up-to-date: /home/rassito/microros_ws/install/visualization_msgs/include/visualization_msgs/visualization_msgs
[3.023s] -- Up-to-date: /home/rassito/microros_ws/install/visualization_msgs/include/visualization_msgs/visualization_msgs/srv
[3.023s] -- Up-to-date: /home/rassito/microros_ws/install/visualization_msgs/include/visualization_msgs/visualization_msgs/srv/detail
[3.023s] -- Up-to-date: /home/rassito/microros_ws/install/visualization_msgs/include/visualization_msgs/visualization_msgs/srv/detail/get_interactive_markers__rosidl_typesupport_introspection_cpp.hpp
[3.024s] -- Up-to-date: /home/rassito/microros_ws/install/visualization_msgs/include/visualization_msgs/visualization_msgs/srv/detail/get_interactive_markers__type_support.cpp
[3.024s] -- Up-to-date: /home/rassito/microros_ws/install/visualization_msgs/include/visualization_msgs/visualization_msgs/msg
[3.024s] -- Up-to-date: /home/rassito/microros_ws/install/visualization_msgs/include/visualization_msgs/visualization_msgs/msg/detail
[3.024s] -- Up-to-date: /home/rassito/microros_ws/install/visualization_msgs/include/visualization_msgs/visualization_msgs/msg/detail/interactive_marker_update__rosidl_typesupport_introspection_cpp.hpp
[3.024s] -- Up-to-date: /home/rassito/microros_ws/install/visualization_msgs/include/visualization_msgs/visualization_msgs/msg/detail/marker__rosidl_typesupport_introspection_cpp.hpp
[3.024s] -- Up-to-date: /home/rassito/microros_ws/install/visualization_msgs/include/visualization_msgs/visualization_msgs/msg/detail/menu_entry__type_support.cpp
[3.024s] -- Up-to-date: /home/rassito/microros_ws/install/visualization_msgs/include/visualization_msgs/visualization_msgs/msg/detail/interactive_marker_init__rosidl_typesupport_introspection_cpp.hpp
[3.024s] -- Up-to-date: /home/rassito/microros_ws/install/visualization_msgs/include/visualization_msgs/visualization_msgs/msg/detail/mesh_file__rosidl_typesupport_introspection_cpp.hpp
[3.024s] -- Up-to-date: /home/rassito/microros_ws/install/visualization_msgs/include/visualization_msgs/visualization_msgs/msg/detail/marker__type_support.cpp
[3.024s] -- Up-to-date: /home/rassito/microros_ws/install/visualization_msgs/include/visualization_msgs/visualization_msgs/msg/detail/marker_array__rosidl_typesupport_introspection_cpp.hpp
[3.024s] -- Up-to-date: /home/rassito/microros_ws/install/visualization_msgs/include/visualization_msgs/visualization_msgs/msg/detail/interactive_marker_feedback__type_support.cpp
[3.024s] -- Up-to-date: /home/rassito/microros_ws/install/visualization_msgs/include/visualization_msgs/visualization_msgs/msg/detail/interactive_marker_control__type_support.cpp
[3.024s] -- Up-to-date: /home/rassito/microros_ws/install/visualization_msgs/include/visualization_msgs/visualization_msgs/msg/detail/interactive_marker_pose__rosidl_typesupport_introspection_cpp.hpp
[3.024s] -- Up-to-date: /home/rassito/microros_ws/install/visualization_msgs/include/visualization_msgs/visualization_msgs/msg/detail/uv_coordinate__type_support.cpp
[3.024s] -- Up-to-date: /home/rassito/microros_ws/install/visualization_msgs/include/visualization_msgs/visualization_msgs/msg/detail/menu_entry__rosidl_typesupport_introspection_cpp.hpp
[3.024s] -- Up-to-date: /home/rassito/microros_ws/install/visualization_msgs/include/visualization_msgs/visualization_msgs/msg/detail/image_marker__rosidl_typesupport_introspection_cpp.hpp
[3.024s] -- Up-to-date: /home/rassito/microros_ws/install/visualization_msgs/include/visualization_msgs/visualization_msgs/msg/detail/image_marker__type_support.cpp
[3.024s] -- Up-to-date: /home/rassito/microros_ws/install/visualization_msgs/include/visualization_msgs/visualization_msgs/msg/detail/marker_array__type_support.cpp
[3.024s] -- Up-to-date: /home/rassito/microros_ws/install/visualization_msgs/include/visualization_msgs/visualization_msgs/msg/detail/interactive_marker_init__type_support.cpp
[3.024s] -- Up-to-date: /home/rassito/microros_ws/install/visualization_msgs/include/visualization_msgs/visualization_msgs/msg/detail/interactive_marker_update__type_support.cpp
[3.024s] -- Up-to-date: /home/rassito/microros_ws/install/visualization_msgs/include/visualization_msgs/visualization_msgs/msg/detail/uv_coordinate__rosidl_typesupport_introspection_cpp.hpp
[3.024s] -- Up-to-date: /home/rassito/microros_ws/install/visualization_msgs/include/visualization_msgs/visualization_msgs/msg/detail/interactive_marker_pose__type_support.cpp
[3.024s] -- Up-to-date: /home/rassito/microros_ws/install/visualization_msgs/include/visualization_msgs/visualization_msgs/msg/detail/interactive_marker_control__rosidl_typesupport_introspection_cpp.hpp
[3.025s] -- Up-to-date: /home/rassito/microros_ws/install/visualization_msgs/include/visualization_msgs/visualization_msgs/msg/detail/interactive_marker__type_support.cpp
[3.025s] -- Up-to-date: /home/rassito/microros_ws/install/visualization_msgs/include/visualization_msgs/visualization_msgs/msg/detail/mesh_file__type_support.cpp
[3.025s] -- Up-to-date: /home/rassito/microros_ws/install/visualization_msgs/include/visualization_msgs/visualization_msgs/msg/detail/interactive_marker__rosidl_typesupport_introspection_cpp.hpp
[3.025s] -- Up-to-date: /home/rassito/microros_ws/install/visualization_msgs/include/visualization_msgs/visualization_msgs/msg/detail/interactive_marker_feedback__rosidl_typesupport_introspection_cpp.hpp
[3.025s] -- Up-to-date: /home/rassito/microros_ws/install/visualization_msgs/lib/libvisualization_msgs__rosidl_typesupport_introspection_cpp.so
[3.025s] -- Installing: /home/rassito/microros_ws/install/visualization_msgs/lib/libvisualization_msgs__rosidl_typesupport_cpp.so
[3.025s] -- Set non-toolchain portion of runtime path of "/home/rassito/microros_ws/install/visualization_msgs/lib/libvisualization_msgs__rosidl_typesupport_cpp.so" to ""
[3.025s] -- Up-to-date: /home/rassito/microros_ws/install/visualization_msgs/share/visualization_msgs/environment/pythonpath.sh
[3.025s] -- Up-to-date: /home/rassito/microros_ws/install/visualization_msgs/share/visualization_msgs/environment/pythonpath.dsv
[3.025s] -- Up-to-date: /home/rassito/microros_ws/install/visualization_msgs/lib/python3.12/site-packages/visualization_msgs-5.3.5-py3.12.egg-info
[3.025s] -- Installing: /home/rassito/microros_ws/install/visualization_msgs/lib/python3.12/site-packages/visualization_msgs-5.3.5-py3.12.egg-info/top_level.txt
[3.025s] -- Installing: /home/rassito/microros_ws/install/visualization_msgs/lib/python3.12/site-packages/visualization_msgs-5.3.5-py3.12.egg-info/PKG-INFO
[3.025s] -- Installing: /home/rassito/microros_ws/install/visualization_msgs/lib/python3.12/site-packages/visualization_msgs-5.3.5-py3.12.egg-info/dependency_links.txt
[3.025s] -- Installing: /home/rassito/microros_ws/install/visualization_msgs/lib/python3.12/site-packages/visualization_msgs-5.3.5-py3.12.egg-info/SOURCES.txt
[3.025s] -- Up-to-date: /home/rassito/microros_ws/install/visualization_msgs/lib/python3.12/site-packages/visualization_msgs
[3.025s] -- Up-to-date: /home/rassito/microros_ws/install/visualization_msgs/lib/python3.12/site-packages/visualization_msgs/_visualization_msgs_s.ep.rosidl_typesupport_microxrcedds_c.c
[3.025s] -- Up-to-date: /home/rassito/microros_ws/install/visualization_msgs/lib/python3.12/site-packages/visualization_msgs/_visualization_msgs_s.ep.rosidl_typesupport_c.c
[3.025s] -- Up-to-date: /home/rassito/microros_ws/install/visualization_msgs/lib/python3.12/site-packages/visualization_msgs/srv
[3.025s] -- Up-to-date: /home/rassito/microros_ws/install/visualization_msgs/lib/python3.12/site-packages/visualization_msgs/srv/_get_interactive_markers.py
[3.025s] -- Up-to-date: /home/rassito/microros_ws/install/visualization_msgs/lib/python3.12/site-packages/visualization_msgs/srv/_get_interactive_markers_s.c
[3.025s] -- Up-to-date: /home/rassito/microros_ws/install/visualization_msgs/lib/python3.12/site-packages/visualization_msgs/srv/__init__.py
[3.026s] -- Installing: /home/rassito/microros_ws/install/visualization_msgs/lib/python3.12/site-packages/visualization_msgs/visualization_msgs_s__rosidl_typesupport_fastrtps_c.so
[3.026s] -- Up-to-date: /home/rassito/microros_ws/install/visualization_msgs/lib/python3.12/site-packages/visualization_msgs/_visualization_msgs_s.ep.rosidl_typesupport_fastrtps_c.c
[3.026s] -- Up-to-date: /home/rassito/microros_ws/install/visualization_msgs/lib/python3.12/site-packages/visualization_msgs/visualization_msgs_s__rosidl_typesupport_microxrcedds_c.so
[3.026s] -- Installing: /home/rassito/microros_ws/install/visualization_msgs/lib/python3.12/site-packages/visualization_msgs/visualization_msgs_s__rosidl_typesupport_c.so
[3.026s] -- Up-to-date: /home/rassito/microros_ws/install/visualization_msgs/lib/python3.12/site-packages/visualization_msgs/msg
[3.026s] -- Up-to-date: /home/rassito/microros_ws/install/visualization_msgs/lib/python3.12/site-packages/visualization_msgs/msg/_image_marker_s.c
[3.026s] -- Up-to-date: /home/rassito/microros_ws/install/visualization_msgs/lib/python3.12/site-packages/visualization_msgs/msg/_marker_s.c
[3.026s] -- Up-to-date: /home/rassito/microros_ws/install/visualization_msgs/lib/python3.12/site-packages/visualization_msgs/msg/_uv_coordinate.py
[3.026s] -- Up-to-date: /home/rassito/microros_ws/install/visualization_msgs/lib/python3.12/site-packages/visualization_msgs/msg/_mesh_file.py
[3.026s] -- Up-to-date: /home/rassito/microros_ws/install/visualization_msgs/lib/python3.12/site-packages/visualization_msgs/msg/_marker_array_s.c
[3.026s] -- Up-to-date: /home/rassito/microros_ws/install/visualization_msgs/lib/python3.12/site-packages/visualization_msgs/msg/_uv_coordinate_s.c
[3.026s] -- Up-to-date: /home/rassito/microros_ws/install/visualization_msgs/lib/python3.12/site-packages/visualization_msgs/msg/_mesh_file_s.c
[3.026s] -- Up-to-date: /home/rassito/microros_ws/install/visualization_msgs/lib/python3.12/site-packages/visualization_msgs/msg/_interactive_marker_init_s.c
[3.026s] -- Up-to-date: /home/rassito/microros_ws/install/visualization_msgs/lib/python3.12/site-packages/visualization_msgs/msg/_interactive_marker_feedback_s.c
[3.026s] -- Up-to-date: /home/rassito/microros_ws/install/visualization_msgs/lib/python3.12/site-packages/visualization_msgs/msg/_interactive_marker_s.c
[3.026s] -- Up-to-date: /home/rassito/microros_ws/install/visualization_msgs/lib/python3.12/site-packages/visualization_msgs/msg/_interactive_marker_update.py
[3.026s] -- Up-to-date: /home/rassito/microros_ws/install/visualization_msgs/lib/python3.12/site-packages/visualization_msgs/msg/_menu_entry.py
[3.026s] -- Up-to-date: /home/rassito/microros_ws/install/visualization_msgs/lib/python3.12/site-packages/visualization_msgs/msg/_interactive_marker_init.py
[3.026s] -- Up-to-date: /home/rassito/microros_ws/install/visualization_msgs/lib/python3.12/site-packages/visualization_msgs/msg/_interactive_marker_pose.py
[3.026s] -- Up-to-date: /home/rassito/microros_ws/install/visualization_msgs/lib/python3.12/site-packages/visualization_msgs/msg/_interactive_marker.py
[3.027s] -- Up-to-date: /home/rassito/microros_ws/install/visualization_msgs/lib/python3.12/site-packages/visualization_msgs/msg/_interactive_marker_feedback.py
[3.027s] -- Up-to-date: /home/rassito/microros_ws/install/visualization_msgs/lib/python3.12/site-packages/visualization_msgs/msg/_menu_entry_s.c
[3.027s] -- Up-to-date: /home/rassito/microros_ws/install/visualization_msgs/lib/python3.12/site-packages/visualization_msgs/msg/_interactive_marker_control.py
[3.027s] -- Up-to-date: /home/rassito/microros_ws/install/visualization_msgs/lib/python3.12/site-packages/visualization_msgs/msg/_interactive_marker_control_s.c
[3.027s] -- Up-to-date: /home/rassito/microros_ws/install/visualization_msgs/lib/python3.12/site-packages/visualization_msgs/msg/_interactive_marker_pose_s.c
[3.027s] -- Up-to-date: /home/rassito/microros_ws/install/visualization_msgs/lib/python3.12/site-packages/visualization_msgs/msg/_marker_array.py
[3.027s] -- Up-to-date: /home/rassito/microros_ws/install/visualization_msgs/lib/python3.12/site-packages/visualization_msgs/msg/_image_marker.py
[3.027s] -- Up-to-date: /home/rassito/microros_ws/install/visualization_msgs/lib/python3.12/site-packages/visualization_msgs/msg/_marker.py
[3.027s] -- Up-to-date: /home/rassito/microros_ws/install/visualization_msgs/lib/python3.12/site-packages/visualization_msgs/msg/__init__.py
[3.027s] -- Up-to-date: /home/rassito/microros_ws/install/visualization_msgs/lib/python3.12/site-packages/visualization_msgs/msg/_interactive_marker_update_s.c
[3.027s] -- Installing: /home/rassito/microros_ws/install/visualization_msgs/lib/python3.12/site-packages/visualization_msgs/visualization_msgs_s__rosidl_typesupport_introspection_c.so
[3.027s] -- Installing: /home/rassito/microros_ws/install/visualization_msgs/lib/python3.12/site-packages/visualization_msgs/__init__.py
[3.027s] -- Up-to-date: /home/rassito/microros_ws/install/visualization_msgs/lib/python3.12/site-packages/visualization_msgs/_visualization_msgs_s.ep.rosidl_typesupport_introspection_c.c
[3.054s] Listing '/home/rassito/microros_ws/install/visualization_msgs/lib/python3.12/site-packages/visualization_msgs'...
[3.055s] Compiling '/home/rassito/microros_ws/install/visualization_msgs/lib/python3.12/site-packages/visualization_msgs/__init__.py'...
[3.055s] Listing '/home/rassito/microros_ws/install/visualization_msgs/lib/python3.12/site-packages/visualization_msgs/msg'...
[3.055s] Listing '/home/rassito/microros_ws/install/visualization_msgs/lib/python3.12/site-packages/visualization_msgs/srv'...
[3.058s] -- Installing: /home/rassito/microros_ws/install/visualization_msgs/lib/python3.12/site-packages/visualization_msgs/visualization_msgs_s__rosidl_typesupport_fastrtps_c.so
[3.058s] -- Set non-toolchain portion of runtime path of "/home/rassito/microros_ws/install/visualization_msgs/lib/python3.12/site-packages/visualization_msgs/visualization_msgs_s__rosidl_typesupport_fastrtps_c.so" to ""
[3.058s] -- Installing: /home/rassito/microros_ws/install/visualization_msgs/lib/python3.12/site-packages/visualization_msgs/visualization_msgs_s__rosidl_typesupport_introspection_c.so
[3.058s] -- Set non-toolchain portion of runtime path of "/home/rassito/microros_ws/install/visualization_msgs/lib/python3.12/site-packages/visualization_msgs/visualization_msgs_s__rosidl_typesupport_introspection_c.so" to ""
[3.058s] -- Installing: /home/rassito/microros_ws/install/visualization_msgs/lib/python3.12/site-packages/visualization_msgs/visualization_msgs_s__rosidl_typesupport_c.so
[3.058s] -- Set non-toolchain portion of runtime path of "/home/rassito/microros_ws/install/visualization_msgs/lib/python3.12/site-packages/visualization_msgs/visualization_msgs_s__rosidl_typesupport_c.so" to ""
[3.059s] -- Installing: /home/rassito/microros_ws/install/visualization_msgs/lib/libvisualization_msgs__rosidl_generator_py.so
[3.059s] -- Set non-toolchain portion of runtime path of "/home/rassito/microros_ws/install/visualization_msgs/lib/libvisualization_msgs__rosidl_generator_py.so" to ""
[3.059s] -- Up-to-date: /home/rassito/microros_ws/install/visualization_msgs/share/visualization_msgs/msg/ImageMarker.idl
[3.059s] -- Up-to-date: /home/rassito/microros_ws/install/visualization_msgs/share/visualization_msgs/msg/InteractiveMarker.idl
[3.059s] -- Up-to-date: /home/rassito/microros_ws/install/visualization_msgs/share/visualization_msgs/msg/InteractiveMarkerControl.idl
[3.059s] -- Up-to-date: /home/rassito/microros_ws/install/visualization_msgs/share/visualization_msgs/msg/InteractiveMarkerFeedback.idl
[3.059s] -- Up-to-date: /home/rassito/microros_ws/install/visualization_msgs/share/visualization_msgs/msg/InteractiveMarkerInit.idl
[3.059s] -- Up-to-date: /home/rassito/microros_ws/install/visualization_msgs/share/visualization_msgs/msg/InteractiveMarkerPose.idl
[3.059s] -- Up-to-date: /home/rassito/microros_ws/install/visualization_msgs/share/visualization_msgs/msg/InteractiveMarkerUpdate.idl
[3.059s] -- Up-to-date: /home/rassito/microros_ws/install/visualization_msgs/share/visualization_msgs/msg/Marker.idl
[3.059s] -- Up-to-date: /home/rassito/microros_ws/install/visualization_msgs/share/visualization_msgs/msg/MarkerArray.idl
[3.060s] -- Up-to-date: /home/rassito/microros_ws/install/visualization_msgs/share/visualization_msgs/msg/MenuEntry.idl
[3.060s] -- Up-to-date: /home/rassito/microros_ws/install/visualization_msgs/share/visualization_msgs/msg/MeshFile.idl
[3.060s] -- Up-to-date: /home/rassito/microros_ws/install/visualization_msgs/share/visualization_msgs/msg/UVCoordinate.idl
[3.060s] -- Up-to-date: /home/rassito/microros_ws/install/visualization_msgs/share/visualization_msgs/srv/GetInteractiveMarkers.idl
[3.060s] -- Up-to-date: /home/rassito/microros_ws/install/visualization_msgs/share/visualization_msgs/msg/ImageMarker.msg
[3.060s] -- Up-to-date: /home/rassito/microros_ws/install/visualization_msgs/share/visualization_msgs/msg/InteractiveMarker.msg
[3.060s] -- Up-to-date: /home/rassito/microros_ws/install/visualization_msgs/share/visualization_msgs/msg/InteractiveMarkerControl.msg
[3.060s] -- Up-to-date: /home/rassito/microros_ws/install/visualization_msgs/share/visualization_msgs/msg/InteractiveMarkerFeedback.msg
[3.060s] -- Up-to-date: /home/rassito/microros_ws/install/visualization_msgs/share/visualization_msgs/msg/InteractiveMarkerInit.msg
[3.060s] -- Up-to-date: /home/rassito/microros_ws/install/visualization_msgs/share/visualization_msgs/msg/InteractiveMarkerPose.msg
[3.060s] -- Up-to-date: /home/rassito/microros_ws/install/visualization_msgs/share/visualization_msgs/msg/InteractiveMarkerUpdate.msg
[3.060s] -- Up-to-date: /home/rassito/microros_ws/install/visualization_msgs/share/visualization_msgs/msg/Marker.msg
[3.060s] -- Up-to-date: /home/rassito/microros_ws/install/visualization_msgs/share/visualization_msgs/msg/MarkerArray.msg
[3.060s] -- Up-to-date: /home/rassito/microros_ws/install/visualization_msgs/share/visualization_msgs/msg/MenuEntry.msg
[3.060s] -- Up-to-date: /home/rassito/microros_ws/install/visualization_msgs/share/visualization_msgs/msg/MeshFile.msg
[3.060s] -- Up-to-date: /home/rassito/microros_ws/install/visualization_msgs/share/visualization_msgs/msg/UVCoordinate.msg
[3.060s] -- Up-to-date: /home/rassito/microros_ws/install/visualization_msgs/share/visualization_msgs/srv/GetInteractiveMarkers.srv
[3.060s] -- Up-to-date: /home/rassito/microros_ws/install/visualization_msgs/share/ament_index/resource_index/package_run_dependencies/visualization_msgs
[3.060s] -- Installing: /home/rassito/microros_ws/install/visualization_msgs/share/ament_index/resource_index/parent_prefix_path/visualization_msgs
[3.060s] -- Up-to-date: /home/rassito/microros_ws/install/visualization_msgs/share/visualization_msgs/environment/ament_prefix_path.sh
[3.060s] -- Up-to-date: /home/rassito/microros_ws/install/visualization_msgs/share/visualization_msgs/environment/ament_prefix_path.dsv
[3.061s] -- Up-to-date: /home/rassito/microros_ws/install/visualization_msgs/share/visualization_msgs/environment/path.sh
[3.061s] -- Up-to-date: /home/rassito/microros_ws/install/visualization_msgs/share/visualization_msgs/environment/path.dsv
[3.061s] -- Up-to-date: /home/rassito/microros_ws/install/visualization_msgs/share/visualization_msgs/local_setup.bash
[3.061s] -- Up-to-date: /home/rassito/microros_ws/install/visualization_msgs/share/visualization_msgs/local_setup.sh
[3.061s] -- Up-to-date: /home/rassito/microros_ws/install/visualization_msgs/share/visualization_msgs/local_setup.zsh
[3.061s] -- Up-to-date: /home/rassito/microros_ws/install/visualization_msgs/share/visualization_msgs/local_setup.dsv
[3.061s] -- Installing: /home/rassito/microros_ws/install/visualization_msgs/share/visualization_msgs/package.dsv
[3.061s] -- Up-to-date: /home/rassito/microros_ws/install/visualization_msgs/share/ament_index/resource_index/packages/visualization_msgs
[3.061s] -- Up-to-date: /home/rassito/microros_ws/install/visualization_msgs/share/visualization_msgs/cmake/export_visualization_msgs__rosidl_generator_cExport.cmake
[3.061s] -- Up-to-date: /home/rassito/microros_ws/install/visualization_msgs/share/visualization_msgs/cmake/export_visualization_msgs__rosidl_generator_cExport-noconfig.cmake
[3.061s] -- Up-to-date: /home/rassito/microros_ws/install/visualization_msgs/share/visualization_msgs/cmake/export_visualization_msgs__rosidl_typesupport_fastrtps_cExport.cmake
[3.061s] -- Up-to-date: /home/rassito/microros_ws/install/visualization_msgs/share/visualization_msgs/cmake/export_visualization_msgs__rosidl_typesupport_fastrtps_cExport-noconfig.cmake
[3.062s] -- Up-to-date: /home/rassito/microros_ws/install/visualization_msgs/share/visualization_msgs/cmake/export_visualization_msgs__rosidl_generator_cppExport.cmake
[3.062s] -- Up-to-date: /home/rassito/microros_ws/install/visualization_msgs/share/visualization_msgs/cmake/export_visualization_msgs__rosidl_typesupport_fastrtps_cppExport.cmake
[3.062s] -- Up-to-date: /home/rassito/microros_ws/install/visualization_msgs/share/visualization_msgs/cmake/export_visualization_msgs__rosidl_typesupport_fastrtps_cppExport-noconfig.cmake
[3.062s] -- Up-to-date: /home/rassito/microros_ws/install/visualization_msgs/share/visualization_msgs/cmake/visualization_msgs__rosidl_typesupport_introspection_cExport.cmake
[3.062s] -- Up-to-date: /home/rassito/microros_ws/install/visualization_msgs/share/visualization_msgs/cmake/visualization_msgs__rosidl_typesupport_introspection_cExport-noconfig.cmake
[3.062s] -- Up-to-date: /home/rassito/microros_ws/install/visualization_msgs/share/visualization_msgs/cmake/visualization_msgs__rosidl_typesupport_cExport.cmake
[3.062s] -- Up-to-date: /home/rassito/microros_ws/install/visualization_msgs/share/visualization_msgs/cmake/visualization_msgs__rosidl_typesupport_cExport-noconfig.cmake
[3.062s] -- Up-to-date: /home/rassito/microros_ws/install/visualization_msgs/share/visualization_msgs/cmake/visualization_msgs__rosidl_typesupport_introspection_cppExport.cmake
[3.062s] -- Up-to-date: /home/rassito/microros_ws/install/visualization_msgs/share/visualization_msgs/cmake/visualization_msgs__rosidl_typesupport_introspection_cppExport-noconfig.cmake
[3.062s] -- Up-to-date: /home/rassito/microros_ws/install/visualization_msgs/share/visualization_msgs/cmake/visualization_msgs__rosidl_typesupport_cppExport.cmake
[3.063s] -- Up-to-date: /home/rassito/microros_ws/install/visualization_msgs/share/visualization_msgs/cmake/visualization_msgs__rosidl_typesupport_cppExport-noconfig.cmake
[3.063s] -- Up-to-date: /home/rassito/microros_ws/install/visualization_msgs/share/visualization_msgs/cmake/export_visualization_msgs__rosidl_generator_pyExport.cmake
[3.063s] -- Up-to-date: /home/rassito/microros_ws/install/visualization_msgs/share/visualization_msgs/cmake/export_visualization_msgs__rosidl_generator_pyExport-noconfig.cmake
[3.063s] -- Up-to-date: /home/rassito/microros_ws/install/visualization_msgs/share/visualization_msgs/cmake/rosidl_cmake-extras.cmake
[3.063s] -- Up-to-date: /home/rassito/microros_ws/install/visualization_msgs/share/visualization_msgs/cmake/ament_cmake_export_dependencies-extras.cmake
[3.063s] -- Installing: /home/rassito/microros_ws/install/visualization_msgs/share/visualization_msgs/cmake/ament_cmake_export_include_directories-extras.cmake
[3.063s] -- Up-to-date: /home/rassito/microros_ws/install/visualization_msgs/share/visualization_msgs/cmake/ament_cmake_export_libraries-extras.cmake
[3.063s] -- Up-to-date: /home/rassito/microros_ws/install/visualization_msgs/share/visualization_msgs/cmake/ament_cmake_export_targets-extras.cmake
[3.063s] -- Up-to-date: /home/rassito/microros_ws/install/visualization_msgs/share/visualization_msgs/cmake/rosidl_cmake_export_typesupport_targets-extras.cmake
[3.063s] -- Installing: /home/rassito/microros_ws/install/visualization_msgs/share/visualization_msgs/cmake/rosidl_cmake_export_typesupport_libraries-extras.cmake
[3.063s] -- Up-to-date: /home/rassito/microros_ws/install/visualization_msgs/share/visualization_msgs/cmake/visualization_msgsConfig.cmake
[3.063s] -- Up-to-date: /home/rassito/microros_ws/install/visualization_msgs/share/visualization_msgs/cmake/visualization_msgsConfig-version.cmake
[3.063s] -- Up-to-date: /home/rassito/microros_ws/install/visualization_msgs/share/visualization_msgs/package.xml
[3.065s] Invoked command in '/home/rassito/microros_ws/build/visualization_msgs' returned '0': AMENT_PREFIX_PATH=/home/rassito/microros_ws/install/sensor_msgs:/home/rassito/microros_ws/install/geometry_msgs:/home/rassito/microros_ws/install/std_msgs:/home/rassito/microros_ws/install/builtin_interfaces:${AMENT_PREFIX_PATH} CMAKE_PREFIX_PATH=/home/rassito/microros_ws/install/sensor_msgs:/home/rassito/microros_ws/install/geometry_msgs:/home/rassito/microros_ws/install/std_msgs:/home/rassito/microros_ws/install/builtin_interfaces:/opt/ros/jazzy/opt/sdformat_vendor:/opt/ros/jazzy/opt/gz_math_vendor:/opt/ros/jazzy/opt/gz_utils_vendor:/opt/ros/jazzy/opt/gz_tools_vendor:/opt/ros/jazzy/opt/gz_cmake_vendor:/home/rassito/ros_ws/install/super_pkg:/opt/ros/jazzy DEBUGINFOD_URLS=https://debuginfod.ubuntu.com LD_LIBRARY_PATH=/home/rassito/microros_ws/install/sensor_msgs/lib:/home/rassito/microros_ws/install/geometry_msgs/lib:/home/rassito/microros_ws/install/std_msgs/lib:/home/rassito/microros_ws/install/builtin_interfaces/lib:${LD_LIBRARY_PATH} PYTHONPATH=/home/rassito/microros_ws/install/sensor_msgs/lib/python3.12/site-packages:/home/rassito/microros_ws/install/geometry_msgs/lib/python3.12/site-packages:/home/rassito/microros_ws/install/std_msgs/lib/python3.12/site-packages:/home/rassito/microros_ws/install/builtin_interfaces/lib/python3.12/site-packages:${PYTHONPATH} /usr/bin/cmake --install /home/rassito/microros_ws/build/visualization_msgs
