[0.075s] Invoking command in '/home/rassito/microros_ws/build/statistics_msgs': CMAKE_PREFIX_PATH=/home/rassito/microros_ws/install/builtin_interfaces:/home/rassito/microros_ws/install/micro_ros_demos_rclc:/home/rassito/microros_ws/install/common_interfaces:/home/rassito/microros_ws/install/visualization_msgs:/home/rassito/microros_ws/install/action_msgs:/home/rassito/microros_ws/install/unique_identifier_msgs:/home/rassito/microros_ws/install/type_description_interfaces:/home/rassito/microros_ws/install/trajectory_msgs:/home/rassito/microros_ws/install/test_msgs:/home/rassito/microros_ws/install/test_interface_files:/home/rassito/microros_ws/install/stereo_msgs:/home/rassito/microros_ws/install/std_srvs:/home/rassito/microros_ws/install/shape_msgs:/home/rassito/microros_ws/install/sensor_msgs:/home/rassito/microros_ws/install/nav_msgs:/home/rassito/microros_ws/install/diagnostic_msgs:/home/rassito/microros_ws/install/geometry_msgs:/home/rassito/microros_ws/install/drive_base_msgs:/home/rassito/microros_ws/install/actionlib_msgs:/home/rassito/microros_ws/install/std_msgs:/home/rassito/microros_ws/install/statistics_msgs:/home/rassito/microros_ws/install/service_msgs:/home/rassito/microros_ws/install/rosidl_typesupport_microxrcedds_test_msg:/home/rassito/microros_ws/install/rosidl_typesupport_microxrcedds_cpp_tests:/home/rassito/microros_ws/install/rmw_microxrcedds:/home/rassito/microros_ws/install/rosidl_typesupport_microxrcedds_cpp:/home/rassito/microros_ws/install/rosidl_typesupport_microxrcedds_c_tests:/home/rassito/microros_ws/install/rosidl_typesupport_microxrcedds_c:/home/rassito/microros_ws/install/rosgraph_msgs:/home/rassito/microros_ws/install/rclc_parameter:/home/rassito/microros_ws/install/rclc:/home/rassito/microros_ws/install/composition_interfaces:/home/rassito/microros_ws/install/rcl_interfaces:/home/rassito/microros_ws/install/microxrcedds_client:/home/rassito/microros_ws/install/microcdr:/home/rassito/microros_ws/install/micro_ros_utilities:/home/rassito/microros_ws/install/micro_ros_setup:/home/rassito/microros_ws/install/micro_ros_agent:/home/rassito/microros_ws/install/micro_ros_msgs:/home/rassito/microros_ws/install/lifecycle_msgs:/home/rassito/microros_ws/install/example_interfaces:/home/rassito/microros_ws/install/complex_msgs:/opt/ros/jazzy/opt/sdformat_vendor:/opt/ros/jazzy/opt/gz_math_vendor:/opt/ros/jazzy/opt/gz_utils_vendor:/opt/ros/jazzy/opt/gz_tools_vendor:/opt/ros/jazzy/opt/gz_cmake_vendor:/home/rassito/microros_ws/install/sensor_msgs_py:/home/rassito/ros_ws/install/super_pkg:/opt/ros/jazzy DEBUGINFOD_URLS=https://debuginfod.ubuntu.com LD_LIBRARY_PATH=/home/rassito/microros_ws/install/builtin_interfaces/lib:/home/rassito/microros_ws/install/visualization_msgs/lib:/home/rassito/microros_ws/install/action_msgs/lib:/home/rassito/microros_ws/install/unique_identifier_msgs/lib:/home/rassito/microros_ws/install/type_description_interfaces/lib:/home/rassito/microros_ws/install/trajectory_msgs/lib:/home/rassito/microros_ws/install/test_msgs/lib:/home/rassito/microros_ws/install/stereo_msgs/lib:/home/rassito/microros_ws/install/std_srvs/lib:/home/rassito/microros_ws/install/shape_msgs/lib:/home/rassito/microros_ws/install/sensor_msgs/lib:/home/rassito/microros_ws/install/nav_msgs/lib:/home/rassito/microros_ws/install/diagnostic_msgs/lib:/home/rassito/microros_ws/install/geometry_msgs/lib:/home/rassito/microros_ws/install/drive_base_msgs/lib:/home/rassito/microros_ws/install/actionlib_msgs/lib:/home/rassito/microros_ws/install/std_msgs/lib:/home/rassito/microros_ws/install/statistics_msgs/lib:/home/rassito/microros_ws/install/service_msgs/lib:/home/rassito/microros_ws/install/rmw_microxrcedds/lib:/home/rassito/microros_ws/install/rosidl_typesupport_microxrcedds_cpp/lib:/home/rassito/microros_ws/install/rosidl_typesupport_microxrcedds_c/lib:/home/rassito/microros_ws/install/rosgraph_msgs/lib:/home/rassito/microros_ws/install/rclc_parameter/lib:/home/rassito/microros_ws/install/rclc/lib:/home/rassito/microros_ws/install/composition_interfaces/lib:/home/rassito/microros_ws/install/rcl_interfaces/lib:/home/rassito/microros_ws/install/microxrcedds_client/lib:/home/rassito/microros_ws/install/microcdr/lib:/home/rassito/microros_ws/install/micro_ros_utilities/lib:/home/rassito/microros_ws/install/micro_ros_agent/lib:/home/rassito/microros_ws/install/micro_ros_msgs/lib:/home/rassito/microros_ws/install/lifecycle_msgs/lib:/home/rassito/microros_ws/install/example_interfaces/lib:/home/rassito/microros_ws/install/complex_msgs/lib:/opt/ros/jazzy/opt/sdformat_vendor/lib:/opt/ros/jazzy/opt/rviz_ogre_vendor/lib:/opt/ros/jazzy/lib/x86_64-linux-gnu:/opt/ros/jazzy/opt/gz_math_vendor/lib:/opt/ros/jazzy/opt/gz_utils_vendor/lib:/opt/ros/jazzy/opt/gz_tools_vendor/lib:/opt/ros/jazzy/opt/gz_cmake_vendor/lib:/opt/ros/jazzy/lib PYTHONPATH=/home/rassito/microros_ws/install/builtin_interfaces/lib/python3.12/site-packages:/home/rassito/microros_ws/install/visualization_msgs/lib/python3.12/site-packages:/home/rassito/microros_ws/install/action_msgs/lib/python3.12/site-packages:/home/rassito/microros_ws/install/unique_identifier_msgs/lib/python3.12/site-packages:/home/rassito/microros_ws/install/type_description_interfaces/lib/python3.12/site-packages:/home/rassito/microros_ws/install/trajectory_msgs/lib/python3.12/site-packages:/home/rassito/microros_ws/install/test_msgs/lib/python3.12/site-packages:/home/rassito/microros_ws/install/stereo_msgs/lib/python3.12/site-packages:/home/rassito/microros_ws/install/std_srvs/lib/python3.12/site-packages:/home/rassito/microros_ws/install/shape_msgs/lib/python3.12/site-packages:/home/rassito/microros_ws/install/sensor_msgs_py/lib/python3.12/site-packages:/home/rassito/microros_ws/install/sensor_msgs/lib/python3.12/site-packages:/home/rassito/microros_ws/install/nav_msgs/lib/python3.12/site-packages:/home/rassito/microros_ws/install/diagnostic_msgs/lib/python3.12/site-packages:/home/rassito/microros_ws/install/geometry_msgs/lib/python3.12/site-packages:/home/rassito/microros_ws/install/drive_base_msgs/lib/python3.12/site-packages:/home/rassito/microros_ws/install/actionlib_msgs/lib/python3.12/site-packages:/home/rassito/microros_ws/install/std_msgs/lib/python3.12/site-packages:/home/rassito/microros_ws/install/statistics_msgs/lib/python3.12/site-packages:/home/rassito/microros_ws/install/service_msgs/lib/python3.12/site-packages:/home/rassito/microros_ws/install/rosidl_typesupport_microxrcedds_cpp/lib/python3.12/site-packages:/home/rassito/microros_ws/install/rosidl_typesupport_microxrcedds_c/lib/python3.12/site-packages:/home/rassito/microros_ws/install/rosgraph_msgs/lib/python3.12/site-packages:/home/rassito/microros_ws/install/composition_interfaces/lib/python3.12/site-packages:/home/rassito/microros_ws/install/rcl_interfaces/lib/python3.12/site-packages:/home/rassito/microros_ws/install/micro_ros_msgs/lib/python3.12/site-packages:/home/rassito/microros_ws/install/lifecycle_msgs/lib/python3.12/site-packages:/home/rassito/microros_ws/install/example_interfaces/lib/python3.12/site-packages:/home/rassito/microros_ws/install/complex_msgs/lib/python3.12/site-packages:/home/rassito/ros_ws/build/super_pkg:/home/rassito/ros_ws/install/super_pkg/lib/python3.12/site-packages:/opt/ros/jazzy/lib/python3.12/site-packages /usr/bin/cmake --build /home/rassito/microros_ws/build/statistics_msgs -- -j16 -l16
[0.124s] [  1%] Built target statistics_msgs__rosidl_generator_type_description
[0.136s] [  1%] Built target ament_cmake_python_copy_statistics_msgs
[0.163s] [ 18%] Built target statistics_msgs__rosidl_generator_c
[0.168s] [ 19%] Built target statistics_msgs__cpp
[0.260s] [ 27%] Built target statistics_msgs__rosidl_typesupport_introspection_c
[0.261s] [ 34%] Built target statistics_msgs__rosidl_typesupport_microxrcedds_c
[0.267s] [ 42%] Built target statistics_msgs__rosidl_typesupport_microxrcedds_cpp
[0.267s] [ 50%] Built target statistics_msgs__rosidl_typesupport_c
[0.274s] [ 57%] Built target statistics_msgs__rosidl_typesupport_fastrtps_c
[0.304s] [ 65%] Built target statistics_msgs__rosidl_typesupport_cpp
[0.308s] [ 72%] Built target statistics_msgs__rosidl_typesupport_introspection_cpp
[0.318s] [ 80%] Built target statistics_msgs__rosidl_typesupport_fastrtps_cpp
[0.353s] [ 80%] Built target statistics_msgs
[0.379s] [ 81%] Built target statistics_msgs__py
[0.420s] [ 87%] Built target statistics_msgs__rosidl_generator_py
[0.459s] [ 90%] Built target statistics_msgs_s__rosidl_typesupport_introspection_c
[0.463s] [ 93%] Built target statistics_msgs_s__rosidl_typesupport_fastrtps_c
[0.466s] [ 96%] Built target statistics_msgs_s__rosidl_typesupport_c
[0.476s] [100%] Built target statistics_msgs_s__rosidl_typesupport_microxrcedds_c
[0.513s] running egg_info
[0.528s] writing statistics_msgs.egg-info/PKG-INFO
[0.528s] writing dependency_links to statistics_msgs.egg-info/dependency_links.txt
[0.528s] writing top-level names to statistics_msgs.egg-info/top_level.txt
[0.569s] reading manifest file 'statistics_msgs.egg-info/SOURCES.txt'
[0.569s] writing manifest file 'statistics_msgs.egg-info/SOURCES.txt'
[0.593s] [100%] Built target ament_cmake_python_build_statistics_msgs_egg
[0.604s] Invoked command in '/home/rassito/microros_ws/build/statistics_msgs' returned '0': CMAKE_PREFIX_PATH=/home/rassito/microros_ws/install/builtin_interfaces:/home/rassito/microros_ws/install/micro_ros_demos_rclc:/home/rassito/microros_ws/install/common_interfaces:/home/rassito/microros_ws/install/visualization_msgs:/home/rassito/microros_ws/install/action_msgs:/home/rassito/microros_ws/install/unique_identifier_msgs:/home/rassito/microros_ws/install/type_description_interfaces:/home/rassito/microros_ws/install/trajectory_msgs:/home/rassito/microros_ws/install/test_msgs:/home/rassito/microros_ws/install/test_interface_files:/home/rassito/microros_ws/install/stereo_msgs:/home/rassito/microros_ws/install/std_srvs:/home/rassito/microros_ws/install/shape_msgs:/home/rassito/microros_ws/install/sensor_msgs:/home/rassito/microros_ws/install/nav_msgs:/home/rassito/microros_ws/install/diagnostic_msgs:/home/rassito/microros_ws/install/geometry_msgs:/home/rassito/microros_ws/install/drive_base_msgs:/home/rassito/microros_ws/install/actionlib_msgs:/home/rassito/microros_ws/install/std_msgs:/home/rassito/microros_ws/install/statistics_msgs:/home/rassito/microros_ws/install/service_msgs:/home/rassito/microros_ws/install/rosidl_typesupport_microxrcedds_test_msg:/home/rassito/microros_ws/install/rosidl_typesupport_microxrcedds_cpp_tests:/home/rassito/microros_ws/install/rmw_microxrcedds:/home/rassito/microros_ws/install/rosidl_typesupport_microxrcedds_cpp:/home/rassito/microros_ws/install/rosidl_typesupport_microxrcedds_c_tests:/home/rassito/microros_ws/install/rosidl_typesupport_microxrcedds_c:/home/rassito/microros_ws/install/rosgraph_msgs:/home/rassito/microros_ws/install/rclc_parameter:/home/rassito/microros_ws/install/rclc:/home/rassito/microros_ws/install/composition_interfaces:/home/rassito/microros_ws/install/rcl_interfaces:/home/rassito/microros_ws/install/microxrcedds_client:/home/rassito/microros_ws/install/microcdr:/home/rassito/microros_ws/install/micro_ros_utilities:/home/rassito/microros_ws/install/micro_ros_setup:/home/rassito/microros_ws/install/micro_ros_agent:/home/rassito/microros_ws/install/micro_ros_msgs:/home/rassito/microros_ws/install/lifecycle_msgs:/home/rassito/microros_ws/install/example_interfaces:/home/rassito/microros_ws/install/complex_msgs:/opt/ros/jazzy/opt/sdformat_vendor:/opt/ros/jazzy/opt/gz_math_vendor:/opt/ros/jazzy/opt/gz_utils_vendor:/opt/ros/jazzy/opt/gz_tools_vendor:/opt/ros/jazzy/opt/gz_cmake_vendor:/home/rassito/microros_ws/install/sensor_msgs_py:/home/rassito/ros_ws/install/super_pkg:/opt/ros/jazzy DEBUGINFOD_URLS=https://debuginfod.ubuntu.com LD_LIBRARY_PATH=/home/rassito/microros_ws/install/builtin_interfaces/lib:/home/rassito/microros_ws/install/visualization_msgs/lib:/home/rassito/microros_ws/install/action_msgs/lib:/home/rassito/microros_ws/install/unique_identifier_msgs/lib:/home/rassito/microros_ws/install/type_description_interfaces/lib:/home/rassito/microros_ws/install/trajectory_msgs/lib:/home/rassito/microros_ws/install/test_msgs/lib:/home/rassito/microros_ws/install/stereo_msgs/lib:/home/rassito/microros_ws/install/std_srvs/lib:/home/rassito/microros_ws/install/shape_msgs/lib:/home/rassito/microros_ws/install/sensor_msgs/lib:/home/rassito/microros_ws/install/nav_msgs/lib:/home/rassito/microros_ws/install/diagnostic_msgs/lib:/home/rassito/microros_ws/install/geometry_msgs/lib:/home/rassito/microros_ws/install/drive_base_msgs/lib:/home/rassito/microros_ws/install/actionlib_msgs/lib:/home/rassito/microros_ws/install/std_msgs/lib:/home/rassito/microros_ws/install/statistics_msgs/lib:/home/rassito/microros_ws/install/service_msgs/lib:/home/rassito/microros_ws/install/rmw_microxrcedds/lib:/home/rassito/microros_ws/install/rosidl_typesupport_microxrcedds_cpp/lib:/home/rassito/microros_ws/install/rosidl_typesupport_microxrcedds_c/lib:/home/rassito/microros_ws/install/rosgraph_msgs/lib:/home/rassito/microros_ws/install/rclc_parameter/lib:/home/rassito/microros_ws/install/rclc/lib:/home/rassito/microros_ws/install/composition_interfaces/lib:/home/rassito/microros_ws/install/rcl_interfaces/lib:/home/rassito/microros_ws/install/microxrcedds_client/lib:/home/rassito/microros_ws/install/microcdr/lib:/home/rassito/microros_ws/install/micro_ros_utilities/lib:/home/rassito/microros_ws/install/micro_ros_agent/lib:/home/rassito/microros_ws/install/micro_ros_msgs/lib:/home/rassito/microros_ws/install/lifecycle_msgs/lib:/home/rassito/microros_ws/install/example_interfaces/lib:/home/rassito/microros_ws/install/complex_msgs/lib:/opt/ros/jazzy/opt/sdformat_vendor/lib:/opt/ros/jazzy/opt/rviz_ogre_vendor/lib:/opt/ros/jazzy/lib/x86_64-linux-gnu:/opt/ros/jazzy/opt/gz_math_vendor/lib:/opt/ros/jazzy/opt/gz_utils_vendor/lib:/opt/ros/jazzy/opt/gz_tools_vendor/lib:/opt/ros/jazzy/opt/gz_cmake_vendor/lib:/opt/ros/jazzy/lib PYTHONPATH=/home/rassito/microros_ws/install/builtin_interfaces/lib/python3.12/site-packages:/home/rassito/microros_ws/install/visualization_msgs/lib/python3.12/site-packages:/home/rassito/microros_ws/install/action_msgs/lib/python3.12/site-packages:/home/rassito/microros_ws/install/unique_identifier_msgs/lib/python3.12/site-packages:/home/rassito/microros_ws/install/type_description_interfaces/lib/python3.12/site-packages:/home/rassito/microros_ws/install/trajectory_msgs/lib/python3.12/site-packages:/home/rassito/microros_ws/install/test_msgs/lib/python3.12/site-packages:/home/rassito/microros_ws/install/stereo_msgs/lib/python3.12/site-packages:/home/rassito/microros_ws/install/std_srvs/lib/python3.12/site-packages:/home/rassito/microros_ws/install/shape_msgs/lib/python3.12/site-packages:/home/rassito/microros_ws/install/sensor_msgs_py/lib/python3.12/site-packages:/home/rassito/microros_ws/install/sensor_msgs/lib/python3.12/site-packages:/home/rassito/microros_ws/install/nav_msgs/lib/python3.12/site-packages:/home/rassito/microros_ws/install/diagnostic_msgs/lib/python3.12/site-packages:/home/rassito/microros_ws/install/geometry_msgs/lib/python3.12/site-packages:/home/rassito/microros_ws/install/drive_base_msgs/lib/python3.12/site-packages:/home/rassito/microros_ws/install/actionlib_msgs/lib/python3.12/site-packages:/home/rassito/microros_ws/install/std_msgs/lib/python3.12/site-packages:/home/rassito/microros_ws/install/statistics_msgs/lib/python3.12/site-packages:/home/rassito/microros_ws/install/service_msgs/lib/python3.12/site-packages:/home/rassito/microros_ws/install/rosidl_typesupport_microxrcedds_cpp/lib/python3.12/site-packages:/home/rassito/microros_ws/install/rosidl_typesupport_microxrcedds_c/lib/python3.12/site-packages:/home/rassito/microros_ws/install/rosgraph_msgs/lib/python3.12/site-packages:/home/rassito/microros_ws/install/composition_interfaces/lib/python3.12/site-packages:/home/rassito/microros_ws/install/rcl_interfaces/lib/python3.12/site-packages:/home/rassito/microros_ws/install/micro_ros_msgs/lib/python3.12/site-packages:/home/rassito/microros_ws/install/lifecycle_msgs/lib/python3.12/site-packages:/home/rassito/microros_ws/install/example_interfaces/lib/python3.12/site-packages:/home/rassito/microros_ws/install/complex_msgs/lib/python3.12/site-packages:/home/rassito/ros_ws/build/super_pkg:/home/rassito/ros_ws/install/super_pkg/lib/python3.12/site-packages:/opt/ros/jazzy/lib/python3.12/site-packages /usr/bin/cmake --build /home/rassito/microros_ws/build/statistics_msgs -- -j16 -l16
[0.605s] Invoking command in '/home/rassito/microros_ws/build/statistics_msgs': CMAKE_PREFIX_PATH=/home/rassito/microros_ws/install/builtin_interfaces:/home/rassito/microros_ws/install/micro_ros_demos_rclc:/home/rassito/microros_ws/install/common_interfaces:/home/rassito/microros_ws/install/visualization_msgs:/home/rassito/microros_ws/install/action_msgs:/home/rassito/microros_ws/install/unique_identifier_msgs:/home/rassito/microros_ws/install/type_description_interfaces:/home/rassito/microros_ws/install/trajectory_msgs:/home/rassito/microros_ws/install/test_msgs:/home/rassito/microros_ws/install/test_interface_files:/home/rassito/microros_ws/install/stereo_msgs:/home/rassito/microros_ws/install/std_srvs:/home/rassito/microros_ws/install/shape_msgs:/home/rassito/microros_ws/install/sensor_msgs:/home/rassito/microros_ws/install/nav_msgs:/home/rassito/microros_ws/install/diagnostic_msgs:/home/rassito/microros_ws/install/geometry_msgs:/home/rassito/microros_ws/install/drive_base_msgs:/home/rassito/microros_ws/install/actionlib_msgs:/home/rassito/microros_ws/install/std_msgs:/home/rassito/microros_ws/install/statistics_msgs:/home/rassito/microros_ws/install/service_msgs:/home/rassito/microros_ws/install/rosidl_typesupport_microxrcedds_test_msg:/home/rassito/microros_ws/install/rosidl_typesupport_microxrcedds_cpp_tests:/home/rassito/microros_ws/install/rmw_microxrcedds:/home/rassito/microros_ws/install/rosidl_typesupport_microxrcedds_cpp:/home/rassito/microros_ws/install/rosidl_typesupport_microxrcedds_c_tests:/home/rassito/microros_ws/install/rosidl_typesupport_microxrcedds_c:/home/rassito/microros_ws/install/rosgraph_msgs:/home/rassito/microros_ws/install/rclc_parameter:/home/rassito/microros_ws/install/rclc:/home/rassito/microros_ws/install/composition_interfaces:/home/rassito/microros_ws/install/rcl_interfaces:/home/rassito/microros_ws/install/microxrcedds_client:/home/rassito/microros_ws/install/microcdr:/home/rassito/microros_ws/install/micro_ros_utilities:/home/rassito/microros_ws/install/micro_ros_setup:/home/rassito/microros_ws/install/micro_ros_agent:/home/rassito/microros_ws/install/micro_ros_msgs:/home/rassito/microros_ws/install/lifecycle_msgs:/home/rassito/microros_ws/install/example_interfaces:/home/rassito/microros_ws/install/complex_msgs:/opt/ros/jazzy/opt/sdformat_vendor:/opt/ros/jazzy/opt/gz_math_vendor:/opt/ros/jazzy/opt/gz_utils_vendor:/opt/ros/jazzy/opt/gz_tools_vendor:/opt/ros/jazzy/opt/gz_cmake_vendor:/home/rassito/microros_ws/install/sensor_msgs_py:/home/rassito/ros_ws/install/super_pkg:/opt/ros/jazzy DEBUGINFOD_URLS=https://debuginfod.ubuntu.com LD_LIBRARY_PATH=/home/rassito/microros_ws/install/builtin_interfaces/lib:/home/rassito/microros_ws/install/visualization_msgs/lib:/home/rassito/microros_ws/install/action_msgs/lib:/home/rassito/microros_ws/install/unique_identifier_msgs/lib:/home/rassito/microros_ws/install/type_description_interfaces/lib:/home/rassito/microros_ws/install/trajectory_msgs/lib:/home/rassito/microros_ws/install/test_msgs/lib:/home/rassito/microros_ws/install/stereo_msgs/lib:/home/rassito/microros_ws/install/std_srvs/lib:/home/rassito/microros_ws/install/shape_msgs/lib:/home/rassito/microros_ws/install/sensor_msgs/lib:/home/rassito/microros_ws/install/nav_msgs/lib:/home/rassito/microros_ws/install/diagnostic_msgs/lib:/home/rassito/microros_ws/install/geometry_msgs/lib:/home/rassito/microros_ws/install/drive_base_msgs/lib:/home/rassito/microros_ws/install/actionlib_msgs/lib:/home/rassito/microros_ws/install/std_msgs/lib:/home/rassito/microros_ws/install/statistics_msgs/lib:/home/rassito/microros_ws/install/service_msgs/lib:/home/rassito/microros_ws/install/rmw_microxrcedds/lib:/home/rassito/microros_ws/install/rosidl_typesupport_microxrcedds_cpp/lib:/home/rassito/microros_ws/install/rosidl_typesupport_microxrcedds_c/lib:/home/rassito/microros_ws/install/rosgraph_msgs/lib:/home/rassito/microros_ws/install/rclc_parameter/lib:/home/rassito/microros_ws/install/rclc/lib:/home/rassito/microros_ws/install/composition_interfaces/lib:/home/rassito/microros_ws/install/rcl_interfaces/lib:/home/rassito/microros_ws/install/microxrcedds_client/lib:/home/rassito/microros_ws/install/microcdr/lib:/home/rassito/microros_ws/install/micro_ros_utilities/lib:/home/rassito/microros_ws/install/micro_ros_agent/lib:/home/rassito/microros_ws/install/micro_ros_msgs/lib:/home/rassito/microros_ws/install/lifecycle_msgs/lib:/home/rassito/microros_ws/install/example_interfaces/lib:/home/rassito/microros_ws/install/complex_msgs/lib:/opt/ros/jazzy/opt/sdformat_vendor/lib:/opt/ros/jazzy/opt/rviz_ogre_vendor/lib:/opt/ros/jazzy/lib/x86_64-linux-gnu:/opt/ros/jazzy/opt/gz_math_vendor/lib:/opt/ros/jazzy/opt/gz_utils_vendor/lib:/opt/ros/jazzy/opt/gz_tools_vendor/lib:/opt/ros/jazzy/opt/gz_cmake_vendor/lib:/opt/ros/jazzy/lib PYTHONPATH=/home/rassito/microros_ws/install/builtin_interfaces/lib/python3.12/site-packages:/home/rassito/microros_ws/install/visualization_msgs/lib/python3.12/site-packages:/home/rassito/microros_ws/install/action_msgs/lib/python3.12/site-packages:/home/rassito/microros_ws/install/unique_identifier_msgs/lib/python3.12/site-packages:/home/rassito/microros_ws/install/type_description_interfaces/lib/python3.12/site-packages:/home/rassito/microros_ws/install/trajectory_msgs/lib/python3.12/site-packages:/home/rassito/microros_ws/install/test_msgs/lib/python3.12/site-packages:/home/rassito/microros_ws/install/stereo_msgs/lib/python3.12/site-packages:/home/rassito/microros_ws/install/std_srvs/lib/python3.12/site-packages:/home/rassito/microros_ws/install/shape_msgs/lib/python3.12/site-packages:/home/rassito/microros_ws/install/sensor_msgs_py/lib/python3.12/site-packages:/home/rassito/microros_ws/install/sensor_msgs/lib/python3.12/site-packages:/home/rassito/microros_ws/install/nav_msgs/lib/python3.12/site-packages:/home/rassito/microros_ws/install/diagnostic_msgs/lib/python3.12/site-packages:/home/rassito/microros_ws/install/geometry_msgs/lib/python3.12/site-packages:/home/rassito/microros_ws/install/drive_base_msgs/lib/python3.12/site-packages:/home/rassito/microros_ws/install/actionlib_msgs/lib/python3.12/site-packages:/home/rassito/microros_ws/install/std_msgs/lib/python3.12/site-packages:/home/rassito/microros_ws/install/statistics_msgs/lib/python3.12/site-packages:/home/rassito/microros_ws/install/service_msgs/lib/python3.12/site-packages:/home/rassito/microros_ws/install/rosidl_typesupport_microxrcedds_cpp/lib/python3.12/site-packages:/home/rassito/microros_ws/install/rosidl_typesupport_microxrcedds_c/lib/python3.12/site-packages:/home/rassito/microros_ws/install/rosgraph_msgs/lib/python3.12/site-packages:/home/rassito/microros_ws/install/composition_interfaces/lib/python3.12/site-packages:/home/rassito/microros_ws/install/rcl_interfaces/lib/python3.12/site-packages:/home/rassito/microros_ws/install/micro_ros_msgs/lib/python3.12/site-packages:/home/rassito/microros_ws/install/lifecycle_msgs/lib/python3.12/site-packages:/home/rassito/microros_ws/install/example_interfaces/lib/python3.12/site-packages:/home/rassito/microros_ws/install/complex_msgs/lib/python3.12/site-packages:/home/rassito/ros_ws/build/super_pkg:/home/rassito/ros_ws/install/super_pkg/lib/python3.12/site-packages:/opt/ros/jazzy/lib/python3.12/site-packages /usr/bin/cmake --install /home/rassito/microros_ws/build/statistics_msgs
[0.614s] -- Install configuration: ""
[0.614s] -- Up-to-date: /home/rassito/microros_ws/install/statistics_msgs/share/ament_index/resource_index/rosidl_interfaces/statistics_msgs
[0.615s] -- Up-to-date: /home/rassito/microros_ws/install/statistics_msgs/share/statistics_msgs/msg/MetricsMessage.json
[0.615s] -- Up-to-date: /home/rassito/microros_ws/install/statistics_msgs/share/statistics_msgs/msg/StatisticDataPoint.json
[0.615s] -- Up-to-date: /home/rassito/microros_ws/install/statistics_msgs/share/statistics_msgs/msg/StatisticDataType.json
[0.615s] -- Up-to-date: /home/rassito/microros_ws/install/statistics_msgs/include/statistics_msgs/statistics_msgs
[0.615s] -- Up-to-date: /home/rassito/microros_ws/install/statistics_msgs/include/statistics_msgs/statistics_msgs/msg
[0.615s] -- Up-to-date: /home/rassito/microros_ws/install/statistics_msgs/include/statistics_msgs/statistics_msgs/msg/statistic_data_type.h
[0.616s] -- Up-to-date: /home/rassito/microros_ws/install/statistics_msgs/include/statistics_msgs/statistics_msgs/msg/metrics_message.h
[0.616s] -- Up-to-date: /home/rassito/microros_ws/install/statistics_msgs/include/statistics_msgs/statistics_msgs/msg/statistic_data_point.h
[0.616s] -- Up-to-date: /home/rassito/microros_ws/install/statistics_msgs/include/statistics_msgs/statistics_msgs/msg/detail
[0.616s] -- Up-to-date: /home/rassito/microros_ws/install/statistics_msgs/include/statistics_msgs/statistics_msgs/msg/detail/statistic_data_type__description.c
[0.616s] -- Up-to-date: /home/rassito/microros_ws/install/statistics_msgs/include/statistics_msgs/statistics_msgs/msg/detail/metrics_message__type_support.h
[0.616s] -- Up-to-date: /home/rassito/microros_ws/install/statistics_msgs/include/statistics_msgs/statistics_msgs/msg/detail/statistic_data_type__functions.c
[0.616s] -- Up-to-date: /home/rassito/microros_ws/install/statistics_msgs/include/statistics_msgs/statistics_msgs/msg/detail/statistic_data_point__type_support.h
[0.616s] -- Up-to-date: /home/rassito/microros_ws/install/statistics_msgs/include/statistics_msgs/statistics_msgs/msg/detail/metrics_message__functions.c
[0.616s] -- Up-to-date: /home/rassito/microros_ws/install/statistics_msgs/include/statistics_msgs/statistics_msgs/msg/detail/statistic_data_type__type_support.h
[0.616s] -- Up-to-date: /home/rassito/microros_ws/install/statistics_msgs/include/statistics_msgs/statistics_msgs/msg/detail/statistic_data_point__functions.h
[0.616s] -- Up-to-date: /home/rassito/microros_ws/install/statistics_msgs/include/statistics_msgs/statistics_msgs/msg/detail/metrics_message__description.c
[0.617s] -- Up-to-date: /home/rassito/microros_ws/install/statistics_msgs/include/statistics_msgs/statistics_msgs/msg/detail/statistic_data_point__description.c
[0.617s] -- Up-to-date: /home/rassito/microros_ws/install/statistics_msgs/include/statistics_msgs/statistics_msgs/msg/detail/statistic_data_type__functions.h
[0.617s] -- Up-to-date: /home/rassito/microros_ws/install/statistics_msgs/include/statistics_msgs/statistics_msgs/msg/detail/metrics_message__struct.h
[0.617s] -- Up-to-date: /home/rassito/microros_ws/install/statistics_msgs/include/statistics_msgs/statistics_msgs/msg/detail/statistic_data_type__struct.h
[0.617s] -- Up-to-date: /home/rassito/microros_ws/install/statistics_msgs/include/statistics_msgs/statistics_msgs/msg/detail/statistic_data_type__type_support.c
[0.617s] -- Up-to-date: /home/rassito/microros_ws/install/statistics_msgs/include/statistics_msgs/statistics_msgs/msg/detail/metrics_message__functions.h
[0.617s] -- Installing: /home/rassito/microros_ws/install/statistics_msgs/include/statistics_msgs/statistics_msgs/msg/detail/statistic_data_point__type_support.c
[0.617s] -- Up-to-date: /home/rassito/microros_ws/install/statistics_msgs/include/statistics_msgs/statistics_msgs/msg/detail/statistic_data_point__functions.c
[0.619s] -- Up-to-date: /home/rassito/microros_ws/install/statistics_msgs/include/statistics_msgs/statistics_msgs/msg/detail/statistic_data_point__struct.h
[0.619s] -- Installing: /home/rassito/microros_ws/install/statistics_msgs/include/statistics_msgs/statistics_msgs/msg/detail/metrics_message__type_support.c
[0.619s] -- Up-to-date: /home/rassito/microros_ws/install/statistics_msgs/include/statistics_msgs/statistics_msgs/msg/rosidl_generator_c__visibility_control.h
[0.619s] -- Up-to-date: /home/rassito/microros_ws/install/statistics_msgs/share/statistics_msgs/environment/library_path.sh
[0.619s] -- Up-to-date: /home/rassito/microros_ws/install/statistics_msgs/share/statistics_msgs/environment/library_path.dsv
[0.619s] -- Up-to-date: /home/rassito/microros_ws/install/statistics_msgs/lib/libstatistics_msgs__rosidl_generator_c.so
[0.620s] -- Up-to-date: /home/rassito/microros_ws/install/statistics_msgs/include/statistics_msgs/statistics_msgs
[0.620s] -- Up-to-date: /home/rassito/microros_ws/install/statistics_msgs/include/statistics_msgs/statistics_msgs/msg
[0.620s] -- Up-to-date: /home/rassito/microros_ws/install/statistics_msgs/include/statistics_msgs/statistics_msgs/msg/rosidl_typesupport_fastrtps_c__visibility_control.h
[0.620s] -- Up-to-date: /home/rassito/microros_ws/install/statistics_msgs/include/statistics_msgs/statistics_msgs/msg/detail
[0.620s] -- Up-to-date: /home/rassito/microros_ws/install/statistics_msgs/include/statistics_msgs/statistics_msgs/msg/detail/metrics_message__rosidl_typesupport_fastrtps_c.h
[0.620s] -- Up-to-date: /home/rassito/microros_ws/install/statistics_msgs/include/statistics_msgs/statistics_msgs/msg/detail/statistic_data_point__rosidl_typesupport_fastrtps_c.h
[0.620s] -- Up-to-date: /home/rassito/microros_ws/install/statistics_msgs/include/statistics_msgs/statistics_msgs/msg/detail/statistic_data_type__rosidl_typesupport_fastrtps_c.h
[0.620s] -- Up-to-date: /home/rassito/microros_ws/install/statistics_msgs/lib/libstatistics_msgs__rosidl_typesupport_fastrtps_c.so
[0.621s] -- Up-to-date: /home/rassito/microros_ws/install/statistics_msgs/include/statistics_msgs/statistics_msgs
[0.621s] -- Up-to-date: /home/rassito/microros_ws/install/statistics_msgs/include/statistics_msgs/statistics_msgs/msg
[0.621s] -- Up-to-date: /home/rassito/microros_ws/install/statistics_msgs/include/statistics_msgs/statistics_msgs/msg/rosidl_generator_cpp__visibility_control.hpp
[0.621s] -- Up-to-date: /home/rassito/microros_ws/install/statistics_msgs/include/statistics_msgs/statistics_msgs/msg/statistic_data_point.hpp
[0.621s] -- Up-to-date: /home/rassito/microros_ws/install/statistics_msgs/include/statistics_msgs/statistics_msgs/msg/metrics_message.hpp
[0.622s] -- Up-to-date: /home/rassito/microros_ws/install/statistics_msgs/include/statistics_msgs/statistics_msgs/msg/statistic_data_type.hpp
[0.622s] -- Up-to-date: /home/rassito/microros_ws/install/statistics_msgs/include/statistics_msgs/statistics_msgs/msg/detail
[0.622s] -- Up-to-date: /home/rassito/microros_ws/install/statistics_msgs/include/statistics_msgs/statistics_msgs/msg/detail/statistic_data_type__struct.hpp
[0.622s] -- Up-to-date: /home/rassito/microros_ws/install/statistics_msgs/include/statistics_msgs/statistics_msgs/msg/detail/metrics_message__builder.hpp
[0.622s] -- Up-to-date: /home/rassito/microros_ws/install/statistics_msgs/include/statistics_msgs/statistics_msgs/msg/detail/metrics_message__traits.hpp
[0.622s] -- Up-to-date: /home/rassito/microros_ws/install/statistics_msgs/include/statistics_msgs/statistics_msgs/msg/detail/statistic_data_type__type_support.hpp
[0.622s] -- Up-to-date: /home/rassito/microros_ws/install/statistics_msgs/include/statistics_msgs/statistics_msgs/msg/detail/statistic_data_type__traits.hpp
[0.622s] -- Up-to-date: /home/rassito/microros_ws/install/statistics_msgs/include/statistics_msgs/statistics_msgs/msg/detail/metrics_message__type_support.hpp
[0.622s] -- Up-to-date: /home/rassito/microros_ws/install/statistics_msgs/include/statistics_msgs/statistics_msgs/msg/detail/statistic_data_point__type_support.hpp
[0.623s] -- Up-to-date: /home/rassito/microros_ws/install/statistics_msgs/include/statistics_msgs/statistics_msgs/msg/detail/statistic_data_point__struct.hpp
[0.623s] -- Up-to-date: /home/rassito/microros_ws/install/statistics_msgs/include/statistics_msgs/statistics_msgs/msg/detail/statistic_data_type__builder.hpp
[0.623s] -- Up-to-date: /home/rassito/microros_ws/install/statistics_msgs/include/statistics_msgs/statistics_msgs/msg/detail/statistic_data_point__builder.hpp
[0.623s] -- Up-to-date: /home/rassito/microros_ws/install/statistics_msgs/include/statistics_msgs/statistics_msgs/msg/detail/metrics_message__struct.hpp
[0.623s] -- Up-to-date: /home/rassito/microros_ws/install/statistics_msgs/include/statistics_msgs/statistics_msgs/msg/detail/statistic_data_point__traits.hpp
[0.623s] -- Up-to-date: /home/rassito/microros_ws/install/statistics_msgs/include/statistics_msgs/statistics_msgs
[0.623s] -- Up-to-date: /home/rassito/microros_ws/install/statistics_msgs/include/statistics_msgs/statistics_msgs/msg
[0.623s] -- Up-to-date: /home/rassito/microros_ws/install/statistics_msgs/include/statistics_msgs/statistics_msgs/msg/rosidl_typesupport_fastrtps_cpp__visibility_control.h
[0.623s] -- Up-to-date: /home/rassito/microros_ws/install/statistics_msgs/include/statistics_msgs/statistics_msgs/msg/detail
[0.623s] -- Up-to-date: /home/rassito/microros_ws/install/statistics_msgs/include/statistics_msgs/statistics_msgs/msg/detail/statistic_data_type__rosidl_typesupport_fastrtps_cpp.hpp
[0.623s] -- Up-to-date: /home/rassito/microros_ws/install/statistics_msgs/include/statistics_msgs/statistics_msgs/msg/detail/metrics_message__rosidl_typesupport_fastrtps_cpp.hpp
[0.623s] -- Up-to-date: /home/rassito/microros_ws/install/statistics_msgs/include/statistics_msgs/statistics_msgs/msg/detail/statistic_data_point__rosidl_typesupport_fastrtps_cpp.hpp
[0.623s] -- Up-to-date: /home/rassito/microros_ws/install/statistics_msgs/include/statistics_msgs/statistics_msgs/msg/detail/dds_fastrtps
[0.623s] -- Up-to-date: /home/rassito/microros_ws/install/statistics_msgs/lib/libstatistics_msgs__rosidl_typesupport_fastrtps_cpp.so
[0.623s] -- Up-to-date: /home/rassito/microros_ws/install/statistics_msgs/include/statistics_msgs
[0.624s] -- Up-to-date: /home/rassito/microros_ws/install/statistics_msgs/include/statistics_msgs/msg
[0.624s] -- Up-to-date: /home/rassito/microros_ws/install/statistics_msgs/include/statistics_msgs/msg/detail
[0.624s] -- Up-to-date: /home/rassito/microros_ws/install/statistics_msgs/include/statistics_msgs/msg/detail/microxrcedds
[0.626s] -- Up-to-date: /home/rassito/microros_ws/install/statistics_msgs/include/statistics_msgs/msg/detail/metrics_message__rosidl_typesupport_microxrcedds_c.h
[0.626s] -- Up-to-date: /home/rassito/microros_ws/install/statistics_msgs/include/statistics_msgs/msg/detail/statistic_data_point__rosidl_typesupport_microxrcedds_c.h
[0.626s] -- Up-to-date: /home/rassito/microros_ws/install/statistics_msgs/include/statistics_msgs/msg/detail/statistic_data_type__rosidl_typesupport_microxrcedds_c.h
[0.626s] -- Up-to-date: /home/rassito/microros_ws/install/statistics_msgs/include/statistics_msgs/msg/rosidl_typesupport_microxrcedds_c__visibility_control.h
[0.627s] -- Up-to-date: /home/rassito/microros_ws/install/statistics_msgs/lib/libstatistics_msgs__rosidl_typesupport_microxrcedds_c.so
[0.628s] -- Up-to-date: /home/rassito/microros_ws/install/statistics_msgs/include/statistics_msgs/statistics_msgs
[0.631s] -- Up-to-date: /home/rassito/microros_ws/install/statistics_msgs/include/statistics_msgs/statistics_msgs/msg
[0.631s] -- Up-to-date: /home/rassito/microros_ws/install/statistics_msgs/include/statistics_msgs/statistics_msgs/msg/rosidl_typesupport_introspection_c__visibility_control.h
[0.631s] -- Up-to-date: /home/rassito/microros_ws/install/statistics_msgs/include/statistics_msgs/statistics_msgs/msg/detail
[0.631s] -- Up-to-date: /home/rassito/microros_ws/install/statistics_msgs/include/statistics_msgs/statistics_msgs/msg/detail/statistic_data_type__rosidl_typesupport_introspection_c.h
[0.631s] -- Up-to-date: /home/rassito/microros_ws/install/statistics_msgs/include/statistics_msgs/statistics_msgs/msg/detail/statistic_data_point__rosidl_typesupport_introspection_c.h
[0.631s] -- Up-to-date: /home/rassito/microros_ws/install/statistics_msgs/include/statistics_msgs/statistics_msgs/msg/detail/metrics_message__rosidl_typesupport_introspection_c.h
[0.631s] -- Up-to-date: /home/rassito/microros_ws/install/statistics_msgs/include/statistics_msgs/statistics_msgs/msg/detail/statistic_data_type__type_support.c
[0.631s] -- Installing: /home/rassito/microros_ws/install/statistics_msgs/include/statistics_msgs/statistics_msgs/msg/detail/statistic_data_point__type_support.c
[0.631s] -- Installing: /home/rassito/microros_ws/install/statistics_msgs/include/statistics_msgs/statistics_msgs/msg/detail/metrics_message__type_support.c
[0.631s] -- Up-to-date: /home/rassito/microros_ws/install/statistics_msgs/lib/libstatistics_msgs__rosidl_typesupport_introspection_c.so
[0.631s] -- Up-to-date: /home/rassito/microros_ws/install/statistics_msgs/lib/libstatistics_msgs__rosidl_typesupport_c.so
[0.632s] -- Up-to-date: /home/rassito/microros_ws/install/statistics_msgs/include/statistics_msgs
[0.632s] -- Up-to-date: /home/rassito/microros_ws/install/statistics_msgs/include/statistics_msgs/msg
[0.632s] -- Up-to-date: /home/rassito/microros_ws/install/statistics_msgs/include/statistics_msgs/msg/rosidl_typesupport_microxrcedds_cpp__visibility_control.h
[0.632s] -- Up-to-date: /home/rassito/microros_ws/install/statistics_msgs/include/statistics_msgs/msg/detail
[0.632s] -- Up-to-date: /home/rassito/microros_ws/install/statistics_msgs/include/statistics_msgs/msg/detail/microxrcedds
[0.632s] -- Up-to-date: /home/rassito/microros_ws/install/statistics_msgs/include/statistics_msgs/msg/detail/microxrcedds/statistic_data_point__type_support_cpp.cpp
[0.632s] -- Up-to-date: /home/rassito/microros_ws/install/statistics_msgs/include/statistics_msgs/msg/detail/microxrcedds/statistic_data_type__type_support_cpp.cpp
[0.632s] -- Up-to-date: /home/rassito/microros_ws/install/statistics_msgs/include/statistics_msgs/msg/detail/microxrcedds/metrics_message__type_support_cpp.cpp
[0.632s] -- Up-to-date: /home/rassito/microros_ws/install/statistics_msgs/include/statistics_msgs/msg/detail/metrics_message__rosidl_typesupport_microxrcedds_cpp.hpp
[0.632s] -- Up-to-date: /home/rassito/microros_ws/install/statistics_msgs/include/statistics_msgs/msg/detail/statistic_data_point__rosidl_typesupport_microxrcedds_cpp.hpp
[0.632s] -- Up-to-date: /home/rassito/microros_ws/install/statistics_msgs/include/statistics_msgs/msg/detail/statistic_data_type__rosidl_typesupport_microxrcedds_cpp.hpp
[0.632s] -- Up-to-date: /home/rassito/microros_ws/install/statistics_msgs/lib/libstatistics_msgs__rosidl_typesupport_microxrcedds_cpp.so
[0.632s] -- Up-to-date: /home/rassito/microros_ws/install/statistics_msgs/include/statistics_msgs/statistics_msgs
[0.632s] -- Up-to-date: /home/rassito/microros_ws/install/statistics_msgs/include/statistics_msgs/statistics_msgs/msg
[0.632s] -- Up-to-date: /home/rassito/microros_ws/install/statistics_msgs/include/statistics_msgs/statistics_msgs/msg/detail
[0.632s] -- Up-to-date: /home/rassito/microros_ws/install/statistics_msgs/include/statistics_msgs/statistics_msgs/msg/detail/statistic_data_type__rosidl_typesupport_introspection_cpp.hpp
[0.633s] -- Up-to-date: /home/rassito/microros_ws/install/statistics_msgs/include/statistics_msgs/statistics_msgs/msg/detail/metrics_message__type_support.cpp
[0.633s] -- Up-to-date: /home/rassito/microros_ws/install/statistics_msgs/include/statistics_msgs/statistics_msgs/msg/detail/metrics_message__rosidl_typesupport_introspection_cpp.hpp
[0.633s] -- Up-to-date: /home/rassito/microros_ws/install/statistics_msgs/include/statistics_msgs/statistics_msgs/msg/detail/statistic_data_point__rosidl_typesupport_introspection_cpp.hpp
[0.633s] -- Up-to-date: /home/rassito/microros_ws/install/statistics_msgs/include/statistics_msgs/statistics_msgs/msg/detail/statistic_data_type__type_support.cpp
[0.633s] -- Up-to-date: /home/rassito/microros_ws/install/statistics_msgs/include/statistics_msgs/statistics_msgs/msg/detail/statistic_data_point__type_support.cpp
[0.633s] -- Up-to-date: /home/rassito/microros_ws/install/statistics_msgs/lib/libstatistics_msgs__rosidl_typesupport_introspection_cpp.so
[0.633s] -- Up-to-date: /home/rassito/microros_ws/install/statistics_msgs/lib/libstatistics_msgs__rosidl_typesupport_cpp.so
[0.633s] -- Up-to-date: /home/rassito/microros_ws/install/statistics_msgs/share/statistics_msgs/environment/pythonpath.sh
[0.633s] -- Up-to-date: /home/rassito/microros_ws/install/statistics_msgs/share/statistics_msgs/environment/pythonpath.dsv
[0.633s] -- Up-to-date: /home/rassito/microros_ws/install/statistics_msgs/lib/python3.12/site-packages/statistics_msgs-2.0.2-py3.12.egg-info
[0.633s] -- Installing: /home/rassito/microros_ws/install/statistics_msgs/lib/python3.12/site-packages/statistics_msgs-2.0.2-py3.12.egg-info/top_level.txt
[0.633s] -- Installing: /home/rassito/microros_ws/install/statistics_msgs/lib/python3.12/site-packages/statistics_msgs-2.0.2-py3.12.egg-info/PKG-INFO
[0.633s] -- Installing: /home/rassito/microros_ws/install/statistics_msgs/lib/python3.12/site-packages/statistics_msgs-2.0.2-py3.12.egg-info/dependency_links.txt
[0.633s] -- Installing: /home/rassito/microros_ws/install/statistics_msgs/lib/python3.12/site-packages/statistics_msgs-2.0.2-py3.12.egg-info/SOURCES.txt
[0.633s] -- Up-to-date: /home/rassito/microros_ws/install/statistics_msgs/lib/python3.12/site-packages/statistics_msgs
[0.634s] -- Up-to-date: /home/rassito/microros_ws/install/statistics_msgs/lib/python3.12/site-packages/statistics_msgs/_statistics_msgs_s.ep.rosidl_typesupport_microxrcedds_c.c
[0.634s] -- Up-to-date: /home/rassito/microros_ws/install/statistics_msgs/lib/python3.12/site-packages/statistics_msgs/_statistics_msgs_s.ep.rosidl_typesupport_introspection_c.c
[0.634s] -- Up-to-date: /home/rassito/microros_ws/install/statistics_msgs/lib/python3.12/site-packages/statistics_msgs/statistics_msgs_s__rosidl_typesupport_microxrcedds_c.so
[0.634s] -- Up-to-date: /home/rassito/microros_ws/install/statistics_msgs/lib/python3.12/site-packages/statistics_msgs/statistics_msgs_s__rosidl_typesupport_c.so
[0.634s] -- Up-to-date: /home/rassito/microros_ws/install/statistics_msgs/lib/python3.12/site-packages/statistics_msgs/_statistics_msgs_s.ep.rosidl_typesupport_fastrtps_c.c
[0.634s] -- Up-to-date: /home/rassito/microros_ws/install/statistics_msgs/lib/python3.12/site-packages/statistics_msgs/statistics_msgs_s__rosidl_typesupport_fastrtps_c.so
[0.634s] -- Up-to-date: /home/rassito/microros_ws/install/statistics_msgs/lib/python3.12/site-packages/statistics_msgs/msg
[0.634s] -- Up-to-date: /home/rassito/microros_ws/install/statistics_msgs/lib/python3.12/site-packages/statistics_msgs/msg/_metrics_message_s.c
[0.634s] -- Up-to-date: /home/rassito/microros_ws/install/statistics_msgs/lib/python3.12/site-packages/statistics_msgs/msg/_statistic_data_point_s.c
[0.634s] -- Up-to-date: /home/rassito/microros_ws/install/statistics_msgs/lib/python3.12/site-packages/statistics_msgs/msg/_statistic_data_point.py
[0.634s] -- Up-to-date: /home/rassito/microros_ws/install/statistics_msgs/lib/python3.12/site-packages/statistics_msgs/msg/_metrics_message.py
[0.634s] -- Up-to-date: /home/rassito/microros_ws/install/statistics_msgs/lib/python3.12/site-packages/statistics_msgs/msg/_statistic_data_type_s.c
[0.634s] -- Up-to-date: /home/rassito/microros_ws/install/statistics_msgs/lib/python3.12/site-packages/statistics_msgs/msg/_statistic_data_type.py
[0.634s] -- Up-to-date: /home/rassito/microros_ws/install/statistics_msgs/lib/python3.12/site-packages/statistics_msgs/msg/__init__.py
[0.634s] -- Up-to-date: /home/rassito/microros_ws/install/statistics_msgs/lib/python3.12/site-packages/statistics_msgs/statistics_msgs_s__rosidl_typesupport_introspection_c.so
[0.634s] -- Up-to-date: /home/rassito/microros_ws/install/statistics_msgs/lib/python3.12/site-packages/statistics_msgs/__init__.py
[0.634s] -- Up-to-date: /home/rassito/microros_ws/install/statistics_msgs/lib/python3.12/site-packages/statistics_msgs/_statistics_msgs_s.ep.rosidl_typesupport_c.c
[0.724s] Listing '/home/rassito/microros_ws/install/statistics_msgs/lib/python3.12/site-packages/statistics_msgs'...
[0.724s] Listing '/home/rassito/microros_ws/install/statistics_msgs/lib/python3.12/site-packages/statistics_msgs/msg'...
[0.741s] -- Up-to-date: /home/rassito/microros_ws/install/statistics_msgs/lib/python3.12/site-packages/statistics_msgs/statistics_msgs_s__rosidl_typesupport_microxrcedds_c.so
[0.742s] -- Up-to-date: /home/rassito/microros_ws/install/statistics_msgs/lib/python3.12/site-packages/statistics_msgs/statistics_msgs_s__rosidl_typesupport_fastrtps_c.so
[0.743s] -- Up-to-date: /home/rassito/microros_ws/install/statistics_msgs/lib/python3.12/site-packages/statistics_msgs/statistics_msgs_s__rosidl_typesupport_introspection_c.so
[0.743s] -- Up-to-date: /home/rassito/microros_ws/install/statistics_msgs/lib/python3.12/site-packages/statistics_msgs/statistics_msgs_s__rosidl_typesupport_c.so
[0.743s] -- Up-to-date: /home/rassito/microros_ws/install/statistics_msgs/lib/libstatistics_msgs__rosidl_generator_py.so
[0.743s] -- Up-to-date: /home/rassito/microros_ws/install/statistics_msgs/share/statistics_msgs/msg/MetricsMessage.idl
[0.743s] -- Up-to-date: /home/rassito/microros_ws/install/statistics_msgs/share/statistics_msgs/msg/StatisticDataPoint.idl
[0.743s] -- Up-to-date: /home/rassito/microros_ws/install/statistics_msgs/share/statistics_msgs/msg/StatisticDataType.idl
[0.743s] -- Up-to-date: /home/rassito/microros_ws/install/statistics_msgs/share/statistics_msgs/msg/MetricsMessage.msg
[0.743s] -- Up-to-date: /home/rassito/microros_ws/install/statistics_msgs/share/statistics_msgs/msg/StatisticDataPoint.msg
[0.743s] -- Up-to-date: /home/rassito/microros_ws/install/statistics_msgs/share/statistics_msgs/msg/StatisticDataType.msg
[0.743s] -- Up-to-date: /home/rassito/microros_ws/install/statistics_msgs/share/ament_index/resource_index/package_run_dependencies/statistics_msgs
[0.743s] -- Up-to-date: /home/rassito/microros_ws/install/statistics_msgs/share/ament_index/resource_index/parent_prefix_path/statistics_msgs
[0.743s] -- Up-to-date: /home/rassito/microros_ws/install/statistics_msgs/share/statistics_msgs/environment/ament_prefix_path.sh
[0.743s] -- Up-to-date: /home/rassito/microros_ws/install/statistics_msgs/share/statistics_msgs/environment/ament_prefix_path.dsv
[0.743s] -- Up-to-date: /home/rassito/microros_ws/install/statistics_msgs/share/statistics_msgs/environment/path.sh
[0.743s] -- Up-to-date: /home/rassito/microros_ws/install/statistics_msgs/share/statistics_msgs/environment/path.dsv
[0.743s] -- Up-to-date: /home/rassito/microros_ws/install/statistics_msgs/share/statistics_msgs/local_setup.bash
[0.743s] -- Up-to-date: /home/rassito/microros_ws/install/statistics_msgs/share/statistics_msgs/local_setup.sh
[0.743s] -- Up-to-date: /home/rassito/microros_ws/install/statistics_msgs/share/statistics_msgs/local_setup.zsh
[0.743s] -- Up-to-date: /home/rassito/microros_ws/install/statistics_msgs/share/statistics_msgs/local_setup.dsv
[0.743s] -- Installing: /home/rassito/microros_ws/install/statistics_msgs/share/statistics_msgs/package.dsv
[0.743s] -- Up-to-date: /home/rassito/microros_ws/install/statistics_msgs/share/ament_index/resource_index/packages/statistics_msgs
[0.743s] -- Up-to-date: /home/rassito/microros_ws/install/statistics_msgs/share/statistics_msgs/cmake/export_statistics_msgs__rosidl_generator_cExport.cmake
[0.743s] -- Up-to-date: /home/rassito/microros_ws/install/statistics_msgs/share/statistics_msgs/cmake/export_statistics_msgs__rosidl_generator_cExport-noconfig.cmake
[0.743s] -- Up-to-date: /home/rassito/microros_ws/install/statistics_msgs/share/statistics_msgs/cmake/export_statistics_msgs__rosidl_typesupport_fastrtps_cExport.cmake
[0.744s] -- Up-to-date: /home/rassito/microros_ws/install/statistics_msgs/share/statistics_msgs/cmake/export_statistics_msgs__rosidl_typesupport_fastrtps_cExport-noconfig.cmake
[0.744s] -- Up-to-date: /home/rassito/microros_ws/install/statistics_msgs/share/statistics_msgs/cmake/export_statistics_msgs__rosidl_generator_cppExport.cmake
[0.744s] -- Up-to-date: /home/rassito/microros_ws/install/statistics_msgs/share/statistics_msgs/cmake/export_statistics_msgs__rosidl_typesupport_fastrtps_cppExport.cmake
[0.744s] -- Up-to-date: /home/rassito/microros_ws/install/statistics_msgs/share/statistics_msgs/cmake/export_statistics_msgs__rosidl_typesupport_fastrtps_cppExport-noconfig.cmake
[0.744s] -- Up-to-date: /home/rassito/microros_ws/install/statistics_msgs/share/statistics_msgs/cmake/statistics_msgs__rosidl_typesupport_introspection_cExport.cmake
[0.744s] -- Up-to-date: /home/rassito/microros_ws/install/statistics_msgs/share/statistics_msgs/cmake/statistics_msgs__rosidl_typesupport_introspection_cExport-noconfig.cmake
[0.744s] -- Up-to-date: /home/rassito/microros_ws/install/statistics_msgs/share/statistics_msgs/cmake/statistics_msgs__rosidl_typesupport_cExport.cmake
[0.744s] -- Up-to-date: /home/rassito/microros_ws/install/statistics_msgs/share/statistics_msgs/cmake/statistics_msgs__rosidl_typesupport_cExport-noconfig.cmake
[0.744s] -- Up-to-date: /home/rassito/microros_ws/install/statistics_msgs/share/statistics_msgs/cmake/statistics_msgs__rosidl_typesupport_introspection_cppExport.cmake
[0.744s] -- Up-to-date: /home/rassito/microros_ws/install/statistics_msgs/share/statistics_msgs/cmake/statistics_msgs__rosidl_typesupport_introspection_cppExport-noconfig.cmake
[0.744s] -- Up-to-date: /home/rassito/microros_ws/install/statistics_msgs/share/statistics_msgs/cmake/statistics_msgs__rosidl_typesupport_cppExport.cmake
[0.744s] -- Up-to-date: /home/rassito/microros_ws/install/statistics_msgs/share/statistics_msgs/cmake/statistics_msgs__rosidl_typesupport_cppExport-noconfig.cmake
[0.744s] -- Up-to-date: /home/rassito/microros_ws/install/statistics_msgs/share/statistics_msgs/cmake/export_statistics_msgs__rosidl_generator_pyExport.cmake
[0.744s] -- Up-to-date: /home/rassito/microros_ws/install/statistics_msgs/share/statistics_msgs/cmake/export_statistics_msgs__rosidl_generator_pyExport-noconfig.cmake
[0.744s] -- Up-to-date: /home/rassito/microros_ws/install/statistics_msgs/share/statistics_msgs/cmake/rosidl_cmake-extras.cmake
[0.744s] -- Up-to-date: /home/rassito/microros_ws/install/statistics_msgs/share/statistics_msgs/cmake/ament_cmake_export_dependencies-extras.cmake
[0.744s] -- Up-to-date: /home/rassito/microros_ws/install/statistics_msgs/share/statistics_msgs/cmake/ament_cmake_export_include_directories-extras.cmake
[0.744s] -- Up-to-date: /home/rassito/microros_ws/install/statistics_msgs/share/statistics_msgs/cmake/ament_cmake_export_libraries-extras.cmake
[0.744s] -- Up-to-date: /home/rassito/microros_ws/install/statistics_msgs/share/statistics_msgs/cmake/ament_cmake_export_targets-extras.cmake
[0.744s] -- Up-to-date: /home/rassito/microros_ws/install/statistics_msgs/share/statistics_msgs/cmake/rosidl_cmake_export_typesupport_targets-extras.cmake
[0.745s] -- Up-to-date: /home/rassito/microros_ws/install/statistics_msgs/share/statistics_msgs/cmake/rosidl_cmake_export_typesupport_libraries-extras.cmake
[0.745s] -- Up-to-date: /home/rassito/microros_ws/install/statistics_msgs/share/statistics_msgs/cmake/statistics_msgsConfig.cmake
[0.745s] -- Up-to-date: /home/rassito/microros_ws/install/statistics_msgs/share/statistics_msgs/cmake/statistics_msgsConfig-version.cmake
[0.745s] -- Up-to-date: /home/rassito/microros_ws/install/statistics_msgs/share/statistics_msgs/package.xml
[0.755s] Invoked command in '/home/rassito/microros_ws/build/statistics_msgs' returned '0': CMAKE_PREFIX_PATH=/home/rassito/microros_ws/install/builtin_interfaces:/home/rassito/microros_ws/install/micro_ros_demos_rclc:/home/rassito/microros_ws/install/common_interfaces:/home/rassito/microros_ws/install/visualization_msgs:/home/rassito/microros_ws/install/action_msgs:/home/rassito/microros_ws/install/unique_identifier_msgs:/home/rassito/microros_ws/install/type_description_interfaces:/home/rassito/microros_ws/install/trajectory_msgs:/home/rassito/microros_ws/install/test_msgs:/home/rassito/microros_ws/install/test_interface_files:/home/rassito/microros_ws/install/stereo_msgs:/home/rassito/microros_ws/install/std_srvs:/home/rassito/microros_ws/install/shape_msgs:/home/rassito/microros_ws/install/sensor_msgs:/home/rassito/microros_ws/install/nav_msgs:/home/rassito/microros_ws/install/diagnostic_msgs:/home/rassito/microros_ws/install/geometry_msgs:/home/rassito/microros_ws/install/drive_base_msgs:/home/rassito/microros_ws/install/actionlib_msgs:/home/rassito/microros_ws/install/std_msgs:/home/rassito/microros_ws/install/statistics_msgs:/home/rassito/microros_ws/install/service_msgs:/home/rassito/microros_ws/install/rosidl_typesupport_microxrcedds_test_msg:/home/rassito/microros_ws/install/rosidl_typesupport_microxrcedds_cpp_tests:/home/rassito/microros_ws/install/rmw_microxrcedds:/home/rassito/microros_ws/install/rosidl_typesupport_microxrcedds_cpp:/home/rassito/microros_ws/install/rosidl_typesupport_microxrcedds_c_tests:/home/rassito/microros_ws/install/rosidl_typesupport_microxrcedds_c:/home/rassito/microros_ws/install/rosgraph_msgs:/home/rassito/microros_ws/install/rclc_parameter:/home/rassito/microros_ws/install/rclc:/home/rassito/microros_ws/install/composition_interfaces:/home/rassito/microros_ws/install/rcl_interfaces:/home/rassito/microros_ws/install/microxrcedds_client:/home/rassito/microros_ws/install/microcdr:/home/rassito/microros_ws/install/micro_ros_utilities:/home/rassito/microros_ws/install/micro_ros_setup:/home/rassito/microros_ws/install/micro_ros_agent:/home/rassito/microros_ws/install/micro_ros_msgs:/home/rassito/microros_ws/install/lifecycle_msgs:/home/rassito/microros_ws/install/example_interfaces:/home/rassito/microros_ws/install/complex_msgs:/opt/ros/jazzy/opt/sdformat_vendor:/opt/ros/jazzy/opt/gz_math_vendor:/opt/ros/jazzy/opt/gz_utils_vendor:/opt/ros/jazzy/opt/gz_tools_vendor:/opt/ros/jazzy/opt/gz_cmake_vendor:/home/rassito/microros_ws/install/sensor_msgs_py:/home/rassito/ros_ws/install/super_pkg:/opt/ros/jazzy DEBUGINFOD_URLS=https://debuginfod.ubuntu.com LD_LIBRARY_PATH=/home/rassito/microros_ws/install/builtin_interfaces/lib:/home/rassito/microros_ws/install/visualization_msgs/lib:/home/rassito/microros_ws/install/action_msgs/lib:/home/rassito/microros_ws/install/unique_identifier_msgs/lib:/home/rassito/microros_ws/install/type_description_interfaces/lib:/home/rassito/microros_ws/install/trajectory_msgs/lib:/home/rassito/microros_ws/install/test_msgs/lib:/home/rassito/microros_ws/install/stereo_msgs/lib:/home/rassito/microros_ws/install/std_srvs/lib:/home/rassito/microros_ws/install/shape_msgs/lib:/home/rassito/microros_ws/install/sensor_msgs/lib:/home/rassito/microros_ws/install/nav_msgs/lib:/home/rassito/microros_ws/install/diagnostic_msgs/lib:/home/rassito/microros_ws/install/geometry_msgs/lib:/home/rassito/microros_ws/install/drive_base_msgs/lib:/home/rassito/microros_ws/install/actionlib_msgs/lib:/home/rassito/microros_ws/install/std_msgs/lib:/home/rassito/microros_ws/install/statistics_msgs/lib:/home/rassito/microros_ws/install/service_msgs/lib:/home/rassito/microros_ws/install/rmw_microxrcedds/lib:/home/rassito/microros_ws/install/rosidl_typesupport_microxrcedds_cpp/lib:/home/rassito/microros_ws/install/rosidl_typesupport_microxrcedds_c/lib:/home/rassito/microros_ws/install/rosgraph_msgs/lib:/home/rassito/microros_ws/install/rclc_parameter/lib:/home/rassito/microros_ws/install/rclc/lib:/home/rassito/microros_ws/install/composition_interfaces/lib:/home/rassito/microros_ws/install/rcl_interfaces/lib:/home/rassito/microros_ws/install/microxrcedds_client/lib:/home/rassito/microros_ws/install/microcdr/lib:/home/rassito/microros_ws/install/micro_ros_utilities/lib:/home/rassito/microros_ws/install/micro_ros_agent/lib:/home/rassito/microros_ws/install/micro_ros_msgs/lib:/home/rassito/microros_ws/install/lifecycle_msgs/lib:/home/rassito/microros_ws/install/example_interfaces/lib:/home/rassito/microros_ws/install/complex_msgs/lib:/opt/ros/jazzy/opt/sdformat_vendor/lib:/opt/ros/jazzy/opt/rviz_ogre_vendor/lib:/opt/ros/jazzy/lib/x86_64-linux-gnu:/opt/ros/jazzy/opt/gz_math_vendor/lib:/opt/ros/jazzy/opt/gz_utils_vendor/lib:/opt/ros/jazzy/opt/gz_tools_vendor/lib:/opt/ros/jazzy/opt/gz_cmake_vendor/lib:/opt/ros/jazzy/lib PYTHONPATH=/home/rassito/microros_ws/install/builtin_interfaces/lib/python3.12/site-packages:/home/rassito/microros_ws/install/visualization_msgs/lib/python3.12/site-packages:/home/rassito/microros_ws/install/action_msgs/lib/python3.12/site-packages:/home/rassito/microros_ws/install/unique_identifier_msgs/lib/python3.12/site-packages:/home/rassito/microros_ws/install/type_description_interfaces/lib/python3.12/site-packages:/home/rassito/microros_ws/install/trajectory_msgs/lib/python3.12/site-packages:/home/rassito/microros_ws/install/test_msgs/lib/python3.12/site-packages:/home/rassito/microros_ws/install/stereo_msgs/lib/python3.12/site-packages:/home/rassito/microros_ws/install/std_srvs/lib/python3.12/site-packages:/home/rassito/microros_ws/install/shape_msgs/lib/python3.12/site-packages:/home/rassito/microros_ws/install/sensor_msgs_py/lib/python3.12/site-packages:/home/rassito/microros_ws/install/sensor_msgs/lib/python3.12/site-packages:/home/rassito/microros_ws/install/nav_msgs/lib/python3.12/site-packages:/home/rassito/microros_ws/install/diagnostic_msgs/lib/python3.12/site-packages:/home/rassito/microros_ws/install/geometry_msgs/lib/python3.12/site-packages:/home/rassito/microros_ws/install/drive_base_msgs/lib/python3.12/site-packages:/home/rassito/microros_ws/install/actionlib_msgs/lib/python3.12/site-packages:/home/rassito/microros_ws/install/std_msgs/lib/python3.12/site-packages:/home/rassito/microros_ws/install/statistics_msgs/lib/python3.12/site-packages:/home/rassito/microros_ws/install/service_msgs/lib/python3.12/site-packages:/home/rassito/microros_ws/install/rosidl_typesupport_microxrcedds_cpp/lib/python3.12/site-packages:/home/rassito/microros_ws/install/rosidl_typesupport_microxrcedds_c/lib/python3.12/site-packages:/home/rassito/microros_ws/install/rosgraph_msgs/lib/python3.12/site-packages:/home/rassito/microros_ws/install/composition_interfaces/lib/python3.12/site-packages:/home/rassito/microros_ws/install/rcl_interfaces/lib/python3.12/site-packages:/home/rassito/microros_ws/install/micro_ros_msgs/lib/python3.12/site-packages:/home/rassito/microros_ws/install/lifecycle_msgs/lib/python3.12/site-packages:/home/rassito/microros_ws/install/example_interfaces/lib/python3.12/site-packages:/home/rassito/microros_ws/install/complex_msgs/lib/python3.12/site-packages:/home/rassito/ros_ws/build/super_pkg:/home/rassito/ros_ws/install/super_pkg/lib/python3.12/site-packages:/opt/ros/jazzy/lib/python3.12/site-packages /usr/bin/cmake --install /home/rassito/microros_ws/build/statistics_msgs
