[0.205s] Invoking command in '/home/rassito/microros_ws/build/micro_ros_demos_rclc': CMAKE_PREFIX_PATH=/home/rassito/microros_ws/install/visualization_msgs:/home/rassito/microros_ws/install/sensor_msgs:/home/rassito/microros_ws/install/rmw_microxrcedds:/home/rassito/microros_ws/install/rclc_parameter:/home/rassito/microros_ws/install/rosidl_typesupport_microxrcedds_cpp:/home/rassito/microros_ws/install/rclc:/home/rassito/microros_ws/install/geometry_msgs:/home/rassito/microros_ws/install/test_msgs:/home/rassito/microros_ws/install/std_msgs:/home/rassito/microros_ws/install/rosidl_typesupport_microxrcedds_c:/home/rassito/microros_ws/install/rcl_interfaces:/home/rassito/microros_ws/install/microxrcedds_client:/home/rassito/microros_ws/install/complex_msgs:/home/rassito/microros_ws/install/test_interface_files:/home/rassito/microros_ws/install/microcdr:/home/rassito/microros_ws/install/micro_ros_utilities:/home/rassito/microros_ws/install/micro_ros_msgs:/home/rassito/microros_ws/install/example_interfaces:/home/rassito/microros_ws/install/builtin_interfaces:/home/rassito/microros_ws/install/micro_ros_demos_rclc:/home/rassito/microros_ws/install/common_interfaces:/home/rassito/microros_ws/install/action_msgs:/home/rassito/microros_ws/install/unique_identifier_msgs:/home/rassito/microros_ws/install/type_description_interfaces:/home/rassito/microros_ws/install/trajectory_msgs:/home/rassito/microros_ws/install/stereo_msgs:/home/rassito/microros_ws/install/std_srvs:/home/rassito/microros_ws/install/shape_msgs:/home/rassito/microros_ws/install/nav_msgs:/home/rassito/microros_ws/install/diagnostic_msgs:/home/rassito/microros_ws/install/drive_base_msgs:/home/rassito/microros_ws/install/actionlib_msgs:/home/rassito/microros_ws/install/statistics_msgs:/home/rassito/microros_ws/install/service_msgs:/home/rassito/microros_ws/install/rosidl_typesupport_microxrcedds_test_msg:/home/rassito/microros_ws/install/rosidl_typesupport_microxrcedds_cpp_tests:/home/rassito/microros_ws/install/rosidl_typesupport_microxrcedds_c_tests:/home/rassito/microros_ws/install/rosgraph_msgs:/home/rassito/microros_ws/install/composition_interfaces:/home/rassito/microros_ws/install/micro_ros_setup:/home/rassito/microros_ws/install/micro_ros_agent:/home/rassito/microros_ws/install/lifecycle_msgs:/opt/ros/jazzy/opt/sdformat_vendor:/opt/ros/jazzy/opt/gz_math_vendor:/opt/ros/jazzy/opt/gz_utils_vendor:/opt/ros/jazzy/opt/gz_tools_vendor:/opt/ros/jazzy/opt/gz_cmake_vendor:/home/rassito/microros_ws/install/sensor_msgs_py:/home/rassito/ros_ws/install/super_pkg:/opt/ros/jazzy DEBUGINFOD_URLS=https://debuginfod.ubuntu.com LD_LIBRARY_PATH=/home/rassito/microros_ws/install/visualization_msgs/lib:/home/rassito/microros_ws/install/sensor_msgs/lib:/home/rassito/microros_ws/install/rmw_microxrcedds/lib:/home/rassito/microros_ws/install/rclc_parameter/lib:/home/rassito/microros_ws/install/rosidl_typesupport_microxrcedds_cpp/lib:/home/rassito/microros_ws/install/rclc/lib:/home/rassito/microros_ws/install/geometry_msgs/lib:/home/rassito/microros_ws/install/test_msgs/lib:/home/rassito/microros_ws/install/std_msgs/lib:/home/rassito/microros_ws/install/rosidl_typesupport_microxrcedds_c/lib:/home/rassito/microros_ws/install/rcl_interfaces/lib:/home/rassito/microros_ws/install/microxrcedds_client/lib:/home/rassito/microros_ws/install/complex_msgs/lib:/home/rassito/microros_ws/install/microcdr/lib:/home/rassito/microros_ws/install/micro_ros_utilities/lib:/home/rassito/microros_ws/install/micro_ros_msgs/lib:/home/rassito/microros_ws/install/example_interfaces/lib:/home/rassito/microros_ws/install/builtin_interfaces/lib:/home/rassito/microros_ws/install/action_msgs/lib:/home/rassito/microros_ws/install/unique_identifier_msgs/lib:/home/rassito/microros_ws/install/type_description_interfaces/lib:/home/rassito/microros_ws/install/trajectory_msgs/lib:/home/rassito/microros_ws/install/stereo_msgs/lib:/home/rassito/microros_ws/install/std_srvs/lib:/home/rassito/microros_ws/install/shape_msgs/lib:/home/rassito/microros_ws/install/nav_msgs/lib:/home/rassito/microros_ws/install/diagnostic_msgs/lib:/home/rassito/microros_ws/install/drive_base_msgs/lib:/home/rassito/microros_ws/install/actionlib_msgs/lib:/home/rassito/microros_ws/install/statistics_msgs/lib:/home/rassito/microros_ws/install/service_msgs/lib:/home/rassito/microros_ws/install/rosgraph_msgs/lib:/home/rassito/microros_ws/install/composition_interfaces/lib:/home/rassito/microros_ws/install/micro_ros_agent/lib:/home/rassito/microros_ws/install/lifecycle_msgs/lib:/opt/ros/jazzy/opt/sdformat_vendor/lib:/opt/ros/jazzy/opt/rviz_ogre_vendor/lib:/opt/ros/jazzy/lib/x86_64-linux-gnu:/opt/ros/jazzy/opt/gz_math_vendor/lib:/opt/ros/jazzy/opt/gz_utils_vendor/lib:/opt/ros/jazzy/opt/gz_tools_vendor/lib:/opt/ros/jazzy/opt/gz_cmake_vendor/lib:/opt/ros/jazzy/lib PYTHONPATH=/home/rassito/microros_ws/install/visualization_msgs/lib/python3.12/site-packages:/home/rassito/microros_ws/install/sensor_msgs/lib/python3.12/site-packages:/home/rassito/microros_ws/install/rosidl_typesupport_microxrcedds_cpp/lib/python3.12/site-packages:/home/rassito/microros_ws/install/geometry_msgs/lib/python3.12/site-packages:/home/rassito/microros_ws/install/test_msgs/lib/python3.12/site-packages:/home/rassito/microros_ws/install/std_msgs/lib/python3.12/site-packages:/home/rassito/microros_ws/install/rosidl_typesupport_microxrcedds_c/lib/python3.12/site-packages:/home/rassito/microros_ws/install/rcl_interfaces/lib/python3.12/site-packages:/home/rassito/microros_ws/install/complex_msgs/lib/python3.12/site-packages:/home/rassito/microros_ws/install/micro_ros_msgs/lib/python3.12/site-packages:/home/rassito/microros_ws/install/example_interfaces/lib/python3.12/site-packages:/home/rassito/microros_ws/install/builtin_interfaces/lib/python3.12/site-packages:/home/rassito/microros_ws/install/action_msgs/lib/python3.12/site-packages:/home/rassito/microros_ws/install/unique_identifier_msgs/lib/python3.12/site-packages:/home/rassito/microros_ws/install/type_description_interfaces/lib/python3.12/site-packages:/home/rassito/microros_ws/install/trajectory_msgs/lib/python3.12/site-packages:/home/rassito/microros_ws/install/stereo_msgs/lib/python3.12/site-packages:/home/rassito/microros_ws/install/std_srvs/lib/python3.12/site-packages:/home/rassito/microros_ws/install/shape_msgs/lib/python3.12/site-packages:/home/rassito/microros_ws/install/sensor_msgs_py/lib/python3.12/site-packages:/home/rassito/microros_ws/install/nav_msgs/lib/python3.12/site-packages:/home/rassito/microros_ws/install/diagnostic_msgs/lib/python3.12/site-packages:/home/rassito/microros_ws/install/drive_base_msgs/lib/python3.12/site-packages:/home/rassito/microros_ws/install/actionlib_msgs/lib/python3.12/site-packages:/home/rassito/microros_ws/install/statistics_msgs/lib/python3.12/site-packages:/home/rassito/microros_ws/install/service_msgs/lib/python3.12/site-packages:/home/rassito/microros_ws/install/rosgraph_msgs/lib/python3.12/site-packages:/home/rassito/microros_ws/install/composition_interfaces/lib/python3.12/site-packages:/home/rassito/microros_ws/install/lifecycle_msgs/lib/python3.12/site-packages:/home/rassito/ros_ws/build/super_pkg:/home/rassito/ros_ws/install/super_pkg/lib/python3.12/site-packages:/opt/ros/jazzy/lib/python3.12/site-packages /usr/bin/cmake /home/rassito/microros_ws/src/uros/micro-ROS-demos/rclc -DBUILD_TESTING=OFF -DBUILD_SHARED_LIBS=ON -DCMAKE_INSTALL_PREFIX=/home/rassito/microros_ws/install/micro_ros_demos_rclc
[0.250s] -- Found ament_cmake: 2.5.3 (/opt/ros/jazzy/share/ament_cmake/cmake)
[0.854s] -- Configuring done (0.6s)
[0.904s] -- Generating done (0.0s)
[0.917s] -- Build files have been written to: /home/rassito/microros_ws/build/micro_ros_demos_rclc
[0.925s] Invoked command in '/home/rassito/microros_ws/build/micro_ros_demos_rclc' returned '0': CMAKE_PREFIX_PATH=/home/rassito/microros_ws/install/visualization_msgs:/home/rassito/microros_ws/install/sensor_msgs:/home/rassito/microros_ws/install/rmw_microxrcedds:/home/rassito/microros_ws/install/rclc_parameter:/home/rassito/microros_ws/install/rosidl_typesupport_microxrcedds_cpp:/home/rassito/microros_ws/install/rclc:/home/rassito/microros_ws/install/geometry_msgs:/home/rassito/microros_ws/install/test_msgs:/home/rassito/microros_ws/install/std_msgs:/home/rassito/microros_ws/install/rosidl_typesupport_microxrcedds_c:/home/rassito/microros_ws/install/rcl_interfaces:/home/rassito/microros_ws/install/microxrcedds_client:/home/rassito/microros_ws/install/complex_msgs:/home/rassito/microros_ws/install/test_interface_files:/home/rassito/microros_ws/install/microcdr:/home/rassito/microros_ws/install/micro_ros_utilities:/home/rassito/microros_ws/install/micro_ros_msgs:/home/rassito/microros_ws/install/example_interfaces:/home/rassito/microros_ws/install/builtin_interfaces:/home/rassito/microros_ws/install/micro_ros_demos_rclc:/home/rassito/microros_ws/install/common_interfaces:/home/rassito/microros_ws/install/action_msgs:/home/rassito/microros_ws/install/unique_identifier_msgs:/home/rassito/microros_ws/install/type_description_interfaces:/home/rassito/microros_ws/install/trajectory_msgs:/home/rassito/microros_ws/install/stereo_msgs:/home/rassito/microros_ws/install/std_srvs:/home/rassito/microros_ws/install/shape_msgs:/home/rassito/microros_ws/install/nav_msgs:/home/rassito/microros_ws/install/diagnostic_msgs:/home/rassito/microros_ws/install/drive_base_msgs:/home/rassito/microros_ws/install/actionlib_msgs:/home/rassito/microros_ws/install/statistics_msgs:/home/rassito/microros_ws/install/service_msgs:/home/rassito/microros_ws/install/rosidl_typesupport_microxrcedds_test_msg:/home/rassito/microros_ws/install/rosidl_typesupport_microxrcedds_cpp_tests:/home/rassito/microros_ws/install/rosidl_typesupport_microxrcedds_c_tests:/home/rassito/microros_ws/install/rosgraph_msgs:/home/rassito/microros_ws/install/composition_interfaces:/home/rassito/microros_ws/install/micro_ros_setup:/home/rassito/microros_ws/install/micro_ros_agent:/home/rassito/microros_ws/install/lifecycle_msgs:/opt/ros/jazzy/opt/sdformat_vendor:/opt/ros/jazzy/opt/gz_math_vendor:/opt/ros/jazzy/opt/gz_utils_vendor:/opt/ros/jazzy/opt/gz_tools_vendor:/opt/ros/jazzy/opt/gz_cmake_vendor:/home/rassito/microros_ws/install/sensor_msgs_py:/home/rassito/ros_ws/install/super_pkg:/opt/ros/jazzy DEBUGINFOD_URLS=https://debuginfod.ubuntu.com LD_LIBRARY_PATH=/home/rassito/microros_ws/install/visualization_msgs/lib:/home/rassito/microros_ws/install/sensor_msgs/lib:/home/rassito/microros_ws/install/rmw_microxrcedds/lib:/home/rassito/microros_ws/install/rclc_parameter/lib:/home/rassito/microros_ws/install/rosidl_typesupport_microxrcedds_cpp/lib:/home/rassito/microros_ws/install/rclc/lib:/home/rassito/microros_ws/install/geometry_msgs/lib:/home/rassito/microros_ws/install/test_msgs/lib:/home/rassito/microros_ws/install/std_msgs/lib:/home/rassito/microros_ws/install/rosidl_typesupport_microxrcedds_c/lib:/home/rassito/microros_ws/install/rcl_interfaces/lib:/home/rassito/microros_ws/install/microxrcedds_client/lib:/home/rassito/microros_ws/install/complex_msgs/lib:/home/rassito/microros_ws/install/microcdr/lib:/home/rassito/microros_ws/install/micro_ros_utilities/lib:/home/rassito/microros_ws/install/micro_ros_msgs/lib:/home/rassito/microros_ws/install/example_interfaces/lib:/home/rassito/microros_ws/install/builtin_interfaces/lib:/home/rassito/microros_ws/install/action_msgs/lib:/home/rassito/microros_ws/install/unique_identifier_msgs/lib:/home/rassito/microros_ws/install/type_description_interfaces/lib:/home/rassito/microros_ws/install/trajectory_msgs/lib:/home/rassito/microros_ws/install/stereo_msgs/lib:/home/rassito/microros_ws/install/std_srvs/lib:/home/rassito/microros_ws/install/shape_msgs/lib:/home/rassito/microros_ws/install/nav_msgs/lib:/home/rassito/microros_ws/install/diagnostic_msgs/lib:/home/rassito/microros_ws/install/drive_base_msgs/lib:/home/rassito/microros_ws/install/actionlib_msgs/lib:/home/rassito/microros_ws/install/statistics_msgs/lib:/home/rassito/microros_ws/install/service_msgs/lib:/home/rassito/microros_ws/install/rosgraph_msgs/lib:/home/rassito/microros_ws/install/composition_interfaces/lib:/home/rassito/microros_ws/install/micro_ros_agent/lib:/home/rassito/microros_ws/install/lifecycle_msgs/lib:/opt/ros/jazzy/opt/sdformat_vendor/lib:/opt/ros/jazzy/opt/rviz_ogre_vendor/lib:/opt/ros/jazzy/lib/x86_64-linux-gnu:/opt/ros/jazzy/opt/gz_math_vendor/lib:/opt/ros/jazzy/opt/gz_utils_vendor/lib:/opt/ros/jazzy/opt/gz_tools_vendor/lib:/opt/ros/jazzy/opt/gz_cmake_vendor/lib:/opt/ros/jazzy/lib PYTHONPATH=/home/rassito/microros_ws/install/visualization_msgs/lib/python3.12/site-packages:/home/rassito/microros_ws/install/sensor_msgs/lib/python3.12/site-packages:/home/rassito/microros_ws/install/rosidl_typesupport_microxrcedds_cpp/lib/python3.12/site-packages:/home/rassito/microros_ws/install/geometry_msgs/lib/python3.12/site-packages:/home/rassito/microros_ws/install/test_msgs/lib/python3.12/site-packages:/home/rassito/microros_ws/install/std_msgs/lib/python3.12/site-packages:/home/rassito/microros_ws/install/rosidl_typesupport_microxrcedds_c/lib/python3.12/site-packages:/home/rassito/microros_ws/install/rcl_interfaces/lib/python3.12/site-packages:/home/rassito/microros_ws/install/complex_msgs/lib/python3.12/site-packages:/home/rassito/microros_ws/install/micro_ros_msgs/lib/python3.12/site-packages:/home/rassito/microros_ws/install/example_interfaces/lib/python3.12/site-packages:/home/rassito/microros_ws/install/builtin_interfaces/lib/python3.12/site-packages:/home/rassito/microros_ws/install/action_msgs/lib/python3.12/site-packages:/home/rassito/microros_ws/install/unique_identifier_msgs/lib/python3.12/site-packages:/home/rassito/microros_ws/install/type_description_interfaces/lib/python3.12/site-packages:/home/rassito/microros_ws/install/trajectory_msgs/lib/python3.12/site-packages:/home/rassito/microros_ws/install/stereo_msgs/lib/python3.12/site-packages:/home/rassito/microros_ws/install/std_srvs/lib/python3.12/site-packages:/home/rassito/microros_ws/install/shape_msgs/lib/python3.12/site-packages:/home/rassito/microros_ws/install/sensor_msgs_py/lib/python3.12/site-packages:/home/rassito/microros_ws/install/nav_msgs/lib/python3.12/site-packages:/home/rassito/microros_ws/install/diagnostic_msgs/lib/python3.12/site-packages:/home/rassito/microros_ws/install/drive_base_msgs/lib/python3.12/site-packages:/home/rassito/microros_ws/install/actionlib_msgs/lib/python3.12/site-packages:/home/rassito/microros_ws/install/statistics_msgs/lib/python3.12/site-packages:/home/rassito/microros_ws/install/service_msgs/lib/python3.12/site-packages:/home/rassito/microros_ws/install/rosgraph_msgs/lib/python3.12/site-packages:/home/rassito/microros_ws/install/composition_interfaces/lib/python3.12/site-packages:/home/rassito/microros_ws/install/lifecycle_msgs/lib/python3.12/site-packages:/home/rassito/ros_ws/build/super_pkg:/home/rassito/ros_ws/install/super_pkg/lib/python3.12/site-packages:/opt/ros/jazzy/lib/python3.12/site-packages /usr/bin/cmake /home/rassito/microros_ws/src/uros/micro-ROS-demos/rclc -DBUILD_TESTING=OFF -DBUILD_SHARED_LIBS=ON -DCMAKE_INSTALL_PREFIX=/home/rassito/microros_ws/install/micro_ros_demos_rclc
[0.926s] Invoking command in '/home/rassito/microros_ws/build/micro_ros_demos_rclc': CMAKE_PREFIX_PATH=/home/rassito/microros_ws/install/visualization_msgs:/home/rassito/microros_ws/install/sensor_msgs:/home/rassito/microros_ws/install/rmw_microxrcedds:/home/rassito/microros_ws/install/rclc_parameter:/home/rassito/microros_ws/install/rosidl_typesupport_microxrcedds_cpp:/home/rassito/microros_ws/install/rclc:/home/rassito/microros_ws/install/geometry_msgs:/home/rassito/microros_ws/install/test_msgs:/home/rassito/microros_ws/install/std_msgs:/home/rassito/microros_ws/install/rosidl_typesupport_microxrcedds_c:/home/rassito/microros_ws/install/rcl_interfaces:/home/rassito/microros_ws/install/microxrcedds_client:/home/rassito/microros_ws/install/complex_msgs:/home/rassito/microros_ws/install/test_interface_files:/home/rassito/microros_ws/install/microcdr:/home/rassito/microros_ws/install/micro_ros_utilities:/home/rassito/microros_ws/install/micro_ros_msgs:/home/rassito/microros_ws/install/example_interfaces:/home/rassito/microros_ws/install/builtin_interfaces:/home/rassito/microros_ws/install/micro_ros_demos_rclc:/home/rassito/microros_ws/install/common_interfaces:/home/rassito/microros_ws/install/action_msgs:/home/rassito/microros_ws/install/unique_identifier_msgs:/home/rassito/microros_ws/install/type_description_interfaces:/home/rassito/microros_ws/install/trajectory_msgs:/home/rassito/microros_ws/install/stereo_msgs:/home/rassito/microros_ws/install/std_srvs:/home/rassito/microros_ws/install/shape_msgs:/home/rassito/microros_ws/install/nav_msgs:/home/rassito/microros_ws/install/diagnostic_msgs:/home/rassito/microros_ws/install/drive_base_msgs:/home/rassito/microros_ws/install/actionlib_msgs:/home/rassito/microros_ws/install/statistics_msgs:/home/rassito/microros_ws/install/service_msgs:/home/rassito/microros_ws/install/rosidl_typesupport_microxrcedds_test_msg:/home/rassito/microros_ws/install/rosidl_typesupport_microxrcedds_cpp_tests:/home/rassito/microros_ws/install/rosidl_typesupport_microxrcedds_c_tests:/home/rassito/microros_ws/install/rosgraph_msgs:/home/rassito/microros_ws/install/composition_interfaces:/home/rassito/microros_ws/install/micro_ros_setup:/home/rassito/microros_ws/install/micro_ros_agent:/home/rassito/microros_ws/install/lifecycle_msgs:/opt/ros/jazzy/opt/sdformat_vendor:/opt/ros/jazzy/opt/gz_math_vendor:/opt/ros/jazzy/opt/gz_utils_vendor:/opt/ros/jazzy/opt/gz_tools_vendor:/opt/ros/jazzy/opt/gz_cmake_vendor:/home/rassito/microros_ws/install/sensor_msgs_py:/home/rassito/ros_ws/install/super_pkg:/opt/ros/jazzy DEBUGINFOD_URLS=https://debuginfod.ubuntu.com LD_LIBRARY_PATH=/home/rassito/microros_ws/install/visualization_msgs/lib:/home/rassito/microros_ws/install/sensor_msgs/lib:/home/rassito/microros_ws/install/rmw_microxrcedds/lib:/home/rassito/microros_ws/install/rclc_parameter/lib:/home/rassito/microros_ws/install/rosidl_typesupport_microxrcedds_cpp/lib:/home/rassito/microros_ws/install/rclc/lib:/home/rassito/microros_ws/install/geometry_msgs/lib:/home/rassito/microros_ws/install/test_msgs/lib:/home/rassito/microros_ws/install/std_msgs/lib:/home/rassito/microros_ws/install/rosidl_typesupport_microxrcedds_c/lib:/home/rassito/microros_ws/install/rcl_interfaces/lib:/home/rassito/microros_ws/install/microxrcedds_client/lib:/home/rassito/microros_ws/install/complex_msgs/lib:/home/rassito/microros_ws/install/microcdr/lib:/home/rassito/microros_ws/install/micro_ros_utilities/lib:/home/rassito/microros_ws/install/micro_ros_msgs/lib:/home/rassito/microros_ws/install/example_interfaces/lib:/home/rassito/microros_ws/install/builtin_interfaces/lib:/home/rassito/microros_ws/install/action_msgs/lib:/home/rassito/microros_ws/install/unique_identifier_msgs/lib:/home/rassito/microros_ws/install/type_description_interfaces/lib:/home/rassito/microros_ws/install/trajectory_msgs/lib:/home/rassito/microros_ws/install/stereo_msgs/lib:/home/rassito/microros_ws/install/std_srvs/lib:/home/rassito/microros_ws/install/shape_msgs/lib:/home/rassito/microros_ws/install/nav_msgs/lib:/home/rassito/microros_ws/install/diagnostic_msgs/lib:/home/rassito/microros_ws/install/drive_base_msgs/lib:/home/rassito/microros_ws/install/actionlib_msgs/lib:/home/rassito/microros_ws/install/statistics_msgs/lib:/home/rassito/microros_ws/install/service_msgs/lib:/home/rassito/microros_ws/install/rosgraph_msgs/lib:/home/rassito/microros_ws/install/composition_interfaces/lib:/home/rassito/microros_ws/install/micro_ros_agent/lib:/home/rassito/microros_ws/install/lifecycle_msgs/lib:/opt/ros/jazzy/opt/sdformat_vendor/lib:/opt/ros/jazzy/opt/rviz_ogre_vendor/lib:/opt/ros/jazzy/lib/x86_64-linux-gnu:/opt/ros/jazzy/opt/gz_math_vendor/lib:/opt/ros/jazzy/opt/gz_utils_vendor/lib:/opt/ros/jazzy/opt/gz_tools_vendor/lib:/opt/ros/jazzy/opt/gz_cmake_vendor/lib:/opt/ros/jazzy/lib PYTHONPATH=/home/rassito/microros_ws/install/visualization_msgs/lib/python3.12/site-packages:/home/rassito/microros_ws/install/sensor_msgs/lib/python3.12/site-packages:/home/rassito/microros_ws/install/rosidl_typesupport_microxrcedds_cpp/lib/python3.12/site-packages:/home/rassito/microros_ws/install/geometry_msgs/lib/python3.12/site-packages:/home/rassito/microros_ws/install/test_msgs/lib/python3.12/site-packages:/home/rassito/microros_ws/install/std_msgs/lib/python3.12/site-packages:/home/rassito/microros_ws/install/rosidl_typesupport_microxrcedds_c/lib/python3.12/site-packages:/home/rassito/microros_ws/install/rcl_interfaces/lib/python3.12/site-packages:/home/rassito/microros_ws/install/complex_msgs/lib/python3.12/site-packages:/home/rassito/microros_ws/install/micro_ros_msgs/lib/python3.12/site-packages:/home/rassito/microros_ws/install/example_interfaces/lib/python3.12/site-packages:/home/rassito/microros_ws/install/builtin_interfaces/lib/python3.12/site-packages:/home/rassito/microros_ws/install/action_msgs/lib/python3.12/site-packages:/home/rassito/microros_ws/install/unique_identifier_msgs/lib/python3.12/site-packages:/home/rassito/microros_ws/install/type_description_interfaces/lib/python3.12/site-packages:/home/rassito/microros_ws/install/trajectory_msgs/lib/python3.12/site-packages:/home/rassito/microros_ws/install/stereo_msgs/lib/python3.12/site-packages:/home/rassito/microros_ws/install/std_srvs/lib/python3.12/site-packages:/home/rassito/microros_ws/install/shape_msgs/lib/python3.12/site-packages:/home/rassito/microros_ws/install/sensor_msgs_py/lib/python3.12/site-packages:/home/rassito/microros_ws/install/nav_msgs/lib/python3.12/site-packages:/home/rassito/microros_ws/install/diagnostic_msgs/lib/python3.12/site-packages:/home/rassito/microros_ws/install/drive_base_msgs/lib/python3.12/site-packages:/home/rassito/microros_ws/install/actionlib_msgs/lib/python3.12/site-packages:/home/rassito/microros_ws/install/statistics_msgs/lib/python3.12/site-packages:/home/rassito/microros_ws/install/service_msgs/lib/python3.12/site-packages:/home/rassito/microros_ws/install/rosgraph_msgs/lib/python3.12/site-packages:/home/rassito/microros_ws/install/composition_interfaces/lib/python3.12/site-packages:/home/rassito/microros_ws/install/lifecycle_msgs/lib/python3.12/site-packages:/home/rassito/ros_ws/build/super_pkg:/home/rassito/ros_ws/install/super_pkg/lib/python3.12/site-packages:/opt/ros/jazzy/lib/python3.12/site-packages /usr/bin/cmake --build /home/rassito/microros_ws/build/micro_ros_demos_rclc -- -j16 -l16
[1.085s] [  1%] [34m[1mPerforming build step for 'graph_visualizer'[0m
[1.086s] [  2%] [34m[1mPerforming build step for 'int32_subscriber'[0m
[1.086s] [  2%] [34m[1mPerforming build step for 'addtwoints_server'[0m
[1.086s] [  2%] [34m[1mPerforming build step for 'int32_publisher'[0m
[1.086s] [  3%] [34m[1mPerforming build step for 'configured_publisher'[0m
[1.086s] [  3%] [34m[1mPerforming build step for 'publisher_count'[0m
[1.086s] [  3%] [34m[1mPerforming build step for 'subscription_count'[0m
[1.086s] [  4%] [34m[1mPerforming build step for 'configured_subscriber'[0m
[1.086s] [  4%] [34m[1mPerforming build step for 'addtwoints_client'[0m
[1.087s] [  5%] [34m[1mPerforming build step for 'fibonacci_action_server'[0m
[1.087s] [  5%] [34m[1mPerforming build step for 'fibonacci_action_client'[0m
[1.087s] [  6%] [34m[1mPerforming build step for 'int32_multinode'[0m
[1.088s] [  6%] [34m[1mPerforming build step for 'int32_publisher_subscriber'[0m
[1.088s] [  6%] [34m[1mPerforming build step for 'fragmented_publication'[0m
[1.088s] [  7%] [34m[1mPerforming build step for 'ping_uros_agent'[0m
[1.089s] [  8%] [34m[1mPerforming build step for 'ping_pong'[0m
[1.159s] [100%] Built target int32_subscriber
[1.159s] [100%] Built target int32_publisher_subscriber
[1.159s] [100%] Built target graph_visualizer
[1.159s] [100%] Built target configured_subscriber
[1.159s] [100%] Built target publisher_count
[1.160s] [100%] Built target addtwoints_server
[1.160s] [100%] Built target subscription_count
[1.160s] [100%] Built target addtwoints_client
[1.160s] [100%] Built target int32_publisher
[1.160s] [100%] Built target ping_pong
[1.160s] [100%] Built target fibonacci_action_server
[1.160s] [100%] Built target configured_publisher
[1.160s] [100%] Built target ping_uros_agent
[1.162s] [100%] Built target fibonacci_action_client
[1.162s] [100%] Built target int32_multinode
[1.162s] [100%] Built target fragmented_publication
[1.186s] [  8%] [34m[1mPerforming install step for 'configured_subscriber'[0m
[1.186s] [  9%] [34m[1mPerforming install step for 'publisher_count'[0m
[1.186s] [ 11%] [34m[1mPerforming install step for 'addtwoints_server'[0m
[1.186s] [ 11%] [34m[1mPerforming install step for 'addtwoints_client'[0m
[1.186s] [ 11%] [34m[1mPerforming install step for 'int32_publisher_subscriber'[0m
[1.186s] [ 11%] [34m[1mPerforming install step for 'fibonacci_action_server'[0m
[1.186s] [ 11%] [34m[1mPerforming install step for 'int32_subscriber'[0m
[1.186s] [ 11%] [34m[1mPerforming install step for 'fibonacci_action_client'[0m
[1.187s] [ 11%] [34m[1mPerforming install step for 'ping_pong'[0m
[1.187s] [ 11%] [34m[1mPerforming install step for 'configured_publisher'[0m
[1.187s] [ 11%] [34m[1mPerforming install step for 'graph_visualizer'[0m
[1.187s] [ 12%] [34m[1mPerforming install step for 'fragmented_publication'[0m
[1.187s] [ 13%] [34m[1mPerforming install step for 'int32_publisher'[0m
[1.187s] [ 13%] [34m[1mPerforming install step for 'subscription_count'[0m
[1.187s] [ 14%] [34m[1mPerforming install step for 'ping_uros_agent'[0m
[1.188s] [ 14%] [34m[1mPerforming install step for 'int32_multinode'[0m
[1.259s] [100%] Built target graph_visualizer
[1.259s] [100%] Built target int32_multinode
[1.259s] [100%] Built target int32_publisher
[1.259s] [100%] Built target ping_uros_agent
[1.259s] [100%] Built target fibonacci_action_client
[1.259s] [100%] Built target subscription_count
[1.260s] [100%] Built target ping_pong
[1.260s] [100%] Built target fibonacci_action_server
[1.260s] [100%] Built target addtwoints_server
[1.260s] [100%] Built target configured_subscriber
[1.260s] [100%] Built target publisher_count
[1.260s] [100%] Built target configured_publisher
[1.261s] [100%] Built target addtwoints_client
[1.261s] [100%] Built target int32_publisher_subscriber
[1.261s] [100%] Built target int32_subscriber
[1.262s] [100%] Built target fragmented_publication
[1.290s] [36mInstall the project...[0m
[1.290s] [36mInstall the project...[0m
[1.290s] [36mInstall the project...[0m
[1.290s] [36mInstall the project...[0m
[1.290s] [36mInstall the project...[0m
[1.290s] [36mInstall the project...[0m
[1.290s] [36mInstall the project...[0m
[1.290s] [36mInstall the project...[0m
[1.291s] [36mInstall the project...[0m
[1.291s] [36mInstall the project...[0m
[1.291s] [36mInstall the project...[0m
[1.291s] [36mInstall the project...[0m
[1.291s] [36mInstall the project...[0m
[1.291s] [36mInstall the project...[0m
[1.291s] [36mInstall the project...[0m
[1.291s] [36mInstall the project...[0m
[1.303s] -- Install configuration: ""
[1.304s] -- Install configuration: ""
[1.304s] -- Install configuration: ""
[1.304s] -- Install configuration: ""
[1.304s] -- Install configuration: ""
[1.304s] -- Install configuration: ""
[1.304s] -- Install configuration: ""
[1.304s] -- Install configuration: ""
[1.304s] -- Up-to-date: /home/rassito/microros_ws/build/micro_ros_demos_rclc/temp_install/subscription_count/subscription_count
[1.305s] -- Up-to-date: /home/rassito/microros_ws/build/micro_ros_demos_rclc/temp_install/int32_publisher_subscriber/int32_publisher_subscriber
[1.305s] -- Up-to-date: /home/rassito/microros_ws/build/micro_ros_demos_rclc/temp_install/fragmented_publication/fragmented_publication
[1.305s] -- Up-to-date: /home/rassito/microros_ws/build/micro_ros_demos_rclc/temp_install/graph_visualizer/graph_visualizer
[1.305s] -- Up-to-date: /home/rassito/microros_ws/build/micro_ros_demos_rclc/temp_install/int32_multinode/int32_multinode
[1.305s] -- Up-to-date: /home/rassito/microros_ws/build/micro_ros_demos_rclc/temp_install/ping_uros_agent/ping_uros_agent
[1.305s] -- Install configuration: ""
[1.305s] -- Install configuration: ""
[1.305s] -- Up-to-date: /home/rassito/microros_ws/build/micro_ros_demos_rclc/temp_install/addtwoints_server/addtwoints_server
[1.305s] -- Up-to-date: /home/rassito/microros_ws/build/micro_ros_demos_rclc/temp_install/fibonacci_action_client/fibonacci_action_client
[1.305s] -- Install configuration: ""
[1.306s] -- Up-to-date: /home/rassito/microros_ws/build/micro_ros_demos_rclc/temp_install/ping_pong/ping_pong
[1.306s] -- Up-to-date: /home/rassito/microros_ws/build/micro_ros_demos_rclc/temp_install/fibonacci_action_server/fibonacci_action_server
[1.306s] -- Up-to-date: /home/rassito/microros_ws/build/micro_ros_demos_rclc/temp_install/publisher_count/publisher_count
[1.306s] -- Install configuration: ""
[1.306s] -- Install configuration: ""
[1.306s] -- Install configuration: ""
[1.306s] -- Up-to-date: /home/rassito/microros_ws/build/micro_ros_demos_rclc/temp_install/configured_subscriber/configured_subscriber
[1.306s] -- Up-to-date: /home/rassito/microros_ws/build/micro_ros_demos_rclc/temp_install/addtwoints_client/addtwoints_client
[1.307s] -- Up-to-date: /home/rassito/microros_ws/build/micro_ros_demos_rclc/temp_install/configured_publisher/configured_publisher
[1.307s] -- Install configuration: ""
[1.307s] -- Up-to-date: /home/rassito/microros_ws/build/micro_ros_demos_rclc/temp_install/int32_publisher/int32_publisher
[1.307s] -- Install configuration: ""
[1.307s] -- Up-to-date: /home/rassito/microros_ws/build/micro_ros_demos_rclc/temp_install/int32_subscriber/int32_subscriber
[1.318s] [ 14%] [34m[1mCompleted 'ping_pong'[0m
[1.320s] [ 17%] [34m[1mCompleted 'subscription_count'[0m
[1.320s] [ 17%] [34m[1mCompleted 'fibonacci_action_client'[0m
[1.320s] [ 17%] [34m[1mCompleted 'ping_uros_agent'[0m
[1.320s] [ 17%] [34m[1mCompleted 'addtwoints_server'[0m
[1.320s] [ 17%] [34m[1mCompleted 'fragmented_publication'[0m
[1.320s] [ 18%] [34m[1mCompleted 'int32_publisher_subscriber'[0m
[1.321s] [ 18%] [34m[1mCompleted 'fibonacci_action_server'[0m
[1.321s] [ 18%] [34m[1mCompleted 'configured_subscriber'[0m
[1.321s] [ 19%] [34m[1mCompleted 'int32_publisher'[0m
[1.321s] [ 19%] [34m[1mCompleted 'graph_visualizer'[0m
[1.321s] [ 19%] [34m[1mCompleted 'addtwoints_client'[0m
[1.321s] [ 19%] [34m[1mCompleted 'int32_subscriber'[0m
[1.321s] [ 20%] [34m[1mCompleted 'int32_multinode'[0m
[1.321s] [ 20%] [34m[1mCompleted 'publisher_count'[0m
[1.322s] [ 20%] [34m[1mCompleted 'configured_publisher'[0m
[1.372s] [ 35%] Built target configured_publisher
[1.372s] [ 37%] Built target graph_visualizer
[1.372s] [ 39%] Built target addtwoints_server
[1.374s] [ 37%] Built target fibonacci_action_client
[1.374s] [ 37%] Built target subscription_count
[1.374s] [ 41%] Built target configured_subscriber
[1.374s] [ 49%] Built target publisher_count
[1.374s] [ 49%] Built target addtwoints_client
[1.374s] [ 49%] Built target int32_publisher
[1.374s] [ 49%] Built target int32_publisher_subscriber
[1.374s] [ 52%] Built target ping_pong
[1.374s] [ 54%] Built target int32_multinode
[1.374s] [ 56%] Built target fragmented_publication
[1.374s] [ 49%] Built target fibonacci_action_server
[1.375s] [ 57%] Built target int32_subscriber
[1.375s] [ 58%] Built target ping_uros_agent
[1.396s] [ 58%] [34m[1mPerforming build step for 'epoch_synchronization'[0m
[1.396s] [ 59%] [34m[1mPerforming build step for 'string_publisher'[0m
[1.397s] [ 59%] [34m[1mPerforming build step for 'multithread_publisher_subscriber'[0m
[1.397s] [ 59%] [34m[1mPerforming build step for 'fragmented_subscription'[0m
[1.397s] [ 60%] [34m[1mPerforming build step for 'complex_msg_publisher'[0m
[1.399s] [ 60%] [34m[1mPerforming build step for 'string_subscriber'[0m
[1.400s] [ 60%] [34m[1mPerforming build step for 'complex_msg_subscriber'[0m
[1.403s] [ 61%] [34m[1mPerforming build step for 'timer'[0m
[1.403s] [ 62%] [34m[1mPerforming build step for 'static_type_handling'[0m
[1.403s] [ 62%] [34m[1mPerforming build step for 'parameter_server'[0m
[1.403s] [ 63%] [34m[1mPerforming build step for 'autodiscover_agent'[0m
[1.446s] [100%] Built target string_publisher
[1.449s] [100%] Built target epoch_synchronization
[1.453s] [100%] Built target multithread_publisher_subscriber
[1.454s] [100%] Built target complex_msg_subscriber
[1.455s] [100%] Built target string_subscriber
[1.458s] [100%] Built target autodiscover_agent
[1.459s] [100%] Built target fragmented_subscription
[1.460s] [100%] Built target parameter_server
[1.462s] [100%] Built target complex_msg_publisher
[1.463s] [100%] Built target timer
[1.464s] [100%] Built target static_type_handling
[1.465s] [ 63%] [34m[1mPerforming install step for 'string_publisher'[0m
[1.473s] [ 64%] [34m[1mPerforming install step for 'epoch_synchronization'[0m
[1.474s] [ 65%] [34m[1mPerforming install step for 'multithread_publisher_subscriber'[0m
[1.479s] [ 65%] [34m[1mPerforming install step for 'parameter_server'[0m
[1.479s] [ 66%] [34m[1mPerforming install step for 'complex_msg_subscriber'[0m
[1.479s] [ 67%] [34m[1mPerforming install step for 'string_subscriber'[0m
[1.481s] [ 67%] [34m[1mPerforming install step for 'autodiscover_agent'[0m
[1.482s] [ 67%] [34m[1mPerforming install step for 'timer'[0m
[1.483s] [ 68%] [34m[1mPerforming install step for 'fragmented_subscription'[0m
[1.486s] [ 69%] [34m[1mPerforming install step for 'complex_msg_publisher'[0m
[1.489s] [ 69%] [34m[1mPerforming install step for 'static_type_handling'[0m
[1.515s] [100%] Built target string_publisher
[1.527s] [100%] Built target epoch_synchronization
[1.535s] [100%] Built target multithread_publisher_subscriber
[1.536s] [100%] Built target parameter_server
[1.537s] [100%] Built target timer
[1.537s] [100%] Built target static_type_handling
[1.537s] [100%] Built target complex_msg_subscriber
[1.538s] [36mInstall the project...[0m
[1.539s] [100%] Built target fragmented_subscription
[1.542s] [100%] Built target autodiscover_agent
[1.543s] [100%] Built target string_subscriber
[1.547s] [100%] Built target complex_msg_publisher
[1.549s] [36mInstall the project...[0m
[1.551s] -- Install configuration: ""
[1.552s] -- Up-to-date: /home/rassito/microros_ws/build/micro_ros_demos_rclc/temp_install/string_publisher/string_publisher
[1.557s] [36mInstall the project...[0m
[1.558s] [36mInstall the project...[0m
[1.558s] [36mInstall the project...[0m
[1.560s] -- Install configuration: ""
[1.560s] [36mInstall the project...[0m
[1.560s] [36mInstall the project...[0m
[1.561s] -- Up-to-date: /home/rassito/microros_ws/build/micro_ros_demos_rclc/temp_install/epoch_synchronization/epoch_synchronization
[1.564s] [36mInstall the project...[0m
[1.564s] [36mInstall the project...[0m
[1.565s] [ 69%] [34m[1mCompleted 'string_publisher'[0m
[1.567s] [36mInstall the project...[0m
[1.568s] -- Install configuration: ""
[1.568s] -- Up-to-date: /home/rassito/microros_ws/build/micro_ros_demos_rclc/temp_install/multithread_publisher_subscriber/multithread_publisher_subscriber
[1.568s] -- Install configuration: ""
[1.568s] -- Up-to-date: /home/rassito/microros_ws/build/micro_ros_demos_rclc/temp_install/timer/timer
[1.570s] -- Install configuration: ""
[1.570s] -- Up-to-date: /home/rassito/microros_ws/build/micro_ros_demos_rclc/temp_install/parameter_server/parameter_server
[1.572s] -- Install configuration: ""
[1.572s] -- Up-to-date: /home/rassito/microros_ws/build/micro_ros_demos_rclc/temp_install/complex_msg_subscriber/complex_msg_subscriber
[1.573s] -- Install configuration: ""
[1.573s] -- Up-to-date: /home/rassito/microros_ws/build/micro_ros_demos_rclc/temp_install/static_type_handling/static_type_handling
[1.574s] -- Install configuration: ""
[1.574s] -- Up-to-date: /home/rassito/microros_ws/build/micro_ros_demos_rclc/temp_install/autodiscover_agent/autodiscover_agent
[1.575s] [36mInstall the project...[0m
[1.575s] [ 70%] [34m[1mCompleted 'epoch_synchronization'[0m
[1.576s] -- Install configuration: ""
[1.576s] -- Up-to-date: /home/rassito/microros_ws/build/micro_ros_demos_rclc/temp_install/fragmented_subscription/fragmented_subscription
[1.577s] -- Install configuration: ""
[1.577s] -- Up-to-date: /home/rassito/microros_ws/build/micro_ros_demos_rclc/temp_install/string_subscriber/string_subscriber
[1.579s] [ 71%] [34m[1mCompleted 'multithread_publisher_subscriber'[0m
[1.580s] [ 71%] [34m[1mCompleted 'timer'[0m
[1.583s] [ 72%] [34m[1mCompleted 'parameter_server'[0m
[1.584s] [ 73%] [34m[1mCompleted 'complex_msg_subscriber'[0m
[1.585s] -- Install configuration: ""
[1.585s] -- Up-to-date: /home/rassito/microros_ws/build/micro_ros_demos_rclc/temp_install/complex_msg_publisher/complex_msg_publisher
[1.586s] [ 73%] [34m[1mCompleted 'static_type_handling'[0m
[1.587s] [ 74%] [34m[1mCompleted 'string_subscriber'[0m
[1.588s] [ 75%] [34m[1mCompleted 'fragmented_subscription'[0m
[1.588s] [ 75%] [34m[1mCompleted 'autodiscover_agent'[0m
[1.595s] [ 75%] [34m[1mCompleted 'complex_msg_publisher'[0m
[1.614s] [ 77%] Built target string_publisher
[1.621s] [ 79%] Built target multithread_publisher_subscriber
[1.622s] [ 82%] Built target epoch_synchronization
[1.622s] [ 84%] Built target timer
[1.623s] [ 87%] Built target parameter_server
[1.623s] [ 89%] Built target complex_msg_subscriber
[1.626s] [ 91%] Built target fragmented_subscription
[1.629s] [ 95%] Built target static_type_handling
[1.630s] [ 96%] Built target string_subscriber
[1.630s] [ 99%] Built target autodiscover_agent
[1.633s] [100%] Built target complex_msg_publisher
[1.646s] Invoked command in '/home/rassito/microros_ws/build/micro_ros_demos_rclc' returned '0': CMAKE_PREFIX_PATH=/home/rassito/microros_ws/install/visualization_msgs:/home/rassito/microros_ws/install/sensor_msgs:/home/rassito/microros_ws/install/rmw_microxrcedds:/home/rassito/microros_ws/install/rclc_parameter:/home/rassito/microros_ws/install/rosidl_typesupport_microxrcedds_cpp:/home/rassito/microros_ws/install/rclc:/home/rassito/microros_ws/install/geometry_msgs:/home/rassito/microros_ws/install/test_msgs:/home/rassito/microros_ws/install/std_msgs:/home/rassito/microros_ws/install/rosidl_typesupport_microxrcedds_c:/home/rassito/microros_ws/install/rcl_interfaces:/home/rassito/microros_ws/install/microxrcedds_client:/home/rassito/microros_ws/install/complex_msgs:/home/rassito/microros_ws/install/test_interface_files:/home/rassito/microros_ws/install/microcdr:/home/rassito/microros_ws/install/micro_ros_utilities:/home/rassito/microros_ws/install/micro_ros_msgs:/home/rassito/microros_ws/install/example_interfaces:/home/rassito/microros_ws/install/builtin_interfaces:/home/rassito/microros_ws/install/micro_ros_demos_rclc:/home/rassito/microros_ws/install/common_interfaces:/home/rassito/microros_ws/install/action_msgs:/home/rassito/microros_ws/install/unique_identifier_msgs:/home/rassito/microros_ws/install/type_description_interfaces:/home/rassito/microros_ws/install/trajectory_msgs:/home/rassito/microros_ws/install/stereo_msgs:/home/rassito/microros_ws/install/std_srvs:/home/rassito/microros_ws/install/shape_msgs:/home/rassito/microros_ws/install/nav_msgs:/home/rassito/microros_ws/install/diagnostic_msgs:/home/rassito/microros_ws/install/drive_base_msgs:/home/rassito/microros_ws/install/actionlib_msgs:/home/rassito/microros_ws/install/statistics_msgs:/home/rassito/microros_ws/install/service_msgs:/home/rassito/microros_ws/install/rosidl_typesupport_microxrcedds_test_msg:/home/rassito/microros_ws/install/rosidl_typesupport_microxrcedds_cpp_tests:/home/rassito/microros_ws/install/rosidl_typesupport_microxrcedds_c_tests:/home/rassito/microros_ws/install/rosgraph_msgs:/home/rassito/microros_ws/install/composition_interfaces:/home/rassito/microros_ws/install/micro_ros_setup:/home/rassito/microros_ws/install/micro_ros_agent:/home/rassito/microros_ws/install/lifecycle_msgs:/opt/ros/jazzy/opt/sdformat_vendor:/opt/ros/jazzy/opt/gz_math_vendor:/opt/ros/jazzy/opt/gz_utils_vendor:/opt/ros/jazzy/opt/gz_tools_vendor:/opt/ros/jazzy/opt/gz_cmake_vendor:/home/rassito/microros_ws/install/sensor_msgs_py:/home/rassito/ros_ws/install/super_pkg:/opt/ros/jazzy DEBUGINFOD_URLS=https://debuginfod.ubuntu.com LD_LIBRARY_PATH=/home/rassito/microros_ws/install/visualization_msgs/lib:/home/rassito/microros_ws/install/sensor_msgs/lib:/home/rassito/microros_ws/install/rmw_microxrcedds/lib:/home/rassito/microros_ws/install/rclc_parameter/lib:/home/rassito/microros_ws/install/rosidl_typesupport_microxrcedds_cpp/lib:/home/rassito/microros_ws/install/rclc/lib:/home/rassito/microros_ws/install/geometry_msgs/lib:/home/rassito/microros_ws/install/test_msgs/lib:/home/rassito/microros_ws/install/std_msgs/lib:/home/rassito/microros_ws/install/rosidl_typesupport_microxrcedds_c/lib:/home/rassito/microros_ws/install/rcl_interfaces/lib:/home/rassito/microros_ws/install/microxrcedds_client/lib:/home/rassito/microros_ws/install/complex_msgs/lib:/home/rassito/microros_ws/install/microcdr/lib:/home/rassito/microros_ws/install/micro_ros_utilities/lib:/home/rassito/microros_ws/install/micro_ros_msgs/lib:/home/rassito/microros_ws/install/example_interfaces/lib:/home/rassito/microros_ws/install/builtin_interfaces/lib:/home/rassito/microros_ws/install/action_msgs/lib:/home/rassito/microros_ws/install/unique_identifier_msgs/lib:/home/rassito/microros_ws/install/type_description_interfaces/lib:/home/rassito/microros_ws/install/trajectory_msgs/lib:/home/rassito/microros_ws/install/stereo_msgs/lib:/home/rassito/microros_ws/install/std_srvs/lib:/home/rassito/microros_ws/install/shape_msgs/lib:/home/rassito/microros_ws/install/nav_msgs/lib:/home/rassito/microros_ws/install/diagnostic_msgs/lib:/home/rassito/microros_ws/install/drive_base_msgs/lib:/home/rassito/microros_ws/install/actionlib_msgs/lib:/home/rassito/microros_ws/install/statistics_msgs/lib:/home/rassito/microros_ws/install/service_msgs/lib:/home/rassito/microros_ws/install/rosgraph_msgs/lib:/home/rassito/microros_ws/install/composition_interfaces/lib:/home/rassito/microros_ws/install/micro_ros_agent/lib:/home/rassito/microros_ws/install/lifecycle_msgs/lib:/opt/ros/jazzy/opt/sdformat_vendor/lib:/opt/ros/jazzy/opt/rviz_ogre_vendor/lib:/opt/ros/jazzy/lib/x86_64-linux-gnu:/opt/ros/jazzy/opt/gz_math_vendor/lib:/opt/ros/jazzy/opt/gz_utils_vendor/lib:/opt/ros/jazzy/opt/gz_tools_vendor/lib:/opt/ros/jazzy/opt/gz_cmake_vendor/lib:/opt/ros/jazzy/lib PYTHONPATH=/home/rassito/microros_ws/install/visualization_msgs/lib/python3.12/site-packages:/home/rassito/microros_ws/install/sensor_msgs/lib/python3.12/site-packages:/home/rassito/microros_ws/install/rosidl_typesupport_microxrcedds_cpp/lib/python3.12/site-packages:/home/rassito/microros_ws/install/geometry_msgs/lib/python3.12/site-packages:/home/rassito/microros_ws/install/test_msgs/lib/python3.12/site-packages:/home/rassito/microros_ws/install/std_msgs/lib/python3.12/site-packages:/home/rassito/microros_ws/install/rosidl_typesupport_microxrcedds_c/lib/python3.12/site-packages:/home/rassito/microros_ws/install/rcl_interfaces/lib/python3.12/site-packages:/home/rassito/microros_ws/install/complex_msgs/lib/python3.12/site-packages:/home/rassito/microros_ws/install/micro_ros_msgs/lib/python3.12/site-packages:/home/rassito/microros_ws/install/example_interfaces/lib/python3.12/site-packages:/home/rassito/microros_ws/install/builtin_interfaces/lib/python3.12/site-packages:/home/rassito/microros_ws/install/action_msgs/lib/python3.12/site-packages:/home/rassito/microros_ws/install/unique_identifier_msgs/lib/python3.12/site-packages:/home/rassito/microros_ws/install/type_description_interfaces/lib/python3.12/site-packages:/home/rassito/microros_ws/install/trajectory_msgs/lib/python3.12/site-packages:/home/rassito/microros_ws/install/stereo_msgs/lib/python3.12/site-packages:/home/rassito/microros_ws/install/std_srvs/lib/python3.12/site-packages:/home/rassito/microros_ws/install/shape_msgs/lib/python3.12/site-packages:/home/rassito/microros_ws/install/sensor_msgs_py/lib/python3.12/site-packages:/home/rassito/microros_ws/install/nav_msgs/lib/python3.12/site-packages:/home/rassito/microros_ws/install/diagnostic_msgs/lib/python3.12/site-packages:/home/rassito/microros_ws/install/drive_base_msgs/lib/python3.12/site-packages:/home/rassito/microros_ws/install/actionlib_msgs/lib/python3.12/site-packages:/home/rassito/microros_ws/install/statistics_msgs/lib/python3.12/site-packages:/home/rassito/microros_ws/install/service_msgs/lib/python3.12/site-packages:/home/rassito/microros_ws/install/rosgraph_msgs/lib/python3.12/site-packages:/home/rassito/microros_ws/install/composition_interfaces/lib/python3.12/site-packages:/home/rassito/microros_ws/install/lifecycle_msgs/lib/python3.12/site-packages:/home/rassito/ros_ws/build/super_pkg:/home/rassito/ros_ws/install/super_pkg/lib/python3.12/site-packages:/opt/ros/jazzy/lib/python3.12/site-packages /usr/bin/cmake --build /home/rassito/microros_ws/build/micro_ros_demos_rclc -- -j16 -l16
[1.647s] Invoking command in '/home/rassito/microros_ws/build/micro_ros_demos_rclc': CMAKE_PREFIX_PATH=/home/rassito/microros_ws/install/visualization_msgs:/home/rassito/microros_ws/install/sensor_msgs:/home/rassito/microros_ws/install/rmw_microxrcedds:/home/rassito/microros_ws/install/rclc_parameter:/home/rassito/microros_ws/install/rosidl_typesupport_microxrcedds_cpp:/home/rassito/microros_ws/install/rclc:/home/rassito/microros_ws/install/geometry_msgs:/home/rassito/microros_ws/install/test_msgs:/home/rassito/microros_ws/install/std_msgs:/home/rassito/microros_ws/install/rosidl_typesupport_microxrcedds_c:/home/rassito/microros_ws/install/rcl_interfaces:/home/rassito/microros_ws/install/microxrcedds_client:/home/rassito/microros_ws/install/complex_msgs:/home/rassito/microros_ws/install/test_interface_files:/home/rassito/microros_ws/install/microcdr:/home/rassito/microros_ws/install/micro_ros_utilities:/home/rassito/microros_ws/install/micro_ros_msgs:/home/rassito/microros_ws/install/example_interfaces:/home/rassito/microros_ws/install/builtin_interfaces:/home/rassito/microros_ws/install/micro_ros_demos_rclc:/home/rassito/microros_ws/install/common_interfaces:/home/rassito/microros_ws/install/action_msgs:/home/rassito/microros_ws/install/unique_identifier_msgs:/home/rassito/microros_ws/install/type_description_interfaces:/home/rassito/microros_ws/install/trajectory_msgs:/home/rassito/microros_ws/install/stereo_msgs:/home/rassito/microros_ws/install/std_srvs:/home/rassito/microros_ws/install/shape_msgs:/home/rassito/microros_ws/install/nav_msgs:/home/rassito/microros_ws/install/diagnostic_msgs:/home/rassito/microros_ws/install/drive_base_msgs:/home/rassito/microros_ws/install/actionlib_msgs:/home/rassito/microros_ws/install/statistics_msgs:/home/rassito/microros_ws/install/service_msgs:/home/rassito/microros_ws/install/rosidl_typesupport_microxrcedds_test_msg:/home/rassito/microros_ws/install/rosidl_typesupport_microxrcedds_cpp_tests:/home/rassito/microros_ws/install/rosidl_typesupport_microxrcedds_c_tests:/home/rassito/microros_ws/install/rosgraph_msgs:/home/rassito/microros_ws/install/composition_interfaces:/home/rassito/microros_ws/install/micro_ros_setup:/home/rassito/microros_ws/install/micro_ros_agent:/home/rassito/microros_ws/install/lifecycle_msgs:/opt/ros/jazzy/opt/sdformat_vendor:/opt/ros/jazzy/opt/gz_math_vendor:/opt/ros/jazzy/opt/gz_utils_vendor:/opt/ros/jazzy/opt/gz_tools_vendor:/opt/ros/jazzy/opt/gz_cmake_vendor:/home/rassito/microros_ws/install/sensor_msgs_py:/home/rassito/ros_ws/install/super_pkg:/opt/ros/jazzy DEBUGINFOD_URLS=https://debuginfod.ubuntu.com LD_LIBRARY_PATH=/home/rassito/microros_ws/install/visualization_msgs/lib:/home/rassito/microros_ws/install/sensor_msgs/lib:/home/rassito/microros_ws/install/rmw_microxrcedds/lib:/home/rassito/microros_ws/install/rclc_parameter/lib:/home/rassito/microros_ws/install/rosidl_typesupport_microxrcedds_cpp/lib:/home/rassito/microros_ws/install/rclc/lib:/home/rassito/microros_ws/install/geometry_msgs/lib:/home/rassito/microros_ws/install/test_msgs/lib:/home/rassito/microros_ws/install/std_msgs/lib:/home/rassito/microros_ws/install/rosidl_typesupport_microxrcedds_c/lib:/home/rassito/microros_ws/install/rcl_interfaces/lib:/home/rassito/microros_ws/install/microxrcedds_client/lib:/home/rassito/microros_ws/install/complex_msgs/lib:/home/rassito/microros_ws/install/microcdr/lib:/home/rassito/microros_ws/install/micro_ros_utilities/lib:/home/rassito/microros_ws/install/micro_ros_msgs/lib:/home/rassito/microros_ws/install/example_interfaces/lib:/home/rassito/microros_ws/install/builtin_interfaces/lib:/home/rassito/microros_ws/install/action_msgs/lib:/home/rassito/microros_ws/install/unique_identifier_msgs/lib:/home/rassito/microros_ws/install/type_description_interfaces/lib:/home/rassito/microros_ws/install/trajectory_msgs/lib:/home/rassito/microros_ws/install/stereo_msgs/lib:/home/rassito/microros_ws/install/std_srvs/lib:/home/rassito/microros_ws/install/shape_msgs/lib:/home/rassito/microros_ws/install/nav_msgs/lib:/home/rassito/microros_ws/install/diagnostic_msgs/lib:/home/rassito/microros_ws/install/drive_base_msgs/lib:/home/rassito/microros_ws/install/actionlib_msgs/lib:/home/rassito/microros_ws/install/statistics_msgs/lib:/home/rassito/microros_ws/install/service_msgs/lib:/home/rassito/microros_ws/install/rosgraph_msgs/lib:/home/rassito/microros_ws/install/composition_interfaces/lib:/home/rassito/microros_ws/install/micro_ros_agent/lib:/home/rassito/microros_ws/install/lifecycle_msgs/lib:/opt/ros/jazzy/opt/sdformat_vendor/lib:/opt/ros/jazzy/opt/rviz_ogre_vendor/lib:/opt/ros/jazzy/lib/x86_64-linux-gnu:/opt/ros/jazzy/opt/gz_math_vendor/lib:/opt/ros/jazzy/opt/gz_utils_vendor/lib:/opt/ros/jazzy/opt/gz_tools_vendor/lib:/opt/ros/jazzy/opt/gz_cmake_vendor/lib:/opt/ros/jazzy/lib PYTHONPATH=/home/rassito/microros_ws/install/visualization_msgs/lib/python3.12/site-packages:/home/rassito/microros_ws/install/sensor_msgs/lib/python3.12/site-packages:/home/rassito/microros_ws/install/rosidl_typesupport_microxrcedds_cpp/lib/python3.12/site-packages:/home/rassito/microros_ws/install/geometry_msgs/lib/python3.12/site-packages:/home/rassito/microros_ws/install/test_msgs/lib/python3.12/site-packages:/home/rassito/microros_ws/install/std_msgs/lib/python3.12/site-packages:/home/rassito/microros_ws/install/rosidl_typesupport_microxrcedds_c/lib/python3.12/site-packages:/home/rassito/microros_ws/install/rcl_interfaces/lib/python3.12/site-packages:/home/rassito/microros_ws/install/complex_msgs/lib/python3.12/site-packages:/home/rassito/microros_ws/install/micro_ros_msgs/lib/python3.12/site-packages:/home/rassito/microros_ws/install/example_interfaces/lib/python3.12/site-packages:/home/rassito/microros_ws/install/builtin_interfaces/lib/python3.12/site-packages:/home/rassito/microros_ws/install/action_msgs/lib/python3.12/site-packages:/home/rassito/microros_ws/install/unique_identifier_msgs/lib/python3.12/site-packages:/home/rassito/microros_ws/install/type_description_interfaces/lib/python3.12/site-packages:/home/rassito/microros_ws/install/trajectory_msgs/lib/python3.12/site-packages:/home/rassito/microros_ws/install/stereo_msgs/lib/python3.12/site-packages:/home/rassito/microros_ws/install/std_srvs/lib/python3.12/site-packages:/home/rassito/microros_ws/install/shape_msgs/lib/python3.12/site-packages:/home/rassito/microros_ws/install/sensor_msgs_py/lib/python3.12/site-packages:/home/rassito/microros_ws/install/nav_msgs/lib/python3.12/site-packages:/home/rassito/microros_ws/install/diagnostic_msgs/lib/python3.12/site-packages:/home/rassito/microros_ws/install/drive_base_msgs/lib/python3.12/site-packages:/home/rassito/microros_ws/install/actionlib_msgs/lib/python3.12/site-packages:/home/rassito/microros_ws/install/statistics_msgs/lib/python3.12/site-packages:/home/rassito/microros_ws/install/service_msgs/lib/python3.12/site-packages:/home/rassito/microros_ws/install/rosgraph_msgs/lib/python3.12/site-packages:/home/rassito/microros_ws/install/composition_interfaces/lib/python3.12/site-packages:/home/rassito/microros_ws/install/lifecycle_msgs/lib/python3.12/site-packages:/home/rassito/ros_ws/build/super_pkg:/home/rassito/ros_ws/install/super_pkg/lib/python3.12/site-packages:/opt/ros/jazzy/lib/python3.12/site-packages /usr/bin/cmake --install /home/rassito/microros_ws/build/micro_ros_demos_rclc
[1.658s] -- Install configuration: ""
[1.658s] -- Up-to-date: /home/rassito/microros_ws/install/micro_ros_demos_rclc/lib/micro_ros_demos_rclc
[1.658s] -- Up-to-date: /home/rassito/microros_ws/install/micro_ros_demos_rclc/lib/micro_ros_demos_rclc/parameter_server
[1.658s] -- Up-to-date: /home/rassito/microros_ws/install/micro_ros_demos_rclc/lib/micro_ros_demos_rclc/parameter_server/parameter_server
[1.658s] -- Up-to-date: /home/rassito/microros_ws/install/micro_ros_demos_rclc/lib/micro_ros_demos_rclc/fragmented_publication
[1.658s] -- Up-to-date: /home/rassito/microros_ws/install/micro_ros_demos_rclc/lib/micro_ros_demos_rclc/fragmented_publication/fragmented_publication
[1.658s] -- Up-to-date: /home/rassito/microros_ws/install/micro_ros_demos_rclc/lib/micro_ros_demos_rclc/int32_publisher
[1.658s] -- Up-to-date: /home/rassito/microros_ws/install/micro_ros_demos_rclc/lib/micro_ros_demos_rclc/int32_publisher/int32_publisher
[1.658s] -- Up-to-date: /home/rassito/microros_ws/install/micro_ros_demos_rclc/lib/micro_ros_demos_rclc/ping_pong
[1.659s] -- Up-to-date: /home/rassito/microros_ws/install/micro_ros_demos_rclc/lib/micro_ros_demos_rclc/ping_pong/ping_pong
[1.659s] -- Up-to-date: /home/rassito/microros_ws/install/micro_ros_demos_rclc/lib/micro_ros_demos_rclc/complex_msg_publisher
[1.659s] -- Up-to-date: /home/rassito/microros_ws/install/micro_ros_demos_rclc/lib/micro_ros_demos_rclc/complex_msg_publisher/complex_msg_publisher
[1.659s] -- Up-to-date: /home/rassito/microros_ws/install/micro_ros_demos_rclc/lib/micro_ros_demos_rclc/configured_publisher
[1.659s] -- Up-to-date: /home/rassito/microros_ws/install/micro_ros_demos_rclc/lib/micro_ros_demos_rclc/configured_publisher/configured_publisher
[1.659s] -- Up-to-date: /home/rassito/microros_ws/install/micro_ros_demos_rclc/lib/micro_ros_demos_rclc/epoch_synchronization
[1.659s] -- Up-to-date: /home/rassito/microros_ws/install/micro_ros_demos_rclc/lib/micro_ros_demos_rclc/epoch_synchronization/epoch_synchronization
[1.659s] -- Up-to-date: /home/rassito/microros_ws/install/micro_ros_demos_rclc/lib/micro_ros_demos_rclc/int32_subscriber
[1.659s] -- Up-to-date: /home/rassito/microros_ws/install/micro_ros_demos_rclc/lib/micro_ros_demos_rclc/int32_subscriber/int32_subscriber
[1.660s] -- Up-to-date: /home/rassito/microros_ws/install/micro_ros_demos_rclc/lib/micro_ros_demos_rclc/graph_visualizer
[1.660s] -- Up-to-date: /home/rassito/microros_ws/install/micro_ros_demos_rclc/lib/micro_ros_demos_rclc/graph_visualizer/graph_visualizer
[1.660s] -- Up-to-date: /home/rassito/microros_ws/install/micro_ros_demos_rclc/lib/micro_ros_demos_rclc/timer
[1.660s] -- Up-to-date: /home/rassito/microros_ws/install/micro_ros_demos_rclc/lib/micro_ros_demos_rclc/timer/timer
[1.660s] -- Up-to-date: /home/rassito/microros_ws/install/micro_ros_demos_rclc/lib/micro_ros_demos_rclc/static_type_handling
[1.660s] -- Up-to-date: /home/rassito/microros_ws/install/micro_ros_demos_rclc/lib/micro_ros_demos_rclc/static_type_handling/static_type_handling
[1.660s] -- Up-to-date: /home/rassito/microros_ws/install/micro_ros_demos_rclc/lib/micro_ros_demos_rclc/subscription_count
[1.660s] -- Up-to-date: /home/rassito/microros_ws/install/micro_ros_demos_rclc/lib/micro_ros_demos_rclc/subscription_count/subscription_count
[1.660s] -- Up-to-date: /home/rassito/microros_ws/install/micro_ros_demos_rclc/lib/micro_ros_demos_rclc/string_publisher
[1.661s] -- Up-to-date: /home/rassito/microros_ws/install/micro_ros_demos_rclc/lib/micro_ros_demos_rclc/string_publisher/string_publisher
[1.661s] -- Up-to-date: /home/rassito/microros_ws/install/micro_ros_demos_rclc/lib/micro_ros_demos_rclc/int32_multinode
[1.661s] -- Up-to-date: /home/rassito/microros_ws/install/micro_ros_demos_rclc/lib/micro_ros_demos_rclc/int32_multinode/int32_multinode
[1.661s] -- Up-to-date: /home/rassito/microros_ws/install/micro_ros_demos_rclc/lib/micro_ros_demos_rclc/fragmented_subscription
[1.661s] -- Up-to-date: /home/rassito/microros_ws/install/micro_ros_demos_rclc/lib/micro_ros_demos_rclc/fragmented_subscription/fragmented_subscription
[1.661s] -- Up-to-date: /home/rassito/microros_ws/install/micro_ros_demos_rclc/lib/micro_ros_demos_rclc/ping_uros_agent
[1.661s] -- Up-to-date: /home/rassito/microros_ws/install/micro_ros_demos_rclc/lib/micro_ros_demos_rclc/ping_uros_agent/ping_uros_agent
[1.661s] -- Up-to-date: /home/rassito/microros_ws/install/micro_ros_demos_rclc/lib/micro_ros_demos_rclc/int32_publisher_subscriber
[1.661s] -- Up-to-date: /home/rassito/microros_ws/install/micro_ros_demos_rclc/lib/micro_ros_demos_rclc/int32_publisher_subscriber/int32_publisher_subscriber
[1.661s] -- Up-to-date: /home/rassito/microros_ws/install/micro_ros_demos_rclc/lib/micro_ros_demos_rclc/complex_msg_subscriber
[1.661s] -- Up-to-date: /home/rassito/microros_ws/install/micro_ros_demos_rclc/lib/micro_ros_demos_rclc/complex_msg_subscriber/complex_msg_subscriber
[1.661s] -- Up-to-date: /home/rassito/microros_ws/install/micro_ros_demos_rclc/lib/micro_ros_demos_rclc/fibonacci_action_client
[1.661s] -- Up-to-date: /home/rassito/microros_ws/install/micro_ros_demos_rclc/lib/micro_ros_demos_rclc/fibonacci_action_client/fibonacci_action_client
[1.661s] -- Up-to-date: /home/rassito/microros_ws/install/micro_ros_demos_rclc/lib/micro_ros_demos_rclc/addtwoints_server
[1.661s] -- Up-to-date: /home/rassito/microros_ws/install/micro_ros_demos_rclc/lib/micro_ros_demos_rclc/addtwoints_server/addtwoints_server
[1.662s] -- Up-to-date: /home/rassito/microros_ws/install/micro_ros_demos_rclc/lib/micro_ros_demos_rclc/autodiscover_agent
[1.662s] -- Up-to-date: /home/rassito/microros_ws/install/micro_ros_demos_rclc/lib/micro_ros_demos_rclc/autodiscover_agent/autodiscover_agent
[1.662s] -- Up-to-date: /home/rassito/microros_ws/install/micro_ros_demos_rclc/lib/micro_ros_demos_rclc/publisher_count
[1.662s] -- Up-to-date: /home/rassito/microros_ws/install/micro_ros_demos_rclc/lib/micro_ros_demos_rclc/publisher_count/publisher_count
[1.662s] -- Up-to-date: /home/rassito/microros_ws/install/micro_ros_demos_rclc/lib/micro_ros_demos_rclc/addtwoints_client
[1.662s] -- Up-to-date: /home/rassito/microros_ws/install/micro_ros_demos_rclc/lib/micro_ros_demos_rclc/addtwoints_client/addtwoints_client
[1.662s] -- Up-to-date: /home/rassito/microros_ws/install/micro_ros_demos_rclc/lib/micro_ros_demos_rclc/string_subscriber
[1.662s] -- Up-to-date: /home/rassito/microros_ws/install/micro_ros_demos_rclc/lib/micro_ros_demos_rclc/string_subscriber/string_subscriber
[1.662s] -- Up-to-date: /home/rassito/microros_ws/install/micro_ros_demos_rclc/lib/micro_ros_demos_rclc/multithread_publisher_subscriber
[1.662s] -- Up-to-date: /home/rassito/microros_ws/install/micro_ros_demos_rclc/lib/micro_ros_demos_rclc/multithread_publisher_subscriber/multithread_publisher_subscriber
[1.662s] -- Up-to-date: /home/rassito/microros_ws/install/micro_ros_demos_rclc/lib/micro_ros_demos_rclc/configured_subscriber
[1.662s] -- Up-to-date: /home/rassito/microros_ws/install/micro_ros_demos_rclc/lib/micro_ros_demos_rclc/configured_subscriber/configured_subscriber
[1.662s] -- Up-to-date: /home/rassito/microros_ws/install/micro_ros_demos_rclc/lib/micro_ros_demos_rclc/fibonacci_action_server
[1.662s] -- Up-to-date: /home/rassito/microros_ws/install/micro_ros_demos_rclc/lib/micro_ros_demos_rclc/fibonacci_action_server/fibonacci_action_server
[1.662s] -- Up-to-date: /home/rassito/microros_ws/install/micro_ros_demos_rclc/share/ament_index/resource_index/package_run_dependencies/micro_ros_demos_rclc
[1.663s] -- Up-to-date: /home/rassito/microros_ws/install/micro_ros_demos_rclc/share/ament_index/resource_index/parent_prefix_path/micro_ros_demos_rclc
[1.663s] -- Up-to-date: /home/rassito/microros_ws/install/micro_ros_demos_rclc/share/micro_ros_demos_rclc/environment/ament_prefix_path.sh
[1.663s] -- Up-to-date: /home/rassito/microros_ws/install/micro_ros_demos_rclc/share/micro_ros_demos_rclc/environment/ament_prefix_path.dsv
[1.663s] -- Up-to-date: /home/rassito/microros_ws/install/micro_ros_demos_rclc/share/micro_ros_demos_rclc/environment/path.sh
[1.663s] -- Up-to-date: /home/rassito/microros_ws/install/micro_ros_demos_rclc/share/micro_ros_demos_rclc/environment/path.dsv
[1.663s] -- Up-to-date: /home/rassito/microros_ws/install/micro_ros_demos_rclc/share/micro_ros_demos_rclc/local_setup.bash
[1.663s] -- Up-to-date: /home/rassito/microros_ws/install/micro_ros_demos_rclc/share/micro_ros_demos_rclc/local_setup.sh
[1.663s] -- Up-to-date: /home/rassito/microros_ws/install/micro_ros_demos_rclc/share/micro_ros_demos_rclc/local_setup.zsh
[1.663s] -- Up-to-date: /home/rassito/microros_ws/install/micro_ros_demos_rclc/share/micro_ros_demos_rclc/local_setup.dsv
[1.663s] -- Installing: /home/rassito/microros_ws/install/micro_ros_demos_rclc/share/micro_ros_demos_rclc/package.dsv
[1.663s] -- Up-to-date: /home/rassito/microros_ws/install/micro_ros_demos_rclc/share/ament_index/resource_index/packages/micro_ros_demos_rclc
[1.663s] -- Up-to-date: /home/rassito/microros_ws/install/micro_ros_demos_rclc/share/micro_ros_demos_rclc/cmake/micro_ros_demos_rclcConfig.cmake
[1.663s] -- Up-to-date: /home/rassito/microros_ws/install/micro_ros_demos_rclc/share/micro_ros_demos_rclc/cmake/micro_ros_demos_rclcConfig-version.cmake
[1.664s] -- Up-to-date: /home/rassito/microros_ws/install/micro_ros_demos_rclc/share/micro_ros_demos_rclc/package.xml
[1.664s] Invoked command in '/home/rassito/microros_ws/build/micro_ros_demos_rclc' returned '0': CMAKE_PREFIX_PATH=/home/rassito/microros_ws/install/visualization_msgs:/home/rassito/microros_ws/install/sensor_msgs:/home/rassito/microros_ws/install/rmw_microxrcedds:/home/rassito/microros_ws/install/rclc_parameter:/home/rassito/microros_ws/install/rosidl_typesupport_microxrcedds_cpp:/home/rassito/microros_ws/install/rclc:/home/rassito/microros_ws/install/geometry_msgs:/home/rassito/microros_ws/install/test_msgs:/home/rassito/microros_ws/install/std_msgs:/home/rassito/microros_ws/install/rosidl_typesupport_microxrcedds_c:/home/rassito/microros_ws/install/rcl_interfaces:/home/rassito/microros_ws/install/microxrcedds_client:/home/rassito/microros_ws/install/complex_msgs:/home/rassito/microros_ws/install/test_interface_files:/home/rassito/microros_ws/install/microcdr:/home/rassito/microros_ws/install/micro_ros_utilities:/home/rassito/microros_ws/install/micro_ros_msgs:/home/rassito/microros_ws/install/example_interfaces:/home/rassito/microros_ws/install/builtin_interfaces:/home/rassito/microros_ws/install/micro_ros_demos_rclc:/home/rassito/microros_ws/install/common_interfaces:/home/rassito/microros_ws/install/action_msgs:/home/rassito/microros_ws/install/unique_identifier_msgs:/home/rassito/microros_ws/install/type_description_interfaces:/home/rassito/microros_ws/install/trajectory_msgs:/home/rassito/microros_ws/install/stereo_msgs:/home/rassito/microros_ws/install/std_srvs:/home/rassito/microros_ws/install/shape_msgs:/home/rassito/microros_ws/install/nav_msgs:/home/rassito/microros_ws/install/diagnostic_msgs:/home/rassito/microros_ws/install/drive_base_msgs:/home/rassito/microros_ws/install/actionlib_msgs:/home/rassito/microros_ws/install/statistics_msgs:/home/rassito/microros_ws/install/service_msgs:/home/rassito/microros_ws/install/rosidl_typesupport_microxrcedds_test_msg:/home/rassito/microros_ws/install/rosidl_typesupport_microxrcedds_cpp_tests:/home/rassito/microros_ws/install/rosidl_typesupport_microxrcedds_c_tests:/home/rassito/microros_ws/install/rosgraph_msgs:/home/rassito/microros_ws/install/composition_interfaces:/home/rassito/microros_ws/install/micro_ros_setup:/home/rassito/microros_ws/install/micro_ros_agent:/home/rassito/microros_ws/install/lifecycle_msgs:/opt/ros/jazzy/opt/sdformat_vendor:/opt/ros/jazzy/opt/gz_math_vendor:/opt/ros/jazzy/opt/gz_utils_vendor:/opt/ros/jazzy/opt/gz_tools_vendor:/opt/ros/jazzy/opt/gz_cmake_vendor:/home/rassito/microros_ws/install/sensor_msgs_py:/home/rassito/ros_ws/install/super_pkg:/opt/ros/jazzy DEBUGINFOD_URLS=https://debuginfod.ubuntu.com LD_LIBRARY_PATH=/home/rassito/microros_ws/install/visualization_msgs/lib:/home/rassito/microros_ws/install/sensor_msgs/lib:/home/rassito/microros_ws/install/rmw_microxrcedds/lib:/home/rassito/microros_ws/install/rclc_parameter/lib:/home/rassito/microros_ws/install/rosidl_typesupport_microxrcedds_cpp/lib:/home/rassito/microros_ws/install/rclc/lib:/home/rassito/microros_ws/install/geometry_msgs/lib:/home/rassito/microros_ws/install/test_msgs/lib:/home/rassito/microros_ws/install/std_msgs/lib:/home/rassito/microros_ws/install/rosidl_typesupport_microxrcedds_c/lib:/home/rassito/microros_ws/install/rcl_interfaces/lib:/home/rassito/microros_ws/install/microxrcedds_client/lib:/home/rassito/microros_ws/install/complex_msgs/lib:/home/rassito/microros_ws/install/microcdr/lib:/home/rassito/microros_ws/install/micro_ros_utilities/lib:/home/rassito/microros_ws/install/micro_ros_msgs/lib:/home/rassito/microros_ws/install/example_interfaces/lib:/home/rassito/microros_ws/install/builtin_interfaces/lib:/home/rassito/microros_ws/install/action_msgs/lib:/home/rassito/microros_ws/install/unique_identifier_msgs/lib:/home/rassito/microros_ws/install/type_description_interfaces/lib:/home/rassito/microros_ws/install/trajectory_msgs/lib:/home/rassito/microros_ws/install/stereo_msgs/lib:/home/rassito/microros_ws/install/std_srvs/lib:/home/rassito/microros_ws/install/shape_msgs/lib:/home/rassito/microros_ws/install/nav_msgs/lib:/home/rassito/microros_ws/install/diagnostic_msgs/lib:/home/rassito/microros_ws/install/drive_base_msgs/lib:/home/rassito/microros_ws/install/actionlib_msgs/lib:/home/rassito/microros_ws/install/statistics_msgs/lib:/home/rassito/microros_ws/install/service_msgs/lib:/home/rassito/microros_ws/install/rosgraph_msgs/lib:/home/rassito/microros_ws/install/composition_interfaces/lib:/home/rassito/microros_ws/install/micro_ros_agent/lib:/home/rassito/microros_ws/install/lifecycle_msgs/lib:/opt/ros/jazzy/opt/sdformat_vendor/lib:/opt/ros/jazzy/opt/rviz_ogre_vendor/lib:/opt/ros/jazzy/lib/x86_64-linux-gnu:/opt/ros/jazzy/opt/gz_math_vendor/lib:/opt/ros/jazzy/opt/gz_utils_vendor/lib:/opt/ros/jazzy/opt/gz_tools_vendor/lib:/opt/ros/jazzy/opt/gz_cmake_vendor/lib:/opt/ros/jazzy/lib PYTHONPATH=/home/rassito/microros_ws/install/visualization_msgs/lib/python3.12/site-packages:/home/rassito/microros_ws/install/sensor_msgs/lib/python3.12/site-packages:/home/rassito/microros_ws/install/rosidl_typesupport_microxrcedds_cpp/lib/python3.12/site-packages:/home/rassito/microros_ws/install/geometry_msgs/lib/python3.12/site-packages:/home/rassito/microros_ws/install/test_msgs/lib/python3.12/site-packages:/home/rassito/microros_ws/install/std_msgs/lib/python3.12/site-packages:/home/rassito/microros_ws/install/rosidl_typesupport_microxrcedds_c/lib/python3.12/site-packages:/home/rassito/microros_ws/install/rcl_interfaces/lib/python3.12/site-packages:/home/rassito/microros_ws/install/complex_msgs/lib/python3.12/site-packages:/home/rassito/microros_ws/install/micro_ros_msgs/lib/python3.12/site-packages:/home/rassito/microros_ws/install/example_interfaces/lib/python3.12/site-packages:/home/rassito/microros_ws/install/builtin_interfaces/lib/python3.12/site-packages:/home/rassito/microros_ws/install/action_msgs/lib/python3.12/site-packages:/home/rassito/microros_ws/install/unique_identifier_msgs/lib/python3.12/site-packages:/home/rassito/microros_ws/install/type_description_interfaces/lib/python3.12/site-packages:/home/rassito/microros_ws/install/trajectory_msgs/lib/python3.12/site-packages:/home/rassito/microros_ws/install/stereo_msgs/lib/python3.12/site-packages:/home/rassito/microros_ws/install/std_srvs/lib/python3.12/site-packages:/home/rassito/microros_ws/install/shape_msgs/lib/python3.12/site-packages:/home/rassito/microros_ws/install/sensor_msgs_py/lib/python3.12/site-packages:/home/rassito/microros_ws/install/nav_msgs/lib/python3.12/site-packages:/home/rassito/microros_ws/install/diagnostic_msgs/lib/python3.12/site-packages:/home/rassito/microros_ws/install/drive_base_msgs/lib/python3.12/site-packages:/home/rassito/microros_ws/install/actionlib_msgs/lib/python3.12/site-packages:/home/rassito/microros_ws/install/statistics_msgs/lib/python3.12/site-packages:/home/rassito/microros_ws/install/service_msgs/lib/python3.12/site-packages:/home/rassito/microros_ws/install/rosgraph_msgs/lib/python3.12/site-packages:/home/rassito/microros_ws/install/composition_interfaces/lib/python3.12/site-packages:/home/rassito/microros_ws/install/lifecycle_msgs/lib/python3.12/site-packages:/home/rassito/ros_ws/build/super_pkg:/home/rassito/ros_ws/install/super_pkg/lib/python3.12/site-packages:/opt/ros/jazzy/lib/python3.12/site-packages /usr/bin/cmake --install /home/rassito/microros_ws/build/micro_ros_demos_rclc
