[0.027s] Invoking command in '/home/rassito/microros_ws/build/unique_identifier_msgs': CMAKE_PREFIX_PATH=${CMAKE_PREFIX_PATH}:/home/rassito/ros_ws/install/super_pkg:/opt/ros/jazzy DEBUGINFOD_URLS=https://debuginfod.ubuntu.com /usr/bin/cmake /home/rassito/microros_ws/src/ros2/unique_identifier_msgs -DCMAKE_INSTALL_PREFIX=/home/rassito/microros_ws/install/unique_identifier_msgs
[0.049s] -- Found ament_cmake: 2.5.3 (/opt/ros/jazzy/share/ament_cmake/cmake)
[0.059s] -- Found Python3: /usr/bin/python3 (found version "3.12.3") found components: Interpreter 
[0.124s] -- Found rosidl_core_generators: 0.2.0 (/opt/ros/jazzy/share/rosidl_core_generators/cmake)
[0.127s] -- Using all available rosidl_typesupport_c: rosidl_typesupport_fastrtps_c;rosidl_typesupport_introspection_c
[0.163s] -- Using all available rosidl_typesupport_cpp: rosidl_typesupport_fastrtps_cpp;rosidl_typesupport_introspection_cpp
[0.195s] -- Found rosidl_adapter: 4.6.5 (/opt/ros/jazzy/share/rosidl_adapter/cmake)
[0.431s] -- Found ament_cmake_ros: 0.12.0 (/opt/ros/jazzy/share/ament_cmake_ros/cmake)
[0.501s] -- Using all available rosidl_typesupport_c: rosidl_typesupport_fastrtps_c;rosidl_typesupport_introspection_c
[0.590s] -- Using all available rosidl_typesupport_cpp: rosidl_typesupport_fastrtps_cpp;rosidl_typesupport_introspection_cpp
[0.591s] -- Found python_cmake_module: 0.11.1 (/opt/ros/jazzy/share/python_cmake_module/cmake)
[0.819s] -- Found Python3: /usr/bin/python3 (found version "3.12.3") found components: Interpreter Development NumPy Development.Module Development.Embed 
[0.832s] -- Configuring done (0.8s)
[0.872s] -- Generating done (0.0s)
[0.881s] -- Build files have been written to: /home/rassito/microros_ws/build/unique_identifier_msgs
[0.887s] Invoked command in '/home/rassito/microros_ws/build/unique_identifier_msgs' returned '0': CMAKE_PREFIX_PATH=${CMAKE_PREFIX_PATH}:/home/rassito/ros_ws/install/super_pkg:/opt/ros/jazzy DEBUGINFOD_URLS=https://debuginfod.ubuntu.com /usr/bin/cmake /home/rassito/microros_ws/src/ros2/unique_identifier_msgs -DCMAKE_INSTALL_PREFIX=/home/rassito/microros_ws/install/unique_identifier_msgs
[0.888s] Invoking command in '/home/rassito/microros_ws/build/unique_identifier_msgs': CMAKE_PREFIX_PATH=${CMAKE_PREFIX_PATH}:/home/rassito/ros_ws/install/super_pkg:/opt/ros/jazzy DEBUGINFOD_URLS=https://debuginfod.ubuntu.com /usr/bin/cmake --build /home/rassito/microros_ws/build/unique_identifier_msgs -- -j16 -l16
[0.919s] [  2%] Built target unique_identifier_msgs__rosidl_generator_type_description
[0.929s] [  2%] Built target ament_cmake_python_copy_unique_identifier_msgs
[0.933s] [  5%] Built target unique_identifier_msgs__cpp
[0.934s] [ 20%] Built target unique_identifier_msgs__rosidl_generator_c
[0.942s] [ 23%] [34m[1mGenerating C type support dispatch for ROS interfaces[0m
[0.945s] [ 26%] [34m[1mGenerating C++ type support dispatch for ROS interfaces[0m
[0.956s] [ 35%] Built target unique_identifier_msgs__rosidl_typesupport_introspection_c
[0.965s] [ 44%] Built target unique_identifier_msgs__rosidl_typesupport_fastrtps_c
[0.966s] [ 52%] Built target unique_identifier_msgs__rosidl_typesupport_introspection_cpp
[0.968s] [ 61%] Built target unique_identifier_msgs__rosidl_typesupport_fastrtps_cpp
[1.221s] running egg_info
[1.248s] writing unique_identifier_msgs.egg-info/PKG-INFO
[1.248s] writing dependency_links to unique_identifier_msgs.egg-info/dependency_links.txt
[1.248s] writing top-level names to unique_identifier_msgs.egg-info/top_level.txt
[1.294s] [ 64%] [32mBuilding CXX object CMakeFiles/unique_identifier_msgs__rosidl_typesupport_c.dir/rosidl_typesupport_c/unique_identifier_msgs/msg/uuid__type_support.cpp.o[0m
[1.296s] [ 67%] [32mBuilding CXX object CMakeFiles/unique_identifier_msgs__rosidl_typesupport_cpp.dir/rosidl_typesupport_cpp/unique_identifier_msgs/msg/uuid__type_support.cpp.o[0m
[1.329s] reading manifest file 'unique_identifier_msgs.egg-info/SOURCES.txt'
[1.330s] writing manifest file 'unique_identifier_msgs.egg-info/SOURCES.txt'
[1.370s] [ 67%] Built target ament_cmake_python_build_unique_identifier_msgs_egg
[1.443s] [ 70%] [32m[1mLinking CXX shared library libunique_identifier_msgs__rosidl_typesupport_c.so[0m
[1.497s] [ 70%] Built target unique_identifier_msgs__rosidl_typesupport_c
[1.760s] [ 73%] [32m[1mLinking CXX shared library libunique_identifier_msgs__rosidl_typesupport_cpp.so[0m
[1.804s] [ 73%] Built target unique_identifier_msgs__rosidl_typesupport_cpp
[1.822s] [ 73%] Built target unique_identifier_msgs
[1.846s] [ 76%] Built target unique_identifier_msgs__py
[1.864s] [ 79%] [32m[1mLinking C shared library libunique_identifier_msgs__rosidl_generator_py.so[0m
[1.896s] [ 82%] Built target unique_identifier_msgs__rosidl_generator_py
[1.921s] [ 85%] [32m[1mLinking C shared module rosidl_generator_py/unique_identifier_msgs/unique_identifier_msgs_s__rosidl_typesupport_introspection_c.so[0m
[1.925s] [ 88%] [32m[1mLinking C shared module rosidl_generator_py/unique_identifier_msgs/unique_identifier_msgs_s__rosidl_typesupport_fastrtps_c.so[0m
[1.930s] [ 91%] [32mBuilding C object CMakeFiles/unique_identifier_msgs_s__rosidl_typesupport_c.dir/rosidl_generator_py/unique_identifier_msgs/_unique_identifier_msgs_s.ep.rosidl_typesupport_c.c.o[0m
[1.958s] [ 94%] Built target unique_identifier_msgs_s__rosidl_typesupport_fastrtps_c
[1.959s] [ 97%] Built target unique_identifier_msgs_s__rosidl_typesupport_introspection_c
[2.083s] [100%] [32m[1mLinking C shared module rosidl_generator_py/unique_identifier_msgs/unique_identifier_msgs_s__rosidl_typesupport_c.so[0m
[2.101s] [100%] Built target unique_identifier_msgs_s__rosidl_typesupport_c
[2.124s] Invoked command in '/home/rassito/microros_ws/build/unique_identifier_msgs' returned '0': CMAKE_PREFIX_PATH=${CMAKE_PREFIX_PATH}:/home/rassito/ros_ws/install/super_pkg:/opt/ros/jazzy DEBUGINFOD_URLS=https://debuginfod.ubuntu.com /usr/bin/cmake --build /home/rassito/microros_ws/build/unique_identifier_msgs -- -j16 -l16
[2.125s] Invoking command in '/home/rassito/microros_ws/build/unique_identifier_msgs': CMAKE_PREFIX_PATH=${CMAKE_PREFIX_PATH}:/home/rassito/ros_ws/install/super_pkg:/opt/ros/jazzy DEBUGINFOD_URLS=https://debuginfod.ubuntu.com /usr/bin/cmake --install /home/rassito/microros_ws/build/unique_identifier_msgs
[2.914s] -- Install configuration: ""
[2.914s] -- Up-to-date: /home/rassito/microros_ws/install/unique_identifier_msgs/share/ament_index/resource_index/rosidl_interfaces/unique_identifier_msgs
[2.914s] -- Up-to-date: /home/rassito/microros_ws/install/unique_identifier_msgs/share/unique_identifier_msgs/msg/UUID.json
[2.914s] -- Up-to-date: /home/rassito/microros_ws/install/unique_identifier_msgs/include/unique_identifier_msgs/unique_identifier_msgs
[2.914s] -- Up-to-date: /home/rassito/microros_ws/install/unique_identifier_msgs/include/unique_identifier_msgs/unique_identifier_msgs/msg
[2.915s] -- Up-to-date: /home/rassito/microros_ws/install/unique_identifier_msgs/include/unique_identifier_msgs/unique_identifier_msgs/msg/uuid.h
[2.915s] -- Up-to-date: /home/rassito/microros_ws/install/unique_identifier_msgs/include/unique_identifier_msgs/unique_identifier_msgs/msg/detail
[2.915s] -- Up-to-date: /home/rassito/microros_ws/install/unique_identifier_msgs/include/unique_identifier_msgs/unique_identifier_msgs/msg/detail/uuid__struct.h
[2.915s] -- Up-to-date: /home/rassito/microros_ws/install/unique_identifier_msgs/include/unique_identifier_msgs/unique_identifier_msgs/msg/detail/uuid__description.c
[2.915s] -- Up-to-date: /home/rassito/microros_ws/install/unique_identifier_msgs/include/unique_identifier_msgs/unique_identifier_msgs/msg/detail/uuid__functions.h
[2.915s] -- Up-to-date: /home/rassito/microros_ws/install/unique_identifier_msgs/include/unique_identifier_msgs/unique_identifier_msgs/msg/detail/uuid__functions.c
[2.915s] -- Up-to-date: /home/rassito/microros_ws/install/unique_identifier_msgs/include/unique_identifier_msgs/unique_identifier_msgs/msg/detail/uuid__type_support.h
[2.915s] -- Up-to-date: /home/rassito/microros_ws/install/unique_identifier_msgs/include/unique_identifier_msgs/unique_identifier_msgs/msg/detail/uuid__type_support.c
[2.915s] -- Up-to-date: /home/rassito/microros_ws/install/unique_identifier_msgs/include/unique_identifier_msgs/unique_identifier_msgs/msg/rosidl_generator_c__visibility_control.h
[2.916s] -- Up-to-date: /home/rassito/microros_ws/install/unique_identifier_msgs/share/unique_identifier_msgs/environment/library_path.sh
[2.916s] -- Up-to-date: /home/rassito/microros_ws/install/unique_identifier_msgs/share/unique_identifier_msgs/environment/library_path.dsv
[2.916s] -- Up-to-date: /home/rassito/microros_ws/install/unique_identifier_msgs/lib/libunique_identifier_msgs__rosidl_generator_c.so
[2.916s] -- Up-to-date: /home/rassito/microros_ws/install/unique_identifier_msgs/include/unique_identifier_msgs/unique_identifier_msgs
[2.916s] -- Up-to-date: /home/rassito/microros_ws/install/unique_identifier_msgs/include/unique_identifier_msgs/unique_identifier_msgs/msg
[2.916s] -- Up-to-date: /home/rassito/microros_ws/install/unique_identifier_msgs/include/unique_identifier_msgs/unique_identifier_msgs/msg/rosidl_typesupport_fastrtps_c__visibility_control.h
[2.916s] -- Up-to-date: /home/rassito/microros_ws/install/unique_identifier_msgs/include/unique_identifier_msgs/unique_identifier_msgs/msg/detail
[2.916s] -- Up-to-date: /home/rassito/microros_ws/install/unique_identifier_msgs/include/unique_identifier_msgs/unique_identifier_msgs/msg/detail/uuid__rosidl_typesupport_fastrtps_c.h
[2.917s] -- Up-to-date: /home/rassito/microros_ws/install/unique_identifier_msgs/lib/libunique_identifier_msgs__rosidl_typesupport_fastrtps_c.so
[2.917s] -- Up-to-date: /home/rassito/microros_ws/install/unique_identifier_msgs/include/unique_identifier_msgs/unique_identifier_msgs
[2.917s] -- Up-to-date: /home/rassito/microros_ws/install/unique_identifier_msgs/include/unique_identifier_msgs/unique_identifier_msgs/msg
[2.917s] -- Up-to-date: /home/rassito/microros_ws/install/unique_identifier_msgs/include/unique_identifier_msgs/unique_identifier_msgs/msg/rosidl_typesupport_introspection_c__visibility_control.h
[2.917s] -- Up-to-date: /home/rassito/microros_ws/install/unique_identifier_msgs/include/unique_identifier_msgs/unique_identifier_msgs/msg/detail
[2.917s] -- Up-to-date: /home/rassito/microros_ws/install/unique_identifier_msgs/include/unique_identifier_msgs/unique_identifier_msgs/msg/detail/uuid__rosidl_typesupport_introspection_c.h
[2.918s] -- Up-to-date: /home/rassito/microros_ws/install/unique_identifier_msgs/include/unique_identifier_msgs/unique_identifier_msgs/msg/detail/uuid__type_support.c
[2.918s] -- Up-to-date: /home/rassito/microros_ws/install/unique_identifier_msgs/lib/libunique_identifier_msgs__rosidl_typesupport_introspection_c.so
[2.918s] -- Installing: /home/rassito/microros_ws/install/unique_identifier_msgs/lib/libunique_identifier_msgs__rosidl_typesupport_c.so
[2.918s] -- Set non-toolchain portion of runtime path of "/home/rassito/microros_ws/install/unique_identifier_msgs/lib/libunique_identifier_msgs__rosidl_typesupport_c.so" to ""
[2.918s] -- Up-to-date: /home/rassito/microros_ws/install/unique_identifier_msgs/include/unique_identifier_msgs/unique_identifier_msgs
[2.918s] -- Up-to-date: /home/rassito/microros_ws/install/unique_identifier_msgs/include/unique_identifier_msgs/unique_identifier_msgs/msg
[2.918s] -- Up-to-date: /home/rassito/microros_ws/install/unique_identifier_msgs/include/unique_identifier_msgs/unique_identifier_msgs/msg/rosidl_generator_cpp__visibility_control.hpp
[2.919s] -- Up-to-date: /home/rassito/microros_ws/install/unique_identifier_msgs/include/unique_identifier_msgs/unique_identifier_msgs/msg/uuid.hpp
[2.919s] -- Up-to-date: /home/rassito/microros_ws/install/unique_identifier_msgs/include/unique_identifier_msgs/unique_identifier_msgs/msg/detail
[2.919s] -- Up-to-date: /home/rassito/microros_ws/install/unique_identifier_msgs/include/unique_identifier_msgs/unique_identifier_msgs/msg/detail/uuid__builder.hpp
[2.919s] -- Up-to-date: /home/rassito/microros_ws/install/unique_identifier_msgs/include/unique_identifier_msgs/unique_identifier_msgs/msg/detail/uuid__traits.hpp
[2.919s] -- Up-to-date: /home/rassito/microros_ws/install/unique_identifier_msgs/include/unique_identifier_msgs/unique_identifier_msgs/msg/detail/uuid__struct.hpp
[2.920s] -- Up-to-date: /home/rassito/microros_ws/install/unique_identifier_msgs/include/unique_identifier_msgs/unique_identifier_msgs/msg/detail/uuid__type_support.hpp
[2.920s] -- Up-to-date: /home/rassito/microros_ws/install/unique_identifier_msgs/include/unique_identifier_msgs/unique_identifier_msgs
[2.920s] -- Up-to-date: /home/rassito/microros_ws/install/unique_identifier_msgs/include/unique_identifier_msgs/unique_identifier_msgs/msg
[2.920s] -- Up-to-date: /home/rassito/microros_ws/install/unique_identifier_msgs/include/unique_identifier_msgs/unique_identifier_msgs/msg/rosidl_typesupport_fastrtps_cpp__visibility_control.h
[2.920s] -- Up-to-date: /home/rassito/microros_ws/install/unique_identifier_msgs/include/unique_identifier_msgs/unique_identifier_msgs/msg/detail
[2.920s] -- Up-to-date: /home/rassito/microros_ws/install/unique_identifier_msgs/include/unique_identifier_msgs/unique_identifier_msgs/msg/detail/uuid__rosidl_typesupport_fastrtps_cpp.hpp
[2.920s] -- Up-to-date: /home/rassito/microros_ws/install/unique_identifier_msgs/include/unique_identifier_msgs/unique_identifier_msgs/msg/detail/dds_fastrtps
[2.920s] -- Up-to-date: /home/rassito/microros_ws/install/unique_identifier_msgs/lib/libunique_identifier_msgs__rosidl_typesupport_fastrtps_cpp.so
[2.920s] -- Up-to-date: /home/rassito/microros_ws/install/unique_identifier_msgs/include/unique_identifier_msgs/unique_identifier_msgs
[2.920s] -- Up-to-date: /home/rassito/microros_ws/install/unique_identifier_msgs/include/unique_identifier_msgs/unique_identifier_msgs/msg
[2.920s] -- Up-to-date: /home/rassito/microros_ws/install/unique_identifier_msgs/include/unique_identifier_msgs/unique_identifier_msgs/msg/detail
[2.921s] -- Up-to-date: /home/rassito/microros_ws/install/unique_identifier_msgs/include/unique_identifier_msgs/unique_identifier_msgs/msg/detail/uuid__rosidl_typesupport_introspection_cpp.hpp
[2.921s] -- Up-to-date: /home/rassito/microros_ws/install/unique_identifier_msgs/include/unique_identifier_msgs/unique_identifier_msgs/msg/detail/uuid__type_support.cpp
[2.921s] -- Up-to-date: /home/rassito/microros_ws/install/unique_identifier_msgs/lib/libunique_identifier_msgs__rosidl_typesupport_introspection_cpp.so
[2.921s] -- Installing: /home/rassito/microros_ws/install/unique_identifier_msgs/lib/libunique_identifier_msgs__rosidl_typesupport_cpp.so
[2.921s] -- Set non-toolchain portion of runtime path of "/home/rassito/microros_ws/install/unique_identifier_msgs/lib/libunique_identifier_msgs__rosidl_typesupport_cpp.so" to ""
[2.921s] -- Up-to-date: /home/rassito/microros_ws/install/unique_identifier_msgs/share/unique_identifier_msgs/environment/pythonpath.sh
[2.921s] -- Up-to-date: /home/rassito/microros_ws/install/unique_identifier_msgs/share/unique_identifier_msgs/environment/pythonpath.dsv
[2.921s] -- Up-to-date: /home/rassito/microros_ws/install/unique_identifier_msgs/lib/python3.12/site-packages/unique_identifier_msgs-2.5.0-py3.12.egg-info
[2.921s] -- Installing: /home/rassito/microros_ws/install/unique_identifier_msgs/lib/python3.12/site-packages/unique_identifier_msgs-2.5.0-py3.12.egg-info/top_level.txt
[2.922s] -- Installing: /home/rassito/microros_ws/install/unique_identifier_msgs/lib/python3.12/site-packages/unique_identifier_msgs-2.5.0-py3.12.egg-info/PKG-INFO
[2.922s] -- Installing: /home/rassito/microros_ws/install/unique_identifier_msgs/lib/python3.12/site-packages/unique_identifier_msgs-2.5.0-py3.12.egg-info/dependency_links.txt
[2.922s] -- Installing: /home/rassito/microros_ws/install/unique_identifier_msgs/lib/python3.12/site-packages/unique_identifier_msgs-2.5.0-py3.12.egg-info/SOURCES.txt
[2.922s] -- Up-to-date: /home/rassito/microros_ws/install/unique_identifier_msgs/lib/python3.12/site-packages/unique_identifier_msgs
[2.922s] -- Up-to-date: /home/rassito/microros_ws/install/unique_identifier_msgs/lib/python3.12/site-packages/unique_identifier_msgs/_unique_identifier_msgs_s.ep.rosidl_typesupport_fastrtps_c.c
[2.922s] -- Up-to-date: /home/rassito/microros_ws/install/unique_identifier_msgs/lib/python3.12/site-packages/unique_identifier_msgs/_unique_identifier_msgs_s.ep.rosidl_typesupport_microxrcedds_c.c
[2.922s] -- Up-to-date: /home/rassito/microros_ws/install/unique_identifier_msgs/lib/python3.12/site-packages/unique_identifier_msgs/unique_identifier_msgs_s__rosidl_typesupport_microxrcedds_c.so
[2.922s] -- Installing: /home/rassito/microros_ws/install/unique_identifier_msgs/lib/python3.12/site-packages/unique_identifier_msgs/unique_identifier_msgs_s__rosidl_typesupport_introspection_c.so
[2.922s] -- Installing: /home/rassito/microros_ws/install/unique_identifier_msgs/lib/python3.12/site-packages/unique_identifier_msgs/unique_identifier_msgs_s__rosidl_typesupport_fastrtps_c.so
[2.922s] -- Installing: /home/rassito/microros_ws/install/unique_identifier_msgs/lib/python3.12/site-packages/unique_identifier_msgs/unique_identifier_msgs_s__rosidl_typesupport_c.so
[2.922s] -- Installing: /home/rassito/microros_ws/install/unique_identifier_msgs/lib/python3.12/site-packages/unique_identifier_msgs/_unique_identifier_msgs_s.ep.rosidl_typesupport_c.c
[2.923s] -- Up-to-date: /home/rassito/microros_ws/install/unique_identifier_msgs/lib/python3.12/site-packages/unique_identifier_msgs/msg
[2.923s] -- Up-to-date: /home/rassito/microros_ws/install/unique_identifier_msgs/lib/python3.12/site-packages/unique_identifier_msgs/msg/_uuid.py
[2.923s] -- Up-to-date: /home/rassito/microros_ws/install/unique_identifier_msgs/lib/python3.12/site-packages/unique_identifier_msgs/msg/_uuid_s.c
[2.923s] -- Up-to-date: /home/rassito/microros_ws/install/unique_identifier_msgs/lib/python3.12/site-packages/unique_identifier_msgs/msg/__init__.py
[2.923s] -- Up-to-date: /home/rassito/microros_ws/install/unique_identifier_msgs/lib/python3.12/site-packages/unique_identifier_msgs/_unique_identifier_msgs_s.ep.rosidl_typesupport_introspection_c.c
[2.923s] -- Installing: /home/rassito/microros_ws/install/unique_identifier_msgs/lib/python3.12/site-packages/unique_identifier_msgs/__init__.py
[2.923s] Listing '/home/rassito/microros_ws/install/unique_identifier_msgs/lib/python3.12/site-packages/unique_identifier_msgs'...
[2.923s] Compiling '/home/rassito/microros_ws/install/unique_identifier_msgs/lib/python3.12/site-packages/unique_identifier_msgs/__init__.py'...
[2.923s] Listing '/home/rassito/microros_ws/install/unique_identifier_msgs/lib/python3.12/site-packages/unique_identifier_msgs/msg'...
[2.923s] -- Installing: /home/rassito/microros_ws/install/unique_identifier_msgs/lib/python3.12/site-packages/unique_identifier_msgs/unique_identifier_msgs_s__rosidl_typesupport_fastrtps_c.so
[2.923s] -- Set non-toolchain portion of runtime path of "/home/rassito/microros_ws/install/unique_identifier_msgs/lib/python3.12/site-packages/unique_identifier_msgs/unique_identifier_msgs_s__rosidl_typesupport_fastrtps_c.so" to ""
[2.924s] -- Installing: /home/rassito/microros_ws/install/unique_identifier_msgs/lib/python3.12/site-packages/unique_identifier_msgs/unique_identifier_msgs_s__rosidl_typesupport_introspection_c.so
[2.925s] -- Set non-toolchain portion of runtime path of "/home/rassito/microros_ws/install/unique_identifier_msgs/lib/python3.12/site-packages/unique_identifier_msgs/unique_identifier_msgs_s__rosidl_typesupport_introspection_c.so" to ""
[2.925s] -- Installing: /home/rassito/microros_ws/install/unique_identifier_msgs/lib/python3.12/site-packages/unique_identifier_msgs/unique_identifier_msgs_s__rosidl_typesupport_c.so
[2.925s] -- Set non-toolchain portion of runtime path of "/home/rassito/microros_ws/install/unique_identifier_msgs/lib/python3.12/site-packages/unique_identifier_msgs/unique_identifier_msgs_s__rosidl_typesupport_c.so" to ""
[2.925s] -- Installing: /home/rassito/microros_ws/install/unique_identifier_msgs/lib/libunique_identifier_msgs__rosidl_generator_py.so
[2.926s] -- Set non-toolchain portion of runtime path of "/home/rassito/microros_ws/install/unique_identifier_msgs/lib/libunique_identifier_msgs__rosidl_generator_py.so" to ""
[2.926s] -- Up-to-date: /home/rassito/microros_ws/install/unique_identifier_msgs/share/unique_identifier_msgs/msg/UUID.idl
[2.926s] -- Up-to-date: /home/rassito/microros_ws/install/unique_identifier_msgs/share/unique_identifier_msgs/msg/UUID.msg
[2.926s] -- Up-to-date: /home/rassito/microros_ws/install/unique_identifier_msgs/share/ament_index/resource_index/package_run_dependencies/unique_identifier_msgs
[2.926s] -- Installing: /home/rassito/microros_ws/install/unique_identifier_msgs/share/ament_index/resource_index/parent_prefix_path/unique_identifier_msgs
[2.926s] -- Up-to-date: /home/rassito/microros_ws/install/unique_identifier_msgs/share/unique_identifier_msgs/environment/ament_prefix_path.sh
[2.927s] -- Up-to-date: /home/rassito/microros_ws/install/unique_identifier_msgs/share/unique_identifier_msgs/environment/ament_prefix_path.dsv
[2.927s] -- Up-to-date: /home/rassito/microros_ws/install/unique_identifier_msgs/share/unique_identifier_msgs/environment/path.sh
[2.927s] -- Up-to-date: /home/rassito/microros_ws/install/unique_identifier_msgs/share/unique_identifier_msgs/environment/path.dsv
[2.927s] -- Up-to-date: /home/rassito/microros_ws/install/unique_identifier_msgs/share/unique_identifier_msgs/local_setup.bash
[2.927s] -- Up-to-date: /home/rassito/microros_ws/install/unique_identifier_msgs/share/unique_identifier_msgs/local_setup.sh
[2.927s] -- Up-to-date: /home/rassito/microros_ws/install/unique_identifier_msgs/share/unique_identifier_msgs/local_setup.zsh
[2.927s] -- Up-to-date: /home/rassito/microros_ws/install/unique_identifier_msgs/share/unique_identifier_msgs/local_setup.dsv
[2.927s] -- Installing: /home/rassito/microros_ws/install/unique_identifier_msgs/share/unique_identifier_msgs/package.dsv
[2.927s] -- Up-to-date: /home/rassito/microros_ws/install/unique_identifier_msgs/share/ament_index/resource_index/packages/unique_identifier_msgs
[2.928s] -- Up-to-date: /home/rassito/microros_ws/install/unique_identifier_msgs/share/unique_identifier_msgs/cmake/export_unique_identifier_msgs__rosidl_generator_cExport.cmake
[2.928s] -- Up-to-date: /home/rassito/microros_ws/install/unique_identifier_msgs/share/unique_identifier_msgs/cmake/export_unique_identifier_msgs__rosidl_generator_cExport-noconfig.cmake
[2.928s] -- Up-to-date: /home/rassito/microros_ws/install/unique_identifier_msgs/share/unique_identifier_msgs/cmake/export_unique_identifier_msgs__rosidl_typesupport_fastrtps_cExport.cmake
[2.928s] -- Up-to-date: /home/rassito/microros_ws/install/unique_identifier_msgs/share/unique_identifier_msgs/cmake/export_unique_identifier_msgs__rosidl_typesupport_fastrtps_cExport-noconfig.cmake
[2.928s] -- Up-to-date: /home/rassito/microros_ws/install/unique_identifier_msgs/share/unique_identifier_msgs/cmake/unique_identifier_msgs__rosidl_typesupport_introspection_cExport.cmake
[2.928s] -- Up-to-date: /home/rassito/microros_ws/install/unique_identifier_msgs/share/unique_identifier_msgs/cmake/unique_identifier_msgs__rosidl_typesupport_introspection_cExport-noconfig.cmake
[2.928s] -- Up-to-date: /home/rassito/microros_ws/install/unique_identifier_msgs/share/unique_identifier_msgs/cmake/unique_identifier_msgs__rosidl_typesupport_cExport.cmake
[2.928s] -- Up-to-date: /home/rassito/microros_ws/install/unique_identifier_msgs/share/unique_identifier_msgs/cmake/unique_identifier_msgs__rosidl_typesupport_cExport-noconfig.cmake
[2.928s] -- Up-to-date: /home/rassito/microros_ws/install/unique_identifier_msgs/share/unique_identifier_msgs/cmake/export_unique_identifier_msgs__rosidl_generator_cppExport.cmake
[2.928s] -- Up-to-date: /home/rassito/microros_ws/install/unique_identifier_msgs/share/unique_identifier_msgs/cmake/export_unique_identifier_msgs__rosidl_typesupport_fastrtps_cppExport.cmake
[2.929s] -- Up-to-date: /home/rassito/microros_ws/install/unique_identifier_msgs/share/unique_identifier_msgs/cmake/export_unique_identifier_msgs__rosidl_typesupport_fastrtps_cppExport-noconfig.cmake
[2.929s] -- Up-to-date: /home/rassito/microros_ws/install/unique_identifier_msgs/share/unique_identifier_msgs/cmake/unique_identifier_msgs__rosidl_typesupport_introspection_cppExport.cmake
[2.929s] -- Up-to-date: /home/rassito/microros_ws/install/unique_identifier_msgs/share/unique_identifier_msgs/cmake/unique_identifier_msgs__rosidl_typesupport_introspection_cppExport-noconfig.cmake
[2.929s] -- Up-to-date: /home/rassito/microros_ws/install/unique_identifier_msgs/share/unique_identifier_msgs/cmake/unique_identifier_msgs__rosidl_typesupport_cppExport.cmake
[2.929s] -- Up-to-date: /home/rassito/microros_ws/install/unique_identifier_msgs/share/unique_identifier_msgs/cmake/unique_identifier_msgs__rosidl_typesupport_cppExport-noconfig.cmake
[2.929s] -- Up-to-date: /home/rassito/microros_ws/install/unique_identifier_msgs/share/unique_identifier_msgs/cmake/export_unique_identifier_msgs__rosidl_generator_pyExport.cmake
[2.929s] -- Up-to-date: /home/rassito/microros_ws/install/unique_identifier_msgs/share/unique_identifier_msgs/cmake/export_unique_identifier_msgs__rosidl_generator_pyExport-noconfig.cmake
[2.929s] -- Up-to-date: /home/rassito/microros_ws/install/unique_identifier_msgs/share/unique_identifier_msgs/cmake/rosidl_cmake-extras.cmake
[2.929s] -- Installing: /home/rassito/microros_ws/install/unique_identifier_msgs/share/unique_identifier_msgs/cmake/ament_cmake_export_include_directories-extras.cmake
[2.929s] -- Up-to-date: /home/rassito/microros_ws/install/unique_identifier_msgs/share/unique_identifier_msgs/cmake/ament_cmake_export_libraries-extras.cmake
[2.930s] -- Up-to-date: /home/rassito/microros_ws/install/unique_identifier_msgs/share/unique_identifier_msgs/cmake/ament_cmake_export_targets-extras.cmake
[2.930s] -- Up-to-date: /home/rassito/microros_ws/install/unique_identifier_msgs/share/unique_identifier_msgs/cmake/rosidl_cmake_export_typesupport_targets-extras.cmake
[2.930s] -- Up-to-date: /home/rassito/microros_ws/install/unique_identifier_msgs/share/unique_identifier_msgs/cmake/ament_cmake_export_dependencies-extras.cmake
[2.930s] -- Installing: /home/rassito/microros_ws/install/unique_identifier_msgs/share/unique_identifier_msgs/cmake/rosidl_cmake_export_typesupport_libraries-extras.cmake
[2.930s] -- Up-to-date: /home/rassito/microros_ws/install/unique_identifier_msgs/share/unique_identifier_msgs/cmake/unique_identifier_msgsConfig.cmake
[2.930s] -- Up-to-date: /home/rassito/microros_ws/install/unique_identifier_msgs/share/unique_identifier_msgs/cmake/unique_identifier_msgsConfig-version.cmake
[2.930s] -- Up-to-date: /home/rassito/microros_ws/install/unique_identifier_msgs/share/unique_identifier_msgs/package.xml
[2.930s] -- Up-to-date: /home/rassito/microros_ws/install/unique_identifier_msgs/share/unique_identifier_msgs/mapping_rules.yaml
[2.935s] Invoked command in '/home/rassito/microros_ws/build/unique_identifier_msgs' returned '0': CMAKE_PREFIX_PATH=${CMAKE_PREFIX_PATH}:/home/rassito/ros_ws/install/super_pkg:/opt/ros/jazzy DEBUGINFOD_URLS=https://debuginfod.ubuntu.com /usr/bin/cmake --install /home/rassito/microros_ws/build/unique_identifier_msgs
