[0.476s] Invoking command in '/home/rassito/Documents/ros_projects/Bionic-Hand/src/my_package': DEBUGINFOD_URLS=https://debuginfod.ubuntu.com PYTHONPATH=/home/rassito/Documents/ros_projects/Bionic-Hand/src/my_package/build/my_package/prefix_override:/usr/lib/python3/dist-packages/colcon_core/task/python/colcon_distutils_commands:/home/rassito/Documents/ros_projects/Bionic-Hand/src/my_package/install/my_package/lib/python3.12/site-packages:${PYTHONPATH} /usr/bin/python3 -W ignore:setup.py install is deprecated -W ignore:easy_install command is deprecated setup.py egg_info --egg-base build/my_package build --build-base /home/rassito/Documents/ros_projects/Bionic-Hand/src/my_package/build/my_package/build install --record /home/rassito/Documents/ros_projects/Bionic-Hand/src/my_package/build/my_package/install.log --single-version-externally-managed install_data
[0.656s] running egg_info
[0.668s] writing build/my_package/my_package.egg-info/PKG-INFO
[0.669s] writing dependency_links to build/my_package/my_package.egg-info/dependency_links.txt
[0.669s] writing entry points to build/my_package/my_package.egg-info/entry_points.txt
[0.669s] writing requirements to build/my_package/my_package.egg-info/requires.txt
[0.669s] writing top-level names to build/my_package/my_package.egg-info/top_level.txt
[0.693s] reading manifest file 'build/my_package/my_package.egg-info/SOURCES.txt'
[0.693s] adding license file 'LICENSE'
[0.694s] writing manifest file 'build/my_package/my_package.egg-info/SOURCES.txt'
[0.694s] running build
[0.694s] running build_py
[0.694s] copying my_package/hand_driver.py -> /home/rassito/Documents/ros_projects/Bionic-Hand/src/my_package/build/my_package/build/lib/my_package
[0.694s] running install
[0.699s] running install_lib
[0.710s] copying /home/rassito/Documents/ros_projects/Bionic-Hand/src/my_package/build/my_package/build/lib/my_package/hand_driver.py -> /home/rassito/Documents/ros_projects/Bionic-Hand/src/my_package/install/my_package/lib/python3.12/site-packages/my_package
[0.711s] byte-compiling /home/rassito/Documents/ros_projects/Bionic-Hand/src/my_package/install/my_package/lib/python3.12/site-packages/my_package/hand_driver.py to hand_driver.cpython-312.pyc
[0.712s] running install_data
[0.712s] running install_egg_info
[0.724s] removing '/home/rassito/Documents/ros_projects/Bionic-Hand/src/my_package/install/my_package/lib/python3.12/site-packages/my_package-0.0.0-py3.12.egg-info' (and everything under it)
[0.724s] Copying build/my_package/my_package.egg-info to /home/rassito/Documents/ros_projects/Bionic-Hand/src/my_package/install/my_package/lib/python3.12/site-packages/my_package-0.0.0-py3.12.egg-info
[0.725s] running install_scripts
[0.804s] Installing hand_driver script to /home/rassito/Documents/ros_projects/Bionic-Hand/src/my_package/install/my_package/lib/my_package
[0.804s] writing list of installed files to '/home/rassito/Documents/ros_projects/Bionic-Hand/src/my_package/build/my_package/install.log'
[0.821s] Invoked command in '/home/rassito/Documents/ros_projects/Bionic-Hand/src/my_package' returned '0': DEBUGINFOD_URLS=https://debuginfod.ubuntu.com PYTHONPATH=/home/rassito/Documents/ros_projects/Bionic-Hand/src/my_package/build/my_package/prefix_override:/usr/lib/python3/dist-packages/colcon_core/task/python/colcon_distutils_commands:/home/rassito/Documents/ros_projects/Bionic-Hand/src/my_package/install/my_package/lib/python3.12/site-packages:${PYTHONPATH} /usr/bin/python3 -W ignore:setup.py install is deprecated -W ignore:easy_install command is deprecated setup.py egg_info --egg-base build/my_package build --build-base /home/rassito/Documents/ros_projects/Bionic-Hand/src/my_package/build/my_package/build install --record /home/rassito/Documents/ros_projects/Bionic-Hand/src/my_package/build/my_package/install.log --single-version-externally-managed install_data
