[0.034s] Invoking command in '/home/rassito/microros_ws/build/micro_ros_msgs': CMAKE_PREFIX_PATH=${CMAKE_PREFIX_PATH}:/home/rassito/microros_ws/install/sensor_msgs_py:/home/rassito/ros_ws/install/super_pkg:/opt/ros/jazzy DEBUGINFOD_URLS=https://debuginfod.ubuntu.com /usr/bin/cmake --build /home/rassito/microros_ws/build/micro_ros_msgs -- -j16 -l16
[0.078s] [  1%] Built target micro_ros_msgs__rosidl_generator_type_description
[0.090s] [  1%] Built target ament_cmake_python_copy_micro_ros_msgs
[0.104s] [  3%] Built target micro_ros_msgs__cpp
[0.107s] [ 19%] Built target micro_ros_msgs__rosidl_generator_c
[0.168s] [ 27%] Built target micro_ros_msgs__rosidl_typesupport_microxrcedds_cpp
[0.189s] [ 34%] Built target micro_ros_msgs__rosidl_typesupport_fastrtps_c
[0.198s] [ 42%] Built target micro_ros_msgs__rosidl_typesupport_fastrtps_cpp
[0.200s] [ 50%] Built target micro_ros_msgs__rosidl_typesupport_c
[0.202s] [ 57%] Built target micro_ros_msgs__rosidl_typesupport_introspection_cpp
[0.208s] [ 65%] Built target micro_ros_msgs__rosidl_typesupport_introspection_c
[0.230s] [ 72%] Built target micro_ros_msgs__rosidl_typesupport_microxrcedds_c
[0.232s] [ 80%] Built target micro_ros_msgs__rosidl_typesupport_cpp
[0.270s] [ 80%] Built target micro_ros_msgs
[0.297s] [ 81%] Built target micro_ros_msgs__py
[0.325s] [ 87%] Built target micro_ros_msgs__rosidl_generator_py
[0.358s] [ 90%] Built target micro_ros_msgs_s__rosidl_typesupport_microxrcedds_c
[0.361s] [ 93%] Built target micro_ros_msgs_s__rosidl_typesupport_fastrtps_c
[0.370s] [ 96%] Built target micro_ros_msgs_s__rosidl_typesupport_introspection_c
[0.376s] [100%] Built target micro_ros_msgs_s__rosidl_typesupport_c
[0.413s] running egg_info
[0.428s] writing micro_ros_msgs.egg-info/PKG-INFO
[0.429s] writing dependency_links to micro_ros_msgs.egg-info/dependency_links.txt
[0.429s] writing top-level names to micro_ros_msgs.egg-info/top_level.txt
[0.476s] reading manifest file 'micro_ros_msgs.egg-info/SOURCES.txt'
[0.477s] writing manifest file 'micro_ros_msgs.egg-info/SOURCES.txt'
[0.501s] [100%] Built target ament_cmake_python_build_micro_ros_msgs_egg
[0.511s] Invoked command in '/home/rassito/microros_ws/build/micro_ros_msgs' returned '0': CMAKE_PREFIX_PATH=${CMAKE_PREFIX_PATH}:/home/rassito/microros_ws/install/sensor_msgs_py:/home/rassito/ros_ws/install/super_pkg:/opt/ros/jazzy DEBUGINFOD_URLS=https://debuginfod.ubuntu.com /usr/bin/cmake --build /home/rassito/microros_ws/build/micro_ros_msgs -- -j16 -l16
[0.512s] Invoking command in '/home/rassito/microros_ws/build/micro_ros_msgs': CMAKE_PREFIX_PATH=${CMAKE_PREFIX_PATH}:/home/rassito/microros_ws/install/sensor_msgs_py:/home/rassito/ros_ws/install/super_pkg:/opt/ros/jazzy DEBUGINFOD_URLS=https://debuginfod.ubuntu.com /usr/bin/cmake --install /home/rassito/microros_ws/build/micro_ros_msgs
[0.523s] -- Install configuration: ""
[0.523s] -- Up-to-date: /home/rassito/microros_ws/install/micro_ros_msgs/share/ament_index/resource_index/rosidl_interfaces/micro_ros_msgs
[0.523s] -- Up-to-date: /home/rassito/microros_ws/install/micro_ros_msgs/share/micro_ros_msgs/msg/Graph.json
[0.523s] -- Up-to-date: /home/rassito/microros_ws/install/micro_ros_msgs/share/micro_ros_msgs/msg/Node.json
[0.523s] -- Up-to-date: /home/rassito/microros_ws/install/micro_ros_msgs/share/micro_ros_msgs/msg/Entity.json
[0.523s] -- Up-to-date: /home/rassito/microros_ws/install/micro_ros_msgs/include/micro_ros_msgs/micro_ros_msgs
[0.523s] -- Up-to-date: /home/rassito/microros_ws/install/micro_ros_msgs/include/micro_ros_msgs/micro_ros_msgs/msg
[0.526s] -- Up-to-date: /home/rassito/microros_ws/install/micro_ros_msgs/include/micro_ros_msgs/micro_ros_msgs/msg/entity.h
[0.526s] -- Up-to-date: /home/rassito/microros_ws/install/micro_ros_msgs/include/micro_ros_msgs/micro_ros_msgs/msg/graph.h
[0.526s] -- Up-to-date: /home/rassito/microros_ws/install/micro_ros_msgs/include/micro_ros_msgs/micro_ros_msgs/msg/node.h
[0.526s] -- Up-to-date: /home/rassito/microros_ws/install/micro_ros_msgs/include/micro_ros_msgs/micro_ros_msgs/msg/detail
[0.526s] -- Up-to-date: /home/rassito/microros_ws/install/micro_ros_msgs/include/micro_ros_msgs/micro_ros_msgs/msg/detail/graph__functions.h
[0.526s] -- Up-to-date: /home/rassito/microros_ws/install/micro_ros_msgs/include/micro_ros_msgs/micro_ros_msgs/msg/detail/node__type_support.c
[0.526s] -- Up-to-date: /home/rassito/microros_ws/install/micro_ros_msgs/include/micro_ros_msgs/micro_ros_msgs/msg/detail/graph__description.c
[0.526s] -- Up-to-date: /home/rassito/microros_ws/install/micro_ros_msgs/include/micro_ros_msgs/micro_ros_msgs/msg/detail/graph__struct.h
[0.527s] -- Up-to-date: /home/rassito/microros_ws/install/micro_ros_msgs/include/micro_ros_msgs/micro_ros_msgs/msg/detail/node__description.c
[0.527s] -- Up-to-date: /home/rassito/microros_ws/install/micro_ros_msgs/include/micro_ros_msgs/micro_ros_msgs/msg/detail/graph__functions.c
[0.527s] -- Up-to-date: /home/rassito/microros_ws/install/micro_ros_msgs/include/micro_ros_msgs/micro_ros_msgs/msg/detail/node__functions.c
[0.527s] -- Up-to-date: /home/rassito/microros_ws/install/micro_ros_msgs/include/micro_ros_msgs/micro_ros_msgs/msg/detail/entity__functions.c
[0.527s] -- Up-to-date: /home/rassito/microros_ws/install/micro_ros_msgs/include/micro_ros_msgs/micro_ros_msgs/msg/detail/node__struct.h
[0.527s] -- Up-to-date: /home/rassito/microros_ws/install/micro_ros_msgs/include/micro_ros_msgs/micro_ros_msgs/msg/detail/node__type_support.h
[0.527s] -- Up-to-date: /home/rassito/microros_ws/install/micro_ros_msgs/include/micro_ros_msgs/micro_ros_msgs/msg/detail/entity__type_support.h
[0.527s] -- Up-to-date: /home/rassito/microros_ws/install/micro_ros_msgs/include/micro_ros_msgs/micro_ros_msgs/msg/detail/entity__struct.h
[0.527s] -- Up-to-date: /home/rassito/microros_ws/install/micro_ros_msgs/include/micro_ros_msgs/micro_ros_msgs/msg/detail/entity__functions.h
[0.527s] -- Up-to-date: /home/rassito/microros_ws/install/micro_ros_msgs/include/micro_ros_msgs/micro_ros_msgs/msg/detail/entity__description.c
[0.527s] -- Up-to-date: /home/rassito/microros_ws/install/micro_ros_msgs/include/micro_ros_msgs/micro_ros_msgs/msg/detail/graph__type_support.h
[0.527s] -- Up-to-date: /home/rassito/microros_ws/install/micro_ros_msgs/include/micro_ros_msgs/micro_ros_msgs/msg/detail/graph__type_support.c
[0.527s] -- Up-to-date: /home/rassito/microros_ws/install/micro_ros_msgs/include/micro_ros_msgs/micro_ros_msgs/msg/detail/entity__type_support.c
[0.528s] -- Up-to-date: /home/rassito/microros_ws/install/micro_ros_msgs/include/micro_ros_msgs/micro_ros_msgs/msg/detail/node__functions.h
[0.528s] -- Up-to-date: /home/rassito/microros_ws/install/micro_ros_msgs/include/micro_ros_msgs/micro_ros_msgs/msg/rosidl_generator_c__visibility_control.h
[0.528s] -- Up-to-date: /home/rassito/microros_ws/install/micro_ros_msgs/share/micro_ros_msgs/environment/library_path.sh
[0.528s] -- Up-to-date: /home/rassito/microros_ws/install/micro_ros_msgs/share/micro_ros_msgs/environment/library_path.dsv
[0.528s] -- Up-to-date: /home/rassito/microros_ws/install/micro_ros_msgs/lib/libmicro_ros_msgs__rosidl_generator_c.so
[0.528s] -- Up-to-date: /home/rassito/microros_ws/install/micro_ros_msgs/include/micro_ros_msgs
[0.528s] -- Up-to-date: /home/rassito/microros_ws/install/micro_ros_msgs/include/micro_ros_msgs/msg
[0.528s] -- Up-to-date: /home/rassito/microros_ws/install/micro_ros_msgs/include/micro_ros_msgs/msg/detail
[0.528s] -- Up-to-date: /home/rassito/microros_ws/install/micro_ros_msgs/include/micro_ros_msgs/msg/detail/microxrcedds
[0.528s] -- Up-to-date: /home/rassito/microros_ws/install/micro_ros_msgs/include/micro_ros_msgs/msg/detail/node__rosidl_typesupport_microxrcedds_c.h
[0.528s] -- Up-to-date: /home/rassito/microros_ws/install/micro_ros_msgs/include/micro_ros_msgs/msg/detail/entity__rosidl_typesupport_microxrcedds_c.h
[0.528s] -- Up-to-date: /home/rassito/microros_ws/install/micro_ros_msgs/include/micro_ros_msgs/msg/detail/graph__rosidl_typesupport_microxrcedds_c.h
[0.529s] -- Up-to-date: /home/rassito/microros_ws/install/micro_ros_msgs/include/micro_ros_msgs/msg/rosidl_typesupport_microxrcedds_c__visibility_control.h
[0.529s] -- Up-to-date: /home/rassito/microros_ws/install/micro_ros_msgs/lib/libmicro_ros_msgs__rosidl_typesupport_microxrcedds_c.so
[0.529s] -- Up-to-date: /home/rassito/microros_ws/install/micro_ros_msgs/include/micro_ros_msgs/micro_ros_msgs
[0.529s] -- Up-to-date: /home/rassito/microros_ws/install/micro_ros_msgs/include/micro_ros_msgs/micro_ros_msgs/msg
[0.529s] -- Up-to-date: /home/rassito/microros_ws/install/micro_ros_msgs/include/micro_ros_msgs/micro_ros_msgs/msg/rosidl_typesupport_fastrtps_c__visibility_control.h
[0.529s] -- Up-to-date: /home/rassito/microros_ws/install/micro_ros_msgs/include/micro_ros_msgs/micro_ros_msgs/msg/detail
[0.529s] -- Up-to-date: /home/rassito/microros_ws/install/micro_ros_msgs/include/micro_ros_msgs/micro_ros_msgs/msg/detail/graph__rosidl_typesupport_fastrtps_c.h
[0.529s] -- Up-to-date: /home/rassito/microros_ws/install/micro_ros_msgs/include/micro_ros_msgs/micro_ros_msgs/msg/detail/entity__rosidl_typesupport_fastrtps_c.h
[0.529s] -- Up-to-date: /home/rassito/microros_ws/install/micro_ros_msgs/include/micro_ros_msgs/micro_ros_msgs/msg/detail/node__rosidl_typesupport_fastrtps_c.h
[0.529s] -- Up-to-date: /home/rassito/microros_ws/install/micro_ros_msgs/lib/libmicro_ros_msgs__rosidl_typesupport_fastrtps_c.so
[0.529s] -- Up-to-date: /home/rassito/microros_ws/install/micro_ros_msgs/include/micro_ros_msgs/micro_ros_msgs
[0.529s] -- Up-to-date: /home/rassito/microros_ws/install/micro_ros_msgs/include/micro_ros_msgs/micro_ros_msgs/msg
[0.530s] -- Up-to-date: /home/rassito/microros_ws/install/micro_ros_msgs/include/micro_ros_msgs/micro_ros_msgs/msg/rosidl_typesupport_introspection_c__visibility_control.h
[0.530s] -- Up-to-date: /home/rassito/microros_ws/install/micro_ros_msgs/include/micro_ros_msgs/micro_ros_msgs/msg/detail
[0.530s] -- Up-to-date: /home/rassito/microros_ws/install/micro_ros_msgs/include/micro_ros_msgs/micro_ros_msgs/msg/detail/entity__rosidl_typesupport_introspection_c.h
[0.530s] -- Up-to-date: /home/rassito/microros_ws/install/micro_ros_msgs/include/micro_ros_msgs/micro_ros_msgs/msg/detail/node__type_support.c
[0.530s] -- Up-to-date: /home/rassito/microros_ws/install/micro_ros_msgs/include/micro_ros_msgs/micro_ros_msgs/msg/detail/node__rosidl_typesupport_introspection_c.h
[0.530s] -- Up-to-date: /home/rassito/microros_ws/install/micro_ros_msgs/include/micro_ros_msgs/micro_ros_msgs/msg/detail/graph__rosidl_typesupport_introspection_c.h
[0.530s] -- Up-to-date: /home/rassito/microros_ws/install/micro_ros_msgs/include/micro_ros_msgs/micro_ros_msgs/msg/detail/graph__type_support.c
[0.530s] -- Up-to-date: /home/rassito/microros_ws/install/micro_ros_msgs/include/micro_ros_msgs/micro_ros_msgs/msg/detail/entity__type_support.c
[0.530s] -- Up-to-date: /home/rassito/microros_ws/install/micro_ros_msgs/lib/libmicro_ros_msgs__rosidl_typesupport_introspection_c.so
[0.530s] -- Up-to-date: /home/rassito/microros_ws/install/micro_ros_msgs/lib/libmicro_ros_msgs__rosidl_typesupport_c.so
[0.535s] -- Up-to-date: /home/rassito/microros_ws/install/micro_ros_msgs/include/micro_ros_msgs/micro_ros_msgs
[0.535s] -- Up-to-date: /home/rassito/microros_ws/install/micro_ros_msgs/include/micro_ros_msgs/micro_ros_msgs/msg
[0.535s] -- Up-to-date: /home/rassito/microros_ws/install/micro_ros_msgs/include/micro_ros_msgs/micro_ros_msgs/msg/rosidl_generator_cpp__visibility_control.hpp
[0.535s] -- Up-to-date: /home/rassito/microros_ws/install/micro_ros_msgs/include/micro_ros_msgs/micro_ros_msgs/msg/node.hpp
[0.535s] -- Up-to-date: /home/rassito/microros_ws/install/micro_ros_msgs/include/micro_ros_msgs/micro_ros_msgs/msg/graph.hpp
[0.536s] -- Up-to-date: /home/rassito/microros_ws/install/micro_ros_msgs/include/micro_ros_msgs/micro_ros_msgs/msg/entity.hpp
[0.536s] -- Up-to-date: /home/rassito/microros_ws/install/micro_ros_msgs/include/micro_ros_msgs/micro_ros_msgs/msg/detail
[0.536s] -- Up-to-date: /home/rassito/microros_ws/install/micro_ros_msgs/include/micro_ros_msgs/micro_ros_msgs/msg/detail/graph__traits.hpp
[0.536s] -- Up-to-date: /home/rassito/microros_ws/install/micro_ros_msgs/include/micro_ros_msgs/micro_ros_msgs/msg/detail/entity__traits.hpp
[0.536s] -- Up-to-date: /home/rassito/microros_ws/install/micro_ros_msgs/include/micro_ros_msgs/micro_ros_msgs/msg/detail/graph__type_support.hpp
[0.536s] -- Up-to-date: /home/rassito/microros_ws/install/micro_ros_msgs/include/micro_ros_msgs/micro_ros_msgs/msg/detail/node__struct.hpp
[0.536s] -- Up-to-date: /home/rassito/microros_ws/install/micro_ros_msgs/include/micro_ros_msgs/micro_ros_msgs/msg/detail/node__builder.hpp
[0.537s] -- Up-to-date: /home/rassito/microros_ws/install/micro_ros_msgs/include/micro_ros_msgs/micro_ros_msgs/msg/detail/node__traits.hpp
[0.537s] -- Up-to-date: /home/rassito/microros_ws/install/micro_ros_msgs/include/micro_ros_msgs/micro_ros_msgs/msg/detail/entity__builder.hpp
[0.537s] -- Up-to-date: /home/rassito/microros_ws/install/micro_ros_msgs/include/micro_ros_msgs/micro_ros_msgs/msg/detail/graph__struct.hpp
[0.537s] -- Up-to-date: /home/rassito/microros_ws/install/micro_ros_msgs/include/micro_ros_msgs/micro_ros_msgs/msg/detail/entity__struct.hpp
[0.537s] -- Up-to-date: /home/rassito/microros_ws/install/micro_ros_msgs/include/micro_ros_msgs/micro_ros_msgs/msg/detail/node__type_support.hpp
[0.537s] -- Up-to-date: /home/rassito/microros_ws/install/micro_ros_msgs/include/micro_ros_msgs/micro_ros_msgs/msg/detail/entity__type_support.hpp
[0.537s] -- Up-to-date: /home/rassito/microros_ws/install/micro_ros_msgs/include/micro_ros_msgs/micro_ros_msgs/msg/detail/graph__builder.hpp
[0.537s] -- Up-to-date: /home/rassito/microros_ws/install/micro_ros_msgs/include/micro_ros_msgs
[0.537s] -- Up-to-date: /home/rassito/microros_ws/install/micro_ros_msgs/include/micro_ros_msgs/msg
[0.537s] -- Up-to-date: /home/rassito/microros_ws/install/micro_ros_msgs/include/micro_ros_msgs/msg/rosidl_typesupport_microxrcedds_cpp__visibility_control.h
[0.537s] -- Up-to-date: /home/rassito/microros_ws/install/micro_ros_msgs/include/micro_ros_msgs/msg/detail
[0.537s] -- Up-to-date: /home/rassito/microros_ws/install/micro_ros_msgs/include/micro_ros_msgs/msg/detail/microxrcedds
[0.538s] -- Up-to-date: /home/rassito/microros_ws/install/micro_ros_msgs/include/micro_ros_msgs/msg/detail/microxrcedds/entity__type_support_cpp.cpp
[0.538s] -- Up-to-date: /home/rassito/microros_ws/install/micro_ros_msgs/include/micro_ros_msgs/msg/detail/microxrcedds/node__type_support_cpp.cpp
[0.538s] -- Up-to-date: /home/rassito/microros_ws/install/micro_ros_msgs/include/micro_ros_msgs/msg/detail/microxrcedds/graph__type_support_cpp.cpp
[0.538s] -- Up-to-date: /home/rassito/microros_ws/install/micro_ros_msgs/include/micro_ros_msgs/msg/detail/graph__rosidl_typesupport_microxrcedds_cpp.hpp
[0.538s] -- Up-to-date: /home/rassito/microros_ws/install/micro_ros_msgs/include/micro_ros_msgs/msg/detail/entity__rosidl_typesupport_microxrcedds_cpp.hpp
[0.538s] -- Up-to-date: /home/rassito/microros_ws/install/micro_ros_msgs/include/micro_ros_msgs/msg/detail/node__rosidl_typesupport_microxrcedds_cpp.hpp
[0.539s] -- Up-to-date: /home/rassito/microros_ws/install/micro_ros_msgs/lib/libmicro_ros_msgs__rosidl_typesupport_microxrcedds_cpp.so
[0.539s] -- Up-to-date: /home/rassito/microros_ws/install/micro_ros_msgs/include/micro_ros_msgs/micro_ros_msgs
[0.539s] -- Up-to-date: /home/rassito/microros_ws/install/micro_ros_msgs/include/micro_ros_msgs/micro_ros_msgs/msg
[0.539s] -- Up-to-date: /home/rassito/microros_ws/install/micro_ros_msgs/include/micro_ros_msgs/micro_ros_msgs/msg/rosidl_typesupport_fastrtps_cpp__visibility_control.h
[0.539s] -- Up-to-date: /home/rassito/microros_ws/install/micro_ros_msgs/include/micro_ros_msgs/micro_ros_msgs/msg/detail
[0.539s] -- Up-to-date: /home/rassito/microros_ws/install/micro_ros_msgs/include/micro_ros_msgs/micro_ros_msgs/msg/detail/graph__rosidl_typesupport_fastrtps_cpp.hpp
[0.539s] -- Up-to-date: /home/rassito/microros_ws/install/micro_ros_msgs/include/micro_ros_msgs/micro_ros_msgs/msg/detail/entity__rosidl_typesupport_fastrtps_cpp.hpp
[0.539s] -- Up-to-date: /home/rassito/microros_ws/install/micro_ros_msgs/include/micro_ros_msgs/micro_ros_msgs/msg/detail/node__rosidl_typesupport_fastrtps_cpp.hpp
[0.539s] -- Up-to-date: /home/rassito/microros_ws/install/micro_ros_msgs/include/micro_ros_msgs/micro_ros_msgs/msg/detail/dds_fastrtps
[0.539s] -- Up-to-date: /home/rassito/microros_ws/install/micro_ros_msgs/lib/libmicro_ros_msgs__rosidl_typesupport_fastrtps_cpp.so
[0.539s] -- Up-to-date: /home/rassito/microros_ws/install/micro_ros_msgs/include/micro_ros_msgs/micro_ros_msgs
[0.540s] -- Up-to-date: /home/rassito/microros_ws/install/micro_ros_msgs/include/micro_ros_msgs/micro_ros_msgs/msg
[0.540s] -- Up-to-date: /home/rassito/microros_ws/install/micro_ros_msgs/include/micro_ros_msgs/micro_ros_msgs/msg/detail
[0.540s] -- Up-to-date: /home/rassito/microros_ws/install/micro_ros_msgs/include/micro_ros_msgs/micro_ros_msgs/msg/detail/entity__rosidl_typesupport_introspection_cpp.hpp
[0.540s] -- Up-to-date: /home/rassito/microros_ws/install/micro_ros_msgs/include/micro_ros_msgs/micro_ros_msgs/msg/detail/graph__type_support.cpp
[0.540s] -- Up-to-date: /home/rassito/microros_ws/install/micro_ros_msgs/include/micro_ros_msgs/micro_ros_msgs/msg/detail/entity__type_support.cpp
[0.540s] -- Up-to-date: /home/rassito/microros_ws/install/micro_ros_msgs/include/micro_ros_msgs/micro_ros_msgs/msg/detail/node__type_support.cpp
[0.540s] -- Up-to-date: /home/rassito/microros_ws/install/micro_ros_msgs/include/micro_ros_msgs/micro_ros_msgs/msg/detail/graph__rosidl_typesupport_introspection_cpp.hpp
[0.540s] -- Up-to-date: /home/rassito/microros_ws/install/micro_ros_msgs/include/micro_ros_msgs/micro_ros_msgs/msg/detail/node__rosidl_typesupport_introspection_cpp.hpp
[0.540s] -- Up-to-date: /home/rassito/microros_ws/install/micro_ros_msgs/lib/libmicro_ros_msgs__rosidl_typesupport_introspection_cpp.so
[0.540s] -- Up-to-date: /home/rassito/microros_ws/install/micro_ros_msgs/lib/libmicro_ros_msgs__rosidl_typesupport_cpp.so
[0.540s] -- Up-to-date: /home/rassito/microros_ws/install/micro_ros_msgs/share/micro_ros_msgs/environment/pythonpath.sh
[0.540s] -- Up-to-date: /home/rassito/microros_ws/install/micro_ros_msgs/share/micro_ros_msgs/environment/pythonpath.dsv
[0.541s] -- Up-to-date: /home/rassito/microros_ws/install/micro_ros_msgs/lib/python3.12/site-packages/micro_ros_msgs-5.0.2-py3.12.egg-info
[0.541s] -- Installing: /home/rassito/microros_ws/install/micro_ros_msgs/lib/python3.12/site-packages/micro_ros_msgs-5.0.2-py3.12.egg-info/top_level.txt
[0.541s] -- Installing: /home/rassito/microros_ws/install/micro_ros_msgs/lib/python3.12/site-packages/micro_ros_msgs-5.0.2-py3.12.egg-info/PKG-INFO
[0.541s] -- Installing: /home/rassito/microros_ws/install/micro_ros_msgs/lib/python3.12/site-packages/micro_ros_msgs-5.0.2-py3.12.egg-info/dependency_links.txt
[0.541s] -- Installing: /home/rassito/microros_ws/install/micro_ros_msgs/lib/python3.12/site-packages/micro_ros_msgs-5.0.2-py3.12.egg-info/SOURCES.txt
[0.545s] -- Up-to-date: /home/rassito/microros_ws/install/micro_ros_msgs/lib/python3.12/site-packages/micro_ros_msgs
[0.545s] -- Up-to-date: /home/rassito/microros_ws/install/micro_ros_msgs/lib/python3.12/site-packages/micro_ros_msgs/micro_ros_msgs_s__rosidl_typesupport_c.so
[0.545s] -- Up-to-date: /home/rassito/microros_ws/install/micro_ros_msgs/lib/python3.12/site-packages/micro_ros_msgs/micro_ros_msgs_s__rosidl_typesupport_microxrcedds_c.so
[0.545s] -- Up-to-date: /home/rassito/microros_ws/install/micro_ros_msgs/lib/python3.12/site-packages/micro_ros_msgs/micro_ros_msgs_s__rosidl_typesupport_fastrtps_c.so
[0.545s] -- Up-to-date: /home/rassito/microros_ws/install/micro_ros_msgs/lib/python3.12/site-packages/micro_ros_msgs/_micro_ros_msgs_s.ep.rosidl_typesupport_introspection_c.c
[0.545s] -- Up-to-date: /home/rassito/microros_ws/install/micro_ros_msgs/lib/python3.12/site-packages/micro_ros_msgs/_micro_ros_msgs_s.ep.rosidl_typesupport_c.c
[0.545s] -- Up-to-date: /home/rassito/microros_ws/install/micro_ros_msgs/lib/python3.12/site-packages/micro_ros_msgs/micro_ros_msgs_s__rosidl_typesupport_introspection_c.so
[0.545s] -- Up-to-date: /home/rassito/microros_ws/install/micro_ros_msgs/lib/python3.12/site-packages/micro_ros_msgs/_micro_ros_msgs_s.ep.rosidl_typesupport_fastrtps_c.c
[0.545s] -- Up-to-date: /home/rassito/microros_ws/install/micro_ros_msgs/lib/python3.12/site-packages/micro_ros_msgs/msg
[0.545s] -- Up-to-date: /home/rassito/microros_ws/install/micro_ros_msgs/lib/python3.12/site-packages/micro_ros_msgs/msg/_node_s.c
[0.546s] -- Up-to-date: /home/rassito/microros_ws/install/micro_ros_msgs/lib/python3.12/site-packages/micro_ros_msgs/msg/_node.py
[0.546s] -- Up-to-date: /home/rassito/microros_ws/install/micro_ros_msgs/lib/python3.12/site-packages/micro_ros_msgs/msg/_entity_s.c
[0.546s] -- Up-to-date: /home/rassito/microros_ws/install/micro_ros_msgs/lib/python3.12/site-packages/micro_ros_msgs/msg/_graph.py
[0.546s] -- Up-to-date: /home/rassito/microros_ws/install/micro_ros_msgs/lib/python3.12/site-packages/micro_ros_msgs/msg/_entity.py
[0.546s] -- Up-to-date: /home/rassito/microros_ws/install/micro_ros_msgs/lib/python3.12/site-packages/micro_ros_msgs/msg/_graph_s.c
[0.546s] -- Up-to-date: /home/rassito/microros_ws/install/micro_ros_msgs/lib/python3.12/site-packages/micro_ros_msgs/msg/__init__.py
[0.546s] -- Up-to-date: /home/rassito/microros_ws/install/micro_ros_msgs/lib/python3.12/site-packages/micro_ros_msgs/__init__.py
[0.546s] -- Up-to-date: /home/rassito/microros_ws/install/micro_ros_msgs/lib/python3.12/site-packages/micro_ros_msgs/_micro_ros_msgs_s.ep.rosidl_typesupport_microxrcedds_c.c
[0.615s] Listing '/home/rassito/microros_ws/install/micro_ros_msgs/lib/python3.12/site-packages/micro_ros_msgs'...
[0.615s] Listing '/home/rassito/microros_ws/install/micro_ros_msgs/lib/python3.12/site-packages/micro_ros_msgs/msg'...
[0.626s] -- Up-to-date: /home/rassito/microros_ws/install/micro_ros_msgs/lib/python3.12/site-packages/micro_ros_msgs/micro_ros_msgs_s__rosidl_typesupport_microxrcedds_c.so
[0.626s] -- Up-to-date: /home/rassito/microros_ws/install/micro_ros_msgs/lib/python3.12/site-packages/micro_ros_msgs/micro_ros_msgs_s__rosidl_typesupport_fastrtps_c.so
[0.626s] -- Up-to-date: /home/rassito/microros_ws/install/micro_ros_msgs/lib/python3.12/site-packages/micro_ros_msgs/micro_ros_msgs_s__rosidl_typesupport_introspection_c.so
[0.626s] -- Up-to-date: /home/rassito/microros_ws/install/micro_ros_msgs/lib/python3.12/site-packages/micro_ros_msgs/micro_ros_msgs_s__rosidl_typesupport_c.so
[0.630s] -- Up-to-date: /home/rassito/microros_ws/install/micro_ros_msgs/lib/libmicro_ros_msgs__rosidl_generator_py.so
[0.630s] -- Up-to-date: /home/rassito/microros_ws/install/micro_ros_msgs/share/micro_ros_msgs/msg/Graph.idl
[0.630s] -- Up-to-date: /home/rassito/microros_ws/install/micro_ros_msgs/share/micro_ros_msgs/msg/Node.idl
[0.630s] -- Up-to-date: /home/rassito/microros_ws/install/micro_ros_msgs/share/micro_ros_msgs/msg/Entity.idl
[0.630s] -- Up-to-date: /home/rassito/microros_ws/install/micro_ros_msgs/share/micro_ros_msgs/msg/Graph.msg
[0.630s] -- Up-to-date: /home/rassito/microros_ws/install/micro_ros_msgs/share/micro_ros_msgs/msg/Node.msg
[0.630s] -- Up-to-date: /home/rassito/microros_ws/install/micro_ros_msgs/share/micro_ros_msgs/msg/Entity.msg
[0.630s] -- Up-to-date: /home/rassito/microros_ws/install/micro_ros_msgs/share/ament_index/resource_index/package_run_dependencies/micro_ros_msgs
[0.630s] -- Up-to-date: /home/rassito/microros_ws/install/micro_ros_msgs/share/ament_index/resource_index/parent_prefix_path/micro_ros_msgs
[0.631s] -- Up-to-date: /home/rassito/microros_ws/install/micro_ros_msgs/share/micro_ros_msgs/environment/ament_prefix_path.sh
[0.631s] -- Up-to-date: /home/rassito/microros_ws/install/micro_ros_msgs/share/micro_ros_msgs/environment/ament_prefix_path.dsv
[0.631s] -- Up-to-date: /home/rassito/microros_ws/install/micro_ros_msgs/share/micro_ros_msgs/environment/path.sh
[0.632s] -- Up-to-date: /home/rassito/microros_ws/install/micro_ros_msgs/share/micro_ros_msgs/environment/path.dsv
[0.632s] -- Up-to-date: /home/rassito/microros_ws/install/micro_ros_msgs/share/micro_ros_msgs/local_setup.bash
[0.632s] -- Up-to-date: /home/rassito/microros_ws/install/micro_ros_msgs/share/micro_ros_msgs/local_setup.sh
[0.632s] -- Up-to-date: /home/rassito/microros_ws/install/micro_ros_msgs/share/micro_ros_msgs/local_setup.zsh
[0.632s] -- Up-to-date: /home/rassito/microros_ws/install/micro_ros_msgs/share/micro_ros_msgs/local_setup.dsv
[0.632s] -- Installing: /home/rassito/microros_ws/install/micro_ros_msgs/share/micro_ros_msgs/package.dsv
[0.632s] -- Up-to-date: /home/rassito/microros_ws/install/micro_ros_msgs/share/ament_index/resource_index/packages/micro_ros_msgs
[0.632s] -- Up-to-date: /home/rassito/microros_ws/install/micro_ros_msgs/share/micro_ros_msgs/cmake/export_micro_ros_msgs__rosidl_generator_cExport.cmake
[0.632s] -- Up-to-date: /home/rassito/microros_ws/install/micro_ros_msgs/share/micro_ros_msgs/cmake/export_micro_ros_msgs__rosidl_generator_cExport-noconfig.cmake
[0.632s] -- Up-to-date: /home/rassito/microros_ws/install/micro_ros_msgs/share/micro_ros_msgs/cmake/export_micro_ros_msgs__rosidl_typesupport_fastrtps_cExport.cmake
[0.632s] -- Up-to-date: /home/rassito/microros_ws/install/micro_ros_msgs/share/micro_ros_msgs/cmake/export_micro_ros_msgs__rosidl_typesupport_fastrtps_cExport-noconfig.cmake
[0.632s] -- Up-to-date: /home/rassito/microros_ws/install/micro_ros_msgs/share/micro_ros_msgs/cmake/micro_ros_msgs__rosidl_typesupport_introspection_cExport.cmake
[0.632s] -- Up-to-date: /home/rassito/microros_ws/install/micro_ros_msgs/share/micro_ros_msgs/cmake/micro_ros_msgs__rosidl_typesupport_introspection_cExport-noconfig.cmake
[0.632s] -- Up-to-date: /home/rassito/microros_ws/install/micro_ros_msgs/share/micro_ros_msgs/cmake/micro_ros_msgs__rosidl_typesupport_cExport.cmake
[0.632s] -- Up-to-date: /home/rassito/microros_ws/install/micro_ros_msgs/share/micro_ros_msgs/cmake/micro_ros_msgs__rosidl_typesupport_cExport-noconfig.cmake
[0.632s] -- Up-to-date: /home/rassito/microros_ws/install/micro_ros_msgs/share/micro_ros_msgs/cmake/export_micro_ros_msgs__rosidl_generator_cppExport.cmake
[0.632s] -- Up-to-date: /home/rassito/microros_ws/install/micro_ros_msgs/share/micro_ros_msgs/cmake/export_micro_ros_msgs__rosidl_typesupport_fastrtps_cppExport.cmake
[0.632s] -- Up-to-date: /home/rassito/microros_ws/install/micro_ros_msgs/share/micro_ros_msgs/cmake/export_micro_ros_msgs__rosidl_typesupport_fastrtps_cppExport-noconfig.cmake
[0.633s] -- Up-to-date: /home/rassito/microros_ws/install/micro_ros_msgs/share/micro_ros_msgs/cmake/micro_ros_msgs__rosidl_typesupport_introspection_cppExport.cmake
[0.633s] -- Up-to-date: /home/rassito/microros_ws/install/micro_ros_msgs/share/micro_ros_msgs/cmake/micro_ros_msgs__rosidl_typesupport_introspection_cppExport-noconfig.cmake
[0.633s] -- Up-to-date: /home/rassito/microros_ws/install/micro_ros_msgs/share/micro_ros_msgs/cmake/micro_ros_msgs__rosidl_typesupport_cppExport.cmake
[0.633s] -- Up-to-date: /home/rassito/microros_ws/install/micro_ros_msgs/share/micro_ros_msgs/cmake/micro_ros_msgs__rosidl_typesupport_cppExport-noconfig.cmake
[0.633s] -- Up-to-date: /home/rassito/microros_ws/install/micro_ros_msgs/share/micro_ros_msgs/cmake/export_micro_ros_msgs__rosidl_generator_pyExport.cmake
[0.633s] -- Up-to-date: /home/rassito/microros_ws/install/micro_ros_msgs/share/micro_ros_msgs/cmake/export_micro_ros_msgs__rosidl_generator_pyExport-noconfig.cmake
[0.633s] -- Up-to-date: /home/rassito/microros_ws/install/micro_ros_msgs/share/micro_ros_msgs/cmake/rosidl_cmake-extras.cmake
[0.633s] -- Up-to-date: /home/rassito/microros_ws/install/micro_ros_msgs/share/micro_ros_msgs/cmake/ament_cmake_export_include_directories-extras.cmake
[0.633s] -- Up-to-date: /home/rassito/microros_ws/install/micro_ros_msgs/share/micro_ros_msgs/cmake/ament_cmake_export_libraries-extras.cmake
[0.633s] -- Up-to-date: /home/rassito/microros_ws/install/micro_ros_msgs/share/micro_ros_msgs/cmake/ament_cmake_export_targets-extras.cmake
[0.633s] -- Up-to-date: /home/rassito/microros_ws/install/micro_ros_msgs/share/micro_ros_msgs/cmake/rosidl_cmake_export_typesupport_targets-extras.cmake
[0.633s] -- Up-to-date: /home/rassito/microros_ws/install/micro_ros_msgs/share/micro_ros_msgs/cmake/ament_cmake_export_dependencies-extras.cmake
[0.633s] -- Up-to-date: /home/rassito/microros_ws/install/micro_ros_msgs/share/micro_ros_msgs/cmake/rosidl_cmake_export_typesupport_libraries-extras.cmake
[0.633s] -- Up-to-date: /home/rassito/microros_ws/install/micro_ros_msgs/share/micro_ros_msgs/cmake/micro_ros_msgsConfig.cmake
[0.633s] -- Up-to-date: /home/rassito/microros_ws/install/micro_ros_msgs/share/micro_ros_msgs/cmake/micro_ros_msgsConfig-version.cmake
[0.633s] -- Up-to-date: /home/rassito/microros_ws/install/micro_ros_msgs/share/micro_ros_msgs/package.xml
[0.703s] Invoked command in '/home/rassito/microros_ws/build/micro_ros_msgs' returned '0': CMAKE_PREFIX_PATH=${CMAKE_PREFIX_PATH}:/home/rassito/microros_ws/install/sensor_msgs_py:/home/rassito/ros_ws/install/super_pkg:/opt/ros/jazzy DEBUGINFOD_URLS=https://debuginfod.ubuntu.com /usr/bin/cmake --install /home/rassito/microros_ws/build/micro_ros_msgs
