[0.007s] Invoking command in '/home/rassito/microros_ws/build/microcdr': DEBUGINFOD_URLS=https://debuginfod.ubuntu.com /usr/bin/cmake /home/rassito/microros_ws/src/eProsima/Micro-CDR -DBUILD_TESTING=OFF -DBUILD_SHARED_LIBS=ON -DUCDR_ISOLATED_INSTALL=OFF -DBUILD_SHARED_LIBS=ON -DCMAKE_INSTALL_PREFIX=/home/rassito/microros_ws/install/microcdr
[0.012s] -- Setting build type to 'Release' as none was specified.
[0.069s] -- The C compiler identification is GNU 13.3.0
[0.083s] -- Detecting C compiler ABI info
[0.179s] -- Detecting C compiler ABI info - done
[0.185s] -- Check for working C compiler: /usr/bin/cc - skipped
[0.185s] -- Detecting C compile features
[0.185s] -- Detecting C compile features - done
[0.225s] -- The CXX compiler identification is GNU 13.3.0
[0.233s] -- Detecting CXX compiler ABI info
[0.355s] -- Detecting CXX compiler ABI info - done
[0.361s] -- Check for working CXX compiler: /usr/bin/c++ - skipped
[0.361s] -- Detecting CXX compile features
[0.361s] -- Detecting CXX compile features - done
[0.369s] -- Configuring done (0.4s)
[0.371s] -- Generating done (0.0s)
[0.371s] [33mCMake Warning:
[0.371s]   Manually-specified variables were not used by the project:
[0.371s] 
[0.371s]     BUILD_TESTING
[0.371s] 
[0.371s] [0m
[0.371s] -- Build files have been written to: /home/rassito/microros_ws/build/microcdr
[0.375s] Invoked command in '/home/rassito/microros_ws/build/microcdr' returned '0': DEBUGINFOD_URLS=https://debuginfod.ubuntu.com /usr/bin/cmake /home/rassito/microros_ws/src/eProsima/Micro-CDR -DBUILD_TESTING=OFF -DBUILD_SHARED_LIBS=ON -DUCDR_ISOLATED_INSTALL=OFF -DBUILD_SHARED_LIBS=ON -DCMAKE_INSTALL_PREFIX=/home/rassito/microros_ws/install/microcdr
[0.375s] Invoking command in '/home/rassito/microros_ws/build/microcdr': DEBUGINFOD_URLS=https://debuginfod.ubuntu.com /usr/bin/cmake --build /home/rassito/microros_ws/build/microcdr -- -j16 -l16
[0.414s] [ 12%] [34m[1mCreating directories for 'ucdr'[0m
[0.445s] [ 25%] [34m[1mNo download step for 'ucdr'[0m
[0.471s] [ 37%] [34m[1mNo update step for 'ucdr'[0m
[0.498s] [ 50%] [34m[1mNo patch step for 'ucdr'[0m
[0.521s] [ 62%] [34m[1mPerforming configure step for 'ucdr'[0m
[0.534s] loading initial cache file /home/rassito/microros_ws/build/microcdr/ucdr-prefix/tmp/ucdr-cache-Release.cmake
[0.552s] -- Configuring done (0.0s)
[0.555s] -- Generating done (0.0s)
[0.557s] -- Build files have been written to: /home/rassito/microros_ws/build/microcdr
[0.568s] [ 75%] [34m[1mPerforming build step for 'ucdr'[0m
[0.595s] [ 16%] [32mBuilding C object CMakeFiles/microcdr.dir/src/c/common.c.o[0m
[0.595s] [ 33%] [32mBuilding C object CMakeFiles/microcdr.dir/src/c/types/basic.c.o[0m
[0.595s] [ 50%] [32mBuilding C object CMakeFiles/microcdr.dir/src/c/types/string.c.o[0m
[0.595s] [ 66%] [32mBuilding C object CMakeFiles/microcdr.dir/src/c/types/array.c.o[0m
[0.595s] [ 83%] [32mBuilding C object CMakeFiles/microcdr.dir/src/c/types/sequence.c.o[0m
[0.951s] [100%] [32m[1mLinking C shared library libmicrocdr.so[0m
[0.993s] [100%] Built target microcdr
[1.016s] [34m[1mNo install step for 'ucdr'[0m
[1.056s] [34m[1mCompleted 'ucdr'[0m
[1.108s] Built target ucdr
[1.126s] Invoked command in '/home/rassito/microros_ws/build/microcdr' returned '0': DEBUGINFOD_URLS=https://debuginfod.ubuntu.com /usr/bin/cmake --build /home/rassito/microros_ws/build/microcdr -- -j16 -l16
[1.141s] Invoking command in '/home/rassito/microros_ws/build/microcdr': DEBUGINFOD_URLS=https://debuginfod.ubuntu.com /usr/bin/cmake --install /home/rassito/microros_ws/build/microcdr
[1.150s] -- Install configuration: "Release"
[1.150s] -- Installing: /home/rassito/microros_ws/install/microcdr/lib/libmicrocdr.so.2.0.1
[1.150s] -- Installing: /home/rassito/microros_ws/install/microcdr/lib/libmicrocdr.so.2.0
[1.150s] -- Installing: /home/rassito/microros_ws/install/microcdr/lib/libmicrocdr.so
[1.150s] -- Installing: /home/rassito/microros_ws/install/microcdr/include/ucdr
[1.150s] -- Installing: /home/rassito/microros_ws/install/microcdr/include/ucdr/visibility.h
[1.150s] -- Installing: /home/rassito/microros_ws/install/microcdr/include/ucdr/microcdr.h
[1.150s] -- Installing: /home/rassito/microros_ws/install/microcdr/include/ucdr/config.h
[1.150s] -- Installing: /home/rassito/microros_ws/install/microcdr/share/microcdr/cmake/microcdrTargets.cmake
[1.150s] -- Installing: /home/rassito/microros_ws/install/microcdr/share/microcdr/cmake/microcdrTargets-release.cmake
[1.150s] -- Installing: /home/rassito/microros_ws/install/microcdr/share/microcdr/cmake/microcdrConfig.cmake
[1.150s] -- Installing: /home/rassito/microros_ws/install/microcdr/share/microcdr/cmake/microcdrConfigVersion.cmake
[1.152s] Invoked command in '/home/rassito/microros_ws/build/microcdr' returned '0': DEBUGINFOD_URLS=https://debuginfod.ubuntu.com /usr/bin/cmake --install /home/rassito/microros_ws/build/microcdr
