[0.013s] Invoking command in '/home/rassito/microros_ws/build/micro_ros_msgs': CMAKE_PREFIX_PATH=${CMAKE_PREFIX_PATH}:/home/rassito/microros_ws/install/sensor_msgs_py:/home/rassito/ros_ws/install/super_pkg:/opt/ros/jazzy DEBUGINFOD_URLS=https://debuginfod.ubuntu.com /usr/bin/cmake /home/rassito/microros_ws/src/uros/micro_ros_msgs -DUAGENT_BUILD_EXECUTABLE=OFF -DUAGENT_P2P_PROFILE=OFF --no-warn-unused-cli -DCMAKE_INSTALL_PREFIX=/home/rassito/microros_ws/install/micro_ros_msgs
[0.021s] Not searching for unused variables given on the command line.
[0.027s] -- Found ament_cmake: 2.5.3 (/opt/ros/jazzy/share/ament_cmake/cmake)
[0.087s] -- Found Python3: /usr/bin/python3 (found version "3.12.3") found components: Interpreter 
[0.200s] -- Found rosidl_default_generators: 1.6.0 (/opt/ros/jazzy/share/rosidl_default_generators/cmake)
[0.208s] -- Using all available rosidl_typesupport_c: rosidl_typesupport_microxrcedds_c;rosidl_typesupport_fastrtps_c;rosidl_typesupport_introspection_c
[0.256s] -- Found rosidl_adapter: 4.6.5 (/opt/ros/jazzy/share/rosidl_adapter/cmake)
[0.280s] -- Using all available rosidl_typesupport_cpp: rosidl_typesupport_microxrcedds_cpp;rosidl_typesupport_fastrtps_cpp;rosidl_typesupport_introspection_cpp
[0.618s] -- Found ament_cmake_ros: 0.12.0 (/opt/ros/jazzy/share/ament_cmake_ros/cmake)
[0.805s] -- Using all available rosidl_typesupport_c: rosidl_typesupport_microxrcedds_c;rosidl_typesupport_fastrtps_c;rosidl_typesupport_introspection_c
[1.109s] -- Using all available rosidl_typesupport_cpp: rosidl_typesupport_microxrcedds_cpp;rosidl_typesupport_fastrtps_cpp;rosidl_typesupport_introspection_cpp
[1.111s] -- Found python_cmake_module: 0.11.1 (/opt/ros/jazzy/share/python_cmake_module/cmake)
[1.549s] -- Found Python3: /usr/bin/python3 (found version "3.12.3") found components: Interpreter Development NumPy Development.Module Development.Embed 
[1.569s] -- Configuring done (1.5s)
[1.604s] -- Generating done (0.0s)
[1.617s] -- Build files have been written to: /home/rassito/microros_ws/build/micro_ros_msgs
[1.625s] Invoked command in '/home/rassito/microros_ws/build/micro_ros_msgs' returned '0': CMAKE_PREFIX_PATH=${CMAKE_PREFIX_PATH}:/home/rassito/microros_ws/install/sensor_msgs_py:/home/rassito/ros_ws/install/super_pkg:/opt/ros/jazzy DEBUGINFOD_URLS=https://debuginfod.ubuntu.com /usr/bin/cmake /home/rassito/microros_ws/src/uros/micro_ros_msgs -DUAGENT_BUILD_EXECUTABLE=OFF -DUAGENT_P2P_PROFILE=OFF --no-warn-unused-cli -DCMAKE_INSTALL_PREFIX=/home/rassito/microros_ws/install/micro_ros_msgs
[1.626s] Invoking command in '/home/rassito/microros_ws/build/micro_ros_msgs': CMAKE_PREFIX_PATH=${CMAKE_PREFIX_PATH}:/home/rassito/microros_ws/install/sensor_msgs_py:/home/rassito/ros_ws/install/super_pkg:/opt/ros/jazzy DEBUGINFOD_URLS=https://debuginfod.ubuntu.com /usr/bin/cmake --build /home/rassito/microros_ws/build/micro_ros_msgs -- -j16 -l16
[1.679s] [  1%] Built target micro_ros_msgs__rosidl_generator_type_description
[1.689s] [  1%] Built target ament_cmake_python_copy_micro_ros_msgs
[1.706s] [  3%] Built target micro_ros_msgs__cpp
[1.713s] [ 19%] Built target micro_ros_msgs__rosidl_generator_c
[1.743s] [ 27%] Built target micro_ros_msgs__rosidl_typesupport_microxrcedds_cpp
[1.747s] [ 34%] Built target micro_ros_msgs__rosidl_typesupport_fastrtps_cpp
[1.747s] [ 42%] Built target micro_ros_msgs__rosidl_typesupport_microxrcedds_c
[1.749s] [ 50%] Built target micro_ros_msgs__rosidl_typesupport_c
[1.750s] [ 57%] Built target micro_ros_msgs__rosidl_typesupport_introspection_cpp
[1.752s] [ 65%] Built target micro_ros_msgs__rosidl_typesupport_introspection_c
[1.756s] [ 78%] Built target micro_ros_msgs__rosidl_typesupport_fastrtps_c
[1.757s] [ 80%] Built target micro_ros_msgs__rosidl_typesupport_cpp
[1.781s] [ 80%] Built target micro_ros_msgs
[1.804s] [ 81%] Built target micro_ros_msgs__py
[1.833s] [ 87%] Built target micro_ros_msgs__rosidl_generator_py
[1.860s] [100%] Built target micro_ros_msgs_s__rosidl_typesupport_introspection_c
[1.860s] [100%] Built target micro_ros_msgs_s__rosidl_typesupport_microxrcedds_c
[1.860s] [100%] Built target micro_ros_msgs_s__rosidl_typesupport_c
[1.860s] [100%] Built target micro_ros_msgs_s__rosidl_typesupport_fastrtps_c
[1.945s] running egg_info
[1.964s] writing micro_ros_msgs.egg-info/PKG-INFO
[1.965s] writing dependency_links to micro_ros_msgs.egg-info/dependency_links.txt
[1.965s] writing top-level names to micro_ros_msgs.egg-info/top_level.txt
[2.024s] reading manifest file 'micro_ros_msgs.egg-info/SOURCES.txt'
[2.024s] writing manifest file 'micro_ros_msgs.egg-info/SOURCES.txt'
[2.053s] [100%] Built target ament_cmake_python_build_micro_ros_msgs_egg
[2.074s] Invoked command in '/home/rassito/microros_ws/build/micro_ros_msgs' returned '0': CMAKE_PREFIX_PATH=${CMAKE_PREFIX_PATH}:/home/rassito/microros_ws/install/sensor_msgs_py:/home/rassito/ros_ws/install/super_pkg:/opt/ros/jazzy DEBUGINFOD_URLS=https://debuginfod.ubuntu.com /usr/bin/cmake --build /home/rassito/microros_ws/build/micro_ros_msgs -- -j16 -l16
[2.075s] Invoking command in '/home/rassito/microros_ws/build/micro_ros_msgs': CMAKE_PREFIX_PATH=${CMAKE_PREFIX_PATH}:/home/rassito/microros_ws/install/sensor_msgs_py:/home/rassito/ros_ws/install/super_pkg:/opt/ros/jazzy DEBUGINFOD_URLS=https://debuginfod.ubuntu.com /usr/bin/cmake --install /home/rassito/microros_ws/build/micro_ros_msgs
[2.096s] -- Install configuration: ""
[2.096s] -- Up-to-date: /home/rassito/microros_ws/install/micro_ros_msgs/share/ament_index/resource_index/rosidl_interfaces/micro_ros_msgs
[2.096s] -- Up-to-date: /home/rassito/microros_ws/install/micro_ros_msgs/share/micro_ros_msgs/msg/Graph.json
[2.096s] -- Up-to-date: /home/rassito/microros_ws/install/micro_ros_msgs/share/micro_ros_msgs/msg/Node.json
[2.096s] -- Up-to-date: /home/rassito/microros_ws/install/micro_ros_msgs/share/micro_ros_msgs/msg/Entity.json
[2.097s] -- Up-to-date: /home/rassito/microros_ws/install/micro_ros_msgs/include/micro_ros_msgs/micro_ros_msgs
[2.097s] -- Up-to-date: /home/rassito/microros_ws/install/micro_ros_msgs/include/micro_ros_msgs/micro_ros_msgs/msg
[2.097s] -- Up-to-date: /home/rassito/microros_ws/install/micro_ros_msgs/include/micro_ros_msgs/micro_ros_msgs/msg/entity.h
[2.097s] -- Up-to-date: /home/rassito/microros_ws/install/micro_ros_msgs/include/micro_ros_msgs/micro_ros_msgs/msg/graph.h
[2.097s] -- Up-to-date: /home/rassito/microros_ws/install/micro_ros_msgs/include/micro_ros_msgs/micro_ros_msgs/msg/node.h
[2.097s] -- Up-to-date: /home/rassito/microros_ws/install/micro_ros_msgs/include/micro_ros_msgs/micro_ros_msgs/msg/detail
[2.097s] -- Up-to-date: /home/rassito/microros_ws/install/micro_ros_msgs/include/micro_ros_msgs/micro_ros_msgs/msg/detail/graph__functions.h
[2.097s] -- Up-to-date: /home/rassito/microros_ws/install/micro_ros_msgs/include/micro_ros_msgs/micro_ros_msgs/msg/detail/node__type_support.c
[2.097s] -- Up-to-date: /home/rassito/microros_ws/install/micro_ros_msgs/include/micro_ros_msgs/micro_ros_msgs/msg/detail/graph__description.c
[2.097s] -- Up-to-date: /home/rassito/microros_ws/install/micro_ros_msgs/include/micro_ros_msgs/micro_ros_msgs/msg/detail/graph__struct.h
[2.097s] -- Up-to-date: /home/rassito/microros_ws/install/micro_ros_msgs/include/micro_ros_msgs/micro_ros_msgs/msg/detail/node__description.c
[2.097s] -- Up-to-date: /home/rassito/microros_ws/install/micro_ros_msgs/include/micro_ros_msgs/micro_ros_msgs/msg/detail/graph__functions.c
[2.098s] -- Up-to-date: /home/rassito/microros_ws/install/micro_ros_msgs/include/micro_ros_msgs/micro_ros_msgs/msg/detail/node__functions.c
[2.098s] -- Up-to-date: /home/rassito/microros_ws/install/micro_ros_msgs/include/micro_ros_msgs/micro_ros_msgs/msg/detail/entity__functions.c
[2.098s] -- Up-to-date: /home/rassito/microros_ws/install/micro_ros_msgs/include/micro_ros_msgs/micro_ros_msgs/msg/detail/node__struct.h
[2.098s] -- Up-to-date: /home/rassito/microros_ws/install/micro_ros_msgs/include/micro_ros_msgs/micro_ros_msgs/msg/detail/node__type_support.h
[2.098s] -- Up-to-date: /home/rassito/microros_ws/install/micro_ros_msgs/include/micro_ros_msgs/micro_ros_msgs/msg/detail/entity__type_support.h
[2.098s] -- Up-to-date: /home/rassito/microros_ws/install/micro_ros_msgs/include/micro_ros_msgs/micro_ros_msgs/msg/detail/entity__struct.h
[2.100s] -- Up-to-date: /home/rassito/microros_ws/install/micro_ros_msgs/include/micro_ros_msgs/micro_ros_msgs/msg/detail/entity__functions.h
[2.100s] -- Up-to-date: /home/rassito/microros_ws/install/micro_ros_msgs/include/micro_ros_msgs/micro_ros_msgs/msg/detail/entity__description.c
[2.100s] -- Up-to-date: /home/rassito/microros_ws/install/micro_ros_msgs/include/micro_ros_msgs/micro_ros_msgs/msg/detail/graph__type_support.h
[2.100s] -- Up-to-date: /home/rassito/microros_ws/install/micro_ros_msgs/include/micro_ros_msgs/micro_ros_msgs/msg/detail/graph__type_support.c
[2.101s] -- Up-to-date: /home/rassito/microros_ws/install/micro_ros_msgs/include/micro_ros_msgs/micro_ros_msgs/msg/detail/entity__type_support.c
[2.101s] -- Up-to-date: /home/rassito/microros_ws/install/micro_ros_msgs/include/micro_ros_msgs/micro_ros_msgs/msg/detail/node__functions.h
[2.101s] -- Up-to-date: /home/rassito/microros_ws/install/micro_ros_msgs/include/micro_ros_msgs/micro_ros_msgs/msg/rosidl_generator_c__visibility_control.h
[2.101s] -- Up-to-date: /home/rassito/microros_ws/install/micro_ros_msgs/share/micro_ros_msgs/environment/library_path.sh
[2.101s] -- Up-to-date: /home/rassito/microros_ws/install/micro_ros_msgs/share/micro_ros_msgs/environment/library_path.dsv
[2.101s] -- Up-to-date: /home/rassito/microros_ws/install/micro_ros_msgs/lib/libmicro_ros_msgs__rosidl_generator_c.so
[2.101s] -- Up-to-date: /home/rassito/microros_ws/install/micro_ros_msgs/include/micro_ros_msgs
[2.101s] -- Up-to-date: /home/rassito/microros_ws/install/micro_ros_msgs/include/micro_ros_msgs/msg
[2.101s] -- Up-to-date: /home/rassito/microros_ws/install/micro_ros_msgs/include/micro_ros_msgs/msg/detail
[2.101s] -- Up-to-date: /home/rassito/microros_ws/install/micro_ros_msgs/include/micro_ros_msgs/msg/detail/microxrcedds
[2.101s] -- Up-to-date: /home/rassito/microros_ws/install/micro_ros_msgs/include/micro_ros_msgs/msg/detail/node__rosidl_typesupport_microxrcedds_c.h
[2.101s] -- Up-to-date: /home/rassito/microros_ws/install/micro_ros_msgs/include/micro_ros_msgs/msg/detail/entity__rosidl_typesupport_microxrcedds_c.h
[2.101s] -- Up-to-date: /home/rassito/microros_ws/install/micro_ros_msgs/include/micro_ros_msgs/msg/detail/graph__rosidl_typesupport_microxrcedds_c.h
[2.101s] -- Up-to-date: /home/rassito/microros_ws/install/micro_ros_msgs/include/micro_ros_msgs/msg/rosidl_typesupport_microxrcedds_c__visibility_control.h
[2.101s] -- Up-to-date: /home/rassito/microros_ws/install/micro_ros_msgs/lib/libmicro_ros_msgs__rosidl_typesupport_microxrcedds_c.so
[2.101s] -- Up-to-date: /home/rassito/microros_ws/install/micro_ros_msgs/include/micro_ros_msgs/micro_ros_msgs
[2.102s] -- Up-to-date: /home/rassito/microros_ws/install/micro_ros_msgs/include/micro_ros_msgs/micro_ros_msgs/msg
[2.102s] -- Up-to-date: /home/rassito/microros_ws/install/micro_ros_msgs/include/micro_ros_msgs/micro_ros_msgs/msg/rosidl_typesupport_fastrtps_c__visibility_control.h
[2.102s] -- Up-to-date: /home/rassito/microros_ws/install/micro_ros_msgs/include/micro_ros_msgs/micro_ros_msgs/msg/detail
[2.102s] -- Up-to-date: /home/rassito/microros_ws/install/micro_ros_msgs/include/micro_ros_msgs/micro_ros_msgs/msg/detail/graph__rosidl_typesupport_fastrtps_c.h
[2.102s] -- Up-to-date: /home/rassito/microros_ws/install/micro_ros_msgs/include/micro_ros_msgs/micro_ros_msgs/msg/detail/entity__rosidl_typesupport_fastrtps_c.h
[2.102s] -- Up-to-date: /home/rassito/microros_ws/install/micro_ros_msgs/include/micro_ros_msgs/micro_ros_msgs/msg/detail/node__rosidl_typesupport_fastrtps_c.h
[2.102s] -- Up-to-date: /home/rassito/microros_ws/install/micro_ros_msgs/lib/libmicro_ros_msgs__rosidl_typesupport_fastrtps_c.so
[2.102s] -- Up-to-date: /home/rassito/microros_ws/install/micro_ros_msgs/include/micro_ros_msgs/micro_ros_msgs
[2.102s] -- Up-to-date: /home/rassito/microros_ws/install/micro_ros_msgs/include/micro_ros_msgs/micro_ros_msgs/msg
[2.102s] -- Up-to-date: /home/rassito/microros_ws/install/micro_ros_msgs/include/micro_ros_msgs/micro_ros_msgs/msg/rosidl_typesupport_introspection_c__visibility_control.h
[2.102s] -- Up-to-date: /home/rassito/microros_ws/install/micro_ros_msgs/include/micro_ros_msgs/micro_ros_msgs/msg/detail
[2.102s] -- Up-to-date: /home/rassito/microros_ws/install/micro_ros_msgs/include/micro_ros_msgs/micro_ros_msgs/msg/detail/entity__rosidl_typesupport_introspection_c.h
[2.102s] -- Up-to-date: /home/rassito/microros_ws/install/micro_ros_msgs/include/micro_ros_msgs/micro_ros_msgs/msg/detail/node__type_support.c
[2.102s] -- Up-to-date: /home/rassito/microros_ws/install/micro_ros_msgs/include/micro_ros_msgs/micro_ros_msgs/msg/detail/node__rosidl_typesupport_introspection_c.h
[2.103s] -- Up-to-date: /home/rassito/microros_ws/install/micro_ros_msgs/include/micro_ros_msgs/micro_ros_msgs/msg/detail/graph__rosidl_typesupport_introspection_c.h
[2.103s] -- Up-to-date: /home/rassito/microros_ws/install/micro_ros_msgs/include/micro_ros_msgs/micro_ros_msgs/msg/detail/graph__type_support.c
[2.103s] -- Up-to-date: /home/rassito/microros_ws/install/micro_ros_msgs/include/micro_ros_msgs/micro_ros_msgs/msg/detail/entity__type_support.c
[2.103s] -- Up-to-date: /home/rassito/microros_ws/install/micro_ros_msgs/lib/libmicro_ros_msgs__rosidl_typesupport_introspection_c.so
[2.103s] -- Up-to-date: /home/rassito/microros_ws/install/micro_ros_msgs/lib/libmicro_ros_msgs__rosidl_typesupport_c.so
[2.104s] -- Up-to-date: /home/rassito/microros_ws/install/micro_ros_msgs/include/micro_ros_msgs/micro_ros_msgs
[2.104s] -- Up-to-date: /home/rassito/microros_ws/install/micro_ros_msgs/include/micro_ros_msgs/micro_ros_msgs/msg
[2.104s] -- Up-to-date: /home/rassito/microros_ws/install/micro_ros_msgs/include/micro_ros_msgs/micro_ros_msgs/msg/rosidl_generator_cpp__visibility_control.hpp
[2.104s] -- Up-to-date: /home/rassito/microros_ws/install/micro_ros_msgs/include/micro_ros_msgs/micro_ros_msgs/msg/node.hpp
[2.104s] -- Up-to-date: /home/rassito/microros_ws/install/micro_ros_msgs/include/micro_ros_msgs/micro_ros_msgs/msg/graph.hpp
[2.104s] -- Up-to-date: /home/rassito/microros_ws/install/micro_ros_msgs/include/micro_ros_msgs/micro_ros_msgs/msg/entity.hpp
[2.104s] -- Up-to-date: /home/rassito/microros_ws/install/micro_ros_msgs/include/micro_ros_msgs/micro_ros_msgs/msg/detail
[2.104s] -- Up-to-date: /home/rassito/microros_ws/install/micro_ros_msgs/include/micro_ros_msgs/micro_ros_msgs/msg/detail/graph__traits.hpp
[2.104s] -- Up-to-date: /home/rassito/microros_ws/install/micro_ros_msgs/include/micro_ros_msgs/micro_ros_msgs/msg/detail/entity__traits.hpp
[2.104s] -- Up-to-date: /home/rassito/microros_ws/install/micro_ros_msgs/include/micro_ros_msgs/micro_ros_msgs/msg/detail/graph__type_support.hpp
[2.105s] -- Up-to-date: /home/rassito/microros_ws/install/micro_ros_msgs/include/micro_ros_msgs/micro_ros_msgs/msg/detail/node__struct.hpp
[2.105s] -- Up-to-date: /home/rassito/microros_ws/install/micro_ros_msgs/include/micro_ros_msgs/micro_ros_msgs/msg/detail/node__builder.hpp
[2.105s] -- Up-to-date: /home/rassito/microros_ws/install/micro_ros_msgs/include/micro_ros_msgs/micro_ros_msgs/msg/detail/node__traits.hpp
[2.105s] -- Up-to-date: /home/rassito/microros_ws/install/micro_ros_msgs/include/micro_ros_msgs/micro_ros_msgs/msg/detail/entity__builder.hpp
[2.105s] -- Up-to-date: /home/rassito/microros_ws/install/micro_ros_msgs/include/micro_ros_msgs/micro_ros_msgs/msg/detail/graph__struct.hpp
[2.105s] -- Up-to-date: /home/rassito/microros_ws/install/micro_ros_msgs/include/micro_ros_msgs/micro_ros_msgs/msg/detail/entity__struct.hpp
[2.105s] -- Up-to-date: /home/rassito/microros_ws/install/micro_ros_msgs/include/micro_ros_msgs/micro_ros_msgs/msg/detail/node__type_support.hpp
[2.105s] -- Up-to-date: /home/rassito/microros_ws/install/micro_ros_msgs/include/micro_ros_msgs/micro_ros_msgs/msg/detail/entity__type_support.hpp
[2.105s] -- Up-to-date: /home/rassito/microros_ws/install/micro_ros_msgs/include/micro_ros_msgs/micro_ros_msgs/msg/detail/graph__builder.hpp
[2.105s] -- Up-to-date: /home/rassito/microros_ws/install/micro_ros_msgs/include/micro_ros_msgs
[2.105s] -- Up-to-date: /home/rassito/microros_ws/install/micro_ros_msgs/include/micro_ros_msgs/msg
[2.105s] -- Up-to-date: /home/rassito/microros_ws/install/micro_ros_msgs/include/micro_ros_msgs/msg/rosidl_typesupport_microxrcedds_cpp__visibility_control.h
[2.105s] -- Up-to-date: /home/rassito/microros_ws/install/micro_ros_msgs/include/micro_ros_msgs/msg/detail
[2.105s] -- Up-to-date: /home/rassito/microros_ws/install/micro_ros_msgs/include/micro_ros_msgs/msg/detail/microxrcedds
[2.105s] -- Up-to-date: /home/rassito/microros_ws/install/micro_ros_msgs/include/micro_ros_msgs/msg/detail/microxrcedds/entity__type_support_cpp.cpp
[2.105s] -- Up-to-date: /home/rassito/microros_ws/install/micro_ros_msgs/include/micro_ros_msgs/msg/detail/microxrcedds/node__type_support_cpp.cpp
[2.105s] -- Up-to-date: /home/rassito/microros_ws/install/micro_ros_msgs/include/micro_ros_msgs/msg/detail/microxrcedds/graph__type_support_cpp.cpp
[2.105s] -- Up-to-date: /home/rassito/microros_ws/install/micro_ros_msgs/include/micro_ros_msgs/msg/detail/graph__rosidl_typesupport_microxrcedds_cpp.hpp
[2.106s] -- Up-to-date: /home/rassito/microros_ws/install/micro_ros_msgs/include/micro_ros_msgs/msg/detail/entity__rosidl_typesupport_microxrcedds_cpp.hpp
[2.106s] -- Up-to-date: /home/rassito/microros_ws/install/micro_ros_msgs/include/micro_ros_msgs/msg/detail/node__rosidl_typesupport_microxrcedds_cpp.hpp
[2.106s] -- Up-to-date: /home/rassito/microros_ws/install/micro_ros_msgs/lib/libmicro_ros_msgs__rosidl_typesupport_microxrcedds_cpp.so
[2.106s] -- Up-to-date: /home/rassito/microros_ws/install/micro_ros_msgs/include/micro_ros_msgs/micro_ros_msgs
[2.106s] -- Up-to-date: /home/rassito/microros_ws/install/micro_ros_msgs/include/micro_ros_msgs/micro_ros_msgs/msg
[2.106s] -- Up-to-date: /home/rassito/microros_ws/install/micro_ros_msgs/include/micro_ros_msgs/micro_ros_msgs/msg/rosidl_typesupport_fastrtps_cpp__visibility_control.h
[2.106s] -- Up-to-date: /home/rassito/microros_ws/install/micro_ros_msgs/include/micro_ros_msgs/micro_ros_msgs/msg/detail
[2.106s] -- Up-to-date: /home/rassito/microros_ws/install/micro_ros_msgs/include/micro_ros_msgs/micro_ros_msgs/msg/detail/graph__rosidl_typesupport_fastrtps_cpp.hpp
[2.106s] -- Up-to-date: /home/rassito/microros_ws/install/micro_ros_msgs/include/micro_ros_msgs/micro_ros_msgs/msg/detail/entity__rosidl_typesupport_fastrtps_cpp.hpp
[2.106s] -- Up-to-date: /home/rassito/microros_ws/install/micro_ros_msgs/include/micro_ros_msgs/micro_ros_msgs/msg/detail/node__rosidl_typesupport_fastrtps_cpp.hpp
[2.106s] -- Up-to-date: /home/rassito/microros_ws/install/micro_ros_msgs/include/micro_ros_msgs/micro_ros_msgs/msg/detail/dds_fastrtps
[2.106s] -- Up-to-date: /home/rassito/microros_ws/install/micro_ros_msgs/lib/libmicro_ros_msgs__rosidl_typesupport_fastrtps_cpp.so
[2.106s] -- Up-to-date: /home/rassito/microros_ws/install/micro_ros_msgs/include/micro_ros_msgs/micro_ros_msgs
[2.106s] -- Up-to-date: /home/rassito/microros_ws/install/micro_ros_msgs/include/micro_ros_msgs/micro_ros_msgs/msg
[2.106s] -- Up-to-date: /home/rassito/microros_ws/install/micro_ros_msgs/include/micro_ros_msgs/micro_ros_msgs/msg/detail
[2.106s] -- Up-to-date: /home/rassito/microros_ws/install/micro_ros_msgs/include/micro_ros_msgs/micro_ros_msgs/msg/detail/entity__rosidl_typesupport_introspection_cpp.hpp
[2.107s] -- Up-to-date: /home/rassito/microros_ws/install/micro_ros_msgs/include/micro_ros_msgs/micro_ros_msgs/msg/detail/graph__type_support.cpp
[2.107s] -- Up-to-date: /home/rassito/microros_ws/install/micro_ros_msgs/include/micro_ros_msgs/micro_ros_msgs/msg/detail/entity__type_support.cpp
[2.107s] -- Up-to-date: /home/rassito/microros_ws/install/micro_ros_msgs/include/micro_ros_msgs/micro_ros_msgs/msg/detail/node__type_support.cpp
[2.107s] -- Up-to-date: /home/rassito/microros_ws/install/micro_ros_msgs/include/micro_ros_msgs/micro_ros_msgs/msg/detail/graph__rosidl_typesupport_introspection_cpp.hpp
[2.107s] -- Up-to-date: /home/rassito/microros_ws/install/micro_ros_msgs/include/micro_ros_msgs/micro_ros_msgs/msg/detail/node__rosidl_typesupport_introspection_cpp.hpp
[2.107s] -- Up-to-date: /home/rassito/microros_ws/install/micro_ros_msgs/lib/libmicro_ros_msgs__rosidl_typesupport_introspection_cpp.so
[2.107s] -- Up-to-date: /home/rassito/microros_ws/install/micro_ros_msgs/lib/libmicro_ros_msgs__rosidl_typesupport_cpp.so
[2.107s] -- Up-to-date: /home/rassito/microros_ws/install/micro_ros_msgs/share/micro_ros_msgs/environment/pythonpath.sh
[2.107s] -- Up-to-date: /home/rassito/microros_ws/install/micro_ros_msgs/share/micro_ros_msgs/environment/pythonpath.dsv
[2.107s] -- Up-to-date: /home/rassito/microros_ws/install/micro_ros_msgs/lib/python3.12/site-packages/micro_ros_msgs-5.0.2-py3.12.egg-info
[2.107s] -- Installing: /home/rassito/microros_ws/install/micro_ros_msgs/lib/python3.12/site-packages/micro_ros_msgs-5.0.2-py3.12.egg-info/top_level.txt
[2.107s] -- Installing: /home/rassito/microros_ws/install/micro_ros_msgs/lib/python3.12/site-packages/micro_ros_msgs-5.0.2-py3.12.egg-info/PKG-INFO
[2.107s] -- Installing: /home/rassito/microros_ws/install/micro_ros_msgs/lib/python3.12/site-packages/micro_ros_msgs-5.0.2-py3.12.egg-info/dependency_links.txt
[2.108s] -- Installing: /home/rassito/microros_ws/install/micro_ros_msgs/lib/python3.12/site-packages/micro_ros_msgs-5.0.2-py3.12.egg-info/SOURCES.txt
[2.108s] -- Up-to-date: /home/rassito/microros_ws/install/micro_ros_msgs/lib/python3.12/site-packages/micro_ros_msgs
[2.108s] -- Up-to-date: /home/rassito/microros_ws/install/micro_ros_msgs/lib/python3.12/site-packages/micro_ros_msgs/micro_ros_msgs_s__rosidl_typesupport_c.so
[2.108s] -- Up-to-date: /home/rassito/microros_ws/install/micro_ros_msgs/lib/python3.12/site-packages/micro_ros_msgs/micro_ros_msgs_s__rosidl_typesupport_microxrcedds_c.so
[2.108s] -- Up-to-date: /home/rassito/microros_ws/install/micro_ros_msgs/lib/python3.12/site-packages/micro_ros_msgs/micro_ros_msgs_s__rosidl_typesupport_fastrtps_c.so
[2.108s] -- Up-to-date: /home/rassito/microros_ws/install/micro_ros_msgs/lib/python3.12/site-packages/micro_ros_msgs/_micro_ros_msgs_s.ep.rosidl_typesupport_introspection_c.c
[2.108s] -- Up-to-date: /home/rassito/microros_ws/install/micro_ros_msgs/lib/python3.12/site-packages/micro_ros_msgs/_micro_ros_msgs_s.ep.rosidl_typesupport_c.c
[2.108s] -- Up-to-date: /home/rassito/microros_ws/install/micro_ros_msgs/lib/python3.12/site-packages/micro_ros_msgs/micro_ros_msgs_s__rosidl_typesupport_introspection_c.so
[2.108s] -- Up-to-date: /home/rassito/microros_ws/install/micro_ros_msgs/lib/python3.12/site-packages/micro_ros_msgs/_micro_ros_msgs_s.ep.rosidl_typesupport_fastrtps_c.c
[2.108s] -- Up-to-date: /home/rassito/microros_ws/install/micro_ros_msgs/lib/python3.12/site-packages/micro_ros_msgs/msg
[2.108s] -- Up-to-date: /home/rassito/microros_ws/install/micro_ros_msgs/lib/python3.12/site-packages/micro_ros_msgs/msg/_node_s.c
[2.108s] -- Up-to-date: /home/rassito/microros_ws/install/micro_ros_msgs/lib/python3.12/site-packages/micro_ros_msgs/msg/_node.py
[2.108s] -- Up-to-date: /home/rassito/microros_ws/install/micro_ros_msgs/lib/python3.12/site-packages/micro_ros_msgs/msg/_entity_s.c
[2.108s] -- Up-to-date: /home/rassito/microros_ws/install/micro_ros_msgs/lib/python3.12/site-packages/micro_ros_msgs/msg/_graph.py
[2.109s] -- Up-to-date: /home/rassito/microros_ws/install/micro_ros_msgs/lib/python3.12/site-packages/micro_ros_msgs/msg/_entity.py
[2.109s] -- Up-to-date: /home/rassito/microros_ws/install/micro_ros_msgs/lib/python3.12/site-packages/micro_ros_msgs/msg/_graph_s.c
[2.109s] -- Up-to-date: /home/rassito/microros_ws/install/micro_ros_msgs/lib/python3.12/site-packages/micro_ros_msgs/msg/__init__.py
[2.109s] -- Installing: /home/rassito/microros_ws/install/micro_ros_msgs/lib/python3.12/site-packages/micro_ros_msgs/__init__.py
[2.109s] -- Up-to-date: /home/rassito/microros_ws/install/micro_ros_msgs/lib/python3.12/site-packages/micro_ros_msgs/_micro_ros_msgs_s.ep.rosidl_typesupport_microxrcedds_c.c
[2.143s] Listing '/home/rassito/microros_ws/install/micro_ros_msgs/lib/python3.12/site-packages/micro_ros_msgs'...
[2.143s] Compiling '/home/rassito/microros_ws/install/micro_ros_msgs/lib/python3.12/site-packages/micro_ros_msgs/__init__.py'...
[2.143s] Listing '/home/rassito/microros_ws/install/micro_ros_msgs/lib/python3.12/site-packages/micro_ros_msgs/msg'...
[2.148s] -- Up-to-date: /home/rassito/microros_ws/install/micro_ros_msgs/lib/python3.12/site-packages/micro_ros_msgs/micro_ros_msgs_s__rosidl_typesupport_microxrcedds_c.so
[2.148s] -- Up-to-date: /home/rassito/microros_ws/install/micro_ros_msgs/lib/python3.12/site-packages/micro_ros_msgs/micro_ros_msgs_s__rosidl_typesupport_fastrtps_c.so
[2.149s] -- Up-to-date: /home/rassito/microros_ws/install/micro_ros_msgs/lib/python3.12/site-packages/micro_ros_msgs/micro_ros_msgs_s__rosidl_typesupport_introspection_c.so
[2.150s] -- Up-to-date: /home/rassito/microros_ws/install/micro_ros_msgs/lib/python3.12/site-packages/micro_ros_msgs/micro_ros_msgs_s__rosidl_typesupport_c.so
[2.151s] -- Up-to-date: /home/rassito/microros_ws/install/micro_ros_msgs/lib/libmicro_ros_msgs__rosidl_generator_py.so
[2.152s] -- Up-to-date: /home/rassito/microros_ws/install/micro_ros_msgs/share/micro_ros_msgs/msg/Graph.idl
[2.152s] -- Up-to-date: /home/rassito/microros_ws/install/micro_ros_msgs/share/micro_ros_msgs/msg/Node.idl
[2.152s] -- Up-to-date: /home/rassito/microros_ws/install/micro_ros_msgs/share/micro_ros_msgs/msg/Entity.idl
[2.152s] -- Up-to-date: /home/rassito/microros_ws/install/micro_ros_msgs/share/micro_ros_msgs/msg/Graph.msg
[2.152s] -- Up-to-date: /home/rassito/microros_ws/install/micro_ros_msgs/share/micro_ros_msgs/msg/Node.msg
[2.152s] -- Up-to-date: /home/rassito/microros_ws/install/micro_ros_msgs/share/micro_ros_msgs/msg/Entity.msg
[2.152s] -- Up-to-date: /home/rassito/microros_ws/install/micro_ros_msgs/share/ament_index/resource_index/package_run_dependencies/micro_ros_msgs
[2.152s] -- Up-to-date: /home/rassito/microros_ws/install/micro_ros_msgs/share/ament_index/resource_index/parent_prefix_path/micro_ros_msgs
[2.152s] -- Up-to-date: /home/rassito/microros_ws/install/micro_ros_msgs/share/micro_ros_msgs/environment/ament_prefix_path.sh
[2.152s] -- Up-to-date: /home/rassito/microros_ws/install/micro_ros_msgs/share/micro_ros_msgs/environment/ament_prefix_path.dsv
[2.152s] -- Up-to-date: /home/rassito/microros_ws/install/micro_ros_msgs/share/micro_ros_msgs/environment/path.sh
[2.152s] -- Up-to-date: /home/rassito/microros_ws/install/micro_ros_msgs/share/micro_ros_msgs/environment/path.dsv
[2.152s] -- Up-to-date: /home/rassito/microros_ws/install/micro_ros_msgs/share/micro_ros_msgs/local_setup.bash
[2.153s] -- Up-to-date: /home/rassito/microros_ws/install/micro_ros_msgs/share/micro_ros_msgs/local_setup.sh
[2.153s] -- Up-to-date: /home/rassito/microros_ws/install/micro_ros_msgs/share/micro_ros_msgs/local_setup.zsh
[2.153s] -- Up-to-date: /home/rassito/microros_ws/install/micro_ros_msgs/share/micro_ros_msgs/local_setup.dsv
[2.153s] -- Installing: /home/rassito/microros_ws/install/micro_ros_msgs/share/micro_ros_msgs/package.dsv
[2.153s] -- Up-to-date: /home/rassito/microros_ws/install/micro_ros_msgs/share/ament_index/resource_index/packages/micro_ros_msgs
[2.153s] -- Up-to-date: /home/rassito/microros_ws/install/micro_ros_msgs/share/micro_ros_msgs/cmake/export_micro_ros_msgs__rosidl_generator_cExport.cmake
[2.153s] -- Up-to-date: /home/rassito/microros_ws/install/micro_ros_msgs/share/micro_ros_msgs/cmake/export_micro_ros_msgs__rosidl_generator_cExport-noconfig.cmake
[2.153s] -- Up-to-date: /home/rassito/microros_ws/install/micro_ros_msgs/share/micro_ros_msgs/cmake/export_micro_ros_msgs__rosidl_typesupport_fastrtps_cExport.cmake
[2.153s] -- Up-to-date: /home/rassito/microros_ws/install/micro_ros_msgs/share/micro_ros_msgs/cmake/export_micro_ros_msgs__rosidl_typesupport_fastrtps_cExport-noconfig.cmake
[2.153s] -- Up-to-date: /home/rassito/microros_ws/install/micro_ros_msgs/share/micro_ros_msgs/cmake/micro_ros_msgs__rosidl_typesupport_introspection_cExport.cmake
[2.153s] -- Up-to-date: /home/rassito/microros_ws/install/micro_ros_msgs/share/micro_ros_msgs/cmake/micro_ros_msgs__rosidl_typesupport_introspection_cExport-noconfig.cmake
[2.153s] -- Up-to-date: /home/rassito/microros_ws/install/micro_ros_msgs/share/micro_ros_msgs/cmake/micro_ros_msgs__rosidl_typesupport_cExport.cmake
[2.153s] -- Up-to-date: /home/rassito/microros_ws/install/micro_ros_msgs/share/micro_ros_msgs/cmake/micro_ros_msgs__rosidl_typesupport_cExport-noconfig.cmake
[2.153s] -- Up-to-date: /home/rassito/microros_ws/install/micro_ros_msgs/share/micro_ros_msgs/cmake/export_micro_ros_msgs__rosidl_generator_cppExport.cmake
[2.154s] -- Up-to-date: /home/rassito/microros_ws/install/micro_ros_msgs/share/micro_ros_msgs/cmake/export_micro_ros_msgs__rosidl_typesupport_fastrtps_cppExport.cmake
[2.154s] -- Up-to-date: /home/rassito/microros_ws/install/micro_ros_msgs/share/micro_ros_msgs/cmake/export_micro_ros_msgs__rosidl_typesupport_fastrtps_cppExport-noconfig.cmake
[2.154s] -- Up-to-date: /home/rassito/microros_ws/install/micro_ros_msgs/share/micro_ros_msgs/cmake/micro_ros_msgs__rosidl_typesupport_introspection_cppExport.cmake
[2.154s] -- Up-to-date: /home/rassito/microros_ws/install/micro_ros_msgs/share/micro_ros_msgs/cmake/micro_ros_msgs__rosidl_typesupport_introspection_cppExport-noconfig.cmake
[2.154s] -- Up-to-date: /home/rassito/microros_ws/install/micro_ros_msgs/share/micro_ros_msgs/cmake/micro_ros_msgs__rosidl_typesupport_cppExport.cmake
[2.154s] -- Up-to-date: /home/rassito/microros_ws/install/micro_ros_msgs/share/micro_ros_msgs/cmake/micro_ros_msgs__rosidl_typesupport_cppExport-noconfig.cmake
[2.154s] -- Up-to-date: /home/rassito/microros_ws/install/micro_ros_msgs/share/micro_ros_msgs/cmake/export_micro_ros_msgs__rosidl_generator_pyExport.cmake
[2.154s] -- Up-to-date: /home/rassito/microros_ws/install/micro_ros_msgs/share/micro_ros_msgs/cmake/export_micro_ros_msgs__rosidl_generator_pyExport-noconfig.cmake
[2.155s] -- Up-to-date: /home/rassito/microros_ws/install/micro_ros_msgs/share/micro_ros_msgs/cmake/rosidl_cmake-extras.cmake
[2.155s] -- Up-to-date: /home/rassito/microros_ws/install/micro_ros_msgs/share/micro_ros_msgs/cmake/ament_cmake_export_include_directories-extras.cmake
[2.155s] -- Up-to-date: /home/rassito/microros_ws/install/micro_ros_msgs/share/micro_ros_msgs/cmake/ament_cmake_export_libraries-extras.cmake
[2.155s] -- Up-to-date: /home/rassito/microros_ws/install/micro_ros_msgs/share/micro_ros_msgs/cmake/ament_cmake_export_targets-extras.cmake
[2.155s] -- Up-to-date: /home/rassito/microros_ws/install/micro_ros_msgs/share/micro_ros_msgs/cmake/rosidl_cmake_export_typesupport_targets-extras.cmake
[2.155s] -- Up-to-date: /home/rassito/microros_ws/install/micro_ros_msgs/share/micro_ros_msgs/cmake/ament_cmake_export_dependencies-extras.cmake
[2.155s] -- Up-to-date: /home/rassito/microros_ws/install/micro_ros_msgs/share/micro_ros_msgs/cmake/rosidl_cmake_export_typesupport_libraries-extras.cmake
[2.155s] -- Up-to-date: /home/rassito/microros_ws/install/micro_ros_msgs/share/micro_ros_msgs/cmake/micro_ros_msgsConfig.cmake
[2.155s] -- Up-to-date: /home/rassito/microros_ws/install/micro_ros_msgs/share/micro_ros_msgs/cmake/micro_ros_msgsConfig-version.cmake
[2.156s] -- Up-to-date: /home/rassito/microros_ws/install/micro_ros_msgs/share/micro_ros_msgs/package.xml
[2.186s] Invoked command in '/home/rassito/microros_ws/build/micro_ros_msgs' returned '0': CMAKE_PREFIX_PATH=${CMAKE_PREFIX_PATH}:/home/rassito/microros_ws/install/sensor_msgs_py:/home/rassito/ros_ws/install/super_pkg:/opt/ros/jazzy DEBUGINFOD_URLS=https://debuginfod.ubuntu.com /usr/bin/cmake --install /home/rassito/microros_ws/build/micro_ros_msgs
