-- Found ament_cmake: 2.5.3 (/opt/ros/jazzy/share/ament_cmake/cmake)
-- Found rcl: 9.2.4 (/opt/ros/jazzy/share/rcl/cmake)
-- Found rosidl_generator_c: 4.6.5 (/opt/ros/jazzy/share/rosidl_generator_c/cmake)
-- Found rosidl_generator_cpp: 4.6.5 (/opt/ros/jazzy/share/rosidl_generator_cpp/cmake)
-- Using all available rosidl_typesupport_c: rosidl_typesupport_microxrcedds_c;rosidl_typesupport_fastrtps_c;rosidl_typesupport_introspection_c
-- Found rosidl_adapter: 4.6.5 (/opt/ros/jazzy/share/rosidl_adapter/cmake)
-- Using all available rosidl_typesupport_cpp: rosidl_typesupport_microxrcedds_cpp;rosidl_typesupport_fastrtps_cpp;rosidl_typesupport_introspection_cpp
-- Found rmw_implementation_cmake: 7.3.1 (/opt/ros/jazzy/share/rmw_implementation_cmake/cmake)
-- Found rmw_fastrtps_cpp: 8.4.1 (/opt/ros/jazzy/share/rmw_fastrtps_cpp/cmake)
-- Using RMW implementation 'rmw_fastrtps_cpp' as default
-- Found rclc: 6.1.0 (/home/rassito/microros_ws/install/rclc/share/rclc/cmake)
-- Configuring done (0.5s)
-- Generating done (0.0s)
-- Build files have been written to: /home/rassito/microros_ws/build/rclc_parameter
/usr/bin/cmake -S/home/rassito/microros_ws/src/uros/rclc/rclc_parameter -B/home/rassito/microros_ws/build/rclc_parameter --check-build-system CMakeFiles/Makefile.cmake 0
/usr/bin/cmake -E cmake_progress_start /home/rassito/microros_ws/build/rclc_parameter/CMakeFiles /home/rassito/microros_ws/build/rclc_parameter//CMakeFiles/progress.marks
/usr/bin/gmake  -f CMakeFiles/Makefile2 all
gmake[1]: Entering directory '/home/rassito/microros_ws/build/rclc_parameter'
/usr/bin/gmake  -f CMakeFiles/rclc_parameter.dir/build.make CMakeFiles/rclc_parameter.dir/depend
gmake[2]: Entering directory '/home/rassito/microros_ws/build/rclc_parameter'
cd /home/rassito/microros_ws/build/rclc_parameter && /usr/bin/cmake -E cmake_depends "Unix Makefiles" /home/rassito/microros_ws/src/uros/rclc/rclc_parameter /home/rassito/microros_ws/src/uros/rclc/rclc_parameter /home/rassito/microros_ws/build/rclc_parameter /home/rassito/microros_ws/build/rclc_parameter /home/rassito/microros_ws/build/rclc_parameter/CMakeFiles/rclc_parameter.dir/DependInfo.cmake "--color="
gmake[2]: Leaving directory '/home/rassito/microros_ws/build/rclc_parameter'
/usr/bin/gmake  -f CMakeFiles/rclc_parameter.dir/build.make CMakeFiles/rclc_parameter.dir/build
gmake[2]: Entering directory '/home/rassito/microros_ws/build/rclc_parameter'
gmake[2]: Nothing to be done for 'CMakeFiles/rclc_parameter.dir/build'.
gmake[2]: Leaving directory '/home/rassito/microros_ws/build/rclc_parameter'
[100%] Built target rclc_parameter
gmake[1]: Leaving directory '/home/rassito/microros_ws/build/rclc_parameter'
/usr/bin/cmake -E cmake_progress_start /home/rassito/microros_ws/build/rclc_parameter/CMakeFiles 0
-- Install configuration: ""
-- Up-to-date: /home/rassito/microros_ws/install/rclc_parameter/lib/librclc_parameter.so
-- Up-to-date: /home/rassito/microros_ws/install/rclc_parameter/include
-- Up-to-date: /home/rassito/microros_ws/install/rclc_parameter/include/rclc_parameter
-- Up-to-date: /home/rassito/microros_ws/install/rclc_parameter/include/rclc_parameter/visibility_control.h
-- Up-to-date: /home/rassito/microros_ws/install/rclc_parameter/include/rclc_parameter/rclc_parameter.h
-- Up-to-date: /home/rassito/microros_ws/install/rclc_parameter/share/rclc_parameter/environment/library_path.sh
-- Up-to-date: /home/rassito/microros_ws/install/rclc_parameter/share/rclc_parameter/environment/library_path.dsv
-- Up-to-date: /home/rassito/microros_ws/install/rclc_parameter/share/ament_index/resource_index/package_run_dependencies/rclc_parameter
-- Installing: /home/rassito/microros_ws/install/rclc_parameter/share/ament_index/resource_index/parent_prefix_path/rclc_parameter
-- Up-to-date: /home/rassito/microros_ws/install/rclc_parameter/share/rclc_parameter/environment/ament_prefix_path.sh
-- Up-to-date: /home/rassito/microros_ws/install/rclc_parameter/share/rclc_parameter/environment/ament_prefix_path.dsv
-- Up-to-date: /home/rassito/microros_ws/install/rclc_parameter/share/rclc_parameter/environment/path.sh
-- Up-to-date: /home/rassito/microros_ws/install/rclc_parameter/share/rclc_parameter/environment/path.dsv
-- Up-to-date: /home/rassito/microros_ws/install/rclc_parameter/share/rclc_parameter/local_setup.bash
-- Up-to-date: /home/rassito/microros_ws/install/rclc_parameter/share/rclc_parameter/local_setup.sh
-- Up-to-date: /home/rassito/microros_ws/install/rclc_parameter/share/rclc_parameter/local_setup.zsh
-- Up-to-date: /home/rassito/microros_ws/install/rclc_parameter/share/rclc_parameter/local_setup.dsv
-- Installing: /home/rassito/microros_ws/install/rclc_parameter/share/rclc_parameter/package.dsv
-- Up-to-date: /home/rassito/microros_ws/install/rclc_parameter/share/ament_index/resource_index/packages/rclc_parameter
-- Up-to-date: /home/rassito/microros_ws/install/rclc_parameter/share/rclc_parameter/cmake/rclc_parameterExport.cmake
-- Up-to-date: /home/rassito/microros_ws/install/rclc_parameter/share/rclc_parameter/cmake/rclc_parameterExport-noconfig.cmake
-- Up-to-date: /home/rassito/microros_ws/install/rclc_parameter/share/rclc_parameter/cmake/ament_cmake_export_include_directories-extras.cmake
-- Up-to-date: /home/rassito/microros_ws/install/rclc_parameter/share/rclc_parameter/cmake/ament_cmake_export_libraries-extras.cmake
-- Up-to-date: /home/rassito/microros_ws/install/rclc_parameter/share/rclc_parameter/cmake/ament_cmake_export_targets-extras.cmake
-- Up-to-date: /home/rassito/microros_ws/install/rclc_parameter/share/rclc_parameter/cmake/ament_cmake_export_dependencies-extras.cmake
-- Up-to-date: /home/rassito/microros_ws/install/rclc_parameter/share/rclc_parameter/cmake/rclc_parameterConfig.cmake
-- Up-to-date: /home/rassito/microros_ws/install/rclc_parameter/share/rclc_parameter/cmake/rclc_parameterConfig-version.cmake
-- Up-to-date: /home/rassito/microros_ws/install/rclc_parameter/share/rclc_parameter/package.xml
