[0.382s] Invoking command in '/home/rassito/Documents/ros_projects/Bionic-Hand/src/my_package': DEBUGINFOD_URLS=https://debuginfod.ubuntu.com PYTHONPATH=/home/rassito/Documents/ros_projects/Bionic-Hand/src/build/my_package/prefix_override:/usr/lib/python3/dist-packages/colcon_core/task/python/colcon_distutils_commands:/home/rassito/Documents/ros_projects/Bionic-Hand/src/install/my_package/lib/python3.12/site-packages: /usr/bin/python3 -W ignore:setup.py install is deprecated -W ignore:easy_install command is deprecated setup.py egg_info --egg-base ../build/my_package build --build-base /home/rassito/Documents/ros_projects/Bionic-Hand/src/build/my_package/build install --record /home/rassito/Documents/ros_projects/Bionic-Hand/src/build/my_package/install.log --single-version-externally-managed install_data
[0.500s] running egg_info
[0.507s] writing ../build/my_package/my_package.egg-info/PKG-INFO
[0.507s] writing dependency_links to ../build/my_package/my_package.egg-info/dependency_links.txt
[0.507s] writing entry points to ../build/my_package/my_package.egg-info/entry_points.txt
[0.507s] writing requirements to ../build/my_package/my_package.egg-info/requires.txt
[0.507s] writing top-level names to ../build/my_package/my_package.egg-info/top_level.txt
[0.520s] reading manifest file '../build/my_package/my_package.egg-info/SOURCES.txt'
[0.520s] adding license file 'LICENSE'
[0.521s] writing manifest file '../build/my_package/my_package.egg-info/SOURCES.txt'
[0.521s] running build
[0.521s] running build_py
[0.521s] running install
[0.525s] running install_lib
[0.532s] running install_data
[0.532s] copying worlds/Bionic-Hand.wbt -> /home/rassito/Documents/ros_projects/Bionic-Hand/src/install/my_package/share/my_package/worlds
[0.532s] running install_egg_info
[0.539s] removing '/home/rassito/Documents/ros_projects/Bionic-Hand/src/install/my_package/lib/python3.12/site-packages/my_package-0.0.0-py3.12.egg-info' (and everything under it)
[0.539s] Copying ../build/my_package/my_package.egg-info to /home/rassito/Documents/ros_projects/Bionic-Hand/src/install/my_package/lib/python3.12/site-packages/my_package-0.0.0-py3.12.egg-info
[0.540s] running install_scripts
[0.592s] Installing hand_driver script to /home/rassito/Documents/ros_projects/Bionic-Hand/src/install/my_package/lib/my_package
[0.592s] writing list of installed files to '/home/rassito/Documents/ros_projects/Bionic-Hand/src/build/my_package/install.log'
[0.608s] Invoked command in '/home/rassito/Documents/ros_projects/Bionic-Hand/src/my_package' returned '0': DEBUGINFOD_URLS=https://debuginfod.ubuntu.com PYTHONPATH=/home/rassito/Documents/ros_projects/Bionic-Hand/src/build/my_package/prefix_override:/usr/lib/python3/dist-packages/colcon_core/task/python/colcon_distutils_commands:/home/rassito/Documents/ros_projects/Bionic-Hand/src/install/my_package/lib/python3.12/site-packages: /usr/bin/python3 -W ignore:setup.py install is deprecated -W ignore:easy_install command is deprecated setup.py egg_info --egg-base ../build/my_package build --build-base /home/rassito/Documents/ros_projects/Bionic-Hand/src/build/my_package/build install --record /home/rassito/Documents/ros_projects/Bionic-Hand/src/build/my_package/install.log --single-version-externally-managed install_data
