-- Found ament_cmake: 2.5.3 (/opt/ros/jazzy/share/ament_cmake/cmake)
-- Configuring done (0.4s)
-- Generating done (0.0s)
-- Build files have been written to: /home/rassito/microros_ws/build/micro_ros_demos_rclc
[  0%] [34m[1mPerforming build step for 'int32_publisher_subscriber'[0m
[  1%] [34m[1mPerforming build step for 'int32_subscriber'[0m
[  1%] [34m[1mPerforming build step for 'subscription_count'[0m
[  2%] [34m[1mPerforming build step for 'configured_subscriber'[0m
[  2%] [34m[1mPerforming build step for 'publisher_count'[0m
[  2%] [34m[1mPerforming build step for 'int32_publisher'[0m
[  2%] [34m[1mPerforming build step for 'addtwoints_client'[0m
[  3%] [34m[1mPerforming build step for 'addtwoints_server'[0m
[  3%] [34m[1mPerforming build step for 'configured_publisher'[0m
[  4%] [34m[1mPerforming build step for 'fibonacci_action_server'[0m
[  4%] [34m[1mPerforming build step for 'fibonacci_action_client'[0m
[  6%] [34m[1mPerforming build step for 'ping_pong'[0m
[  6%] [34m[1mPerforming build step for 'int32_multinode'[0m
[  6%] [34m[1mPerforming build step for 'fragmented_publication'[0m
[  7%] [34m[1mPerforming build step for 'graph_visualizer'[0m
[  8%] [34m[1mPerforming build step for 'ping_uros_agent'[0m
-- Found ament_cmake: 2.5.3 (/opt/ros/jazzy/share/ament_cmake/cmake)
-- Found ament_cmake: 2.5.3 (/opt/ros/jazzy/share/ament_cmake/cmake)
-- Found ament_cmake: 2.5.3 (/opt/ros/jazzy/share/ament_cmake/cmake)
-- Found ament_cmake: 2.5.3 (/opt/ros/jazzy/share/ament_cmake/cmake)
-- Found ament_cmake: 2.5.3 (/opt/ros/jazzy/share/ament_cmake/cmake)
-- Found ament_cmake: 2.5.3 (/opt/ros/jazzy/share/ament_cmake/cmake)
-- Found ament_cmake: 2.5.3 (/opt/ros/jazzy/share/ament_cmake/cmake)
-- Found ament_cmake: 2.5.3 (/opt/ros/jazzy/share/ament_cmake/cmake)
-- Found ament_cmake: 2.5.3 (/opt/ros/jazzy/share/ament_cmake/cmake)
-- Found ament_cmake: 2.5.3 (/opt/ros/jazzy/share/ament_cmake/cmake)
-- Found ament_cmake: 2.5.3 (/opt/ros/jazzy/share/ament_cmake/cmake)
-- Found ament_cmake: 2.5.3 (/opt/ros/jazzy/share/ament_cmake/cmake)
-- Found ament_cmake: 2.5.3 (/opt/ros/jazzy/share/ament_cmake/cmake)
-- Found ament_cmake: 2.5.3 (/opt/ros/jazzy/share/ament_cmake/cmake)
-- Found ament_cmake: 2.5.3 (/opt/ros/jazzy/share/ament_cmake/cmake)
-- Found ament_cmake: 2.5.3 (/opt/ros/jazzy/share/ament_cmake/cmake)
-- Found rcl: 9.2.4 (/opt/ros/jazzy/share/rcl/cmake)
-- Found rcl: 9.2.4 (/opt/ros/jazzy/share/rcl/cmake)
-- Found rcl: 9.2.4 (/opt/ros/jazzy/share/rcl/cmake)
-- Found rcl: 9.2.4 (/opt/ros/jazzy/share/rcl/cmake)
-- Found rcl: 9.2.4 (/opt/ros/jazzy/share/rcl/cmake)
-- Found rcl: 9.2.4 (/opt/ros/jazzy/share/rcl/cmake)
-- Found rcl: 9.2.4 (/opt/ros/jazzy/share/rcl/cmake)
-- Found rcl: 9.2.4 (/opt/ros/jazzy/share/rcl/cmake)
-- Found rcl: 9.2.4 (/opt/ros/jazzy/share/rcl/cmake)
-- Found rcl: 9.2.4 (/opt/ros/jazzy/share/rcl/cmake)
-- Found rcl: 9.2.4 (/opt/ros/jazzy/share/rcl/cmake)
-- Found rcl: 9.2.4 (/opt/ros/jazzy/share/rcl/cmake)
-- Found rcl: 9.2.4 (/opt/ros/jazzy/share/rcl/cmake)
-- Found rcl: 9.2.4 (/opt/ros/jazzy/share/rcl/cmake)
-- Found rcl: 9.2.4 (/opt/ros/jazzy/share/rcl/cmake)
-- Found rcl: 9.2.4 (/opt/ros/jazzy/share/rcl/cmake)
-- Found rosidl_generator_c: 4.6.5 (/opt/ros/jazzy/share/rosidl_generator_c/cmake)
-- Found rosidl_generator_c: 4.6.5 (/opt/ros/jazzy/share/rosidl_generator_c/cmake)
-- Found rosidl_generator_c: 4.6.5 (/opt/ros/jazzy/share/rosidl_generator_c/cmake)
-- Found rosidl_generator_c: 4.6.5 (/opt/ros/jazzy/share/rosidl_generator_c/cmake)
-- Found rosidl_generator_c: 4.6.5 (/opt/ros/jazzy/share/rosidl_generator_c/cmake)
-- Found rosidl_generator_c: 4.6.5 (/opt/ros/jazzy/share/rosidl_generator_c/cmake)
-- Found rosidl_generator_c: 4.6.5 (/opt/ros/jazzy/share/rosidl_generator_c/cmake)
-- Found rosidl_generator_c: 4.6.5 (/opt/ros/jazzy/share/rosidl_generator_c/cmake)
-- Found rosidl_generator_c: 4.6.5 (/opt/ros/jazzy/share/rosidl_generator_c/cmake)
-- Found rosidl_generator_c: 4.6.5 (/opt/ros/jazzy/share/rosidl_generator_c/cmake)
-- Found rosidl_generator_c: 4.6.5 (/opt/ros/jazzy/share/rosidl_generator_c/cmake)
-- Found rosidl_generator_c: 4.6.5 (/opt/ros/jazzy/share/rosidl_generator_c/cmake)
-- Found rosidl_generator_c: 4.6.5 (/opt/ros/jazzy/share/rosidl_generator_c/cmake)
-- Found rosidl_generator_c: 4.6.5 (/opt/ros/jazzy/share/rosidl_generator_c/cmake)
-- Found rosidl_generator_c: 4.6.5 (/opt/ros/jazzy/share/rosidl_generator_c/cmake)
-- Found rosidl_generator_c: 4.6.5 (/opt/ros/jazzy/share/rosidl_generator_c/cmake)
-- Found rosidl_generator_cpp: 4.6.5 (/opt/ros/jazzy/share/rosidl_generator_cpp/cmake)
-- Found rosidl_generator_cpp: 4.6.5 (/opt/ros/jazzy/share/rosidl_generator_cpp/cmake)
-- Found rosidl_generator_cpp: 4.6.5 (/opt/ros/jazzy/share/rosidl_generator_cpp/cmake)
-- Found rosidl_generator_cpp: 4.6.5 (/opt/ros/jazzy/share/rosidl_generator_cpp/cmake)
-- Found rosidl_generator_cpp: 4.6.5 (/opt/ros/jazzy/share/rosidl_generator_cpp/cmake)
-- Found rosidl_generator_cpp: 4.6.5 (/opt/ros/jazzy/share/rosidl_generator_cpp/cmake)
-- Found rosidl_generator_cpp: 4.6.5 (/opt/ros/jazzy/share/rosidl_generator_cpp/cmake)
-- Found rosidl_generator_cpp: 4.6.5 (/opt/ros/jazzy/share/rosidl_generator_cpp/cmake)
-- Found rosidl_generator_cpp: 4.6.5 (/opt/ros/jazzy/share/rosidl_generator_cpp/cmake)
-- Found rosidl_generator_cpp: 4.6.5 (/opt/ros/jazzy/share/rosidl_generator_cpp/cmake)
-- Found rosidl_generator_cpp: 4.6.5 (/opt/ros/jazzy/share/rosidl_generator_cpp/cmake)
-- Found rosidl_generator_cpp: 4.6.5 (/opt/ros/jazzy/share/rosidl_generator_cpp/cmake)
-- Found rosidl_generator_cpp: 4.6.5 (/opt/ros/jazzy/share/rosidl_generator_cpp/cmake)
-- Found rosidl_generator_cpp: 4.6.5 (/opt/ros/jazzy/share/rosidl_generator_cpp/cmake)
-- Found rosidl_generator_cpp: 4.6.5 (/opt/ros/jazzy/share/rosidl_generator_cpp/cmake)
-- Found rosidl_generator_cpp: 4.6.5 (/opt/ros/jazzy/share/rosidl_generator_cpp/cmake)
-- Using all available rosidl_typesupport_c: rosidl_typesupport_microxrcedds_c;rosidl_typesupport_fastrtps_c;rosidl_typesupport_introspection_c
-- Using all available rosidl_typesupport_c: rosidl_typesupport_microxrcedds_c;rosidl_typesupport_fastrtps_c;rosidl_typesupport_introspection_c
-- Using all available rosidl_typesupport_c: rosidl_typesupport_microxrcedds_c;rosidl_typesupport_fastrtps_c;rosidl_typesupport_introspection_c
-- Using all available rosidl_typesupport_c: rosidl_typesupport_microxrcedds_c;rosidl_typesupport_fastrtps_c;rosidl_typesupport_introspection_c
-- Using all available rosidl_typesupport_c: rosidl_typesupport_microxrcedds_c;rosidl_typesupport_fastrtps_c;rosidl_typesupport_introspection_c
-- Using all available rosidl_typesupport_c: rosidl_typesupport_microxrcedds_c;rosidl_typesupport_fastrtps_c;rosidl_typesupport_introspection_c
-- Using all available rosidl_typesupport_c: rosidl_typesupport_microxrcedds_c;rosidl_typesupport_fastrtps_c;rosidl_typesupport_introspection_c
-- Using all available rosidl_typesupport_c: rosidl_typesupport_microxrcedds_c;rosidl_typesupport_fastrtps_c;rosidl_typesupport_introspection_c
-- Using all available rosidl_typesupport_c: rosidl_typesupport_microxrcedds_c;rosidl_typesupport_fastrtps_c;rosidl_typesupport_introspection_c
-- Using all available rosidl_typesupport_c: rosidl_typesupport_microxrcedds_c;rosidl_typesupport_fastrtps_c;rosidl_typesupport_introspection_c
-- Found rosidl_adapter: 4.6.5 (/opt/ros/jazzy/share/rosidl_adapter/cmake)
-- Found rosidl_adapter: 4.6.5 (/opt/ros/jazzy/share/rosidl_adapter/cmake)
-- Found rosidl_adapter: 4.6.5 (/opt/ros/jazzy/share/rosidl_adapter/cmake)
-- Found rosidl_adapter: 4.6.5 (/opt/ros/jazzy/share/rosidl_adapter/cmake)
-- Found rosidl_adapter: 4.6.5 (/opt/ros/jazzy/share/rosidl_adapter/cmake)
-- Found rosidl_adapter: 4.6.5 (/opt/ros/jazzy/share/rosidl_adapter/cmake)
-- Found rosidl_adapter: 4.6.5 (/opt/ros/jazzy/share/rosidl_adapter/cmake)
-- Found rosidl_adapter: 4.6.5 (/opt/ros/jazzy/share/rosidl_adapter/cmake)
-- Found rosidl_adapter: 4.6.5 (/opt/ros/jazzy/share/rosidl_adapter/cmake)
-- Found rosidl_adapter: 4.6.5 (/opt/ros/jazzy/share/rosidl_adapter/cmake)
-- Using all available rosidl_typesupport_c: rosidl_typesupport_microxrcedds_c;rosidl_typesupport_fastrtps_c;rosidl_typesupport_introspection_c
-- Using all available rosidl_typesupport_c: rosidl_typesupport_microxrcedds_c;rosidl_typesupport_fastrtps_c;rosidl_typesupport_introspection_c
-- Using all available rosidl_typesupport_c: rosidl_typesupport_microxrcedds_c;rosidl_typesupport_fastrtps_c;rosidl_typesupport_introspection_c
-- Using all available rosidl_typesupport_c: rosidl_typesupport_microxrcedds_c;rosidl_typesupport_fastrtps_c;rosidl_typesupport_introspection_c
-- Using all available rosidl_typesupport_c: rosidl_typesupport_microxrcedds_c;rosidl_typesupport_fastrtps_c;rosidl_typesupport_introspection_c
-- Found rosidl_adapter: 4.6.5 (/opt/ros/jazzy/share/rosidl_adapter/cmake)
-- Found rosidl_adapter: 4.6.5 (/opt/ros/jazzy/share/rosidl_adapter/cmake)
-- Found rosidl_adapter: 4.6.5 (/opt/ros/jazzy/share/rosidl_adapter/cmake)
-- Found rosidl_adapter: 4.6.5 (/opt/ros/jazzy/share/rosidl_adapter/cmake)
-- Found rosidl_adapter: 4.6.5 (/opt/ros/jazzy/share/rosidl_adapter/cmake)
-- Using all available rosidl_typesupport_c: rosidl_typesupport_microxrcedds_c;rosidl_typesupport_fastrtps_c;rosidl_typesupport_introspection_c
-- Found rosidl_adapter: 4.6.5 (/opt/ros/jazzy/share/rosidl_adapter/cmake)
-- Using all available rosidl_typesupport_cpp: rosidl_typesupport_microxrcedds_cpp;rosidl_typesupport_fastrtps_cpp;rosidl_typesupport_introspection_cpp
-- Using all available rosidl_typesupport_cpp: rosidl_typesupport_microxrcedds_cpp;rosidl_typesupport_fastrtps_cpp;rosidl_typesupport_introspection_cpp
-- Using all available rosidl_typesupport_cpp: rosidl_typesupport_microxrcedds_cpp;rosidl_typesupport_fastrtps_cpp;rosidl_typesupport_introspection_cpp
-- Using all available rosidl_typesupport_cpp: rosidl_typesupport_microxrcedds_cpp;rosidl_typesupport_fastrtps_cpp;rosidl_typesupport_introspection_cpp
-- Using all available rosidl_typesupport_cpp: rosidl_typesupport_microxrcedds_cpp;rosidl_typesupport_fastrtps_cpp;rosidl_typesupport_introspection_cpp
-- Using all available rosidl_typesupport_cpp: rosidl_typesupport_microxrcedds_cpp;rosidl_typesupport_fastrtps_cpp;rosidl_typesupport_introspection_cpp
-- Using all available rosidl_typesupport_cpp: rosidl_typesupport_microxrcedds_cpp;rosidl_typesupport_fastrtps_cpp;rosidl_typesupport_introspection_cpp
-- Using all available rosidl_typesupport_cpp: rosidl_typesupport_microxrcedds_cpp;rosidl_typesupport_fastrtps_cpp;rosidl_typesupport_introspection_cpp
-- Using all available rosidl_typesupport_cpp: rosidl_typesupport_microxrcedds_cpp;rosidl_typesupport_fastrtps_cpp;rosidl_typesupport_introspection_cpp
-- Using all available rosidl_typesupport_cpp: rosidl_typesupport_microxrcedds_cpp;rosidl_typesupport_fastrtps_cpp;rosidl_typesupport_introspection_cpp
-- Using all available rosidl_typesupport_cpp: rosidl_typesupport_microxrcedds_cpp;rosidl_typesupport_fastrtps_cpp;rosidl_typesupport_introspection_cpp
-- Using all available rosidl_typesupport_cpp: rosidl_typesupport_microxrcedds_cpp;rosidl_typesupport_fastrtps_cpp;rosidl_typesupport_introspection_cpp
-- Using all available rosidl_typesupport_cpp: rosidl_typesupport_microxrcedds_cpp;rosidl_typesupport_fastrtps_cpp;rosidl_typesupport_introspection_cpp
-- Using all available rosidl_typesupport_cpp: rosidl_typesupport_microxrcedds_cpp;rosidl_typesupport_fastrtps_cpp;rosidl_typesupport_introspection_cpp
-- Using all available rosidl_typesupport_cpp: rosidl_typesupport_microxrcedds_cpp;rosidl_typesupport_fastrtps_cpp;rosidl_typesupport_introspection_cpp
-- Using all available rosidl_typesupport_cpp: rosidl_typesupport_microxrcedds_cpp;rosidl_typesupport_fastrtps_cpp;rosidl_typesupport_introspection_cpp
-- Found rmw_implementation_cmake: 7.3.1 (/opt/ros/jazzy/share/rmw_implementation_cmake/cmake)
-- Found rmw_implementation_cmake: 7.3.1 (/opt/ros/jazzy/share/rmw_implementation_cmake/cmake)
-- Found rmw_implementation_cmake: 7.3.1 (/opt/ros/jazzy/share/rmw_implementation_cmake/cmake)
-- Found rmw_implementation_cmake: 7.3.1 (/opt/ros/jazzy/share/rmw_implementation_cmake/cmake)
-- Found rmw_implementation_cmake: 7.3.1 (/opt/ros/jazzy/share/rmw_implementation_cmake/cmake)
-- Found rmw_implementation_cmake: 7.3.1 (/opt/ros/jazzy/share/rmw_implementation_cmake/cmake)
-- Found rmw_implementation_cmake: 7.3.1 (/opt/ros/jazzy/share/rmw_implementation_cmake/cmake)
-- Found rmw_implementation_cmake: 7.3.1 (/opt/ros/jazzy/share/rmw_implementation_cmake/cmake)
-- Found rmw_fastrtps_cpp: 8.4.1 (/opt/ros/jazzy/share/rmw_fastrtps_cpp/cmake)
-- Found rmw_fastrtps_cpp: 8.4.1 (/opt/ros/jazzy/share/rmw_fastrtps_cpp/cmake)
-- Found rmw_fastrtps_cpp: 8.4.1 (/opt/ros/jazzy/share/rmw_fastrtps_cpp/cmake)
-- Found rmw_fastrtps_cpp: 8.4.1 (/opt/ros/jazzy/share/rmw_fastrtps_cpp/cmake)
-- Found rmw_fastrtps_cpp: 8.4.1 (/opt/ros/jazzy/share/rmw_fastrtps_cpp/cmake)
-- Found rmw_fastrtps_cpp: 8.4.1 (/opt/ros/jazzy/share/rmw_fastrtps_cpp/cmake)
-- Found rmw_implementation_cmake: 7.3.1 (/opt/ros/jazzy/share/rmw_implementation_cmake/cmake)
-- Found rmw_fastrtps_cpp: 8.4.1 (/opt/ros/jazzy/share/rmw_fastrtps_cpp/cmake)
-- Found rmw_fastrtps_cpp: 8.4.1 (/opt/ros/jazzy/share/rmw_fastrtps_cpp/cmake)
-- Found rmw_implementation_cmake: 7.3.1 (/opt/ros/jazzy/share/rmw_implementation_cmake/cmake)
-- Found rmw_implementation_cmake: 7.3.1 (/opt/ros/jazzy/share/rmw_implementation_cmake/cmake)
-- Found rmw_fastrtps_cpp: 8.4.1 (/opt/ros/jazzy/share/rmw_fastrtps_cpp/cmake)
-- Found rmw_fastrtps_cpp: 8.4.1 (/opt/ros/jazzy/share/rmw_fastrtps_cpp/cmake)
-- Found rmw_implementation_cmake: 7.3.1 (/opt/ros/jazzy/share/rmw_implementation_cmake/cmake)
-- Found rmw_implementation_cmake: 7.3.1 (/opt/ros/jazzy/share/rmw_implementation_cmake/cmake)
-- Found rmw_implementation_cmake: 7.3.1 (/opt/ros/jazzy/share/rmw_implementation_cmake/cmake)
-- Found rmw_fastrtps_cpp: 8.4.1 (/opt/ros/jazzy/share/rmw_fastrtps_cpp/cmake)
-- Found rmw_fastrtps_cpp: 8.4.1 (/opt/ros/jazzy/share/rmw_fastrtps_cpp/cmake)
-- Found rmw_fastrtps_cpp: 8.4.1 (/opt/ros/jazzy/share/rmw_fastrtps_cpp/cmake)
-- Found rmw_fastrtps_cpp: 8.4.1 (/opt/ros/jazzy/share/rmw_fastrtps_cpp/cmake)
-- Found rmw_implementation_cmake: 7.3.1 (/opt/ros/jazzy/share/rmw_implementation_cmake/cmake)
-- Found rmw_implementation_cmake: 7.3.1 (/opt/ros/jazzy/share/rmw_implementation_cmake/cmake)
-- Found rmw_fastrtps_cpp: 8.4.1 (/opt/ros/jazzy/share/rmw_fastrtps_cpp/cmake)
-- Found rmw_fastrtps_cpp: 8.4.1 (/opt/ros/jazzy/share/rmw_fastrtps_cpp/cmake)
-- Using RMW implementation 'rmw_fastrtps_cpp' as default
-- Using RMW implementation 'rmw_fastrtps_cpp' as default
-- Using RMW implementation 'rmw_fastrtps_cpp' as default
-- Using RMW implementation 'rmw_fastrtps_cpp' as default
-- Using RMW implementation 'rmw_fastrtps_cpp' as default
-- Using RMW implementation 'rmw_fastrtps_cpp' as default
-- Using RMW implementation 'rmw_fastrtps_cpp' as default
-- Using RMW implementation 'rmw_fastrtps_cpp' as default
-- Using RMW implementation 'rmw_fastrtps_cpp' as default
-- Using RMW implementation 'rmw_fastrtps_cpp' as default
-- Using RMW implementation 'rmw_fastrtps_cpp' as default
-- Using RMW implementation 'rmw_fastrtps_cpp' as default
-- Using RMW implementation 'rmw_fastrtps_cpp' as default
-- Using RMW implementation 'rmw_fastrtps_cpp' as default
-- Using RMW implementation 'rmw_fastrtps_cpp' as default
-- Using RMW implementation 'rmw_fastrtps_cpp' as default
-- Found rclc: 6.1.0 (/home/rassito/microros_ws/install/rclc/share/rclc/cmake)
-- Found rclc: 6.1.0 (/home/rassito/microros_ws/install/rclc/share/rclc/cmake)
-- Found rclc: 6.1.0 (/home/rassito/microros_ws/install/rclc/share/rclc/cmake)
-- Found rclc: 6.1.0 (/home/rassito/microros_ws/install/rclc/share/rclc/cmake)
-- Found rclc: 6.1.0 (/home/rassito/microros_ws/install/rclc/share/rclc/cmake)
-- Found rclc: 6.1.0 (/home/rassito/microros_ws/install/rclc/share/rclc/cmake)
-- Found rclc: 6.1.0 (/home/rassito/microros_ws/install/rclc/share/rclc/cmake)
-- Found rclc: 6.1.0 (/home/rassito/microros_ws/install/rclc/share/rclc/cmake)
-- Found rclc: 6.1.0 (/home/rassito/microros_ws/install/rclc/share/rclc/cmake)
-- Found rclc: 6.1.0 (/home/rassito/microros_ws/install/rclc/share/rclc/cmake)
-- Found rclc: 6.1.0 (/home/rassito/microros_ws/install/rclc/share/rclc/cmake)
-- Found rclc: 6.1.0 (/home/rassito/microros_ws/install/rclc/share/rclc/cmake)
-- Found rclc: 6.1.0 (/home/rassito/microros_ws/install/rclc/share/rclc/cmake)
-- Found rclc: 6.1.0 (/home/rassito/microros_ws/install/rclc/share/rclc/cmake)
-- Found rclc: 6.1.0 (/home/rassito/microros_ws/install/rclc/share/rclc/cmake)
-- Found rclc: 6.1.0 (/home/rassito/microros_ws/install/rclc/share/rclc/cmake)
-- Found std_msgs: 5.3.5 (/home/rassito/microros_ws/install/std_msgs/share/std_msgs/cmake)
-- Found std_msgs: 5.3.5 (/home/rassito/microros_ws/install/std_msgs/share/std_msgs/cmake)
-- Found std_msgs: 5.3.5 (/home/rassito/microros_ws/install/std_msgs/share/std_msgs/cmake)
-- Found std_msgs: 5.3.5 (/home/rassito/microros_ws/install/std_msgs/share/std_msgs/cmake)
-- Found std_msgs: 5.3.5 (/home/rassito/microros_ws/install/std_msgs/share/std_msgs/cmake)
-- Found std_msgs: 5.3.5 (/home/rassito/microros_ws/install/std_msgs/share/std_msgs/cmake)
-- Found example_interfaces: 0.12.0 (/home/rassito/microros_ws/install/example_interfaces/share/example_interfaces/cmake)
-- Found example_interfaces: 0.12.0 (/home/rassito/microros_ws/install/example_interfaces/share/example_interfaces/cmake)
-- Found example_interfaces: 0.12.0 (/home/rassito/microros_ws/install/example_interfaces/share/example_interfaces/cmake)
-- Found example_interfaces: 0.12.0 (/home/rassito/microros_ws/install/example_interfaces/share/example_interfaces/cmake)
-- Found rmw_microxrcedds: 5.0.1 (/home/rassito/microros_ws/install/rmw_microxrcedds/share/rmw_microxrcedds/cmake)
-- Found rmw_microxrcedds: 5.0.1 (/home/rassito/microros_ws/install/rmw_microxrcedds/share/rmw_microxrcedds/cmake)
-- Found rmw_microxrcedds: 5.0.1 (/home/rassito/microros_ws/install/rmw_microxrcedds/share/rmw_microxrcedds/cmake)
-- Found std_msgs: 5.3.5 (/home/rassito/microros_ws/install/std_msgs/share/std_msgs/cmake)
-- Found std_msgs: 5.3.5 (/home/rassito/microros_ws/install/std_msgs/share/std_msgs/cmake)
-- Found rmw_microxrcedds: 5.0.1 (/home/rassito/microros_ws/install/rmw_microxrcedds/share/rmw_microxrcedds/cmake)
-- Found std_msgs: 5.3.5 (/home/rassito/microros_ws/install/std_msgs/share/std_msgs/cmake)
-- Found rmw_microxrcedds: 5.0.1 (/home/rassito/microros_ws/install/rmw_microxrcedds/share/rmw_microxrcedds/cmake)
-- Found std_msgs: 5.3.5 (/home/rassito/microros_ws/install/std_msgs/share/std_msgs/cmake)
-- Configuring done (0.7s)
-- Configuring done (0.7s)
-- Found rmw_microxrcedds: 5.0.1 (/home/rassito/microros_ws/install/rmw_microxrcedds/share/rmw_microxrcedds/cmake)
-- Found rmw_microxrcedds: 5.0.1 (/home/rassito/microros_ws/install/rmw_microxrcedds/share/rmw_microxrcedds/cmake)
-- Configuring done (0.7s)
-- Configuring done (0.7s)
-- Found rmw_microxrcedds: 5.0.1 (/home/rassito/microros_ws/install/rmw_microxrcedds/share/rmw_microxrcedds/cmake)
-- Found rmw_microxrcedds: 5.0.1 (/home/rassito/microros_ws/install/rmw_microxrcedds/share/rmw_microxrcedds/cmake)
-- Configuring done (0.7s)
-- Configuring done (0.7s)
-- Generating done (0.0s)
-- Configuring done (0.7s)
-- Generating done (0.0s)
-- Build files have been written to: /home/rassito/microros_ws/build/micro_ros_demos_rclc/graph_introspection/publisher_count/src/publisher_count-build
-- Found rmw_microxrcedds: 5.0.1 (/home/rassito/microros_ws/install/rmw_microxrcedds/share/rmw_microxrcedds/cmake)
-- Build files have been written to: /home/rassito/microros_ws/build/micro_ros_demos_rclc/graph_introspection/subscription_count/src/subscription_count-build
-- Found rmw_microxrcedds: 5.0.1 (/home/rassito/microros_ws/install/rmw_microxrcedds/share/rmw_microxrcedds/cmake)
-- Configuring done (0.7s)
-- Configuring done (0.7s)
-- Configuring done (0.7s)
-- Generating done (0.0s)
-- Generating done (0.0s)
-- Configuring done (0.7s)
-- Configuring done (0.7s)
-- Build files have been written to: /home/rassito/microros_ws/build/micro_ros_demos_rclc/int32_publisher/src/int32_publisher-build
-- Configuring done (0.7s)
-- Build files have been written to: /home/rassito/microros_ws/build/micro_ros_demos_rclc/graph_introspection/graph_visualizer/src/graph_visualizer-build
-- Configuring done (0.7s)
-- Generating done (0.0s)
-- Configuring done (0.7s)
-- Build files have been written to: /home/rassito/microros_ws/build/micro_ros_demos_rclc/int32_multinode/src/int32_multinode-build
-- Generating done (0.0s)
-- Generating done (0.0s)
-- Configuring done (0.7s)
-- Build files have been written to: /home/rassito/microros_ws/build/micro_ros_demos_rclc/ping_pong/src/ping_pong-build
-- Build files have been written to: /home/rassito/microros_ws/build/micro_ros_demos_rclc/fragmented_publication/src/fragmented_publication-build
-- Generating done (0.0s)
-- Generating done (0.0s)
-- Build files have been written to: /home/rassito/microros_ws/build/micro_ros_demos_rclc/configuration_example/configured_subscriber/src/configured_subscriber-build
-- Generating done (0.0s)
-- Generating done (0.0s)
-- Build files have been written to: /home/rassito/microros_ws/build/micro_ros_demos_rclc/configuration_example/configured_publisher/src/configured_publisher-build
-- Build files have been written to: /home/rassito/microros_ws/build/micro_ros_demos_rclc/addtwoints_server/src/addtwoints_server-build
-- Build files have been written to: /home/rassito/microros_ws/build/micro_ros_demos_rclc/ping_uros_agent/src/ping_uros_agent-build
-- Generating done (0.0s)
-- Generating done (0.0s)
-- Build files have been written to: /home/rassito/microros_ws/build/micro_ros_demos_rclc/addtwoints_client/src/addtwoints_client-build
-- Generating done (0.0s)
-- Build files have been written to: /home/rassito/microros_ws/build/micro_ros_demos_rclc/fibonacci_action_server/src/fibonacci_action_server-build
-- Generating done (0.0s)
-- Generating done (0.0s)
-- Build files have been written to: /home/rassito/microros_ws/build/micro_ros_demos_rclc/fibonacci_action_client/src/fibonacci_action_client-build
-- Build files have been written to: /home/rassito/microros_ws/build/micro_ros_demos_rclc/int32_subscriber/src/int32_subscriber-build
-- Build files have been written to: /home/rassito/microros_ws/build/micro_ros_demos_rclc/int32_publisher_subscriber/src/int32_publisher_subscriber-build
[ 50%] [32m[1mLinking C executable subscription_count[0m
[ 50%] [32m[1mLinking C executable publisher_count[0m
[ 50%] [32m[1mLinking C executable graph_visualizer[0m
[ 50%] [32m[1mLinking C executable int32_multinode[0m
[ 50%] [32m[1mLinking C executable fragmented_publication[0m
[ 50%] [32m[1mLinking C executable ping_pong[0m
[ 50%] [32m[1mLinking C executable int32_publisher[0m
[ 50%] [32m[1mLinking C executable configured_subscriber[0m
[ 50%] [32m[1mLinking C executable configured_publisher[0m
[ 50%] [32m[1mLinking C executable addtwoints_server[0m
[ 50%] [32m[1mLinking C executable ping_uros_agent[0m
[ 50%] [32m[1mLinking C executable addtwoints_client[0m
[ 50%] [32m[1mLinking C executable int32_publisher_subscriber[0m
[ 50%] [32m[1mLinking C executable fibonacci_action_client[0m
[ 50%] [32m[1mLinking C executable fibonacci_action_server[0m
[ 50%] [32m[1mLinking C executable int32_subscriber[0m
[100%] Built target publisher_count
[100%] Built target subscription_count
[100%] Built target graph_visualizer
[100%] Built target ping_pong
[100%] Built target int32_multinode
[100%] Built target fragmented_publication
[  8%] [34m[1mPerforming install step for 'subscription_count'[0m
[  9%] [34m[1mPerforming install step for 'publisher_count'[0m
[100%] Built target configured_subscriber
[100%] Built target int32_publisher
[100%] Built target configured_publisher
[100%] Built target ping_uros_agent
[100%] Built target fibonacci_action_client
[100%] Built target addtwoints_server
[100%] Built target addtwoints_client
[100%] Built target int32_publisher_subscriber
[100%] Built target fibonacci_action_server
[  9%] [34m[1mPerforming install step for 'graph_visualizer'[0m
[100%] Built target int32_subscriber
[ 10%] [34m[1mPerforming install step for 'fragmented_publication'[0m
[ 10%] [34m[1mPerforming install step for 'ping_pong'[0m
[ 10%] [34m[1mPerforming install step for 'int32_multinode'[0m
[ 10%] [34m[1mPerforming install step for 'configured_subscriber'[0m
[ 10%] [34m[1mPerforming install step for 'configured_publisher'[0m
[ 11%] [34m[1mPerforming install step for 'ping_uros_agent'[0m
[ 12%] [34m[1mPerforming install step for 'int32_publisher'[0m
[ 12%] [34m[1mPerforming install step for 'fibonacci_action_client'[0m
[ 13%] [34m[1mPerforming install step for 'addtwoints_server'[0m
[ 14%] [34m[1mPerforming install step for 'addtwoints_client'[0m
[ 14%] [34m[1mPerforming install step for 'int32_publisher_subscriber'[0m
[ 14%] [34m[1mPerforming install step for 'fibonacci_action_server'[0m
[ 14%] [34m[1mPerforming install step for 'int32_subscriber'[0m
[100%] Built target subscription_count
[100%] Built target publisher_count
[100%] Built target graph_visualizer
[100%] Built target ping_pong
[100%] Built target fragmented_publication
[100%] Built target int32_multinode
[36mInstall the project...[0m
[100%] Built target configured_subscriber
[36mInstall the project...[0m
[100%] Built target ping_uros_agent
[100%] Built target fibonacci_action_client
[100%] Built target int32_publisher
[100%] Built target configured_publisher
[100%] Built target addtwoints_server
-- Install configuration: ""
-- Installing: /home/rassito/microros_ws/build/micro_ros_demos_rclc/temp_install/subscription_count/subscription_count
-- Set non-toolchain portion of runtime path of "/home/rassito/microros_ws/build/micro_ros_demos_rclc/temp_install/subscription_count/subscription_count" to ""
[100%] Built target int32_publisher_subscriber
[100%] Built target addtwoints_client
[100%] Built target fibonacci_action_server
-- Install configuration: ""
[36mInstall the project...[0m
-- Installing: /home/rassito/microros_ws/build/micro_ros_demos_rclc/temp_install/publisher_count/publisher_count
[100%] Built target int32_subscriber
-- Set non-toolchain portion of runtime path of "/home/rassito/microros_ws/build/micro_ros_demos_rclc/temp_install/publisher_count/publisher_count" to ""
[36mInstall the project...[0m
[36mInstall the project...[0m
[36mInstall the project...[0m
[ 15%] [34m[1mCompleted 'subscription_count'[0m
[36mInstall the project...[0m
-- Install configuration: ""
[ 16%] [34m[1mCompleted 'publisher_count'[0m
-- Installing: /home/rassito/microros_ws/build/micro_ros_demos_rclc/temp_install/graph_visualizer/graph_visualizer
-- Set non-toolchain portion of runtime path of "/home/rassito/microros_ws/build/micro_ros_demos_rclc/temp_install/graph_visualizer/graph_visualizer" to ""
[36mInstall the project...[0m
[36mInstall the project...[0m
[36mInstall the project...[0m
[36mInstall the project...[0m
[36mInstall the project...[0m
-- Install configuration: ""
-- Installing: /home/rassito/microros_ws/build/micro_ros_demos_rclc/temp_install/fragmented_publication/fragmented_publication
-- Install configuration: ""
-- Set non-toolchain portion of runtime path of "/home/rassito/microros_ws/build/micro_ros_demos_rclc/temp_install/fragmented_publication/fragmented_publication" to ""
-- Install configuration: ""
-- Installing: /home/rassito/microros_ws/build/micro_ros_demos_rclc/temp_install/ping_pong/ping_pong
-- Set non-toolchain portion of runtime path of "/home/rassito/microros_ws/build/micro_ros_demos_rclc/temp_install/ping_pong/ping_pong" to ""
-- Installing: /home/rassito/microros_ws/build/micro_ros_demos_rclc/temp_install/configured_subscriber/configured_subscriber
-- Set non-toolchain portion of runtime path of "/home/rassito/microros_ws/build/micro_ros_demos_rclc/temp_install/configured_subscriber/configured_subscriber" to ""
[36mInstall the project...[0m
-- Install configuration: ""
[36mInstall the project...[0m
-- Installing: /home/rassito/microros_ws/build/micro_ros_demos_rclc/temp_install/int32_multinode/int32_multinode
-- Set non-toolchain portion of runtime path of "/home/rassito/microros_ws/build/micro_ros_demos_rclc/temp_install/int32_multinode/int32_multinode" to ""
[36mInstall the project...[0m
[36mInstall the project...[0m
-- Install configuration: ""
-- Install configuration: ""
-- Install configuration: ""
-- Install configuration: ""
-- Installing: /home/rassito/microros_ws/build/micro_ros_demos_rclc/temp_install/ping_uros_agent/ping_uros_agent
[ 16%] [34m[1mCompleted 'graph_visualizer'[0m
-- Installing: /home/rassito/microros_ws/build/micro_ros_demos_rclc/temp_install/addtwoints_server/addtwoints_server
-- Installing: /home/rassito/microros_ws/build/micro_ros_demos_rclc/temp_install/fibonacci_action_client/fibonacci_action_client
-- Set non-toolchain portion of runtime path of "/home/rassito/microros_ws/build/micro_ros_demos_rclc/temp_install/ping_uros_agent/ping_uros_agent" to ""
-- Installing: /home/rassito/microros_ws/build/micro_ros_demos_rclc/temp_install/configured_publisher/configured_publisher
-- Set non-toolchain portion of runtime path of "/home/rassito/microros_ws/build/micro_ros_demos_rclc/temp_install/addtwoints_server/addtwoints_server" to ""
-- Set non-toolchain portion of runtime path of "/home/rassito/microros_ws/build/micro_ros_demos_rclc/temp_install/fibonacci_action_client/fibonacci_action_client" to ""
-- Set non-toolchain portion of runtime path of "/home/rassito/microros_ws/build/micro_ros_demos_rclc/temp_install/configured_publisher/configured_publisher" to ""
-- Install configuration: ""
-- Installing: /home/rassito/microros_ws/build/micro_ros_demos_rclc/temp_install/int32_publisher/int32_publisher
[ 16%] [34m[1mCompleted 'fragmented_publication'[0m
-- Set non-toolchain portion of runtime path of "/home/rassito/microros_ws/build/micro_ros_demos_rclc/temp_install/int32_publisher/int32_publisher" to ""
[ 16%] [34m[1mCompleted 'ping_pong'[0m
-- Install configuration: ""
-- Install configuration: ""
-- Installing: /home/rassito/microros_ws/build/micro_ros_demos_rclc/temp_install/int32_publisher_subscriber/int32_publisher_subscriber
-- Installing: /home/rassito/microros_ws/build/micro_ros_demos_rclc/temp_install/addtwoints_client/addtwoints_client
-- Set non-toolchain portion of runtime path of "/home/rassito/microros_ws/build/micro_ros_demos_rclc/temp_install/int32_publisher_subscriber/int32_publisher_subscriber" to ""
-- Set non-toolchain portion of runtime path of "/home/rassito/microros_ws/build/micro_ros_demos_rclc/temp_install/addtwoints_client/addtwoints_client" to ""
-- Install configuration: ""
-- Installing: /home/rassito/microros_ws/build/micro_ros_demos_rclc/temp_install/int32_subscriber/int32_subscriber
-- Install configuration: ""
[ 16%] [34m[1mCompleted 'configured_subscriber'[0m
-- Set non-toolchain portion of runtime path of "/home/rassito/microros_ws/build/micro_ros_demos_rclc/temp_install/int32_subscriber/int32_subscriber" to ""
[ 16%] [34m[1mCompleted 'int32_multinode'[0m
-- Installing: /home/rassito/microros_ws/build/micro_ros_demos_rclc/temp_install/fibonacci_action_server/fibonacci_action_server
-- Set non-toolchain portion of runtime path of "/home/rassito/microros_ws/build/micro_ros_demos_rclc/temp_install/fibonacci_action_server/fibonacci_action_server" to ""
[ 17%] [34m[1mCompleted 'addtwoints_server'[0m
[ 17%] [34m[1mCompleted 'ping_uros_agent'[0m
[ 17%] [34m[1mCompleted 'configured_publisher'[0m
[ 18%] [34m[1mCompleted 'fibonacci_action_client'[0m
[ 19%] [34m[1mCompleted 'int32_publisher'[0m
[ 20%] [34m[1mCompleted 'int32_publisher_subscriber'[0m
[ 20%] [34m[1mCompleted 'addtwoints_client'[0m
[ 20%] [34m[1mCompleted 'fibonacci_action_server'[0m
[ 20%] [34m[1mCompleted 'int32_subscriber'[0m
[ 23%] Built target subscription_count
[ 25%] Built target publisher_count
[ 28%] Built target graph_visualizer
[ 30%] Built target fragmented_publication
[ 33%] Built target ping_pong
[ 33%] [34m[1mPerforming build step for 'fragmented_subscription'[0m
[ 35%] Built target configured_subscriber
[ 36%] Built target ping_uros_agent
[ 38%] Built target addtwoints_server
[ 41%] Built target configured_publisher
[ 44%] Built target fibonacci_action_client
[ 46%] Built target int32_multinode
[ 47%] [34m[1mPerforming build step for 'complex_msg_publisher'[0m
[ 49%] Built target int32_publisher
[ 52%] Built target int32_publisher_subscriber
[ 54%] Built target addtwoints_client
[ 56%] Built target int32_subscriber
[ 59%] Built target fibonacci_action_server
[ 60%] [34m[1mPerforming build step for 'complex_msg_subscriber'[0m
[ 60%] [34m[1mPerforming build step for 'timer'[0m
[ 61%] [34m[1mPerforming build step for 'string_publisher'[0m
-- Found ament_cmake: 2.5.3 (/opt/ros/jazzy/share/ament_cmake/cmake)
[ 61%] [34m[1mPerforming build step for 'string_subscriber'[0m
[ 62%] [34m[1mPerforming build step for 'static_type_handling'[0m
[ 62%] [34m[1mPerforming build step for 'epoch_synchronization'[0m
[ 63%] [34m[1mPerforming build step for 'autodiscover_agent'[0m
[ 63%] [34m[1mPerforming build step for 'parameter_server'[0m
[ 63%] [34m[1mPerforming build step for 'multithread_publisher_subscriber'[0m
-- Found ament_cmake: 2.5.3 (/opt/ros/jazzy/share/ament_cmake/cmake)
-- Found ament_cmake: 2.5.3 (/opt/ros/jazzy/share/ament_cmake/cmake)
-- Found ament_cmake: 2.5.3 (/opt/ros/jazzy/share/ament_cmake/cmake)
-- Found ament_cmake: 2.5.3 (/opt/ros/jazzy/share/ament_cmake/cmake)
-- Found ament_cmake: 2.5.3 (/opt/ros/jazzy/share/ament_cmake/cmake)
-- Found ament_cmake: 2.5.3 (/opt/ros/jazzy/share/ament_cmake/cmake)
-- Found ament_cmake: 2.5.3 (/opt/ros/jazzy/share/ament_cmake/cmake)
-- Found ament_cmake: 2.5.3 (/opt/ros/jazzy/share/ament_cmake/cmake)
-- Found ament_cmake: 2.5.3 (/opt/ros/jazzy/share/ament_cmake/cmake)
-- Found ament_cmake: 2.5.3 (/opt/ros/jazzy/share/ament_cmake/cmake)
-- Found rcl: 9.2.4 (/opt/ros/jazzy/share/rcl/cmake)
-- Found rcl: 9.2.4 (/opt/ros/jazzy/share/rcl/cmake)
-- Found rcl: 9.2.4 (/opt/ros/jazzy/share/rcl/cmake)
-- Found rosidl_generator_c: 4.6.5 (/opt/ros/jazzy/share/rosidl_generator_c/cmake)
-- Found rosidl_generator_c: 4.6.5 (/opt/ros/jazzy/share/rosidl_generator_c/cmake)
-- Found rosidl_generator_cpp: 4.6.5 (/opt/ros/jazzy/share/rosidl_generator_cpp/cmake)
-- Found rosidl_generator_c: 4.6.5 (/opt/ros/jazzy/share/rosidl_generator_c/cmake)
-- Found rosidl_generator_cpp: 4.6.5 (/opt/ros/jazzy/share/rosidl_generator_cpp/cmake)
-- Using all available rosidl_typesupport_c: rosidl_typesupport_microxrcedds_c;rosidl_typesupport_fastrtps_c;rosidl_typesupport_introspection_c
-- Found rosidl_generator_cpp: 4.6.5 (/opt/ros/jazzy/share/rosidl_generator_cpp/cmake)
-- Found rcl: 9.2.4 (/opt/ros/jazzy/share/rcl/cmake)
-- Found rosidl_adapter: 4.6.5 (/opt/ros/jazzy/share/rosidl_adapter/cmake)
-- Found rcl: 9.2.4 (/opt/ros/jazzy/share/rcl/cmake)
-- Found rcl: 9.2.4 (/opt/ros/jazzy/share/rcl/cmake)
-- Found rcl: 9.2.4 (/opt/ros/jazzy/share/rcl/cmake)
-- Found rcl: 9.2.4 (/opt/ros/jazzy/share/rcl/cmake)
-- Using all available rosidl_typesupport_c: rosidl_typesupport_microxrcedds_c;rosidl_typesupport_fastrtps_c;rosidl_typesupport_introspection_c
-- Using all available rosidl_typesupport_c: rosidl_typesupport_microxrcedds_c;rosidl_typesupport_fastrtps_c;rosidl_typesupport_introspection_c
-- Using all available rosidl_typesupport_cpp: rosidl_typesupport_microxrcedds_cpp;rosidl_typesupport_fastrtps_cpp;rosidl_typesupport_introspection_cpp
-- Found rosidl_adapter: 4.6.5 (/opt/ros/jazzy/share/rosidl_adapter/cmake)
-- Found rosidl_adapter: 4.6.5 (/opt/ros/jazzy/share/rosidl_adapter/cmake)
-- Found rcl: 9.2.4 (/opt/ros/jazzy/share/rcl/cmake)
-- Found rcl: 9.2.4 (/opt/ros/jazzy/share/rcl/cmake)
-- Found rosidl_generator_c: 4.6.5 (/opt/ros/jazzy/share/rosidl_generator_c/cmake)
-- Found rcl: 9.2.4 (/opt/ros/jazzy/share/rcl/cmake)
-- Found rosidl_generator_c: 4.6.5 (/opt/ros/jazzy/share/rosidl_generator_c/cmake)
-- Found rosidl_generator_cpp: 4.6.5 (/opt/ros/jazzy/share/rosidl_generator_cpp/cmake)
-- Using all available rosidl_typesupport_cpp: rosidl_typesupport_microxrcedds_cpp;rosidl_typesupport_fastrtps_cpp;rosidl_typesupport_introspection_cpp
-- Found rosidl_generator_c: 4.6.5 (/opt/ros/jazzy/share/rosidl_generator_c/cmake)
-- Using all available rosidl_typesupport_cpp: rosidl_typesupport_microxrcedds_cpp;rosidl_typesupport_fastrtps_cpp;rosidl_typesupport_introspection_cpp
-- Found rosidl_generator_c: 4.6.5 (/opt/ros/jazzy/share/rosidl_generator_c/cmake)
-- Found rosidl_generator_c: 4.6.5 (/opt/ros/jazzy/share/rosidl_generator_c/cmake)
-- Using all available rosidl_typesupport_c: rosidl_typesupport_microxrcedds_c;rosidl_typesupport_fastrtps_c;rosidl_typesupport_introspection_c
-- Found rosidl_generator_c: 4.6.5 (/opt/ros/jazzy/share/rosidl_generator_c/cmake)
-- Found rosidl_generator_c: 4.6.5 (/opt/ros/jazzy/share/rosidl_generator_c/cmake)
-- Found rosidl_generator_cpp: 4.6.5 (/opt/ros/jazzy/share/rosidl_generator_cpp/cmake)
-- Found rosidl_adapter: 4.6.5 (/opt/ros/jazzy/share/rosidl_adapter/cmake)
-- Found rosidl_generator_cpp: 4.6.5 (/opt/ros/jazzy/share/rosidl_generator_cpp/cmake)
-- Found rosidl_generator_cpp: 4.6.5 (/opt/ros/jazzy/share/rosidl_generator_cpp/cmake)
-- Found rosidl_generator_cpp: 4.6.5 (/opt/ros/jazzy/share/rosidl_generator_cpp/cmake)
-- Found rosidl_generator_cpp: 4.6.5 (/opt/ros/jazzy/share/rosidl_generator_cpp/cmake)
-- Found rosidl_generator_cpp: 4.6.5 (/opt/ros/jazzy/share/rosidl_generator_cpp/cmake)
-- Using all available rosidl_typesupport_c: rosidl_typesupport_microxrcedds_c;rosidl_typesupport_fastrtps_c;rosidl_typesupport_introspection_c
-- Using all available rosidl_typesupport_cpp: rosidl_typesupport_microxrcedds_cpp;rosidl_typesupport_fastrtps_cpp;rosidl_typesupport_introspection_cpp
-- Found rosidl_adapter: 4.6.5 (/opt/ros/jazzy/share/rosidl_adapter/cmake)
-- Using all available rosidl_typesupport_c: rosidl_typesupport_microxrcedds_c;rosidl_typesupport_fastrtps_c;rosidl_typesupport_introspection_c
-- Using all available rosidl_typesupport_c: rosidl_typesupport_microxrcedds_c;rosidl_typesupport_fastrtps_c;rosidl_typesupport_introspection_c
-- Found rosidl_generator_c: 4.6.5 (/opt/ros/jazzy/share/rosidl_generator_c/cmake)
-- Found rosidl_adapter: 4.6.5 (/opt/ros/jazzy/share/rosidl_adapter/cmake)
-- Found rosidl_adapter: 4.6.5 (/opt/ros/jazzy/share/rosidl_adapter/cmake)
-- Using all available rosidl_typesupport_c: rosidl_typesupport_microxrcedds_c;rosidl_typesupport_fastrtps_c;rosidl_typesupport_introspection_c
-- Using all available rosidl_typesupport_c: rosidl_typesupport_microxrcedds_c;rosidl_typesupport_fastrtps_c;rosidl_typesupport_introspection_c
-- Found rosidl_adapter: 4.6.5 (/opt/ros/jazzy/share/rosidl_adapter/cmake)
-- Using all available rosidl_typesupport_c: rosidl_typesupport_microxrcedds_c;rosidl_typesupport_fastrtps_c;rosidl_typesupport_introspection_c
-- Found rosidl_generator_cpp: 4.6.5 (/opt/ros/jazzy/share/rosidl_generator_cpp/cmake)
-- Using all available rosidl_typesupport_cpp: rosidl_typesupport_microxrcedds_cpp;rosidl_typesupport_fastrtps_cpp;rosidl_typesupport_introspection_cpp
-- Found rosidl_adapter: 4.6.5 (/opt/ros/jazzy/share/rosidl_adapter/cmake)
-- Found rosidl_adapter: 4.6.5 (/opt/ros/jazzy/share/rosidl_adapter/cmake)
-- Using all available rosidl_typesupport_cpp: rosidl_typesupport_microxrcedds_cpp;rosidl_typesupport_fastrtps_cpp;rosidl_typesupport_introspection_cpp
-- Using all available rosidl_typesupport_cpp: rosidl_typesupport_microxrcedds_cpp;rosidl_typesupport_fastrtps_cpp;rosidl_typesupport_introspection_cpp
-- Found rmw_implementation_cmake: 7.3.1 (/opt/ros/jazzy/share/rmw_implementation_cmake/cmake)
-- Using all available rosidl_typesupport_c: rosidl_typesupport_microxrcedds_c;rosidl_typesupport_fastrtps_c;rosidl_typesupport_introspection_c
-- Found rmw_fastrtps_cpp: 8.4.1 (/opt/ros/jazzy/share/rmw_fastrtps_cpp/cmake)
-- Found rosidl_adapter: 4.6.5 (/opt/ros/jazzy/share/rosidl_adapter/cmake)
-- Using all available rosidl_typesupport_cpp: rosidl_typesupport_microxrcedds_cpp;rosidl_typesupport_fastrtps_cpp;rosidl_typesupport_introspection_cpp
-- Using all available rosidl_typesupport_cpp: rosidl_typesupport_microxrcedds_cpp;rosidl_typesupport_fastrtps_cpp;rosidl_typesupport_introspection_cpp
-- Using all available rosidl_typesupport_cpp: rosidl_typesupport_microxrcedds_cpp;rosidl_typesupport_fastrtps_cpp;rosidl_typesupport_introspection_cpp
-- Found rmw_implementation_cmake: 7.3.1 (/opt/ros/jazzy/share/rmw_implementation_cmake/cmake)
-- Found rmw_fastrtps_cpp: 8.4.1 (/opt/ros/jazzy/share/rmw_fastrtps_cpp/cmake)
-- Using all available rosidl_typesupport_cpp: rosidl_typesupport_microxrcedds_cpp;rosidl_typesupport_fastrtps_cpp;rosidl_typesupport_introspection_cpp
-- Found rmw_implementation_cmake: 7.3.1 (/opt/ros/jazzy/share/rmw_implementation_cmake/cmake)
-- Found rmw_implementation_cmake: 7.3.1 (/opt/ros/jazzy/share/rmw_implementation_cmake/cmake)
-- Found rmw_implementation_cmake: 7.3.1 (/opt/ros/jazzy/share/rmw_implementation_cmake/cmake)
-- Found rmw_fastrtps_cpp: 8.4.1 (/opt/ros/jazzy/share/rmw_fastrtps_cpp/cmake)
-- Found rmw_fastrtps_cpp: 8.4.1 (/opt/ros/jazzy/share/rmw_fastrtps_cpp/cmake)
-- Found rmw_fastrtps_cpp: 8.4.1 (/opt/ros/jazzy/share/rmw_fastrtps_cpp/cmake)
-- Found rmw_implementation_cmake: 7.3.1 (/opt/ros/jazzy/share/rmw_implementation_cmake/cmake)
-- Found rmw_fastrtps_cpp: 8.4.1 (/opt/ros/jazzy/share/rmw_fastrtps_cpp/cmake)
-- Found rmw_implementation_cmake: 7.3.1 (/opt/ros/jazzy/share/rmw_implementation_cmake/cmake)
-- Using RMW implementation 'rmw_fastrtps_cpp' as default
-- Found rmw_fastrtps_cpp: 8.4.1 (/opt/ros/jazzy/share/rmw_fastrtps_cpp/cmake)
-- Using RMW implementation 'rmw_fastrtps_cpp' as default
-- Found rclc: 6.1.0 (/home/rassito/microros_ws/install/rclc/share/rclc/cmake)
-- Using RMW implementation 'rmw_fastrtps_cpp' as default
-- Found rmw_implementation_cmake: 7.3.1 (/opt/ros/jazzy/share/rmw_implementation_cmake/cmake)
-- Found rmw_implementation_cmake: 7.3.1 (/opt/ros/jazzy/share/rmw_implementation_cmake/cmake)
-- Found rmw_fastrtps_cpp: 8.4.1 (/opt/ros/jazzy/share/rmw_fastrtps_cpp/cmake)
-- Using RMW implementation 'rmw_fastrtps_cpp' as default
-- Using RMW implementation 'rmw_fastrtps_cpp' as default
-- Found rmw_implementation_cmake: 7.3.1 (/opt/ros/jazzy/share/rmw_implementation_cmake/cmake)
-- Found rmw_fastrtps_cpp: 8.4.1 (/opt/ros/jazzy/share/rmw_fastrtps_cpp/cmake)
-- Found rmw_fastrtps_cpp: 8.4.1 (/opt/ros/jazzy/share/rmw_fastrtps_cpp/cmake)
-- Found rclc: 6.1.0 (/home/rassito/microros_ws/install/rclc/share/rclc/cmake)
-- Found rmw_implementation_cmake: 7.3.1 (/opt/ros/jazzy/share/rmw_implementation_cmake/cmake)
-- Found rclc: 6.1.0 (/home/rassito/microros_ws/install/rclc/share/rclc/cmake)
-- Found rclc: 6.1.0 (/home/rassito/microros_ws/install/rclc/share/rclc/cmake)
-- Found rclc: 6.1.0 (/home/rassito/microros_ws/install/rclc/share/rclc/cmake)
-- Found rmw_fastrtps_cpp: 8.4.1 (/opt/ros/jazzy/share/rmw_fastrtps_cpp/cmake)
-- Using RMW implementation 'rmw_fastrtps_cpp' as default
-- Found std_msgs: 5.3.5 (/home/rassito/microros_ws/install/std_msgs/share/std_msgs/cmake)
-- Using RMW implementation 'rmw_fastrtps_cpp' as default
-- Found rmw_microxrcedds: 5.0.1 (/home/rassito/microros_ws/install/rmw_microxrcedds/share/rmw_microxrcedds/cmake)
-- Found std_msgs: 5.3.5 (/home/rassito/microros_ws/install/std_msgs/share/std_msgs/cmake)
-- Configuring done (0.5s)
-- Found rclc: 6.1.0 (/home/rassito/microros_ws/install/rclc/share/rclc/cmake)
-- Found rclc: 6.1.0 (/home/rassito/microros_ws/install/rclc/share/rclc/cmake)
-- Found std_msgs: 5.3.5 (/home/rassito/microros_ws/install/std_msgs/share/std_msgs/cmake)
-- Found std_msgs: 5.3.5 (/home/rassito/microros_ws/install/std_msgs/share/std_msgs/cmake)
-- Found rmw_microxrcedds: 5.0.1 (/home/rassito/microros_ws/install/rmw_microxrcedds/share/rmw_microxrcedds/cmake)
-- Generating done (0.0s)
-- Found rmw_microxrcedds: 5.0.1 (/home/rassito/microros_ws/install/rmw_microxrcedds/share/rmw_microxrcedds/cmake)
-- Found rmw_microxrcedds: 5.0.1 (/home/rassito/microros_ws/install/rmw_microxrcedds/share/rmw_microxrcedds/cmake)
-- Build files have been written to: /home/rassito/microros_ws/build/micro_ros_demos_rclc/epoch_synchronization/src/epoch_synchronization-build
-- Configuring done (0.5s)
-- Found micro_ros_utilities: 5.0.1 (/home/rassito/microros_ws/install/micro_ros_utilities/share/micro_ros_utilities/cmake)
-- Found complex_msgs: 5.0.1 (/home/rassito/microros_ws/install/complex_msgs/share/complex_msgs/cmake)
-- Configuring done (0.5s)
-- Configuring done (0.5s)
-- Generating done (0.0s)
-- Build files have been written to: /home/rassito/microros_ws/build/micro_ros_demos_rclc/string_subscriber/src/string_subscriber-build
-- Using RMW implementation 'rmw_fastrtps_cpp' as default
-- Found visualization_msgs: 5.3.5 (/home/rassito/microros_ws/install/visualization_msgs/share/visualization_msgs/cmake)
-- Generating done (0.0s)
-- Generating done (0.0s)
-- Using RMW implementation 'rmw_fastrtps_cpp' as default
-- Using RMW implementation 'rmw_fastrtps_cpp' as default
-- Build files have been written to: /home/rassito/microros_ws/build/micro_ros_demos_rclc/multithread_publisher_subscriber/src/multithread_publisher_subscriber-build
-- Build files have been written to: /home/rassito/microros_ws/build/micro_ros_demos_rclc/timer/src/timer-build
-- Found rmw_microxrcedds: 5.0.1 (/home/rassito/microros_ws/install/rmw_microxrcedds/share/rmw_microxrcedds/cmake)
-- Using RMW implementation 'rmw_fastrtps_cpp' as default
[ 50%] [32m[1mLinking C executable epoch_synchronization[0m
-- Found complex_msgs: 5.0.1 (/home/rassito/microros_ws/install/complex_msgs/share/complex_msgs/cmake)
-- Configuring done (0.5s)
-- Found rclc: 6.1.0 (/home/rassito/microros_ws/install/rclc/share/rclc/cmake)
-- Found rclc: 6.1.0 (/home/rassito/microros_ws/install/rclc/share/rclc/cmake)
-- Found rclc: 6.1.0 (/home/rassito/microros_ws/install/rclc/share/rclc/cmake)
-- Found rclc: 6.1.0 (/home/rassito/microros_ws/install/rclc/share/rclc/cmake)
[ 50%] [32m[1mLinking C executable string_subscriber[0m
-- Generating done (0.0s)
-- Found rmw_microxrcedds: 5.0.1 (/home/rassito/microros_ws/install/rmw_microxrcedds/share/rmw_microxrcedds/cmake)
-- Build files have been written to: /home/rassito/microros_ws/build/micro_ros_demos_rclc/complex_msg_subscriber/src/complex_msg_subscriber-build
[ 50%] [32mBuilding C object CMakeFiles/multithread_publisher_subscriber.dir/main.c.o[0m
[ 50%] [32m[1mLinking C executable timer[0m
-- Configuring done (0.6s)
-- Found std_msgs: 5.3.5 (/home/rassito/microros_ws/install/std_msgs/share/std_msgs/cmake)
-- Generating done (0.0s)
-- Found std_msgs: 5.3.5 (/home/rassito/microros_ws/install/std_msgs/share/std_msgs/cmake)
-- Build files have been written to: /home/rassito/microros_ws/build/micro_ros_demos_rclc/complex_msg_publisher/src/complex_msg_publisher-build
-- Found rmw_microxrcedds: 5.0.1 (/home/rassito/microros_ws/install/rmw_microxrcedds/share/rmw_microxrcedds/cmake)
-- Found std_msgs: 5.3.5 (/home/rassito/microros_ws/install/std_msgs/share/std_msgs/cmake)
-- Configuring done (0.6s)
-- Found std_msgs: 5.3.5 (/home/rassito/microros_ws/install/std_msgs/share/std_msgs/cmake)
-- Found rclc_parameter: 6.1.0 (/home/rassito/microros_ws/install/rclc_parameter/share/rclc_parameter/cmake)
-- Found rmw_microxrcedds: 5.0.1 (/home/rassito/microros_ws/install/rmw_microxrcedds/share/rmw_microxrcedds/cmake)
-- Generating done (0.0s)
-- Build files have been written to: /home/rassito/microros_ws/build/micro_ros_demos_rclc/fragmented_subscription/src/fragmented_subscription-build
[ 50%] [32m[1mLinking C executable complex_msg_subscriber[0m
-- Found rmw_microxrcedds: 5.0.1 (/home/rassito/microros_ws/install/rmw_microxrcedds/share/rmw_microxrcedds/cmake)
-- Found rmw_microxrcedds: 5.0.1 (/home/rassito/microros_ws/install/rmw_microxrcedds/share/rmw_microxrcedds/cmake)
-- Found micro_ros_utilities: 5.0.1 (/home/rassito/microros_ws/install/micro_ros_utilities/share/micro_ros_utilities/cmake)
[100%] Built target epoch_synchronization
-- Configuring done (0.6s)
-- Configuring done (0.6s)
-- Found rmw_microxrcedds: 5.0.1 (/home/rassito/microros_ws/install/rmw_microxrcedds/share/rmw_microxrcedds/cmake)
-- Configuring done (0.6s)
-- Generating done (0.0s)
-- Build files have been written to: /home/rassito/microros_ws/build/micro_ros_demos_rclc/parameter_server/src/parameter_server-build
[ 64%] [34m[1mPerforming install step for 'epoch_synchronization'[0m
-- Configuring done (0.6s)
[ 50%] [32m[1mLinking C executable complex_msg_publisher[0m
-- Generating done (0.0s)
-- Generating done (0.0s)
-- Build files have been written to: /home/rassito/microros_ws/build/micro_ros_demos_rclc/string_publisher/src/string_publisher-build
[100%] Built target timer
-- Build files have been written to: /home/rassito/microros_ws/build/micro_ros_demos_rclc/static_type_handling/src/static_type_handling-build
-- Generating done (0.0s)
[ 50%] [32m[1mLinking C executable fragmented_subscription[0m
-- Build files have been written to: /home/rassito/microros_ws/build/micro_ros_demos_rclc/autodiscover_agent/src/autodiscover_agent-build
[100%] Built target string_subscriber
[ 64%] [34m[1mPerforming install step for 'timer'[0m
[ 65%] [34m[1mPerforming install step for 'string_subscriber'[0m
[ 50%] [32m[1mLinking C executable parameter_server[0m
[100%] Built target epoch_synchronization
[ 50%] [32m[1mLinking C executable string_publisher[0m
[ 50%] [32mBuilding C object CMakeFiles/static_type_handling.dir/main.c.o[0m
[ 50%] [32m[1mLinking C executable autodiscover_agent[0m
[36mInstall the project...[0m
[100%] Built target complex_msg_subscriber
-- Install configuration: ""
[100%] Built target timer
-- Installing: /home/rassito/microros_ws/build/micro_ros_demos_rclc/temp_install/epoch_synchronization/epoch_synchronization
[100%] [32m[1mLinking C executable multithread_publisher_subscriber[0m
-- Set non-toolchain portion of runtime path of "/home/rassito/microros_ws/build/micro_ros_demos_rclc/temp_install/epoch_synchronization/epoch_synchronization" to ""
[ 66%] [34m[1mCompleted 'epoch_synchronization'[0m
[ 67%] [34m[1mPerforming install step for 'complex_msg_subscriber'[0m
[100%] Built target complex_msg_publisher
[100%] Built target string_subscriber
[36mInstall the project...[0m
[100%] Built target fragmented_subscription
-- Install configuration: ""
-- Installing: /home/rassito/microros_ws/build/micro_ros_demos_rclc/temp_install/timer/timer
-- Set non-toolchain portion of runtime path of "/home/rassito/microros_ws/build/micro_ros_demos_rclc/temp_install/timer/timer" to ""
[ 68%] [34m[1mCompleted 'timer'[0m
[ 68%] [34m[1mPerforming install step for 'fragmented_subscription'[0m
[ 69%] [34m[1mPerforming install step for 'complex_msg_publisher'[0m
[36mInstall the project...[0m
[ 71%] Built target epoch_synchronization
-- Install configuration: ""
-- Installing: /home/rassito/microros_ws/build/micro_ros_demos_rclc/temp_install/string_subscriber/string_subscriber
-- Set non-toolchain portion of runtime path of "/home/rassito/microros_ws/build/micro_ros_demos_rclc/temp_install/string_subscriber/string_subscriber" to ""
[ 72%] [34m[1mCompleted 'string_subscriber'[0m
[100%] Built target complex_msg_subscriber
[100%] Built target autodiscover_agent
[100%] Built target parameter_server
[36mInstall the project...[0m
[ 75%] Built target timer
[100%] Built target string_publisher
[100%] [32m[1mLinking C executable static_type_handling[0m
-- Install configuration: ""
-- Installing: /home/rassito/microros_ws/build/micro_ros_demos_rclc/temp_install/complex_msg_subscriber/complex_msg_subscriber
[100%] Built target multithread_publisher_subscriber
-- Set non-toolchain portion of runtime path of "/home/rassito/microros_ws/build/micro_ros_demos_rclc/temp_install/complex_msg_subscriber/complex_msg_subscriber" to ""
[ 75%] [34m[1mPerforming install step for 'autodiscover_agent'[0m
[100%] Built target complex_msg_publisher
[100%] Built target fragmented_subscription
[ 75%] [34m[1mPerforming install step for 'parameter_server'[0m
[ 77%] Built target string_subscriber
[ 78%] [34m[1mCompleted 'complex_msg_subscriber'[0m
[ 78%] [34m[1mPerforming install step for 'string_publisher'[0m
[ 79%] [34m[1mPerforming install step for 'multithread_publisher_subscriber'[0m
[36mInstall the project...[0m
[36mInstall the project...[0m
-- Install configuration: ""
-- Install configuration: ""
-- Installing: /home/rassito/microros_ws/build/micro_ros_demos_rclc/temp_install/complex_msg_publisher/complex_msg_publisher
-- Installing: /home/rassito/microros_ws/build/micro_ros_demos_rclc/temp_install/fragmented_subscription/fragmented_subscription
-- Set non-toolchain portion of runtime path of "/home/rassito/microros_ws/build/micro_ros_demos_rclc/temp_install/fragmented_subscription/fragmented_subscription" to ""
-- Set non-toolchain portion of runtime path of "/home/rassito/microros_ws/build/micro_ros_demos_rclc/temp_install/complex_msg_publisher/complex_msg_publisher" to ""
[ 80%] [34m[1mCompleted 'fragmented_subscription'[0m
[ 82%] Built target complex_msg_subscriber
[ 82%] [34m[1mCompleted 'complex_msg_publisher'[0m
[100%] Built target parameter_server
[100%] Built target autodiscover_agent
[100%] Built target multithread_publisher_subscriber
[100%] Built target string_publisher
[36mInstall the project...[0m
[36mInstall the project...[0m
[ 83%] Built target complex_msg_publisher
[ 85%] Built target fragmented_subscription
-- Install configuration: ""
-- Install configuration: ""
-- Installing: /home/rassito/microros_ws/build/micro_ros_demos_rclc/temp_install/parameter_server/parameter_server
-- Installing: /home/rassito/microros_ws/build/micro_ros_demos_rclc/temp_install/autodiscover_agent/autodiscover_agent
-- Set non-toolchain portion of runtime path of "/home/rassito/microros_ws/build/micro_ros_demos_rclc/temp_install/parameter_server/parameter_server" to ""
-- Set non-toolchain portion of runtime path of "/home/rassito/microros_ws/build/micro_ros_demos_rclc/temp_install/autodiscover_agent/autodiscover_agent" to ""
[36mInstall the project...[0m
[36mInstall the project...[0m
[ 85%] [34m[1mCompleted 'autodiscover_agent'[0m
[ 86%] [34m[1mCompleted 'parameter_server'[0m
-- Install configuration: ""
-- Install configuration: ""
-- Installing: /home/rassito/microros_ws/build/micro_ros_demos_rclc/temp_install/multithread_publisher_subscriber/multithread_publisher_subscriber
-- Installing: /home/rassito/microros_ws/build/micro_ros_demos_rclc/temp_install/string_publisher/string_publisher
-- Set non-toolchain portion of runtime path of "/home/rassito/microros_ws/build/micro_ros_demos_rclc/temp_install/multithread_publisher_subscriber/multithread_publisher_subscriber" to ""
-- Set non-toolchain portion of runtime path of "/home/rassito/microros_ws/build/micro_ros_demos_rclc/temp_install/string_publisher/string_publisher" to ""
[ 87%] [34m[1mCompleted 'string_publisher'[0m
[ 87%] [34m[1mCompleted 'multithread_publisher_subscriber'[0m
[100%] Built target static_type_handling
[ 90%] Built target parameter_server
[ 93%] Built target autodiscover_agent
[ 93%] [34m[1mPerforming install step for 'static_type_handling'[0m
[ 95%] Built target string_publisher
[ 97%] Built target multithread_publisher_subscriber
[100%] Built target static_type_handling
[36mInstall the project...[0m
-- Install configuration: ""
-- Installing: /home/rassito/microros_ws/build/micro_ros_demos_rclc/temp_install/static_type_handling/static_type_handling
-- Set non-toolchain portion of runtime path of "/home/rassito/microros_ws/build/micro_ros_demos_rclc/temp_install/static_type_handling/static_type_handling" to ""
[ 97%] [34m[1mCompleted 'static_type_handling'[0m
[100%] Built target static_type_handling
-- Install configuration: ""
-- Up-to-date: /home/rassito/microros_ws/install/micro_ros_demos_rclc/lib/micro_ros_demos_rclc
-- Up-to-date: /home/rassito/microros_ws/install/micro_ros_demos_rclc/lib/micro_ros_demos_rclc/parameter_server
-- Installing: /home/rassito/microros_ws/install/micro_ros_demos_rclc/lib/micro_ros_demos_rclc/parameter_server/parameter_server
-- Up-to-date: /home/rassito/microros_ws/install/micro_ros_demos_rclc/lib/micro_ros_demos_rclc/fragmented_publication
-- Installing: /home/rassito/microros_ws/install/micro_ros_demos_rclc/lib/micro_ros_demos_rclc/fragmented_publication/fragmented_publication
-- Up-to-date: /home/rassito/microros_ws/install/micro_ros_demos_rclc/lib/micro_ros_demos_rclc/int32_publisher
-- Installing: /home/rassito/microros_ws/install/micro_ros_demos_rclc/lib/micro_ros_demos_rclc/int32_publisher/int32_publisher
-- Up-to-date: /home/rassito/microros_ws/install/micro_ros_demos_rclc/lib/micro_ros_demos_rclc/ping_pong
-- Installing: /home/rassito/microros_ws/install/micro_ros_demos_rclc/lib/micro_ros_demos_rclc/ping_pong/ping_pong
-- Up-to-date: /home/rassito/microros_ws/install/micro_ros_demos_rclc/lib/micro_ros_demos_rclc/complex_msg_publisher
-- Installing: /home/rassito/microros_ws/install/micro_ros_demos_rclc/lib/micro_ros_demos_rclc/complex_msg_publisher/complex_msg_publisher
-- Up-to-date: /home/rassito/microros_ws/install/micro_ros_demos_rclc/lib/micro_ros_demos_rclc/configured_publisher
-- Installing: /home/rassito/microros_ws/install/micro_ros_demos_rclc/lib/micro_ros_demos_rclc/configured_publisher/configured_publisher
-- Up-to-date: /home/rassito/microros_ws/install/micro_ros_demos_rclc/lib/micro_ros_demos_rclc/epoch_synchronization
-- Installing: /home/rassito/microros_ws/install/micro_ros_demos_rclc/lib/micro_ros_demos_rclc/epoch_synchronization/epoch_synchronization
-- Up-to-date: /home/rassito/microros_ws/install/micro_ros_demos_rclc/lib/micro_ros_demos_rclc/int32_subscriber
-- Installing: /home/rassito/microros_ws/install/micro_ros_demos_rclc/lib/micro_ros_demos_rclc/int32_subscriber/int32_subscriber
-- Up-to-date: /home/rassito/microros_ws/install/micro_ros_demos_rclc/lib/micro_ros_demos_rclc/graph_visualizer
-- Installing: /home/rassito/microros_ws/install/micro_ros_demos_rclc/lib/micro_ros_demos_rclc/graph_visualizer/graph_visualizer
-- Up-to-date: /home/rassito/microros_ws/install/micro_ros_demos_rclc/lib/micro_ros_demos_rclc/timer
-- Installing: /home/rassito/microros_ws/install/micro_ros_demos_rclc/lib/micro_ros_demos_rclc/timer/timer
-- Up-to-date: /home/rassito/microros_ws/install/micro_ros_demos_rclc/lib/micro_ros_demos_rclc/static_type_handling
-- Installing: /home/rassito/microros_ws/install/micro_ros_demos_rclc/lib/micro_ros_demos_rclc/static_type_handling/static_type_handling
-- Up-to-date: /home/rassito/microros_ws/install/micro_ros_demos_rclc/lib/micro_ros_demos_rclc/subscription_count
-- Installing: /home/rassito/microros_ws/install/micro_ros_demos_rclc/lib/micro_ros_demos_rclc/subscription_count/subscription_count
-- Up-to-date: /home/rassito/microros_ws/install/micro_ros_demos_rclc/lib/micro_ros_demos_rclc/string_publisher
-- Installing: /home/rassito/microros_ws/install/micro_ros_demos_rclc/lib/micro_ros_demos_rclc/string_publisher/string_publisher
-- Up-to-date: /home/rassito/microros_ws/install/micro_ros_demos_rclc/lib/micro_ros_demos_rclc/int32_multinode
-- Installing: /home/rassito/microros_ws/install/micro_ros_demos_rclc/lib/micro_ros_demos_rclc/int32_multinode/int32_multinode
-- Up-to-date: /home/rassito/microros_ws/install/micro_ros_demos_rclc/lib/micro_ros_demos_rclc/fragmented_subscription
-- Installing: /home/rassito/microros_ws/install/micro_ros_demos_rclc/lib/micro_ros_demos_rclc/fragmented_subscription/fragmented_subscription
-- Up-to-date: /home/rassito/microros_ws/install/micro_ros_demos_rclc/lib/micro_ros_demos_rclc/ping_uros_agent
-- Installing: /home/rassito/microros_ws/install/micro_ros_demos_rclc/lib/micro_ros_demos_rclc/ping_uros_agent/ping_uros_agent
-- Up-to-date: /home/rassito/microros_ws/install/micro_ros_demos_rclc/lib/micro_ros_demos_rclc/int32_publisher_subscriber
-- Installing: /home/rassito/microros_ws/install/micro_ros_demos_rclc/lib/micro_ros_demos_rclc/int32_publisher_subscriber/int32_publisher_subscriber
-- Up-to-date: /home/rassito/microros_ws/install/micro_ros_demos_rclc/lib/micro_ros_demos_rclc/complex_msg_subscriber
-- Installing: /home/rassito/microros_ws/install/micro_ros_demos_rclc/lib/micro_ros_demos_rclc/complex_msg_subscriber/complex_msg_subscriber
-- Up-to-date: /home/rassito/microros_ws/install/micro_ros_demos_rclc/lib/micro_ros_demos_rclc/fibonacci_action_client
-- Installing: /home/rassito/microros_ws/install/micro_ros_demos_rclc/lib/micro_ros_demos_rclc/fibonacci_action_client/fibonacci_action_client
-- Up-to-date: /home/rassito/microros_ws/install/micro_ros_demos_rclc/lib/micro_ros_demos_rclc/addtwoints_server
-- Installing: /home/rassito/microros_ws/install/micro_ros_demos_rclc/lib/micro_ros_demos_rclc/addtwoints_server/addtwoints_server
-- Up-to-date: /home/rassito/microros_ws/install/micro_ros_demos_rclc/lib/micro_ros_demos_rclc/autodiscover_agent
-- Installing: /home/rassito/microros_ws/install/micro_ros_demos_rclc/lib/micro_ros_demos_rclc/autodiscover_agent/autodiscover_agent
-- Up-to-date: /home/rassito/microros_ws/install/micro_ros_demos_rclc/lib/micro_ros_demos_rclc/publisher_count
-- Installing: /home/rassito/microros_ws/install/micro_ros_demos_rclc/lib/micro_ros_demos_rclc/publisher_count/publisher_count
-- Up-to-date: /home/rassito/microros_ws/install/micro_ros_demos_rclc/lib/micro_ros_demos_rclc/addtwoints_client
-- Installing: /home/rassito/microros_ws/install/micro_ros_demos_rclc/lib/micro_ros_demos_rclc/addtwoints_client/addtwoints_client
-- Up-to-date: /home/rassito/microros_ws/install/micro_ros_demos_rclc/lib/micro_ros_demos_rclc/string_subscriber
-- Installing: /home/rassito/microros_ws/install/micro_ros_demos_rclc/lib/micro_ros_demos_rclc/string_subscriber/string_subscriber
-- Up-to-date: /home/rassito/microros_ws/install/micro_ros_demos_rclc/lib/micro_ros_demos_rclc/multithread_publisher_subscriber
-- Installing: /home/rassito/microros_ws/install/micro_ros_demos_rclc/lib/micro_ros_demos_rclc/multithread_publisher_subscriber/multithread_publisher_subscriber
-- Up-to-date: /home/rassito/microros_ws/install/micro_ros_demos_rclc/lib/micro_ros_demos_rclc/configured_subscriber
-- Installing: /home/rassito/microros_ws/install/micro_ros_demos_rclc/lib/micro_ros_demos_rclc/configured_subscriber/configured_subscriber
-- Up-to-date: /home/rassito/microros_ws/install/micro_ros_demos_rclc/lib/micro_ros_demos_rclc/fibonacci_action_server
-- Installing: /home/rassito/microros_ws/install/micro_ros_demos_rclc/lib/micro_ros_demos_rclc/fibonacci_action_server/fibonacci_action_server
-- Up-to-date: /home/rassito/microros_ws/install/micro_ros_demos_rclc/share/ament_index/resource_index/package_run_dependencies/micro_ros_demos_rclc
-- Installing: /home/rassito/microros_ws/install/micro_ros_demos_rclc/share/ament_index/resource_index/parent_prefix_path/micro_ros_demos_rclc
-- Up-to-date: /home/rassito/microros_ws/install/micro_ros_demos_rclc/share/micro_ros_demos_rclc/environment/ament_prefix_path.sh
-- Up-to-date: /home/rassito/microros_ws/install/micro_ros_demos_rclc/share/micro_ros_demos_rclc/environment/ament_prefix_path.dsv
-- Up-to-date: /home/rassito/microros_ws/install/micro_ros_demos_rclc/share/micro_ros_demos_rclc/environment/path.sh
-- Up-to-date: /home/rassito/microros_ws/install/micro_ros_demos_rclc/share/micro_ros_demos_rclc/environment/path.dsv
-- Up-to-date: /home/rassito/microros_ws/install/micro_ros_demos_rclc/share/micro_ros_demos_rclc/local_setup.bash
-- Up-to-date: /home/rassito/microros_ws/install/micro_ros_demos_rclc/share/micro_ros_demos_rclc/local_setup.sh
-- Up-to-date: /home/rassito/microros_ws/install/micro_ros_demos_rclc/share/micro_ros_demos_rclc/local_setup.zsh
-- Up-to-date: /home/rassito/microros_ws/install/micro_ros_demos_rclc/share/micro_ros_demos_rclc/local_setup.dsv
-- Installing: /home/rassito/microros_ws/install/micro_ros_demos_rclc/share/micro_ros_demos_rclc/package.dsv
-- Up-to-date: /home/rassito/microros_ws/install/micro_ros_demos_rclc/share/ament_index/resource_index/packages/micro_ros_demos_rclc
-- Up-to-date: /home/rassito/microros_ws/install/micro_ros_demos_rclc/share/micro_ros_demos_rclc/cmake/micro_ros_demos_rclcConfig.cmake
-- Up-to-date: /home/rassito/microros_ws/install/micro_ros_demos_rclc/share/micro_ros_demos_rclc/cmake/micro_ros_demos_rclcConfig-version.cmake
-- Up-to-date: /home/rassito/microros_ws/install/micro_ros_demos_rclc/share/micro_ros_demos_rclc/package.xml
