[0.017s] Invoking command in '/home/rassito/microros_ws/build/type_description_interfaces': AMENT_PREFIX_PATH=/home/rassito/microros_ws/install/service_msgs:/home/rassito/microros_ws/install/builtin_interfaces:${AMENT_PREFIX_PATH} CMAKE_PREFIX_PATH=/home/rassito/microros_ws/install/service_msgs:/home/rassito/microros_ws/install/builtin_interfaces:/opt/ros/jazzy/opt/sdformat_vendor:/opt/ros/jazzy/opt/gz_math_vendor:/opt/ros/jazzy/opt/gz_utils_vendor:/opt/ros/jazzy/opt/gz_tools_vendor:/opt/ros/jazzy/opt/gz_cmake_vendor:/home/rassito/ros_ws/install/super_pkg:/opt/ros/jazzy DEBUGINFOD_URLS=https://debuginfod.ubuntu.com LD_LIBRARY_PATH=/home/rassito/microros_ws/install/service_msgs/lib:/home/rassito/microros_ws/install/builtin_interfaces/lib:${LD_LIBRARY_PATH} PYTHONPATH=/home/rassito/microros_ws/install/service_msgs/lib/python3.12/site-packages:/home/rassito/microros_ws/install/builtin_interfaces/lib/python3.12/site-packages:${PYTHONPATH} /usr/bin/cmake /home/rassito/microros_ws/src/ros2/rcl_interfaces/type_description_interfaces -DCMAKE_INSTALL_PREFIX=/home/rassito/microros_ws/install/type_description_interfaces
[0.028s] -- Found ament_cmake: 2.5.3 (/opt/ros/jazzy/share/ament_cmake/cmake)
[0.047s] -- Found Python3: /usr/bin/python3 (found version "3.12.3") found components: Interpreter 
[0.120s] -- Found rosidl_core_generators: 0.2.0 (/opt/ros/jazzy/share/rosidl_core_generators/cmake)
[0.123s] -- Using all available rosidl_typesupport_c: rosidl_typesupport_fastrtps_c;rosidl_typesupport_introspection_c
[0.167s] -- Using all available rosidl_typesupport_cpp: rosidl_typesupport_fastrtps_cpp;rosidl_typesupport_introspection_cpp
[0.205s] -- Found rosidl_adapter: 4.6.5 (/opt/ros/jazzy/share/rosidl_adapter/cmake)
[0.420s] -- Found ament_cmake_ros: 0.12.0 (/opt/ros/jazzy/share/ament_cmake_ros/cmake)
[0.491s] -- Using all available rosidl_typesupport_c: rosidl_typesupport_fastrtps_c;rosidl_typesupport_introspection_c
[0.585s] -- Using all available rosidl_typesupport_cpp: rosidl_typesupport_fastrtps_cpp;rosidl_typesupport_introspection_cpp
[0.586s] -- Found python_cmake_module: 0.11.1 (/opt/ros/jazzy/share/python_cmake_module/cmake)
[0.886s] -- Found Python3: /usr/bin/python3 (found version "3.12.3") found components: Interpreter Development NumPy Development.Module Development.Embed 
[0.941s] -- Configuring done (0.9s)
[1.108s] -- Generating done (0.1s)
[1.136s] -- Build files have been written to: /home/rassito/microros_ws/build/type_description_interfaces
[1.151s] Invoked command in '/home/rassito/microros_ws/build/type_description_interfaces' returned '0': AMENT_PREFIX_PATH=/home/rassito/microros_ws/install/service_msgs:/home/rassito/microros_ws/install/builtin_interfaces:${AMENT_PREFIX_PATH} CMAKE_PREFIX_PATH=/home/rassito/microros_ws/install/service_msgs:/home/rassito/microros_ws/install/builtin_interfaces:/opt/ros/jazzy/opt/sdformat_vendor:/opt/ros/jazzy/opt/gz_math_vendor:/opt/ros/jazzy/opt/gz_utils_vendor:/opt/ros/jazzy/opt/gz_tools_vendor:/opt/ros/jazzy/opt/gz_cmake_vendor:/home/rassito/ros_ws/install/super_pkg:/opt/ros/jazzy DEBUGINFOD_URLS=https://debuginfod.ubuntu.com LD_LIBRARY_PATH=/home/rassito/microros_ws/install/service_msgs/lib:/home/rassito/microros_ws/install/builtin_interfaces/lib:${LD_LIBRARY_PATH} PYTHONPATH=/home/rassito/microros_ws/install/service_msgs/lib/python3.12/site-packages:/home/rassito/microros_ws/install/builtin_interfaces/lib/python3.12/site-packages:${PYTHONPATH} /usr/bin/cmake /home/rassito/microros_ws/src/ros2/rcl_interfaces/type_description_interfaces -DCMAKE_INSTALL_PREFIX=/home/rassito/microros_ws/install/type_description_interfaces
[1.152s] Invoking command in '/home/rassito/microros_ws/build/type_description_interfaces': AMENT_PREFIX_PATH=/home/rassito/microros_ws/install/service_msgs:/home/rassito/microros_ws/install/builtin_interfaces:${AMENT_PREFIX_PATH} CMAKE_PREFIX_PATH=/home/rassito/microros_ws/install/service_msgs:/home/rassito/microros_ws/install/builtin_interfaces:/opt/ros/jazzy/opt/sdformat_vendor:/opt/ros/jazzy/opt/gz_math_vendor:/opt/ros/jazzy/opt/gz_utils_vendor:/opt/ros/jazzy/opt/gz_tools_vendor:/opt/ros/jazzy/opt/gz_cmake_vendor:/home/rassito/ros_ws/install/super_pkg:/opt/ros/jazzy DEBUGINFOD_URLS=https://debuginfod.ubuntu.com LD_LIBRARY_PATH=/home/rassito/microros_ws/install/service_msgs/lib:/home/rassito/microros_ws/install/builtin_interfaces/lib:${LD_LIBRARY_PATH} PYTHONPATH=/home/rassito/microros_ws/install/service_msgs/lib/python3.12/site-packages:/home/rassito/microros_ws/install/builtin_interfaces/lib/python3.12/site-packages:${PYTHONPATH} /usr/bin/cmake --build /home/rassito/microros_ws/build/type_description_interfaces -- -j16 -l16
[1.277s] [  1%] Built target type_description_interfaces__rosidl_generator_type_description
[1.316s] [  1%] Built target ament_cmake_python_copy_type_description_interfaces
[1.329s] [  2%] Built target type_description_interfaces__cpp
[1.365s] [ 26%] Built target type_description_interfaces__rosidl_generator_c
[1.404s] [ 27%] [34m[1mGenerating C++ type support dispatch for ROS interfaces[0m
[1.418s] [ 28%] [34m[1mGenerating C type support dispatch for ROS interfaces[0m
[1.460s] [ 38%] Built target type_description_interfaces__rosidl_typesupport_introspection_c
[1.460s] [ 47%] Built target type_description_interfaces__rosidl_typesupport_introspection_cpp
[1.482s] [ 57%] Built target type_description_interfaces__rosidl_typesupport_fastrtps_cpp
[1.516s] [ 67%] Built target type_description_interfaces__rosidl_typesupport_fastrtps_c
[1.924s] running egg_info
[1.999s] writing type_description_interfaces.egg-info/PKG-INFO
[2.000s] writing dependency_links to type_description_interfaces.egg-info/dependency_links.txt
[2.000s] writing top-level names to type_description_interfaces.egg-info/top_level.txt
[2.199s] reading manifest file 'type_description_interfaces.egg-info/SOURCES.txt'
[2.199s] writing manifest file 'type_description_interfaces.egg-info/SOURCES.txt'
[2.276s] [ 67%] Built target ament_cmake_python_build_type_description_interfaces_egg
[3.474s] [ 69%] [32mBuilding CXX object CMakeFiles/type_description_interfaces__rosidl_typesupport_cpp.dir/rosidl_typesupport_cpp/type_description_interfaces/srv/get_type_description__type_support.cpp.o[0m
[3.475s] [ 69%] [32mBuilding CXX object CMakeFiles/type_description_interfaces__rosidl_typesupport_cpp.dir/rosidl_typesupport_cpp/type_description_interfaces/msg/field_type__type_support.cpp.o[0m
[3.475s] [ 70%] [32mBuilding CXX object CMakeFiles/type_description_interfaces__rosidl_typesupport_cpp.dir/rosidl_typesupport_cpp/type_description_interfaces/msg/field__type_support.cpp.o[0m
[3.475s] [ 71%] [32mBuilding CXX object CMakeFiles/type_description_interfaces__rosidl_typesupport_cpp.dir/rosidl_typesupport_cpp/type_description_interfaces/msg/individual_type_description__type_support.cpp.o[0m
[3.475s] [ 72%] [32mBuilding CXX object CMakeFiles/type_description_interfaces__rosidl_typesupport_cpp.dir/rosidl_typesupport_cpp/type_description_interfaces/msg/key_value__type_support.cpp.o[0m
[3.475s] [ 73%] [32mBuilding CXX object CMakeFiles/type_description_interfaces__rosidl_typesupport_cpp.dir/rosidl_typesupport_cpp/type_description_interfaces/msg/type_description__type_support.cpp.o[0m
[3.475s] [ 74%] [32mBuilding CXX object CMakeFiles/type_description_interfaces__rosidl_typesupport_cpp.dir/rosidl_typesupport_cpp/type_description_interfaces/msg/type_source__type_support.cpp.o[0m
[3.820s] [ 76%] [32mBuilding CXX object CMakeFiles/type_description_interfaces__rosidl_typesupport_c.dir/rosidl_typesupport_c/type_description_interfaces/msg/field_type__type_support.cpp.o[0m
[3.820s] [ 76%] [32mBuilding CXX object CMakeFiles/type_description_interfaces__rosidl_typesupport_c.dir/rosidl_typesupport_c/type_description_interfaces/msg/type_description__type_support.cpp.o[0m
[3.820s] [ 77%] [32mBuilding CXX object CMakeFiles/type_description_interfaces__rosidl_typesupport_c.dir/rosidl_typesupport_c/type_description_interfaces/msg/field__type_support.cpp.o[0m
[3.821s] [ 79%] [32mBuilding CXX object CMakeFiles/type_description_interfaces__rosidl_typesupport_c.dir/rosidl_typesupport_c/type_description_interfaces/msg/individual_type_description__type_support.cpp.o[0m
[3.821s] [ 79%] [32mBuilding CXX object CMakeFiles/type_description_interfaces__rosidl_typesupport_c.dir/rosidl_typesupport_c/type_description_interfaces/msg/key_value__type_support.cpp.o[0m
[3.821s] [ 80%] [32mBuilding CXX object CMakeFiles/type_description_interfaces__rosidl_typesupport_c.dir/rosidl_typesupport_c/type_description_interfaces/msg/type_source__type_support.cpp.o[0m
[3.821s] [ 81%] [32mBuilding CXX object CMakeFiles/type_description_interfaces__rosidl_typesupport_c.dir/rosidl_typesupport_c/type_description_interfaces/srv/get_type_description__type_support.cpp.o[0m
[3.863s] [ 82%] [32m[1mLinking CXX shared library libtype_description_interfaces__rosidl_typesupport_c.so[0m
[3.895s] [ 82%] Built target type_description_interfaces__rosidl_typesupport_c
[3.949s] [ 84%] [32m[1mLinking CXX shared library libtype_description_interfaces__rosidl_typesupport_cpp.so[0m
[4.000s] [ 84%] Built target type_description_interfaces__rosidl_typesupport_cpp
[4.013s] [ 84%] Built target type_description_interfaces
[4.027s] [ 85%] Built target type_description_interfaces__py
[4.046s] [ 86%] [32m[1mLinking C shared library libtype_description_interfaces__rosidl_generator_py.so[0m
[4.079s] [ 93%] Built target type_description_interfaces__rosidl_generator_py
[4.095s] [ 95%] [32m[1mLinking C shared module rosidl_generator_py/type_description_interfaces/type_description_interfaces_s__rosidl_typesupport_introspection_c.so[0m
[4.095s] [ 95%] [32m[1mLinking C shared module rosidl_generator_py/type_description_interfaces/type_description_interfaces_s__rosidl_typesupport_fastrtps_c.so[0m
[4.095s] [ 96%] [32m[1mLinking C shared module rosidl_generator_py/type_description_interfaces/type_description_interfaces_s__rosidl_typesupport_c.so[0m
[4.115s] [ 97%] Built target type_description_interfaces_s__rosidl_typesupport_c
[4.116s] [ 98%] Built target type_description_interfaces_s__rosidl_typesupport_fastrtps_c
[4.118s] [100%] Built target type_description_interfaces_s__rosidl_typesupport_introspection_c
[4.126s] Invoked command in '/home/rassito/microros_ws/build/type_description_interfaces' returned '0': AMENT_PREFIX_PATH=/home/rassito/microros_ws/install/service_msgs:/home/rassito/microros_ws/install/builtin_interfaces:${AMENT_PREFIX_PATH} CMAKE_PREFIX_PATH=/home/rassito/microros_ws/install/service_msgs:/home/rassito/microros_ws/install/builtin_interfaces:/opt/ros/jazzy/opt/sdformat_vendor:/opt/ros/jazzy/opt/gz_math_vendor:/opt/ros/jazzy/opt/gz_utils_vendor:/opt/ros/jazzy/opt/gz_tools_vendor:/opt/ros/jazzy/opt/gz_cmake_vendor:/home/rassito/ros_ws/install/super_pkg:/opt/ros/jazzy DEBUGINFOD_URLS=https://debuginfod.ubuntu.com LD_LIBRARY_PATH=/home/rassito/microros_ws/install/service_msgs/lib:/home/rassito/microros_ws/install/builtin_interfaces/lib:${LD_LIBRARY_PATH} PYTHONPATH=/home/rassito/microros_ws/install/service_msgs/lib/python3.12/site-packages:/home/rassito/microros_ws/install/builtin_interfaces/lib/python3.12/site-packages:${PYTHONPATH} /usr/bin/cmake --build /home/rassito/microros_ws/build/type_description_interfaces -- -j16 -l16
[4.127s] Invoking command in '/home/rassito/microros_ws/build/type_description_interfaces': AMENT_PREFIX_PATH=/home/rassito/microros_ws/install/service_msgs:/home/rassito/microros_ws/install/builtin_interfaces:${AMENT_PREFIX_PATH} CMAKE_PREFIX_PATH=/home/rassito/microros_ws/install/service_msgs:/home/rassito/microros_ws/install/builtin_interfaces:/opt/ros/jazzy/opt/sdformat_vendor:/opt/ros/jazzy/opt/gz_math_vendor:/opt/ros/jazzy/opt/gz_utils_vendor:/opt/ros/jazzy/opt/gz_tools_vendor:/opt/ros/jazzy/opt/gz_cmake_vendor:/home/rassito/ros_ws/install/super_pkg:/opt/ros/jazzy DEBUGINFOD_URLS=https://debuginfod.ubuntu.com LD_LIBRARY_PATH=/home/rassito/microros_ws/install/service_msgs/lib:/home/rassito/microros_ws/install/builtin_interfaces/lib:${LD_LIBRARY_PATH} PYTHONPATH=/home/rassito/microros_ws/install/service_msgs/lib/python3.12/site-packages:/home/rassito/microros_ws/install/builtin_interfaces/lib/python3.12/site-packages:${PYTHONPATH} /usr/bin/cmake --install /home/rassito/microros_ws/build/type_description_interfaces
[4.133s] -- Install configuration: ""
[4.133s] -- Up-to-date: /home/rassito/microros_ws/install/type_description_interfaces/share/ament_index/resource_index/rosidl_interfaces/type_description_interfaces
[4.133s] -- Up-to-date: /home/rassito/microros_ws/install/type_description_interfaces/share/type_description_interfaces/msg/Field.json
[4.133s] -- Up-to-date: /home/rassito/microros_ws/install/type_description_interfaces/share/type_description_interfaces/msg/FieldType.json
[4.133s] -- Up-to-date: /home/rassito/microros_ws/install/type_description_interfaces/share/type_description_interfaces/msg/IndividualTypeDescription.json
[4.133s] -- Up-to-date: /home/rassito/microros_ws/install/type_description_interfaces/share/type_description_interfaces/msg/KeyValue.json
[4.133s] -- Up-to-date: /home/rassito/microros_ws/install/type_description_interfaces/share/type_description_interfaces/msg/TypeDescription.json
[4.133s] -- Up-to-date: /home/rassito/microros_ws/install/type_description_interfaces/share/type_description_interfaces/msg/TypeSource.json
[4.133s] -- Up-to-date: /home/rassito/microros_ws/install/type_description_interfaces/share/type_description_interfaces/srv/GetTypeDescription.json
[4.134s] -- Up-to-date: /home/rassito/microros_ws/install/type_description_interfaces/include/type_description_interfaces/type_description_interfaces
[4.134s] -- Up-to-date: /home/rassito/microros_ws/install/type_description_interfaces/include/type_description_interfaces/type_description_interfaces/srv
[4.134s] -- Up-to-date: /home/rassito/microros_ws/install/type_description_interfaces/include/type_description_interfaces/type_description_interfaces/srv/get_type_description.h
[4.134s] -- Up-to-date: /home/rassito/microros_ws/install/type_description_interfaces/include/type_description_interfaces/type_description_interfaces/srv/detail
[4.134s] -- Up-to-date: /home/rassito/microros_ws/install/type_description_interfaces/include/type_description_interfaces/type_description_interfaces/srv/detail/get_type_description__struct.h
[4.134s] -- Installing: /home/rassito/microros_ws/install/type_description_interfaces/include/type_description_interfaces/type_description_interfaces/srv/detail/get_type_description__type_support.c
[4.134s] -- Up-to-date: /home/rassito/microros_ws/install/type_description_interfaces/include/type_description_interfaces/type_description_interfaces/srv/detail/get_type_description__functions.c
[4.134s] -- Up-to-date: /home/rassito/microros_ws/install/type_description_interfaces/include/type_description_interfaces/type_description_interfaces/srv/detail/get_type_description__type_support.h
[4.134s] -- Up-to-date: /home/rassito/microros_ws/install/type_description_interfaces/include/type_description_interfaces/type_description_interfaces/srv/detail/get_type_description__description.c
[4.135s] -- Up-to-date: /home/rassito/microros_ws/install/type_description_interfaces/include/type_description_interfaces/type_description_interfaces/srv/detail/get_type_description__functions.h
[4.135s] -- Up-to-date: /home/rassito/microros_ws/install/type_description_interfaces/include/type_description_interfaces/type_description_interfaces/msg
[4.135s] -- Up-to-date: /home/rassito/microros_ws/install/type_description_interfaces/include/type_description_interfaces/type_description_interfaces/msg/type_source.h
[4.135s] -- Up-to-date: /home/rassito/microros_ws/install/type_description_interfaces/include/type_description_interfaces/type_description_interfaces/msg/individual_type_description.h
[4.135s] -- Up-to-date: /home/rassito/microros_ws/install/type_description_interfaces/include/type_description_interfaces/type_description_interfaces/msg/type_description.h
[4.135s] -- Up-to-date: /home/rassito/microros_ws/install/type_description_interfaces/include/type_description_interfaces/type_description_interfaces/msg/key_value.h
[4.135s] -- Up-to-date: /home/rassito/microros_ws/install/type_description_interfaces/include/type_description_interfaces/type_description_interfaces/msg/field_type.h
[4.135s] -- Up-to-date: /home/rassito/microros_ws/install/type_description_interfaces/include/type_description_interfaces/type_description_interfaces/msg/field.h
[4.135s] -- Up-to-date: /home/rassito/microros_ws/install/type_description_interfaces/include/type_description_interfaces/type_description_interfaces/msg/detail
[4.135s] -- Installing: /home/rassito/microros_ws/install/type_description_interfaces/include/type_description_interfaces/type_description_interfaces/msg/detail/type_source__type_support.c
[4.135s] -- Up-to-date: /home/rassito/microros_ws/install/type_description_interfaces/include/type_description_interfaces/type_description_interfaces/msg/detail/type_source__description.c
[4.135s] -- Up-to-date: /home/rassito/microros_ws/install/type_description_interfaces/include/type_description_interfaces/type_description_interfaces/msg/detail/individual_type_description__functions.c
[4.135s] -- Up-to-date: /home/rassito/microros_ws/install/type_description_interfaces/include/type_description_interfaces/type_description_interfaces/msg/detail/individual_type_description__description.c
[4.135s] -- Up-to-date: /home/rassito/microros_ws/install/type_description_interfaces/include/type_description_interfaces/type_description_interfaces/msg/detail/field_type__type_support.h
[4.135s] -- Installing: /home/rassito/microros_ws/install/type_description_interfaces/include/type_description_interfaces/type_description_interfaces/msg/detail/individual_type_description__type_support.c
[4.135s] -- Up-to-date: /home/rassito/microros_ws/install/type_description_interfaces/include/type_description_interfaces/type_description_interfaces/msg/detail/type_description__type_support.h
[4.135s] -- Up-to-date: /home/rassito/microros_ws/install/type_description_interfaces/include/type_description_interfaces/type_description_interfaces/msg/detail/field_type__struct.h
[4.135s] -- Up-to-date: /home/rassito/microros_ws/install/type_description_interfaces/include/type_description_interfaces/type_description_interfaces/msg/detail/field__type_support.h
[4.136s] -- Up-to-date: /home/rassito/microros_ws/install/type_description_interfaces/include/type_description_interfaces/type_description_interfaces/msg/detail/field__struct.h
[4.136s] -- Up-to-date: /home/rassito/microros_ws/install/type_description_interfaces/include/type_description_interfaces/type_description_interfaces/msg/detail/type_description__struct.h
[4.136s] -- Up-to-date: /home/rassito/microros_ws/install/type_description_interfaces/include/type_description_interfaces/type_description_interfaces/msg/detail/key_value__functions.h
[4.136s] -- Up-to-date: /home/rassito/microros_ws/install/type_description_interfaces/include/type_description_interfaces/type_description_interfaces/msg/detail/key_value__functions.c
[4.136s] -- Installing: /home/rassito/microros_ws/install/type_description_interfaces/include/type_description_interfaces/type_description_interfaces/msg/detail/type_description__type_support.c
[4.136s] -- Installing: /home/rassito/microros_ws/install/type_description_interfaces/include/type_description_interfaces/type_description_interfaces/msg/detail/key_value__type_support.c
[4.136s] -- Up-to-date: /home/rassito/microros_ws/install/type_description_interfaces/include/type_description_interfaces/type_description_interfaces/msg/detail/type_source__struct.h
[4.136s] -- Up-to-date: /home/rassito/microros_ws/install/type_description_interfaces/include/type_description_interfaces/type_description_interfaces/msg/detail/type_source__type_support.h
[4.136s] -- Up-to-date: /home/rassito/microros_ws/install/type_description_interfaces/include/type_description_interfaces/type_description_interfaces/msg/detail/type_description__functions.h
[4.136s] -- Up-to-date: /home/rassito/microros_ws/install/type_description_interfaces/include/type_description_interfaces/type_description_interfaces/msg/detail/individual_type_description__functions.h
[4.136s] -- Up-to-date: /home/rassito/microros_ws/install/type_description_interfaces/include/type_description_interfaces/type_description_interfaces/msg/detail/type_source__functions.c
[4.136s] -- Installing: /home/rassito/microros_ws/install/type_description_interfaces/include/type_description_interfaces/type_description_interfaces/msg/detail/field__type_support.c
[4.136s] -- Up-to-date: /home/rassito/microros_ws/install/type_description_interfaces/include/type_description_interfaces/type_description_interfaces/msg/detail/type_description__functions.c
[4.136s] -- Up-to-date: /home/rassito/microros_ws/install/type_description_interfaces/include/type_description_interfaces/type_description_interfaces/msg/detail/key_value__description.c
[4.136s] -- Up-to-date: /home/rassito/microros_ws/install/type_description_interfaces/include/type_description_interfaces/type_description_interfaces/msg/detail/key_value__struct.h
[4.136s] -- Up-to-date: /home/rassito/microros_ws/install/type_description_interfaces/include/type_description_interfaces/type_description_interfaces/msg/detail/field_type__description.c
[4.136s] -- Up-to-date: /home/rassito/microros_ws/install/type_description_interfaces/include/type_description_interfaces/type_description_interfaces/msg/detail/type_description__description.c
[4.137s] -- Up-to-date: /home/rassito/microros_ws/install/type_description_interfaces/include/type_description_interfaces/type_description_interfaces/msg/detail/type_source__functions.h
[4.137s] -- Up-to-date: /home/rassito/microros_ws/install/type_description_interfaces/include/type_description_interfaces/type_description_interfaces/msg/detail/field__functions.c
[4.137s] -- Up-to-date: /home/rassito/microros_ws/install/type_description_interfaces/include/type_description_interfaces/type_description_interfaces/msg/detail/field__description.c
[4.137s] -- Installing: /home/rassito/microros_ws/install/type_description_interfaces/include/type_description_interfaces/type_description_interfaces/msg/detail/field_type__type_support.c
[4.137s] -- Up-to-date: /home/rassito/microros_ws/install/type_description_interfaces/include/type_description_interfaces/type_description_interfaces/msg/detail/key_value__type_support.h
[4.137s] -- Up-to-date: /home/rassito/microros_ws/install/type_description_interfaces/include/type_description_interfaces/type_description_interfaces/msg/detail/field_type__functions.h
[4.137s] -- Up-to-date: /home/rassito/microros_ws/install/type_description_interfaces/include/type_description_interfaces/type_description_interfaces/msg/detail/individual_type_description__type_support.h
[4.137s] -- Up-to-date: /home/rassito/microros_ws/install/type_description_interfaces/include/type_description_interfaces/type_description_interfaces/msg/detail/field__functions.h
[4.137s] -- Up-to-date: /home/rassito/microros_ws/install/type_description_interfaces/include/type_description_interfaces/type_description_interfaces/msg/detail/field_type__functions.c
[4.137s] -- Up-to-date: /home/rassito/microros_ws/install/type_description_interfaces/include/type_description_interfaces/type_description_interfaces/msg/detail/individual_type_description__struct.h
[4.137s] -- Up-to-date: /home/rassito/microros_ws/install/type_description_interfaces/include/type_description_interfaces/type_description_interfaces/msg/rosidl_generator_c__visibility_control.h
[4.137s] -- Up-to-date: /home/rassito/microros_ws/install/type_description_interfaces/share/type_description_interfaces/environment/library_path.sh
[4.137s] -- Up-to-date: /home/rassito/microros_ws/install/type_description_interfaces/share/type_description_interfaces/environment/library_path.dsv
[4.138s] -- Up-to-date: /home/rassito/microros_ws/install/type_description_interfaces/lib/libtype_description_interfaces__rosidl_generator_c.so
[4.138s] -- Up-to-date: /home/rassito/microros_ws/install/type_description_interfaces/include/type_description_interfaces/type_description_interfaces
[4.138s] -- Up-to-date: /home/rassito/microros_ws/install/type_description_interfaces/include/type_description_interfaces/type_description_interfaces/srv
[4.138s] -- Up-to-date: /home/rassito/microros_ws/install/type_description_interfaces/include/type_description_interfaces/type_description_interfaces/srv/detail
[4.138s] -- Up-to-date: /home/rassito/microros_ws/install/type_description_interfaces/include/type_description_interfaces/type_description_interfaces/srv/detail/get_type_description__rosidl_typesupport_fastrtps_c.h
[4.138s] -- Up-to-date: /home/rassito/microros_ws/install/type_description_interfaces/include/type_description_interfaces/type_description_interfaces/msg
[4.138s] -- Up-to-date: /home/rassito/microros_ws/install/type_description_interfaces/include/type_description_interfaces/type_description_interfaces/msg/rosidl_typesupport_fastrtps_c__visibility_control.h
[4.138s] -- Up-to-date: /home/rassito/microros_ws/install/type_description_interfaces/include/type_description_interfaces/type_description_interfaces/msg/detail
[4.138s] -- Up-to-date: /home/rassito/microros_ws/install/type_description_interfaces/include/type_description_interfaces/type_description_interfaces/msg/detail/individual_type_description__rosidl_typesupport_fastrtps_c.h
[4.138s] -- Up-to-date: /home/rassito/microros_ws/install/type_description_interfaces/include/type_description_interfaces/type_description_interfaces/msg/detail/field_type__rosidl_typesupport_fastrtps_c.h
[4.138s] -- Up-to-date: /home/rassito/microros_ws/install/type_description_interfaces/include/type_description_interfaces/type_description_interfaces/msg/detail/key_value__rosidl_typesupport_fastrtps_c.h
[4.138s] -- Up-to-date: /home/rassito/microros_ws/install/type_description_interfaces/include/type_description_interfaces/type_description_interfaces/msg/detail/field__rosidl_typesupport_fastrtps_c.h
[4.138s] -- Up-to-date: /home/rassito/microros_ws/install/type_description_interfaces/include/type_description_interfaces/type_description_interfaces/msg/detail/type_description__rosidl_typesupport_fastrtps_c.h
[4.138s] -- Up-to-date: /home/rassito/microros_ws/install/type_description_interfaces/include/type_description_interfaces/type_description_interfaces/msg/detail/type_source__rosidl_typesupport_fastrtps_c.h
[4.139s] -- Up-to-date: /home/rassito/microros_ws/install/type_description_interfaces/lib/libtype_description_interfaces__rosidl_typesupport_fastrtps_c.so
[4.139s] -- Up-to-date: /home/rassito/microros_ws/install/type_description_interfaces/include/type_description_interfaces/type_description_interfaces
[4.139s] -- Up-to-date: /home/rassito/microros_ws/install/type_description_interfaces/include/type_description_interfaces/type_description_interfaces/srv
[4.139s] -- Up-to-date: /home/rassito/microros_ws/install/type_description_interfaces/include/type_description_interfaces/type_description_interfaces/srv/detail
[4.139s] -- Up-to-date: /home/rassito/microros_ws/install/type_description_interfaces/include/type_description_interfaces/type_description_interfaces/srv/detail/get_type_description__rosidl_typesupport_introspection_c.h
[4.139s] -- Installing: /home/rassito/microros_ws/install/type_description_interfaces/include/type_description_interfaces/type_description_interfaces/srv/detail/get_type_description__type_support.c
[4.139s] -- Up-to-date: /home/rassito/microros_ws/install/type_description_interfaces/include/type_description_interfaces/type_description_interfaces/msg
[4.139s] -- Up-to-date: /home/rassito/microros_ws/install/type_description_interfaces/include/type_description_interfaces/type_description_interfaces/msg/rosidl_typesupport_introspection_c__visibility_control.h
[4.139s] -- Up-to-date: /home/rassito/microros_ws/install/type_description_interfaces/include/type_description_interfaces/type_description_interfaces/msg/detail
[4.140s] -- Installing: /home/rassito/microros_ws/install/type_description_interfaces/include/type_description_interfaces/type_description_interfaces/msg/detail/type_source__type_support.c
[4.140s] -- Up-to-date: /home/rassito/microros_ws/install/type_description_interfaces/include/type_description_interfaces/type_description_interfaces/msg/detail/type_source__rosidl_typesupport_introspection_c.h
[4.140s] -- Installing: /home/rassito/microros_ws/install/type_description_interfaces/include/type_description_interfaces/type_description_interfaces/msg/detail/individual_type_description__type_support.c
[4.140s] -- Up-to-date: /home/rassito/microros_ws/install/type_description_interfaces/include/type_description_interfaces/type_description_interfaces/msg/detail/individual_type_description__rosidl_typesupport_introspection_c.h
[4.140s] -- Up-to-date: /home/rassito/microros_ws/install/type_description_interfaces/include/type_description_interfaces/type_description_interfaces/msg/detail/key_value__rosidl_typesupport_introspection_c.h
[4.140s] -- Installing: /home/rassito/microros_ws/install/type_description_interfaces/include/type_description_interfaces/type_description_interfaces/msg/detail/type_description__type_support.c
[4.140s] -- Installing: /home/rassito/microros_ws/install/type_description_interfaces/include/type_description_interfaces/type_description_interfaces/msg/detail/key_value__type_support.c
[4.140s] -- Installing: /home/rassito/microros_ws/install/type_description_interfaces/include/type_description_interfaces/type_description_interfaces/msg/detail/field__type_support.c
[4.141s] -- Up-to-date: /home/rassito/microros_ws/install/type_description_interfaces/include/type_description_interfaces/type_description_interfaces/msg/detail/field__rosidl_typesupport_introspection_c.h
[4.141s] -- Up-to-date: /home/rassito/microros_ws/install/type_description_interfaces/include/type_description_interfaces/type_description_interfaces/msg/detail/type_description__rosidl_typesupport_introspection_c.h
[4.141s] -- Up-to-date: /home/rassito/microros_ws/install/type_description_interfaces/include/type_description_interfaces/type_description_interfaces/msg/detail/field_type__rosidl_typesupport_introspection_c.h
[4.141s] -- Installing: /home/rassito/microros_ws/install/type_description_interfaces/include/type_description_interfaces/type_description_interfaces/msg/detail/field_type__type_support.c
[4.141s] -- Up-to-date: /home/rassito/microros_ws/install/type_description_interfaces/lib/libtype_description_interfaces__rosidl_typesupport_introspection_c.so
[4.142s] -- Installing: /home/rassito/microros_ws/install/type_description_interfaces/lib/libtype_description_interfaces__rosidl_typesupport_c.so
[4.142s] -- Set non-toolchain portion of runtime path of "/home/rassito/microros_ws/install/type_description_interfaces/lib/libtype_description_interfaces__rosidl_typesupport_c.so" to ""
[4.142s] -- Up-to-date: /home/rassito/microros_ws/install/type_description_interfaces/include/type_description_interfaces/type_description_interfaces
[4.142s] -- Up-to-date: /home/rassito/microros_ws/install/type_description_interfaces/include/type_description_interfaces/type_description_interfaces/srv
[4.142s] -- Up-to-date: /home/rassito/microros_ws/install/type_description_interfaces/include/type_description_interfaces/type_description_interfaces/srv/get_type_description.hpp
[4.142s] -- Up-to-date: /home/rassito/microros_ws/install/type_description_interfaces/include/type_description_interfaces/type_description_interfaces/srv/detail
[4.142s] -- Up-to-date: /home/rassito/microros_ws/install/type_description_interfaces/include/type_description_interfaces/type_description_interfaces/srv/detail/get_type_description__builder.hpp
[4.143s] -- Up-to-date: /home/rassito/microros_ws/install/type_description_interfaces/include/type_description_interfaces/type_description_interfaces/srv/detail/get_type_description__traits.hpp
[4.143s] -- Up-to-date: /home/rassito/microros_ws/install/type_description_interfaces/include/type_description_interfaces/type_description_interfaces/srv/detail/get_type_description__struct.hpp
[4.143s] -- Up-to-date: /home/rassito/microros_ws/install/type_description_interfaces/include/type_description_interfaces/type_description_interfaces/srv/detail/get_type_description__type_support.hpp
[4.143s] -- Up-to-date: /home/rassito/microros_ws/install/type_description_interfaces/include/type_description_interfaces/type_description_interfaces/msg
[4.143s] -- Up-to-date: /home/rassito/microros_ws/install/type_description_interfaces/include/type_description_interfaces/type_description_interfaces/msg/rosidl_generator_cpp__visibility_control.hpp
[4.143s] -- Up-to-date: /home/rassito/microros_ws/install/type_description_interfaces/include/type_description_interfaces/type_description_interfaces/msg/type_source.hpp
[4.143s] -- Up-to-date: /home/rassito/microros_ws/install/type_description_interfaces/include/type_description_interfaces/type_description_interfaces/msg/field_type.hpp
[4.143s] -- Up-to-date: /home/rassito/microros_ws/install/type_description_interfaces/include/type_description_interfaces/type_description_interfaces/msg/field.hpp
[4.143s] -- Up-to-date: /home/rassito/microros_ws/install/type_description_interfaces/include/type_description_interfaces/type_description_interfaces/msg/individual_type_description.hpp
[4.143s] -- Up-to-date: /home/rassito/microros_ws/install/type_description_interfaces/include/type_description_interfaces/type_description_interfaces/msg/key_value.hpp
[4.143s] -- Up-to-date: /home/rassito/microros_ws/install/type_description_interfaces/include/type_description_interfaces/type_description_interfaces/msg/type_description.hpp
[4.143s] -- Up-to-date: /home/rassito/microros_ws/install/type_description_interfaces/include/type_description_interfaces/type_description_interfaces/msg/detail
[4.143s] -- Up-to-date: /home/rassito/microros_ws/install/type_description_interfaces/include/type_description_interfaces/type_description_interfaces/msg/detail/type_source__struct.hpp
[4.143s] -- Up-to-date: /home/rassito/microros_ws/install/type_description_interfaces/include/type_description_interfaces/type_description_interfaces/msg/detail/key_value__type_support.hpp
[4.143s] -- Up-to-date: /home/rassito/microros_ws/install/type_description_interfaces/include/type_description_interfaces/type_description_interfaces/msg/detail/field_type__struct.hpp
[4.143s] -- Up-to-date: /home/rassito/microros_ws/install/type_description_interfaces/include/type_description_interfaces/type_description_interfaces/msg/detail/type_description__traits.hpp
[4.143s] -- Up-to-date: /home/rassito/microros_ws/install/type_description_interfaces/include/type_description_interfaces/type_description_interfaces/msg/detail/field_type__traits.hpp
[4.143s] -- Up-to-date: /home/rassito/microros_ws/install/type_description_interfaces/include/type_description_interfaces/type_description_interfaces/msg/detail/type_description__builder.hpp
[4.144s] -- Up-to-date: /home/rassito/microros_ws/install/type_description_interfaces/include/type_description_interfaces/type_description_interfaces/msg/detail/field__struct.hpp
[4.144s] -- Up-to-date: /home/rassito/microros_ws/install/type_description_interfaces/include/type_description_interfaces/type_description_interfaces/msg/detail/type_source__builder.hpp
[4.144s] -- Up-to-date: /home/rassito/microros_ws/install/type_description_interfaces/include/type_description_interfaces/type_description_interfaces/msg/detail/individual_type_description__struct.hpp
[4.144s] -- Up-to-date: /home/rassito/microros_ws/install/type_description_interfaces/include/type_description_interfaces/type_description_interfaces/msg/detail/key_value__struct.hpp
[4.144s] -- Up-to-date: /home/rassito/microros_ws/install/type_description_interfaces/include/type_description_interfaces/type_description_interfaces/msg/detail/type_source__type_support.hpp
[4.144s] -- Up-to-date: /home/rassito/microros_ws/install/type_description_interfaces/include/type_description_interfaces/type_description_interfaces/msg/detail/type_description__struct.hpp
[4.144s] -- Up-to-date: /home/rassito/microros_ws/install/type_description_interfaces/include/type_description_interfaces/type_description_interfaces/msg/detail/type_source__traits.hpp
[4.144s] -- Up-to-date: /home/rassito/microros_ws/install/type_description_interfaces/include/type_description_interfaces/type_description_interfaces/msg/detail/key_value__builder.hpp
[4.144s] -- Up-to-date: /home/rassito/microros_ws/install/type_description_interfaces/include/type_description_interfaces/type_description_interfaces/msg/detail/type_description__type_support.hpp
[4.144s] -- Up-to-date: /home/rassito/microros_ws/install/type_description_interfaces/include/type_description_interfaces/type_description_interfaces/msg/detail/field__type_support.hpp
[4.144s] -- Up-to-date: /home/rassito/microros_ws/install/type_description_interfaces/include/type_description_interfaces/type_description_interfaces/msg/detail/individual_type_description__builder.hpp
[4.144s] -- Up-to-date: /home/rassito/microros_ws/install/type_description_interfaces/include/type_description_interfaces/type_description_interfaces/msg/detail/field_type__type_support.hpp
[4.144s] -- Up-to-date: /home/rassito/microros_ws/install/type_description_interfaces/include/type_description_interfaces/type_description_interfaces/msg/detail/individual_type_description__type_support.hpp
[4.144s] -- Up-to-date: /home/rassito/microros_ws/install/type_description_interfaces/include/type_description_interfaces/type_description_interfaces/msg/detail/individual_type_description__traits.hpp
[4.144s] -- Up-to-date: /home/rassito/microros_ws/install/type_description_interfaces/include/type_description_interfaces/type_description_interfaces/msg/detail/field__traits.hpp
[4.144s] -- Up-to-date: /home/rassito/microros_ws/install/type_description_interfaces/include/type_description_interfaces/type_description_interfaces/msg/detail/field_type__builder.hpp
[4.144s] -- Up-to-date: /home/rassito/microros_ws/install/type_description_interfaces/include/type_description_interfaces/type_description_interfaces/msg/detail/key_value__traits.hpp
[4.144s] -- Up-to-date: /home/rassito/microros_ws/install/type_description_interfaces/include/type_description_interfaces/type_description_interfaces/msg/detail/field__builder.hpp
[4.144s] -- Up-to-date: /home/rassito/microros_ws/install/type_description_interfaces/include/type_description_interfaces/type_description_interfaces
[4.144s] -- Up-to-date: /home/rassito/microros_ws/install/type_description_interfaces/include/type_description_interfaces/type_description_interfaces/srv
[4.145s] -- Up-to-date: /home/rassito/microros_ws/install/type_description_interfaces/include/type_description_interfaces/type_description_interfaces/srv/detail
[4.145s] -- Up-to-date: /home/rassito/microros_ws/install/type_description_interfaces/include/type_description_interfaces/type_description_interfaces/srv/detail/get_type_description__rosidl_typesupport_fastrtps_cpp.hpp
[4.145s] -- Up-to-date: /home/rassito/microros_ws/install/type_description_interfaces/include/type_description_interfaces/type_description_interfaces/srv/detail/dds_fastrtps
[4.145s] -- Up-to-date: /home/rassito/microros_ws/install/type_description_interfaces/include/type_description_interfaces/type_description_interfaces/msg
[4.145s] -- Up-to-date: /home/rassito/microros_ws/install/type_description_interfaces/include/type_description_interfaces/type_description_interfaces/msg/rosidl_typesupport_fastrtps_cpp__visibility_control.h
[4.145s] -- Up-to-date: /home/rassito/microros_ws/install/type_description_interfaces/include/type_description_interfaces/type_description_interfaces/msg/detail
[4.145s] -- Up-to-date: /home/rassito/microros_ws/install/type_description_interfaces/include/type_description_interfaces/type_description_interfaces/msg/detail/type_source__rosidl_typesupport_fastrtps_cpp.hpp
[4.145s] -- Up-to-date: /home/rassito/microros_ws/install/type_description_interfaces/include/type_description_interfaces/type_description_interfaces/msg/detail/individual_type_description__rosidl_typesupport_fastrtps_cpp.hpp
[4.145s] -- Up-to-date: /home/rassito/microros_ws/install/type_description_interfaces/include/type_description_interfaces/type_description_interfaces/msg/detail/key_value__rosidl_typesupport_fastrtps_cpp.hpp
[4.145s] -- Up-to-date: /home/rassito/microros_ws/install/type_description_interfaces/include/type_description_interfaces/type_description_interfaces/msg/detail/type_description__rosidl_typesupport_fastrtps_cpp.hpp
[4.145s] -- Up-to-date: /home/rassito/microros_ws/install/type_description_interfaces/include/type_description_interfaces/type_description_interfaces/msg/detail/field_type__rosidl_typesupport_fastrtps_cpp.hpp
[4.145s] -- Up-to-date: /home/rassito/microros_ws/install/type_description_interfaces/include/type_description_interfaces/type_description_interfaces/msg/detail/field__rosidl_typesupport_fastrtps_cpp.hpp
[4.145s] -- Up-to-date: /home/rassito/microros_ws/install/type_description_interfaces/include/type_description_interfaces/type_description_interfaces/msg/detail/dds_fastrtps
[4.145s] -- Up-to-date: /home/rassito/microros_ws/install/type_description_interfaces/lib/libtype_description_interfaces__rosidl_typesupport_fastrtps_cpp.so
[4.145s] -- Up-to-date: /home/rassito/microros_ws/install/type_description_interfaces/include/type_description_interfaces/type_description_interfaces
[4.145s] -- Up-to-date: /home/rassito/microros_ws/install/type_description_interfaces/include/type_description_interfaces/type_description_interfaces/srv
[4.145s] -- Up-to-date: /home/rassito/microros_ws/install/type_description_interfaces/include/type_description_interfaces/type_description_interfaces/srv/detail
[4.145s] -- Up-to-date: /home/rassito/microros_ws/install/type_description_interfaces/include/type_description_interfaces/type_description_interfaces/srv/detail/get_type_description__type_support.cpp
[4.145s] -- Up-to-date: /home/rassito/microros_ws/install/type_description_interfaces/include/type_description_interfaces/type_description_interfaces/srv/detail/get_type_description__rosidl_typesupport_introspection_cpp.hpp
[4.145s] -- Up-to-date: /home/rassito/microros_ws/install/type_description_interfaces/include/type_description_interfaces/type_description_interfaces/msg
[4.145s] -- Up-to-date: /home/rassito/microros_ws/install/type_description_interfaces/include/type_description_interfaces/type_description_interfaces/msg/detail
[4.146s] -- Up-to-date: /home/rassito/microros_ws/install/type_description_interfaces/include/type_description_interfaces/type_description_interfaces/msg/detail/type_description__rosidl_typesupport_introspection_cpp.hpp
[4.146s] -- Up-to-date: /home/rassito/microros_ws/install/type_description_interfaces/include/type_description_interfaces/type_description_interfaces/msg/detail/field__rosidl_typesupport_introspection_cpp.hpp
[4.146s] -- Up-to-date: /home/rassito/microros_ws/install/type_description_interfaces/include/type_description_interfaces/type_description_interfaces/msg/detail/field__type_support.cpp
[4.146s] -- Up-to-date: /home/rassito/microros_ws/install/type_description_interfaces/include/type_description_interfaces/type_description_interfaces/msg/detail/key_value__type_support.cpp
[4.146s] -- Up-to-date: /home/rassito/microros_ws/install/type_description_interfaces/include/type_description_interfaces/type_description_interfaces/msg/detail/field_type__type_support.cpp
[4.146s] -- Up-to-date: /home/rassito/microros_ws/install/type_description_interfaces/include/type_description_interfaces/type_description_interfaces/msg/detail/type_description__type_support.cpp
[4.146s] -- Up-to-date: /home/rassito/microros_ws/install/type_description_interfaces/include/type_description_interfaces/type_description_interfaces/msg/detail/individual_type_description__type_support.cpp
[4.146s] -- Up-to-date: /home/rassito/microros_ws/install/type_description_interfaces/include/type_description_interfaces/type_description_interfaces/msg/detail/individual_type_description__rosidl_typesupport_introspection_cpp.hpp
[4.146s] -- Up-to-date: /home/rassito/microros_ws/install/type_description_interfaces/include/type_description_interfaces/type_description_interfaces/msg/detail/field_type__rosidl_typesupport_introspection_cpp.hpp
[4.146s] -- Up-to-date: /home/rassito/microros_ws/install/type_description_interfaces/include/type_description_interfaces/type_description_interfaces/msg/detail/type_source__type_support.cpp
[4.146s] -- Up-to-date: /home/rassito/microros_ws/install/type_description_interfaces/include/type_description_interfaces/type_description_interfaces/msg/detail/type_source__rosidl_typesupport_introspection_cpp.hpp
[4.146s] -- Up-to-date: /home/rassito/microros_ws/install/type_description_interfaces/include/type_description_interfaces/type_description_interfaces/msg/detail/key_value__rosidl_typesupport_introspection_cpp.hpp
[4.146s] -- Up-to-date: /home/rassito/microros_ws/install/type_description_interfaces/lib/libtype_description_interfaces__rosidl_typesupport_introspection_cpp.so
[4.146s] -- Installing: /home/rassito/microros_ws/install/type_description_interfaces/lib/libtype_description_interfaces__rosidl_typesupport_cpp.so
[4.146s] -- Set non-toolchain portion of runtime path of "/home/rassito/microros_ws/install/type_description_interfaces/lib/libtype_description_interfaces__rosidl_typesupport_cpp.so" to ""
[4.146s] -- Up-to-date: /home/rassito/microros_ws/install/type_description_interfaces/share/type_description_interfaces/environment/pythonpath.sh
[4.146s] -- Up-to-date: /home/rassito/microros_ws/install/type_description_interfaces/share/type_description_interfaces/environment/pythonpath.dsv
[4.146s] -- Up-to-date: /home/rassito/microros_ws/install/type_description_interfaces/lib/python3.12/site-packages/type_description_interfaces-2.0.2-py3.12.egg-info
[4.146s] -- Installing: /home/rassito/microros_ws/install/type_description_interfaces/lib/python3.12/site-packages/type_description_interfaces-2.0.2-py3.12.egg-info/top_level.txt
[4.146s] -- Installing: /home/rassito/microros_ws/install/type_description_interfaces/lib/python3.12/site-packages/type_description_interfaces-2.0.2-py3.12.egg-info/PKG-INFO
[4.147s] -- Installing: /home/rassito/microros_ws/install/type_description_interfaces/lib/python3.12/site-packages/type_description_interfaces-2.0.2-py3.12.egg-info/dependency_links.txt
[4.147s] -- Installing: /home/rassito/microros_ws/install/type_description_interfaces/lib/python3.12/site-packages/type_description_interfaces-2.0.2-py3.12.egg-info/SOURCES.txt
[4.147s] -- Up-to-date: /home/rassito/microros_ws/install/type_description_interfaces/lib/python3.12/site-packages/type_description_interfaces
[4.147s] -- Up-to-date: /home/rassito/microros_ws/install/type_description_interfaces/lib/python3.12/site-packages/type_description_interfaces/type_description_interfaces_s__rosidl_typesupport_microxrcedds_c.so
[4.147s] -- Up-to-date: /home/rassito/microros_ws/install/type_description_interfaces/lib/python3.12/site-packages/type_description_interfaces/_type_description_interfaces_s.ep.rosidl_typesupport_c.c
[4.147s] -- Up-to-date: /home/rassito/microros_ws/install/type_description_interfaces/lib/python3.12/site-packages/type_description_interfaces/_type_description_interfaces_s.ep.rosidl_typesupport_introspection_c.c
[4.147s] -- Installing: /home/rassito/microros_ws/install/type_description_interfaces/lib/python3.12/site-packages/type_description_interfaces/type_description_interfaces_s__rosidl_typesupport_introspection_c.so
[4.147s] -- Up-to-date: /home/rassito/microros_ws/install/type_description_interfaces/lib/python3.12/site-packages/type_description_interfaces/srv
[4.147s] -- Up-to-date: /home/rassito/microros_ws/install/type_description_interfaces/lib/python3.12/site-packages/type_description_interfaces/srv/_get_type_description.py
[4.147s] -- Up-to-date: /home/rassito/microros_ws/install/type_description_interfaces/lib/python3.12/site-packages/type_description_interfaces/srv/_get_type_description_s.c
[4.147s] -- Up-to-date: /home/rassito/microros_ws/install/type_description_interfaces/lib/python3.12/site-packages/type_description_interfaces/srv/__init__.py
[4.147s] -- Installing: /home/rassito/microros_ws/install/type_description_interfaces/lib/python3.12/site-packages/type_description_interfaces/type_description_interfaces_s__rosidl_typesupport_c.so
[4.147s] -- Up-to-date: /home/rassito/microros_ws/install/type_description_interfaces/lib/python3.12/site-packages/type_description_interfaces/_type_description_interfaces_s.ep.rosidl_typesupport_microxrcedds_c.c
[4.147s] -- Installing: /home/rassito/microros_ws/install/type_description_interfaces/lib/python3.12/site-packages/type_description_interfaces/type_description_interfaces_s__rosidl_typesupport_fastrtps_c.so
[4.147s] -- Up-to-date: /home/rassito/microros_ws/install/type_description_interfaces/lib/python3.12/site-packages/type_description_interfaces/_type_description_interfaces_s.ep.rosidl_typesupport_fastrtps_c.c
[4.147s] -- Up-to-date: /home/rassito/microros_ws/install/type_description_interfaces/lib/python3.12/site-packages/type_description_interfaces/msg
[4.147s] -- Up-to-date: /home/rassito/microros_ws/install/type_description_interfaces/lib/python3.12/site-packages/type_description_interfaces/msg/_type_description_s.c
[4.147s] -- Up-to-date: /home/rassito/microros_ws/install/type_description_interfaces/lib/python3.12/site-packages/type_description_interfaces/msg/_key_value.py
[4.147s] -- Up-to-date: /home/rassito/microros_ws/install/type_description_interfaces/lib/python3.12/site-packages/type_description_interfaces/msg/_field_type.py
[4.147s] -- Up-to-date: /home/rassito/microros_ws/install/type_description_interfaces/lib/python3.12/site-packages/type_description_interfaces/msg/_key_value_s.c
[4.148s] -- Up-to-date: /home/rassito/microros_ws/install/type_description_interfaces/lib/python3.12/site-packages/type_description_interfaces/msg/_individual_type_description_s.c
[4.148s] -- Up-to-date: /home/rassito/microros_ws/install/type_description_interfaces/lib/python3.12/site-packages/type_description_interfaces/msg/_field_s.c
[4.148s] -- Up-to-date: /home/rassito/microros_ws/install/type_description_interfaces/lib/python3.12/site-packages/type_description_interfaces/msg/_individual_type_description.py
[4.148s] -- Up-to-date: /home/rassito/microros_ws/install/type_description_interfaces/lib/python3.12/site-packages/type_description_interfaces/msg/_type_source.py
[4.148s] -- Up-to-date: /home/rassito/microros_ws/install/type_description_interfaces/lib/python3.12/site-packages/type_description_interfaces/msg/_type_source_s.c
[4.148s] -- Up-to-date: /home/rassito/microros_ws/install/type_description_interfaces/lib/python3.12/site-packages/type_description_interfaces/msg/_field.py
[4.148s] -- Up-to-date: /home/rassito/microros_ws/install/type_description_interfaces/lib/python3.12/site-packages/type_description_interfaces/msg/_field_type_s.c
[4.148s] -- Up-to-date: /home/rassito/microros_ws/install/type_description_interfaces/lib/python3.12/site-packages/type_description_interfaces/msg/_type_description.py
[4.148s] -- Up-to-date: /home/rassito/microros_ws/install/type_description_interfaces/lib/python3.12/site-packages/type_description_interfaces/msg/__init__.py
[4.148s] -- Installing: /home/rassito/microros_ws/install/type_description_interfaces/lib/python3.12/site-packages/type_description_interfaces/__init__.py
[4.175s] Listing '/home/rassito/microros_ws/install/type_description_interfaces/lib/python3.12/site-packages/type_description_interfaces'...
[4.175s] Compiling '/home/rassito/microros_ws/install/type_description_interfaces/lib/python3.12/site-packages/type_description_interfaces/__init__.py'...
[4.175s] Listing '/home/rassito/microros_ws/install/type_description_interfaces/lib/python3.12/site-packages/type_description_interfaces/msg'...
[4.175s] Listing '/home/rassito/microros_ws/install/type_description_interfaces/lib/python3.12/site-packages/type_description_interfaces/srv'...
[4.179s] -- Installing: /home/rassito/microros_ws/install/type_description_interfaces/lib/python3.12/site-packages/type_description_interfaces/type_description_interfaces_s__rosidl_typesupport_fastrtps_c.so
[4.179s] -- Set non-toolchain portion of runtime path of "/home/rassito/microros_ws/install/type_description_interfaces/lib/python3.12/site-packages/type_description_interfaces/type_description_interfaces_s__rosidl_typesupport_fastrtps_c.so" to ""
[4.179s] -- Installing: /home/rassito/microros_ws/install/type_description_interfaces/lib/python3.12/site-packages/type_description_interfaces/type_description_interfaces_s__rosidl_typesupport_introspection_c.so
[4.180s] -- Set non-toolchain portion of runtime path of "/home/rassito/microros_ws/install/type_description_interfaces/lib/python3.12/site-packages/type_description_interfaces/type_description_interfaces_s__rosidl_typesupport_introspection_c.so" to ""
[4.180s] -- Installing: /home/rassito/microros_ws/install/type_description_interfaces/lib/python3.12/site-packages/type_description_interfaces/type_description_interfaces_s__rosidl_typesupport_c.so
[4.180s] -- Set non-toolchain portion of runtime path of "/home/rassito/microros_ws/install/type_description_interfaces/lib/python3.12/site-packages/type_description_interfaces/type_description_interfaces_s__rosidl_typesupport_c.so" to ""
[4.180s] -- Installing: /home/rassito/microros_ws/install/type_description_interfaces/lib/libtype_description_interfaces__rosidl_generator_py.so
[4.181s] -- Set non-toolchain portion of runtime path of "/home/rassito/microros_ws/install/type_description_interfaces/lib/libtype_description_interfaces__rosidl_generator_py.so" to ""
[4.181s] -- Up-to-date: /home/rassito/microros_ws/install/type_description_interfaces/share/type_description_interfaces/msg/Field.idl
[4.181s] -- Up-to-date: /home/rassito/microros_ws/install/type_description_interfaces/share/type_description_interfaces/msg/FieldType.idl
[4.181s] -- Up-to-date: /home/rassito/microros_ws/install/type_description_interfaces/share/type_description_interfaces/msg/IndividualTypeDescription.idl
[4.181s] -- Up-to-date: /home/rassito/microros_ws/install/type_description_interfaces/share/type_description_interfaces/msg/KeyValue.idl
[4.181s] -- Up-to-date: /home/rassito/microros_ws/install/type_description_interfaces/share/type_description_interfaces/msg/TypeDescription.idl
[4.181s] -- Up-to-date: /home/rassito/microros_ws/install/type_description_interfaces/share/type_description_interfaces/msg/TypeSource.idl
[4.181s] -- Up-to-date: /home/rassito/microros_ws/install/type_description_interfaces/share/type_description_interfaces/srv/GetTypeDescription.idl
[4.181s] -- Up-to-date: /home/rassito/microros_ws/install/type_description_interfaces/share/type_description_interfaces/msg/Field.msg
[4.182s] -- Up-to-date: /home/rassito/microros_ws/install/type_description_interfaces/share/type_description_interfaces/msg/FieldType.msg
[4.182s] -- Up-to-date: /home/rassito/microros_ws/install/type_description_interfaces/share/type_description_interfaces/msg/IndividualTypeDescription.msg
[4.182s] -- Up-to-date: /home/rassito/microros_ws/install/type_description_interfaces/share/type_description_interfaces/msg/KeyValue.msg
[4.182s] -- Up-to-date: /home/rassito/microros_ws/install/type_description_interfaces/share/type_description_interfaces/msg/TypeDescription.msg
[4.182s] -- Up-to-date: /home/rassito/microros_ws/install/type_description_interfaces/share/type_description_interfaces/msg/TypeSource.msg
[4.182s] -- Up-to-date: /home/rassito/microros_ws/install/type_description_interfaces/share/type_description_interfaces/srv/GetTypeDescription.srv
[4.182s] -- Up-to-date: /home/rassito/microros_ws/install/type_description_interfaces/share/ament_index/resource_index/package_run_dependencies/type_description_interfaces
[4.182s] -- Installing: /home/rassito/microros_ws/install/type_description_interfaces/share/ament_index/resource_index/parent_prefix_path/type_description_interfaces
[4.182s] -- Up-to-date: /home/rassito/microros_ws/install/type_description_interfaces/share/type_description_interfaces/environment/ament_prefix_path.sh
[4.182s] -- Up-to-date: /home/rassito/microros_ws/install/type_description_interfaces/share/type_description_interfaces/environment/ament_prefix_path.dsv
[4.182s] -- Up-to-date: /home/rassito/microros_ws/install/type_description_interfaces/share/type_description_interfaces/environment/path.sh
[4.182s] -- Up-to-date: /home/rassito/microros_ws/install/type_description_interfaces/share/type_description_interfaces/environment/path.dsv
[4.182s] -- Up-to-date: /home/rassito/microros_ws/install/type_description_interfaces/share/type_description_interfaces/local_setup.bash
[4.183s] -- Up-to-date: /home/rassito/microros_ws/install/type_description_interfaces/share/type_description_interfaces/local_setup.sh
[4.183s] -- Up-to-date: /home/rassito/microros_ws/install/type_description_interfaces/share/type_description_interfaces/local_setup.zsh
[4.183s] -- Up-to-date: /home/rassito/microros_ws/install/type_description_interfaces/share/type_description_interfaces/local_setup.dsv
[4.183s] -- Installing: /home/rassito/microros_ws/install/type_description_interfaces/share/type_description_interfaces/package.dsv
[4.183s] -- Up-to-date: /home/rassito/microros_ws/install/type_description_interfaces/share/ament_index/resource_index/packages/type_description_interfaces
[4.183s] -- Up-to-date: /home/rassito/microros_ws/install/type_description_interfaces/share/type_description_interfaces/cmake/export_type_description_interfaces__rosidl_generator_cExport.cmake
[4.183s] -- Up-to-date: /home/rassito/microros_ws/install/type_description_interfaces/share/type_description_interfaces/cmake/export_type_description_interfaces__rosidl_generator_cExport-noconfig.cmake
[4.184s] -- Up-to-date: /home/rassito/microros_ws/install/type_description_interfaces/share/type_description_interfaces/cmake/export_type_description_interfaces__rosidl_typesupport_fastrtps_cExport.cmake
[4.184s] -- Up-to-date: /home/rassito/microros_ws/install/type_description_interfaces/share/type_description_interfaces/cmake/export_type_description_interfaces__rosidl_typesupport_fastrtps_cExport-noconfig.cmake
[4.185s] -- Up-to-date: /home/rassito/microros_ws/install/type_description_interfaces/share/type_description_interfaces/cmake/type_description_interfaces__rosidl_typesupport_introspection_cExport.cmake
[4.185s] -- Up-to-date: /home/rassito/microros_ws/install/type_description_interfaces/share/type_description_interfaces/cmake/type_description_interfaces__rosidl_typesupport_introspection_cExport-noconfig.cmake
[4.185s] -- Up-to-date: /home/rassito/microros_ws/install/type_description_interfaces/share/type_description_interfaces/cmake/type_description_interfaces__rosidl_typesupport_cExport.cmake
[4.185s] -- Up-to-date: /home/rassito/microros_ws/install/type_description_interfaces/share/type_description_interfaces/cmake/type_description_interfaces__rosidl_typesupport_cExport-noconfig.cmake
[4.185s] -- Up-to-date: /home/rassito/microros_ws/install/type_description_interfaces/share/type_description_interfaces/cmake/export_type_description_interfaces__rosidl_generator_cppExport.cmake
[4.185s] -- Up-to-date: /home/rassito/microros_ws/install/type_description_interfaces/share/type_description_interfaces/cmake/export_type_description_interfaces__rosidl_typesupport_fastrtps_cppExport.cmake
[4.185s] -- Up-to-date: /home/rassito/microros_ws/install/type_description_interfaces/share/type_description_interfaces/cmake/export_type_description_interfaces__rosidl_typesupport_fastrtps_cppExport-noconfig.cmake
[4.185s] -- Up-to-date: /home/rassito/microros_ws/install/type_description_interfaces/share/type_description_interfaces/cmake/type_description_interfaces__rosidl_typesupport_introspection_cppExport.cmake
[4.185s] -- Up-to-date: /home/rassito/microros_ws/install/type_description_interfaces/share/type_description_interfaces/cmake/type_description_interfaces__rosidl_typesupport_introspection_cppExport-noconfig.cmake
[4.185s] -- Up-to-date: /home/rassito/microros_ws/install/type_description_interfaces/share/type_description_interfaces/cmake/type_description_interfaces__rosidl_typesupport_cppExport.cmake
[4.185s] -- Up-to-date: /home/rassito/microros_ws/install/type_description_interfaces/share/type_description_interfaces/cmake/type_description_interfaces__rosidl_typesupport_cppExport-noconfig.cmake
[4.185s] -- Up-to-date: /home/rassito/microros_ws/install/type_description_interfaces/share/type_description_interfaces/cmake/export_type_description_interfaces__rosidl_generator_pyExport.cmake
[4.186s] -- Up-to-date: /home/rassito/microros_ws/install/type_description_interfaces/share/type_description_interfaces/cmake/export_type_description_interfaces__rosidl_generator_pyExport-noconfig.cmake
[4.186s] -- Up-to-date: /home/rassito/microros_ws/install/type_description_interfaces/share/type_description_interfaces/cmake/rosidl_cmake-extras.cmake
[4.186s] -- Up-to-date: /home/rassito/microros_ws/install/type_description_interfaces/share/type_description_interfaces/cmake/ament_cmake_export_dependencies-extras.cmake
[4.186s] -- Installing: /home/rassito/microros_ws/install/type_description_interfaces/share/type_description_interfaces/cmake/ament_cmake_export_include_directories-extras.cmake
[4.186s] -- Up-to-date: /home/rassito/microros_ws/install/type_description_interfaces/share/type_description_interfaces/cmake/ament_cmake_export_libraries-extras.cmake
[4.186s] -- Up-to-date: /home/rassito/microros_ws/install/type_description_interfaces/share/type_description_interfaces/cmake/ament_cmake_export_targets-extras.cmake
[4.186s] -- Up-to-date: /home/rassito/microros_ws/install/type_description_interfaces/share/type_description_interfaces/cmake/rosidl_cmake_export_typesupport_targets-extras.cmake
[4.186s] -- Installing: /home/rassito/microros_ws/install/type_description_interfaces/share/type_description_interfaces/cmake/rosidl_cmake_export_typesupport_libraries-extras.cmake
[4.186s] -- Up-to-date: /home/rassito/microros_ws/install/type_description_interfaces/share/type_description_interfaces/cmake/type_description_interfacesConfig.cmake
[4.186s] -- Up-to-date: /home/rassito/microros_ws/install/type_description_interfaces/share/type_description_interfaces/cmake/type_description_interfacesConfig-version.cmake
[4.186s] -- Up-to-date: /home/rassito/microros_ws/install/type_description_interfaces/share/type_description_interfaces/package.xml
[4.189s] Invoked command in '/home/rassito/microros_ws/build/type_description_interfaces' returned '0': AMENT_PREFIX_PATH=/home/rassito/microros_ws/install/service_msgs:/home/rassito/microros_ws/install/builtin_interfaces:${AMENT_PREFIX_PATH} CMAKE_PREFIX_PATH=/home/rassito/microros_ws/install/service_msgs:/home/rassito/microros_ws/install/builtin_interfaces:/opt/ros/jazzy/opt/sdformat_vendor:/opt/ros/jazzy/opt/gz_math_vendor:/opt/ros/jazzy/opt/gz_utils_vendor:/opt/ros/jazzy/opt/gz_tools_vendor:/opt/ros/jazzy/opt/gz_cmake_vendor:/home/rassito/ros_ws/install/super_pkg:/opt/ros/jazzy DEBUGINFOD_URLS=https://debuginfod.ubuntu.com LD_LIBRARY_PATH=/home/rassito/microros_ws/install/service_msgs/lib:/home/rassito/microros_ws/install/builtin_interfaces/lib:${LD_LIBRARY_PATH} PYTHONPATH=/home/rassito/microros_ws/install/service_msgs/lib/python3.12/site-packages:/home/rassito/microros_ws/install/builtin_interfaces/lib/python3.12/site-packages:${PYTHONPATH} /usr/bin/cmake --install /home/rassito/microros_ws/build/type_description_interfaces
