-- Found ament_cmake: 2.5.3 (/opt/ros/jazzy/share/ament_cmake/cmake)
-- Found Python3: /usr/bin/python3 (found version "3.12.3") found components: Interpreter 
-- Found builtin_interfaces: 2.0.2 (/home/rassito/microros_ws/install/builtin_interfaces/share/builtin_interfaces/cmake)
-- Found rosidl_generator_c: 4.6.5 (/opt/ros/jazzy/share/rosidl_generator_c/cmake)
-- Found rosidl_generator_cpp: 4.6.5 (/opt/ros/jazzy/share/rosidl_generator_cpp/cmake)
-- Using all available rosidl_typesupport_c: rosidl_typesupport_microxrcedds_c;rosidl_typesupport_fastrtps_c;rosidl_typesupport_introspection_c
-- Found rosidl_adapter: 4.6.5 (/opt/ros/jazzy/share/rosidl_adapter/cmake)
-- Using all available rosidl_typesupport_cpp: rosidl_typesupport_microxrcedds_cpp;rosidl_typesupport_fastrtps_cpp;rosidl_typesupport_introspection_cpp
-- Found rosidl_default_generators: 1.6.0 (/opt/ros/jazzy/share/rosidl_default_generators/cmake)
-- Found ament_cmake_ros: 0.12.0 (/opt/ros/jazzy/share/ament_cmake_ros/cmake)
-- Using all available rosidl_typesupport_c: rosidl_typesupport_microxrcedds_c;rosidl_typesupport_fastrtps_c;rosidl_typesupport_introspection_c
-- Using all available rosidl_typesupport_cpp: rosidl_typesupport_microxrcedds_cpp;rosidl_typesupport_fastrtps_cpp;rosidl_typesupport_introspection_cpp
-- Found python_cmake_module: 0.11.1 (/opt/ros/jazzy/share/python_cmake_module/cmake)
-- Found Python3: /usr/bin/python3 (found version "3.12.3") found components: Interpreter Development NumPy Development.Module Development.Embed 
-- Configuring done (1.6s)
-- Generating done (0.0s)
-- Build files have been written to: /home/rassito/microros_ws/build/statistics_msgs
[  1%] Built target statistics_msgs__rosidl_generator_type_description
[  3%] Built target statistics_msgs__cpp
[  3%] Built target ament_cmake_python_copy_statistics_msgs
[ 19%] Built target statistics_msgs__rosidl_generator_c
[ 21%] [34m[1mGenerating C type support dispatch for ROS interfaces[0m
[ 22%] [34m[1mGenerating C++ type support dispatch for ROS interfaces[0m
[ 24%] [32m[1mLinking CXX shared library libstatistics_msgs__rosidl_typesupport_microxrcedds_cpp.so[0m
[ 31%] Built target statistics_msgs__rosidl_typesupport_introspection_cpp
[ 33%] [32m[1mLinking C shared library libstatistics_msgs__rosidl_typesupport_microxrcedds_c.so[0m
[ 40%] Built target statistics_msgs__rosidl_typesupport_introspection_c
[ 48%] Built target statistics_msgs__rosidl_typesupport_fastrtps_c
[ 56%] Built target statistics_msgs__rosidl_typesupport_fastrtps_cpp
[ 62%] Built target statistics_msgs__rosidl_typesupport_microxrcedds_c
[ 68%] Built target statistics_msgs__rosidl_typesupport_microxrcedds_cpp
running egg_info
writing statistics_msgs.egg-info/PKG-INFO
writing dependency_links to statistics_msgs.egg-info/dependency_links.txt
writing top-level names to statistics_msgs.egg-info/top_level.txt
reading manifest file 'statistics_msgs.egg-info/SOURCES.txt'
writing manifest file 'statistics_msgs.egg-info/SOURCES.txt'
[ 68%] Built target ament_cmake_python_build_statistics_msgs_egg
[ 69%] [32mBuilding CXX object CMakeFiles/statistics_msgs__rosidl_typesupport_cpp.dir/rosidl_typesupport_cpp/statistics_msgs/msg/metrics_message__type_support.cpp.o[0m
[ 71%] [32mBuilding CXX object CMakeFiles/statistics_msgs__rosidl_typesupport_cpp.dir/rosidl_typesupport_cpp/statistics_msgs/msg/statistic_data_type__type_support.cpp.o[0m
[ 72%] [32mBuilding CXX object CMakeFiles/statistics_msgs__rosidl_typesupport_cpp.dir/rosidl_typesupport_cpp/statistics_msgs/msg/statistic_data_point__type_support.cpp.o[0m
[ 74%] [32mBuilding CXX object CMakeFiles/statistics_msgs__rosidl_typesupport_c.dir/rosidl_typesupport_c/statistics_msgs/msg/metrics_message__type_support.cpp.o[0m
[ 75%] [32mBuilding CXX object CMakeFiles/statistics_msgs__rosidl_typesupport_c.dir/rosidl_typesupport_c/statistics_msgs/msg/statistic_data_point__type_support.cpp.o[0m
[ 77%] [32mBuilding CXX object CMakeFiles/statistics_msgs__rosidl_typesupport_c.dir/rosidl_typesupport_c/statistics_msgs/msg/statistic_data_type__type_support.cpp.o[0m
[ 78%] [32m[1mLinking CXX shared library libstatistics_msgs__rosidl_typesupport_c.so[0m
[ 78%] Built target statistics_msgs__rosidl_typesupport_c
[ 80%] [32m[1mLinking CXX shared library libstatistics_msgs__rosidl_typesupport_cpp.so[0m
[ 80%] Built target statistics_msgs__rosidl_typesupport_cpp
[ 80%] Built target statistics_msgs
[ 81%] Built target statistics_msgs__py
[ 83%] [32m[1mLinking C shared library libstatistics_msgs__rosidl_generator_py.so[0m
[ 87%] Built target statistics_msgs__rosidl_generator_py
[ 89%] [32m[1mLinking C shared module rosidl_generator_py/statistics_msgs/statistics_msgs_s__rosidl_typesupport_fastrtps_c.so[0m
[ 90%] [32m[1mLinking C shared module rosidl_generator_py/statistics_msgs/statistics_msgs_s__rosidl_typesupport_microxrcedds_c.so[0m
[ 92%] [32m[1mLinking C shared module rosidl_generator_py/statistics_msgs/statistics_msgs_s__rosidl_typesupport_c.so[0m
[ 93%] [32m[1mLinking C shared module rosidl_generator_py/statistics_msgs/statistics_msgs_s__rosidl_typesupport_introspection_c.so[0m
[ 95%] Built target statistics_msgs_s__rosidl_typesupport_fastrtps_c
[ 96%] Built target statistics_msgs_s__rosidl_typesupport_introspection_c
[ 98%] Built target statistics_msgs_s__rosidl_typesupport_microxrcedds_c
[100%] Built target statistics_msgs_s__rosidl_typesupport_c
-- Install configuration: ""
-- Up-to-date: /home/rassito/microros_ws/install/statistics_msgs/share/ament_index/resource_index/rosidl_interfaces/statistics_msgs
-- Up-to-date: /home/rassito/microros_ws/install/statistics_msgs/share/statistics_msgs/msg/MetricsMessage.json
-- Up-to-date: /home/rassito/microros_ws/install/statistics_msgs/share/statistics_msgs/msg/StatisticDataPoint.json
-- Up-to-date: /home/rassito/microros_ws/install/statistics_msgs/share/statistics_msgs/msg/StatisticDataType.json
-- Up-to-date: /home/rassito/microros_ws/install/statistics_msgs/include/statistics_msgs/statistics_msgs
-- Up-to-date: /home/rassito/microros_ws/install/statistics_msgs/include/statistics_msgs/statistics_msgs/msg
-- Up-to-date: /home/rassito/microros_ws/install/statistics_msgs/include/statistics_msgs/statistics_msgs/msg/statistic_data_type.h
-- Up-to-date: /home/rassito/microros_ws/install/statistics_msgs/include/statistics_msgs/statistics_msgs/msg/metrics_message.h
-- Up-to-date: /home/rassito/microros_ws/install/statistics_msgs/include/statistics_msgs/statistics_msgs/msg/statistic_data_point.h
-- Up-to-date: /home/rassito/microros_ws/install/statistics_msgs/include/statistics_msgs/statistics_msgs/msg/detail
-- Up-to-date: /home/rassito/microros_ws/install/statistics_msgs/include/statistics_msgs/statistics_msgs/msg/detail/statistic_data_type__description.c
-- Up-to-date: /home/rassito/microros_ws/install/statistics_msgs/include/statistics_msgs/statistics_msgs/msg/detail/metrics_message__type_support.h
-- Up-to-date: /home/rassito/microros_ws/install/statistics_msgs/include/statistics_msgs/statistics_msgs/msg/detail/statistic_data_type__functions.c
-- Up-to-date: /home/rassito/microros_ws/install/statistics_msgs/include/statistics_msgs/statistics_msgs/msg/detail/statistic_data_point__type_support.h
-- Up-to-date: /home/rassito/microros_ws/install/statistics_msgs/include/statistics_msgs/statistics_msgs/msg/detail/metrics_message__functions.c
-- Up-to-date: /home/rassito/microros_ws/install/statistics_msgs/include/statistics_msgs/statistics_msgs/msg/detail/statistic_data_type__type_support.h
-- Up-to-date: /home/rassito/microros_ws/install/statistics_msgs/include/statistics_msgs/statistics_msgs/msg/detail/statistic_data_point__functions.h
-- Up-to-date: /home/rassito/microros_ws/install/statistics_msgs/include/statistics_msgs/statistics_msgs/msg/detail/metrics_message__description.c
-- Up-to-date: /home/rassito/microros_ws/install/statistics_msgs/include/statistics_msgs/statistics_msgs/msg/detail/statistic_data_point__description.c
-- Up-to-date: /home/rassito/microros_ws/install/statistics_msgs/include/statistics_msgs/statistics_msgs/msg/detail/statistic_data_type__functions.h
-- Up-to-date: /home/rassito/microros_ws/install/statistics_msgs/include/statistics_msgs/statistics_msgs/msg/detail/metrics_message__struct.h
-- Up-to-date: /home/rassito/microros_ws/install/statistics_msgs/include/statistics_msgs/statistics_msgs/msg/detail/statistic_data_type__struct.h
-- Up-to-date: /home/rassito/microros_ws/install/statistics_msgs/include/statistics_msgs/statistics_msgs/msg/detail/statistic_data_type__type_support.c
-- Up-to-date: /home/rassito/microros_ws/install/statistics_msgs/include/statistics_msgs/statistics_msgs/msg/detail/metrics_message__functions.h
-- Installing: /home/rassito/microros_ws/install/statistics_msgs/include/statistics_msgs/statistics_msgs/msg/detail/statistic_data_point__type_support.c
-- Up-to-date: /home/rassito/microros_ws/install/statistics_msgs/include/statistics_msgs/statistics_msgs/msg/detail/statistic_data_point__functions.c
-- Up-to-date: /home/rassito/microros_ws/install/statistics_msgs/include/statistics_msgs/statistics_msgs/msg/detail/statistic_data_point__struct.h
-- Installing: /home/rassito/microros_ws/install/statistics_msgs/include/statistics_msgs/statistics_msgs/msg/detail/metrics_message__type_support.c
-- Up-to-date: /home/rassito/microros_ws/install/statistics_msgs/include/statistics_msgs/statistics_msgs/msg/rosidl_generator_c__visibility_control.h
-- Up-to-date: /home/rassito/microros_ws/install/statistics_msgs/share/statistics_msgs/environment/library_path.sh
-- Up-to-date: /home/rassito/microros_ws/install/statistics_msgs/share/statistics_msgs/environment/library_path.dsv
-- Up-to-date: /home/rassito/microros_ws/install/statistics_msgs/lib/libstatistics_msgs__rosidl_generator_c.so
-- Up-to-date: /home/rassito/microros_ws/install/statistics_msgs/include/statistics_msgs/statistics_msgs
-- Up-to-date: /home/rassito/microros_ws/install/statistics_msgs/include/statistics_msgs/statistics_msgs/msg
-- Up-to-date: /home/rassito/microros_ws/install/statistics_msgs/include/statistics_msgs/statistics_msgs/msg/rosidl_typesupport_fastrtps_c__visibility_control.h
-- Up-to-date: /home/rassito/microros_ws/install/statistics_msgs/include/statistics_msgs/statistics_msgs/msg/detail
-- Up-to-date: /home/rassito/microros_ws/install/statistics_msgs/include/statistics_msgs/statistics_msgs/msg/detail/metrics_message__rosidl_typesupport_fastrtps_c.h
-- Up-to-date: /home/rassito/microros_ws/install/statistics_msgs/include/statistics_msgs/statistics_msgs/msg/detail/statistic_data_point__rosidl_typesupport_fastrtps_c.h
-- Up-to-date: /home/rassito/microros_ws/install/statistics_msgs/include/statistics_msgs/statistics_msgs/msg/detail/statistic_data_type__rosidl_typesupport_fastrtps_c.h
-- Up-to-date: /home/rassito/microros_ws/install/statistics_msgs/lib/libstatistics_msgs__rosidl_typesupport_fastrtps_c.so
-- Up-to-date: /home/rassito/microros_ws/install/statistics_msgs/include/statistics_msgs/statistics_msgs
-- Up-to-date: /home/rassito/microros_ws/install/statistics_msgs/include/statistics_msgs/statistics_msgs/msg
-- Up-to-date: /home/rassito/microros_ws/install/statistics_msgs/include/statistics_msgs/statistics_msgs/msg/rosidl_generator_cpp__visibility_control.hpp
-- Up-to-date: /home/rassito/microros_ws/install/statistics_msgs/include/statistics_msgs/statistics_msgs/msg/statistic_data_point.hpp
-- Up-to-date: /home/rassito/microros_ws/install/statistics_msgs/include/statistics_msgs/statistics_msgs/msg/metrics_message.hpp
-- Up-to-date: /home/rassito/microros_ws/install/statistics_msgs/include/statistics_msgs/statistics_msgs/msg/statistic_data_type.hpp
-- Up-to-date: /home/rassito/microros_ws/install/statistics_msgs/include/statistics_msgs/statistics_msgs/msg/detail
-- Up-to-date: /home/rassito/microros_ws/install/statistics_msgs/include/statistics_msgs/statistics_msgs/msg/detail/statistic_data_type__struct.hpp
-- Up-to-date: /home/rassito/microros_ws/install/statistics_msgs/include/statistics_msgs/statistics_msgs/msg/detail/metrics_message__builder.hpp
-- Up-to-date: /home/rassito/microros_ws/install/statistics_msgs/include/statistics_msgs/statistics_msgs/msg/detail/metrics_message__traits.hpp
-- Up-to-date: /home/rassito/microros_ws/install/statistics_msgs/include/statistics_msgs/statistics_msgs/msg/detail/statistic_data_type__type_support.hpp
-- Up-to-date: /home/rassito/microros_ws/install/statistics_msgs/include/statistics_msgs/statistics_msgs/msg/detail/statistic_data_type__traits.hpp
-- Up-to-date: /home/rassito/microros_ws/install/statistics_msgs/include/statistics_msgs/statistics_msgs/msg/detail/metrics_message__type_support.hpp
-- Up-to-date: /home/rassito/microros_ws/install/statistics_msgs/include/statistics_msgs/statistics_msgs/msg/detail/statistic_data_point__type_support.hpp
-- Up-to-date: /home/rassito/microros_ws/install/statistics_msgs/include/statistics_msgs/statistics_msgs/msg/detail/statistic_data_point__struct.hpp
-- Up-to-date: /home/rassito/microros_ws/install/statistics_msgs/include/statistics_msgs/statistics_msgs/msg/detail/statistic_data_type__builder.hpp
-- Up-to-date: /home/rassito/microros_ws/install/statistics_msgs/include/statistics_msgs/statistics_msgs/msg/detail/statistic_data_point__builder.hpp
-- Up-to-date: /home/rassito/microros_ws/install/statistics_msgs/include/statistics_msgs/statistics_msgs/msg/detail/metrics_message__struct.hpp
-- Up-to-date: /home/rassito/microros_ws/install/statistics_msgs/include/statistics_msgs/statistics_msgs/msg/detail/statistic_data_point__traits.hpp
-- Up-to-date: /home/rassito/microros_ws/install/statistics_msgs/include/statistics_msgs/statistics_msgs
-- Up-to-date: /home/rassito/microros_ws/install/statistics_msgs/include/statistics_msgs/statistics_msgs/msg
-- Up-to-date: /home/rassito/microros_ws/install/statistics_msgs/include/statistics_msgs/statistics_msgs/msg/rosidl_typesupport_fastrtps_cpp__visibility_control.h
-- Up-to-date: /home/rassito/microros_ws/install/statistics_msgs/include/statistics_msgs/statistics_msgs/msg/detail
-- Up-to-date: /home/rassito/microros_ws/install/statistics_msgs/include/statistics_msgs/statistics_msgs/msg/detail/statistic_data_type__rosidl_typesupport_fastrtps_cpp.hpp
-- Up-to-date: /home/rassito/microros_ws/install/statistics_msgs/include/statistics_msgs/statistics_msgs/msg/detail/metrics_message__rosidl_typesupport_fastrtps_cpp.hpp
-- Up-to-date: /home/rassito/microros_ws/install/statistics_msgs/include/statistics_msgs/statistics_msgs/msg/detail/statistic_data_point__rosidl_typesupport_fastrtps_cpp.hpp
-- Up-to-date: /home/rassito/microros_ws/install/statistics_msgs/include/statistics_msgs/statistics_msgs/msg/detail/dds_fastrtps
-- Up-to-date: /home/rassito/microros_ws/install/statistics_msgs/lib/libstatistics_msgs__rosidl_typesupport_fastrtps_cpp.so
-- Up-to-date: /home/rassito/microros_ws/install/statistics_msgs/include/statistics_msgs
-- Up-to-date: /home/rassito/microros_ws/install/statistics_msgs/include/statistics_msgs/msg
-- Up-to-date: /home/rassito/microros_ws/install/statistics_msgs/include/statistics_msgs/msg/detail
-- Up-to-date: /home/rassito/microros_ws/install/statistics_msgs/include/statistics_msgs/msg/detail/microxrcedds
-- Up-to-date: /home/rassito/microros_ws/install/statistics_msgs/include/statistics_msgs/msg/detail/metrics_message__rosidl_typesupport_microxrcedds_c.h
-- Up-to-date: /home/rassito/microros_ws/install/statistics_msgs/include/statistics_msgs/msg/detail/statistic_data_point__rosidl_typesupport_microxrcedds_c.h
-- Up-to-date: /home/rassito/microros_ws/install/statistics_msgs/include/statistics_msgs/msg/detail/statistic_data_type__rosidl_typesupport_microxrcedds_c.h
-- Up-to-date: /home/rassito/microros_ws/install/statistics_msgs/include/statistics_msgs/msg/rosidl_typesupport_microxrcedds_c__visibility_control.h
-- Installing: /home/rassito/microros_ws/install/statistics_msgs/lib/libstatistics_msgs__rosidl_typesupport_microxrcedds_c.so
-- Set non-toolchain portion of runtime path of "/home/rassito/microros_ws/install/statistics_msgs/lib/libstatistics_msgs__rosidl_typesupport_microxrcedds_c.so" to ""
-- Up-to-date: /home/rassito/microros_ws/install/statistics_msgs/include/statistics_msgs/statistics_msgs
-- Up-to-date: /home/rassito/microros_ws/install/statistics_msgs/include/statistics_msgs/statistics_msgs/msg
-- Up-to-date: /home/rassito/microros_ws/install/statistics_msgs/include/statistics_msgs/statistics_msgs/msg/rosidl_typesupport_introspection_c__visibility_control.h
-- Up-to-date: /home/rassito/microros_ws/install/statistics_msgs/include/statistics_msgs/statistics_msgs/msg/detail
-- Up-to-date: /home/rassito/microros_ws/install/statistics_msgs/include/statistics_msgs/statistics_msgs/msg/detail/statistic_data_type__rosidl_typesupport_introspection_c.h
-- Up-to-date: /home/rassito/microros_ws/install/statistics_msgs/include/statistics_msgs/statistics_msgs/msg/detail/statistic_data_point__rosidl_typesupport_introspection_c.h
-- Up-to-date: /home/rassito/microros_ws/install/statistics_msgs/include/statistics_msgs/statistics_msgs/msg/detail/metrics_message__rosidl_typesupport_introspection_c.h
-- Up-to-date: /home/rassito/microros_ws/install/statistics_msgs/include/statistics_msgs/statistics_msgs/msg/detail/statistic_data_type__type_support.c
-- Installing: /home/rassito/microros_ws/install/statistics_msgs/include/statistics_msgs/statistics_msgs/msg/detail/statistic_data_point__type_support.c
-- Installing: /home/rassito/microros_ws/install/statistics_msgs/include/statistics_msgs/statistics_msgs/msg/detail/metrics_message__type_support.c
-- Up-to-date: /home/rassito/microros_ws/install/statistics_msgs/lib/libstatistics_msgs__rosidl_typesupport_introspection_c.so
-- Installing: /home/rassito/microros_ws/install/statistics_msgs/lib/libstatistics_msgs__rosidl_typesupport_c.so
-- Set non-toolchain portion of runtime path of "/home/rassito/microros_ws/install/statistics_msgs/lib/libstatistics_msgs__rosidl_typesupport_c.so" to ""
-- Up-to-date: /home/rassito/microros_ws/install/statistics_msgs/include/statistics_msgs
-- Up-to-date: /home/rassito/microros_ws/install/statistics_msgs/include/statistics_msgs/msg
-- Up-to-date: /home/rassito/microros_ws/install/statistics_msgs/include/statistics_msgs/msg/rosidl_typesupport_microxrcedds_cpp__visibility_control.h
-- Up-to-date: /home/rassito/microros_ws/install/statistics_msgs/include/statistics_msgs/msg/detail
-- Up-to-date: /home/rassito/microros_ws/install/statistics_msgs/include/statistics_msgs/msg/detail/microxrcedds
-- Up-to-date: /home/rassito/microros_ws/install/statistics_msgs/include/statistics_msgs/msg/detail/microxrcedds/statistic_data_point__type_support_cpp.cpp
-- Up-to-date: /home/rassito/microros_ws/install/statistics_msgs/include/statistics_msgs/msg/detail/microxrcedds/statistic_data_type__type_support_cpp.cpp
-- Up-to-date: /home/rassito/microros_ws/install/statistics_msgs/include/statistics_msgs/msg/detail/microxrcedds/metrics_message__type_support_cpp.cpp
-- Up-to-date: /home/rassito/microros_ws/install/statistics_msgs/include/statistics_msgs/msg/detail/metrics_message__rosidl_typesupport_microxrcedds_cpp.hpp
-- Up-to-date: /home/rassito/microros_ws/install/statistics_msgs/include/statistics_msgs/msg/detail/statistic_data_point__rosidl_typesupport_microxrcedds_cpp.hpp
-- Up-to-date: /home/rassito/microros_ws/install/statistics_msgs/include/statistics_msgs/msg/detail/statistic_data_type__rosidl_typesupport_microxrcedds_cpp.hpp
-- Installing: /home/rassito/microros_ws/install/statistics_msgs/lib/libstatistics_msgs__rosidl_typesupport_microxrcedds_cpp.so
-- Set non-toolchain portion of runtime path of "/home/rassito/microros_ws/install/statistics_msgs/lib/libstatistics_msgs__rosidl_typesupport_microxrcedds_cpp.so" to ""
-- Up-to-date: /home/rassito/microros_ws/install/statistics_msgs/include/statistics_msgs/statistics_msgs
-- Up-to-date: /home/rassito/microros_ws/install/statistics_msgs/include/statistics_msgs/statistics_msgs/msg
-- Up-to-date: /home/rassito/microros_ws/install/statistics_msgs/include/statistics_msgs/statistics_msgs/msg/detail
-- Up-to-date: /home/rassito/microros_ws/install/statistics_msgs/include/statistics_msgs/statistics_msgs/msg/detail/statistic_data_type__rosidl_typesupport_introspection_cpp.hpp
-- Up-to-date: /home/rassito/microros_ws/install/statistics_msgs/include/statistics_msgs/statistics_msgs/msg/detail/metrics_message__type_support.cpp
-- Up-to-date: /home/rassito/microros_ws/install/statistics_msgs/include/statistics_msgs/statistics_msgs/msg/detail/metrics_message__rosidl_typesupport_introspection_cpp.hpp
-- Up-to-date: /home/rassito/microros_ws/install/statistics_msgs/include/statistics_msgs/statistics_msgs/msg/detail/statistic_data_point__rosidl_typesupport_introspection_cpp.hpp
-- Up-to-date: /home/rassito/microros_ws/install/statistics_msgs/include/statistics_msgs/statistics_msgs/msg/detail/statistic_data_type__type_support.cpp
-- Up-to-date: /home/rassito/microros_ws/install/statistics_msgs/include/statistics_msgs/statistics_msgs/msg/detail/statistic_data_point__type_support.cpp
-- Up-to-date: /home/rassito/microros_ws/install/statistics_msgs/lib/libstatistics_msgs__rosidl_typesupport_introspection_cpp.so
-- Installing: /home/rassito/microros_ws/install/statistics_msgs/lib/libstatistics_msgs__rosidl_typesupport_cpp.so
-- Set non-toolchain portion of runtime path of "/home/rassito/microros_ws/install/statistics_msgs/lib/libstatistics_msgs__rosidl_typesupport_cpp.so" to ""
-- Up-to-date: /home/rassito/microros_ws/install/statistics_msgs/share/statistics_msgs/environment/pythonpath.sh
-- Up-to-date: /home/rassito/microros_ws/install/statistics_msgs/share/statistics_msgs/environment/pythonpath.dsv
-- Up-to-date: /home/rassito/microros_ws/install/statistics_msgs/lib/python3.12/site-packages/statistics_msgs-2.0.2-py3.12.egg-info
-- Installing: /home/rassito/microros_ws/install/statistics_msgs/lib/python3.12/site-packages/statistics_msgs-2.0.2-py3.12.egg-info/top_level.txt
-- Installing: /home/rassito/microros_ws/install/statistics_msgs/lib/python3.12/site-packages/statistics_msgs-2.0.2-py3.12.egg-info/PKG-INFO
-- Installing: /home/rassito/microros_ws/install/statistics_msgs/lib/python3.12/site-packages/statistics_msgs-2.0.2-py3.12.egg-info/dependency_links.txt
-- Installing: /home/rassito/microros_ws/install/statistics_msgs/lib/python3.12/site-packages/statistics_msgs-2.0.2-py3.12.egg-info/SOURCES.txt
-- Up-to-date: /home/rassito/microros_ws/install/statistics_msgs/lib/python3.12/site-packages/statistics_msgs
-- Up-to-date: /home/rassito/microros_ws/install/statistics_msgs/lib/python3.12/site-packages/statistics_msgs/_statistics_msgs_s.ep.rosidl_typesupport_microxrcedds_c.c
-- Up-to-date: /home/rassito/microros_ws/install/statistics_msgs/lib/python3.12/site-packages/statistics_msgs/_statistics_msgs_s.ep.rosidl_typesupport_introspection_c.c
-- Installing: /home/rassito/microros_ws/install/statistics_msgs/lib/python3.12/site-packages/statistics_msgs/statistics_msgs_s__rosidl_typesupport_microxrcedds_c.so
-- Installing: /home/rassito/microros_ws/install/statistics_msgs/lib/python3.12/site-packages/statistics_msgs/statistics_msgs_s__rosidl_typesupport_c.so
-- Up-to-date: /home/rassito/microros_ws/install/statistics_msgs/lib/python3.12/site-packages/statistics_msgs/_statistics_msgs_s.ep.rosidl_typesupport_fastrtps_c.c
-- Installing: /home/rassito/microros_ws/install/statistics_msgs/lib/python3.12/site-packages/statistics_msgs/statistics_msgs_s__rosidl_typesupport_fastrtps_c.so
-- Up-to-date: /home/rassito/microros_ws/install/statistics_msgs/lib/python3.12/site-packages/statistics_msgs/msg
-- Up-to-date: /home/rassito/microros_ws/install/statistics_msgs/lib/python3.12/site-packages/statistics_msgs/msg/_metrics_message_s.c
-- Up-to-date: /home/rassito/microros_ws/install/statistics_msgs/lib/python3.12/site-packages/statistics_msgs/msg/_statistic_data_point_s.c
-- Up-to-date: /home/rassito/microros_ws/install/statistics_msgs/lib/python3.12/site-packages/statistics_msgs/msg/_statistic_data_point.py
-- Up-to-date: /home/rassito/microros_ws/install/statistics_msgs/lib/python3.12/site-packages/statistics_msgs/msg/_metrics_message.py
-- Up-to-date: /home/rassito/microros_ws/install/statistics_msgs/lib/python3.12/site-packages/statistics_msgs/msg/_statistic_data_type_s.c
-- Up-to-date: /home/rassito/microros_ws/install/statistics_msgs/lib/python3.12/site-packages/statistics_msgs/msg/_statistic_data_type.py
-- Up-to-date: /home/rassito/microros_ws/install/statistics_msgs/lib/python3.12/site-packages/statistics_msgs/msg/__init__.py
-- Installing: /home/rassito/microros_ws/install/statistics_msgs/lib/python3.12/site-packages/statistics_msgs/statistics_msgs_s__rosidl_typesupport_introspection_c.so
-- Installing: /home/rassito/microros_ws/install/statistics_msgs/lib/python3.12/site-packages/statistics_msgs/__init__.py
-- Up-to-date: /home/rassito/microros_ws/install/statistics_msgs/lib/python3.12/site-packages/statistics_msgs/_statistics_msgs_s.ep.rosidl_typesupport_c.c
Listing '/home/rassito/microros_ws/install/statistics_msgs/lib/python3.12/site-packages/statistics_msgs'...
Compiling '/home/rassito/microros_ws/install/statistics_msgs/lib/python3.12/site-packages/statistics_msgs/__init__.py'...
Listing '/home/rassito/microros_ws/install/statistics_msgs/lib/python3.12/site-packages/statistics_msgs/msg'...
-- Installing: /home/rassito/microros_ws/install/statistics_msgs/lib/python3.12/site-packages/statistics_msgs/statistics_msgs_s__rosidl_typesupport_microxrcedds_c.so
-- Set non-toolchain portion of runtime path of "/home/rassito/microros_ws/install/statistics_msgs/lib/python3.12/site-packages/statistics_msgs/statistics_msgs_s__rosidl_typesupport_microxrcedds_c.so" to ""
-- Installing: /home/rassito/microros_ws/install/statistics_msgs/lib/python3.12/site-packages/statistics_msgs/statistics_msgs_s__rosidl_typesupport_fastrtps_c.so
-- Set non-toolchain portion of runtime path of "/home/rassito/microros_ws/install/statistics_msgs/lib/python3.12/site-packages/statistics_msgs/statistics_msgs_s__rosidl_typesupport_fastrtps_c.so" to ""
-- Installing: /home/rassito/microros_ws/install/statistics_msgs/lib/python3.12/site-packages/statistics_msgs/statistics_msgs_s__rosidl_typesupport_introspection_c.so
-- Set non-toolchain portion of runtime path of "/home/rassito/microros_ws/install/statistics_msgs/lib/python3.12/site-packages/statistics_msgs/statistics_msgs_s__rosidl_typesupport_introspection_c.so" to ""
-- Installing: /home/rassito/microros_ws/install/statistics_msgs/lib/python3.12/site-packages/statistics_msgs/statistics_msgs_s__rosidl_typesupport_c.so
-- Set non-toolchain portion of runtime path of "/home/rassito/microros_ws/install/statistics_msgs/lib/python3.12/site-packages/statistics_msgs/statistics_msgs_s__rosidl_typesupport_c.so" to ""
-- Installing: /home/rassito/microros_ws/install/statistics_msgs/lib/libstatistics_msgs__rosidl_generator_py.so
-- Set non-toolchain portion of runtime path of "/home/rassito/microros_ws/install/statistics_msgs/lib/libstatistics_msgs__rosidl_generator_py.so" to ""
-- Up-to-date: /home/rassito/microros_ws/install/statistics_msgs/share/statistics_msgs/msg/MetricsMessage.idl
-- Up-to-date: /home/rassito/microros_ws/install/statistics_msgs/share/statistics_msgs/msg/StatisticDataPoint.idl
-- Up-to-date: /home/rassito/microros_ws/install/statistics_msgs/share/statistics_msgs/msg/StatisticDataType.idl
-- Up-to-date: /home/rassito/microros_ws/install/statistics_msgs/share/statistics_msgs/msg/MetricsMessage.msg
-- Up-to-date: /home/rassito/microros_ws/install/statistics_msgs/share/statistics_msgs/msg/StatisticDataPoint.msg
-- Up-to-date: /home/rassito/microros_ws/install/statistics_msgs/share/statistics_msgs/msg/StatisticDataType.msg
-- Up-to-date: /home/rassito/microros_ws/install/statistics_msgs/share/ament_index/resource_index/package_run_dependencies/statistics_msgs
-- Installing: /home/rassito/microros_ws/install/statistics_msgs/share/ament_index/resource_index/parent_prefix_path/statistics_msgs
-- Up-to-date: /home/rassito/microros_ws/install/statistics_msgs/share/statistics_msgs/environment/ament_prefix_path.sh
-- Up-to-date: /home/rassito/microros_ws/install/statistics_msgs/share/statistics_msgs/environment/ament_prefix_path.dsv
-- Up-to-date: /home/rassito/microros_ws/install/statistics_msgs/share/statistics_msgs/environment/path.sh
-- Up-to-date: /home/rassito/microros_ws/install/statistics_msgs/share/statistics_msgs/environment/path.dsv
-- Up-to-date: /home/rassito/microros_ws/install/statistics_msgs/share/statistics_msgs/local_setup.bash
-- Up-to-date: /home/rassito/microros_ws/install/statistics_msgs/share/statistics_msgs/local_setup.sh
-- Up-to-date: /home/rassito/microros_ws/install/statistics_msgs/share/statistics_msgs/local_setup.zsh
-- Up-to-date: /home/rassito/microros_ws/install/statistics_msgs/share/statistics_msgs/local_setup.dsv
-- Installing: /home/rassito/microros_ws/install/statistics_msgs/share/statistics_msgs/package.dsv
-- Up-to-date: /home/rassito/microros_ws/install/statistics_msgs/share/ament_index/resource_index/packages/statistics_msgs
-- Up-to-date: /home/rassito/microros_ws/install/statistics_msgs/share/statistics_msgs/cmake/export_statistics_msgs__rosidl_generator_cExport.cmake
-- Up-to-date: /home/rassito/microros_ws/install/statistics_msgs/share/statistics_msgs/cmake/export_statistics_msgs__rosidl_generator_cExport-noconfig.cmake
-- Up-to-date: /home/rassito/microros_ws/install/statistics_msgs/share/statistics_msgs/cmake/export_statistics_msgs__rosidl_typesupport_fastrtps_cExport.cmake
-- Up-to-date: /home/rassito/microros_ws/install/statistics_msgs/share/statistics_msgs/cmake/export_statistics_msgs__rosidl_typesupport_fastrtps_cExport-noconfig.cmake
-- Up-to-date: /home/rassito/microros_ws/install/statistics_msgs/share/statistics_msgs/cmake/export_statistics_msgs__rosidl_generator_cppExport.cmake
-- Up-to-date: /home/rassito/microros_ws/install/statistics_msgs/share/statistics_msgs/cmake/export_statistics_msgs__rosidl_typesupport_fastrtps_cppExport.cmake
-- Up-to-date: /home/rassito/microros_ws/install/statistics_msgs/share/statistics_msgs/cmake/export_statistics_msgs__rosidl_typesupport_fastrtps_cppExport-noconfig.cmake
-- Up-to-date: /home/rassito/microros_ws/install/statistics_msgs/share/statistics_msgs/cmake/statistics_msgs__rosidl_typesupport_introspection_cExport.cmake
-- Up-to-date: /home/rassito/microros_ws/install/statistics_msgs/share/statistics_msgs/cmake/statistics_msgs__rosidl_typesupport_introspection_cExport-noconfig.cmake
-- Up-to-date: /home/rassito/microros_ws/install/statistics_msgs/share/statistics_msgs/cmake/statistics_msgs__rosidl_typesupport_cExport.cmake
-- Up-to-date: /home/rassito/microros_ws/install/statistics_msgs/share/statistics_msgs/cmake/statistics_msgs__rosidl_typesupport_cExport-noconfig.cmake
-- Up-to-date: /home/rassito/microros_ws/install/statistics_msgs/share/statistics_msgs/cmake/statistics_msgs__rosidl_typesupport_introspection_cppExport.cmake
-- Up-to-date: /home/rassito/microros_ws/install/statistics_msgs/share/statistics_msgs/cmake/statistics_msgs__rosidl_typesupport_introspection_cppExport-noconfig.cmake
-- Up-to-date: /home/rassito/microros_ws/install/statistics_msgs/share/statistics_msgs/cmake/statistics_msgs__rosidl_typesupport_cppExport.cmake
-- Up-to-date: /home/rassito/microros_ws/install/statistics_msgs/share/statistics_msgs/cmake/statistics_msgs__rosidl_typesupport_cppExport-noconfig.cmake
-- Up-to-date: /home/rassito/microros_ws/install/statistics_msgs/share/statistics_msgs/cmake/export_statistics_msgs__rosidl_generator_pyExport.cmake
-- Up-to-date: /home/rassito/microros_ws/install/statistics_msgs/share/statistics_msgs/cmake/export_statistics_msgs__rosidl_generator_pyExport-noconfig.cmake
-- Up-to-date: /home/rassito/microros_ws/install/statistics_msgs/share/statistics_msgs/cmake/rosidl_cmake-extras.cmake
-- Up-to-date: /home/rassito/microros_ws/install/statistics_msgs/share/statistics_msgs/cmake/ament_cmake_export_dependencies-extras.cmake
-- Installing: /home/rassito/microros_ws/install/statistics_msgs/share/statistics_msgs/cmake/ament_cmake_export_include_directories-extras.cmake
-- Up-to-date: /home/rassito/microros_ws/install/statistics_msgs/share/statistics_msgs/cmake/ament_cmake_export_libraries-extras.cmake
-- Up-to-date: /home/rassito/microros_ws/install/statistics_msgs/share/statistics_msgs/cmake/ament_cmake_export_targets-extras.cmake
-- Up-to-date: /home/rassito/microros_ws/install/statistics_msgs/share/statistics_msgs/cmake/rosidl_cmake_export_typesupport_targets-extras.cmake
-- Installing: /home/rassito/microros_ws/install/statistics_msgs/share/statistics_msgs/cmake/rosidl_cmake_export_typesupport_libraries-extras.cmake
-- Up-to-date: /home/rassito/microros_ws/install/statistics_msgs/share/statistics_msgs/cmake/statistics_msgsConfig.cmake
-- Up-to-date: /home/rassito/microros_ws/install/statistics_msgs/share/statistics_msgs/cmake/statistics_msgsConfig-version.cmake
-- Up-to-date: /home/rassito/microros_ws/install/statistics_msgs/share/statistics_msgs/package.xml
