[0.028s] Invoking command in '/home/rassito/microros_ws/build/micro_ros_utilities': CMAKE_PREFIX_PATH=${CMAKE_PREFIX_PATH}:/home/rassito/microros_ws/install/sensor_msgs_py:/home/rassito/ros_ws/install/super_pkg:/opt/ros/jazzy DEBUGINFOD_URLS=https://debuginfod.ubuntu.com /usr/bin/cmake --build /home/rassito/microros_ws/build/micro_ros_utilities -- -j16 -l16
[0.072s] [100%] Built target micro_ros_utilities
[0.143s] Invoked command in '/home/rassito/microros_ws/build/micro_ros_utilities' returned '0': CMAKE_PREFIX_PATH=${CMAKE_PREFIX_PATH}:/home/rassito/microros_ws/install/sensor_msgs_py:/home/rassito/ros_ws/install/super_pkg:/opt/ros/jazzy DEBUGINFOD_URLS=https://debuginfod.ubuntu.com /usr/bin/cmake --build /home/rassito/microros_ws/build/micro_ros_utilities -- -j16 -l16
[0.143s] Invoking command in '/home/rassito/microros_ws/build/micro_ros_utilities': CMAKE_PREFIX_PATH=${CMAKE_PREFIX_PATH}:/home/rassito/microros_ws/install/sensor_msgs_py:/home/rassito/ros_ws/install/super_pkg:/opt/ros/jazzy DEBUGINFOD_URLS=https://debuginfod.ubuntu.com /usr/bin/cmake --install /home/rassito/microros_ws/build/micro_ros_utilities
[0.153s] -- Install configuration: ""
[0.153s] -- Up-to-date: /home/rassito/microros_ws/install/micro_ros_utilities/include
[0.153s] -- Up-to-date: /home/rassito/microros_ws/install/micro_ros_utilities/include/micro_ros_utilities
[0.153s] -- Up-to-date: /home/rassito/microros_ws/install/micro_ros_utilities/include/micro_ros_utilities/string_utilities.h
[0.153s] -- Up-to-date: /home/rassito/microros_ws/install/micro_ros_utilities/include/micro_ros_utilities/visibility_control.h
[0.153s] -- Up-to-date: /home/rassito/microros_ws/install/micro_ros_utilities/include/micro_ros_utilities/type_utilities.h
[0.153s] -- Up-to-date: /home/rassito/microros_ws/install/micro_ros_utilities/lib/libmicro_ros_utilities.so
[0.153s] -- Up-to-date: /home/rassito/microros_ws/install/micro_ros_utilities/share/micro_ros_utilities/environment/library_path.sh
[0.153s] -- Up-to-date: /home/rassito/microros_ws/install/micro_ros_utilities/share/micro_ros_utilities/environment/library_path.dsv
[0.153s] -- Up-to-date: /home/rassito/microros_ws/install/micro_ros_utilities/share/ament_index/resource_index/package_run_dependencies/micro_ros_utilities
[0.153s] -- Up-to-date: /home/rassito/microros_ws/install/micro_ros_utilities/share/ament_index/resource_index/parent_prefix_path/micro_ros_utilities
[0.153s] -- Up-to-date: /home/rassito/microros_ws/install/micro_ros_utilities/share/micro_ros_utilities/environment/ament_prefix_path.sh
[0.153s] -- Up-to-date: /home/rassito/microros_ws/install/micro_ros_utilities/share/micro_ros_utilities/environment/ament_prefix_path.dsv
[0.154s] -- Up-to-date: /home/rassito/microros_ws/install/micro_ros_utilities/share/micro_ros_utilities/environment/path.sh
[0.154s] -- Up-to-date: /home/rassito/microros_ws/install/micro_ros_utilities/share/micro_ros_utilities/environment/path.dsv
[0.154s] -- Up-to-date: /home/rassito/microros_ws/install/micro_ros_utilities/share/micro_ros_utilities/local_setup.bash
[0.154s] -- Up-to-date: /home/rassito/microros_ws/install/micro_ros_utilities/share/micro_ros_utilities/local_setup.sh
[0.154s] -- Up-to-date: /home/rassito/microros_ws/install/micro_ros_utilities/share/micro_ros_utilities/local_setup.zsh
[0.154s] -- Up-to-date: /home/rassito/microros_ws/install/micro_ros_utilities/share/micro_ros_utilities/local_setup.dsv
[0.154s] -- Installing: /home/rassito/microros_ws/install/micro_ros_utilities/share/micro_ros_utilities/package.dsv
[0.154s] -- Up-to-date: /home/rassito/microros_ws/install/micro_ros_utilities/share/ament_index/resource_index/packages/micro_ros_utilities
[0.157s] -- Up-to-date: /home/rassito/microros_ws/install/micro_ros_utilities/share/micro_ros_utilities/cmake/ament_cmake_export_include_directories-extras.cmake
[0.158s] -- Up-to-date: /home/rassito/microros_ws/install/micro_ros_utilities/share/micro_ros_utilities/cmake/ament_cmake_export_libraries-extras.cmake
[0.158s] -- Up-to-date: /home/rassito/microros_ws/install/micro_ros_utilities/share/micro_ros_utilities/cmake/ament_cmake_export_dependencies-extras.cmake
[0.158s] -- Up-to-date: /home/rassito/microros_ws/install/micro_ros_utilities/share/micro_ros_utilities/cmake/micro_ros_utilitiesConfig.cmake
[0.158s] -- Up-to-date: /home/rassito/microros_ws/install/micro_ros_utilities/share/micro_ros_utilities/cmake/micro_ros_utilitiesConfig-version.cmake
[0.158s] -- Up-to-date: /home/rassito/microros_ws/install/micro_ros_utilities/share/micro_ros_utilities/package.xml
[0.198s] Invoked command in '/home/rassito/microros_ws/build/micro_ros_utilities' returned '0': CMAKE_PREFIX_PATH=${CMAKE_PREFIX_PATH}:/home/rassito/microros_ws/install/sensor_msgs_py:/home/rassito/ros_ws/install/super_pkg:/opt/ros/jazzy DEBUGINFOD_URLS=https://debuginfod.ubuntu.com /usr/bin/cmake --install /home/rassito/microros_ws/build/micro_ros_utilities
